0.0	41.872368	120	0	0.030504	0.013744
0.12899994850158691	17.457528	120	0	0.045945	0.013744
0.45400023460388184	34.699936	132	0	0.022244	0.013744
0.7120001316070557	34.334312	142	0	0.036804	0.013744
0.9310002326965332	44.597168	140	0	0.02525	0.013744
1.2579998970031738	17.178904	140	0	0.02539	0.01371
1.564000129699707	29.1966	136	0	0.025653	0.01371
1.8280000686645508	21.162328	132	0	0.034111	0.01371
2.070000171661377	39.7236	138	14	0.023031	0.01371
3.3590002059936523	43.931456	136	0	0.027444	0.01371
5.359000205993652	27.498232	134	0	0.041195	0.013103
7.367000102996826	16.721344	134	0	0.039972	0.013103
9.360000133514404	19.161704	126	0	0.021759	0.013103
11.361999988555908	11.285624	90	0	0.034403	0.013103
13.361000061035156	13.2804	86	0	0.030989	0.013103
15.361999988555908	18.910736	88	0	0.043166	0.013103
17.369999885559082	12.651496	78	0	0.026897	0.012587
19.361999988555908	16.902352	88	0	0.030472	0.012587
21.36899995803833	26.22168	88	0	0.022009	0.012587
23.361999988555908	27.601632	96	0	0.018308	0.012587
25.401999950408936	19.766512	100	0	0.026381	0.012587
27.359000205993652	28.939272	114	0	0.027173	0.012587
29.374000310897827	10.279632	78	0	0.034025	0.012587
31.366000175476074	12.04884	82	0	0.048027	0.012587
33.36400008201599	7.150768	86	0	0.051631	0.012587
36.360000133514404	11.544632	86	0	0.036389	0.012587
38.40499997138977	32.269504	92	0	0.017936	0.012587
40.371999979019165	9.952656	96	0	0.029166	0.012587
42.367000102996826	30.947696	92	0	0.029945	0.012587
44.38000011444092	6.127448	80	0	0.036214	0.012587
46.36899995803833	20.093384	60	0	0.025068	0.012587
48.36199998855591	16.470112	58	0	0.022767	0.012587
50.371999979019165	26.085128	66	0	0.021858	0.012587
52.36400008201599	10.364232	74	0	0.028462	0.012587
54.36800003051758	17.823688	84	0	0.032053	0.012587
56.4060001373291	21.428648	96	0	0.027134	0.012587
58.36899995803833	17.967496	94	0	0.032802	0.012587
60.41700005531311	18.225	104	0	0.027909	0.012587
62.367000102996826	26.714344	90	0	0.021329	0.012587
64.37100005149841	11.394504	90	0	0.031957	0.012587
66.38700008392334	29.460784	120	0	0.027187	0.012587
68.36199998855591	18.340864	118	0	0.067935	0.012587
70.36500000953674	19.144864	136	0	0.029566	0.012587
72.37400031089783	16.204296	138	0	0.02894	0.012587
74.36600017547607	39.10528	150	0	0.033408	0.012587
76.36199998855591	22.99988	144	0	0.036059	0.012587
78.36500000953674	47.561536	154	0	0.029455	0.012587
80.36500000953674	36.220536	158	0	0.041517	0.012587
82.36300015449524	34.146056	166	0	0.025819	0.012587
84.36400008201599	41.45024	178	0	0.046589	0.012587
86.37100005149841	46.347744	182	0	0.029533	0.012587
88.36700010299683	33.286272	182	0	0.031537	0.012587
90.36800003051758	34.409408	186	0	0.036316	0.012587
92.36199998855591	18.54864	185	0	0.022412	0.012587
94.37500023841858	46.74476	204	0	0.027315	0.012587
96.36300015449524	45.611528	206	0	0.035741	0.012587
98.36800003051758	48.728984	206	0	0.032718	0.012587
100.36800003051758	15.143616	164	0	0.064097	0.012587
102.38000011444092	28.631576	144	0	0.028491	0.012587
104.38000011444092	41.677832	152	0	0.02129	0.012587
106.38100004196167	27.323512	168	0	0.030462	0.012587
108.36700010299683	29.58912	170	0	0.0462	0.012587
110.3600001335144	29.58912	227	0	0.048007	0.012587
112.37199997901917	42.455848	256	0	0.045916	0.012587
114.37100005149841	49.85572	256	0	0.034655	0.012587
116.36500000953674	58.716288	216	0	0.033983	0.012587
118.3580002784729	35.123224	192	0	0.038048	0.012587
120.36400008201599	30.426568	164	0	0.033172	0.012587
122.3600001335144	5.317936	168	0	0.086456	0.012587
124.36199998855591	29.926312	166	0	0.04534	0.012587
126.36400008201599	45.817224	144	0	0.020797	0.012587
128.36300015449524	48.260552	146	0	0.027639	0.012587
130.3619999885559	20.476376	144	0	0.040128	0.012587
132.35900020599365	4.363544	140	0	0.063657	0.012587
134.3710000514984	18.029328	64	0	0.024224	0.012587
136.364000082016	12.057592	70	0	0.038163	0.012587
138.36100006103516	20.589416	76	0	0.030173	0.012587
140.3880000114441	3.826496	76	0	0.042182	0.012587
142.36500000953674	21.498816	76	0	0.022614	0.012587
144.36999988555908	27.384408	96	0	0.024707	0.012587
146.40499997138977	19.464808	86	0	0.022917	0.012587
148.37199997901917	6.803016	104	0	0.032364	0.012587
150.3970000743866	22.383216	102	0	0.02501	0.012587
152.36300015449524	28.850808	106	0	0.038142	0.012587
154.36999988555908	19.12176	112	0	0.027002	0.012587
156.37199997901917	21.814184	60	0	0.026274	0.012587
158.364000082016	16.957488	60	0	0.026443	0.012587
160.36800003051758	12.606328	56	0	0.023917	0.012587
162.385999917984	14.829048	62	0	0.021191	0.012587
164.36600017547607	7.992472	64	0	0.040794	0.012587
166.36999988555908	19.374008	64	0	0.028387	0.012587
168.36600017547607	19.374008	64	0	0.027938	0.012587
170.36999988555908	18.434744	60	0	0.032278	0.012587
172.4099998474121	13.253088	60	0	0.047581	0.012587
174.36899995803833	15.870592	74	0	0.029065	0.012587
176.37400031089783	25.290256	78	0	0.016462	0.012587
178.36700010299683	16.552968	74	0	0.0263	0.012587
180.37600016593933	6.948896	92	0	0.067306	0.012587
182.364000082016	14.95848	92	0	0.044672	0.012587
184.3710000514984	21.32684	98	0	0.031393	0.012587
186.37199997901917	25.089712	112	0	0.020844	0.012587
188.3619999885559	23.827552	116	0	0.036006	0.012587
190.37500023841858	35.006736	116	0	0.035476	0.012587
192.36999988555908	18.580408	110	0	0.037095	0.012587
194.36899995803833	28.433672	120	0	0.03833	0.012587
196.37500023841858	20.752664	120	0	0.024473	0.012587
198.3619999885559	35.88836	126	0	0.027142	0.012587
200.38100004196167	16.292208	124	0	0.027992	0.012587
202.3619999885559	25.999672	118	0	0.027323	0.012587
204.37199997901917	21.057576	118	0	0.051369	0.012587
206.364000082016	11.191432	126	0	0.02709	0.012587
208.37299990653992	27.984952	118	0	0.028756	0.012587
210.62000012397766	22.1258	98	0	0.039401	0.012587
212.61100006103516	23.995272	100	0	0.039205	0.012587
214.60899996757507	26.903048	104	0	0.040312	0.012587
216.61500024795532	20.380128	106	0	0.026599	0.012587
218.38300013542175	41.07052	112	0	0.072925	0.012587
220.61100006103516	30.3526	112	0	0.02957	0.012587
222.6190001964569	15.342696	110	0	0.03608	0.012587
224.61600017547607	37.899184	108	0	0.026081	0.012587
226.61700010299683	24.472072	112	0	0.02075	0.012587
228.62200021743774	34.87816	108	0	0.045697	0.012587
230.61400032043457	26.933568	112	0	0.032959	0.012587
232.4190001487732	25.073536	108	0	0.023649	0.012587
234.61700010299683	25.073536	104	0	0.031764	0.012587
236.61299991607666	20.475024	212	0	0.11674	0.012587
238.60899996757507	10.736064	82	0	0.046247	0.012587
240.6119999885559	14.923448	80	0	0.044704	0.012587
242.6119999885559	28.192376	88	0	0.032144	0.012587
244.61400032043457	19.455856	84	0	0.026479	0.012587
246.61600017547607	11.350824	80	0	0.041634	0.012587
248.6119999885559	10.250752	78	0	0.029545	0.012587
250.6289999485016	19.569776	82	0	0.021352	0.012587
252.63300013542175	18.804128	81	0	0.0284	0.012587
254.64800000190735	11.18556	76	0	0.04409	0.012587
256.6119999885559	28.828336	76	0	0.019635	0.012587
258.6210000514984	25.31248	78	0	0.01808	0.012587
260.6180000305176	35.494856	112	0	0.020377	0.012587
262.6470000743866	18.260624	108	0	0.031335	0.012587
264.6150002479553	14.643032	108	0	0.022426	0.012587
266.6270000934601	11.485368	110	0	0.037399	0.012587
268.61400032043457	8.31404	82	0	0.029555	0.012587
270.6160001754761	37.744592	100	0	0.019831	0.012587
272.61400032043457	26.100552	104	0	0.024263	0.012587
274.6659998893738	28.462472	112	0	0.027934	0.012587
276.62200021743774	31.036784	112	0	0.025856	0.012587
278.6119999885559	15.852872	110	0	0.050322	0.012587
280.6150002479553	24.913288	146	0	0.021987	0.012587
282.62400007247925	26.597944	146	0	0.035335	0.012587
284.6160001754761	41.023424	148	0	0.025687	0.012587
286.6300001144409	36.944184	146	0	0.028178	0.012587
288.6180000305176	50.46116	152	0	0.029406	0.012587
290.6230001449585	38.361112	138	0	0.029333	0.012587
292.6099998950958	11.903216	132	0	0.078061	0.012587
294.61400032043457	17.376248	132	0	0.036289	0.012587
296.6150002479553	46.197856	136	0	0.020103	0.012587
298.67400002479553	48.635328	132	0	0.023296	0.012587
300.6170001029968	31.169088	202	0	0.037967	0.012587
302.63800024986267	33.14356	128	0	0.033667	0.012587
304.6119999885559	38.5186	132	0	0.022907	0.012587
306.6150002479553	19.260728	108	0	0.025342	0.012587
308.6119999885559	31.053504	112	0	0.029019	0.012587
310.6089999675751	27.278032	108	0	0.026413	0.012587
312.61299991607666	21.010816	110	0	0.020836	0.012587
314.6160001754761	39.159248	110	0	0.025359	0.012587
316.6150002479553	20.031728	108	0	0.03041	0.012587
318.6170001029968	27.960344	110	0	0.023045	0.012708
320.62599992752075	30.104016	112	0	0.035861	0.012708
322.625	34.881896	112	0	0.022327	0.012708
324.61400032043457	28.199784	130	0	0.022399	0.012708
326.6230001449585	35.630904	126	0	0.026764	0.012708
328.61400032043457	37.156712	114	0	0.036213	0.012708
330.61299991607666	19.495584	130	0	0.034402	0.012708
332.6119999885559	44.964704	134	0	0.02943	0.012708
334.6160001754761	25.197096	130	0	0.024862	0.012708
336.62000012397766	14.638512	118	0	0.065252	0.012708
338.6160001754761	35.79256	120	0	0.021538	0.012708
340.6160001754761	9.998192	114	0	0.108215	0.012708
342.61400032043457	41.1354	116	0	0.022343	0.012708
344.6170001029968	27.375736	114	0	0.037087	0.012708
346.6119999885559	31.300416	132	0	0.019595	0.012708
348.6119999885559	35.304208	136	0	0.044162	0.012708
350.6150002479553	36.441664	140	0	0.034817	0.012708
352.61100006103516	20.0418	140	0	0.022481	0.012708
354.6119999885559	42.709632	118	0	0.021544	0.012708
356.6270000934601	27.058904	138	0	0.020857	0.012708
358.6160001754761	46.0062	134	0	0.027673	0.012708
360.6119999885559	28.730424	130	0	0.034359	0.012708
362.6300001144409	34.193304	134	0	0.022409	0.012708
364.6119999885559	29.768608	130	0	0.033048	0.012708
366.6160001754761	29.856656	116	0	0.024653	0.012708
368.62200021743774	35.195376	120	0	0.019384	0.012708
370.625	26.348248	118	0	0.023687	0.012708
372.6160001754761	19.1744	118	0	0.024076	0.012708
374.62200021743774	2.509816	118	0	0.043363	0.012708
376.61400032043457	12.684872	102	0	0.04108	0.012708
378.61400032043457	32.029248	100	0	0.020883	0.012708
380.6160001754761	26.427728	118	0	0.026145	0.012708
382.6150002479553	29.257136	86	0	0.024662	0.012708
384.6410000324249	11.261416	88	0	0.047334	0.012708
386.6150002479553	27.330352	84	0	0.024353	0.012708
388.62400007247925	32.43528	86	0	0.019852	0.012708
390.61299991607666	20.491824	84	0	0.025175	0.012708
392.6160001754761	9.487536	86	0	0.032116	0.012708
394.63300013542175	21.194264	92	0	0.02965	0.012708
396.6170001029968	20.181952	92	0	0.026386	0.012708
398.6289999485016	20.333184	102	0	0.021653	0.012708
400.6160001754761	5.466584	50	0	0.081899	0.012708
402.6160001754761	17.722696	54	0	0.025915	0.012708
404.6180000305176	19.524232	66	0	0.016713	0.012708
406.6170001029968	25.761592	68	0	0.025734	0.012708
408.61100006103516	12.854504	70	0	0.02939	0.012708
410.6449999809265	10.16536	70	0	0.045316	0.012708
412.6180000305176	5.989912	120	0	0.059345	0.012708
414.61299991607666	30.374328	92	0	0.02078	0.012708
416.61100006103516	21.313296	96	0	0.031595	0.012708
418.6150002479553	34.770824	98	0	0.017176	0.012708
420.6150002479553	14.10736	96	0	0.033416	0.012617
422.62200021743774	12.351808	72	0	0.031354	0.012617
424.61400032043457	18.41872	76	0	0.02514	0.012617
426.61400032043457	19.322816	78	0	0.02144	0.012617
428.6190001964569	15.794992	74	0	0.038895	0.012617
430.61100006103516	23.489952	86	0	0.029511	0.012617
432.6119999885559	28.933904	104	0	0.018787	0.012617
434.6119999885559	27.334032	104	0	0.023263	0.012617
436.6160001754761	17.21988	96	0	0.020779	0.012617
438.6270000934601	19.772808	82	0	0.036222	0.012617
440.6150002479553	31.740392	84	0	0.029647	0.012617
442.63700008392334	15.729392	82	0	0.029829	0.012617
444.6230001449585	20.557608	82	0	0.033347	0.012617
446.61100006103516	16.017552	92	0	0.036406	0.012617
448.6150002479553	24.132224	100	0	0.023347	0.012617
450.6119999885559	32.916104	100	0	0.023157	0.012617
452.61100006103516	40.997	104	0	0.0299	0.012617
454.6180000305176	30.84808	108	0	0.026379	0.012617
456.6150002479553	8.590848	104	0	0.03703	0.012617
458.625	33.312112	146	0	0.032172	0.012617
460.8729999065399	37.031864	150	0	0.028187	0.012617
462.6180000305176	24.920064	144	0	0.024287	0.012617
464.64600014686584	22.130072	130	0	0.026232	0.012617
466.86899995803833	25.872416	126	0	0.02965	0.012617
468.6300001144409	40.989408	120	0	0.023907	0.012617
470.86899995803833	43.48432	136	0	0.020681	0.012617
472.86899995803833	21.368976	132	0	0.027819	0.012617
474.864000082016	39.880488	136	0	0.021597	0.012617
476.87600016593933	24.373224	132	0	0.055822	0.012617
478.86300015449524	19.292288	132	0	0.053703	0.012617
480.89800000190735	42.035728	132	0	0.020703	0.012617
482.86500000953674	25.33356	128	0	0.04034	0.012617
484.86300015449524	18.821984	112	0	0.028577	0.012617
486.87199997901917	32.221392	104	0	0.028733	0.012617
488.86300015449524	29.864328	110	0	0.02372	0.012617
490.87000012397766	24.257528	112	0	0.021083	0.012617
492.88100004196167	19.86348	110	0	0.024106	0.012617
494.88499999046326	14.706808	108	0	0.033704	0.012617
496.864000082016	17.489304	108	0	0.029603	0.012617
498.88300013542175	14.280336	108	0	0.053747	0.012617
500.8659999370575	14.280336	108	0	0.044117	0.012617
502.86500000953674	26.233352	112	0	0.02984	0.012617
504.8729999065399	38.921088	140	0	0.033048	0.012617
506.88499999046326	39.09032	158	0	0.02946	0.012617
508.86500000953674	19.108928	156	0	0.039143	0.012617
510.864000082016	29.081432	172	0	0.04396	0.012617
512.8659999370575	60.75364	180	0	0.02516	0.012617
514.8620002269745	40.865576	186	0	0.032969	0.012617
516.8970000743866	30.115656	212	0	0.028649	0.012617
518.8800001144409	58.603616	212	0	0.02752	0.012617
520.8659999370575	58.639464	268	0	0.036637	0.012617
522.9010000228882	55.307784	204	0	0.035792	0.012617
524.8700001239777	26.449576	206	0	0.080161	0.012617
526.8710000514984	57.506704	206	0	0.026624	0.012617
528.8689999580383	46.325664	220	0	0.030732	0.012617
530.8630001544952	34.214568	220	0	0.039227	0.012617
532.8650000095367	51.785072	212	0	0.024849	0.012617
534.8719999790192	25.111832	192	0	0.039902	0.012617
536.8710000514984	36.298224	156	0	0.032277	0.012617
538.9100003242493	60.106368	170	0	0.025099	0.012617
540.864000082016	60.106368	168	0	0.031342	0.012617
542.8670001029968	24.347456	164	0	0.02632	0.012617
544.8680000305176	31.375296	138	0	0.035234	0.012617
546.864000082016	46.697056	154	0	0.025551	0.012617
548.8659999370575	46.475288	158	0	0.028017	0.012617
550.8689999580383	27.776456	148	0	0.02389	0.012617
552.8630001544952	50.08384	162	0	0.031979	0.012617
554.864000082016	51.539464	174	0	0.022931	0.012617
556.8790001869202	8.545608	114	0	0.051093	0.012617
558.8650000095367	29.266408	108	0	0.022906	0.012617
560.8650000095367	14.991032	114	0	0.035365	0.012617
562.8659999370575	28.07784	114	0	0.0287	0.012617
564.8700001239777	40.477192	128	0	0.043097	0.012617
566.8630001544952	39.296304	124	0	0.023089	0.012617
568.8710000514984	22.69272	162	0	0.033028	0.012617
570.8719999790192	38.086304	134	0	0.035081	0.012617
572.8889999389648	7.599328	110	0	0.063496	0.012617
574.8740000724792	16.644208	110	0	0.041916	0.012617
576.8620002269745	24.511264	110	0	0.029987	0.012617
578.8630001544952	28.360872	110	0	0.045808	0.012617
580.8740000724792	30.620848	114	0	0.024607	0.012617
582.8659999370575	24.447176	112	0	0.022037	0.012617
584.8750002384186	30.593936	112	0	0.021271	0.012617
586.8689999580383	34.756528	110	0	0.025673	0.012617
588.8700001239777	34.756528	110	0	0.03196	0.012617
590.864000082016	37.061456	114	0	0.025304	0.012617
592.8719999790192	27.206504	138	0	0.019426	0.012617
594.8650000095367	32.724888	142	0	0.026969	0.012617
596.8620002269745	26.087072	134	0	0.04291	0.012617
598.8630001544952	37.432496	136	0	0.040722	0.012617
600.8630001544952	30.449136	110	0	0.038316	0.012617
602.8740000724792	29.408304	112	0	0.050635	0.012617
604.8620002269745	7.280864	108	0	0.058978	0.012617
606.8650000095367	22.589888	108	0	0.027298	0.012617
608.8620002269745	34.394152	98	0	0.024621	0.012617
610.8689999580383	13.171592	106	0	0.026849	0.012617
612.8750002384186	23.443352	102	0	0.021159	0.012617
614.8650000095367	17.616456	106	0	0.026739	0.012617
616.8810000419617	26.699008	76	0	0.029079	0.012617
618.8719999790192	20.2248	90	0	0.027287	0.012617
620.904000043869	31.668544	94	0	0.028229	0.012617
622.8659999370575	11.657096	94	0	0.0654	0.012617
