0.0	5.337672	74	74	0.063291	0.03192
0.5139997005462646	9.472072	78	0	0.063852	0.03192
0.9699997901916504	9.422944	66	6	0.063704	0.03192
1.3469996452331543	9.572512	71	0	0.049683	0.03192
2.4049999713897705	8.860936	74	0	0.062593	0.03192
3.2279999256134033	4.158472	74	13	0.061158	0.0308
5.80299973487854	8.516128	72	0	0.052262	0.0308
7.48799991607666	9.074256	74	14	0.065829	0.0308
8.967000007629395	3.25824	64	0	0.058866	0.028314
10.167999982833862	8.035408	68	18	0.069359	0.028314
11.18999981880188	2.809816	72	0	0.060729	0.028314
11.999000072479248	8.687744	64	0	0.05233	0.028314
13.01099967956543	9.814704	70	12	0.069443	0.028314
13.76799988746643	5.555224	68	0	0.061778	0.028314
14.668999910354614	9.020808	68	12	0.068658	0.028314
17.66699981689453	4.11548	58	0	0.051105	0.028314
20.418999671936035	7.56272	60	0	0.057312	0.02756
22.417999744415283	9.808248	60	0	0.062304	0.02756
24.417999744415283	6.822192	68	0	0.056982	0.02756
26.418999671936035	10.021184	64	0	0.056356	0.02756
28.413999795913696	4.562896	66	0	0.059265	0.02756
30.669999837875366	2.83988	74	0	0.057345	0.02756
33.453999757766724	10.181752	70	0	0.050667	0.02756
35.23900008201599	9.264528	74	0	0.058595	0.02756
37.04199981689453	6.471712	72	27	0.078846	0.02756
38.91599988937378	9.825256	76	0	0.058932	0.02756
40.918999910354614	10.03752	76	0	0.09311	0.02756
42.91699981689453	6.939848	76	0	0.073598	0.02756
44.91799974441528	6.793464	68	0	0.070158	0.02756
47.66499996185303	9.187656	70	0	0.057135	0.02756
49.6710000038147	4.61248	72	0	0.055856	0.02756
52.66499996185303	9.948392	76	0	0.056439	0.02756
55.66599988937378	4.491048	74	0	0.058712	0.02756
57.52499985694885	5.954264	86	0	0.065075	0.02756
59.6710000038147	8.46736	86	0	0.062001	0.02756
61.669999837875366	5.718696	68	0	0.090506	0.02756
63.944000005722046	6.325496	74	25	0.102043	0.02756
65.66699981689453	9.238584	78	0	0.060769	0.02756
67.6749997138977	8.462664	64	0	0.065336	0.02756
69.68299961090088	2.859104	76	0	0.054827	0.02756
71.91899991035461	3.52292	74	0	0.056278	0.02756
73.7409999370575	10.501304	70	0	0.064209	0.02756
75.92400002479553	7.479536	72	0	0.065347	0.02756
77.91599988937378	8.420136	74	0	0.059171	0.02756
80.16700005531311	9.547248	74	0	0.056122	0.02756
82.16400003433228	8.549	74	0	0.055494	0.02756
84.16899991035461	5.476824	76	0	0.066609	0.02756
86.16700005531311	3.274896	68	0	0.050725	0.02756
88.17599987983704	8.50612	72	0	0.061735	0.02756
90.16999983787537	4.849	80	0	0.051435	0.02756
94.0550000667572	4.279632	60	38	0.105155	0.02756
96.46399998664856	3.73272	62	0	0.051427	0.02756
97.97699975967407	3.60832	58	0	0.053421	0.02756
102.59299993515015	5.55044	82	0	0.051146	0.02756
105.46799993515015	5.590424	76	0	0.07327	0.02756
107.46699976921082	4.609416	66	1	0.044311	0.02756
108.89399981498718	3.825456	74	0	0.051157	0.02756
109.74399995803833	8.580768	76	34	0.080427	0.02756
110.91999983787537	7.8746	72	0	0.07142	0.02756
112.91999983787537	4.671576	78	0	0.06642	0.02756
114.91699981689453	5.180424	80	0	0.05488	0.02756
116.91799974441528	7.40348	72	0	0.057512	0.02756
120.41699981689453	9.181952	86	0	0.064769	0.02756
123.16599988937378	6.149448	74	0	0.059114	0.02756
125.18699979782104	5.653944	76	0	0.066995	0.02756
127.16799998283386	3.526832	84	0	0.052556	0.02756
129.16599988937378	6.033504	80	0	0.057402	0.02756
131.1670000553131	8.83636	76	0	0.056058	0.02756
133.66599988937378	8.160376	70	0	0.067854	0.02756
135.52199983596802	7.280928	122	0	0.062035	0.02756
137.6729998588562	9.146272	80	0	0.066811	0.02756
139.91699981689453	9.354272	86	0	0.082064	0.02756
141.91999983787537	10.620896	74	0	0.054208	0.02756
143.91499972343445	7.88364	78	0	0.054067	0.02756
146.16799998283386	7.935264	74	0	0.064746	0.02756
148.16799998283386	4.308696	76	0	0.060726	0.02756
150.66599988937378	3.62056	72	0	0.060136	0.02756
152.66599988937378	8.446952	72	0	0.060684	0.02756
155.16899991035461	6.519072	90	0	0.061513	0.02756
157.16499996185303	8.553256	90	0	0.070186	0.02756
159.16799998283386	7.789808	82	0	0.074663	0.02756
161.0199999809265	9.837224	70	0	0.050023	0.02756
163.41899967193604	6.39392	72	0	0.083266	0.02756
165.91699981689453	4.802888	72	0	0.082703	0.02756
167.92199969291687	9.687784	74	0	0.061265	0.02756
169.91699981689453	11.676504	82	0	0.068253	0.02756
171.92899990081787	7.714072	82	0	0.075435	0.02756
173.91699981689453	3.733168	66	0	0.066386	0.02756
175.91699981689453	9.655672	72	0	0.059531	0.02756
177.91599988937378	6.035816	72	0	0.070451	0.02756
179.9139997959137	7.1594	74	0	0.050757	0.02756
181.91799974441528	10.520296	74	0	0.057461	0.02756
183.91899991035461	3.299	80	0	0.056392	0.02756
186.23799967765808	9.17608	82	4	0.074501	0.02756
188.09799981117249	5.908264	76	0	0.098446	0.02756
190.2299997806549	5.026824	74	0	0.059624	0.02756
191.91799974441528	4.382704	72	0	0.057582	0.02756
193.91999983787537	5.89696	74	0	0.062083	0.02756
195.91499972343445	11.415104	74	0	0.054993	0.02756
197.91699981689453	4.743368	74	0	0.057115	0.02756
199.91699981689453	7.373456	72	0	0.078705	0.02756
202.93299984931946	5.753384	78	0	0.057446	0.02756
204.91799974441528	4.661512	78	0	0.055099	0.02756
207.66999983787537	5.961448	78	0	0.060834	0.02756
209.66899991035461	2.64308	76	0	0.070562	0.02756
211.5829999446869	8.870792	80	11	0.069211	0.02756
213.66699981689453	6.807648	72	0	0.080876	0.02756
215.66799998283386	5.856272	78	0	0.058987	0.02756
217.66999983787537	9.339616	72	0	0.067378	0.02756
219.66699981689453	9.139512	80	0	0.077246	0.02756
221.68899989128113	8.066952	80	0	0.060619	0.02756
223.66899991035461	7.019456	76	0	0.058098	0.02756
225.66799998283386	3.236552	76	0	0.064688	0.02756
228.41999983787537	4.524576	76	0	0.053382	0.02756
230.41799974441528	4.417352	78	0	0.055571	0.02756
232.41999983787537	9.302088	74	0	0.059571	0.02756
234.41799974441528	6.35032	76	0	0.061261	0.02756
236.44299983978271	7.737136	78	0	0.062463	0.02756
238.41999983787537	9.759496	74	0	0.057416	0.02756
240.44299983978271	4.386656	78	0	0.06261	0.02756
242.42199969291687	5.01856	74	0	0.055002	0.02756
244.66599988937378	4.201344	68	0	0.057085	0.02756
246.66799998283386	6.079136	72	0	0.060508	0.02756
248.92599987983704	9.621008	64	0	0.060274	0.02756
250.91599988937378	6.549384	72	0	0.065664	0.02756
252.91599988937378	10.642664	70	0	0.058346	0.02756
254.91699981689453	5.643792	76	0	0.052959	0.02756
256.91699981689453	9.229232	68	0	0.049866	0.02756
258.9729998111725	3.553848	58	0	0.051998	0.025035
260.7739996910095	8.954712	62	0	0.064603	0.025035
262.9249999523163	8.424896	56	0	0.050924	0.025035
264.9579997062683	4.704976	62	0	0.056967	0.025035
266.9159998893738	4.618864	60	0	0.049794	0.025035
268.9179997444153	7.381856	58	0	0.051507	0.025035
270.92700004577637	8.556432	74	0	0.060547	0.025035
272.9179997444153	4.720728	80	0	0.056338	0.025035
275.66799998283386	5.267632	80	0	0.067542	0.025035
277.67399978637695	10.515032	76	0	0.059404	0.025035
279.8359999656677	7.564464	78	0	0.0761	0.025035
281.83399987220764	3.344984	84	0	0.057784	0.025035
283.8399999141693	6.431464	74	0	0.04933	0.025035
285.83799982070923	7.342608	74	0	0.066866	0.025035
287.72000002861023	11.06484	76	0	0.065613	0.025035
289.85399985313416	7.149552	68	0	0.056504	0.025035
291.8349997997284	6.175728	62	0	0.058691	0.025035
293.8419997692108	9.164408	62	0	0.055225	0.025035
295.8359999656677	9.585992	68	0	0.060023	0.025035
297.8399999141693	9.114384	68	0	0.060027	0.025035
299.8349997997284	5.470488	80	0	0.05794	0.025035
301.8369998931885	4.89568	76	0	0.058826	0.025035
303.83399987220764	2.386648	76	0	0.059797	0.025035
305.8359999656677	3.885552	82	0	0.058123	0.025035
307.83899998664856	9.800416	70	0	0.056906	0.025035
311.92599987983704	8.64716	74	14	0.074374	0.025035
315.10799980163574	10.706472	72	0	0.064597	0.025035
318.6459996700287	5.658872	72	0	0.073628	0.025035
321.69099974632263	8.5538	70	11	0.064636	0.025035
323.9839999675751	7.564256	62	0	0.056796	0.025035
326.1879999637604	9.825048	64	12	0.067039	0.025035
328.3399999141693	6.506864	60	0	0.063576	0.025035
330.9729998111725	3.802504	60	0	0.053138	0.025035
334.1969997882843	7.668704	54	2	0.071921	0.025035
336.4869999885559	4.222504	62	0	0.054831	0.025035
339.30399990081787	2.33208	62	14	0.067526	0.025035
341.72000002861023	7.9628	62	0	0.066	0.025035
343.64299964904785	6.120672	64	17	0.073127	0.025035
344.1529998779297	3.72556	64	0	0.054943	0.025035
344.96999979019165	4.067312	66	0	0.056206	0.025035
345.6929998397827	9.24268	66	23	0.065148	0.025035
346.4359998703003	5.576024	64	0	0.049215	0.025035
346.88599967956543	9.06204	58	12	0.057922	0.025035
347.396999835968	8.842672	60	0	0.055224	0.025035
347.84299969673157	10.373056	62	0	0.054605	0.025035
349.8349997997284	5.443488	64	0	0.053035	0.025035
351.8439998626709	4.527504	80	0	0.052929	0.025035
353.8349997997284	9.90368	70	0	0.061612	0.025035
355.8329999446869	4.107032	70	0	0.058171	0.025035
357.8349997997284	8.249848	78	0	0.067633	0.025035
359.8349997997284	9.308048	66	0	0.048986	0.025035
361.8359999656677	10.137984	74	0	0.057057	0.025035
363.9359998703003	3.91848	62	0	0.060777	0.025035
365.88700008392334	1.957816	42	0	0.075932	0.025035
367.8359999656677	3.042536	54	0	0.095295	0.025035
369.8349997997284	7.844032	66	0	0.052462	0.025035
371.8349997997284	9.26264	66	0	0.045309	0.025035
373.8439998626709	5.980056	66	0	0.077922	0.025035
375.8369998931885	3.829136	136	0	0.081196	0.025035
377.83399987220764	9.672776	74	0	0.055886	0.025035
379.8439998626709	8.274136	74	0	0.059209	0.025035
381.83399987220764	8.696688	80	0	0.065003	0.025035
383.83399987220764	6.987576	70	0	0.053788	0.025035
385.8329999446869	9.982968	72	0	0.059744	0.025035
387.8329999446869	9.002992	78	0	0.057903	0.025035
389.83899998664856	3.020616	78	0	0.067586	0.025035
391.8359999656677	5.975528	78	0	0.073691	0.025035
393.8369998931885	6.067624	118	0	0.061364	0.025035
395.84099984169006	9.337392	68	0	0.050859	0.025035
397.8359999656677	10.234104	72	0	0.061417	0.025035
399.8349997997284	4.557208	80	0	0.053951	0.025035
401.8349997997284	8.735176	80	0	0.067608	0.025035
403.8329999446869	8.546712	64	0	0.052863	0.025035
405.8369998931885	8.67276	66	0	0.087836	0.025035
407.84099984169006	9.552096	66	0	0.041833	0.025035
409.8359999656677	3.966464	68	0	0.051765	0.025035
411.8349997997284	8.338688	80	0	0.047691	0.025035
413.8329999446869	10.197688	76	0	0.050772	0.025035
415.8399999141693	10.303432	80	0	0.064852	0.025035
417.83200001716614	4.648648	78	0	0.05289	0.025035
419.83399987220764	10.259504	78	0	0.054798	0.025035
421.8349997997284	6.18496	76	0	0.056831	0.025035
423.8359999656677	7.617128	78	0	0.057	0.025035
425.8349997997284	7.489288	78	0	0.06648	0.025035
427.8349997997284	9.138296	74	0	0.065809	0.025035
429.84499979019165	3.252952	76	0	0.051162	0.025035
432.06199979782104	6.713272	72	0	0.086481	0.025035
433.981999874115	0.171832	56	0	0.167449	0.025035
436.0169999599457	1.52192	58	0	0.209676	0.025035
439.87999987602234	0.161672	18	0	0.310568	0.025035
443.7579998970032	1.014824	26	13	0.171365	0.025035
444.8899998664856	3.255672	50	0	0.063276	0.025035
445.3149998188019	6.706736	62	39	0.085626	0.025035
446.11499977111816	6.849768	72	0	0.054118	0.025035
447.8359999656677	10.75528	74	0	0.064995	0.025035
449.8369998931885	2.881128	80	0	0.100084	0.025035
451.84499979019165	3.617496	72	0	0.059839	0.025035
453.84299969673157	3.80304	72	0	0.054027	0.025035
455.8359999656677	8.785968	74	0	0.071184	0.025035
457.83399987220764	3.97844	74	0	0.052102	0.025035
459.8359999656677	1.805968	74	0	0.062967	0.025035
461.8349997997284	5.764608	70	0	0.046896	0.025035
463.84499979019165	6.279088	72	0	0.0511	0.025035
465.8359999656677	10.535816	72	0	0.053154	0.025035
467.84699988365173	6.564896	80	0	0.090628	0.025035
470.05599999427795	7.86912	72	0	0.057745	0.025035
472.38199973106384	3.148728	68	0	0.051868	0.025035
473.9729998111725	7.444912	66	10	0.082353	0.025035
475.8419997692108	7.399896	72	0	0.058107	0.025035
477.83399987220764	3.60168	72	0	0.05359	0.025035
479.83899998664856	2.998704	68	0	0.056645	0.025035
482.3289997577667	7.701048	60	0	0.049232	0.025035
485.59499979019165	7.266536	66	13	0.068919	0.025035
489.6019997596741	7.196792	54	0	0.064275	0.025035
492.37399983406067	8.414376	60	19	0.064451	0.025035
495.5569999217987	6.250952	70	0	0.05719	0.025035
499.38199973106384	10.693216	74	12	0.069508	0.025035
502.239000082016	8.277048	68	0	0.054199	0.025035
504.99199986457825	3.435776	72	0	0.051465	0.025035
506.4279999732971	11.143904	70	0	0.054564	0.025035
506.73299980163574	1.926632	70	0	0.060083	0.025035
509.4299998283386	8.599048	66	0	0.0681	0.025035
510.64800000190735	9.9192	64	0	0.04808	0.025035
511.63899993896484	9.132096	68	0	0.060566	0.025035
512.3809998035431	10.449936	66	21	0.064984	0.025035
512.992999792099	4.63744	70	0	0.056943	0.025035
513.5549998283386	8.584696	60	14	0.066497	0.025035
513.925999879837	10.12816	64	0	0.045587	0.025035
515.9459998607635	10.49184	68	0	0.058182	0.025035
518.8379998207092	7.21352	76	0	0.060032	0.025035
520.8359999656677	8.14608	74	0	0.065605	0.025035
522.8329999446869	4.679344	74	0	0.055151	0.025035
524.8349997997284	5.362024	74	0	0.078925	0.025035
525.9889998435974	7.744032	76	0	0.099518	0.025035
528.8359999656677	8.231456	76	0	0.057338	0.025035
530.8339998722076	9.288872	76	0	0.057963	0.025035
532.8349997997284	4.750944	76	0	0.057474	0.025035
534.8339998722076	10.226536	68	0	0.062162	0.025035
536.8349997997284	9.014648	72	0	0.0526	0.025035
537.8870000839233	3.669088	76	0	0.052082	0.025035
539.944000005722	5.933424	76	0	0.062036	0.025035
542.8369998931885	5.099856	72	0	0.050245	0.025035
543.9339997768402	7.375144	76	0	0.087302	0.025035
546.4679999351501	10.587632	72	0	0.056606	0.025035
547.9169998168945	10.2274	72	0	0.054135	0.025035
549.9179997444153	7.997144	80	0	0.097481	0.025035
551.9179997444153	8.195112	64	0	0.047608	0.025035
553.9159998893738	4.916776	76	0	0.060613	0.025035
555.9149997234344	8.868752	84	0	0.056875	0.025035
557.9179997444153	8.89696	68	0	0.055412	0.025035
559.925999879837	9.602032	68	0	0.048379	0.026607
561.9179997444153	9.834232	70	0	0.054069	0.026607
563.9199998378754	6.698016	74	0	0.080824	0.026607
565.9179997444153	10.170672	76	0	0.066318	0.026607
567.9169998168945	10.044504	70	0	0.055513	0.026607
569.9110000133514	8.19916	76	0	0.064179	0.026607
571.9379997253418	2.749912	74	0	0.062622	0.026607
573.9199998378754	10.20032	71	0	0.059189	0.026607
576.0729999542236	2.3774	76	0	0.064604	0.026607
577.9889998435974	2.162656	76	0	0.110227	0.026607
579.9169998168945	4.963672	72	0	0.053969	0.026607
581.9159998893738	4.712088	74	0	0.046042	0.026607
583.9149997234344	11.167416	78	0	0.062976	0.026607
585.9169998168945	2.877816	78	0	0.053881	0.026607
588.039999961853	9.821928	128	0	0.064456	0.026607
590.191999912262	3.727184	86	0	0.064298	0.026607
592.1679999828339	4.229816	74	0	0.052907	0.026607
594.9169998168945	8.776672	70	0	0.060559	0.026607
596.9169998168945	7.966536	78	0	0.06816	0.026607
598.9179997444153	4.922424	78	0	0.086425	0.026607
600.9209997653961	9.42952	66	0	0.0522	0.026607
603.191999912262	7.857616	66	0	0.057927	0.026607
604.809999704361	7.9112	58	0	0.062441	0.026607
606.9169998168945	6.218608	66	0	0.052343	0.026607
608.9139997959137	5.749952	72	0	0.075309	0.026607
610.9349999427795	5.390152	56	0	0.056277	0.026607
612.9189999103546	9.888704	80	0	0.059361	0.026607
614.9169998168945	4.025472	76	0	0.067218	0.026607
616.9159998893738	11.21184	78	0	0.074822	0.026607
618.9279999732971	6.309856	64	0	0.047982	0.026607
621.1679999828339	9.19696	76	0	0.054532	0.026607
623.1769998073578	10.96428	76	0	0.059732	0.026607
625.1689999103546	5.88568	78	0	0.0647	0.026607
627.1749999523163	8.645536	80	0	0.067608	0.026607
629.1769998073578	8.639112	76	0	0.060167	0.026607
631.1969997882843	4.595616	76	0	0.051711	0.026607
633.418999671936	10.831728	76	0	0.067791	0.026607
635.4179997444153	4.38464	82	0	0.057168	0.026607
637.282999753952	10.254648	72	0	0.062843	0.026607
639.4329998493195	8.432016	76	0	0.059809	0.026607
641.414999961853	3.551192	80	0	0.055228	0.026607
643.4209997653961	8.804776	64	0	0.050739	0.026607
645.4169998168945	8.578464	74	0	0.056942	0.026607
647.4179997444153	10.286312	74	0	0.060306	0.026607
649.4230000972748	7.96344	78	0	0.065258	0.026607
651.414999961853	2.958448	62	0	0.049944	0.026036
653.4159998893738	6.272776	66	0	0.066453	0.026036
655.4199998378754	5.421056	58	0	0.059295	0.026036
657.4159998893738	10.346432	62	0	0.058642	0.026036
659.4209997653961	7.291816	62	0	0.056156	0.026036
661.2739996910095	5.990976	84	0	0.065152	0.026036
663.418999671936	4.650848	70	0	0.052404	0.026036
665.2329998016357	4.267768	72	0	0.048375	0.026036
667.4169998168945	8.859568	74	0	0.059994	0.026036
669.4169998168945	9.380536	70	0	0.05873	0.026036
671.4209997653961	10.66808	72	0	0.058907	0.026036
673.4179997444153	5.825144	70	0	0.044768	0.026036
675.4169998168945	9.57964	66	0	0.055806	0.026036
677.4169998168945	9.685432	72	0	0.057404	0.026036
679.414999961853	4.74504	72	0	0.060528	0.026036
681.4199998378754	8.52364	66	0	0.090518	0.026036
683.4240000247955	8.23892	78	0	0.066147	0.026036
685.4179997444153	8.853944	66	0	0.045351	0.026036
687.4159998893738	10.015552	70	0	0.047135	0.026036
689.356999874115	8.996232	66	0	0.065565	0.026036
691.4169998168945	8.463592	62	0	0.05264	0.026036
693.4269998073578	4.582168	64	0	0.053332	0.026036
695.4219996929169	10.471552	62	0	0.059695	0.026036
697.4179997444153	4.140008	62	0	0.059467	0.026036
699.418999671936	4.684144	62	0	0.053478	0.026036
701.4179997444153	3.247248	74	0	0.054462	0.026036
703.425999879837	4.760864	72	0	0.058514	0.026036
705.418999671936	10.35772	68	0	0.057929	0.026036
707.9169998168945	9.53012	62	0	0.052342	0.026036
709.9159998893738	9.747552	66	0	0.063588	0.026036
711.9179997444153	7.768096	62	0	0.056582	0.026036
713.9179997444153	8.568792	72	0	0.069075	0.026036
715.9199998378754	9.606672	68	0	0.051323	0.026036
717.9240000247955	9.704464	80	0	0.063128	0.026036
719.9159998893738	10.243968	72	0	0.056189	0.026036
721.9169998168945	9.293744	76	0	0.067215	0.026036
723.9189999103546	6.21804	72	0	0.053126	0.026036
725.9169998168945	9.137864	82	0	0.092768	0.026036
727.9179997444153	9.51984	68	0	0.058161	0.026036
729.9179997444153	9.195912	68	0	0.059454	0.026036
731.9199998378754	3.809792	60	0	0.050597	0.025192
733.9169998168945	10.17076	58	0	0.053759	0.025192
735.9139997959137	8.415376	50	0	0.041424	0.025192
737.9149997234344	4.981888	56	0	0.044798	0.025192
739.9240000247955	9.491304	54	0	0.049882	0.025192
741.9209997653961	6.680104	70	0	0.048088	0.025192
743.925999879837	10.242008	74	0	0.058431	0.025192
746.4179997444153	8.498808	76	0	0.058423	0.025192
748.418999671936	10.041336	62	0	0.044315	0.025192
750.4199998378754	10.297424	64	0	0.05187	0.025192
752.4179997444153	5.962768	64	0	0.052465	0.025192
754.418999671936	9.59968	64	0	0.05785	0.025192
756.4179997444153	5.448384	68	0	0.047624	0.025192
758.3479998111725	6.841104	74	38	0.08188	0.025192
760.4159998893738	6.869024	74	0	0.058327	0.025192
762.4199998378754	9.167736	74	0	0.059603	0.025192
764.4169998168945	10.1824	62	0	0.057707	0.025192
766.418999671936	2.77024	58	0	0.056464	0.025192
768.4179997444153	5.453432	58	0	0.051131	0.025192
770.4179997444153	7.875984	62	0	0.061766	0.025192
772.4179997444153	10.131504	60	0	0.054048	0.025192
774.6640000343323	9.660816	60	0	0.050596	0.025192
776.6689999103546	3.44832	60	0	0.049763	0.025192
778.6669998168945	3.248832	60	0	0.048665	0.025192
780.6669998168945	4.984688	60	0	0.050026	0.025192
782.6679999828339	9.156168	54	0	0.060174	0.025192
784.6659998893738	9.496312	68	0	0.0566	0.025192
786.664999961853	8.719904	74	0	0.067296	0.025192
788.6659998893738	8.375096	80	0	0.059846	0.025192
790.664999961853	4.55516	72	0	0.048418	0.025192
792.6699998378754	5.938512	78	0	0.065398	0.025192
794.6679999828339	7.545824	76	0	0.070261	0.025192
796.6779997348785	9.781656	72	0	0.057389	0.025192
798.6679999828339	7.638088	76	0	0.056725	0.025192
800.6659998893738	10.95524	74	0	0.061324	0.025192
802.664999961853	7.226264	72	0	0.066607	0.025192
804.6669998168945	8.087872	74	0	0.069686	0.025192
806.6699998378754	10.529416	72	0	0.059251	0.025192
808.6679999828339	7.304664	78	0	0.055304	0.025192
810.6679999828339	7.320864	70	0	0.053214	0.025192
812.6699998378754	5.9118	78	0	0.055761	0.025192
814.9179997444153	4.342232	78	0	0.07063	0.025192
816.9179997444153	9.251152	74	0	0.058205	0.025192
818.9189999103546	1.398352	62	0	0.057709	0.025192
820.8109996318817	5.837912	64	0	0.09635	0.025192
822.9229996204376	2.508048	66	0	0.062112	0.025192
824.9179997444153	9.473176	64	0	0.061393	0.025192
826.9229996204376	5.510896	64	0	0.048053	0.025192
828.9159998893738	8.747632	70	0	0.0548	0.025192
830.9189999103546	9.150728	72	0	0.061948	0.025192
832.9179997444153	3.485072	78	0	0.047134	0.025192
834.9149997234344	7.705776	74	0	0.058773	0.025192
836.9279999732971	8.394432	68	0	0.051031	0.025192
838.9229996204376	4.86296	74	0	0.0529	0.025192
840.9169998168945	8.771416	76	0	0.061299	0.025192
842.9149997234344	5.402736	76	0	0.119977	0.025192
844.7779998779297	9.803632	72	0	0.061232	0.025192
846.9169998168945	4.233104	62	0	0.051668	0.025192
848.9179997444153	9.513776	64	0	0.058905	0.025192
850.9189999103546	4.121024	66	0	0.051336	0.025192
852.9189999103546	5.477472	60	0	0.051182	0.025192
854.9189999103546	10.365056	62	0	0.060619	0.025192
856.9149997234344	9.59672	70	0	0.048976	0.025192
858.9169998168945	7.948872	74	0	0.05929	0.025192
860.9179997444153	4.938168	64	0	0.075837	0.025192
862.9199998378754	5.756752	64	0	0.072321	0.025192
864.9179997444153	5.969056	70	0	0.089122	0.025192
866.9179997444153	7.896248	60	0	0.046827	0.025192
868.7779998779297	10.292792	64	0	0.060752	0.025192
870.9279999732971	6.58708	58	0	0.044096	0.025192
872.9179997444153	6.762104	64	0	0.051995	0.025192
874.9189999103546	8.755456	66	0	0.059414	0.025192
876.9319999217987	5.085128	60	0	0.049518	0.025192
878.9179997444153	7.626416	60	0	0.061245	0.025192
880.9199998378754	1.925144	64	0	0.069369	0.025192
882.9189999103546	8.821944	90	0	0.070783	0.025192
884.9189999103546	4.525352	66	0	0.075828	0.025192
886.9199998378754	4.845336	70	0	0.056151	0.025192
888.9199998378754	8.800096	80	0	0.063393	0.025192
890.9149997234344	8.01532	68	0	0.045758	0.025192
892.7869997024536	10.733616	76	0	0.067638	0.025192
894.9169998168945	8.94836	64	0	0.04923	0.025192
896.936999797821	8.232896	68	0	0.059585	0.025192
898.9169998168945	10.828944	74	0	0.058029	0.025192
900.9179997444153	2.743952	74	0	0.051463	0.025192
902.9169998168945	10.213976	74	0	0.056462	0.025192
904.9159998893738	8.896736	76	0	0.060279	0.025192
906.9179997444153	5.055888	76	0	0.054683	0.025192
908.9169998168945	10.749816	74	0	0.066516	0.025192
910.9159998893738	9.4998	74	0	0.057672	0.025192
912.9189999103546	4.944416	80	0	0.071335	0.025192
914.9279999732971	6.539768	62	0	0.08886	0.025192
916.9179997444153	10.48068	68	0	0.054219	0.025192
918.9270000457764	9.982048	76	0	0.05907	0.025192
920.9189999103546	8.715704	76	0	0.053413	0.025192
922.9179997444153	2.576184	70	0	0.053937	0.025192
924.9179997444153	9.3686	72	0	0.053185	0.025192
926.9169998168945	10.073184	70	0	0.058945	0.025192
928.9179997444153	10.384768	70	0	0.056781	0.025192
930.9209997653961	9.663056	72	0	0.065842	0.025192
932.9189999103546	4.085616	78	0	0.084206	0.025192
934.8829996585846	8.738368	72	0	0.05506	0.025192
936.9169998168945	8.176864	72	0	0.047945	0.025192
939.164999961853	10.288096	78	0	0.064733	0.025192
941.0239999294281	8.696112	54	0	0.0526	0.025192
943.1670000553131	7.655304	62	0	0.059502	0.025192
945.1670000553131	6.519848	64	0	0.050374	0.025192
947.1679999828339	4.348072	62	0	0.070367	0.025192
949.6669998168945	7.107984	62	0	0.054064	0.025192
951.9169998168945	9.383168	60	0	0.058039	0.025192
954.1689999103546	10.08196	60	0	0.067684	0.025192
956.191999912262	7.996136	64	0	0.054622	0.025192
958.1709997653961	7.675832	74	0	0.056525	0.025192
960.1670000553131	6.751936	68	0	0.050056	0.025192
962.1709997653961	8.722968	68	0	0.061584	0.025192
964.1699998378754	5.368488	66	0	0.057484	0.025192
966.1659998893738	9.066072	56	0	0.046632	0.025192
968.1670000553131	7.821224	64	0	0.06271	0.025192
970.1719999313354	7.165024	62	0	0.051659	0.025192
972.1699998378754	3.023384	66	0	0.056029	0.025192
974.1659998893738	5.061624	62	0	0.05262	0.025192
976.1689999103546	9.30168	66	0	0.047449	0.025192
978.1670000553131	5.711608	70	0	0.056563	0.025192
980.1699998378754	8.568704	66	0	0.067725	0.025192
982.1670000553131	10.717576	68	0	0.060541	0.025192
984.4240000247955	3.749184	68	0	0.054141	0.025192
986.4169998168945	3.453984	66	0	0.052366	0.025192
988.418999671936	3.170496	68	0	0.052123	0.025192
990.4169998168945	5.853816	72	0	0.065373	0.025192
992.4199998378754	4.823968	76	0	0.05633	0.025192
994.4559998512268	8.016632	76	0	0.057026	0.025192
996.414999961853	5.638712	76	0	0.05752	0.025192
998.418999671936	6.24412	74	0	0.066257	0.025192
1000.4199998378754	9.80152	68	0	0.05147	0.025192
1002.414999961853	3.680744	76	0	0.050403	0.025192
1004.4179997444153	8.346896	68	0	0.046741	0.025192
1006.4169998168945	8.669112	74	0	0.054943	0.025192
1008.4179997444153	7.285088	84	0	0.058962	0.025192
1010.4179997444153	9.339368	74	0	0.064918	0.025192
1012.418999671936	2.109096	78	0	0.057303	0.025192
1014.4209997653961	10.53832	74	0	0.058675	0.025192
1016.4209997653961	6.231912	70	0	0.052899	0.025192
1018.414999961853	6.694144	78	0	0.067462	0.025192
1020.4179997444153	5.825224	74	0	0.054445	0.025192
1022.4139997959137	9.018416	72	0	0.064525	0.025192
1024.425999879837	8.752368	76	0	0.06156	0.025192
1026.4240000247955	8.684464	74	0	0.046823	0.025192
1028.4169998168945	7.202416	68	0	0.064706	0.025192
1030.4179997444153	7.707408	76	0	0.058723	0.025192
1032.4299998283386	5.182648	66	0	0.055928	0.026173
1034.418999671936	5.878512	62	0	0.04903	0.026173
1036.418999671936	2.930808	52	0	0.055944	0.026173
1038.4179997444153	9.633112	64	0	0.061433	0.026173
1040.418999671936	4.84036	58	0	0.076096	0.026173
1042.4169998168945	6.816264	74	0	0.071169	0.026173
1044.4269998073578	9.18996	72	0	0.056026	0.026173
1046.4169998168945	8.829952	66	0	0.063161	0.026173
1048.418999671936	9.900728	62	0	0.057778	0.026173
1050.4169998168945	10.092904	62	0	0.057804	0.026173
1052.4159998893738	3.105	66	0	0.055178	0.026173
1054.4169998168945	8.84644	62	0	0.06097	0.026173
1056.4209997653961	4.752896	72	0	0.056289	0.026173
1058.4199998378754	9.78052	72	0	0.056253	0.026173
1060.4169998168945	9.3912	74	0	0.060795	0.026173
1062.4179997444153	9.142032	80	0	0.063697	0.026173
1064.4240000247955	7.610312	66	0	0.090726	0.026173
1066.425999879837	7.204376	74	0	0.059137	0.026173
1068.4169998168945	9.837416	76	0	0.057451	0.026173
1070.4169998168945	6.891344	74	0	0.076214	0.026173
1072.4159998893738	8.517408	78	0	0.060832	0.026173
1074.4159998893738	8.551536	68	0	0.053064	0.026173
1076.418999671936	4.917944	72	0	0.068721	0.026173
1078.4179997444153	9.30172	72	0	0.058588	0.026173
1080.4169998168945	4.112704	66	0	0.050548	0.026173
1082.418999671936	9.823392	64	0	0.057616	0.026173
1084.4179997444153	10.195096	64	0	0.055565	0.026173
1086.4289999008179	10.705624	66	0	0.055985	0.026173
1088.418999671936	4.660944	66	0	0.060108	0.026173
1090.4209997653961	10.56348	78	0	0.062358	0.026173
1092.4169998168945	10.707816	72	0	0.059616	0.026173
1094.4199998378754	8.796064	62	0	0.06245	0.026173
1096.6679999828339	9.496704	62	0	0.06157	0.026173
1098.6679999828339	3.91632	68	0	0.049616	0.026173
1100.6699998378754	4.476024	72	0	0.058328	0.026173
1102.6719999313354	4.96248	80	0	0.052013	0.026173
1104.6689999103546	5.63492	66	0	0.045305	0.026173
1106.6689999103546	10.104192	72	0	0.054462	0.026173
1108.6669998168945	8.05392	68	0	0.057707	0.026173
1110.6749997138977	10.805176	66	0	0.054132	0.026173
1112.6729998588562	4.152096	56	0	0.056136	0.026173
1114.6669998168945	5.27056	66	0	0.090445	0.026173
1116.6699998378754	9.368464	64	0	0.060108	0.026173
1118.6669998168945	8.447808	76	0	0.061826	0.026173
1120.6659998893738	6.915024	66	0	0.051638	0.026173
1122.6749997138977	8.045496	68	0	0.05911	0.026173
1124.6679999828339	7.89568	62	0	0.053958	0.026173
1126.6659998893738	7.516816	70	0	0.054711	0.026173
1128.6699998378754	9.135384	58	0	0.049465	0.026173
1130.6699998378754	8.051064	74	0	0.060576	0.026173
1132.6789999008179	3.378424	74	0	0.078637	0.026173
1134.6669998168945	8.367624	78	0	0.06493	0.026173
1136.6669998168945	9.57576	70	0	0.058397	0.026173
1138.6689999103546	6.284952	64	0	0.061187	0.026173
1140.6689999103546	4.27836	70	0	0.058726	0.026173
1142.6689999103546	7.81332	78	0	0.072299	0.026173
1144.6699998378754	9.573224	72	0	0.048311	0.026173
1146.6699998378754	8.492808	76	0	0.063481	0.026207
1148.6689999103546	5.10984	78	0	0.059	0.026207
1150.6889998912811	5.600608	70	0	0.052174	0.026207
1152.6689999103546	3.533672	76	0	0.110726	0.026207
1154.6640000343323	8.735184	66	0	0.056005	0.026207
1156.6879999637604	2.858024	60	0	0.056507	0.026207
1158.6659998893738	8.252216	62	0	0.062314	0.026207
1160.6640000343323	4.189904	64	0	0.053312	0.026207
1162.6710000038147	9.167544	58	0	0.06298	0.026207
1164.7999999523163	8.069672	66	19	0.071071	0.026207
1166.8159999847412	7.565384	64	0	0.051298	0.026207
1169.4139997959137	8.887856	68	10	0.070363	0.026207
1171.7679998874664	4.089528	68	0	0.059608	0.026207
1173.800999879837	10.987088	64	0	0.060693	0.026207
1175.6710000038147	3.37	66	34	0.081238	0.026207
1176.662999868393	6.526848	62	0	0.061311	0.026207
1178.6659998893738	5.8514	66	0	0.064172	0.026207
1180.6669998168945	8.395904	60	0	0.051437	0.026207
1183.1659998893738	10.02068	82	0	0.0628	0.026207
1185.1689999103546	7.991608	74	0	0.066456	0.026207
1187.167000055313	10.785208	68	0	0.05473	0.026207
1189.6799998283386	6.153304	72	0	0.065026	0.026207
1191.6699998378754	2.3618	60	0	0.050964	0.026207
1193.6669998168945	10.155016	68	0	0.063193	0.026207
1195.6689999103546	8.36824	76	0	0.054748	0.026207
1198.604999780655	7.919864	76	0	0.055253	0.026207
1201.7750000953674	4.402176	68	20	0.079819	0.026207
1202.5369999408722	8.33352	74	0	0.076723	0.026207
1203.6669998168945	8.645144	74	0	0.058098	0.026207
1205.6669998168945	8.254944	74	0	0.070836	0.026207
1207.6699998378754	8.32468	74	0	0.064222	0.026207
1209.6669998168945	3.414512	82	0	0.057495	0.026207
1211.6689999103546	10.027616	72	0	0.056073	0.026207
1214.4329998493195	1.55056	76	0	0.076539	0.026207
1216.4159998893738	4.912192	76	0	0.054679	0.026207
1218.6679999828339	7.919648	76	0	0.093728	0.026207
1220.6749997138977	10.108776	72	0	0.059581	0.026207
1222.523999929428	10.667072	74	0	0.056808	0.026207
1224.6689999103546	7.66808	78	0	0.073915	0.026207
1226.6659998893738	9.89412	96	0	0.063073	0.026207
1228.664999961853	6.204832	90	0	0.06706	0.026207
1230.6659998893738	6.884664	66	0	0.060931	0.026207
1232.6679999828339	9.78992	78	0	0.061761	0.026207
1234.664999961853	8.232008	78	0	0.061557	0.026207
1236.6719999313354	2.978048	68	0	0.053167	0.026207
1238.6669998168945	3.77988	70	0	0.056502	0.026207
1240.6679999828339	9.555024	64	0	0.052752	0.026207
1242.6669998168945	10.312144	72	0	0.060586	0.026207
1244.6659998893738	5.13728	68	0	0.087658	0.026207
1246.5259997844696	9.61072	60	0	0.050914	0.026351
1248.6669998168945	6.379904	66	0	0.046049	0.026351
1250.664999961853	10.007504	74	0	0.060142	0.026351
1252.6679999828339	4.413832	76	0	0.093328	0.026351
1254.6679999828339	6.699456	78	0	0.096314	0.026351
1256.6689999103546	10.668112	78	0	0.063359	0.026351
1258.6689999103546	8.77068	78	0	0.070397	0.026351
1260.6659998893738	5.987304	60	0	0.052578	0.026351
1262.6719999313354	8.302048	66	0	0.05466	0.026351
1264.664999961853	4.247592	62	0	0.052232	0.026351
1266.6689999103546	5.888344	64	0	0.092672	0.026351
1268.6659998893738	4.662424	66	0	0.053683	0.026351
1270.5369999408722	10.801472	116	0	0.067716	0.026351
1272.664999961853	7.525224	74	0	0.057539	0.026351
1274.6699998378754	6.781808	74	0	0.066474	0.026351
1276.6640000343323	5.190904	66	0	0.047019	0.026351
1278.6659998893738	9.64164	72	0	0.054318	0.026351
1280.6669998168945	10.780512	76	0	0.056115	0.026351
1282.6789999008179	6.006904	78	0	0.065795	0.026351
1284.664999961853	8.720496	72	0	0.047409	0.026351
1286.6679999828339	6.062488	78	0	0.049715	0.026351
1288.6679999828339	4.695528	82	0	0.051285	0.026351
1290.664999961853	10.644104	72	0	0.055893	0.026351
1292.6710000038147	8.210464	76	0	0.06229	0.026351
1294.526999950409	10.597896	74	0	0.057231	0.026351
1296.6689999103546	7.508776	80	0	0.067331	0.026351
1298.6749997138977	8.333064	80	0	0.068761	0.026351
1300.6689999103546	3.974816	68	0	0.055902	0.026351
1302.9039998054504	3.924808	64	0	0.062386	0.026351
1305.9800000190735	6.025	66	27	0.072586	0.026351
1308.4470000267029	9.536352	60	0	0.054712	0.026351
1309.3109998703003	10.120016	68	0	0.060952	0.026351
1310.6679999828339	4.366432	78	0	0.060203	0.026351
1312.6699998378754	5.977904	78	0	0.062077	0.026351
1314.6909997463226	5.857256	76	0	0.061351	0.026351
1316.6659998893738	3.621856	76	0	0.053072	0.026351
1318.5479998588562	6.145656	72	0	0.059882	0.026351
1321.4179997444153	3.878624	78	0	0.053899	0.026351
1323.4199998378754	2.834824	76	0	0.057516	0.026351
1325.9889998435974	11.89908	80	12	0.065213	0.026351
1328.608999967575	4.17976	76	0	0.054609	0.026351
1329.9289999008179	8.12844	76	23	0.07041	0.026351
1331.4319999217987	8.275624	78	0	0.055679	0.026351
1333.4169998168945	9.2862	78	0	0.057892	0.026351
1335.4179997444153	9.824976	72	0	0.045587	0.026351
1337.4179997444153	8.68496	76	0	0.058188	0.026351
1339.46599984169	7.93884	70	25	0.076839	0.026351
1341.4179997444153	9.157272	68	0	0.058001	0.026351
1343.4159998893738	8.118088	68	0	0.056574	0.026351
1345.4209997653961	4.406264	70	0	0.059078	0.026351
1347.4169998168945	2.539232	68	0	0.05204	0.026351
1349.4179997444153	4.438112	68	0	0.055334	0.026351
1351.4299998283386	7.64572	66	0	0.066136	0.026351
1353.4169998168945	12.165576	82	0	0.06247	0.026351
1355.4169998168945	7.247752	64	0	0.065717	0.026351
1358.167000055313	8.82644	74	0	0.058851	0.026351
1360.1719999313354	11.19132	78	0	0.067801	0.026351
1362.1640000343323	5.4802	76	0	0.104069	0.026351
1364.1699998378754	9.218072	68	0	0.059818	0.026351
1366.164999961853	5.137784	70	0	0.054055	0.026351
1368.167000055313	10.98184	72	0	0.056372	0.026351
1370.1640000343323	7.472216	74	0	0.054978	0.026351
1372.167000055313	8.784104	78	0	0.051832	0.026351
1374.1659998893738	4.9284	70	0	0.106623	0.026351
1376.1689999103546	9.228664	70	0	0.053569	0.026351
1378.1280000209808	8.974152	74	0	0.059927	0.026351
1380.167000055313	11.050544	76	0	0.055974	0.026351
1382.1659998893738	7.25676	82	0	0.075488	0.026351
1384.1659998893738	4.19772	74	0	0.050042	0.026351
1386.1689999103546	12.106744	81	0	0.069827	0.026351
1388.1659998893738	6.8564	60	0	0.064929	0.026351
1390.175999879837	6.185432	62	0	0.084183	0.026351
1392.6640000343323	4.761632	64	0	0.049676	0.026351
1394.664999961853	4.318976	62	0	0.057294	0.026351
1397.1689999103546	3.343432	66	0	0.052731	0.026351
1399.173999786377	7.172112	76	0	0.066415	0.026351
1401.1640000343323	7.963352	80	0	0.058492	0.026351
1403.1699998378754	10.240504	72	0	0.059952	0.026351
1405.1779997348785	1.325432	78	0	0.073421	0.026351
1407.1689999103546	2.135112	68	0	0.056994	0.026351
1409.1679999828339	4.616944	78	0	0.056148	0.026351
1411.167000055313	9.940688	74	0	0.053014	0.026351
1413.0299997329712	3.756536	70	0	0.056821	0.026351
1415.1659998893738	7.441208	68	0	0.051487	0.026351
1417.0390000343323	10.334624	68	0	0.055975	0.026351
1419.1689999103546	8.0386	72	0	0.067249	0.026351
1421.175999879837	3.139152	72	0	0.057444	0.026351
1423.1719999313354	3.698288	74	0	0.048897	0.026351
1425.1679999828339	3.935408	78	0	0.05308	0.026351
1427.1699998378754	8.514112	66	0	0.066862	0.026351
1429.418999671936	10.291248	64	0	0.059887	0.026351
1431.4199998378754	4.394648	68	0	0.060246	0.026351
1433.4269998073578	8.684144	60	0	0.050858	0.026351
1435.4209997653961	8.867624	66	0	0.062203	0.026351
1437.4179997444153	9.578896	66	0	0.050756	0.026351
1439.4219996929169	3.87944	76	0	0.055247	0.026351
1441.4169998168945	7.549328	76	0	0.067804	0.026351
1443.4169998168945	9.814752	80	0	0.061921	0.026351
1445.4159998893738	8.345184	78	0	0.070434	0.026351
1447.436999797821	10.545832	74	0	0.04213	0.026351
1449.4219996929169	9.324744	80	0	0.067417	0.026351
1451.4269998073578	10.678312	74	0	0.059471	0.026351
1453.4199998378754	4.619192	76	0	0.05249	0.026351
1455.4269998073578	8.649832	74	0	0.065495	0.026375
1457.418999671936	9.766792	68	0	0.048785	0.026375
1459.4159998893738	7.349168	72	0	0.075861	0.026375
1461.4199998378754	3.968504	62	0	0.059357	0.026375
1463.4179997444153	2.703272	70	0	0.061664	0.026375
1465.418999671936	10.763152	68	0	0.059743	0.026375
1467.4169998168945	4.715944	62	0	0.051869	0.025428
1469.4219996929169	8.12608	60	0	0.052	0.025428
1471.4169998168945	2.561752	62	0	0.049588	0.025428
1473.4169998168945	9.615344	60	0	0.052402	0.025428
1475.4159998893738	5.748304	64	0	0.096738	0.025428
1477.4179997444153	5.65748	84	0	0.057944	0.025428
1479.6669998168945	9.56768	64	0	0.054054	0.025428
1481.6679999828339	5.724	70	0	0.064422	0.025428
1483.6669998168945	9.579136	64	0	0.053621	0.025428
1485.6689999103546	8.184456	66	0	0.05784	0.025428
1487.5759999752045	3.059464	72	0	0.052389	0.025428
1489.5249998569489	8.706608	76	0	0.062702	0.025428
1491.6679999828339	4.720464	76	0	0.061098	0.025428
1493.6659998893738	4.536392	78	0	0.057857	0.025428
1495.5629997253418	6.078904	64	8	0.078382	0.025428
1497.6659998893738	4.928176	66	0	0.057137	0.025428
1499.6659998893738	9.65776	60	0	0.056851	0.025428
1501.6659998893738	4.4974	66	0	0.049215	0.025428
1503.6679999828339	7.722864	68	0	0.064231	0.025428
1505.6689999103546	7.605488	62	0	0.055989	0.025428
1507.6999998092651	9.004368	82	0	0.066226	0.025428
1509.6659998893738	4.388656	80	0	0.054861	0.025428
1511.9159998893738	4.530152	72	0	0.049023	0.025428
1513.9149997234344	9.389448	74	0	0.064122	0.025428
1515.9149997234344	8.446624	72	0	0.060666	0.025428
1517.9169998168945	6.810256	78	0	0.052409	0.025428
1519.9179997444153	7.353888	66	0	0.061646	0.025428
1521.9159998893738	11.582864	75	0	0.059719	0.025428
1523.9179997444153	8.932128	78	0	0.063532	0.025428
1525.9169998168945	8.881416	76	0	0.057322	0.025428
1527.9169998168945	9.9006	70	0	0.058378	0.025428
1529.9189999103546	9.795104	70	0	0.068602	0.025428
1531.9159998893738	3.753096	84	0	0.059246	0.025428
1533.9189999103546	8.97336	72	0	0.061623	0.025428
1535.9309997558594	3.54328	72	0	0.051176	0.025428
1537.9209997653961	6.012392	74	0	0.061543	0.025428
1539.9189999103546	5.832184	76	0	0.05462	0.025428
1541.9189999103546	7.109152	80	0	0.055197	0.025428
1543.9189999103546	5.815056	68	0	0.052345	0.025428
1546.577999830246	7.155808	66	0	0.062119	0.025428
1549.1189999580383	9.5498	62	20	0.055245	0.025428
1550.896999835968	7.437056	64	0	0.058946	0.025428
1551.9309997558594	6.839128	64	0	0.061942	0.025428
1553.9189999103546	7.529232	62	0	0.092894	0.025428
1555.9149997234344	9.431776	56	0	0.051286	0.025428
1557.9159998893738	9.87772	76	0	0.059499	0.025428
1559.9169998168945	8.866632	78	0	0.061815	0.025428
1562.6659998893738	9.704016	68	0	0.056567	0.025428
1564.6729998588562	4.812152	78	0	0.051424	0.025428
1566.6659998893738	5.072568	70	0	0.050888	0.025428
1568.6679999828339	4.005616	82	0	0.054946	0.025428
1570.6679999828339	6.570728	78	0	0.072815	0.025428
1572.9199998378754	9.038176	66	0	0.065052	0.025428
1574.9189999103546	9.628504	58	0	0.053946	0.025428
1576.9399998188019	7.244832	60	0	0.053631	0.025428
1578.9179997444153	1.857544	64	0	0.051148	0.025428
1580.9179997444153	8.326016	56	0	0.056098	0.025428
1582.9279999732971	9.2958	70	0	0.051936	0.025428
1584.9169998168945	6.375232	74	0	0.05234	0.025428
1586.9179997444153	9.864432	62	0	0.060624	0.025428
1588.9179997444153	4.531416	64	0	0.04661	0.025428
1590.9179997444153	3.382704	68	0	0.051929	0.025428
1592.9179997444153	4.765568	62	0	0.053522	0.025428
1594.9159998893738	5.224648	68	0	0.053887	0.025428
1596.9209997653961	5.493824	72	0	0.054065	0.025428
1598.9169998168945	5.42076	76	0	0.061628	0.025428
1600.944000005722	5.670792	80	0	0.061622	0.025428
1602.9189999103546	2.941528	76	0	0.066993	0.025428
1604.9159998893738	7.677624	78	0	0.063422	0.025428
1606.9179997444153	9.207968	72	0	0.055505	0.025428
1609.1789996623993	10.242416	76	0	0.061101	0.025428
1611.1689999103546	7.456928	80	0	0.060009	0.025428
1613.175999879837	7.662784	76	0	0.067414	0.025428
1615.9199998378754	4.679976	74	0	0.056453	0.025428
1617.9179997444153	2.963544	74	0	0.051488	0.025428
1619.9169998168945	3.602736	66	0	0.056684	0.025428
1621.9169998168945	10.764344	62	0	0.060353	0.025428
1623.9149997234344	10.65404	64	0	0.059799	0.025428
1625.9189999103546	10.03332	60	0	0.054198	0.025428
1627.9199998378754	3.545784	60	0	0.08247	0.025428
1630.164999961853	6.819216	62	0	0.053979	0.025428
1632.4159998893738	10.210296	78	0	0.05986	0.025428
1634.4179997444153	5.302376	78	0	0.05605	0.025428
1636.4169998168945	11.09096	78	0	0.056019	0.025428
1638.4299998283386	9.946832	80	0	0.063382	0.025428
1640.4230000972748	7.503232	76	0	0.054368	0.025428
1642.4159998893738	10.04684	76	0	0.062333	0.025428
1644.418999671936	9.916656	76	0	0.068905	0.025428
1646.418999671936	10.85588	74	0	0.056203	0.025428
1648.4159998893738	10.883624	74	0	0.06142	0.025428
1650.5839998722076	10.263992	74	9	0.067804	0.025428
1652.293999671936	4.987896	78	0	0.122166	0.025428
1654.4179997444153	7.19952	78	0	0.062599	0.025428
1656.4489998817444	10.77864	74	0	0.052693	0.025428
1658.4169998168945	4.940776	76	0	0.054269	0.025428
1660.4169998168945	8.262072	76	0	0.07444	0.025428
1662.4209997653961	3.542344	76	0	0.053877	0.025428
1664.4159998893738	7.814096	62	0	0.046562	0.025428
1666.4179997444153	8.636576	62	0	0.050119	0.025428
1668.6669998168945	9.833944	72	0	0.057127	0.025428
1670.662999868393	8.99576	68	0	0.060134	0.025428
1672.6669998168945	9.672448	70	0	0.061904	0.025428
1674.675999879837	9.672448	95	0	0.055013	0.025428
1676.6689999103546	8.970592	80	0	0.068726	0.025428
1678.675999879837	3.355152	80	0	0.058026	0.025428
1680.6689999103546	10.617256	72	0	0.053668	0.025428
1682.6769998073578	4.983984	78	0	0.058056	0.025428
1684.6679999828339	9.014112	78	0	0.065479	0.025428
1686.6679999828339	7.392208	54	0	0.056404	0.025428
1688.6659998893738	9.69	68	0	0.057464	0.025428
1690.6729998588562	9.196416	70	0	0.060864	0.025428
1692.6679999828339	8.515648	68	0	0.063772	0.025428
1694.6779997348785	10.439496	72	0	0.055572	0.025428
1696.664999961853	7.799616	72	0	0.051051	0.025428
1698.664999961853	7.223992	82	0	0.068504	0.025428
1700.6659998893738	5.2098	82	0	0.066675	0.025428
1702.6659998893738	3.597824	72	0	0.051865	0.025428
1704.6659998893738	10.247224	80	0	0.062907	0.025428
1706.6669998168945	8.310144	80	0	0.064579	0.025428
1708.6669998168945	10.035064	74	0	0.054253	0.025428
1710.6669998168945	9.347128	76	0	0.054642	0.025428
1712.6659998893738	9.651736	84	0	0.069817	0.025428
1714.664999961853	7.282992	84	0	0.064679	0.025428
1716.6669998168945	9.334232	76	0	0.056551	0.025428
1718.6689999103546	5.829672	76	0	0.062449	0.025428
1720.6669998168945	7.463064	80	0	0.056324	0.025428
1722.6689999103546	8.733864	80	0	0.06137	0.025428
1724.6679999828339	5.564424	64	0	0.101627	0.025428
1726.6679999828339	2.448344	70	0	0.065253	0.025428
1728.6679999828339	4.788648	64	0	0.050221	0.025428
1730.6669998168945	7.371872	64	0	0.061463	0.025428
1732.6669998168945	8.983568	66	0	0.059359	0.025428
1734.6679999828339	8.983568	66	0	0.058668	0.025428
1736.6679999828339	6.983928	56	0	0.050957	0.025428
1738.9179997444153	7.6808	78	0	0.053351	0.025428
1740.9169998168945	4.454904	82	0	0.057102	0.025428
1742.952999830246	4.662712	72	0	0.056033	0.025428
1744.9189999103546	6.52276	74	0	0.077803	0.025428
1746.7709996700287	10.090808	78	0	0.061842	0.025428
1748.9169998168945	5.096664	80	0	0.068058	0.025428
1750.9189999103546	12.02948	84	0	0.061481	0.025428
1752.9179997444153	8.39912	70	0	0.051781	0.025428
1754.925999879837	7.637256	78	0	0.059152	0.025428
1756.9159998893738	8.86032	72	0	0.060717	0.025428
1759.1679999828339	5.428984	58	0	0.045526	0.025428
1761.175999879837	4.442848	72	0	0.05919	0.025428
1763.1719999313354	10.083968	62	0	0.051499	0.025428
1765.1679999828339	8.616728	66	0	0.065844	0.025428
1767.164999961853	3.779616	70	0	0.050632	0.02599
1769.167000055313	4.786576	86	0	0.102409	0.02599
1771.2739996910095	10.084552	70	0	0.061878	0.02599
1773.4230000972748	6.255976	82	0	0.05406	0.02599
1775.4139997959137	7.27612	70	0	0.044013	0.02599
1777.414999961853	10.490704	74	0	0.057697	0.02599
1779.4169998168945	9.1816	74	0	0.056639	0.02599
1781.4169998168945	9.965792	80	0	0.060614	0.02599
1783.4139997959137	5.990168	76	0	0.053471	0.02599
1785.414999961853	7.421416	72	0	0.045688	0.02599
1787.4169998168945	4.578608	78	0	0.057924	0.02599
1789.4169998168945	3.521832	72	0	0.057375	0.02599
1791.414999961853	8.172632	76	0	0.068228	0.02599
1793.418999671936	7.593216	70	0	0.061894	0.02599
1795.271999835968	9.413312	58	0	0.050234	0.02599
1797.4219996929169	5.785816	64	0	0.052553	0.02599
1799.4179997444153	9.115912	58	0	0.054505	0.02599
1801.418999671936	6.047352	62	0	0.052578	0.02599
1803.418999671936	8.818136	70	0	0.043735	0.02599
1805.418999671936	9.266056	74	0	0.051012	0.02599
1807.4179997444153	4.71524	74	0	0.056739	0.02599
1809.4139997959137	2.10476	74	0	0.062152	0.02599
1811.4169998168945	2.602216	76	0	0.052211	0.02599
1813.4169998168945	3.599056	66	0	0.059083	0.02599
1815.4199998378754	9.78364	58	0	0.05472	0.02599
1817.4179997444153	6.49388	66	0	0.057588	0.02599
1819.2739996910095	8.71904	56	0	0.062314	0.02599
1821.4230000972748	5.130584	60	0	0.0555	0.02599
1823.412999868393	9.394688	68	0	0.053435	0.02599
1825.414999961853	8.684512	70	0	0.058458	0.02599
1827.4209997653961	9.02024	78	0	0.054234	0.02599
1829.414999961853	9.423336	80	0	0.062569	0.02599
1831.436999797821	8.01196	76	0	0.069262	0.02599
1833.4329998493195	8.127496	76	0	0.071286	0.02599
1835.4179997444153	9.188752	78	0	0.057269	0.02599
1837.4159998893738	9.30244	84	0	0.063643	0.02599
1839.4159998893738	9.322824	66	0	0.051381	0.02599
1841.414999961853	8.081624	82	0	0.058728	0.02599
1843.2819998264313	7.216376	66	0	0.054861	0.02599
1845.414999961853	7.954504	4	0	0.056327	0.02599
1847.414999961853	7.066056	72	0	0.073612	0.026017
1849.4169998168945	2.7102	76	0	0.052385	0.026017
1851.4299998283386	9.243048	76	0	0.059327	0.026017
1853.4179997444153	6.129872	76	0	0.061712	0.026017
1855.4139997959137	9.8322	78	0	0.065477	0.026017
1857.4169998168945	10.436296	74	0	0.06163	0.026017
1859.4169998168945	7.226016	78	0	0.05569	0.026017
1861.4179997444153	6.40772	68	0	0.047432	0.026017
1863.4389998912811	11.279136	76	0	0.07771	0.026017
1865.4419996738434	5.988408	76	0	0.113973	0.026017
1867.414999961853	10.48156	78	0	0.057849	0.026017
1869.4169998168945	11.171608	80	0	0.060549	0.026017
1871.4159998893738	7.113224	82	0	0.053728	0.026017
1873.418999671936	7.778872	78	0	0.055376	0.026017
1875.4159998893738	7.05844	82	0	0.068469	0.026017
1877.4159998893738	8.054	82	0	0.065175	0.026017
1879.4379997253418	6.04628	80	0	0.107521	0.026017
1881.4169998168945	7.877184	70	0	0.047178	0.026017
1883.4139997959137	7.035888	82	0	0.060186	0.026017
1885.414999961853	6.137792	82	0	0.06782	0.026017
1887.4159998893738	10.556872	76	0	0.059307	0.026017
1889.4230000972748	7.479976	64	0	0.051702	0.026017
1891.425999879837	8.841512	72	0	0.0612	0.026017
1893.4159998893738	8.501272	66	0	0.050395	0.026017
1895.4169998168945	7.975968	68	0	0.043137	0.026017
1897.414999961853	6.012176	70	0	0.106107	0.026017
1899.4159998893738	10.831168	70	0	0.055692	0.026017
1901.4139997959137	9.145568	80	0	0.061747	0.026017
1903.4199998378754	6.67508	64	0	0.061033	0.026017
1905.4169998168945	9.020528	64	0	0.04797	0.026017
1907.4319999217987	6.702832	68	0	0.062746	0.026017
1909.4329998493195	7.035264	60	0	0.049421	0.026017
1911.414999961853	4.976848	64	0	0.064599	0.026017
1913.4159998893738	7.57432	76	0	0.062114	0.026017
1915.4169998168945	10.022056	60	0	0.055172	0.025842
1917.412999868393	9.471784	62	0	0.060578	0.025842
1919.4279999732971	5.038384	66	0	0.085672	0.025842
1921.4479999542236	3.508784	60	0	0.046825	0.025842
1923.4139997959137	7.90224	60	0	0.050494	0.025842
1925.4179997444153	10.145896	78	0	0.055692	0.025842
1927.4159998893738	3.117072	80	0	0.05404	0.025842
1929.412999868393	7.534608	78	0	0.069108	0.025842
1931.4159998893738	4.745568	78	0	0.058643	0.025842
1933.6679999828339	8.231264	78	0	0.064441	0.025842
1935.6679999828339	8.224	76	0	0.062764	0.025842
1937.6669998168945	8.740568	82	0	0.06357	0.025842
1939.6659998893738	9.416048	74	0	0.062093	0.025842
1941.6669998168945	7.68244	78	0	0.073695	0.025842
1943.664999961853	6.38396	80	0	0.057524	0.025842
1945.6710000038147	6.38396	80	0	0.063085	0.025842
1947.6729998588562	7.871896	70	0	0.049731	0.025842
1949.6669998168945	10.193376	74	0	0.058361	0.025842
1951.6679999828339	4.465736	74	0	0.054454	0.025842
1953.664999961853	3.932464	76	0	0.051629	0.025842
1955.6669998168945	2.846728	82	0	0.061893	0.025842
1957.6719999313354	10.386192	76	0	0.057242	0.025842
1959.664999961853	5.827632	74	0	0.052044	0.025842
1961.664999961853	3.71672	64	0	0.055225	0.025842
1963.6669998168945	9.885168	64	0	0.059778	0.025842
1965.6659998893738	4.816096	66	0	0.055539	0.025842
1967.6669998168945	3.047912	72	0	0.058053	0.025842
1969.6659998893738	11.267688	80	0	0.057484	0.025842
1971.6679999828339	4.94432	84	0	0.058051	0.025842
1973.664999961853	8.191376	58	0	0.0434	0.025842
1975.6669998168945	8.20256	68	0	0.057938	0.025842
1977.664999961853	4.975896	66	0	0.071405	0.025842
1979.6710000038147	5.631952	66	0	0.085536	0.025842
1981.6659998893738	8.825864	64	0	0.050651	0.025842
1983.6679999828339	4.846424	70	0	0.05784	0.025842
1985.664999961853	6.595264	74	0	0.076358	0.025842
1987.6699998378754	9.658784	76	0	0.058139	0.025842
1989.6659998893738	9.05544	84	0	0.071527	0.025842
1991.664999961853	5.480648	68	0	0.110214	0.025842
1993.6640000343323	10.367296	80	0	0.056845	0.025842
1995.6749997138977	10.296568	72	0	0.057716	0.025842
1997.6729998588562	9.844792	76	0	0.09087	0.025842
1999.9159998893738	5.688208	76	0	0.052207	0.025842
2001.9149997234344	8.818848	72	0	0.049379	0.025842
2003.925999879837	2.785808	76	0	0.051558	0.025842
2005.9179997444153	7.105128	66	0	0.066064	0.025842
2007.936999797821	8.377912	64	0	0.060799	0.025842
2009.9179997444153	3.65568	62	0	0.05642	0.025842
2012.1699998378754	8.942576	60	0	0.046251	0.025842
2014.1769998073578	9.35756	66	0	0.068587	0.025842
2016.167000055313	8.933088	76	0	0.059651	0.025842
2018.1659998893738	8.122784	74	0	0.055149	0.025842
2020.167000055313	10.392704	74	0	0.059771	0.025842
2022.164999961853	9.274208	72	0	0.056551	0.025842
2024.6659998893738	8.94956	78	0	0.063407	0.025842
2026.6669998168945	10.366016	62	0	0.057124	0.025842
2028.6659998893738	3.045344	64	0	0.052226	0.025842
2030.6640000343323	10.49904	62	0	0.058727	0.025842
2032.6669998168945	10.124976	67	0	0.05609	0.025842
2034.9179997444153	5.836488	56	0	0.062398	0.025842
2036.9159998893738	8.1914	60	0	0.043034	0.025842
2038.9169998168945	6.794056	74	0	0.053658	0.025842
2040.912999868393	7.485832	76	0	0.073962	0.025842
2042.912999868393	8.3652	70	0	0.053628	0.025842
2044.9149997234344	8.197096	68	0	0.069174	0.025842
2046.912999868393	8.33972	72	0	0.109939	0.025842
2048.9169998168945	4.1562	64	0	0.057068	0.025842
2050.9139997959137	10.209008	66	0	0.057796	0.025842
2052.9139997959137	8.449896	60	0	0.054202	0.025842
2054.936999797821	4.660392	64	0	0.070115	0.025842
2056.915999889374	6.744848	64	0	0.067649	0.025842
2058.921999692917	8.816096	60	0	0.053547	0.025842
2060.9149997234344	11.890312	57	0	0.059123	0.025842
2062.9169998168945	8.218224	74	0	0.04578	0.025842
2064.9169998168945	4.212968	74	0	0.060055	0.025842
2066.9179997444153	4.758688	68	0	0.074772	0.025842
2068.9179997444153	7.961728	74	0	0.056935	0.025842
2070.9149997234344	11.567128	76	0	0.067031	0.025842
2073.175999879837	5.259336	68	0	0.051589	0.025842
2075.1689999103546	4.318472	74	0	0.058904	0.025842
2077.167000055313	8.571048	76	0	0.063377	0.025842
2079.665999889374	4.296864	76	0	0.053841	0.025842
2081.664999961853	3.267576	76	0	0.054353	0.025842
2083.9189999103546	3.359936	76	0	0.056882	0.025842
2085.9179997444153	6.70104	58	0	0.045119	0.025842
2087.9179997444153	8.882384	58	0	0.053217	0.025842
2089.9179997444153	8.878296	54	0	0.043271	0.025842
2091.8759999275208	8.79684	68	0	0.062093	0.025842
2093.9169998168945	8.910376	64	0	0.065335	0.025842
2095.9139997959137	9.911424	70	0	0.055615	0.025842
2097.9179997444153	4.216488	84	0	0.055769	0.025842
2099.9189999103546	9.213824	74	0	0.055395	0.025842
2101.9270000457764	9.175888	76	0	0.059629	0.025842
2104.165999889374	7.539288	72	0	0.051157	0.025842
2106.164999961853	7.175208	72	0	0.050426	0.025842
2108.167999982834	4.624344	74	0	0.05687	0.025842
2110.167999982834	8.38584	74	0	0.070059	0.025842
2112.167000055313	6.95496	74	0	0.057506	0.025842
2114.4169998168945	7.887648	74	0	0.047473	0.025842
2116.4179997444153	2.55832	82	0	0.059557	0.025842
2118.4139997959137	7.383536	74	0	0.081877	0.025842
2120.6669998168945	11.39252	78	0	0.062381	0.025842
2122.667999982834	8.422864	78	0	0.067389	0.025842
2124.664999961853	3.2218	80	0	0.057741	0.025842
2126.665999889374	6.640424	80	0	0.057138	0.025842
2128.665999889374	7.308528	72	0	0.055026	0.025842
2130.665999889374	7.698048	78	0	0.058675	0.025842
2132.664999961853	8.377192	78	0	0.056729	0.025842
2134.664999961853	8.1924	74	0	0.064266	0.025842
2136.6669998168945	9.446104	68	0	0.053627	0.025842
2138.664999961853	8.88624	68	0	0.067593	0.025842
2140.6669998168945	4.56812	60	0	0.046976	0.025842
2142.664999961853	10.373208	64	0	0.057078	0.025842
2144.665999889374	9.398272	64	0	0.061954	0.025842
2146.6689999103546	5.292872	64	0	0.053394	0.025842
2148.6669998168945	10.011472	72	0	0.048288	0.025842
2150.664999961853	4.356472	76	0	0.052927	0.025842
2152.6699998378754	4.770584	76	0	0.060367	0.025842
2154.664999961853	8.537664	78	0	0.098844	0.025842
2156.664999961853	11.492648	78	0	0.056576	0.025842
2158.6640000343323	8.816248	78	0	0.085237	0.025842
2160.667999982834	6.97316	60	0	0.043732	0.025842
2162.9359998703003	6.56688	74	0	0.051151	0.025842
2164.9169998168945	9.601768	78	0	0.07135	0.025842
2166.915999889374	8.013536	74	0	0.056051	0.025842
2168.9189999103546	10.993288	76	0	0.057802	0.025842
2170.9149997234344	4.154728	78	0	0.054878	0.025842
2172.7799999713898	5.847872	78	0	0.076675	0.025842
2174.9179997444153	8.75308	62	0	0.057538	0.025842
2176.915999889374	9.24308	68	0	0.048781	0.025842
2178.915999889374	9.528416	70	0	0.053742	0.025842
2180.9199998378754	9.275448	74	0	0.064951	0.025842
2183.6929998397827	6.402472	80	23	0.106968	0.025842
2184.925999879837	5.990512	80	0	0.088304	0.025842
2186.9189999103546	1.795416	78	0	0.068982	0.025842
2188.9169998168945	11.137744	76	0	0.064581	0.025842
2190.9169998168945	8.439472	78	0	0.068614	0.025842
2192.911999940872	10.294568	66	0	0.056134	0.025842
2194.9139997959137	9.151584	66	0	0.06259	0.025842
2196.843999862671	5.94796	70	0	0.114293	0.025842
2198.915999889374	5.453304	66	0	0.053197	0.025842
2200.915999889374	8.534032	66	0	0.062478	0.025842
2202.9169998168945	10.16472	72	0	0.068376	0.025842
2204.9169998168945	6.435536	70	0	0.057601	0.025842
2206.9179997444153	10.592216	76	0	0.063148	0.025842
2208.9139997959137	8.510688	68	0	0.064807	0.025842
2210.9139997959137	8.930232	64	0	0.049367	0.025842
2212.9149997234344	10.978352	66	0	0.059166	0.025842
2214.9199998378754	4.945312	66	0	0.055829	0.025842
2219.223999977112	6.406352	68	23	0.0935	0.026317
2219.5729999542236	4.093816	60	0	0.087143	0.026317
2220.7750000953674	10.171744	62	0	0.05591	0.026317
2222.9169998168945	3.991536	62	0	0.049744	0.026208
2224.9169998168945	8.762528	62	0	0.061667	0.026208
2226.9169998168945	6.505528	64	0	0.051678	0.026208
2228.9179997444153	11.1246	64	0	0.055664	0.026208
2230.976999759674	4.610464	54	0	0.055526	0.026208
2232.9199998378754	4.15012	86	0	0.077498	0.026208
2234.8059997558594	3.78948	74	0	0.055244	0.026208
2236.7649998664856	3.237936	80	0	0.067167	0.026208
2238.9139997959137	5.458208	74	0	0.058365	0.026208
2240.9139997959137	10.47144	78	0	0.058209	0.026208
2242.920999765396	4.369656	78	0	0.063726	0.026208
2245.37299990654	8.31048	86	24	0.080531	0.026208
2247.8559999465942	3.748272	70	0	0.078179	0.026208
2250.6909997463226	3.648056	76	0	0.069577	0.026208
2252.8759999275208	8.830536	72	12	0.065477	0.026208
2255.5199999809265	5.982136	72	0	0.053147	0.026208
2255.865999698639	7.37108	76	29	0.08169	0.026208
2258.223000049591	5.469816	66	0	0.104902	0.026208
2260.701999902725	4.764816	72	0	0.050547	0.026208
2262.175999879837	8.088128	68	14	0.073017	0.026208
2264.411999940872	3.798712	66	0	0.050195	0.026208
2266.414999961853	9.104352	66	0	0.058631	0.026208
2268.6619997024536	3.289064	72	0	0.059918	0.026208
2270.664999961853	10.981376	118	0	0.061626	0.026208
2272.673999786377	5.1336	94	0	0.055754	0.026208
2274.665999889374	9.694312	68	0	0.058715	0.026208
2277.6689999103546	6.799896	78	0	0.059584	0.026208
2279.667999982834	3.5688	64	0	0.04975	0.026208
2281.530999660492	8.945928	64	15	0.068192	0.026208
2283.664999961853	4.350048	66	0	0.054033	0.026208
2285.664999961853	6.732256	70	0	0.068742	0.026208
2287.6640000343323	8.073376	66	0	0.05336	0.026208
2289.662999868393	10.700688	74	0	0.060316	0.026208
2291.6719999313354	6.666488	76	0	0.062747	0.026208
2294.439999818802	4.815432	86	0	0.065608	0.026208
2296.412999868393	5.950704	62	0	0.057793	0.026208
2298.9139997959137	9.848576	66	0	0.061875	0.026208
2300.9139997959137	5.043088	56	0	0.091233	0.026208
2302.9169998168945	9.874488	62	0	0.052179	0.026208
2304.915999889374	6.92568	66	0	0.052778	0.026208
2306.9179997444153	8.753936	74	0	0.045098	0.026208
2308.915999889374	6.496688	76	0	0.05142	0.026208
2310.9179997444153	7.883288	82	0	0.061164	0.026208
2312.915999889374	10.397736	72	0	0.062131	0.026208
2314.9199998378754	9.71756	76	0	0.054315	0.026208
2316.9149997234344	8.161	78	0	0.051342	0.026208
2318.9139997959137	6.59936	78	0	0.065156	0.026208
2320.9169998168945	10.369408	80	0	0.06455	0.026208
2322.9149997234344	8.0084	80	0	0.064255	0.026208
2324.9199998378754	5.411936	74	0	0.074837	0.026208
2326.9199998378754	10.033624	74	0	0.057465	0.026208
2328.9189999103546	10.03196	74	0	0.061365	0.026208
2330.912999868393	9.176656	65	0	0.061619	0.026208
2332.912999868393	9.896176	62	0	0.038704	0.026208
2334.921999692917	10.252256	62	0	0.054867	0.026208
2336.9139997959137	6.774952	64	0	0.053226	0.026208
2338.9149997234344	1.002848	64	0	0.05594	0.026208
2340.911999940872	9.375584	66	0	0.061657	0.026208
2342.915999889374	6.42384	56	0	0.066319	0.026208
2344.9189999103546	8.602248	68	0	0.051431	0.026208
2346.915999889374	7.685816	70	0	0.043447	0.026208
2348.9179997444153	7.685816	70	0	0.04098	0.026208
2350.9149997234344	4.749008	76	0	0.057395	0.026208
2352.9240000247955	7.324784	78	0	0.055791	0.026208
2354.9199998378754	8.906168	70	0	0.080621	0.026208
2356.9179997444153	10.438232	70	0	0.054871	0.026208
2358.920999765396	3.844288	72	0	0.056244	0.026208
2360.915999889374	4.703408	70	0	0.057652	0.026208
2362.9139997959137	1.857736	68	0	0.051386	0.026208
2364.9199998378754	8.752288	58	0	0.042307	0.026208
2366.911999940872	9.416456	64	0	0.052955	0.026208
2368.915999889374	9.526568	66	0	0.060076	0.026208
2370.9139997959137	9.11572	4	0	0.07255	0.026208
2372.9199998378754	6.1104	82	0	0.057557	0.026208
2375.164999961853	6.343064	82	0	0.059318	0.026208
2377.1689999103546	5.675928	80	0	0.057253	0.026208
2379.170999765396	9.870072	74	0	0.061606	0.026208
2381.1629996299744	6.068816	78	0	0.05395	0.026208
2383.167000055313	5.72788	74	0	0.062379	0.026208
2385.173999786377	5.649504	78	0	0.089231	0.026208
2387.165999889374	5.728624	68	0	0.047601	0.026208
2389.1929998397827	8.16916	64	0	0.04039	0.026208
2391.165999889374	10.221192	70	0	0.063001	0.026208
2393.130999803543	8.187224	76	12	0.067634	0.026208
2395.1640000343323	4.842544	76	0	0.061331	0.026208
2397.165999889374	5.035064	4	0	0.056138	0.026208
2399.167000055313	6.573512	116	0	0.068916	0.026208
2401.165999889374	7.665352	90	0	0.056891	0.026208
2403.1619997024536	9.426224	72	0	0.049506	0.026208
2405.1959998607635	9.538824	72	0	0.062051	0.026208
2407.167999982834	9.11388	72	0	0.050486	0.026208
2409.414999961853	8.84068	72	0	0.053054	0.026208
2411.415999889374	6.44464	78	0	0.096237	0.026208
2413.414999961853	5.09268	68	0	0.081132	0.026208
2415.415999889374	4.058528	62	0	0.108756	0.026208
2417.43399977684	7.9644	64	0	0.060537	0.026208
2419.4139997959137	3.654904	64	0	0.051398	0.026208
2421.4169998168945	7.884496	60	0	0.054666	0.026208
2423.276999950409	9.323192	64	0	0.052834	0.026208
2425.420999765396	1.955696	78	0	0.059875	0.026208
2427.449999809265	7.650064	74	21	0.0757	0.026208
2429.415999889374	4.560504	70	0	0.053536	0.026208
2431.426999807358	9.373656	60	0	0.049787	0.026208
2433.414999961853	5.686056	64	0	0.086144	0.026208
2435.418999671936	4.524584	66	0	0.056289	0.026208
2437.6689999103546	7.997088	72	0	0.063492	0.026208
2439.665999889374	10.358464	74	0	0.06219	0.026208
2442.1640000343323	8.316352	78	0	0.062783	0.026208
2444.1640000343323	5.903344	76	0	0.049373	0.026208
2446.412999868393	6.614048	84	0	0.05682	0.026208
2448.4179997444153	10.02932	72	0	0.058335	0.026208
2450.412999868393	5.933832	76	0	0.052854	0.026208
2452.415999889374	10.228272	76	0	0.052293	0.026208
2454.415999889374	8.913736	74	0	0.058528	0.026208
2456.414999961853	9.644536	78	0	0.06405	0.026208
2458.414999961853	6.576472	80	0	0.053422	0.026208
2460.4249999523163	8.904624	60	0	0.045182	0.026208
2462.411999940872	9.934216	70	0	0.055143	0.026208
2464.4169998168945	1.229184	70	0	0.075547	0.026208
2466.415999889374	10.219064	68	0	0.064407	0.026208
2468.415999889374	3.761224	70	0	0.052496	0.026208
2470.415999889374	7.493296	72	0	0.051657	0.026208
2472.4169998168945	7.085808	66	0	0.06143	0.026208
2474.420999765396	6.785696	58	0	0.048203	0.026208
2476.4139997959137	8.181544	62	0	0.076958	0.026208
2478.414999961853	3.20112	60	0	0.050665	0.026208
2480.414999961853	5.303768	66	0	0.055855	0.026208
2482.412999868393	8.261064	64	0	0.06109	0.026208
2484.414999961853	5.685048	70	0	0.054209	0.026208
2486.415999889374	10.441688	74	0	0.056544	0.026208
2488.912999868393	2.464976	74	0	0.059555	0.026208
2490.912999868393	5.956488	86	0	0.064215	0.026208
2492.915999889374	4.9852	64	0	0.072877	0.026208
2494.9139997959137	3.213336	78	0	0.070399	0.026208
2496.9139997959137	10.263736	78	0	0.058903	0.026208
2498.912999868393	6.762232	74	0	0.048451	0.026208
2500.9240000247955	9.271656	76	0	0.062411	0.026208
2502.937999725342	4.443416	78	0	0.059201	0.026208
2504.7889997959137	6.260264	78	0	0.071528	0.026208
2506.9169998168945	3.545304	72	0	0.055115	0.026208
2508.912999868393	10.441352	78	0	0.065457	0.026208
2510.9149997234344	6.171184	86	0	0.066464	0.026208
2512.9149997234344	10.034704	70	0	0.057236	0.026208
2514.915999889374	8.856	78	0	0.062712	0.026208
2516.912999868393	8.852328	68	0	0.045961	0.026208
2518.9670000076294	10.09008	70	0	0.064881	0.026208
2520.9149997234344	3.86976	78	0	0.069475	0.026208
2522.9169998168945	8.310816	80	0	0.066926	0.026208
2524.9139997959137	5.85484	58	0	0.081431	0.02635
2526.912999868393	5.265424	60	0	0.048427	0.02635
2528.771999835968	6.042824	68	0	0.062672	0.02635
2530.915999889374	11.945304	68	0	0.066695	0.02635
2532.9240000247955	4.119184	64	0	0.060969	0.02635
2534.9319999217987	5.90896	60	0	0.09243	0.02635
2536.9139997959137	6.03028	76	0	0.053126	0.02635
2538.915999889374	8.63344	80	0	0.06288	0.02635
2540.911999940872	7.342256	72	0	0.050323	0.02635
2542.9169998168945	7.6226	72	0	0.058196	0.02635
2544.9169998168945	7.935072	72	0	0.062038	0.02635
2546.9139997959137	9.755736	74	0	0.061196	0.02635
2548.911999940872	7.34312	70	0	0.061387	0.02635
2550.915999889374	9.75292	72	0	0.060778	0.02635
2552.7729997634888	8.892808	80	0	0.063927	0.02635
2554.9199998378754	4.214056	72	0	0.050127	0.02635
2556.912999868393	6.644576	78	0	0.060152	0.02635
2558.911999940872	5.065696	70	0	0.051314	0.02635
2560.9169998168945	3.87764	72	0	0.079384	0.02635
2562.9169998168945	5.759976	70	0	0.065384	0.02635
2564.9169998168945	4.42292	74	0	0.055735	0.02635
2566.9139997959137	7.16584	68	0	0.051684	0.02635
2568.912999868393	4.764568	72	0	0.05311	0.02635
2570.9169998168945	4.02828	88	0	0.058795	0.02635
2573.1640000343323	10.12028	70	0	0.053048	0.02635
2575.165999889374	9.950448	72	0	0.051757	0.02635
2577.0269997119904	8.951424	64	0	0.042567	0.02635
2579.164999961853	11.016832	76	0	0.065654	0.02635
2581.170999765396	3.902896	66	0	0.046442	0.02635
2583.1789996623993	10.284008	68	0	0.05115	0.02635
2585.1699998378754	4.549568	74	0	0.061322	0.02635
2587.1779997348785	8.605792	80	0	0.061572	0.02635
2589.165999889374	10.39792	76	0	0.061337	0.02635
2591.1689999103546	10.00768	72	0	0.064919	0.02635
2593.165999889374	8.27976	80	0	0.059142	0.02635
2595.167999982834	10.338712	74	0	0.060369	0.02635
2597.167000055313	2.896512	70	0	0.053478	0.02635
2599.164999961853	3.013	76	0	0.05331	0.02635
2601.1699998378754	9.951208	68	0	0.05295	0.02635
2603.1779997348785	8.18004	80	0	0.064066	0.02635
2605.1640000343323	8.277056	70	0	0.071997	0.02635
2607.1640000343323	7.585856	72	0	0.051019	0.02635
2609.173999786377	6.870424	74	0	0.062633	0.02635
2611.167000055313	11.091216	76	0	0.059512	0.02635
2613.173999786377	9.461368	64	0	0.054684	0.02635
2615.415999889374	4.314872	70	0	0.050933	0.02635
2617.415999889374	8.166896	62	0	0.053003	0.026169
2619.412999868393	9.273144	64	0	0.057627	0.026169
2621.4199998378754	8.447576	56	0	0.049157	0.026169
2623.415999889374	4.222384	64	0	0.050305	0.026169
2625.2709999084473	10.204	60	0	0.057402	0.026169
2627.4139997959137	8.140384	4	0	0.052622	0.026169
2629.4139997959137	8.91628	88	0	0.061861	0.026169
2631.415999889374	10.162336	82	0	0.051453	0.026169
2633.412999868393	8.204528	70	0	0.051029	0.026169
2635.415999889374	8.9714	74	0	0.063498	0.026169
2637.414999961853	7.881472	74	0	0.055588	0.026169
2639.4199998378754	8.178296	68	0	0.061002	0.026169
2641.414999961853	2.403168	64	0	0.063711	0.026169
2643.412999868393	9.735344	68	0	0.059717	0.026169
2645.4139997959137	4.93852	62	0	0.096818	0.026169
2647.4139997959137	3.821816	68	0	0.05202	0.026169
2649.5279998779297	8.569288	70	0	0.059652	0.026169
2651.664999961853	9.231976	78	0	0.060019	0.026169
2653.6640000343323	3.231656	70	0	0.049033	0.026169
2655.6619997024536	11.2014	78	0	0.056941	0.026169
2657.6699998378754	4.094624	62	0	0.058084	0.026169
2659.6779997348785	6.753352	64	0	0.095909	0.026169
2661.6669998168945	4.792832	68	0	0.05487	0.026169
2663.698999643326	6.9618	68	0	0.060507	0.026169
2665.662999868393	6.83424	68	0	0.055163	0.026169
2667.6640000343323	5.23296	70	0	0.082501	0.026169
2669.665999889374	9.365488	62	0	0.048904	0.026169
2671.6619997024536	3.839416	66	0	0.0527	0.026169
2673.6689999103546	8.423792	64	0	0.064347	0.026169
2675.665999889374	5.422048	68	0	0.056302	0.026169
2677.667999982834	7.121376	58	0	0.049165	0.026169
2679.7179996967316	2.712672	66	0	0.065386	0.026169
2681.664999961853	8.550392	64	0	0.060157	0.026169
2683.667999982834	8.678816	64	0	0.075831	0.026169
2685.664999961853	2.544032	64	0	0.059596	0.026169
2687.6699998378754	3.606912	76	0	0.050466	0.026169
2689.662999868393	8.060816	76	0	0.061289	0.026169
2691.6640000343323	8.332224	72	0	0.076512	0.026169
2693.6799998283386	2.882808	72	0	0.202485	0.026169
2695.6640000343323	3.6088	76	0	0.057388	0.026169
2697.675999879837	11.484296	80	0	0.057348	0.026169
2699.664999961853	8.16164	82	0	0.06436	0.026169
2701.662999868393	8.059736	72	0	0.049524	0.026169
2703.6640000343323	8.376392	78	0	0.058022	0.026169
2705.684000015259	5.748712	76	0	0.052831	0.026169
2707.667999982834	5.490344	78	0	0.071771	0.026169
2709.664999961853	2.625304	60	0	0.053476	0.025984
2711.664999961853	6.451616	54	0	0.045677	0.025984
2713.662999868393	3.554776	62	0	0.052747	0.025984
2715.664999961853	6.874144	58	0	0.050748	0.025984
2717.6640000343323	5.017088	62	0	0.08438	0.025984
2719.6619997024536	5.104608	76	0	0.072512	0.025984
2721.662999868393	5.932048	80	0	0.096215	0.025984
2723.6640000343323	5.868152	84	0	0.10591	0.025984
2725.6640000343323	8.02772	66	0	0.047949	0.025984
2727.664999961853	4.966496	76	0	0.05478	0.025984
2729.6619997024536	8.00976	70	0	0.05794	0.025984
2731.662999868393	10.805456	76	0	0.056269	0.025984
2733.662999868393	8.074024	70	0	0.057866	0.025984
2735.664999961853	7.746624	78	0	0.060294	0.025984
2737.664999961853	7.180216	66	0	0.04394	0.025984
2739.667999982834	3.101704	72	0	0.055265	0.025984
2741.662999868393	12.18864	71	0	0.061081	0.025984
2743.6710000038147	6.734832	76	0	0.070799	0.025984
2745.6929998397827	9.108328	60	0	0.04757	0.025984
2747.678999900818	6.13572	76	0	0.045135	0.025984
2749.664999961853	5.862184	82	0	0.088122	0.025984
2751.7739996910095	7.243728	68	1	0.065383	0.025984
2753.664999961853	7.701128	68	0	0.055031	0.025984
2755.6669998168945	10.13084	68	0	0.058839	0.025984
2757.662999868393	3.142616	72	0	0.05525	0.025984
2759.6640000343323	3.92688	68	0	0.054902	0.025984
2761.6640000343323	3.085136	68	0	0.051755	0.025984
2763.662999868393	4.179616	78	0	0.054205	0.025984
2765.6619997024536	9.06192	68	0	0.048747	0.025984
2767.6640000343323	5.629024	76	0	0.0694	0.025984
2769.6640000343323	8.928144	76	0	0.062711	0.025984
2771.665999889374	8.270272	76	0	0.055623	0.025984
2773.662999868393	3.65436	78	0	0.054297	0.025984
2775.665999889374	9.339616	76	0	0.057235	0.025984
2777.664999961853	10.21216	72	0	0.059162	0.025984
2779.6640000343323	10.823672	82	0	0.060598	0.025984
2781.6640000343323	9.03616	82	0	0.070226	0.025984
2783.664999961853	10.47088	76	0	0.05772	0.025984
2785.6669998168945	9.014752	76	0	0.054835	0.025984
2787.6640000343323	4.292768	82	0	0.049854	0.025984
2789.664999961853	9.034808	76	0	0.060802	0.025984
2791.6809997558594	4.409072	78	0	0.057937	0.025984
2793.6710000038147	9.370816	76	0	0.061923	0.025984
2795.664999961853	9.845752	70	0	0.051767	0.025984
2797.6699998378754	8.486096	62	0	0.059098	0.025984
2799.664999961853	8.265328	66	0	0.054981	0.025984
2801.664999961853	5.202	60	0	0.056667	0.025797
2803.6619997024536	10.86124	62	0	0.053124	0.025797
2805.9149997234344	5.395808	64	0	0.053705	0.025797
2807.9149997234344	9.36252	54	0	0.046268	0.025797
2809.9149997234344	7.80756	60	0	0.049785	0.025797
2811.915999889374	8.975408	80	0	0.060809	0.025797
2813.9149997234344	8.943728	82	0	0.068291	0.025797
2815.9139997959137	8.844392	66	0	0.057388	0.025797
2817.9319999217987	10.460504	74	0	0.056665	0.025797
2819.9149997234344	9.523664	80	0	0.064553	0.025797
2821.9139997959137	10.48344	72	0	0.056591	0.025797
2823.9149997234344	4.81076	76	0	0.057093	0.025797
2825.915999889374	3.624856	74	0	0.052534	0.025797
2827.9139997959137	9.57548	78	0	0.057901	0.025797
2829.9169998168945	8.80352	68	0	0.044924	0.025797
2831.9139997959137	2.947472	68	0	0.077143	0.025797
2833.915999889374	5.950744	62	0	0.048509	0.025797
2835.9139997959137	4.91152	62	0	0.055588	0.025797
2837.915999889374	4.575768	62	0	0.050916	0.025797
2839.925999879837	6.490312	62	0	0.055602	0.025797
2841.9139997959137	10.378376	74	0	0.059507	0.025797
2843.915999889374	11.12884	78	0	0.066009	0.025797
2845.9149997234344	2.662504	72	0	0.054199	0.025797
2847.9110000133514	10.49104	74	0	0.053657	0.025797
2849.9139997959137	2.634032	78	0	0.049322	0.025797
2851.9139997959137	7.28124	78	0	0.063765	0.025797
2853.9240000247955	10.298064	74	0	0.057338	0.025797
2855.9169998168945	2.460776	72	0	0.052507	0.025797
2857.9179997444153	8.741264	80	0	0.062144	0.025797
2859.9309997558594	9.3348	66	0	0.056288	0.025797
2861.912999868393	2.984768	74	0	0.052459	0.025797
2863.911999940872	9.990528	78	0	0.063154	0.025797
2865.9240000247955	8.455344	78	0	0.063728	0.025797
2867.915999889374	6.973632	70	0	0.054297	0.025797
2869.9169998168945	10.5264	72	0	0.062467	0.025797
2871.915999889374	7.177784	66	0	0.057155	0.025797
2873.9169998168945	7.844872	66	0	0.059978	0.025797
2875.9139997959137	10.500736	66	0	0.060341	0.025797
2877.915999889374	7.47528	64	0	0.06193	0.025797
2879.9139997959137	8.231208	66	0	0.061436	0.025797
2881.9139997959137	6.273752	78	0	0.063715	0.025797
2883.9169998168945	4.84216	78	0	0.060058	0.025797
2885.9139997959137	3.936752	62	0	0.052987	0.025797
2887.912999868393	7.935104	72	0	0.056292	0.025797
2890.1629996299744	9.711912	78	0	0.059304	0.025797
2892.1779997348785	8.17588	62	0	0.059282	0.025797
2894.1629996299744	6.425504	62	0	0.059494	0.02553
2896.165999889374	6.662592	62	0	0.071557	0.02553
2898.164999961853	7.760632	62	0	0.065106	0.02553
2900.165999889374	9.080064	62	0	0.061086	0.02553
2902.1629996299744	4.712456	64	0	0.055373	0.02553
2904.1629996299744	6.225344	62	0	0.056941	0.02553
2906.1640000343323	3.220088	78	0	0.058676	0.02553
2908.164999961853	6.531144	76	0	0.060278	0.02553
2910.164999961853	10.265704	72	0	0.056064	0.02553
2912.164999961853	4.569984	78	0	0.056661	0.02553
2914.165999889374	10.240176	70	0	0.059601	0.02553
2916.164999961853	10.514776	72	0	0.060357	0.02553
2918.1629996299744	8.90208	76	0	0.065049	0.02553
2920.1640000343323	3.808824	72	0	0.050651	0.02553
2922.1619997024536	4.769672	78	0	0.06653	0.02553
2924.1629996299744	2.255784	62	0	0.061714	0.02553
2926.4169998168945	4.08092	76	0	0.085077	0.02553
2928.269999742508	10.655144	74	0	0.061123	0.02553
2930.414999961853	4.650032	74	0	0.050503	0.02553
2932.411999940872	7.25844	74	0	0.055884	0.02553
2934.4139997959137	9.733944	66	0	0.05288	0.02553
2936.415999889374	5.457592	76	0	0.106639	0.02553
2938.4139997959137	8.735968	74	0	0.061215	0.02553
2940.4169998168945	9.137608	78	0	0.065032	0.02553
2942.4139997959137	2.056216	72	0	0.074838	0.02553
2944.426999807358	6.055152	78	25	0.081675	0.02553
2946.939999818802	8.349696	70	0	0.066556	0.02553
2949.0139997005463	8.928744	76	22	0.054972	0.02553
2951.4579997062683	8.221032	78	0	0.075672	0.02553
2953.2089998722076	9.802808	70	9	0.054907	0.02553
2954.4489998817444	7.279544	64	0	0.070682	0.02553
2956.412999868393	9.635744	66	0	0.057766	0.02553
2958.415999889374	10.643112	66	0	0.059644	0.02553
2960.415999889374	6.770792	66	0	0.053351	0.02553
2962.411999940872	9.05824	66	0	0.059768	0.02553
2964.411999940872	5.154336	68	0	0.058739	0.02553
2966.911999940872	3.95476	60	0	0.058029	0.02553
2968.9139997959137	10.072488	74	0	0.061322	0.02553
2970.9249999523163	10.400288	76	0	0.05645	0.02553
2972.9179997444153	9.746016	78	0	0.061787	0.02553
2974.955999851227	11.098704	78	0	0.064881	0.02553
2976.9139997959137	6.245488	76	0	0.059448	0.02553
2978.9139997959137	5.216696	64	0	0.048071	0.02553
2980.912999868393	7.72668	70	0	0.057902	0.02553
2982.912999868393	9.21324	70	0	0.059483	0.02553
2984.912999868393	7.653536	70	0	0.059623	0.02553
2986.9139997959137	5.678416	56	0	0.060354	0.02553
2988.9240000247955	4.886768	82	0	0.05599	0.02553
2990.936999797821	9.008576	82	0	0.066995	0.02553
2992.9149997234344	8.808648	80	0	0.055591	0.02553
2994.9249999523163	7.175728	80	0	0.059503	0.02553
2996.9149997234344	2.258016	66	0	0.050885	0.02553
2998.911999940872	9.604072	72	0	0.056311	0.02553
3000.911999940872	9.871312	72	0	0.060351	0.02553
3002.9139997959137	9.405096	74	0	0.05159	0.02553
3004.9309997558594	4.133392	98	0	0.092108	0.02553
3006.915999889374	9.495648	78	0	0.062411	0.02553
3008.920999765396	5.476792	78	0	0.054418	0.02553
3010.921999692917	8.5768	76	0	0.062317	0.02553
3012.912999868393	10.913088	78	0	0.05483	0.02553
3014.9139997959137	4.716608	82	0	0.050615	0.02553
3016.911999940872	9.259944	82	0	0.062519	0.02553
3018.9110000133514	4.293112	68	0	0.078125	0.02553
3020.928999900818	5.78356	76	0	0.098355	0.02553
3022.9139997959137	8.25312	78	0	0.058307	0.02553
3024.9189999103546	8.756704	78	0	0.058839	0.02553
3026.915999889374	7.897848	64	0	0.05171	0.02553
3028.912999868393	9.56944	66	0	0.045546	0.02553
3030.911999940872	10.141272	70	0	0.055659	0.02553
3032.9149997234344	4.947328	78	0	0.050622	0.02553
3034.9139997959137	8.78692	78	0	0.061728	0.02553
3036.9169998168945	10.514552	72	0	0.061225	0.02553
3038.9169998168945	7.457312	76	0	0.059113	0.02553
3040.899999856949	8.786048	76	0	0.071939	0.02553
3042.9149997234344	5.551016	78	0	0.08779	0.02553
3044.9179997444153	10.978256	76	0	0.05507	0.02553
3046.9149997234344	4.248944	74	0	0.056993	0.02553
3048.912999868393	10.130896	72	0	0.05453	0.02553
3050.9139997959137	7.255704	74	0	0.048529	0.02553
3052.912999868393	10.826768	76	0	0.06233	0.02553
3054.9169998168945	4.237056	76	0	0.054603	0.02553
3056.9179997444153	3.829928	72	0	0.048092	0.02553
3058.9149997234344	10.072112	76	0	0.06291	0.02553
3060.9139997959137	10.072112	76	0	0.057107	0.02553
3062.9139997959137	10.648088	74	0	0.059478	0.02553
3064.915999889374	4.86552	80	0	0.083237	0.02553
3066.912999868393	10.830704	76	0	0.060779	0.02553
3068.9139997959137	9.771936	78	0	0.069002	0.02553
3070.9139997959137	8.225456	70	0	0.052217	0.02553
3072.9139997959137	7.696256	70	0	0.077511	0.02553
3074.912999868393	3.456904	72	0	0.075759	0.02553
3076.9139997959137	6.221216	74	0	0.059853	0.02553
3078.915999889374	3.507424	58	0	0.081973	0.02553
3080.9139997959137	1.40004	70	0	0.05954	0.02553
3082.9249999523163	8.530024	76	0	0.063342	0.02553
3084.915999889374	5.96708	76	0	0.05903	0.02553
3086.9169998168945	7.308904	68	0	0.056173	0.02553
3088.9110000133514	11.492344	70	0	0.062387	0.02553
3090.912999868393	6.09016	68	0	0.054214	0.02553
3092.9139997959137	10.37832	64	0	0.057022	0.02553
3094.9139997959137	8.503048	68	0	0.061598	0.02553
3096.912999868393	8.646968	80	0	0.066606	0.02553
3098.915999889374	10.253248	72	0	0.059547	0.02553
3100.912999868393	7.878272	80	0	0.070509	0.02553
3103.165999889374	11.536696	82	0	0.064999	0.02553
3105.1809997558594	4.96276	82	0	0.064649	0.02553
3107.1629996299744	7.565312	72	0	0.063744	0.02553
3109.167000055313	5.400976	72	0	0.058358	0.02553
3111.4139997959137	8.041792	76	0	0.068961	0.02553
3113.412999868393	7.78188	78	0	0.054341	0.02553
3115.412999868393	6.341296	68	0	0.053753	0.02553
3117.415999889374	9.19756	72	0	0.051629	0.02553
3119.4139997959137	4.40376	80	0	0.056679	0.02553
3121.412999868393	10.352432	78	0	0.064388	0.02553
3123.415999889374	7.093032	78	0	0.056174	0.02553
3125.4199998378754	6.995696	78	0	0.065322	0.02553
3127.4139997959137	5.07468	78	0	0.055001	0.02553
3129.423000097275	5.4424	80	0	0.057085	0.02553
3131.411999940872	9.92284	76	0	0.05446	0.02553
3133.409999847412	6.305472	84	0	0.082002	0.02553
3135.412999868393	5.34444	68	0	0.112451	0.02553
3137.414999961853	9.000584	72	0	0.068993	0.02553
3139.415999889374	9.823656	68	0	0.061701	0.02553
3141.4139997959137	8.403952	68	0	0.060446	0.02553
3143.412999868393	9.914456	62	0	0.054436	0.02553
3145.414999961853	9.310544	66	0	0.061461	0.02553
3147.411999940872	8.531176	68	0	0.055426	0.02553
3149.4139997959137	9.538944	68	0	0.043675	0.02553
3151.421999692917	10.750208	76	0	0.053776	0.02553
3153.415999889374	5.941352	78	0	0.074158	0.02553
3155.4169998168945	8.691368	68	0	0.043151	0.02553
3157.412999868393	8.328024	78	0	0.054874	0.02553
3159.412999868393	9.651376	78	0	0.052537	0.02553
3161.412999868393	7.998904	78	0	0.064644	0.02553
3163.411999940872	4.065712	80	0	0.057575	0.02553
3165.412999868393	3.531288	66	0	0.051908	0.02553
3167.4240000247955	7.607216	74	0	0.053078	0.02553
3169.411999940872	9.397456	74	0	0.056478	0.02553
3171.412999868393	8.899792	80	0	0.070859	0.02553
3173.412999868393	9.753496	72	0	0.049832	0.02553
3175.412999868393	7.909384	74	0	0.056726	0.02553
3177.412999868393	9.470184	72	0	0.06036	0.02553
3179.411999940872	5.840352	78	0	0.063579	0.02553
3181.414999961853	4.48956	78	0	0.053873	0.02553
3183.412999868393	3.416336	78	0	0.04988	0.02553
3185.4139997959137	9.54332	76	0	0.06751	0.02553
3187.412999868393	7.668952	76	0	0.057363	0.02553
3189.4139997959137	5.215584	78	0	0.111638	0.02553
3191.412999868393	10.2388	74	0	0.063179	0.02553
3193.410999774933	9.305504	78	0	0.062107	0.026628
3195.4179997444153	4.926824	70	0	0.079399	0.026628
3197.415999889374	6.656288	76	0	0.054177	0.026628
3199.414999961853	10.264592	74	0	0.060835	0.026628
3201.414999961853	8.50116	74	0	0.059611	0.026628
3203.414999961853	10.11504	74	0	0.058597	0.026628
3205.410999774933	8.972128	72	0	0.081296	0.026628
3207.412999868393	10.914768	76	0	0.058909	0.026628
3209.4139997959137	6.873728	78	0	0.043771	0.026628
3211.411999940872	5.339256	76	0	0.0921	0.026628
3213.414999961853	10.950064	77	0	0.05567	0.026628
3215.4240000247955	4.958016	80	0	0.055828	0.026628
3217.420999765396	10.098256	70	0	0.056293	0.026628
3219.412999868393	7.836008	76	0	0.059724	0.026628
3221.4139997959137	6.245328	66	0	0.055606	0.026628
3223.4139997959137	9.069096	74	0	0.062715	0.026628
3225.415999889374	1.457688	76	0	0.069732	0.026628
3227.423000097275	5.646896	78	0	0.099103	0.026628
3229.412999868393	4.59248	66	0	0.053546	0.026628
3231.4179997444153	10.918608	74	0	0.058759	0.026628
3233.412999868393	4.943688	76	0	0.070345	0.026628
3235.415999889374	9.352752	66	0	0.065101	0.026628
3237.4139997959137	8.921816	70	0	0.056814	0.026628
3239.4169998168945	9.915144	66	0	0.057572	0.026628
3241.4139997959137	10.911072	70	0	0.061401	0.026628
3243.5759999752045	3.36572	68	0	0.05425	0.026628
3245.944000005722	3.348576	4	0	0.055181	0.026628
3247.859999895096	9.596856	70	14	0.06295	0.026628
3249.603999853134	7.71196	78	0	0.061209	0.026628
3251.412999868393	11.434248	80	0	0.05939	0.026628
3253.414999961853	10.389936	72	0	0.057049	0.026628
3255.411999940872	2.675776	68	0	0.055656	0.026628
3258.047999858856	4.534288	64	0	0.05805	0.026628
3259.4139997959137	8.235352	68	0	0.067631	0.026628
3261.912999868393	6.757704	60	0	0.064042	0.026628
3263.912999868393	9.257552	66	0	0.062521	0.026628
3265.9149997234344	9.432248	70	0	0.051207	0.026628
3267.915999889374	7.271728	78	0	0.057008	0.026628
3269.9149997234344	3.698776	68	0	0.062449	0.026628
3271.9139997959137	3.391912	76	0	0.057087	0.026628
3273.912999868393	4.52896	80	0	0.068818	0.026628
3276.165999889374	5.01372	72	0	0.073615	0.026628
3278.1779997348785	7.799672	74	0	0.053862	0.026628
3280.164999961853	10.460256	86	0	0.058542	0.028148
3282.1629996299744	9.135952	62	0	0.056671	0.027769
3284.1629996299744	10.89756	66	0	0.058696	0.027769
3286.165999889374	9.982072	62	0	0.04641	0.027769
3288.1640000343323	8.21708	64	0	0.055466	0.027769
3290.176999807358	8.377288	66	0	0.064429	0.027769
3292.1719999313354	9.017304	70	0	0.059969	0.027769
3294.175999879837	7.331664	74	0	0.054428	0.027769
3296.1799998283386	3.873072	56	0	0.05415	0.026581
3298.167000055313	9.10424	60	0	0.058832	0.026581
3300.165999889374	8.548208	64	0	0.064821	0.026581
3302.164999961853	8.77116	58	0	0.055052	0.026581
3304.1849999427795	5.23092	62	0	0.049832	0.026581
3306.1719999313354	4.847848	76	0	0.052704	0.026581
3308.175999879837	3.353432	72	0	0.05559	0.026581
3310.167000055313	9.887712	68	0	0.062514	0.026581
3312.1629996299744	6.038304	72	0	0.065579	0.026581
3314.165999889374	6.148496	70	0	0.064081	0.026581
3316.1629996299744	4.88228	64	0	0.049967	0.026581
3318.165999889374	9.288112	74	0	0.070663	0.026581
3320.1629996299744	9.505144	74	0	0.053968	0.026581
3322.1629996299744	9.492304	74	0	0.067764	0.026581
3324.1629996299744	8.232136	84	0	0.070423	0.026581
3326.165999889374	2.558104	60	0	0.067845	0.026581
3328.170999765396	4.623216	66	0	0.054593	0.026581
3330.173999786377	3.810096	64	0	0.050104	0.026581
3332.411999940872	7.641328	60	0	0.060529	0.026002
3334.415999889374	8.07704	62	0	0.053828	0.026002
3336.412999868393	9.75892	62	0	0.05744	0.026002
3338.412999868393	8.53912	62	0	0.063213	0.026002
3340.4240000247955	5.277144	60	0	0.045856	0.026002
3342.415999889374	6.68812	66	0	0.057939	0.026002
3344.415999889374	3.714992	64	0	0.050218	0.026002
3346.436999797821	4.928264	64	0	0.055976	0.026002
3348.4139997959137	8.21852	66	0	0.060389	0.026002
3350.415999889374	6.022672	74	0	0.067968	0.026002
3352.263000011444	11.939616	84	0	0.058196	0.026002
3354.414999961853	8.111824	84	0	0.058792	0.026002
3356.414999961853	9.334632	70	0	0.060165	0.026002
3358.4179997444153	3.844904	76	0	0.061064	0.026002
3360.4329998493195	9.56904	78	0	0.07281	0.026002
3362.4089999198914	9.254928	76	0	0.065146	0.026002
3364.4139997959137	5.201352	68	0	0.052788	0.026002
3366.414999961853	10.938176	76	0	0.060341	0.026002
3368.414999961853	8.509776	86	0	0.064157	0.026002
3370.427999973297	8.473096	72	0	0.047837	0.026002
3372.414999961853	9.956384	76	0	0.065206	0.026002
3374.411999940872	10.453864	74	0	0.063524	0.026002
3376.418999671936	10.376528	72	0	0.058204	0.026002
3378.415999889374	8.43164	66	0	0.057455	0.026002
3380.414999961853	7.316952	68	0	0.055727	0.026002
3382.415999889374	7.271448	72	0	0.064278	0.026002
3384.421999692917	8.221608	60	0	0.049162	0.026002
3386.4199998378754	9.40516	78	0	0.064265	0.026002
3388.4139997959137	8.043312	68	0	0.048095	0.026002
3390.4139997959137	3.301936	78	0	0.088063	0.026002
3392.411999940872	10.870072	78	0	0.056009	0.026002
3394.4139997959137	7.014416	78	0	0.056244	0.026002
3396.4139997959137	8.740832	116	0	0.061991	0.026002
3398.6669998168945	7.694104	72	0	0.050461	0.026002
3400.5199999809265	10.198496	80	0	0.059194	0.026002
3402.664999961853	4.05192	80	0	0.056837	0.026002
3404.672999858856	10.318288	72	0	0.054777	0.026002
3406.6699998378754	3.56316	72	0	0.055792	0.026002
3408.664999961853	7.443472	74	0	0.05504	0.026002
3410.6640000343323	9.245464	74	0	0.060993	0.026002
3412.662999868393	4.142832	74	0	0.053944	0.026002
3414.6640000343323	6.186392	64	0	0.053339	0.026002
3416.664999961853	6.782192	68	0	0.049083	0.026002
3418.6640000343323	2.904488	70	0	0.050308	0.026002
3420.6640000343323	6.852816	74	0	0.058813	0.026002
3422.6640000343323	6.825208	80	0	0.077473	0.026002
3424.5169999599457	8.919224	80	0	0.063679	0.026002
3426.6640000343323	6.61136	70	0	0.049749	0.026002
3428.6619997024536	10.10896	74	0	0.065135	0.026002
3430.6619997024536	9.009416	78	0	0.060708	0.026002
3432.6640000343323	9.698736	78	0	0.060716	0.026002
3434.6640000343323	8.322072	64	0	0.051384	0.026002
3436.662999868393	3.835248	78	0	0.059418	0.026002
3438.6669998168945	11.68956	82	0	0.060897	0.026002
3440.6640000343323	4.81908	82	0	0.054372	0.026002
3442.6799998283386	10.656496	74	0	0.062601	0.026002
3444.6640000343323	4.931312	86	0	0.128741	0.026002
3446.665999889374	7.886992	50	0	0.048847	0.025719
3448.514999628067	9.924808	62	0	0.060827	0.025719
3450.664999961853	5.004176	60	0	0.085438	0.025719
3452.6640000343323	4.438064	60	0	0.051791	0.025719
3454.667999982834	7.036664	62	0	0.054401	0.025719
3456.6640000343323	8.670288	70	0	0.051804	0.025719
3458.6619997024536	10.366096	72	0	0.059758	0.025719
3460.662999868393	8.40188	74	0	0.054724	0.025719
3462.662999868393	5.224264	76	0	0.053488	0.025719
3464.6669998168945	6.793232	78	0	0.047559	0.025719
3466.6640000343323	5.108056	68	0	0.056399	0.025719
3468.6640000343323	8.361296	74	0	0.059989	0.025719
3470.6640000343323	4.399664	76	0	0.05178	0.025719
3472.524999856949	6.761552	72	0	0.066627	0.025719
3474.664999961853	10.187192	62	0	0.056976	0.025719
3476.6640000343323	5.949	62	0	0.096349	0.025719
3478.664999961853	8.321544	68	0	0.057527	0.025719
3480.6640000343323	8.726616	56	0	0.048642	0.025719
3482.664999961853	10.652544	82	0	0.055763	0.025719
3484.662999868393	6.986456	76	0	0.057531	0.025719
3486.6640000343323	9.615664	68	0	0.055497	0.025719
3488.664999961853	9.982512	74	0	0.051251	0.025719
3490.6640000343323	8.225416	80	0	0.055073	0.025719
3492.665999889374	8.996328	72	0	0.067826	0.025719
3494.672999858856	2.989384	82	0	0.060081	0.025719
3496.6619997024536	9.138424	64	0	0.06511	0.025719
3498.662999868393	8.295232	56	0	0.058065	0.025719
3500.664999961853	4.975584	62	0	0.068082	0.025719
3502.659999847412	10.065704	60	0	0.052195	0.025719
3504.6619997024536	4.022712	64	0	0.050344	0.025719
3506.664999961853	9.061912	96	0	0.071076	0.025719
3508.6640000343323	11.155016	82	0	0.064686	0.025719
3510.664999961853	9.277648	86	0	0.064862	0.025719
3512.664999961853	7.854112	82	0	0.064931	0.025719
3514.9149997234344	4.868104	74	0	0.062087	0.025719
3517.2499997615814	8.34584	78	19	0.071675	0.025719
3519.2200000286102	6.951704	70	0	0.057355	0.025719
3520.9270000457764	10.381816	62	0	0.05647	0.025719
3522.93399977684	9.403936	60	0	0.054304	0.025719
3524.9149997234344	10.02772	60	0	0.055911	0.025719
3526.9139997959137	6.983008	64	0	0.053288	0.025719
3528.911999940872	8.658248	64	0	0.060887	0.025719
3530.912999868393	11.376904	66	0	0.061943	0.025719
3532.915999889374	8.509512	80	0	0.065956	0.025719
3535.411999940872	9.673568	80	0	0.060348	0.025719
3537.414999961853	8.181656	74	0	0.058188	0.025719
3539.412999868393	4.17024	76	0	0.061634	0.025719
3541.412999868393	8.49376	70	0	0.054479	0.025719
3543.4139997959137	8.6058	70	0	0.055706	0.025719
3545.4139997959137	4.353232	76	0	0.097911	0.025719
3547.4139997959137	9.2374	62	0	0.048218	0.025719
3549.415999889374	10.684832	68	0	0.063117	0.025719
3551.4139997959137	6.421856	70	0	0.097818	0.025719
3553.412999868393	8.069656	62	0	0.054076	0.025719
3555.411999940872	10.46236	68	0	0.057995	0.025719
3557.415999889374	6.53792	78	0	0.053858	0.025719
3559.4169998168945	4.62372	78	0	0.056798	0.025719
3561.414999961853	4.66812	78	0	0.054585	0.025719
3563.411999940872	10.400488	74	0	0.054681	0.025719
3565.4139997959137	5.793904	84	0	0.072062	0.025719
3567.411999940872	5.44668	84	0	0.058071	0.025719
3569.4199998378754	10.51676	72	0	0.060914	0.025719
3571.412999868393	9.640288	74	0	0.051605	0.025719
3573.415999889374	7.165968	80	0	0.06703	0.025719
3575.415999889374	5.689096	80	0	0.113349	0.025719
3577.4169998168945	7.572664	72	0	0.0535	0.025719
3579.418999671936	6.801384	76	0	0.055128	0.025719
3582.4939997196198	6.754248	64	0	0.071745	0.025719
3583.470999956131	8.0164	64	0	0.059066	0.025719
3585.9889998435974	5.9138	62	33	0.084049	0.025719
3589.2179996967316	9.348328	62	0	0.064146	0.025719
3590.2419998645782	10.358776	60	22	0.057572	0.025719
3591.9459998607635	6.782808	78	0	0.072536	0.025719
3594.731999874115	5.691136	84	19	0.084617	0.025719
3596.2369997501373	8.43076	68	0	0.046941	0.025719
3597.9139997959137	5.127464	86	0	0.090356	0.025719
3599.9139997959137	3.650544	74	0	0.054609	0.025719
3601.911999940872	9.128632	80	0	0.074648	0.025719
3604.6699998378754	8.481416	80	0	0.067627	0.025719
3606.665999889374	8.720272	68	0	0.043522	0.025719
3608.660999774933	6.043384	68	0	0.064956	0.025719
3611.164999961853	7.429048	68	0	0.054837	0.025719
3613.164999961853	2.716728	66	0	0.054119	0.025719
3615.1629996299744	10.282688	66	0	0.058881	0.025719
3617.164999961853	8.867616	68	0	0.057203	0.025719
3619.188999891281	10.165496	78	0	0.059105	0.025719
3621.164999961853	5.729968	80	0	0.055692	0.025719
3623.159999847412	6.976128	80	0	0.087236	0.025719
3625.1689999103546	3.06	66	0	0.057414	0.025719
3627.167000055313	5.89328	68	0	0.056944	0.025719
3629.167999982834	4.76664	68	0	0.091503	0.025719
3631.164999961853	9.317064	60	0	0.045625	0.025719
3633.1859998703003	9.150576	62	0	0.061559	0.025719
3635.1689999103546	4.06988	74	0	0.043711	0.025719
3637.165999889374	7.111584	76	0	0.04907	0.025719
3639.165999889374	10.910592	78	0	0.055904	0.025719
3641.165999889374	8.181368	84	0	0.062571	0.025719
3643.167999982834	9.52268	70	0	0.052004	0.025719
3645.194999694824	5.407944	80	0	0.047887	0.025719
3647.1640000343323	8.82644	66	0	0.040927	0.025719
3649.188999891281	5.106976	74	0	0.053408	0.025719
3651.164999961853	10.691712	76	0	0.060053	0.025719
3653.1689999103546	6.322048	82	0	0.063501	0.025719
3655.1689999103546	2.665136	70	0	0.053541	0.025719
3657.1799998283386	7.999328	70	0	0.055427	0.025719
3659.167999982834	9.968896	4	0	0.065997	0.025719
3661.167000055313	5.626688	78	0	0.0591	0.025719
3663.191999912262	9.092464	80	0	0.100408	0.025719
3665.1689999103546	8.821048	82	0	0.055777	0.025719
3667.164999961853	10.24476	74	0	0.061029	0.025719
3669.1689999103546	7.83268	80	0	0.060015	0.025719
3671.1789996623993	7.40376	80	0	0.081714	0.025719
3673.167999982834	2.853992	80	0	0.062879	0.025719
3675.173999786377	3.308168	76	0	0.073071	0.025719
3677.176999807358	11.213096	80	0	0.059697	0.025719
3679.1629996299744	7.815096	80	0	0.070819	0.025719
3681.1629996299744	6.609544	72	0	0.098095	0.025719
3683.164999961853	8.694176	76	0	0.066391	0.025719
3685.165999889374	4.865336	76	0	0.050486	0.025719
3687.167000055313	8.557688	82	0	0.068342	0.025719
3689.1640000343323	10.285304	74	0	0.06313	0.025719
3691.1879999637604	9.316192	78	0	0.059474	0.025719
3693.165999889374	4.311208	88	0	0.067337	0.025719
3695.172999858856	11.414392	75	0	0.062417	0.025719
3697.418999671936	8.883488	86	0	0.072984	0.025719
3699.4169998168945	4.725096	72	0	0.056889	0.025719
3701.4139997959137	10.756408	78	0	0.059627	0.025719
3703.4139997959137	7.9484	74	0	0.063022	0.025719
3705.415999889374	7.486096	80	0	0.073106	0.025719
3707.411999940872	9.94968	70	0	0.058703	0.025719
3709.412999868393	4.998568	82	0	0.054713	0.025719
3711.4139997959137	8.124736	74	0	0.05477	0.025719
3713.4169998168945	10.715656	76	0	0.060821	0.025719
3715.415999889374	6.027168	78	0	0.060896	0.025719
3717.4139997959137	4.847008	86	0	0.055963	0.025719
3719.412999868393	9.6298	70	0	0.057217	0.025719
3721.412999868393	6.592728	70	0	0.051758	0.025719
3723.4139997959137	5.1272	92	0	0.060267	0.025719
3725.4139997959137	9.373448	76	0	0.05679	0.025719
3727.411999940872	7.808344	82	0	0.061208	0.025719
3729.4139997959137	4.784872	64	0	0.076533	0.025719
3731.4139997959137	3.990824	74	0	0.05104	0.025719
3733.434999704361	8.009368	74	0	0.071196	0.025719
3735.4139997959137	5.913912	70	0	0.065056	0.025719
3737.4419996738434	4.121024	64	0	0.050883	0.025719
3739.411999940872	9.575	58	0	0.049929	0.025719
3741.412999868393	6.5282	66	0	0.05683	0.025719
3743.414999961853	4.709152	66	0	0.054107	0.025719
3745.411999940872	2.920016	64	0	0.050822	0.025719
3747.415999889374	7.636272	60	0	0.072296	0.025734
3749.412999868393	7.6784	72	0	0.067765	0.025734
3751.428999900818	8.017304	78	0	0.061843	0.025734
3753.414999961853	10.252224	76	0	0.055829	0.025734
3755.412999868393	6.06072	76	0	0.051521	0.025734
3757.415999889374	4.913	78	0	0.064358	0.025734
3759.412999868393	5.46668	76	0	0.063992	0.025734
3761.4139997959137	9.673312	78	0	0.058363	0.025734
3763.4139997959137	10.96408	76	0	0.057407	0.025734
3765.410999774933	9.731664	76	0	0.062226	0.025734
3767.411999940872	10.49896	72	0	0.059642	0.025734
3769.4139997959137	5.852824	74	0	0.088597	0.025734
3771.411999940872	7.435752	80	0	0.068185	0.025734
3773.4169998168945	6.764144	102	0	0.0539	0.025734
3775.415999889374	6.569288	76	0	0.070314	0.025734
3777.4139997959137	7.29012	72	0	0.057465	0.025734
3779.427999973297	9.45152	64	0	0.062138	0.025734
3781.4139997959137	3.967672	66	0	0.054114	0.025734
3783.436999797821	9.924168	64	0	0.066539	0.025734
3785.4179997444153	3.79284	58	0	0.092902	0.025734
3787.411999940872	6.906592	60	0	0.059851	0.025734
3789.414999961853	3.84548	86	0	0.048982	0.025734
3791.414999961853	6.980288	76	0	0.075173	0.025734
3793.423000097275	6.92568	62	0	0.072832	0.025734
3795.412999868393	5.780248	64	0	0.093554	0.025734
3797.4139997959137	8.28148	66	0	0.068657	0.025734
3799.414999961853	8.445832	60	0	0.054092	0.025734
3801.427999973297	8.464672	64	19	0.077179	0.025734
3803.421999692917	7.501496	64	0	0.059487	0.025734
3805.4169998168945	3.863672	82	0	0.06213	0.025734
3807.4169998168945	9.882216	74	0	0.058381	0.025734
3809.4139997959137	10.013192	78	0	0.059439	0.025734
3811.412999868393	8.504944	80	0	0.063449	0.025734
3813.4139997959137	4.429104	78	0	0.059921	0.025734
3815.415999889374	6.218336	78	0	0.075529	0.025734
3817.4299998283386	3.723024	66	0	0.058717	0.025734
3819.4169998168945	10.044616	62	0	0.057845	0.025734
3821.4179997444153	5.264616	58	0	0.093784	0.025734
3823.421999692917	6.399936	64	0	0.061497	0.025734
3825.660999774933	8.944448	64	0	0.062593	0.025734
3827.921999692917	2.821216	58	0	0.05215	0.025734
3829.912999868393	8.596808	80	0	0.065606	0.025734
3831.9169998168945	10.446408	74	0	0.059728	0.025734
3834.184000015259	4.060032	80	0	0.053574	0.025734
3836.1619997024536	11.223448	71	0	0.057388	0.025734
3838.1719999313354	8.568296	78	0	0.05527	0.025734
3840.164999961853	7.958168	70	0	0.060403	0.025734
3842.1849999427795	6.355328	72	0	0.107677	0.025734
3844.165999889374	4.9356	70	0	0.070384	0.025734
3846.164999961853	8.955888	70	0	0.070501	0.025734
3848.1619997024536	4.343088	76	0	0.059425	0.025734
3850.047999858856	7.27048	68	0	0.06297	0.025734
3852.1640000343323	10.175024	72	0	0.056555	0.025734
3854.164999961853	8.820512	74	0	0.059928	0.025734
3856.167999982834	7.750456	76	0	0.074077	0.025734
3858.1629996299744	2.6884	78	0	0.056757	0.025734
3860.160999774933	9.97408	72	0	0.057463	0.025734
3862.1619997024536	9.373824	72	0	0.059775	0.025734
3864.1619997024536	9.807704	76	0	0.067124	0.025734
3866.170999765396	4.650672	86	0	0.055853	0.025734
3868.1640000343323	2.462496	84	0	0.060297	0.025734
3870.165999889374	5.846504	78	0	0.064173	0.025734
3872.1629996299744	5.883016	82	0	0.057543	0.025734
3874.176999807358	10.055552	82	0	0.064712	0.025734
3876.1640000343323	9.853416	76	0	0.061079	0.025734
3878.173999786377	9.714312	68	0	0.061311	0.025734
3880.165999889374	5.761896	70	0	0.056662	0.025734
3882.1689999103546	7.675952	64	0	0.043779	0.0262
3884.167000055313	9.630552	72	0	0.061547	0.0262
3886.1629996299744	5.2	64	0	0.059873	0.0262
3888.164999961853	9.996232	72	0	0.058381	0.0262
3890.172999858856	10.397112	74	0	0.062554	0.0262
3892.1749999523163	8.333504	78	0	0.073705	0.0262
3894.167999982834	9.82112	74	0	0.067437	0.0262
3896.167000055313	9.862504	66	0	0.059774	0.0262
3898.1640000343323	6.7254	64	0	0.05755	0.0262
3900.1689999103546	4.503744	64	0	0.055136	0.0262
3902.1640000343323	6.345504	64	0	0.061525	0.0262
3904.167000055313	4.421328	70	0	0.053814	0.0262
3906.175999879837	8.083336	4	0	0.067234	0.0262
3908.164999961853	5.6976	80	0	0.099582	0.0262
3910.1719999313354	7.100752	68	0	0.063352	0.0262
3912.165999889374	8.2098	68	0	0.057969	0.0262
3914.1719999313354	5.128192	68	0	0.086739	0.0262
3916.164999961853	10.492448	64	0	0.05926	0.0262
3918.184000015259	10.211344	66	0	0.061269	0.0262
3920.6539998054504	7.995288	74	0	0.059748	0.0262
3922.1640000343323	8.047904	76	0	0.062109	0.0262
3924.167000055313	11.074696	77	0	0.060122	0.0262
3926.1640000343323	2.920648	80	0	0.087279	0.0262
3928.1719999313354	10.408936	72	0	0.057403	0.0262
3930.609999895096	9.60004	76	0	0.062828	0.0262
3932.1719999313354	7.599312	68	0	0.047279	0.0262
3934.167000055313	3.431312	72	0	0.057605	0.0262
3936.1789996623993	5.703144	80	0	0.099866	0.0262
3938.1689999103546	9.264968	54	0	0.044345	0.025857
3940.1640000343323	4.259968	60	0	0.054931	0.025857
3942.164999961853	10.652096	62	0	0.058556	0.025857
3944.165999889374	4.569704	64	0	0.056679	0.025857
3946.167999982834	6.579776	62	0	0.095042	0.025857
3948.411999940872	3.789712	4	0	0.05294	0.025857
3950.4199998378754	8.41152	70	0	0.05434	0.025857
3952.411999940872	8.43196	80	0	0.075512	0.025857
3954.4139997959137	7.748728	80	0	0.070852	0.025857
3956.4299998283386	10.311224	76	0	0.061703	0.025857
3958.412999868393	5.627472	66	0	0.050504	0.025857
3960.414999961853	5.624216	66	0	0.056344	0.025857
3962.411999940872	5.624216	66	0	0.05834	0.025857
3964.4139997959137	5.624216	66	0	0.050275	0.025857
3966.415999889374	3.377296	62	0	0.048843	0.025857
3968.414999961853	5.780096	74	0	0.051556	0.025857
3970.415999889374	10.07916	72	0	0.057079	0.025857
3972.415999889374	3.993408	74	0	0.055745	0.025857
3974.4169998168945	6.5752	72	0	0.049762	0.025857
3976.4139997959137	10.715224	76	0	0.063925	0.025857
3978.415999889374	7.74388	80	0	0.061443	0.025857
3980.410999774933	5.578664	68	0	0.097081	0.025857
3982.4139997959137	9.419552	68	0	0.053326	0.025857
3984.6640000343323	3.216224	86	0	0.054729	0.025857
3986.672999858856	9.396984	72	0	0.066426	0.025857
