0.0	10.307328	274	0	0.159311	0.150338
1.6359999179840088	14.49304	384	0	0.154163	0.150338
2.18999981880188	13.537896	390	0	0.168787	0.150338
4.191999912261963	17.160416	460	0	0.15368	0.150338
6.192999839782715	22.125928	592	0	0.1525	0.150338
8.188999891281128	21.707984	756	0	0.154889	0.150336
10.187999963760376	29.197	772	0	0.152732	0.150336
12.188999891281128	29.197	772	0	0.152221	0.150336
14.18999981880188	29.197	774	0	0.152574	0.150336
16.187999963760376	29.197	774	0	0.153175	0.150336
18.191999912261963	29.197	774	0	0.153108	0.150336
20.18999981880188	29.197	778	0	0.15284	0.150336
22.188999891281128	29.197	776	0	0.155559	0.150336
24.19099998474121	29.197	776	0	0.156315	0.150336
26.18999981880188	29.197	776	0	0.15277	0.150336
28.188999891281128	29.197	774	0	0.152708	0.150336
30.192999839782715	29.197	774	0	0.154516	0.150336
32.19099998474121	34.876672	966	0	0.152357	0.15008
34.192999839782715	17.267128	967	0	0.153598	0.15008
36.1949999332428	38.199184	1004	0	0.152716	0.15008
38.282999992370605	35.542824	1030	0	0.155927	0.15008
40.197999715805054	40.264464	1036	0	0.153365	0.15008
42.1969997882843	40.20296	4	0	0.153003	0.15008
44.19099998474121	40.20296	1080	0	0.152828	0.15008
46.192999839782715	40.20296	1080	0	0.152716	0.15008
48.19199991226196	40.20296	1080	0	0.154074	0.15008
50.19199991226196	40.20296	1080	0	0.153205	0.15008
52.192999839782715	40.20296	1080	0	0.15528	0.15008
54.192999839782715	40.20296	1080	0	0.152711	0.15008
56.19099998474121	46.0424	1338	0	0.155648	0.15008
58.19099998474121	46.0424	1338	0	0.152363	0.15008
60.192999839782715	46.0424	1338	0	0.153038	0.15008
62.192999839782715	46.0424	1338	0	0.152974	0.15008
64.19099998474121	46.0424	1338	0	0.154217	0.15008
66.19099998474121	46.0424	1340	0	0.153706	0.15008
68.1949999332428	46.0424	1348	0	0.153314	0.15008
70.19099998474121	46.0424	1348	0	0.166753	0.15008
72.21799993515015	46.0424	1340	0	0.152681	0.15008
74.19199991226196	46.0424	1340	0	0.153275	0.15008
76.19099998474121	46.0424	1340	0	0.153312	0.15008
78.19099998474121	46.0424	1340	0	0.153648	0.15008
80.19199991226196	46.0424	1340	0	0.153537	0.15008
82.19199991226196	46.0424	4	0	0.15239	0.15008
84.19099998474121	2.702664	78	0	0.160734	0.15008
86.19099998474121	3.42604	97	0	0.152759	0.15008
88.19099998474121	3.724888	116	0	0.153917	0.15008
90.49399971961975	4.105128	118	0	0.153492	0.15008
92.21299982070923	5.288072	146	0	0.153331	0.15008
94.21199989318848	7.273144	198	0	0.153633	0.15008
97.19599986076355	13.313776	388	0	0.155133	0.15008
98.28200006484985	17.387952	520	0	0.154131	0.15008
101.19400000572205	20.315416	534	0	0.15621	0.15008
103.19400000572205	25.645256	670	0	0.153147	0.15008
105.19299983978271	31.102976	834	0	0.154313	0.15008
107.19299983978271	31.93336	852	0	0.153004	0.15008
109.19299983978271	31.878528	868	0	0.153353	0.15008
111.19299983978271	36.9226	968	0	0.152859	0.15008
113.19299983978271	39.472144	1031	0	0.152082	0.15008
115.19400000572205	39.497288	1032	0	0.153372	0.15008
117.19899988174438	45.100928	4	0	0.153019	0.15008
118.37000012397766	43.864888	1186	0	0.152909	0.15008
121.19400000572205	43.041232	1182	0	0.170617	0.15008
123.1949999332428	48.658488	1273	0	0.15551	0.15008
125.19400000572205	55.016448	1434	0	0.153084	0.15008
127.19400000572205	58.1144	1515	0	0.1526	0.15008
128.35999989509583	57.631824	1516	0	0.153673	0.15008
131.19400000572205	57.631824	4	0	0.153725	0.15008
133.19400000572205	57.631824	1514	0	0.152604	0.15008
135.19400000572205	3.769504	1548	0	0.153067	0.15008
137.19199991226196	22.902808	1550	0	0.152866	0.15008
139.19199991226196	0.075528	1548	0	0.154097	0.15008
141.19299983978271	19.045784	1548	0	0.152946	0.15008
142.35899996757507	19.193792	1548	0	0.153397	0.15008
145.19299983978271	22.234496	1550	0	0.152629	0.15008
147.19299983978271	22.234496	1558	0	0.170731	0.15008
149.19299983978271	22.234496	1558	0	0.156008	0.15008
151.1949999332428	22.234496	1558	0	0.152774	0.15008
152.35999989509583	22.234496	1558	0	0.153608	0.15008
155.19400000572205	22.234496	1556	0	0.152988	0.15008
157.19400000572205	22.234496	1556	0	0.152851	0.15008
159.19899988174438	22.234496	1556	0	0.153346	0.15008
161.19299983978271	22.234496	1556	0	0.153328	0.15008
163.1969997882843	22.234496	1556	0	0.154097	0.15008
165.20300006866455	22.234496	1556	0	0.152561	0.15008
166.36599969863892	22.234496	1560	0	0.153962	0.15008
169.1969997882843	22.234496	1560	0	0.168418	0.15008
171.1969997882843	1.0522	50	0	0.156551	0.15008
173.2829999923706	5.329304	148	53	0.153038	0.15008
175.1969997882843	10.163728	288	0	0.153963	0.15008
177.19799971580505	11.042504	360	0	0.153125	0.15008
179.19599986076355	11.720104	360	0	0.155916	0.15008
181.1969997882843	13.804352	452	0	0.153791	0.15008
183.19599986076355	17.526648	460	0	0.152076	0.150043
185.19599986076355	17.865256	488	0	0.154649	0.150043
187.1949999332428	22.9576	604	0	0.153062	0.150043
189.19599986076355	24.65584	686	0	0.153245	0.150043
190.3809998035431	30.006416	782	0	0.154628	0.150043
193.19599986076355	32.599312	849	0	0.1526	0.150043
195.19599986076355	36.720088	960	0	0.153281	0.150043
197.1969997882843	36.720088	960	0	0.153519	0.150043
199.1969997882843	45.2516	1190	0	0.152995	0.150043
200.36599969863892	43.585848	1218	0	0.152743	0.150043
203.19599986076355	46.320272	1242	0	0.15414	0.150043
205.19599986076355	46.320272	1244	0	0.152835	0.150043
207.19599986076355	46.320272	1244	0	0.153642	0.150043
209.1969997882843	46.320272	4	0	0.152372	0.150043
211.1969997882843	48.73636	1274	0	0.152735	0.150043
213.1969997882843	49.760544	1300	0	0.153167	0.150043
214.37199997901917	49.760544	1304	0	0.153559	0.150043
217.1949999332428	49.760544	1304	0	0.152689	0.150043
219.1969997882843	49.760544	1304	0	0.152695	0.150043
221.1969997882843	49.760544	1304	0	0.156092	0.150043
223.19799971580505	49.760544	1304	0	0.168791	0.150043
224.3619999885559	49.760544	1304	0	0.15447	0.150043
227.1969997882843	49.760544	1304	0	0.153041	0.150043
229.19899988174438	54.209432	4	0	0.153818	0.150043
231.1969997882843	52.931552	1450	0	0.154166	0.150043
233.19799971580505	52.931552	1450	0	0.153072	0.150043
235.1969997882843	52.931552	1454	0	0.156245	0.150043
237.1969997882843	52.931552	1454	0	0.152336	0.150043
238.36499977111816	52.931552	1454	0	0.154369	0.150043
241.19799971580505	52.931552	1454	0	0.152444	0.150043
243.19799971580505	52.931552	1454	0	0.152615	0.150043
245.19799971580505	51.565144	1348	0	0.154253	0.150043
247.19899988174438	51.565144	1346	0	0.152873	0.150043
248.3639998435974	51.565144	1348	0	0.152857	0.150043
251.19799971580505	52.483808	1370	0	0.152368	0.150043
253.1969997882843	52.483808	1368	0	0.153973	0.150043
255.19799971580505	52.483808	1368	0	0.157986	0.150043
257.1969997882843	52.483808	1368	0	0.15771	0.150043
259.1969997882843	52.483808	1368	0	0.152903	0.150043
261.1969997882843	52.483808	1368	0	0.169367	0.150043
263.19599986076355	52.483808	1372	0	0.153194	0.150043
265.1969997882843	52.483808	1372	0	0.152671	0.150043
267.19799971580505	52.483808	1372	0	0.153242	0.150043
269.1969997882843	52.483808	1372	0	0.154296	0.150043
271.19799971580505	52.483808	1372	0	0.153353	0.150043
273.19999980926514	52.483808	1372	0	0.153925	0.150043
275.1989998817444	52.483808	1372	0	0.152697	0.150043
277.2009997367859	52.483808	1372	0	0.152836	0.150043
279.2009997367859	60.353336	1584	0	0.152217	0.150043
281.19799971580505	68.073544	1776	0	0.152896	0.150043
283.2009997367859	68.073544	1776	0	0.15352	0.150043
285.19799971580505	68.073544	1776	0	0.153403	0.150043
287.20300006866455	68.073544	1776	0	0.153204	0.150043
289.2009997367859	68.073544	1776	0	0.152621	0.150043
291.20300006866455	68.073544	1906	0	0.167341	0.150043
293.1989998817444	68.073544	1778	0	0.153801	0.150043
295.2009997367859	68.073544	1778	0	0.15271	0.150043
297.2020001411438	68.073544	1778	0	0.152624	0.150043
299.2020001411438	68.073544	1778	0	0.179582	0.150043
301.2009997367859	68.073544	1778	0	0.1532	0.150043
303.2009997367859	68.073544	1778	0	0.153274	0.150043
305.2009997367859	68.073544	1784	0	0.153562	0.150043
307.2009997367859	68.073544	1784	0	0.153228	0.150043
309.20300006866455	68.073544	1778	0	0.152982	0.150043
311.19999980926514	71.411952	1992	0	0.153306	0.150043
313.2009997367859	77.90308	2030	0	0.152222	0.150043
315.2009997367859	77.90308	2034	0	0.153312	0.150043
317.2009997367859	77.90308	2040	0	0.156896	0.150043
319.20499992370605	77.90308	2040	0	0.153387	0.150043
321.2020001411438	78.50412	2113	0	0.156527	0.150043
323.19999980926514	78.50412	2064	0	0.153106	0.150043
325.2020001411438	78.50412	2064	0	0.152964	0.150043
327.19999980926514	78.50412	2056	0	0.153783	0.150043
329.2009997367859	78.50412	2056	0	0.152429	0.150043
331.19999980926514	78.50412	2056	0	0.153969	0.150043
333.1989998817444	78.50412	2056	0	0.153373	0.150043
335.19999980926514	78.50412	2056	0	0.154544	0.150043
337.1989998817444	78.50412	4	0	0.152628	0.150043
339.1989998817444	78.50412	2056	0	0.153621	0.150043
341.1989998817444	78.50412	2062	0	0.154847	0.150043
343.19999980926514	78.50412	2062	0	0.153207	0.150043
345.19999980926514	78.50412	2062	0	0.160885	0.150043
347.19999980926514	78.50412	2062	0	0.160464	0.150043
349.19999980926514	78.50412	4	0	0.152919	0.150043
351.19999980926514	78.50412	2066	0	0.162302	0.150043
353.2009997367859	78.50412	2056	0	0.152474	0.150043
355.2039999961853	78.50412	2062	0	0.197302	0.150043
357.19999980926514	78.50412	2058	0	0.153712	0.150043
359.19999980926514	78.50412	2058	0	0.153898	0.150043
361.19999980926514	78.50412	2058	0	0.153537	0.150043
363.2009997367859	78.50412	2058	0	0.152857	0.150043
365.19999980926514	78.50412	2058	0	0.156524	0.150043
367.2009997367859	78.50412	2058	0	0.152816	0.150043
369.2009997367859	78.50412	2110	0	0.160847	0.150043
371.2020001411438	78.50412	2066	0	0.153016	0.150043
373.20300006866455	78.50412	2064	0	0.152973	0.150043
375.19999980926514	78.50412	2060	0	0.153168	0.150043
377.2009997367859	2.78788	150	0	0.171752	0.150043
379.19999980926514	5.533656	156	0	0.153706	0.150043
381.20300006866455	7.407912	200	0	0.152865	0.150043
383.2009997367859	7.696664	234	0	0.153194	0.150043
385.20300006866455	8.702984	236	0	0.153262	0.150043
387.2009997367859	13.218384	402	0	0.15419	0.150043
389.2020001411438	15.18464	404	0	0.152853	0.150043
391.20300006866455	19.088952	500	0	0.152528	0.150043
393.20300006866455	22.319976	584	0	0.153284	0.150043
395.20300006866455	23.111232	608	0	0.15481	0.150043
397.2039999961853	23.199	608	0	0.152356	0.150043
399.2009997367859	24.77016	654	0	0.153105	0.150043
401.20300006866455	24.250232	654	0	0.15337	0.150043
403.2059998512268	25.725048	676	0	0.153573	0.150043
405.20700001716614	33.51008	884	0	0.152563	0.150043
407.2039999961853	41.42356	1122	0	0.153356	0.150043
409.2079999446869	42.00496	1124	0	0.152994	0.150043
411.20899987220764	45.204512	1396	0	0.152522	0.150043
413.20700001716614	54.930912	1428	0	0.152914	0.150043
415.20499992370605	55.207312	1466	0	0.152705	0.150043
417.2109999656677	63.547488	1654	0	0.154566	0.150043
419.20700001716614	62.309016	4	0	0.153112	0.150043
421.20700001716614	64.539744	1846	0	0.15376	0.150043
423.20899987220764	70.221784	1896	0	0.153036	0.150043
425.2079999446869	72.881616	2114	0	0.179439	0.150043
427.20700001716614	85.207672	2220	0	0.154882	0.150043
429.2079999446869	90.322424	2355	0	0.171825	0.150043
431.20899987220764	92.703	2442	0	0.157373	0.150043
433.2059998512268	93.443416	2486	0	0.159808	0.150043
435.20899987220764	93.443416	2486	0	0.155684	0.150043
437.20899987220764	93.443416	2510	0	0.15457	0.150043
439.20700001716614	94.588488	2502	0	0.165977	0.150043
441.2149999141693	93.452616	2548	0	0.157606	0.150043
443.20700001716614	87.190576	2608	0	0.159124	0.150043
445.2059998512268	87.190576	2608	0	0.165255	0.150043
447.20499992370605	93.592224	2614	0	0.165058	0.150043
449.2079999446869	93.592224	4	0	0.163007	0.150043
451.2059998512268	94.922704	2628	0	0.166258	0.150043
453.2039999961853	94.922704	2628	0	0.160683	0.150043
455.20300006866455	94.922704	2628	0	0.155232	0.150043
457.2039999961853	94.922704	2628	0	0.157734	0.150043
459.2039999961853	94.922704	2620	0	0.156997	0.150043
461.2039999961853	94.922704	2620	0	0.156151	0.150043
463.2039999961853	94.922704	2620	0	0.156383	0.150043
465.2059998512268	94.922704	2620	0	0.154665	0.150043
467.20499992370605	94.922704	2620	0	0.160022	0.150043
469.20499992370605	94.922704	4	0	0.156611	0.150043
471.2059998512268	94.922704	2622	0	0.155719	0.150043
473.2059998512268	94.922704	2618	0	0.15557	0.150043
475.20499992370605	94.922704	2624	0	0.153951	0.150043
477.2059998512268	94.922704	2624	0	0.154855	0.150043
479.2039999961853	94.922704	2624	0	0.155686	0.150043
481.2059998512268	94.922704	2624	0	0.156493	0.150043
483.20499992370605	94.922704	4	0	0.156069	0.150043
485.20700001716614	94.922704	2620	0	0.156953	0.150165
487.20899987220764	63.486	1692	0	0.162414	0.150165
489.20499992370605	63.486	1688	0	0.153836	0.150165
491.20499992370605	63.486	1682	0	0.15333	0.150165
493.2059998512268	63.486	1682	0	0.152399	0.150165
495.2059998512268	63.486	1682	0	0.174522	0.150165
497.20499992370605	63.486	1680	0	0.152504	0.150165
499.20499992370605	63.486	1680	0	0.154093	0.150165
501.20499992370605	63.486	1680	0	0.15286	0.150165
503.20499992370605	63.486	1680	0	0.157662	0.150165
505.20700001716614	63.486	1680	0	0.153793	0.150165
507.2039999961853	63.486	1680	0	0.152913	0.150165
509.2039999961853	63.486	1686	0	0.15588	0.150165
511.2059998512268	63.486	1686	0	0.153108	0.150165
513.2059998512268	63.486	1686	0	0.153252	0.150165
515.2039999961853	63.486	1686	0	0.156252	0.150165
517.204999923706	63.486	1686	0	0.154854	0.150165
519.2059998512268	63.486	4	0	0.15308	0.150165
521.204999923706	63.486	1684	0	0.15363	0.150165
523.204999923706	63.486	1684	0	0.152829	0.150165
525.2070000171661	63.486	1684	0	0.152978	0.150165
527.2070000171661	63.486	1684	0	0.152695	0.150165
529.2070000171661	63.486	1684	0	0.152563	0.150165
531.2059998512268	63.486	1684	0	0.153438	0.150165
533.2070000171661	63.486	1684	0	0.152938	0.150165
535.2059998512268	63.486	4	0	0.15348	0.150165
537.204999923706	63.486	1684	0	0.153684	0.150165
539.2089998722076	63.486	1682	0	0.152596	0.150165
541.2070000171661	63.486	1682	0	0.15338	0.150165
543.2109999656677	63.486	1682	0	0.15272	0.150165
545.2089998722076	63.486	1682	0	0.154666	0.150165
547.2079999446869	63.486	1682	0	0.152766	0.150165
549.210000038147	63.486	4	0	0.152245	0.150165
551.2089998722076	63.486	1680	0	0.153536	0.150165
553.210000038147	63.486	1682	0	0.152429	0.150165
555.2089998722076	63.486	1682	0	0.152611	0.150165
557.2079999446869	63.486	1682	0	0.153521	0.150165
559.2079999446869	63.486	1682	0	0.154708	0.150165
561.2089998722076	63.486	1688	0	0.15362	0.150165
563.210000038147	63.486	1680	0	0.152727	0.150165
565.2079999446869	63.486	1680	0	0.152624	0.150165
567.2070000171661	63.486	1680	0	0.153505	0.150165
569.2089998722076	63.486	1680	0	0.153847	0.150165
571.210000038147	63.486	1680	0	0.154115	0.150165
573.2079999446869	63.486	4	0	0.152976	0.150165
575.2070000171661	63.486	1684	0	0.154565	0.150165
577.2079999446869	63.486	1684	0	0.152842	0.150165
579.2070000171661	63.486	1684	0	0.15531	0.150165
581.2070000171661	63.486	1684	0	0.153586	0.150165
583.2079999446869	63.486	1684	0	0.152485	0.150165
585.2079999446869	63.486	1692	0	0.153974	0.150165
587.2079999446869	63.486	1676	0	0.153504	0.149971
589.2070000171661	63.486	1676	0	0.153007	0.149971
591.2089998722076	63.486	1676	0	0.153384	0.149971
593.2079999446869	63.486	1676	0	0.153708	0.149971
595.2079999446869	63.486	1676	0	0.156568	0.149971
597.2089998722076	63.486	4	0	0.153074	0.149971
599.2079999446869	63.486	1686	0	0.15409	0.149971
601.2070000171661	63.486	1686	0	0.152908	0.149971
603.2079999446869	63.486	1684	0	0.153283	0.149971
605.2089998722076	63.486	1688	0	0.153719	0.149971
607.2079999446869	63.486	1684	0	0.153193	0.149971
609.210000038147	63.486	1684	0	0.154878	0.149971
611.2079999446869	63.486	1684	0	0.154055	0.149971
613.210000038147	63.486	1684	0	0.153507	0.149971
615.2079999446869	63.486	1684	0	0.152883	0.149971
617.2089998722076	63.486	4	0	0.153125	0.149971
619.210000038147	63.486	1688	0	0.153528	0.149971
621.2109999656677	63.486	1684	0	0.153073	0.149971
623.210000038147	63.486	1684	0	0.152936	0.149971
625.2089998722076	63.486	1684	0	0.153838	0.149971
627.210000038147	63.486	1684	0	0.15252	0.149971
629.2089998722076	63.486	1684	0	0.154945	0.149971
631.210000038147	63.486	1684	0	0.154431	0.149971
633.2129998207092	63.486	1684	0	0.154574	0.149971
635.2119998931885	63.486	1684	0	0.153889	0.149971
637.2119998931885	63.477848	1664	0	0.153886	0.149971
639.2119998931885	68.736424	1795	0	0.152338	0.149971
641.2109999656677	65.943792	1928	0	0.155143	0.149971
643.2109999656677	3.36132	2000	0	0.15475	0.149971
645.2129998207092	85.017952	2215	0	0.153374	0.149971
647.2129998207092	84.256016	2308	0	0.155637	0.149971
649.2109999656677	86.516912	2308	0	0.160125	0.149971
651.2129998207092	90.74688	4	0	0.153808	0.149971
653.2119998931885	90.74688	2376	0	0.153776	0.149971
655.2129998207092	3.654776	2372	0	0.169465	0.149971
657.2129998207092	88.183288	2372	0	0.153531	0.149971
659.21399974823	87.018304	2378	0	0.153193	0.149971
661.2119998931885	87.018304	2378	0	0.159396	0.149971
663.2109999656677	41.78904	2334	0	0.154	0.149971
665.2129998207092	42.877248	4	0	0.153907	0.149971
667.2129998207092	87.482256	2342	0	0.175161	0.149971
669.210000038147	88.883952	2366	0	0.162877	0.149971
671.21399974823	88.883952	2366	0	0.155596	0.149971
673.2159998416901	88.883952	2366	0	0.15655	0.149971
675.21399974823	88.883952	2366	0	0.168999	0.149971
677.2119998931885	88.883952	2366	0	0.157213	0.149971
679.2129998207092	88.883952	2366	0	0.177001	0.149971
681.2129998207092	88.883952	2372	0	0.153239	0.149971
683.2129998207092	88.883952	2366	0	0.153504	0.149971
685.2129998207092	88.883952	2366	0	0.153609	0.149971
687.2119998931885	88.883952	2366	0	0.153361	0.149971
689.2119998931885	88.883952	2366	0	0.155563	0.149971
691.2119998931885	88.883952	2366	0	0.156655	0.149971
693.2109999656677	88.883952	4	0	0.153878	0.149971
695.2109999656677	88.883952	2372	0	0.155905	0.149971
697.2129998207092	88.883952	2368	0	0.153959	0.149971
699.21399974823	88.883952	2368	0	0.154862	0.149971
701.2169997692108	88.883952	2374	0	0.154253	0.149971
703.2109999656677	88.883952	2374	0	0.153652	0.149971
705.2129998207092	88.883952	2366	0	0.154774	0.149971
707.2129998207092	88.883952	2366	0	0.153308	0.149971
709.2129998207092	88.883952	2364	0	0.15243	0.149971
711.2119998931885	88.883952	2364	0	0.167186	0.149971
713.2129998207092	88.883952	2364	0	0.152963	0.149971
715.2129998207092	88.883952	2364	0	0.155514	0.149971
717.2129998207092	8.072432	220	0	0.15305	0.149971
719.2119998931885	12.14208	316	0	0.152703	0.149971
721.2129998207092	11.862256	324	0	0.152969	0.149971
723.2149999141693	14.421776	398	0	0.152798	0.149971
725.21399974823	16.87412	506	0	0.153621	0.149971
727.2129998207092	19.492528	512	0	0.153083	0.149971
729.21399974823	24.966904	666	0	0.152785	0.149971
731.2129998207092	29.47964	816	0	0.153034	0.149971
733.2149999141693	28.79564	824	0	0.155037	0.149971
735.2159998416901	31.641008	842	0	0.15387	0.149971
737.2159998416901	39.44708	1024	0	0.153217	0.149971
739.2149999141693	42.203688	1102	0	0.153832	0.149971
741.2179999351501	40.284856	1198	0	0.153553	0.149971
743.2159998416901	47.284344	1256	0	0.1545	0.149971
745.2149999141693	51.292848	1576	0	0.152139	0.149971
747.21399974823	56.8258	1577	0	0.15399	0.149971
749.2149999141693	60.35368	1642	0	0.154954	0.149971
751.2129998207092	67.0804	1757	0	0.153425	0.149971
753.2159998416901	67.0804	1778	0	0.155509	0.149971
755.2149999141693	68.637552	1800	0	0.152737	0.149971
757.2159998416901	71.306464	1872	0	0.153382	0.149971
759.21399974823	78.387744	2044	0	0.153405	0.149971
761.2149999141693	78.387744	2044	0	0.154237	0.149971
763.2149999141693	78.387744	2044	0	0.154946	0.149971
765.2129998207092	78.387744	4	0	0.153588	0.149971
767.2129998207092	78.387744	2052	0	0.15531	0.149971
769.2129998207092	78.387744	2052	0	0.153349	0.149971
771.2149999141693	78.387744	2052	0	0.154527	0.149971
773.2149999141693	78.387744	2044	0	0.153039	0.149971
775.2189998626709	78.387744	2044	0	0.160579	0.149971
777.2430000305176	78.387744	2044	0	0.154172	0.149971
779.21399974823	78.387744	2044	0	0.17439	0.149971
781.2169997692108	78.387744	2044	0	0.153143	0.149971
783.2189998626709	80.958352	2106	0	0.154333	0.149971
785.2159998416901	65.047904	2182	0	0.158062	0.149971
787.21399974823	87.863032	2314	0	0.158207	0.149971
789.2159998416901	87.863032	2314	0	0.153924	0.149971
791.2149999141693	87.863032	2314	0	0.154906	0.149971
793.2149999141693	87.863032	2314	0	0.15539	0.149971
795.2159998416901	87.863032	2330	0	0.157824	0.149971
797.2169997692108	87.863032	2320	0	0.154145	0.149971
799.2189998626709	87.863032	2320	0	0.153698	0.149971
801.2519998550415	87.863032	2316	0	0.15504	0.149971
803.2169997692108	87.863032	2316	0	0.155688	0.149971
805.220999956131	87.863032	2316	0	0.160315	0.149971
807.2179999351501	87.863032	2316	0	0.1529	0.149971
809.2169997692108	87.863032	2316	0	0.154934	0.149971
811.220999956131	87.863032	4	0	0.153726	0.149971
813.2230000495911	86.501592	2276	0	0.152634	0.149971
815.2219998836517	93.184864	2472	0	0.196385	0.149971
817.2179999351501	95.058096	2504	0	0.160634	0.149971
819.220999956131	95.058096	2504	0	0.171668	0.149971
821.2179999351501	94.801464	2508	0	0.157859	0.149971
823.2200000286102	94.801464	4	0	0.158384	0.149971
825.2219998836517	88.828008	2522	0	0.157669	0.149971
827.2179999351501	91.667464	2526	0	0.181811	0.149971
829.2189998626709	94.933576	2512	0	0.157191	0.149971
831.2179999351501	94.933576	2512	0	0.158867	0.149971
833.2159998416901	94.933576	2512	0	0.159888	0.149971
835.2169997692108	94.933576	2512	0	0.15618	0.149971
837.2149999141693	16.01024	2506	0	0.167806	0.149971
839.2159998416901	16.01024	2526	0	0.163218	0.149971
841.2159998416901	16.01024	2506	0	0.153476	0.149971
843.2159998416901	17.020904	2506	0	0.153549	0.149971
845.2149999141693	22.14272	2506	0	0.157966	0.149971
847.2149999141693	22.14272	2512	0	0.163605	0.149971
849.2179999351501	22.14272	2512	0	0.155455	0.149971
851.2200000286102	35.89588	4	0	0.158731	0.149971
853.2179999351501	93.92148	2504	0	0.160981	0.149971
855.2169997692108	95.226208	2532	0	0.158545	0.149971
857.2159998416901	95.226208	2532	0	0.157093	0.149971
859.220999956131	95.226208	2532	0	0.155305	0.149971
861.2169997692108	95.226208	2532	0	0.165407	0.149971
863.2189998626709	95.226208	2532	0	0.155077	0.149971
865.220999956131	95.632424	2522	0	0.15489	0.149971
867.2200000286102	95.632424	2522	0	0.159425	0.149971
869.2189998626709	95.000584	2530	0	0.161618	0.149971
871.2230000495911	95.000584	2530	0	0.158108	0.149971
873.2159998416901	95.000584	2530	0	0.157725	0.149971
875.2189998626709	95.000584	2530	0	0.155407	0.149971
877.2189998626709	95.000584	2536	0	0.155256	0.149971
879.2230000495911	95.000584	2534	0	0.154478	0.149971
881.2159998416901	95.000584	2522	0	0.154743	0.149971
883.2219998836517	95.000584	2522	0	0.154771	0.149971
885.2200000286102	95.057	2508	0	0.156762	0.149971
887.220999956131	95.304712	2508	0	0.153975	0.15028
889.2189998626709	92.810048	2514	0	0.155012	0.15028
891.2200000286102	92.810048	4	0	0.153595	0.15028
893.2169997692108	92.810048	2525	0	0.156918	0.15028
895.2159998416901	92.810048	2526	0	0.153507	0.15028
897.2179999351501	92.810048	2526	0	0.159021	0.15028
899.2169997692108	92.810048	2524	0	0.153522	0.15028
901.2169997692108	92.810048	2524	0	0.153664	0.15028
903.2179999351501	92.810048	2524	0	0.153754	0.15028
905.2230000495911	7.64844	2486	0	0.154814	0.15028
907.2230000495911	94.464136	2500	0	0.154046	0.15028
909.220999956131	93.351472	2518	0	0.160558	0.15028
911.2289998531342	92.170344	2524	0	0.157233	0.15028
913.2189998626709	92.170344	2524	0	0.158483	0.15028
915.2189998626709	92.170344	2524	0	0.15504	0.15028
917.2189998626709	92.170344	2524	0	0.159125	0.15028
919.2200000286102	92.170344	2524	0	0.156151	0.15028
921.2200000286102	92.170344	2558	0	0.156447	0.15028
923.220999956131	92.170344	2534	0	0.158462	0.15028
925.2279999256134	95.970224	2526	0	0.159568	0.15028
927.2200000286102	95.970224	2532	0	0.175779	0.15028
929.2219998836517	95.970224	2532	0	0.162038	0.15028
931.2239999771118	95.970224	2532	0	0.155643	0.15028
933.2249999046326	95.970224	2532	0	0.158003	0.15028
935.2239999771118	95.970224	2532	0	0.155829	0.15028
937.220999956131	95.970224	2532	0	0.158522	0.15028
939.2200000286102	95.970224	2532	0	0.175993	0.15028
941.2200000286102	95.970224	2532	0	0.154058	0.15028
943.220999956131	95.970224	2532	0	0.155131	0.15028
945.220999956131	95.970224	4	0	0.154552	0.15028
947.220999956131	95.970224	2534	0	0.154913	0.15028
949.2230000495911	95.970224	2534	0	0.163446	0.15028
951.2219998836517	95.970224	2534	0	0.157928	0.15028
953.2230000495911	95.970224	2532	0	0.155957	0.15028
955.2230000495911	95.970224	2532	0	0.158548	0.15028
957.2230000495911	95.970224	2532	0	0.15562	0.15028
959.2219998836517	95.970224	2532	0	0.15353	0.15028
961.220999956131	95.970224	2532	0	0.160051	0.15028
963.2200000286102	95.970224	4	0	0.154203	0.15028
965.2200000286102	95.970224	2526	0	0.155086	0.15028
967.2189998626709	9.540144	266	0	0.156743	0.15028
969.2189998626709	10.821488	292	0	0.153513	0.15028
971.2200000286102	11.740128	312	0	0.152996	0.15028
973.220999956131	12.224664	376	0	0.153993	0.15028
975.2200000286102	13.557424	382	0	0.164392	0.15028
977.220999956131	17.53284	460	0	0.152681	0.15028
979.220999956131	18.555008	564	0	0.152849	0.150167
981.220999956131	21.379336	582	0	0.1538	0.150167
983.2200000286102	22.679608	596	0	0.156519	0.150167
985.2200000286102	22.765936	610	0	0.155014	0.150167
987.2200000286102	24.248768	632	0	0.153031	0.150167
989.2200000286102	24.830776	658	0	0.154308	0.150167
991.2200000286102	24.4962	662	0	0.155421	0.150167
993.2200000286102	24.853136	660	0	0.153079	0.150167
995.2249999046326	24.851376	660	0	0.157892	0.150167
997.2219998836517	25.489664	708	0	0.153238	0.150167
999.2230000495911	27.855176	748	0	0.153667	0.150167
1001.2219998836517	34.29784	930	0	0.155987	0.150167
1003.2219998836517	36.191608	950	0	0.152919	0.150167
1005.2230000495911	34.901728	1138	0	0.152921	0.150167
1007.2239999771118	44.09008	1160	0	0.152486	0.150167
1009.2230000495911	51.329848	1470	0	0.152361	0.150167
1011.220999956131	57.408672	1504	0	0.1527	0.150167
1013.220999956131	57.408672	1504	0	0.152908	0.150167
1015.220999956131	57.408672	1504	0	0.1561	0.150167
1017.220999956131	57.408672	1510	0	0.155355	0.150167
1019.2239999771118	3.633864	1504	0	0.178624	0.150167
1021.2249999046326	55.856816	1540	0	0.153431	0.150167
1023.2230000495911	57.97948	1586	0	0.158812	0.150167
1025.223000049591	72.225008	1906	0	0.153452	0.150167
1027.2249999046326	75.43316	1976	0	0.154674	0.150167
1029.223000049591	60.76848	1977	0	0.153193	0.150167
1031.2219998836517	60.76848	2024	0	0.153901	0.150167
1033.223000049591	60.76848	2024	0	0.153392	0.150167
1035.2249999046326	60.76848	2024	0	0.155309	0.150167
1037.2219998836517	60.76848	2024	0	0.153465	0.150167
1039.223000049591	60.76848	2046	0	0.156938	0.150167
1041.2219998836517	60.76848	2032	0	0.15324	0.150167
1043.2219998836517	60.76848	2030	0	0.152805	0.150167
1045.2239999771118	60.76848	2030	0	0.153134	0.150167
1047.223000049591	60.76848	2030	0	0.15574	0.150167
1049.2239999771118	60.76848	2030	0	0.15505	0.150167
1051.223000049591	60.76848	2030	0	0.159103	0.150167
1053.2239999771118	60.76848	4	0	0.153235	0.150167
1055.2249999046326	60.76848	2032	0	0.15363	0.150167
1057.2269999980927	82.437712	2180	0	0.154504	0.150167
1059.2249999046326	80.560688	2224	0	0.170305	0.150167
1061.223000049591	82.006088	2231	0	0.154012	0.150167
1063.2279999256134	82.006088	2260	0	0.153164	0.150167
1065.2279999256134	87.431848	2328	0	0.156809	0.150167
1067.2249999046326	91.716248	2462	0	0.161271	0.150167
1069.2249999046326	91.716248	2462	0	0.154464	0.150167
1071.2249999046326	91.716248	2462	0	0.154349	0.150167
1073.226000070572	91.716248	2462	0	0.154718	0.150167
1075.2269999980927	91.716248	2462	0	0.155827	0.150167
1077.2249999046326	91.716248	4	0	0.155922	0.150167
1079.2249999046326	91.716248	2474	0	0.153409	0.150167
1081.2239999771118	91.716248	2474	0	0.153476	0.150167
1083.2249999046326	91.716248	2474	0	0.163662	0.150167
1085.2249999046326	91.716248	2474	0	0.15777	0.150167
1087.226000070572	91.716248	2474	0	0.16089	0.150167
1089.226000070572	91.716248	2464	0	0.157809	0.150167
1092.226000070572	92.2218	2432	0	0.15419	0.150167
1094.2249999046326	92.2218	2438	0	0.155197	0.150167
1096.2239999771118	92.2218	2438	0	0.154241	0.150167
1098.226000070572	92.2218	2438	0	0.15399	0.150167
1100.2239999771118	92.2218	2444	0	0.155551	0.150167
1102.2269999980927	92.2218	2438	0	0.155271	0.150167
1104.2279999256134	92.2218	2438	0	0.153482	0.150167
1106.226000070572	92.2218	2438	0	0.153194	0.150167
1107.391000032425	92.2218	2438	0	0.157607	0.150167
1110.226000070572	92.2218	2438	0	0.16182	0.150167
1112.2249999046326	92.2218	2436	0	0.15354	0.150167
1114.2249999046326	92.2218	2436	0	0.154317	0.150167
1116.226000070572	92.2218	2436	0	0.153407	0.150167
1118.2279999256134	92.2218	2436	0	0.156018	0.150167
1120.2529997825623	92.2218	2436	0	0.153527	0.150167
1122.226000070572	92.2218	2634	0	0.172653	0.150167
1124.2239999771118	92.2218	2450	0	0.156447	0.150167
1126.2249999046326	92.2218	2446	0	0.152879	0.150167
1128.226000070572	92.2218	2444	0	0.154676	0.150167
1130.226000070572	92.2218	2440	0	0.153075	0.150167
1131.388000011444	92.2218	2440	0	0.155379	0.150167
1134.226000070572	92.2218	2440	0	0.162884	0.150167
1136.2249999046326	92.2218	2440	0	0.152924	0.150167
1138.2239999771118	92.2218	2440	0	0.155863	0.150167
1140.226000070572	92.2218	2440	0	0.153953	0.150167
1141.3899998664856	92.2218	2442	0	0.154215	0.150167
1144.2549998760223	92.2218	2430	0	0.153356	0.150167
1146.2269999980927	92.2218	2430	0	0.226874	0.150167
1148.2269999980927	92.2218	2430	0	0.153253	0.150167
1150.24799990654	92.2218	2430	0	0.171531	0.150167
1152.226000070572	92.2218	2436	0	0.256675	0.150167
1154.226000070572	92.2218	2436	0	0.155378	0.150167
1155.3889999389648	92.2218	2436	0	0.156607	0.150167
1158.2249999046326	92.2218	2436	0	0.154402	0.150167
1160.226000070572	92.2218	2448	0	0.153581	0.150167
1162.2249999046326	92.2218	2438	0	0.155076	0.150167
1164.2279999256134	92.2218	2436	0	0.155092	0.150167
1165.388000011444	92.2218	2436	0	0.154448	0.150167
1168.2269999980927	92.2218	2436	0	0.158806	0.150167
1169.4509999752045	92.2218	2436	0	0.161678	0.150167
1172.2269999980927	92.2218	2436	0	0.156005	0.150167
1174.2279999256134	92.2218	4	0	0.15519	0.150167
1176.229999780655	92.2218	2440	0	0.153693	0.150167
1178.2289998531342	94.571896	2534	0	0.17233	0.150167
1179.3959999084473	94.79548	2616	0	0.168277	0.150167
1182.2329998016357	90.987312	2616	0	0.187438	0.150167
1184.231999874115	95.3814	2622	0	0.168373	0.150167
1186.231999874115	1.83332	2794	0	0.175782	0.150167
1188.229999780655	93.973832	4	0	0.194036	0.150167
1190.2269999980927	94.627784	2856	0	0.16655	0.150167
1192.231999874115	25.86752	2850	0	0.186808	0.150167
1194.2309999465942	44.6116	2818	0	0.16808	0.150167
1196.231999874115	44.6116	2818	0	0.165783	0.150167
1198.2309999465942	44.6116	2818	0	0.166851	0.150167
1200.2309999465942	0.07584	2514	0	0.172839	0.150167
1202.2279999256134	45.329408	2506	0	0.154296	0.150167
1203.4009997844696	45.329408	2506	0	0.156706	0.150167
1206.2279999256134	45.329408	2506	0	0.153684	0.150167
1208.2279999256134	45.329408	2506	0	0.155171	0.150167
1210.2279999256134	45.329408	2506	0	0.15527	0.150167
1212.2279999256134	45.329408	2506	0	0.177748	0.150167
1213.3889999389648	45.329408	2526	0	0.15428	0.150167
1216.2289998531342	45.329408	2526	0	0.155957	0.150167
1218.2279999256134	45.329408	2526	0	0.177954	0.150167
1220.2279999256134	45.329408	2520	0	0.154679	0.150167
1222.2279999256134	45.329408	2520	0	0.155676	0.150167
1224.2289998531342	45.329408	2520	0	0.155925	0.150167
1226.2289998531342	45.329408	2508	0	0.155609	0.150167
1227.3889999389648	45.329408	2508	0	0.153711	0.150167
1230.2349998950958	45.329408	2508	0	0.154883	0.150167
1232.2289998531342	45.329408	2508	0	0.155977	0.150167
1234.229999780655	45.329408	2508	0	0.154786	0.150167
1236.2279999256134	45.329408	4	0	0.154868	0.150167
1237.3959999084473	45.329408	2506	0	0.153806	0.150167
1240.2289998531342	45.329408	2508	0	0.165668	0.150167
1242.2289998531342	45.329408	2508	0	0.164098	0.150167
1244.229999780655	45.329408	2508	0	0.170066	0.150167
1246.229999780655	45.329408	2508	0	0.157068	0.150167
1248.2309999465942	75.866344	2508	0	0.153795	0.150167
1250.229999780655	75.866344	2526	0	0.156449	0.150167
1251.3929998874664	75.866344	2524	0	0.158196	0.150167
1254.2279999256134	75.866344	2520	0	0.156325	0.150167
1256.229999780655	75.866344	2510	0	0.153579	0.150167
1258.2309999465942	75.866344	2510	0	0.15661	0.150167
1260.231999874115	75.866344	2510	0	0.16513	0.150167
1262.2309999465942	93.47048	2582	0	0.157628	0.150167
1264.2289998531342	93.47048	2582	0	0.15979	0.150167
1266.231999874115	93.47048	4	0	0.184278	0.150167
1268.2309999465942	93.47048	2592	0	0.162884	0.150167
1270.2289998531342	93.47048	2598	0	0.158229	0.150167
1272.2279999256134	93.47048	2596	0	0.158666	0.150167
1274.2279999256134	93.47048	2590	0	0.154935	0.150167
1276.2289998531342	93.47048	2590	0	0.156097	0.150167
1278.2599999904633	93.47048	2590	0	0.1547	0.150167
1280.237999677658	93.47048	2590	0	0.155454	0.150341
1282.2289998531342	93.47048	2590	0	0.158869	0.150341
1284.229999780655	93.47048	4	0	0.155123	0.150341
1286.2309999465942	37.570168	988	0	0.155405	0.150341
1288.2309999465942	36.613936	982	0	0.15314	0.150341
1290.2309999465942	42.500416	1107	0	0.153465	0.15034
1292.229999780655	41.873888	1110	0	0.153274	0.15034
1294.229999780655	41.873888	1110	0	0.153696	0.15034
1296.2289998531342	41.873888	1110	0	0.153293	0.15034
1298.229999780655	41.873888	1110	0	0.154299	0.15034
1300.2309999465942	41.873888	1118	0	0.152842	0.15034
1302.2309999465942	41.873888	1118	0	0.15461	0.15034
1304.229999780655	45.043032	1178	0	0.156061	0.15034
1306.2309999465942	45.043032	1178	0	0.15393	0.15034
1308.229999780655	45.043032	1176	0	0.153217	0.15034
1310.2289998531342	45.043032	1174	0	0.153671	0.150265
1312.231999874115	45.043032	1174	0	0.15272	0.150265
1314.2309999465942	45.043032	1174	0	0.158501	0.150265
1316.2329998016357	45.043032	1174	0	0.155532	0.150265
1318.2309999465942	45.043032	1174	0	0.152759	0.150265
1320.233999967575	45.043032	1178	0	0.158497	0.150265
1322.2369997501373	45.424464	1262	0	0.153584	0.150265
1323.4759998321533	46.452184	1292	0	0.155555	0.150265
1326.2400000095367	49.885456	1320	0	0.153039	0.150265
1328.2420001029968	63.3102	1724	0	0.163098	0.150265
1330.237999677658	70.549712	2094	0	0.152307	0.150265
1332.231999874115	82.4374	2160	0	0.156913	0.150265
1334.233999967575	82.4374	2160	0	0.152774	0.150265
1336.2349998950958	84.132016	2202	0	0.15312	0.150265
1338.2329998016357	89.174832	2287	0	0.158538	0.150265
1340.231999874115	89.174832	2330	0	0.154973	0.150265
1342.231999874115	89.174832	2330	0	0.154267	0.150265
1344.2329998016357	89.174832	2330	0	0.15855	0.150265
1346.2359998226166	89.174832	2330	0	0.153931	0.150265
1348.231999874115	89.174832	2330	0	0.15449	0.150265
1350.2369997501373	89.174832	4	0	0.163136	0.150265
1352.233999967575	89.174832	2332	0	0.155121	0.150265
1354.233999967575	89.174832	2338	0	0.154271	0.150265
1356.2349998950958	89.174832	2338	0	0.156283	0.150265
1358.233999967575	89.174832	2338	0	0.154724	0.150265
1360.233999967575	89.174832	2334	0	0.157739	0.150265
1362.233999967575	89.174832	2334	0	0.181532	0.150265
1364.2329998016357	89.174832	2334	0	0.17293	0.150265
1366.2349998950958	89.375992	2388	0	0.155308	0.150265
1368.2309999465942	91.890232	2462	0	0.160402	0.150265
1370.2329998016357	91.890232	2462	0	0.155192	0.150265
1372.2349998950958	91.890232	2462	0	0.155886	0.150265
1374.2369997501373	85.205896	2514	0	0.170221	0.150265
1376.233999967575	85.205896	2514	0	0.159284	0.150265
1378.2329998016357	85.205896	4	0	0.158539	0.150265
1380.233999967575	85.205896	2516	0	0.157294	0.150265
1382.233999967575	85.205896	2522	0	0.170488	0.150265
1384.2349998950958	17.81116	2516	0	0.159969	0.150265
1386.2329998016357	32.878184	2512	0	0.163086	0.150265
1388.2349998950958	32.878184	2512	0	0.155815	0.150265
1390.2329998016357	32.878184	2512	0	0.158456	0.150265
1392.2329998016357	50.325136	2518	0	0.159101	0.150265
1394.2349998950958	50.325136	2518	0	0.157291	0.150265
1396.2329998016357	50.325136	2530	0	0.159294	0.150265
1398.2349998950958	50.325136	2530	0	0.173121	0.150265
1400.2359998226166	95.12036	2479	0	0.162936	0.150265
1402.2359998226166	89.976264	2506	0	0.170848	0.150265
1404.233999967575	93.778736	2534	0	0.162701	0.150265
1406.2359998226166	93.778736	2534	0	0.155981	0.150265
1408.2359998226166	55.429976	2528	0	0.167162	0.150265
1410.233999967575	94.937168	2510	0	0.155071	0.150265
1412.2349998950958	94.937168	2510	0	0.158026	0.150265
1414.2329998016357	94.937168	2510	0	0.155586	0.150265
1416.233999967575	94.937168	2516	0	0.157783	0.150265
1418.233999967575	94.937168	2516	0	0.15466	0.150265
1420.2359998226166	94.937168	2548	0	0.154498	0.150265
1422.237999677658	94.937168	2530	0	0.159931	0.150265
1424.2359998226166	94.937168	2530	0	0.158925	0.150265
1426.2369997501373	94.937168	2530	0	0.155193	0.150265
1428.239000082016	84.452392	2496	0	0.181422	0.150265
1430.2349998950958	96.966088	2588	0	0.158181	0.150265
1432.233999967575	96.966088	4	0	0.157579	0.150265
1434.2359998226166	96.966088	2610	0	0.157016	0.150265
1436.2349998950958	96.966088	2594	0	0.161372	0.150265
1438.2349998950958	96.966088	2594	0	0.1632	0.150265
1440.2369997501373	96.966088	2594	0	0.163701	0.150265
1442.2359998226166	96.966088	2594	0	0.164057	0.150265
1444.2569999694824	96.966088	2594	0	0.205206	0.150265
1446.2420001029968	13.279744	498	0	0.202933	0.150265
1447.720999956131	9.139208	396	0	0.208976	0.150265
1450.3529999256134	16.330752	456	0	0.154444	0.15026
1452.239000082016	14.805472	468	0	0.205766	0.15026
1454.237999677658	19.320512	600	0	0.153741	0.15026
1456.237999677658	23.104864	610	0	0.153249	0.15026
1458.239000082016	23.439088	628	0	0.154967	0.15026
1460.237999677658	24.532304	794	0	0.15385	0.15026
1462.2400000095367	28.428	794	0	0.154266	0.15026
1464.237999677658	28.918176	796	0	0.155438	0.15026
1466.2400000095367	29.320776	944	0	0.152745	0.15026
1468.237999677658	36.073752	964	0	0.160764	0.15026
1470.2369997501373	40.562088	1070	0	0.152618	0.15026
1472.2359998226166	41.198648	1076	0	0.154205	0.15026
1474.2359998226166	41.198648	1076	0	0.154555	0.15026
1476.2369997501373	47.188272	1244	0	0.153806	0.15026
1478.2359998226166	51.618248	1354	0	0.153247	0.15026
1480.2369997501373	51.618248	1358	0	0.154662	0.15026
1482.2359998226166	52.71848	1416	0	0.154226	0.15026
1484.2369997501373	52.71848	1416	0	0.153222	0.15026
1486.2359998226166	52.71848	1416	0	0.156188	0.15026
1488.2369997501373	52.71848	1412	0	0.154062	0.15026
1490.2369997501373	55.036448	1417	0	0.153003	0.15026
1492.2359998226166	55.036448	1438	0	0.158713	0.15026
1494.2369997501373	55.036448	1436	0	0.153334	0.15026
1496.2349998950958	55.036448	1436	0	0.162448	0.15026
1498.2369997501373	55.036448	1436	0	0.153504	0.15026
1500.2349998950958	55.036448	1436	0	0.153877	0.15026
1502.2359998226166	55.036448	1436	0	0.153897	0.15026
1504.2369997501373	55.036448	1436	0	0.154557	0.15026
1506.2359998226166	55.036448	1448	0	0.156328	0.15026
1508.239000082016	55.036448	1444	0	0.153214	0.15026
1510.2369997501373	55.036448	1444	0	0.158292	0.15026
1512.2359998226166	55.036448	1444	0	0.156716	0.15026
1514.5449998378754	55.036448	1444	0	0.163587	0.15026
1516.2369997501373	55.036448	1440	0	0.15465	0.15026
1518.2359998226166	55.036448	1440	0	0.152819	0.15026
1520.2359998226166	55.036448	1440	0	0.152462	0.15026
1522.2369997501373	55.036448	1440	0	0.23146	0.15026
1524.24799990654	55.036448	1440	0	0.154167	0.15026
1526.2439999580383	55.036448	1448	0	0.155003	0.15026
1528.5460000038147	55.036448	1448	0	0.154602	0.15026
1530.2369997501373	55.036448	1446	0	0.156391	0.15026
1532.2369997501373	55.036448	1444	0	0.154186	0.15026
1534.2359998226166	55.036448	1444	0	0.153639	0.15026
1536.2369997501373	55.036448	1444	0	0.15332	0.15026
1538.2369997501373	55.036448	1444	0	0.153384	0.15026
1540.2369997501373	55.036448	1444	0	0.153782	0.15026
1542.2359998226166	55.036448	1444	0	0.153855	0.15026
1544.2369997501373	55.036448	1456	0	0.207577	0.15026
1546.2369997501373	55.036448	1440	0	0.152572	0.15026
1548.2400000095367	55.036448	1440	0	0.153795	0.15026
1550.2369997501373	55.036448	1440	0	0.153196	0.15026
1552.2359998226166	55.036448	1440	0	0.152913	0.15026
1554.237999677658	55.036448	1440	0	0.152948	0.15026
1556.2409999370575	55.036448	4	0	0.152641	0.15026
1558.237999677658	55.036448	1436	0	0.153346	0.15026
1560.239000082016	55.036448	1436	0	0.153678	0.15026
1562.237999677658	55.036448	1440	0	0.15367	0.15026
1564.2369997501373	55.036448	1440	0	0.155773	0.15026
1566.2369997501373	55.036448	1440	0	0.155503	0.15026
1568.2400000095367	55.036448	1440	0	0.153692	0.15026
1570.2459998130798	51.537512	1488	0	0.159894	0.15026
1572.2439999580383	62.270136	1710	0	0.152503	0.15026
1574.2469999790192	66.247648	1768	0	0.153054	0.15026
1576.2430000305176	71.864152	1950	0	0.158409	0.15026
1578.244999885559	73.304224	2124	0	0.153512	0.15026
1580.24799990654	77.543272	2176	0	0.155509	0.15026
1582.244999885559	79.51148	2228	0	0.16744	0.15026
1584.2430000305176	85.278832	2248	0	0.153865	0.15026
1586.2430000305176	88.365592	2298	0	0.154287	0.15026
1588.2430000305176	54.311264	2322	0	0.156782	0.15026
1590.2409999370575	54.311264	2314	0	0.15638	0.15026
1592.2420001029968	54.311264	2314	0	0.153782	0.15026
1594.2400000095367	54.311264	2314	0	0.153865	0.15026
1596.2400000095367	54.311264	2314	0	0.153605	0.15026
1598.2409999370575	54.311264	2314	0	0.156137	0.15026
1600.2430000305176	54.311264	2314	0	0.165193	0.15026
1602.2430000305176	83.073416	4	0	0.17062	0.15026
1604.239000082016	48.670432	2190	0	0.185177	0.15026
1606.2420001029968	48.670432	2188	0	0.154786	0.15026
1608.2409999370575	86.242608	2256	0	0.158877	0.15026
1610.2400000095367	86.242608	2262	0	0.154361	0.15026
1612.239000082016	86.242608	2262	0	0.154649	0.15026
1614.237999677658	86.242608	2262	0	0.156724	0.15026
1616.2400000095367	86.242608	2262	0	0.153624	0.15026
1618.2420001029968	86.242608	2258	0	0.164412	0.15026
1620.2430000305176	89.60548	2410	0	0.161908	0.15026
1622.2409999370575	93.41172	2472	0	0.155539	0.15026
1624.2420001029968	93.586824	2472	0	0.161034	0.15026
1626.2409999370575	93.586824	2472	0	0.154873	0.15026
1628.2420001029968	93.586824	2472	0	0.153656	0.15026
1630.2400000095367	93.586824	2472	0	0.158535	0.15026
1632.2400000095367	93.586824	2474	0	0.153852	0.15026
1634.2409999370575	93.586824	2486	0	0.154796	0.15026
1636.2409999370575	93.586824	2488	0	0.15387	0.15026
1638.2420001029968	93.586824	2488	0	0.15814	0.15026
1640.2420001029968	93.586824	2474	0	0.153839	0.15026
1642.2400000095367	93.586824	2474	0	0.154612	0.15026
1644.2420001029968	93.586824	2474	0	0.154231	0.15026
1646.2400000095367	93.586824	2474	0	0.155567	0.15026
1648.2409999370575	93.586824	2474	0	0.153419	0.15026
1650.2409999370575	93.586824	4	0	0.153716	0.15026
1652.2420001029968	93.586824	2474	0	0.153813	0.15026
1654.2409999370575	93.586824	2474	0	0.177155	0.15026
1656.2409999370575	93.586824	2474	0	0.158816	0.15026
1658.2409999370575	93.586824	2480	0	0.156543	0.15026
1660.2400000095367	93.586824	2480	0	0.154356	0.15026
1662.2420001029968	93.586824	4	0	0.154205	0.15026
1664.2420001029968	93.586824	2494	0	0.160316	0.15026
1666.2409999370575	93.586824	2474	0	0.156308	0.15026
1668.2409999370575	93.586824	2474	0	0.156597	0.15026
1670.2420001029968	93.586824	2474	0	0.154826	0.15026
1672.2409999370575	93.586824	2474	0	0.181342	0.15026
1674.2420001029968	93.586824	2474	0	0.154861	0.15026
1676.253999710083	93.586824	4	0	0.156574	0.15026
1678.2420001029968	93.586824	2476	0	0.168455	0.15026
1680.2430000305176	0.075512	100	0	0.154954	0.15026
1682.2439999580383	6.985424	196	0	0.153736	0.15026
1684.2430000305176	11.345632	316	0	0.153199	0.15026
1686.2430000305176	10.560752	320	0	0.166092	0.15026
1688.2430000305176	15.608184	410	0	0.154563	0.15026
1690.2420001029968	16.326776	504	0	0.154159	0.15026
1692.2420001029968	18.830424	516	0	0.154314	0.15026
1694.2430000305176	19.947464	524	0	0.152944	0.150088
1696.2420001029968	21.72092	580	0	0.154084	0.150088
1698.2430000305176	24.124816	628	0	0.153588	0.150088
1700.2420001029968	26.905768	700	0	0.15317	0.150088
1702.2459998130798	30.634272	866	0	0.153781	0.150088
1704.2469999790192	33.402888	890	0	0.152392	0.150088
1706.244999885559	35.361984	1020	0	0.153731	0.150088
1708.2509999275208	39.711424	1050	0	0.154971	0.150088
1710.2459998130798	46.392008	1346	0	0.152558	0.150088
1712.2489998340607	51.476272	1384	0	0.173696	0.150088
1714.24799990654	50.807544	1420	0	0.169657	0.150088
1716.244999885559	65.540768	1720	0	0.153034	0.150088
1718.244999885559	65.540768	1720	0	0.154019	0.150088
1720.244999885559	65.540768	1720	0	0.153014	0.150088
1722.244999885559	65.540768	1758	0	0.160256	0.150088
1724.2430000305176	65.540768	1758	0	0.185068	0.150088
1726.2439999580383	65.540768	1736	0	0.152485	0.150088
1728.2439999580383	65.540768	1736	0	0.156679	0.150088
1730.2439999580383	65.540768	1736	0	0.15623	0.150088
1732.244999885559	65.540768	1732	0	0.153739	0.150088
1734.2439999580383	65.540768	1732	0	0.154996	0.150088
1736.2439999580383	65.540768	1732	0	0.155401	0.150088
1738.2459998130798	65.540768	1732	0	0.154344	0.150088
1740.2439999580383	65.540768	1732	0	0.155452	0.150088
1742.332999944687	65.540768	1730	0	0.154183	0.150088
1744.2439999580383	65.540768	1730	0	0.248843	0.150088
1746.2439999580383	65.540768	1730	0	0.194959	0.150088
1748.244999885559	65.540768	1730	0	0.153307	0.150088
1750.2859997749329	65.540768	1730	0	0.171717	0.150088
1752.2439999580383	65.540768	1730	0	0.253494	0.150088
1754.2669999599457	65.540768	1728	0	0.153199	0.150088
1756.2439999580383	65.540768	1728	0	0.244645	0.150088
1758.2439999580383	65.540768	1728	0	0.154439	0.150088
1760.2439999580383	65.540768	1728	0	0.154098	0.150088
1762.2439999580383	65.540768	1728	0	0.15333	0.150088
1764.2430000305176	65.540768	1728	0	0.154298	0.150088
1766.2439999580383	65.540768	1740	0	0.154751	0.150088
1768.244999885559	65.540768	1738	0	0.153507	0.150088
1770.244999885559	65.540768	1738	0	0.155376	0.150088
1772.2469999790192	65.540768	1738	0	0.155766	0.150088
1774.244999885559	16.426088	458	0	0.16102	0.150088
1776.2459998130798	17.024824	456	0	0.154222	0.150088
1778.244999885559	16.982048	456	0	0.152815	0.150088
1780.24799990654	17.611	468	0	0.155521	0.150088
1782.2459998130798	21.123928	580	0	0.15392	0.150088
1784.2459998130798	21.557376	580	0	0.154944	0.150088
1786.2459998130798	22.38848	586	0	0.152382	0.150088
1788.244999885559	22.334808	614	0	0.154975	0.150088
1790.2459998130798	25.19788	658	0	0.153896	0.150088
1792.2469999790192	29.53344	808	0	0.153515	0.150088
1794.2469999790192	28.320312	808	0	0.15383	0.150088
1796.244999885559	33.271328	914	0	0.154274	0.150088
1798.2469999790192	38.945632	1019	0	0.155491	0.150088
1800.2469999790192	38.945632	1020	0	0.156047	0.150088
1802.244999885559	38.945632	1020	0	0.15278	0.150088
1804.2459998130798	38.945632	1020	0	0.160226	0.150088
1806.2469999790192	44.694256	1162	0	0.154912	0.150088
1808.2469999790192	48.573728	1266	0	0.157605	0.150088
1810.2459998130798	54.802392	1468	0	0.152928	0.150088
1812.2469999790192	56.617696	1500	0	0.154764	0.150088
1814.2459998130798	56.617696	1500	0	0.15531	0.150088
1816.24799990654	56.617696	1500	0	0.152993	0.150088
1818.2469999790192	56.617696	1512	0	0.152826	0.150088
1820.24799990654	56.617696	1512	0	0.153353	0.150088
1822.24799990654	56.617696	1510	0	0.152846	0.150088
1824.24799990654	56.617696	1510	0	0.153318	0.150088
1826.2459998130798	58.02596	1528	0	0.152344	0.150088
1828.2469999790192	58.02596	1526	0	0.154724	0.150088
1830.2509999275208	58.02596	1526	0	0.15422	0.150088
1832.2509999275208	58.02596	1526	0	0.154042	0.150088
1834.2519998550415	58.02596	1526	0	0.154546	0.150088
1836.25	58.02596	1526	0	0.154559	0.150088
1838.2669999599457	58.02596	1526	0	0.156347	0.150088
1840.25	58.02596	1526	0	0.154892	0.150088
1842.2489998340607	58.02596	1530	0	0.154666	0.150088
1844.24799990654	58.02596	1530	0	0.15705	0.150088
1846.25	58.02596	1530	0	0.154034	0.150088
1848.2489998340607	58.02596	1530	0	0.155518	0.150088
1850.2469999790192	58.02596	1534	0	0.154062	0.150088
1852.24799990654	58.02596	1530	0	0.154545	0.150088
1854.2489998340607	58.02596	1530	0	0.153189	0.150088
1856.24799990654	58.02596	1530	0	0.153461	0.150088
1858.24799990654	58.02596	1530	0	0.156098	0.150088
1860.2469999790192	58.02596	1528	0	0.153556	0.150088
1862.24799990654	58.02596	1528	0	0.154583	0.150088
1864.2519998550415	58.02596	1526	0	0.153721	0.150088
1866.24799990654	58.02596	1526	0	0.164129	0.150088
1868.2519998550415	58.02596	1526	0	0.178851	0.150088
1870.2489998340607	58.02596	1526	0	0.160402	0.150088
1872.24799990654	58.02596	1526	0	0.158432	0.150088
1874.24799990654	58.02596	4	0	0.153963	0.150088
1876.24799990654	58.02596	1532	0	0.156826	0.150088
1878.2469999790192	58.02596	1532	0	0.153242	0.150088
1880.2489998340607	58.02596	1528	0	0.153165	0.150088
1882.24799990654	58.02596	1528	0	0.153857	0.150088
1884.24799990654	58.02596	1528	0	0.153688	0.150088
1886.24799990654	58.02596	1528	0	0.153249	0.150088
1888.2469999790192	58.02596	1528	0	0.152798	0.150088
1890.2489998340607	58.02596	4	0	0.161242	0.150088
1892.2489998340607	58.02596	1528	0	0.154621	0.150088
1894.2509999275208	58.02596	1528	0	0.153394	0.150088
1896.25	67.154552	1742	0	0.154552	0.150088
1898.2529997825623	67.421128	1764	0	0.154113	0.150088
1900.2839999198914	68.226056	1794	0	0.155273	0.150088
1902.2529997825623	69.979792	1858	0	0.153916	0.150088
1904.2519998550415	56.40996	2248	0	0.179786	0.150088
1906.2509999275208	87.228984	2276	0	0.15341	0.150088
1908.2489998340607	85.80668	2276	0	0.153379	0.150088
1910.2489998340607	85.80668	2282	0	0.154321	0.150088
1912.2519998550415	85.80668	2282	0	0.173045	0.150088
1914.2509999275208	85.80668	2282	0	0.16822	0.150088
1916.2489998340607	85.80668	4	0	0.18254	0.150088
1918.2509999275208	85.80668	2290	0	0.172169	0.150088
1920.25	85.80668	2288	0	0.154527	0.150088
1922.2519998550415	19.306536	508	0	0.158417	0.150088
1924.2489998340607	17.991616	506	0	0.153299	0.150088
1926.2509999275208	19.697392	634	0	0.154049	0.150088
1928.2599999904633	1.542688	634	0	0.15529	0.150088
1930.2519998550415	28.550216	798	0	0.153208	0.150088
1932.2489998340607	31.22004	814	0	0.157403	0.150088
1934.2519998550415	32.983336	864	0	0.154286	0.150088
1936.2489998340607	32.983336	864	0	0.152335	0.150088
1938.2489998340607	32.983336	864	0	0.154854	0.150088
1940.2509999275208	32.983336	864	0	0.152976	0.150088
1942.2509999275208	32.983336	868	0	0.157619	0.150088
1944.25	34.832688	914	0	0.153909	0.150088
1946.25	34.832688	912	0	0.158027	0.150088
1948.25	36.357384	958	0	0.153005	0.150088
1950.2509999275208	36.357384	958	0	0.153131	0.150088
1952.2489998340607	36.357384	958	0	0.157214	0.150088
1954.2509999275208	36.357384	958	0	0.155569	0.150088
1956.2509999275208	36.357384	958	0	0.156975	0.150088
1958.2529997825623	36.357384	958	0	0.155095	0.150088
1960.2529997825623	36.357384	4	0	0.153575	0.150088
1962.255999803543	36.357384	962	0	0.15639	0.150088
1964.253999710083	37.079592	972	0	0.153324	0.150088
1966.25	37.079592	972	0	0.155607	0.150088
1968.2529997825623	37.079592	968	0	0.153576	0.150004
1970.2529997825623	37.079592	968	0	0.153314	0.150004
1972.2529997825623	37.079592	968	0	0.152471	0.150004
1974.2529997825623	37.079592	968	0	0.153409	0.150004
1976.253999710083	34.8444	968	0	0.1775	0.150004
1978.2519998550415	34.8444	4	0	0.155133	0.150004
1980.2590000629425	34.8444	972	0	0.153376	0.150004
1982.253999710083	34.8444	972	0	0.154341	0.150004
1984.255999803543	4.491272	952	0	0.153507	0.150004
1986.2529997825623	15.787656	974	0	0.152031	0.150004
1988.2519998550415	16.12996	974	0	0.152418	0.150004
1990.2529997825623	37.537256	996	0	0.152996	0.150004
1992.2529997825623	37.537256	998	0	0.153629	0.150004
1994.2529997825623	37.537256	998	0	0.154256	0.150004
1996.2519998550415	38.568296	1088	0	0.157528	0.150004
1998.2529997825623	34.36964	1084	0	0.161977	0.150004
2000.2529997825623	34.36964	1080	0	0.152846	0.150004
2002.2529997825623	34.36964	1080	0	0.153349	0.150004
2004.2509999275208	34.36964	1080	0	0.154308	0.150004
2006.2529997825623	34.36964	1084	0	0.154585	0.150004
2008.2509999275208	34.36964	1084	0	0.153541	0.150004
2010.2529997825623	34.36964	4	0	0.153339	0.150004
2012.2519998550415	39.690088	1052	0	0.154443	0.150004
2014.253999710083	39.690088	1052	0	0.153341	0.150004
2016.2529997825623	46.44008	1280	0	0.155469	0.150004
2018.2529997825623	46.44008	1280	0	0.15271	0.150004
2020.2529997825623	46.44008	1280	0	0.156794	0.150004
2022.255999803543	25.993648	1281	0	0.160843	0.150004
2024.2549998760223	48.792088	1296	0	0.154139	0.150004
2026.2549998760223	48.108264	4	0	0.161026	0.150004
2028.253999710083	47.888416	1338	0	0.157839	0.150004
2030.2529997825623	47.888416	1336	0	0.154547	0.150004
2032.2529997825623	47.888416	1336	0	0.153894	0.150004
2034.2519998550415	20.883688	1332	0	0.154295	0.150004
2036.2519998550415	20.883688	1332	0	0.15332	0.150004
2038.2529997825623	20.883688	1332	0	0.153425	0.150004
2040.253999710083	20.883688	1332	0	0.152489	0.150004
2042.2529997825623	20.883688	1332	0	0.153552	0.150004
2044.2529997825623	20.883688	1336	0	0.155047	0.150004
2046.253999710083	20.883688	1336	0	0.153266	0.150004
2048.2599999904633	21.712168	1336	0	0.155178	0.150004
2050.2729997634888	60.614312	1646	0	0.156237	0.150004
2052.2599999904633	51.377008	1646	0	0.315117	0.150004
2054.2619998455048	59.65668	2042	0	0.154382	0.150004
2056.378000020981	80.904688	2124	0	0.181864	0.150004
2058.260999917984	29.22496	2390	0	0.22097	0.150004
2060.2889997959137	18.63132	2424	0	0.159444	0.150004
2062.2590000629425	83.62284	2438	0	0.160297	0.150004
2064.2529997825623	94.50664	2506	0	0.157441	0.150004
2066.2549998760223	94.50664	2512	0	0.155127	0.150004
2068.2549998760223	94.50664	2512	0	0.154447	0.150004
2070.255999803543	94.50664	2512	0	0.16169	0.150004
2072.255999803543	94.50664	2512	0	0.155657	0.150004
2074.253999710083	94.50664	2512	0	0.16129	0.150004
2076.2549998760223	94.50664	4	0	0.157177	0.150004
2078.2549998760223	94.50664	2534	0	0.155813	0.150004
2080.255999803543	44.945016	1200	0	0.168665	0.150004
2082.2599999904633	44.821504	1222	0	0.153886	0.150004
2084.2569999694824	46.123568	1222	0	0.156952	0.150004
2086.253999710083	55.29884	1448	0	0.158837	0.150004
2088.2549998760223	55.29884	1448	0	0.15362	0.150004
2090.255999803543	55.29884	1448	0	0.153826	0.150004
2093.253999710083	55.29884	1448	0	0.153886	0.150004
2095.255999803543	55.29884	1456	0	0.160151	0.150004
2096.4249999523163	55.29884	1454	0	0.153791	0.150004
2099.2569999694824	55.29884	1454	0	0.152206	0.150004
2101.2580001354218	55.29884	1454	0	0.153354	0.150004
2103.2590000629425	55.148744	1444	0	0.152979	0.150004
2105.2569999694824	64.366976	1682	0	0.154144	0.150004
2107.2580001354218	66.813928	1746	0	0.155411	0.150004
2109.2580001354218	66.813928	1750	0	0.152684	0.150004
2110.4249999523163	66.813928	1750	0	0.154065	0.150004
2113.2580001354218	66.813928	1748	0	0.153091	0.150004
2115.2580001354218	69.198016	1812	0	0.155009	0.150004
2117.2580001354218	69.428336	1812	0	0.15505	0.150004
2119.255999803543	64.164104	1812	0	0.162778	0.150004
2120.436999797821	64.164104	1812	0	0.164514	0.150004
2123.2569999694824	64.164104	1812	0	0.153346	0.150004
2125.2569999694824	64.164104	1864	0	0.170512	0.150004
2127.2580001354218	64.164104	1820	0	0.15606	0.150004
2129.255999803543	64.164104	1820	0	0.154194	0.150004
2131.2799999713898	64.164104	1820	0	0.165415	0.150004
2133.2549998760223	64.164104	1818	0	0.15434	0.150004
2134.4249999523163	64.164104	1818	0	0.157448	0.150004
2137.2580001354218	72.6018	1926	0	0.155469	0.150004
2139.255999803543	72.6018	1926	0	0.153326	0.150004
2141.2569999694824	72.6018	1926	0	0.153976	0.150004
2143.2569999694824	75.39268	1983	0	0.156595	0.150004
2144.428999900818	75.39268	1992	0	0.163204	0.150004
2147.2590000629425	75.39268	4	0	0.152956	0.150004
2149.260999917984	80.49496	2106	0	0.153973	0.150004
2151.255999803543	86.209376	2258	0	0.158343	0.150004
2153.2590000629425	86.209376	2258	0	0.154704	0.150004
2155.2590000629425	86.209376	2258	0	0.156838	0.150004
2157.2580001354218	86.209376	2252	0	0.159464	0.150004
2158.423000097275	86.209376	2252	0	0.156245	0.150004
2161.2580001354218	86.209376	2252	0	0.154715	0.150004
2163.2590000629425	86.209376	2252	0	0.155755	0.150004
2165.2590000629425	86.65772	2296	0	0.158132	0.150004
2167.2590000629425	86.65772	4	0	0.153562	0.150004
2168.423000097275	86.65772	2298	0	0.155178	0.150004
2171.2590000629425	86.65772	2298	0	0.153125	0.150004
2173.2590000629425	86.65772	2298	0	0.154654	0.150004
2175.2569999694824	86.65772	2298	0	0.155323	0.150004
2177.2569999694824	86.65772	2298	0	0.15761	0.150004
2179.2580001354218	86.65772	2298	0	0.155961	0.150004
2181.2590000629425	86.65772	2298	0	0.154166	0.150004
2182.436999797821	86.65772	2298	0	0.154387	0.150004
2185.260999917984	10.301592	392	0	0.179064	0.150004
2186.6100001335144	19.201232	520	0	0.153202	0.150004
2189.2599999904633	20.310544	544	0	0.154743	0.150004
2191.2599999904633	20.999664	672	0	0.153543	0.150004
2193.2590000629425	26.21084	686	0	0.153862	0.150004
2195.2569999694824	26.698136	864	0	0.153174	0.150004
2197.255999803543	26.698136	864	0	0.15295	0.150004
2199.2569999694824	26.698136	864	0	0.153036	0.150004
2201.255999803543	26.698136	864	0	0.155324	0.150004
2203.2580001354218	26.698136	866	0	0.156027	0.150004
2205.2590000629425	26.698136	866	0	0.153539	0.150004
2206.4299998283386	26.698136	874	0	0.153212	0.150004
2209.2580001354218	26.698136	872	0	0.153439	0.150004
2211.2590000629425	26.698136	868	0	0.153214	0.150004
2213.2580001354218	40.20928	1048	0	0.152367	0.150004
2215.2580001354218	40.20928	1050	0	0.155432	0.150004
2216.4359998703003	40.20928	1050	0	0.155719	0.150004
2219.2599999904633	40.20928	1050	0	0.154265	0.150004
2221.2569999694824	40.20928	4	0	0.15324	0.150004
2223.2590000629425	40.20928	1054	0	0.153923	0.150004
2225.266000032425	49.087832	1285	0	0.152878	0.150004
2227.2590000629425	51.658048	1530	0	0.15354	0.150004
2229.260999917984	51.658048	1530	0	0.173495	0.150004
2230.428999900818	51.658048	1530	0	0.153286	0.150004
2233.263999938965	51.658048	1530	0	0.153472	0.150004
2235.2929997444153	73.39036	1866	0	0.156423	0.150004
2237.263000011444	73.39036	1920	0	0.153613	0.150004
2239.2599999904633	73.39036	1920	0	0.154475	0.150004
2240.4299998283386	73.39036	1920	0	0.154507	0.150004
2243.260999917984	73.55136	1922	0	0.154154	0.150004
2245.2599999904633	73.55136	1922	0	0.156808	0.150004
2247.2599999904633	73.55136	1936	0	0.153555	0.150004
2249.2599999904633	73.55136	1934	0	0.153394	0.150004
2251.2619998455048	73.55136	1934	0	0.158326	0.150004
2253.260999917984	70.882024	1930	0	0.162057	0.150004
2254.427999973297	70.882024	1924	0	0.157224	0.150004
2257.2599999904633	70.882024	1924	0	0.15565	0.150004
2259.2619998455048	70.882024	1924	0	0.154933	0.150004
2261.260999917984	70.882024	1924	0	0.154931	0.150004
2263.260999917984	70.882024	1924	0	0.168754	0.150004
2265.2580001354218	70.882024	1946	0	0.154566	0.150004
2267.2599999904633	70.882024	1946	0	0.158108	0.150004
2269.2590000629425	70.882024	1944	0	0.156372	0.150047
2271.260999917984	70.882024	1930	0	0.154751	0.150047
2273.2590000629425	70.882024	1930	0	0.165405	0.150047
2275.2590000629425	70.882024	1930	0	0.15405	0.150047
2277.260999917984	70.882024	1926	0	0.154961	0.150047
2279.260999917984	70.882024	1926	0	0.155385	0.150047
2281.2599999904633	70.882024	1926	0	0.152874	0.150047
2283.2599999904633	70.882024	1926	0	0.158713	0.150047
2285.2599999904633	70.882024	1926	0	0.162243	0.150047
2287.260999917984	70.882024	1922	0	0.152818	0.150047
2289.260999917984	70.882024	1922	0	0.155466	0.150047
2291.263000011444	70.882024	1922	0	0.171797	0.150047
2293.260999917984	70.882024	1922	0	0.155269	0.150047
2295.263000011444	70.882024	1922	0	0.153865	0.150047
2297.263000011444	70.882024	4	0	0.172087	0.150047
2299.2619998455048	70.882024	1928	0	0.156293	0.150047
2301.2619998455048	26.476488	706	0	0.152725	0.150047
2303.263999938965	28.7444	754	0	0.158091	0.150047
2305.2619998455048	33.29488	886	0	0.157026	0.150047
2307.263999938965	33.29488	886	0	0.155533	0.150047
2309.260999917984	31.555144	886	0	0.173081	0.150047
2311.263000011444	36.259944	947	0	0.153266	0.150047
2313.263000011444	42.787448	1122	0	0.156709	0.150047
2315.263000011444	42.787448	1122	0	0.153615	0.150047
2317.263000011444	43.565488	1148	0	0.152576	0.150047
2319.2619998455048	40.121536	1149	0	0.152639	0.150047
2321.2619998455048	52.292736	1370	0	0.152471	0.150047
2323.263999938965	52.292736	1371	0	0.153889	0.150047
2325.263000011444	52.292736	1372	0	0.153073	0.150047
2327.2619998455048	52.292736	1372	0	0.159163	0.150047
2329.2619998455048	52.292736	1372	0	0.157232	0.150047
2331.2619998455048	52.292736	1372	0	0.156063	0.150047
2333.2619998455048	52.292736	1372	0	0.15443	0.150047
2335.260999917984	52.292736	1372	0	0.155322	0.150047
2337.263000011444	52.292736	1382	0	0.164449	0.150047
2339.2619998455048	52.292736	1382	0	0.156287	0.150047
2341.263000011444	52.292736	1380	0	0.153627	0.150047
2343.263000011444	52.292736	1380	0	0.155821	0.150047
2345.2669999599457	52.292736	1380	0	0.172526	0.150047
2347.266000032425	52.292736	1380	0	0.153315	0.150047
2349.263999938965	52.292736	1380	0	0.15436	0.150047
2351.2649998664856	52.292736	1378	0	0.162658	0.150047
2353.2649998664856	52.292736	1374	0	0.152772	0.150047
2355.269999742508	52.292736	1374	0	0.15288	0.150047
2357.266000032425	52.292736	1374	0	0.155455	0.150047
2359.2649998664856	52.292736	1374	0	0.152309	0.150047
2361.266000032425	52.292736	1374	0	0.154205	0.150047
2363.263999938965	52.292736	1374	0	0.154655	0.150047
2365.2649998664856	52.292736	4	0	0.154994	0.150047
2367.266000032425	52.292736	1376	0	0.163441	0.150047
2369.266000032425	52.292736	1376	0	0.153146	0.150047
2371.263999938965	52.292736	1376	0	0.15319	0.150047
2373.287999868393	52.292736	1378	0	0.157728	0.150047
2375.2649998664856	52.292736	1378	0	0.154855	0.150047
2377.2649998664856	52.292736	1378	0	0.154743	0.150047
2379.263999938965	52.292736	1378	0	0.153671	0.150047
2381.263999938965	52.292736	1378	0	0.153593	0.150047
2383.266000032425	52.292736	1378	0	0.156478	0.150047
2385.2669999599457	52.292736	1376	0	0.154767	0.150047
2387.2649998664856	52.292736	1376	0	0.153006	0.150047
2389.263000011444	52.292736	1376	0	0.153972	0.150047
2391.263999938965	52.292736	1376	0	0.153143	0.150047
2393.266000032425	52.292736	1376	0	0.1537	0.150047
2395.2649998664856	53.53248	1422	0	0.155191	0.150047
2397.2649998664856	56.563952	1482	0	0.153608	0.150047
2399.2649998664856	56.563952	1482	0	0.153459	0.150047
2401.263999938965	56.563952	4	0	0.154349	0.150047
2403.2649998664856	56.563952	1472	0	0.153338	0.150047
2405.2649998664856	56.563952	1478	0	0.153668	0.150047
2407.266000032425	56.563952	1478	0	0.153224	0.150047
2409.2649998664856	56.563952	1478	0	0.154146	0.150047
2411.2649998664856	56.563952	1478	0	0.182308	0.150047
2413.266000032425	56.563952	4	0	0.155341	0.150047
2415.266000032425	56.563952	1476	0	0.153643	0.150047
2417.263999938965	56.563952	1476	0	0.153671	0.150047
2419.266000032425	56.563952	1476	0	0.15641	0.150047
2421.2649998664856	56.563952	1476	0	0.154084	0.150047
2423.2649998664856	56.563952	1482	0	0.156013	0.150047
2425.2649998664856	56.563952	4	0	0.154851	0.150047
2427.2649998664856	56.563952	1480	0	0.153471	0.150047
2429.266000032425	56.563952	1478	0	0.153694	0.150047
2431.266000032425	56.563952	1478	0	0.158429	0.150047
2433.266000032425	56.563952	1484	0	0.153976	0.150047
2435.2669999599457	56.563952	1484	0	0.152891	0.150047
2437.2669999599457	56.563952	1484	0	0.156871	0.150047
2439.2649998664856	56.563952	1484	0	0.155256	0.150047
2441.266000032425	56.563952	1484	0	0.157573	0.150047
2443.2669999599457	56.563952	1484	0	0.156321	0.150047
2445.2669999599457	56.563952	1482	0	0.153392	0.150047
2447.266000032425	56.563952	1478	0	0.162051	0.150047
2449.2669999599457	56.563952	1478	0	0.15444	0.150047
2451.2649998664856	56.563952	1478	0	0.154109	0.150047
2453.2669999599457	56.563952	1478	0	0.15567	0.150047
2455.266000032425	56.563952	1478	0	0.155509	0.150047
2457.266000032425	56.563952	1482	0	0.153323	0.150047
2459.2669999599457	56.563952	1482	0	0.156584	0.150047
2461.2669999599457	56.563952	1482	0	0.158968	0.150047
2463.2669999599457	56.563952	1482	0	0.205425	0.150047
2465.2669999599457	56.563952	1476	0	0.152429	0.150047
2467.2839999198914	56.563952	1476	0	0.153365	0.150047
2469.2679998874664	56.563952	1476	0	0.152624	0.150047
2471.3369998931885	56.563952	1476	0	0.152838	0.150047
2473.266000032425	56.563952	1476	0	0.153476	0.150047
2475.266000032425	56.563952	4	0	0.153734	0.150047
2477.268999814987	56.563952	1476	0	0.15453	0.150047
2479.2679998874664	56.563952	1480	0	0.152951	0.150047
2481.266000032425	56.563952	1480	0	0.152928	0.150047
2483.268999814987	56.563952	1480	0	0.153888	0.150047
2485.2839999198914	56.563952	1480	0	0.152583	0.150047
2487.268999814987	56.563952	1480	0	0.156482	0.150047
2489.268999814987	56.563952	1480	0	0.152527	0.150047
2491.2709999084473	56.563952	1480	0	0.154012	0.150047
2493.268999814987	56.563952	1480	0	0.153443	0.150047
2495.2779998779297	56.563952	1478	0	0.152867	0.150128
2497.2679998874664	56.563952	1478	0	0.153028	0.150128
2499.2679998874664	56.563952	1482	0	0.15253	0.150128
2501.268999814987	56.563952	1482	0	0.154052	0.150128
2503.327999830246	56.563952	1482	0	0.153185	0.150128
2505.2679998874664	56.563952	1482	0	0.241196	0.150128
2507.268999814987	56.563952	1482	0	0.153675	0.150128
2509.268999814987	56.563952	1870	0	0.204303	0.150128
2511.293999671936	56.563952	1482	0	0.153437	0.150128
2513.269999742508	56.563952	1480	0	0.152325	0.150128
2515.2679998874664	56.563952	1480	0	0.153467	0.150128
2517.268999814987	56.563952	1480	0	0.153037	0.150128
2519.268999814987	56.427608	1514	0	0.153813	0.150128
2521.2709999084473	64.172472	1678	0	0.153115	0.150128
2523.269999742508	76.40692	1995	0	0.152828	0.150128
2525.268999814987	76.613688	2000	0	0.163767	0.150128
2527.269999742508	76.613688	2000	0	0.154514	0.150128
2529.276000022888	76.613688	2004	0	0.153246	0.150128
2531.269999742508	74.906608	2002	0	0.152672	0.150128
2533.271999835968	81.765672	2146	0	0.153995	0.150128
2535.271999835968	84.439872	2222	0	0.156018	0.150128
2537.2709999084473	84.439872	2220	0	0.153176	0.150128
2539.2729997634888	84.439872	2220	0	0.155163	0.150128
2541.271999835968	84.439872	2220	0	0.153393	0.150128
2543.269999742508	84.439872	2220	0	0.15335	0.150128
2545.276999950409	84.439872	2220	0	0.153503	0.150128
2547.2709999084473	83.703368	4	0	0.155399	0.150128
2549.271999835968	84.423224	2218	0	0.153681	0.150128
2551.269999742508	80.788416	2218	0	0.157664	0.150128
2553.2709999084473	80.788416	2224	0	0.157389	0.150128
2555.271999835968	80.788416	2224	0	0.155169	0.150128
2557.2729997634888	80.788416	2224	0	0.15343	0.150128
2559.2729997634888	87.156312	4	0	0.155468	0.150128
2561.2709999084473	87.156312	2296	0	0.156368	0.150128
2563.271999835968	84.513624	2352	0	0.154106	0.150128
2565.269999742508	84.513624	2348	0	0.1527	0.150128
2567.2709999084473	84.513624	2354	0	0.154869	0.150128
2569.269999742508	84.513624	2354	0	0.153896	0.150128
2571.271999835968	84.513624	2354	0	0.152916	0.150128
2573.269999742508	84.513624	2354	0	0.153654	0.150128
2575.2729997634888	84.513624	4	0	0.153084	0.150128
2577.2709999084473	84.513624	2350	0	0.153936	0.150128
2579.269999742508	84.513624	2356	0	0.154293	0.150128
2581.271999835968	84.513624	2356	0	0.152474	0.150128
2583.2709999084473	84.513624	2356	0	0.153126	0.150128
2585.2750000953674	22.178176	582	0	0.153948	0.150128
2587.2709999084473	20.64632	594	0	0.154199	0.150128
2589.2709999084473	20.849208	604	0	0.168178	0.150128
2591.2709999084473	26.592136	700	0	0.154008	0.150128
2593.271999835968	28.398112	746	0	0.153373	0.150128
2595.2709999084473	34.311992	898	0	0.151946	0.150128
2597.2709999084473	41.538952	1094	0	0.152754	0.150128
2599.2999999523163	44.624984	4	0	0.152614	0.150128
2601.2709999084473	45.368584	1192	0	0.153327	0.150128
2603.2729997634888	45.368584	1196	0	0.153317	0.150128
2605.271999835968	47.121616	1246	0	0.152957	0.150128
2607.2709999084473	52.112624	1360	0	0.15303	0.150128
2609.276000022888	54.612048	1424	0	0.152422	0.150128
2611.276999950409	62.989672	1650	0	0.152769	0.150128
2613.273999929428	70.418128	1840	0	0.152973	0.150128
2615.273999929428	73.023376	1906	0	0.154033	0.150128
2617.273999929428	73.023376	1906	0	0.152562	0.150128
2619.273999929428	73.023376	1906	0	0.152685	0.150128
2621.273999929428	73.023376	1906	0	0.153494	0.150128
2623.276000022888	73.023376	1906	0	0.153705	0.150128
2625.2729997634888	73.023376	1934	0	0.154701	0.150128
2627.271999835968	73.023376	1910	0	0.153214	0.150128
2629.276000022888	73.023376	1910	0	0.153011	0.150128
2631.271999835968	75.932184	1987	0	0.152835	0.150128
2633.271999835968	75.932184	1984	0	0.152911	0.150128
2635.2729997634888	75.932184	1984	0	0.153226	0.150128
2637.271999835968	75.932184	1984	0	0.152602	0.150128
2639.2729997634888	75.932184	1984	0	0.153657	0.150128
2641.273999929428	75.854704	2004	0	0.152842	0.150128
2643.271999835968	63.539048	4	0	0.153159	0.150128
2645.271999835968	63.539048	2068	0	0.156103	0.150128
2647.271999835968	63.539048	2064	0	0.15275	0.150128
2649.271999835968	63.539048	2070	0	0.152817	0.150128
2651.279000043869	63.539048	2070	0	0.153451	0.150128
2653.2729997634888	63.539048	2070	0	0.154121	0.150128
2655.2729997634888	63.539048	2070	0	0.153115	0.150128
2657.2729997634888	63.539048	4	0	0.153229	0.150128
2659.276999950409	67.0966	2070	0	0.154134	0.150128
2661.273999929428	91.214968	2386	0	0.157181	0.150128
2663.2750000953674	90.216088	2420	0	0.156359	0.150128
2665.273999929428	90.216088	2420	0	0.153229	0.150128
2667.271999835968	90.216088	2420	0	0.154614	0.150128
2669.2729997634888	90.216088	2434	0	0.153385	0.150128
2671.271999835968	90.216088	2434	0	0.154279	0.150128
2673.2729997634888	90.216088	2430	0	0.153313	0.150128
2675.273999929428	90.216088	2430	0	0.154186	0.150128
2677.2750000953674	90.216088	2430	0	0.155632	0.150128
2679.273999929428	90.216088	2430	0	0.15327	0.150128
2681.271999835968	90.216088	2430	0	0.153181	0.150128
2683.276000022888	90.216088	4	0	0.154683	0.150128
2685.2729997634888	90.216088	2422	0	0.153494	0.150128
2687.286999940872	90.216088	2424	0	0.155061	0.150128
2689.2750000953674	90.216088	2424	0	0.154275	0.150128
2691.273999929428	90.216088	2424	0	0.153351	0.150128
2693.2750000953674	90.216088	2422	0	0.1547	0.150128
2695.276999950409	90.216088	2422	0	0.156248	0.150128
2697.2729997634888	90.216088	2422	0	0.153685	0.150128
2699.2729997634888	90.216088	2422	0	0.154311	0.150128
2701.2729997634888	90.216088	2422	0	0.153769	0.150128
2703.2750000953674	90.216088	2422	0	0.153231	0.150128
2705.2729997634888	90.216088	2428	0	0.154278	0.150128
2707.276000022888	90.216088	2428	0	0.154445	0.150128
2709.2779998779297	90.216088	2420	0	0.152838	0.150128
2711.2729997634888	90.216088	2420	0	0.153885	0.150128
2713.2729997634888	90.216088	2420	0	0.153353	0.150128
2715.2729997634888	90.216088	2420	0	0.153612	0.150128
2717.273999929428	90.216088	2416	0	0.154645	0.150128
2719.273999929428	90.216088	2416	0	0.153542	0.150128
2721.2729997634888	90.216088	2416	0	0.153209	0.150128
2723.2839999198914	90.216088	2416	0	0.153731	0.150128
2725.2750000953674	90.216088	2416	0	0.153417	0.150128
2727.2750000953674	90.216088	4	0	0.161779	0.150128
2729.273999929428	90.216088	2426	0	0.1536	0.150128
2731.276999950409	90.216088	2432	0	0.154881	0.150128
2733.2750000953674	90.216088	2432	0	0.157635	0.150128
2735.2750000953674	90.216088	2432	0	0.15357	0.150128
2737.276000022888	90.216088	2424	0	0.153119	0.150128
2739.2799999713898	90.216088	2424	0	0.159893	0.150128
2741.2779998779297	90.216088	2424	0	0.153189	0.150128
2743.276999950409	90.216088	2424	0	0.153308	0.150128
2745.276999950409	90.216088	2424	0	0.1536	0.150128
2747.279000043869	90.216088	2424	0	0.153545	0.150128
2749.276000022888	90.216088	2424	0	0.153185	0.150128
2751.276999950409	90.216088	2424	0	0.154494	0.150128
2753.276999950409	90.216088	2424	0	0.153609	0.150128
2755.279000043869	90.216088	2424	0	0.154071	0.150128
2757.279000043869	1.485544	240	0	0.1805	0.150128
2759.276999950409	10.146704	270	0	0.152867	0.150128
2761.276999950409	15.441616	414	0	0.153029	0.150128
2763.2750000953674	13.588872	418	0	0.174815	0.150128
2765.276000022888	13.588872	418	0	0.153241	0.150173
2767.2750000953674	13.588872	418	0	0.154288	0.150173
2769.2750000953674	13.588872	420	0	0.152795	0.150277
2771.276000022888	13.588872	420	0	0.153299	0.150277
2773.276999950409	16.905872	444	0	0.153125	0.150277
2775.276000022888	15.98496	446	0	0.153278	0.150277
2777.276000022888	15.98496	446	0	0.152405	0.150277
2779.276000022888	15.98496	446	0	0.153159	0.150277
2781.276999950409	17.815304	470	0	0.153216	0.150277
2783.2750000953674	18.383016	590	0	0.154354	0.150277
2785.279000043869	21.559896	590	0	0.152863	0.150277
2787.276999950409	21.559896	590	0	0.153479	0.150277
2789.2750000953674	21.559896	590	0	0.152907	0.150277
2791.273999929428	21.559896	590	0	0.152776	0.150277
2793.276000022888	21.559896	590	0	0.154204	0.150277
2795.2779998779297	22.856992	4	0	0.152952	0.150277
2797.2779998779297	22.223488	620	0	0.155779	0.150277
2799.276999950409	26.185456	684	0	0.152601	0.150277
2801.279000043869	27.327704	708	0	0.153231	0.150277
2803.345999956131	27.233728	714	0	0.152979	0.150277
2805.276000022888	27.233728	714	0	0.152927	0.150277
2807.276999950409	18.138736	714	0	0.218618	0.150277
2809.3049998283386	16.460024	714	0	0.199073	0.150277
2811.279000043869	16.460024	712	0	0.152784	0.150277
2813.279000043869	1.905256	759	0	0.153232	0.150277
2815.276999950409	29.59472	776	0	0.152922	0.150277
2817.276999950409	29.59472	776	0	0.153303	0.150277
2819.279000043869	29.59472	778	0	0.152655	0.150356
2821.276999950409	29.59472	778	0	0.152665	0.150356
2823.2839999198914	29.59472	780	0	0.153016	0.150356
2825.279000043869	30.373448	796	0	0.153815	0.150356
2827.276000022888	30.373448	796	0	0.152788	0.150356
2829.2779998779297	30.373448	796	0	0.153255	0.150356
2831.276999950409	30.373448	794	0	0.154539	0.150356
2833.276999950409	29.93708	816	0	0.152874	0.150356
2835.279000043869	29.93708	816	0	0.152697	0.150356
2837.2779998779297	29.93708	816	0	0.152944	0.150356
2839.276999950409	29.93708	816	0	0.152959	0.150356
2841.276999950409	29.93708	816	0	0.155235	0.150356
2843.276999950409	29.93708	4	0	0.152205	0.150356
2845.3140001296997	29.93708	814	0	0.153682	0.150356
2847.279000043869	29.720856	816	0	0.153492	0.150356
2849.2829999923706	32.745712	1008	0	0.156148	0.150356
2851.28200006485	56.048728	1492	0	0.152598	0.150356
2853.2829999923706	62.872048	1864	0	0.152916	0.150356
2855.2839999198914	70.8736	1874	0	0.153127	0.150356
2857.28200006485	80.050032	2094	0	0.1529	0.150356
2859.28200006485	90.341976	2380	0	0.161287	0.150356
2861.286999940872	92.096248	2426	0	0.169742	0.150356
2863.284999847412	93.475528	2536	0	0.177327	0.150356
2865.2829999923706	92.154544	2560	0	0.158164	0.150356
2867.28200006485	94.880952	2560	0	0.160555	0.150356
2869.2829999923706	94.880952	2560	0	0.160775	0.150356
2871.2799999713898	94.880952	2560	0	0.160791	0.150356
2873.286999940872	94.880952	2560	0	0.156898	0.150356
2875.2829999923706	94.880952	2578	0	0.154836	0.150356
2877.289999961853	94.880952	2560	0	0.153944	0.150356
2879.285999774933	94.880952	2560	0	0.153866	0.150356
2881.285999774933	97.75936	2566	0	0.164858	0.150356
2883.287999868393	93.958472	2598	0	0.196024	0.150356
2885.284999847412	84.92152	2598	0	0.167348	0.150356
2887.2839999198914	92.522392	2598	0	0.155418	0.150356
2889.28200006485	95.066864	2598	0	0.156509	0.150356
2891.2809998989105	95.066864	2598	0	0.154828	0.150356
2893.28200006485	95.066864	2604	0	0.156785	0.150356
2895.2799999713898	95.066864	2604	0	0.155145	0.150356
2897.290999889374	95.066864	2604	0	0.1574	0.150356
2899.279000043869	95.066864	2614	0	0.155421	0.150356
2901.2799999713898	95.066864	2602	0	0.154298	0.150356
2903.28200006485	95.066864	2602	0	0.154934	0.150356
2905.2799999713898	95.066864	2602	0	0.154447	0.150356
2907.2799999713898	95.066864	2602	0	0.154464	0.150356
2909.2799999713898	95.066864	2602	0	0.155508	0.150356
2911.2799999713898	95.066864	2614	0	0.15573	0.150356
2913.305999994278	95.066864	2614	0	0.15372	0.150356
2915.289999961853	95.066864	2614	0	0.155689	0.150356
2917.2799999713898	95.066864	2610	0	0.154586	0.150356
2919.2799999713898	95.066864	2610	0	0.156374	0.150356
2921.28200006485	95.066864	2610	0	0.156306	0.150356
2923.2809998989105	95.066864	2610	0	0.155215	0.150356
2925.2799999713898	95.066864	2606	0	0.154835	0.150356
2927.284999847412	95.066864	2606	0	0.155293	0.150356
2929.2809998989105	95.066864	2606	0	0.155078	0.150356
2931.2809998989105	95.066864	2606	0	0.155199	0.150356
2933.2809998989105	95.066864	2606	0	0.154769	0.150356
2935.28200006485	95.066864	4	0	0.155665	0.150356
2937.293999671936	95.066864	2628	0	0.155519	0.150356
2939.28200006485	95.066864	2628	0	0.162023	0.150356
2941.2839999198914	94.071056	2524	0	0.165774	0.150356
2943.28200006485	94.071056	2506	0	0.156306	0.150356
2945.2839999198914	94.071056	2506	0	0.156031	0.150356
2947.28200006485	94.071056	2506	0	0.154792	0.150356
2949.2799999713898	94.071056	2498	0	0.154904	0.150356
2951.2809998989105	94.071056	2498	0	0.158333	0.150356
2953.2809998989105	94.071056	2498	0	0.155373	0.150356
2955.2809998989105	94.071056	2498	0	0.154076	0.150356
2957.2809998989105	94.071056	2498	0	0.154227	0.150356
2959.2809998989105	94.071056	4	0	0.153645	0.150356
2961.2809998989105	94.071056	2508	0	0.153613	0.150356
2963.2809998989105	94.071056	2508	0	0.153658	0.150356
2965.2809998989105	94.071056	2508	0	0.155174	0.150356
2967.2839999198914	94.071056	2508	0	0.15446	0.150356
2969.2829999923706	94.071056	2508	0	0.155543	0.150356
2971.2839999198914	94.071056	2498	0	0.153737	0.150356
2973.2809998989105	94.071056	2498	0	0.152835	0.150356
2975.28200006485	94.071056	2504	0	0.154859	0.150356
2977.2829999923706	94.071056	2504	0	0.153542	0.150356
2979.2960000038147	94.071056	2504	0	0.154149	0.150356
2981.2839999198914	94.071056	2504	0	0.156078	0.150356
2983.287999868393	94.071056	2524	0	0.154773	0.150356
2985.286999940872	94.071056	2510	0	0.155454	0.150356
2987.2829999923706	94.071056	2510	0	0.154957	0.150356
2989.28200006485	94.071056	2502	0	0.15295	0.150356
2991.2839999198914	94.071056	2502	0	0.15524	0.150356
2993.2829999923706	94.071056	2502	0	0.153633	0.150356
2995.284999847412	94.071056	2502	0	0.154554	0.150356
2997.286999940872	94.071056	2502	0	0.162505	0.150356
2999.287999868393	94.071056	2506	0	0.15372	0.150356
3001.2839999198914	94.071056	2510	0	0.154155	0.150356
3003.289999961853	94.071056	2510	0	0.154137	0.150356
3005.284999847412	94.071056	2508	0	0.153624	0.150356
3007.284999847412	94.071056	2508	0	0.15555	0.150356
3009.287999868393	94.071056	2506	0	0.152828	0.150356
3011.286999940872	94.071056	2506	0	0.156676	0.150356
3013.286999940872	94.071056	2500	0	0.153141	0.150356
3015.284999847412	94.071056	2500	0	0.154239	0.150356
3017.2839999198914	94.071056	2500	0	0.153016	0.150356
