0.0	1.24196	52	23	0.304649	0.081077
0.6969997882843018	1.098808	50	0	0.189165	0.081077
1.5740001201629639	1.564208	50	8	0.201429	0.081077
2.3570001125335693	0.987936	50	0	0.588913	0.081077
4.27400016784668	1.5112	34	0	0.260301	0.081077
5.305999994277954	0.382776	34	27	0.334264	0.081077
5.937999963760376	1.211264	36	0	0.258518	0.081077
7.243000030517578	1.250968	36	27	0.173857	0.081077
10.419999837875366	1.950504	38	0	0.150311	0.081077
11.222000122070312	1.539984	48	0	0.16198	0.081077
12.551000118255615	2.438224	52	27	0.223583	0.081077
14.015000104904175	2.40352	46	0	0.181564	0.081077
16.749000072479248	2.069328	44	17	0.254595	0.081794
18.240000009536743	2.86776	52	0	0.140616	0.081794
19.752999782562256	2.112832	52	23	0.213622	0.081794
20.872999906539917	2.639328	52	0	0.1458	0.081794
23.65000009536743	1.908576	50	0	0.234003	0.081794
24.647000074386597	1.906776	48	26	0.215503	0.081794
25.824999809265137	2.637816	50	0	0.187291	0.081794
28.40500020980835	1.82832	52	23	0.228361	0.081794
31.375999927520752	1.766368	52	0	0.176112	0.081794
32.615999937057495	2.542	54	0	0.155426	0.081794
33.93499994277954	1.71092	54	26	0.33651	0.081794
36.62700009346008	0.688176	50	0	0.372223	0.081794
38.18400001525879	2.038352	44	11	0.265367	0.081794
41.01300024986267	1.212824	52	0	0.264043	0.081794
44.67199993133545	1.737616	44	24	0.100295	0.081794
47.03400015830994	2.31036	54	0	0.160565	0.081794
50.7039999961853	1.7664	46	0	0.225378	0.081794
52.99399995803833	1.8306	44	24	0.148409	0.081794
56.210999965667725	1.302728	46	0	0.245833	0.081794
56.62399983406067	2.397032	44	27	0.135993	0.081794
58.026000022888184	2.297304	46	0	0.148051	0.081794
59.25600004196167	2.497976	48	0	0.18886	0.081794
62.08099985122681	0.444664	52	23	0.950262	0.081794
62.99199986457825	2.027304	52	0	0.180571	0.081794
65.51900005340576	1.579296	48	25	0.260459	0.081794
67.01300024986267	2.054624	48	0	0.151332	0.081794
68.89999985694885	0.317544	34	5	1.225706	0.081794
70.18700003623962	2.211304	48	0	0.189682	0.081794
70.72399997711182	2.211432	48	0	0.164815	0.081794
72.96799993515015	1.934648	50	22	0.204454	0.081794
76.63000011444092	2.431912	98	0	0.222974	0.081794
77.76300001144409	1.87052	56	25	0.305217	0.081794
78.52799987792969	1.425504	50	0	0.12995	0.081794
80.30399990081787	2.145816	44	0	0.118051	0.081794
84.92700004577637	0.962536	44	25	0.202843	0.081794
86.72500014305115	0.740704	48	0	0.372033	0.081794
90.20500016212463	1.84236	48	23	0.215821	0.081794
91.8069999217987	2.59332	48	0	0.15556	0.081794
92.79200005531311	1.332384	48	27	0.283201	0.081794
97.58599996566772	1.465264	42	0	0.179153	0.081794
99.14100003242493	0.753992	44	0	0.152654	0.081794
102.0920000076294	0.766152	40	0	0.315041	0.081794
102.40500020980835	1.93268	40	0	0.146197	0.081794
103.68700003623962	1.629856	42	24	0.127906	0.081794
105.01099991798401	2.484456	46	0	0.151335	0.081794
106.57000017166138	2.114888	48	0	0.143445	0.081794
109.16200017929077	1.499184	50	27	0.228909	0.081794
109.53999996185303	2.133488	50	0	0.19602	0.081794
111.39499998092651	1.762416	54	24	0.223127	0.081794
114.8140001296997	1.888424	54	0	0.245924	0.081794
116.71900010108948	1.627456	48	25	0.26055	0.081794
118.5090000629425	2.599776	50	0	0.179322	0.081794
121.12099981307983	2.135048	4	0	0.173407	0.081794
122.33599996566772	1.66456	52	23	0.291441	0.081794
123.23199987411499	2.164344	52	0	0.172235	0.081794
124.72399997711182	2.083672	52	26	0.232639	0.081794
127.88399982452393	1.868152	50	0	0.207312	0.081794
130.32599997520447	1.566544	50	0	0.267093	0.081794
132.2829999923706	0.354672	50	27	0.751054	0.081794
134.0350000858307	1.044688	44	0	0.169686	0.081794
134.9909999370575	1.466256	50	26	0.221838	0.081794
136.97499990463257	2.073952	56	0	0.206778	0.081794
140.4060001373291	1.40864	52	28	0.196617	0.081794
141.98799991607666	2.066328	52	0	0.178957	0.081794
143.64299988746643	1.10216	52	0	0.41577	0.081794
145.41899991035461	1.766392	42	22	0.270254	0.081794
147.71700024604797	2.566216	48	0	0.143923	0.081794
149.5970001220703	2.69816	52	26	0.223911	0.081794
153.34100008010864	1.946352	50	0	0.168654	0.081794
155.3769998550415	2.470096	56	0	0.222412	0.081794
155.72300004959106	2.254784	56	0	0.208401	0.081794
157.47199988365173	0.376472	56	0	0.410385	0.081794
159.1159999370575	2.108064	50	26	0.190683	0.081794
160.57999992370605	2.188288	50	0	0.190322	0.081794
161.16899991035461	2.581328	48	14	0.178658	0.081794
164.83400011062622	1.730496	48	0	0.194827	0.081794
166.61999988555908	1.361056	50	0	0.229103	0.081794
170.85800004005432	1.975112	46	23	0.21847	0.081794
172.00099992752075	2.578216	48	0	0.13433	0.081794
172.12299990653992	2.578216	48	0	0.115632	0.081794
175.21800017356873	0.327968	52	0	0.749439	0.082648
177.239000082016	1.525464	52	0	0.175077	0.082648
180.13699984550476	1.415152	50	24	0.275506	0.082648
183.2220001220703	2.190592	48	0	0.149971	0.082648
185.37599992752075	1.362336	48	26	0.204554	0.082648
189.60199999809265	1.769128	44	0	0.1257	0.082648
190.93899989128113	1.606416	46	25	0.232218	0.082648
192.23399996757507	0.027608	46	0	0.278032	0.082648
195.13000011444092	2.800336	50	0	0.185729	0.082648
195.8439998626709	1.69192	50	26	0.28574	0.082648
196.50600004196167	2.344344	50	0	0.175151	0.082648
197.75	2.643688	50	23	0.212845	0.082648
198.74100017547607	2.128256	50	0	0.169353	0.082648
203.6050000190735	2.247224	48	0	0.173192	0.082648
205.02600002288818	0.653256	48	28	0.185768	0.082648
207.47800016403198	0.395976	52	0	0.497357	0.082648
208.54499983787537	1.496752	52	22	0.311857	0.082648
