0.0	58.373712	780	221	0.084028	0.073687
0.67799973487854	83.365424	1078	0	0.088283	0.073687
1.2430000305175781	86.097336	1182	0	0.093494	0.073687
1.7039999961853027	79.823784	1236	0	0.100576	0.073687
2.057999849319458	89.85996	1256	0	0.097876	0.073687
2.371999979019165	91.254672	1256	0	0.121472	0.073687
2.6549997329711914	87.784056	1256	0	0.103747	0.073687
2.9509997367858887	90.80772	1262	0	0.104545	0.073687
3.192999839782715	89.552912	4	0	0.099998	0.073687
3.7769999504089355	87.8064	1284	0	0.108165	0.073687
5.982999801635742	79.851248	1260	0	0.091078	0.073687
7.980000019073486	93.384952	1260	0	0.123248	0.073687
9.986999988555908	88.459952	1252	0	0.089966	0.073687
11.982999801635742	90.06644	1248	0	0.104732	0.073687
13.983999967575073	86.931776	1254	0	0.099615	0.073687
15.982999801635742	93.736392	1278	0	0.096443	0.073687
17.982999801635742	69.774408	1282	0	0.114519	0.073687
19.982999801635742	84.82416	1264	0	0.092561	0.073687
21.982999801635742	85.069048	1270	0	0.110199	0.073687
23.82099986076355	89.507848	1264	0	0.090283	0.073687
25.98199987411499	87.67968	1268	0	0.104384	0.073687
27.982999801635742	80.612136	1246	0	0.094553	0.073687
29.983999967575073	90.741952	1252	0	0.089743	0.073687
31.982999801635742	85.582112	1236	0	0.096961	0.073687
33.98199987411499	84.825296	1242	0	0.093799	0.073687
35.98299980163574	79.754664	1234	0	0.09214	0.073687
37.98299980163574	84.642776	1248	0	0.09492	0.073687
39.98199987411499	87.424984	1252	0	0.10598	0.073687
41.98199987411499	86.510216	1268	0	0.094054	0.073687
43.98199987411499	91.681336	1244	0	0.089945	0.073687
45.98599982261658	77.550712	1236	0	0.092812	0.073687
47.823999881744385	91.48184	1242	0	0.091001	0.073687
49.984999895095825	91.4838	1238	0	0.094473	0.073687
51.98299980163574	78.729368	1238	0	0.099893	0.073687
53.98199987411499	84.327176	1242	0	0.08966	0.073687
55.98399996757507	72.711872	1256	0	0.105084	0.073687
57.98299980163574	84.550824	1262	0	0.091904	0.073687
59.98199987411499	92.196392	1256	0	0.101642	0.073687
61.98099994659424	84.328352	1258	0	0.103379	0.073687
63.98099994659424	92.079496	1256	0	0.109712	0.073687
65.9779999256134	85.492056	1256	0	0.100243	0.073687
67.97900009155273	85.492056	1262	0	0.085653	0.073687
69.97900009155273	85.492056	1262	0	0.088583	0.073687
71.82099986076355	85.492056	1262	0	0.088529	0.073687
73.98499989509583	59.794032	1236	0	0.085343	0.073687
75.99099969863892	82.159872	1240	0	0.107443	0.073687
77.98299980163574	85.9604	1246	0	0.093237	0.073687
79.98199987411499	81.974592	1246	0	0.092686	0.073687
81.98299980163574	85.202808	1252	0	0.088441	0.073687
83.98599982261658	77.391448	1246	0	0.096858	0.073687
85.98399996757507	94.224088	1302	0	0.100557	0.073687
87.98399996757507	85.853728	1294	0	0.096719	0.073687
89.98199987411499	90.877192	1276	0	0.100111	0.073687
91.98399996757507	9.414192	1240	0	0.086138	0.073687
93.98299980163574	90.574944	1250	0	0.113251	0.073687
95.98299980163574	77.51576	1244	0	0.087702	0.073687
97.98299980163574	84.886032	1252	0	0.103432	0.073687
99.98399996757507	87.042432	1246	0	0.097683	0.073687
101.98999977111816	92.66052	1250	0	0.098054	0.073687
103.98199987411499	87.23208	1236	0	0.094992	0.073687
105.98599982261658	90.551192	1248	0	0.097849	0.073687
107.98099994659424	87.606264	1248	0	0.099101	0.073687
109.97900009155273	82.491504	1248	0	0.09836	0.073687
111.98199987411499	82.491504	1254	0	0.083891	0.073687
113.98399996757507	78.420128	1202	0	0.0933	0.073687
115.98299980163574	85.906368	1202	0	0.090894	0.073687
117.98199987411499	82.537976	1202	0	0.099301	0.073687
119.98299980163574	88.420536	1204	0	0.089102	0.073687
121.98199987411499	90.55908	1204	0	0.108466	0.073687
123.98000001907349	84.362408	1214	0	0.092186	0.073687
125.98499989509583	85.107688	1204	0	0.085758	0.073687
127.98299980163574	78.941264	1242	0	0.095398	0.073687
129.9800000190735	86.89092	1242	0	0.091226	0.073687
131.98399996757507	83.096424	1248	0	0.097108	0.073687
133.98299980163574	86.009664	1236	0	0.098581	0.073687
135.98099994659424	86.685144	1272	0	0.100251	0.073687
137.98399996757507	81.70856	1260	0	0.097642	0.073687
139.98499989509583	86.014648	1252	0	0.091581	0.073687
141.98499989509583	88.445888	1252	0	0.09757	0.073687
143.98399996757507	86.25556	1258	0	0.093069	0.073687
145.98399996757507	80.7286	1252	0	0.098566	0.073687
147.98299980163574	84.52468	1252	0	0.109047	0.073687
149.98399996757507	87.84224	1286	0	0.108536	0.073687
151.98099994659424	83.697728	1222	0	0.093748	0.073687
153.98299980163574	86.556632	1208	0	0.086905	0.073687
155.98499989509583	76.927896	1202	0	0.091922	0.073687
157.98399996757507	83.047288	1226	0	0.093876	0.073687
159.98499989509583	74.898896	1220	0	0.091581	0.073687
161.98099994659424	87.27032	1220	0	0.093903	0.073687
163.981999874115	76.140952	1246	0	0.090402	0.073687
165.98099994659424	89.250528	1246	0	0.095661	0.073687
167.97900009155273	89.250528	1252	0	0.088504	0.073687
169.981999874115	89.250528	1252	0	0.089838	0.073687
171.98399996757507	82.798776	1252	0	0.103011	0.073687
173.981999874115	77.17508	1250	0	0.09112	0.073687
175.98299980163574	80.56996	1272	0	0.111351	0.073687
177.98299980163574	88.202528	1250	0	0.098506	0.073687
179.981999874115	80.69492	1224	0	0.092701	0.073687
181.98599982261658	89.344504	1224	0	0.094913	0.073687
183.9889998435974	77.810416	1258	0	0.095522	0.073687
185.9869999885559	87.572072	1264	0	0.110706	0.073687
187.98399996757507	89.373392	1252	0	0.091322	0.073687
189.9800000190735	82.32516	1250	0	0.108	0.073687
191.9800000190735	82.32516	1250	0	0.08797	0.073687
193.98499989509583	82.32516	1250	0	0.090013	0.073687
195.98599982261658	90.12092	1242	0	0.108079	0.073687
197.98399996757507	84.442	1248	0	0.090583	0.073687
199.98299980163574	88.380344	1262	0	0.092652	0.073687
201.981999874115	80.47804	1226	0	0.088622	0.073687
203.98299980163574	81.691984	1226	0	0.093022	0.073687
205.98299980163574	86.750856	1232	0	0.096828	0.073687
207.981999874115	85.298848	1226	0	0.098562	0.073687
209.98299980163574	86.275768	1226	0	0.09312	0.073687
211.98799991607666	95.000968	1256	0	0.091651	0.073687
213.9800000190735	80.686224	1334	0	0.10127	0.073687
215.98299980163574	80.686224	1298	0	0.089477	0.073687
217.98299980163574	85.122392	1288	0	0.099741	0.073687
219.98299980163574	83.145904	1274	0	0.100263	0.073687
221.98099994659424	79.568616	1250	0	0.087686	0.073687
223.98099994659424	79.568616	1250	0	0.091606	0.073687
225.98099994659424	79.568616	1250	0	0.091899	0.073687
227.9800000190735	79.568616	1250	0	0.089205	0.073687
229.98099994659424	79.568616	1250	0	0.086819	0.073687
231.9889998435974	79.568616	1250	0	0.086826	0.073687
233.98099994659424	79.568616	1268	0	0.094647	0.073687
236.23299980163574	79.568616	1260	0	0.087326	0.073687
238.23099970817566	94.987424	1234	0	0.101772	0.073687
240.23099970817566	94.987424	1252	0	0.087175	0.073687
242.231999874115	94.987424	1252	0	0.088891	0.073687
244.231999874115	86.135688	1258	0	0.094072	0.073687
246.231999874115	80.653	1252	0	0.090681	0.073687
248.2299997806549	79.339424	1252	0	0.098498	0.073687
250.23099970817566	79.339424	1252	0	0.08393	0.073687
252.231999874115	79.339424	1252	0	0.093459	0.073687
254.07200002670288	84.634352	1210	0	0.094621	0.073687
256.231999874115	85.928512	1188	0	0.092391	0.073687
258.23099970817566	85.928512	1188	0	0.0897	0.073687
260.2339997291565	85.928512	1194	0	0.088821	0.073687
262.2339997291565	89.056008	1186	0	0.096913	0.073687
264.23099970817566	81.755152	1186	0	0.090647	0.073687
266.231999874115	81.755152	1186	0	0.087116	0.073687
268.23600006103516	84.673528	1182	0	0.100818	0.073687
270.2350001335144	86.265688	1176	0	0.092992	0.073687
272.2339997291565	81.400224	1176	0	0.093292	0.073687
274.2339997291565	72.565808	1204	0	0.086563	0.073687
276.231999874115	83.765608	1232	0	0.09603	0.073687
278.077999830246	87.402784	1238	0	0.095185	0.073687
280.231999874115	85.814832	1238	0	0.097565	0.073687
282.23600006103516	78.048504	1238	0	0.098302	0.073687
284.231999874115	72.0232	1238	0	0.089337	0.073687
286.23299980163574	63.474552	1276	0	0.111221	0.073687
288.231999874115	84.627312	1138	0	0.096081	0.073687
290.231999874115	72.266192	1116	0	0.11046	0.073687
292.231999874115	73.041688	1116	0	0.089904	0.073687
294.231999874115	79.736936	1121	0	0.086183	0.073687
296.231999874115	79.736936	1122	0	0.099059	0.074063
298.231999874115	72.673392	1070	0	0.0885	0.074063
300.231999874115	72.673392	4	0	0.087332	0.074063
302.0699999332428	75.997704	1094	0	0.083932	0.074063
304.23099970817566	83.492232	1100	0	0.090057	0.074063
306.2350001335144	73.83936	1100	0	0.091966	0.074063
308.23299980163574	71.030536	1100	0	0.095831	0.074063
310.231999874115	84.435264	1134	0	0.088995	0.074063
312.23299980163574	75.875784	1162	0	0.08585	0.074063
314.23099970817566	83.541312	1162	0	0.090967	0.074063
316.23299980163574	83.541312	1168	0	0.08812	0.074063
318.231999874115	83.541312	1150	0	0.087156	0.074063
320.23099970817566	83.541312	1150	0	0.088023	0.074063
322.23600006103516	83.541312	1150	0	0.087052	0.074063
324.23099970817566	79.983488	1114	0	0.096602	0.074063
326.23299980163574	79.983488	1114	0	0.083626	0.074063
328.23299980163574	69.718224	1124	0	0.090533	0.074063
330.2409999370575	77.739112	1118	0	0.090324	0.074063
332.2350001335144	68.545952	1096	0	0.091559	0.074063
334.23799991607666	68.545952	1096	0	0.13689	0.074063
336.23799991607666	14.595728	1092	0	0.129289	0.074063
338.2369999885559	23.167688	966	0	0.153383	0.074063
340.24000000953674	20.883376	964	0	0.137039	0.074063
342.23799991607666	52.743224	920	0	0.110673	0.074063
344.2409999370575	52.301912	920	0	0.126505	0.074063
346.2369999885559	51.319928	800	0	0.111641	0.074063
348.2369999885559	45.217304	796	0	0.118876	0.074063
350.1029996871948	48.232656	796	0	0.118821	0.074063
352.2369999885559	48.232656	800	0	0.117779	0.074063
354.2339997291565	48.232656	918	0	0.117528	0.074063
356.23600006103516	48.232656	918	0	0.110645	0.074063
358.2389998435974	49.512896	862	0	0.130698	0.074063
360.2369999885559	45.248344	824	0	0.113472	0.074063
362.2369999885559	39.991416	828	0	0.124511	0.074063
364.2350001335144	44.457776	812	0	0.132263	0.074063
366.2350001335144	42.904096	812	0	0.111938	0.074063
368.23099970817566	40.891032	768	0	0.122899	0.074063
370.23799991607666	40.891032	768	0	0.108826	0.074063
372.23600006103516	45.630976	766	0	0.124089	0.074063
374.2350001335144	41.11188	784	0	0.111078	0.074231
376.23600006103516	37.974528	786	0	0.121337	0.074231
378.2409999370575	45.82152	758	0	0.126745	0.074231
380.2430000305176	44.447784	776	0	0.11187	0.074231
382.2369999885559	48.497952	890	0	0.125708	0.074231
384.2350001335144	54.12816	832	0	0.083807	0.073878
386.2350001335144	61.549104	858	0	0.083621	0.073878
388.2369999885559	63.592264	880	0	0.086967	0.073752
390.23799991607666	68.970112	970	0	0.087838	0.073752
392.23600006103516	81.951176	1098	0	0.089699	0.073752
394.2389998435974	80.383624	1118	0	0.094197	0.073752
396.23799991607666	81.9554	1128	0	0.105806	0.073752
398.2339997291565	59.389064	1168	0	0.085036	0.073752
400.2339997291565	79.82996	1210	0	0.096384	0.073752
402.2339997291565	79.314088	1210	0	0.092814	0.073752
404.2339997291565	78.06556	1216	0	0.088683	0.073752
406.23299980163574	90.084848	1210	0	0.098221	0.073752
408.2339997291565	90.12588	1269	0	0.089917	0.073752
410.2339997291565	78.033272	1256	0	0.104309	0.073752
412.2350001335144	78.93708	1228	0	0.101256	0.073752
414.2339997291565	88.2296	1272	0	0.091129	0.073752
416.2339997291565	74.562928	1272	0	0.113216	0.073752
418.2339997291565	90.42724	1272	0	0.091169	0.073752
420.2369999885559	79.782	1270	0	0.102322	0.073752
422.23600006103516	79.991184	1266	0	0.087658	0.073752
424.23600006103516	87.281848	1264	0	0.094925	0.073752
426.2369999885559	79.408968	1260	0	0.09392	0.073752
428.2389998435974	87.355912	1274	0	0.097725	0.073752
430.23600006103516	83.498784	1268	0	0.095497	0.073752
432.23600006103516	92.475496	1274	0	0.090846	0.073752
434.23600006103516	82.09816	1254	0	0.097301	0.073752
436.2350001335144	90.405496	1256	0	0.096346	0.073752
438.23600006103516	86.33756	1282	0	0.097688	0.073752
440.2339997291565	82.4454	1274	0	0.095405	0.073752
442.2350001335144	81.784992	1254	0	0.091211	0.073752
444.24000000953674	82.90032	1248	0	0.094804	0.073752
446.23799991607666	82.82912	1248	0	0.088177	0.073752
448.2350001335144	85.366064	1246	0	0.095438	0.073752
450.2369999885559	86.16984	1240	0	0.099997	0.073752
452.2339997291565	78.673696	1226	0	0.093073	0.073752
454.2339997291565	78.673696	1232	0	0.094977	0.073752
456.2339997291565	77.53524	1184	0	0.088258	0.073752
458.2350001335144	83.309552	1208	0	0.098205	0.073752
460.2339997291565	81.923488	1208	0	0.096704	0.073752
462.23600006103516	85.4382	1209	0	0.088248	0.073752
464.2350001335144	90.93772	1298	0	0.100845	0.073752
466.2369999885559	73.485776	1298	0	0.092452	0.073752
468.2350001335144	77.046856	1256	0	0.093277	0.073752
470.23299980163574	77.046856	1256	0	0.0861	0.073752
472.2350001335144	77.046856	1256	0	0.094814	0.073752
474.23299980163574	90.898568	1250	0	0.103127	0.073752
476.24000000953674	90.898568	1250	0	0.085541	0.073752
478.2350001335144	88.367104	1240	0	0.092804	0.073752
480.23799991607666	83.298304	1164	0	0.086316	0.073752
482.2350001335144	82.820608	1164	0	0.094999	0.073752
484.23600006103516	78.623872	1204	0	0.089185	0.073752
486.48699975013733	86.247104	1226	0	0.0975	0.073752
488.49199986457825	85.572568	1232	0	0.096802	0.073752
490.4849998950958	65.68452	1312	0	0.101952	0.073752
492.4889998435974	77.084936	1246	0	0.09085	0.073752
494.4889998435974	90.347184	1244	0	0.089026	0.073752
496.4849998950958	83.588064	1254	0	0.098574	0.073752
498.48799991607666	89.132832	1254	0	0.099088	0.073752
500.48999977111816	88.985608	1272	0	0.101367	0.073752
502.48699975013733	87.80936	1314	0	0.100207	0.073752
504.4839999675751	84.111144	1280	0	0.092945	0.073752
506.4909999370575	79.824872	1256	0	0.093611	0.073752
508.4839999675751	75.422088	1262	0	0.112656	0.073752
510.48699975013733	81.996872	1262	0	0.101676	0.073752
512.4849998950958	87.658904	1236	0	0.098516	0.073752
514.4830000400543	76.663608	1186	0	0.088699	0.073752
516.4849998950958	76.663608	1188	0	0.090417	0.073752
518.4839999675751	83.683288	1192	0	0.087213	0.073752
520.4849998950958	82.240376	1180	0	0.090249	0.073752
522.4839999675751	82.240376	1180	0	0.09311	0.073752
524.4849998950958	73.880712	1170	0	0.087046	0.073752
526.4849998950958	73.880712	1170	0	0.089432	0.073752
528.4849998950958	73.880712	1174	0	0.084558	0.073752
530.4849998950958	78.150192	1050	0	0.087437	0.073752
532.4889998435974	74.67152	1096	0	0.088405	0.073752
534.4869997501373	83.020496	1156	0	0.090626	0.073752
536.4849998950958	85.096488	1174	0	0.093758	0.073752
538.4849998950958	85.096488	1174	0	0.087632	0.073752
540.4879999160767	73.46696	1174	0	0.091269	0.073752
542.4859998226166	83.937704	1178	0	0.085781	0.073752
544.4849998950958	90.148544	1198	0	0.096427	0.073752
546.4869997501373	75.149144	1198	0	0.092317	0.073752
548.4859998226166	15.722192	1192	0	0.108193	0.073752
550.4899997711182	82.176768	1192	0	0.09088	0.073752
552.4909999370575	74.888192	1202	0	0.094846	0.073752
554.4879999160767	73.139576	1196	0	0.113179	0.073752
556.4879999160767	83.240104	1196	0	0.093053	0.073752
558.4859998226166	75.930616	1232	0	0.098308	0.073752
560.4879999160767	92.200704	1250	0	0.100199	0.073752
562.4889998435974	86.201392	1280	0	0.092005	0.073752
564.4869997501373	78.265432	1262	0	0.093741	0.073752
566.4859998226166	85.43388	1262	0	0.088331	0.073752
568.4879999160767	84.869488	1268	0	0.104663	0.073752
570.492999792099	74.224752	1262	0	0.115553	0.073752
572.4879999160767	74.827376	1261	0	0.122701	0.073752
574.4879999160767	75.809944	1266	0	0.091475	0.073752
576.4879999160767	83.766352	1266	0	0.091996	0.073752
578.4889998435974	87.593272	1312	0	0.109093	0.073752
580.4849998950958	85.158048	1306	0	0.095892	0.073752
582.4909999370575	84.02	1286	0	0.111216	0.073752
584.4899997711182	80.05884	1286	0	0.107076	0.073752
586.4879999160767	88.334016	1274	0	0.094506	0.073752
588.4859998226166	91.97036	1272	0	0.098543	0.073752
590.4899997711182	80.662504	1272	0	0.087341	0.073752
592.4859998226166	88.557304	1312	0	0.097873	0.073752
594.4879999160767	86.099208	1306	0	0.102833	0.073752
596.4889998435974	91.607352	1306	0	0.095093	0.073752
598.4879999160767	75.294752	1302	0	0.099102	0.073752
600.4869997501373	85.641088	1302	0	0.093806	0.073752
602.4889998435974	89.394128	1290	0	0.104099	0.073752
604.4859998226166	83.447736	1296	0	0.094948	0.073752
606.4879999160767	88.48132	1296	0	0.10045	0.073752
608.4889998435974	86.853096	1294	0	0.098345	0.073752
610.4899997711182	82.149432	1262	0	0.090255	0.073752
612.4879999160767	88.84468	1272	0	0.118042	0.073752
614.4909999370575	80.7166	1266	0	0.087542	0.073752
616.4899997711182	82.944176	1272	0	0.102115	0.073752
618.4909999370575	86.452656	1260	0	0.097846	0.073752
620.4889998435974	97.34992	1280	0	0.104469	0.073752
622.4919998645782	80.605752	1342	0	0.092384	0.073752
624.4919998645782	90.615928	1286	0	0.099709	0.073752
626.4899997711182	85.288648	1270	0	0.113071	0.073752
628.4899997711182	87.327592	1266	0	0.12154	0.073752
630.4899997711182	88.897464	1268	0	0.107712	0.073752
632.4899997711182	85.81848	1250	0	0.091699	0.073752
634.4879999160767	83.833256	1242	0	0.090751	0.073752
636.4879999160767	88.448568	1248	0	0.11365	0.073752
638.4869997501373	80.569832	1242	0	0.091265	0.073752
640.4869997501373	90.137592	1236	0	0.097527	0.073752
642.4839999675751	88.825488	1242	0	0.100327	0.073752
644.4909999370575	88.825488	1242	0	0.088765	0.073752
646.4879999160767	80.017072	1242	0	0.097919	0.073752
648.4879999160767	76.876056	1236	0	0.089016	0.073752
650.4859998226166	87.157208	1306	0	0.098009	0.073752
652.4869997501373	76.625944	1290	0	0.094507	0.073752
654.4899997711182	89.396656	1290	0	0.103746	0.073752
656.4879999160767	87.792416	1266	0	0.111942	0.073752
658.4899997711182	84.6228	1250	0	0.092823	0.073752
660.4909999370575	80.003288	1244	0	0.092234	0.073752
662.4879999160767	93.920192	1246	0	0.092939	0.073752
664.4879999160767	79.847728	1248	0	0.094464	0.073752
666.4889998435974	89.716912	1248	0	0.100521	0.073752
668.4859998226166	92.435632	1244	0	0.105289	0.073752
670.4879999160767	86.008992	1252	0	0.102175	0.073752
672.4889998435974	79.723672	1252	0	0.090355	0.073752
674.4859998226166	88.343472	1258	0	0.104588	0.073752
676.4849998950958	88.343472	1258	0	0.095212	0.073752
678.4849998950958	88.343472	1258	0	0.093207	0.073752
680.4859998226166	88.343472	1276	0	0.087736	0.073752
682.4849998950958	79.4112	1266	0	0.092437	0.073752
684.4899997711182	79.4112	1266	0	0.091015	0.073752
686.492999792099	81.531936	1248	0	0.09441	0.073752
688.4869997501373	89.713568	1248	0	0.1048	0.074137
690.4849998950958	85.021968	1242	0	0.101025	0.074137
692.4899997711182	76.732288	1236	0	0.088765	0.074137
694.4899997711182	82.548688	1236	0	0.105018	0.074137
696.4879999160767	89.415376	1254	0	0.089723	0.074137
698.4960000514984	79.279592	1248	0	0.094039	0.074137
700.4849998950958	90.657984	1250	0	0.102223	0.074137
702.4879999160767	89.936672	1256	0	0.102771	0.074137
704.4879999160767	91.711304	1296	0	0.099236	0.074137
706.4899997711182	84.418856	1278	0	0.096056	0.074137
708.4859998226166	87.354384	1280	0	0.102228	0.074137
710.4889998435974	90.2172	1280	0	0.088601	0.074137
712.4869997501373	78.336048	1264	0	0.09352	0.074137
714.4889998435974	91.693536	1262	0	0.105391	0.074137
716.4889998435974	85.71956	1262	0	0.102263	0.074137
718.4849998950958	86.42236	1262	0	0.098616	0.074137
720.4889998435974	86.42236	1246	0	0.091428	0.074137
722.4879999160767	88.958392	1232	0	0.097715	0.074137
724.4859998226166	88.958392	1232	0	0.095682	0.074137
726.4849998950958	74.923032	1222	0	0.092412	0.074137
728.4909999370575	32.121904	1200	0	0.096147	0.074137
730.4879999160767	76.056136	1210	0	0.085326	0.074137
732.4879999160767	81.83628	1216	0	0.092566	0.074137
734.4909999370575	76.766304	1244	0	0.086598	0.074137
736.4889998435974	90.87576	1258	0	0.103835	0.074137
738.739000082016	77.609568	1252	0	0.089641	0.074137
740.7360000610352	92.102584	1252	0	0.095917	0.074137
742.7379999160767	90.917824	1258	0	0.098164	0.074137
744.7369999885559	81.492016	1258	0	0.090045	0.074137
746.7369999885559	81.492016	1296	0	0.096492	0.074137
748.5839998722076	81.492016	1278	0	0.088671	0.074137
750.7369999885559	81.492016	1278	0	0.097052	0.074137
752.7369999885559	81.492016	1278	0	0.091121	0.074137
754.7360000610352	81.492016	1278	0	0.08422	0.074137
756.7360000610352	81.492016	1278	0	0.089288	0.074137
758.7360000610352	81.492016	1284	0	0.085738	0.074137
760.7360000610352	81.492016	1284	0	0.083356	0.074137
762.7360000610352	81.492016	1284	0	0.087441	0.074137
764.7360000610352	81.492016	1284	0	0.082977	0.074137
766.7369999885559	81.492016	1284	0	0.089803	0.074137
768.7369999885559	81.492016	1284	0	0.089777	0.074137
770.7360000610352	79.338784	1158	0	0.093096	0.074137
772.5880000591278	79.338784	1112	0	0.086605	0.074137
774.7369999885559	79.338784	1112	0	0.085755	0.074137
776.7369999885559	79.338784	1112	0	0.087312	0.074137
778.7360000610352	77.200376	1112	0	0.086257	0.074137
780.7369999885559	77.200376	1112	0	0.090791	0.074137
782.7369999885559	77.200376	1098	0	0.084761	0.074137
784.7369999885559	77.200376	1098	0	0.090837	0.074137
786.7369999885559	77.200376	1098	0	0.092748	0.074137
788.7379999160767	77.200376	1104	0	0.083749	0.074137
790.739000082016	75.380224	1154	0	0.089911	0.074137
792.7369999885559	80.136192	1154	0	0.094308	0.074137
794.7360000610352	71.039144	1158	0	0.091942	0.074137
796.5739998817444	71.039144	1158	0	0.083177	0.074137
798.739000082016	92.263696	1172	0	0.093068	0.074137
800.7369999885559	77.664344	1214	0	0.0867	0.074137
802.7409999370575	79.302968	1214	0	0.090689	0.074137
804.739000082016	56.64132	1260	0	0.085797	0.074137
806.7379999160767	90.509176	1272	0	0.099063	0.074137
808.7379999160767	83.200064	1272	0	0.097499	0.074137
810.7379999160767	86.058672	1272	0	0.095608	0.074137
812.7379999160767	5.841528	1278	0	0.093265	0.074137
814.7369999885559	83.412064	1278	0	0.101418	0.074137
816.7379999160767	82.64616	1230	0	0.090214	0.074137
818.739000082016	82.64616	1230	0	0.087771	0.074137
820.5749998092651	87.53532	1224	0	0.088113	0.074137
822.7369999885559	87.53532	1206	0	0.09064	0.074137
824.7360000610352	73.397768	1204	0	0.091113	0.074137
826.7369999885559	73.397768	1204	0	0.087546	0.074137
828.7379999160767	73.397768	1202	0	0.090146	0.074137
830.7369999885559	78.378768	1150	0	0.090148	0.073999
832.7369999885559	78.378768	1150	0	0.08396	0.073999
834.7369999885559	73.572872	1060	0	0.092332	0.073999
836.7369999885559	6.3524	1060	0	0.087252	0.073999
838.7369999885559	35.566328	1060	0	0.088661	0.073999
840.7369999885559	35.945832	1060	0	0.086098	0.073999
842.7369999885559	35.945832	1072	0	0.088088	0.073999
844.7369999885559	69.24924	1062	0	0.083369	0.073999
846.7369999885559	79.859784	1076	0	0.089506	0.073999
848.7369999885559	79.859784	1076	0	0.092747	0.073999
850.7379999160767	79.859784	1070	0	0.084203	0.073999
852.7369999885559	70.83916	1148	0	0.085748	0.073999
854.7369999885559	76.210208	1148	0	0.08601	0.073999
856.7379999160767	76.210208	1154	0	0.094498	0.073999
858.7419998645782	88.010608	1154	0	0.094707	0.073999
860.739000082016	79.306	1162	0	0.09754	0.073999
862.7379999160767	88.576672	1176	0	0.096222	0.073999
864.7400000095367	81.793072	1176	0	0.085681	0.073999
866.7400000095367	86.6264	1200	0	0.092008	0.073999
868.739000082016	73.805016	1190	0	0.084678	0.073999
870.7400000095367	81.607856	1190	0	0.092954	0.073999
872.7409999370575	75.796	1252	0	0.092711	0.073999
874.7419998645782	86.622344	1268	0	0.096627	0.073999
876.7409999370575	83.545744	1260	0	0.093546	0.073999
878.7400000095367	88.213088	1266	0	0.094635	0.073999
880.7379999160767	83.756752	1230	0	0.094552	0.073999
882.7400000095367	87.086408	1230	0	0.093045	0.073999
884.7449998855591	83.320064	1230	0	0.097067	0.073999
886.7419998645782	84.133536	1306	0	0.101854	0.073999
888.7419998645782	92.744824	1312	0	0.098179	0.073999
890.739000082016	84.3836	1270	0	0.094874	0.073999
892.7409999370575	90.978856	1274	0	0.096776	0.073999
894.7419998645782	83.227536	1248	0	0.096503	0.073999
896.7369999885559	86.482928	1248	0	0.100265	0.073999
898.7400000095367	81.307608	1246	0	0.092266	0.073999
900.742999792099	82.347808	1234	0	0.099081	0.073999
902.7409999370575	91.431528	1278	0	0.100137	0.073999
904.739000082016	80.781744	1262	0	0.092704	0.073999
906.739000082016	84.349168	1262	0	0.095819	0.073999
908.739000082016	81.611856	1244	0	0.09828	0.073999
910.7369999885559	87.2426	1222	0	0.111391	0.073999
912.7379999160767	87.2426	1222	0	0.091874	0.073999
914.7369999885559	87.2426	1210	0	0.091141	0.073999
916.7369999885559	87.2426	1210	0	0.084211	0.073999
918.7409999370575	87.2426	1210	0	0.091412	0.073999
920.7419998645782	90.345888	1204	0	0.09821	0.073999
922.742999792099	85.6688	1202	0	0.093108	0.073999
924.7409999370575	85.6688	1202	0	0.111164	0.073999
926.7400000095367	84.856344	1254	0	0.088399	0.073999
928.7419998645782	87.568232	1278	0	0.096698	0.073999
930.7379999160767	67.713376	1284	0	0.125274	0.073999
932.7379999160767	67.713376	1250	0	0.086102	0.073999
934.7409999370575	67.713376	1250	0	0.093108	0.073999
936.7419998645782	84.569688	1244	0	0.08635	0.073999
938.7400000095367	89.739296	1244	0	0.093529	0.073999
940.742999792099	86.702784	1228	0	0.089857	0.073999
942.7459998130798	79.602392	1254	0	0.090583	0.073999
944.7400000095367	82.983376	1222	0	0.095209	0.073999
946.7409999370575	89.872528	1228	0	0.090983	0.073999
948.7409999370575	77.914416	1256	0	0.089244	0.073999
950.7409999370575	85.385624	1256	0	0.092753	0.073999
952.7400000095367	92.665976	1262	0	0.113647	0.073999
954.7400000095367	85.541576	1280	0	0.08642	0.073999
956.7400000095367	5.752312	1262	0	0.088887	0.073999
958.7409999370575	85.471184	1174	0	0.096783	0.073999
960.7449998855591	77.069456	1200	0	0.084211	0.073999
962.739000082016	81.965368	1200	0	0.093032	0.073999
964.739000082016	75.200392	1206	0	0.083103	0.073999
966.7400000095367	75.200392	1206	0	0.091521	0.073999
968.7419998645782	84.494896	1200	0	0.097432	0.073999
970.7419998645782	90.388744	1258	0	0.108461	0.073999
972.7409999370575	87.761752	1258	0	0.100411	0.073999
974.7400000095367	84.864024	1264	0	0.092892	0.073999
976.739000082016	91.049432	1262	0	0.100113	0.073999
978.7400000095367	91.049432	1262	0	0.089963	0.073999
980.7409999370575	87.584856	1262	0	0.099136	0.073999
982.7400000095367	82.243624	1256	0	0.101178	0.073999
984.7409999370575	86.29004	1256	0	0.087729	0.073999
986.992999792099	90.207576	1262	0	0.09737	0.073999
988.992999792099	85.361544	1256	0	0.090299	0.073999
990.9909996986389	90.446864	1262	0	0.101163	0.073999
992.9909996986389	88.598088	1282	0	0.098346	0.073999
994.9909996986389	75.99988	1254	0	0.087095	0.073999
996.9889998435974	77.461968	1254	0	0.096239	0.073999
998.9899997711182	81.6086	1260	0	0.093703	0.073999
1000.9899997711182	84.640056	1240	0	0.103682	0.073999
1002.9909996986389	87.59716	1212	0	0.09948	0.073999
1004.9919998645782	76.40348	1220	0	0.095313	0.073999
1006.9919998645782	90.27328	1228	0	0.103639	0.073999
1008.9919998645782	84.018608	1244	0	0.085362	0.073999
1010.9909996986389	91.200416	1244	0	0.099808	0.073999
1012.9939997196198	90.373608	1268	0	0.094715	0.073999
1014.9909996986389	93.701728	1268	0	0.109507	0.073999
1016.9919998645782	85.26648	1352	0	0.145002	0.073999
1018.9989998340607	5.771416	1296	0	0.099415	0.073999
1020.9909996986389	86.228256	1290	0	0.110874	0.073999
1022.9919998645782	91.995912	1260	0	0.089364	0.073999
1024.990999698639	87.366704	1266	0	0.096906	0.073999
1026.9919998645782	88.222008	1240	0	0.106888	0.073999
1028.990999698639	89.665568	1232	0	0.095417	0.073999
1030.9939997196198	83.768728	1238	0	0.099866	0.073999
1032.9950001239777	91.332224	1244	0	0.092867	0.073999
1034.990999698639	84.952984	1256	0	0.117407	0.073999
1036.992999792099	89.975344	1256	0	0.090883	0.073999
1038.9939997196198	84.752208	1256	0	0.109773	0.073999
1040.990999698639	92.467808	1282	0	0.109548	0.073999
1042.9919998645782	85.829136	1276	0	0.09958	0.073999
1044.9919998645782	90.199704	1240	0	0.11794	0.073999
1046.9919998645782	92.348624	1256	0	0.091428	0.073999
1048.9919998645782	83.775864	1260	0	0.094678	0.073999
1050.992999792099	83.49176	1260	0	0.106265	0.073999
1052.9889998435974	88.80192	1266	0	0.108099	0.073999
1054.9919998645782	88.80192	1266	0	0.093906	0.073999
1056.9939997196198	79.582128	1270	0	0.088722	0.073999
1058.9939997196198	92.212456	1262	0	0.092587	0.073999
1060.9899997711182	81.949352	1256	0	0.083618	0.073999
1062.9899997711182	81.567808	1256	0	0.097577	0.073999
1064.9899997711182	81.567808	1256	0	0.090176	0.073999
1066.9939997196198	83.593904	1238	0	0.105616	0.073999
1068.9899997711182	78.728368	1252	0	0.099764	0.073999
1070.9899997711182	83.160128	1232	0	0.089991	0.073999
1072.9919998645782	83.160128	1238	0	0.090761	0.073999
1074.9919998645782	76.873896	1232	0	0.09271	0.073999
1076.992999792099	87.575544	1264	0	0.102525	0.073999
1078.9939997196198	87.82324	1264	0	0.11903	0.073999
1080.990999698639	91.663792	1252	0	0.095702	0.073999
1082.9919998645782	84.360576	1258	0	0.113028	0.073999
1084.992999792099	87.747288	1236	0	0.093669	0.073999
1086.992999792099	82.918448	1242	0	0.103908	0.073999
1088.9969999790192	88.14788	1242	0	0.11902	0.073999
1090.9919998645782	85.636616	1242	0	0.088993	0.073999
1092.992999792099	88.095024	1314	0	0.100508	0.073999
1094.992999792099	85.468768	1264	0	0.094031	0.073999
1096.9919998645782	88.482152	1240	0	0.097484	0.073999
1098.9899997711182	76.63404	1204	0	0.095658	0.073999
1100.9899997711182	76.63404	1204	0	0.091039	0.073999
1102.9899997711182	76.63404	1202	0	0.092577	0.073999
1104.9889998435974	76.63404	1202	0	0.087965	0.073999
1106.9899997711182	76.63404	1192	0	0.087894	0.073999
1108.990999698639	76.63404	1192	0	0.086863	0.073999
1110.992999792099	76.63404	1192	0	0.086994	0.073999
1112.9919998645782	67.287736	1208	0	0.08394	0.073999
1114.9950001239777	87.69416	1230	0	0.102493	0.073999
1116.9939997196198	86.86452	1230	0	0.098125	0.073999
1118.990999698639	84.37528	1236	0	0.092435	0.073999
1120.9950001239777	84.37528	1236	0	0.093601	0.073999
1122.9939997196198	60.187568	1284	0	0.09027	0.073999
1124.990999698639	75.521096	1256	0	0.088807	0.073999
1127.0030000209808	75.521096	1256	0	0.089124	0.073999
1128.9939997196198	92.72984	1260	0	0.095991	0.073999
1130.9919998645782	73.907416	1254	0	0.088467	0.073999
1132.990999698639	73.907416	1254	0	0.087157	0.074024
1134.9919998645782	73.907416	1254	0	0.091316	0.074024
1136.990999698639	80.673096	1260	0	0.098222	0.074024
1138.9960000514984	78.067336	1252	0	0.090775	0.074024
1140.9969999790192	81.673144	1294	0	0.095892	0.074024
1142.9950001239777	85.89596	1238	0	0.109858	0.074024
1144.9919998645782	92.345904	1244	0	0.109216	0.074024
1146.9919998645782	88.45172	1244	0	0.09813	0.074024
1148.990999698639	87.360696	1244	0	0.095655	0.074024
1150.990999698639	87.360696	1244	0	0.089895	0.074024
1152.990999698639	79.512368	1236	0	0.086496	0.074024
1154.990999698639	75.360216	1236	0	0.094616	0.074024
1156.9899997711182	80.271496	1228	0	0.091809	0.074024
1158.9899997711182	80.210144	1126	0	0.097958	0.074024
1160.990999698639	80.210144	1126	0	0.094681	0.074024
1162.9960000514984	79.973144	1126	0	0.087968	0.074024
1164.9899997711182	73.462488	1126	0	0.102513	0.074024
1166.990999698639	73.462488	1126	0	0.085207	0.074024
1168.992999792099	73.462488	1172	0	0.093055	0.074024
1170.9899997711182	73.462488	1158	0	0.087974	0.074024
1172.9899997711182	73.462488	1154	0	0.085677	0.074024
1174.9919998645782	73.462488	1152	0	0.090108	0.074024
1176.990999698639	73.462488	1134	0	0.087735	0.074024
1178.992999792099	75.93168	1040	0	0.091595	0.074024
1180.992999792099	70.740808	1104	0	0.088451	0.074024
1182.9939997196198	87.219776	1172	0	0.090441	0.074024
1184.9969999790192	80.071344	1166	0	0.092229	0.074024
1186.992999792099	74.629912	1166	0	0.124506	0.074024
1188.9919998645782	91.07416	1190	0	0.109207	0.074024
1190.9919998645782	86.38304	1190	0	0.090167	0.074024
1192.9899997711182	78.588808	1206	0	0.104733	0.074024
1194.9899997711182	78.588808	1212	0	0.08969	0.074024
1196.990999698639	78.588808	1212	0	0.090517	0.074024
1198.990999698639	78.588808	1212	0	0.085359	0.074024
1200.990999698639	78.588808	1212	0	0.082418	0.074024
1202.9899997711182	78.588808	1212	0	0.081949	0.074024
1204.9899997711182	78.588808	1224	0	0.082638	0.074024
1206.9919998645782	78.588808	1214	0	0.08139	0.074024
1208.990999698639	78.588808	1214	0	0.085981	0.074024
1210.9919998645782	78.588808	1214	0	0.086533	0.074024
1212.9919998645782	78.588808	1210	0	0.085995	0.074024
1214.9919998645782	78.588808	1210	0	0.086407	0.074024
1216.9899997711182	78.588808	1210	0	0.093693	0.074024
1218.9919998645782	78.588808	1210	0	0.087038	0.074024
1220.990999698639	78.588808	1208	0	0.092092	0.074024
1222.9919998645782	78.588808	1208	0	0.094599	0.074024
1224.992999792099	86.584512	1140	0	0.090667	0.074024
1226.992999792099	85.068464	1142	0	0.097269	0.074024
1228.9919998645782	77.360608	1142	0	0.09049	0.074024
1230.990999698639	77.360608	4	0	0.090924	0.074024
1232.9939997196198	71.355664	1160	0	0.091294	0.074024
1234.992999792099	76.202592	1142	0	0.090864	0.074024
1236.9919998645782	87.26372	1190	0	0.095323	0.074024
1239.2439999580383	84.025952	1190	0	0.089495	0.074024
1241.2529997825623	88.846208	1196	0	0.093118	0.074024
1243.0839998722076	92.531736	1220	0	0.087699	0.074024
1245.244999885559	86.340264	1290	0	0.104058	0.074024
1247.2439999580383	88.126112	1274	0	0.099964	0.074024
1249.2430000305176	93.083056	1268	0	0.092047	0.074024
1251.2469997406006	87.911016	1274	0	0.101829	0.074024
1253.2439999580383	87.911016	1274	0	0.091352	0.074024
1255.2430000305176	84.225904	1218	0	0.106509	0.074024
1257.2419998645782	84.82224	1218	0	0.098653	0.074024
1259.2439999580383	84.82224	1219	0	0.086352	0.074024
1261.2430000305176	91.308248	1242	0	0.101086	0.074024
1263.2430000305176	86.82224	1242	0	0.087799	0.074024
1265.2419998645782	80.008808	1232	0	0.095855	0.074024
1267.079999923706	80.008808	1210	0	0.081254	0.074024
1269.2430000305176	80.008808	1210	0	0.092789	0.074024
1271.2430000305176	77.529512	1210	0	0.093309	0.074024
1273.2419998645782	76.853336	1194	0	0.094273	0.074024
1275.2419998645782	67.665064	1146	0	0.10706	0.074024
1277.2430000305176	76.029752	1080	0	0.090386	0.074024
1279.2529997825623	75.00952	1080	0	0.089472	0.074024
1281.2419998645782	77.355384	1080	0	0.087492	0.074024
1283.2499997615814	77.355384	1074	0	0.086353	0.073993
1285.2430000305176	71.50336	1020	0	0.091109	0.073993
1287.2430000305176	72.446416	982	0	0.085867	0.073993
1289.2430000305176	69.801336	1006	0	0.082673	0.073993
1291.0839998722076	73.516168	1034	0	0.084847	0.073993
1293.2419998645782	73.516168	1034	0	0.084773	0.073993
1295.2419998645782	73.516168	1068	0	0.085128	0.073993
1297.2419998645782	73.516168	1046	0	0.086131	0.073993
1299.2469997406006	73.516168	1046	0	0.089264	0.073993
1301.2419998645782	76.113584	1046	0	0.08445	0.073993
1303.2419998645782	76.113584	1046	0	0.086325	0.073993
1305.2430000305176	74.877896	1042	0	0.089078	0.073993
1307.2419998645782	74.877896	1042	0	0.084675	0.073993
1309.2419998645782	74.877896	1080	0	0.08569	0.073993
1311.2409999370575	74.877896	1048	0	0.084644	0.073993
1313.2439999580383	74.877896	1048	0	0.08944	0.073993
1315.082999944687	70.236384	1158	0	0.085931	0.073993
1317.2499997615814	81.926088	1164	0	0.091822	0.073993
1319.2419998645782	77.722368	1170	0	0.093457	0.073993
1321.2439999580383	85.66692	1170	0	0.089489	0.073993
1323.2439999580383	81.533064	1192	0	0.096042	0.073993
1325.2430000305176	54.691744	1240	0	0.082639	0.073993
1327.244999885559	54.691744	1230	0	0.090597	0.073993
1329.2459998130798	54.691744	1230	0	0.09521	0.073993
1331.2439999580383	54.691744	1230	0	0.085021	0.073993
1333.2439999580383	54.691744	1230	0	0.091937	0.073993
1335.244999885559	54.691744	1230	0	0.084131	0.073993
1337.244999885559	91.050896	1186	0	0.09435	0.073993
1339.1009998321533	72.554512	1204	0	0.084711	0.073993
1341.2439999580383	85.328848	1190	0	0.093729	0.073993
1343.2430000305176	89.343016	1226	0	0.10237	0.073993
1345.2439999580383	85.533488	1220	0	0.096357	0.073993
1347.2430000305176	77.995896	1220	0	0.098654	0.073993
1349.2419998645782	74.831032	1226	0	0.090909	0.073993
1351.2430000305176	74.831032	1242	0	0.087009	0.073993
1353.2430000305176	74.831032	1240	0	0.088755	0.073993
1355.2439999580383	75.370576	1240	0	0.087993	0.073993
1357.2419998645782	85.447696	1223	0	0.099126	0.073993
1359.2499997615814	82.21272	1246	0	0.086629	0.073993
1361.244999885559	82.21272	1252	0	0.09318	0.073993
1363.2419998645782	82.21272	1252	0	0.086505	0.073993
1365.2419998645782	82.21272	1252	0	0.093132	0.073993
1367.2419998645782	82.21272	1252	0	0.091831	0.073993
1369.2439999580383	57.44472	1238	0	0.084915	0.073993
1371.2439999580383	84.990432	1252	0	0.097737	0.073993
1373.2439999580383	77.65972	1258	0	0.090501	0.073993
1375.244999885559	79.06352	1258	0	0.098538	0.073993
1377.2439999580383	89.49564	1252	0	0.098215	0.073993
1379.2419998645782	92.562472	1252	0	0.098105	0.073993
1381.244999885559	92.562472	1252	0	0.093022	0.073993
1383.2439999580383	66.960304	1210	0	0.092643	0.073993
1385.2459998130798	83.338904	1210	0	0.091711	0.073993
1387.2419998645782	94.190616	1234	0	0.091818	0.073993
1389.2439999580383	77.119616	1234	0	0.095976	0.073993
1391.244999885559	77.349384	1234	0	0.09541	0.073993
1393.2459998130798	84.679128	1295	0	0.097427	0.073993
1395.2419998645782	89.226704	1250	0	0.092277	0.073993
1397.244999885559	83.21228	1214	0	0.086459	0.073993
1399.2439999580383	89.632736	1260	0	0.111815	0.073993
1401.2439999580383	89.632736	1260	0	0.090636	0.073993
1403.24799990654	91.822808	1260	0	0.099402	0.073993
