0.0	14.031232	128	0	0.056738	0.026018
0.1230001449584961	22.605712	124	0	0.038017	0.026018
0.6649999618530273	22.232072	124	1	0.056213	0.026018
3.3359999656677246	23.79948	124	105	0.048108	0.026018
3.5	21.852008	124	0	0.057939	0.026018
3.830000162124634	23.64876	128	1	0.055156	0.026018
4.564000129699707	9.20168	126	0	0.050061	0.026018
5.166000127792358	4.269312	126	0	0.05459	0.026018
5.653000116348267	10.780168	122	0	0.05442	0.026018
6.123000144958496	9.59116	126	0	0.055575	0.026018
6.4730000495910645	24.471848	124	20	0.050695	0.026018
6.868000030517578	22.257312	126	0	0.058116	0.026018
7.317000150680542	20.109416	126	0	0.044791	0.026018
8.903000116348267	23.482016	124	0	0.054854	0.026018
10.904000043869019	4.309072	120	0	0.049534	0.026018
12.904000043869019	21.3162	118	0	0.049378	0.026018
14.903000116348267	23.365376	130	0	0.055064	0.026018
16.91100001335144	21.557112	130	0	0.053431	0.026018
19.2020001411438	4.193888	122	0	0.059406	0.026018
20.903000116348267	0.49596	120	0	0.057953	0.026018
22.903000116348267	11.609224	122	0	0.029977	0.026018
24.90499997138977	22.75324	120	0	0.030983	0.026018
26.90400004386902	23.315048	126	0	0.030926	0.026018
28.90400004386902	22.139752	124	0	0.051305	0.026018
30.903000116348267	21.986296	124	0	0.04782	0.026018
32.90400004386902	2.43812	126	0	0.058653	0.026018
34.90499997138977	22.5822	132	0	0.062456	0.026018
36.90400004386902	13.047704	134	0	0.033558	0.026018
38.90499997138977	21.490504	128	0	0.05885	0.026018
40.907999992370605	23.382992	128	0	0.05849	0.026018
42.9060001373291	10.8942	130	0	0.055313	0.026018
44.90400004386902	1.1384	134	0	0.057451	0.026018
46.907999992370605	20.577688	130	0	0.034013	0.026018
48.90400004386902	21.258552	126	0	0.055352	0.026018
50.90499997138977	22.67768	130	0	0.033267	0.026018
52.91700029373169	21.844576	130	0	0.059661	0.026018
54.9060001373291	19.9188	136	0	0.054034	0.026018
56.90400004386902	2.988176	136	0	0.059155	0.026018
58.90300011634827	21.29364	128	0	0.049974	0.026018
60.90000009536743	11.123192	128	0	0.034103	0.026018
62.9060001373291	22.035472	126	0	0.048825	0.026018
64.9060001373291	18.149904	126	0	0.034099	0.026018
66.9060001373291	5.922584	134	0	0.05546	0.026018
68.9060001373291	19.892872	130	0	0.035331	0.026018
70.9060001373291	19.892872	130	0	0.03076	0.026018
72.90499997138977	4.557616	130	0	0.060473	0.026018
74.90900015830994	23.260384	130	0	0.031761	0.026018
76.9060001373291	22.032744	126	0	0.048792	0.026018
78.91000008583069	22.426624	128	0	0.041755	0.026018
80.91000008583069	9.258288	132	0	0.055577	0.026018
82.9079999923706	22.867736	126	0	0.055834	0.026018
84.9079999923706	16.636448	126	0	0.030299	0.026018
86.90900015830994	24.627056	126	0	0.038206	0.026018
88.9079999923706	23.50828	122	0	0.035665	0.025988
90.90700006484985	12.58872	128	0	0.06046	0.025988
92.9079999923706	23.099176	128	0	0.037719	0.025988
94.90900015830994	11.574512	124	0	0.032848	0.025988
96.90900015830994	22.53436	124	0	0.037918	0.025988
98.90900015830994	23.304064	128	0	0.031334	0.025988
100.91000008583069	21.776096	126	0	0.055392	0.025988
102.90700006484985	21.955672	128	0	0.053642	0.025988
104.90700006484985	23.049912	132	0	0.05011	0.025988
106.90700006484985	23.207752	132	0	0.048929	0.025988
108.9079999923706	23.255464	128	0	0.032762	0.025988
110.90700006484985	22.33744	128	0	0.044144	0.025988
112.93500018119812	18.232904	122	0	0.039268	0.025988
114.9079999923706	22.008512	126	0	0.040439	0.025988
116.90700006484985	21.069944	126	0	0.043951	0.025988
118.90499997138977	21.247328	126	0	0.031666	0.025988
120.9060001373291	23.011976	126	0	0.041396	0.025988
122.9079999923706	22.262848	128	0	0.032073	0.025988
124.90700006484985	19.330688	126	0	0.034557	0.025988
126.9079999923706	22.582168	134	0	0.035477	0.025988
128.90400004386902	20.615288	132	0	0.031646	0.025988
130.90700006484985	22.279048	130	0	0.040296	0.025988
132.90900015830994	21.795824	130	0	0.031906	0.025988
134.9079999923706	2.400856	134	0	0.060586	0.025988
136.9079999923706	5.482608	126	0	0.056274	0.025988
138.90900015830994	3.143688	128	0	0.054985	0.025988
140.90700006484985	1.943584	130	0	0.056938	0.025988
142.9079999923706	11.815432	126	0	0.035169	0.025988
144.90700006484985	7.535344	124	0	0.056703	0.025988
146.9060001373291	21.283536	124	0	0.03061	0.025988
148.9079999923706	22.101432	124	0	0.044756	0.025988
150.90700006484985	21.14716	132	0	0.037466	0.025988
152.9079999923706	22.284	132	0	0.033519	0.025988
155.16300010681152	22.022944	132	0	0.055502	0.025988
157.15900015830994	22.437216	126	0	0.032636	0.025988
159.15900015830994	20.941792	134	0	0.044656	0.025988
160.95900011062622	21.793368	132	0	0.035227	0.025988
163.1650002002716	22.98724	132	0	0.051162	0.025988
165.15800023078918	20.118224	130	0	0.060558	0.025988
167.1600000858307	21.979368	132	0	0.034708	0.025988
169.15800023078918	1.147728	126	0	0.053119	0.025988
171.1600000858307	12.010632	124	0	0.033348	0.025988
173.1600000858307	3.789384	126	0	0.052991	0.025988
175.15900015830994	23.713056	130	0	0.033535	0.025988
177.15900015830994	8.829328	130	0	0.059907	0.025988
179.16100001335144	22.734528	126	0	0.060953	0.025988
181.15700030326843	11.9356	130	0	0.033552	0.025988
183.15900015830994	14.327352	128	0	0.057575	0.025988
184.96399998664856	20.261248	124	0	0.03016	0.025988
187.1600000858307	14.479928	124	0	0.056218	0.025988
189.15900015830994	4.252352	124	0	0.056866	0.025988
191.1600000858307	23.71092	128	0	0.031698	0.025988
193.15800023078918	23.719264	128	0	0.037039	0.025988
195.15800023078918	21.986568	130	0	0.033884	0.025988
197.15900015830994	0.889064	130	0	0.062426	0.025988
199.15900015830994	20.20636	128	0	0.047641	0.025988
201.16100001335144	22.055232	128	0	0.04491	0.025988
203.1600000858307	1.93724	128	0	0.064853	0.025988
205.1560001373291	23.000608	128	0	0.050687	0.025988
207.1600000858307	23.35036	126	0	0.060066	0.025988
208.9689998626709	18.601328	128	0	0.034191	0.025988
211.15800023078918	3.59476	130	0	0.061687	0.025988
213.15800023078918	2.716136	128	0	0.06141	0.025988
215.1600000858307	22.700352	126	0	0.055261	0.025988
217.16100001335144	17.185944	124	0	0.05343	0.025988
219.1600000858307	15.764056	124	0	0.032944	0.025988
221.1600000858307	21.495232	134	0	0.059843	0.025988
223.1600000858307	3.554184	124	0	0.061107	0.025988
225.16200017929077	17.686456	128	0	0.044809	0.025988
227.16100001335144	11.086128	136	0	0.050533	0.025988
229.16200017929077	12.859608	120	0	0.03339	0.025988
231.16100001335144	7.879024	132	0	0.05567	0.025988
232.9700002670288	13.680544	132	0	0.037765	0.025988
235.16100001335144	12.744328	128	0	0.054293	0.025988
237.16100001335144	1.904552	130	0	0.060448	0.025988
239.16100001335144	11.622544	130	0	0.035457	0.025988
241.16100001335144	21.788184	128	0	0.060246	0.025988
243.16200017929077	23.264592	128	0	0.033719	0.025988
245.15800023078918	14.04076	130	0	0.048678	0.025988
247.1600000858307	21.416264	130	0	0.036235	0.025988
249.16100001335144	21.575568	130	0	0.031525	0.025988
251.16100001335144	21.929296	132	0	0.0576	0.025988
253.15900015830994	22.319688	132	0	0.035727	0.025988
255.1600000858307	20.602992	124	0	0.036338	0.025988
257.15900015830994	23.688736	130	0	0.033177	0.025988
259.16200017929077	23.260608	138	0	0.055026	0.025988
261.16200017929077	23.055024	138	0	0.054562	0.025988
263.16200017929077	22.597536	142	0	0.035456	0.025988
265.16100001335144	21.770464	128	0	0.035342	0.025988
267.1630001068115	23.232096	128	0	0.032673	0.025988
269.2430000305176	16.563	138	0	0.059449	0.025988
271.1650002002716	11.499424	124	0	0.03822	0.025988
273.1650002002716	22.578296	136	0	0.037466	0.025988
275.1650002002716	21.118	136	0	0.054316	0.025988
277.1760001182556	23.236344	136	0	0.034342	0.025988
279.1640000343323	21.601168	136	0	0.046621	0.025988
281.16799998283386	18.279648	136	0	0.034344	0.025988
283.17500019073486	24.658688	132	0	0.041012	0.025988
285.1630001068115	14.135592	132	0	0.082129	0.025988
287.16600012779236	24.343472	124	0	0.03068	0.025988
289.16600012779236	22.045136	124	0	0.037239	0.025988
