0.0	53.313336	718	0	0.051407	0.051
0.13100004196166992	7.889312	78	0	0.057432	0.051
0.28599977493286133	7.889312	78	0	0.052991	0.051
0.500999927520752	7.889312	78	0	0.051883	0.051
0.7409999370574951	11.358752	116	0	0.05176	0.051
1.001999855041504	11.984432	134	0	0.052587	0.051
1.2929997444152832	17.893928	168	0	0.051462	0.051
1.4800000190734863	22.715032	210	0	0.051447	0.051
1.628000020980835	15.576208	218	0	0.054733	0.051
3.3949999809265137	28.412824	264	0	0.054754	0.051
5.394999980926514	41.987112	384	0	0.051405	0.051
7.393999814987183	54.1172	498	0	0.051356	0.051
9.393999814987183	60.099144	550	0	0.054682	0.051
11.393999814987183	60.099144	552	0	0.051414	0.051
13.394999980926514	60.099144	552	0	0.051408	0.051
15.393999814987183	60.099144	552	0	0.051466	0.051
17.394999980926514	69.002888	634	0	0.051613	0.051
19.393999814987183	70.837328	650	0	0.05142	0.051
21.393999814987183	62.49204	4	0	0.052548	0.051
23.393999814987183	62.49204	646	0	0.054671	0.051
25.394999980926514	62.49204	650	0	0.051372	0.051
27.394999980926514	74.490168	692	0	0.051444	0.051
29.393999814987183	74.490168	692	0	0.051366	0.051
31.393999814987183	74.490168	692	0	0.051363	0.051
33.39399981498718	80.672856	4	0	0.051506	0.051
35.39399981498718	80.672856	742	0	0.051468	0.051
37.39399981498718	80.672856	742	0	0.054671	0.051
39.39399981498718	80.672856	742	0	0.05145	0.051
41.394999980926514	80.672856	744	0	0.054764	0.051
43.394999980926514	84.873744	834	0	0.051768	0.051
45.394999980926514	99.57528	926	0	0.051387	0.051
47.39399981498718	107.831832	1004	0	0.051416	0.051
49.394999980926514	107.831832	1004	0	0.051361	0.051
51.394999980926514	107.831832	1004	0	0.051404	0.051
53.39399981498718	107.831832	1004	0	0.051457	0.051
55.395999908447266	107.831832	1004	0	0.051382	0.051
57.394999980926514	117.125912	1066	0	0.051363	0.051
59.395999908447266	117.125912	1074	0	0.051695	0.051
61.394999980926514	6.513264	1134	0	0.054784	0.051
63.39399981498718	51.024432	1134	0	0.053723	0.051
65.39499998092651	9.522848	1134	0	0.057571	0.051
67.39499998092651	36.099616	1134	0	0.054866	0.051
69.39499998092651	114.805864	1054	0	0.051609	0.051
71.39599990844727	110.783344	1054	0	0.054771	0.051
73.39499998092651	105.604936	1054	0	0.051666	0.051
75.39399981498718	6.539424	1054	0	0.05471	0.051
77.39599990844727	33.248456	968	0	0.054787	0.051
79.39599990844727	106.3192	4	0	0.051508	0.051
81.39499998092651	107.118744	996	0	0.051482	0.051
83.39499998092651	107.118744	1002	0	0.051372	0.051
85.39499998092651	107.118744	1002	0	0.051559	0.051
87.39599990844727	107.118744	1002	0	0.051535	0.051
89.39499998092651	107.118744	1002	0	0.051456	0.051
91.39599990844727	107.118744	1002	0	0.051375	0.051
93.39499998092651	116.410816	1067	0	0.051426	0.051
95.39499998092651	6.405672	1068	0	0.054671	0.051
97.39599990844727	35.907512	1068	0	0.054949	0.051
99.39599990844727	6.353624	1068	0	0.054801	0.051
101.39599990844727	118.12448	4	0	0.051451	0.051
103.39599990844727	118.12448	1090	0	0.051394	0.051
105.39499998092651	123.048728	1128	0	0.051536	0.051
107.39599990844727	123.048728	1136	0	0.055866	0.051
109.39699983596802	123.048728	1136	0	0.054834	0.051
111.39599990844727	92.010848	1136	0	0.051979	0.051
113.39599990844727	92.010848	1136	0	0.054749	0.051
115.39499998092651	92.010848	4	0	0.051571	0.051
117.39599990844727	92.010848	1130	0	0.051372	0.051
119.39499998092651	92.010848	1130	0	0.054701	0.051
121.39599990844727	92.010848	1138	0	0.052629	0.051
123.39599990844727	88.037864	808	0	0.054778	0.051
125.39599990844727	88.037864	808	0	0.051519	0.051
126.12800002098083	56.33572	674	367	0.070669	0.062996
126.29999995231628	58.00868	688	15	0.072806	0.062996
126.40199971199036	58.00868	690	0	0.072677	0.062996
126.48000001907349	58.00868	690	0	0.074433	0.062996
126.56799983978271	58.00868	690	0	0.070733	0.062996
126.66799998283386	58.00868	690	0	0.07074	0.062996
126.78299975395203	58.00868	690	0	0.072927	0.062996
126.90299963951111	58.00868	690	0	0.070973	0.062996
127.39599990844727	88.037864	808	0	0.051424	0.051
127.51799988746643	58.00868	690	0	0.069755	0.062996
129.39599990844727	88.037864	808	0	0.051552	0.051
131.39799976348877	90.228752	890	0	0.051913	0.051
133.39699983596802	6.402136	1044	0	0.054851	0.051
135.39699983596802	134.511528	1237	0	0.051425	0.051
137.39699983596802	9.537984	1290	0	0.057524	0.051
139.39599990844727	77.72468	1290	0	0.051673	0.051
141.39599990844727	107.953568	1290	0	0.051733	0.051
143.39699983596802	117.060272	4	0	0.054718	0.051
145.39599990844727	117.060272	1290	0	0.051398	0.051
147.39699983596802	6.358008	66	0	0.054936	0.051
149.39599990844727	8.783072	128	0	0.054768	0.051
151.39699983596802	12.688176	170	0	0.054234	0.051
153.39599990844727	20.546904	218	0	0.052375	0.051
155.39599990844727	21.14516	270	0	0.053927	0.051
157.39699983596802	25.936592	296	0	0.054705	0.051
159.39599990844727	25.936592	296	0	0.054878	0.051
161.4099998474121	25.936592	296	0	0.056535	0.051
163.39699983596802	28.149264	298	0	0.053901	0.051
165.39699983596802	33.376184	306	0	0.051359	0.051
167.39599990844727	33.376184	306	0	0.051336	0.051
169.39699983596802	33.376184	308	0	0.05143	0.051
171.39599990844727	40.963536	380	0	0.051451	0.051
173.39599990844727	40.963536	380	0	0.05154	0.051
175.39699983596802	40.963536	380	0	0.05274	0.051
177.39599990844727	40.963536	380	0	0.051408	0.051
179.39599990844727	40.963536	380	0	0.051491	0.051
181.39599990844727	40.963536	380	0	0.055144	0.051
183.39599990844727	36.083016	4	0	0.052406	0.051
185.64699983596802	42.477848	392	0	0.054706	0.051
187.6459996700287	42.477848	392	0	0.053765	0.051
189.64699983596802	42.477848	394	0	0.051576	0.051
191.64699983596802	42.477848	394	0	0.054801	0.051
193.6459996700287	37.890208	398	0	0.052252	0.051
195.64699983596802	47.632872	438	0	0.053273	0.051
197.64800000190735	52.909128	490	0	0.051509	0.051
199.48599982261658	67.28924	618	0	0.051475	0.051
201.64699983596802	80.498448	799	0	0.051728	0.051
203.64699983596802	94.160928	874	0	0.051452	0.051
205.64699983596802	9.908744	1014	0	0.057202	0.051
207.64699983596802	31.636328	4	0	0.054916	0.051
209.64699983596802	31.636328	1006	0	0.054787	0.051
211.64699983596802	33.59464	1014	0	0.052995	0.051
213.64800000190735	111.874544	1028	0	0.051388	0.051
215.64699983596802	96.355088	1028	0	0.054834	0.051
217.64800000190735	49.04064	1028	0	0.053272	0.051
219.64699983596802	69.06876	1026	0	0.051452	0.051
221.64699983596802	25.980704	1026	0	0.054871	0.051
223.48399996757507	26.432984	634	0	0.054764	0.051
225.64800000190735	62.06836	645	0	0.052225	0.051
227.64800000190735	89.817168	848	0	0.051522	0.051
229.64999985694885	6.537576	1024	0	0.054757	0.051
231.6489999294281	137.6558	1392	0	0.052018	0.051
233.64800000190735	9.875912	1470	0	0.057482	0.051
235.64800000190735	87.868	1468	0	0.052032	0.051
237.64699983596802	20.53316	1468	0	0.054743	0.051
239.64800000190735	20.6814	1468	0	0.054797	0.051
241.64800000190735	137.37392	1258	0	0.051466	0.051
243.64800000190735	9.899696	1258	0	0.057327	0.051
245.64800000190735	84.525064	4	0	0.052194	0.051
247.48099994659424	84.525064	1250	0	0.051427	0.051
249.64800000190735	134.782872	1250	0	0.051749	0.051
251.6489999294281	134.782872	1258	0	0.05164	0.051
253.64699983596802	9.909896	1234	0	0.057388	0.051
255.64800000190735	51.518784	1234	0	0.05374	0.051
257.646999835968	9.897776	790	0	0.057329	0.051
259.6489999294281	43.493088	790	0	0.051369	0.051
261.646999835968	95.541368	4	0	0.051446	0.051
263.64800000190735	95.541368	878	0	0.052201	0.051
265.6489999294281	103.709168	954	0	0.051333	0.051
267.6489999294281	9.889712	1032	0	0.057269	0.051
269.64800000190735	116.040536	1068	0	0.051385	0.051
271.52699971199036	9.891432	1068	0	0.057276	0.051
273.646999835968	18.242992	1068	0	0.054567	0.051
275.64800000190735	13.640968	1072	0	0.057357	0.051
277.64999985694885	6.54564	170	0	0.054831	0.051
279.64999985694885	38.398504	472	0	0.053512	0.051
281.64800000190735	84.907728	780	0	0.054781	0.051
283.64800000190735	84.907728	780	0	0.051423	0.051
285.64800000190735	84.907728	780	0	0.051369	0.051
287.64800000190735	84.907728	780	0	0.054724	0.051
289.64800000190735	84.907728	780	0	0.051391	0.051
291.6489999294281	84.907728	782	0	0.054756	0.051
293.6489999294281	84.907728	780	0	0.051431	0.051
295.64800000190735	84.907728	780	0	0.054691	0.051
297.64800000190735	84.907728	780	0	0.05136	0.051
299.64800000190735	84.907728	780	0	0.051355	0.051
301.6489999294281	84.907728	780	0	0.054672	0.051096
303.6489999294281	84.907728	780	0	0.052517	0.051096
305.64999985694885	6.499064	1016	0	0.054775	0.051096
307.6489999294281	124.481872	1226	0	0.051926	0.051096
309.64800000190735	118.588024	1226	0	0.051969	0.051096
311.64800000190735	118.588024	1226	0	0.051605	0.051096
313.6489999294281	26.906528	4	0	0.056539	0.051096
315.6489999294281	9.876872	1228	0	0.057287	0.051096
317.6489999294281	52.494632	1226	0	0.053781	0.051096
319.64800000190735	27.118848	248	0	0.054841	0.051096
321.64800000190735	29.359432	286	0	0.051727	0.051096
323.6489999294281	33.154096	324	0	0.051767	0.051096
325.6489999294281	35.58324	356	0	0.051452	0.051096
327.6489999294281	39.06456	382	0	0.051816	0.051096
329.6489999294281	40.207336	404	0	0.051511	0.051096
331.6489999294281	44.13592	4	0	0.051525	0.051096
333.6489999294281	44.13592	406	0	0.051538	0.051096
335.6489999294281	40.530944	406	0	0.054745	0.051096
337.6489999294281	44.634528	414	0	0.051702	0.051096
339.6489999294281	45.892224	426	0	0.051492	0.051096
341.6489999294281	42.011368	436	0	0.052281	0.051096
343.6489999294281	42.011368	438	0	0.051442	0.051096
345.64999985694885	42.011368	438	0	0.051452	0.051096
347.6489999294281	53.673112	491	0	0.051378	0.051096
349.6489999294281	48.478312	524	0	0.051373	0.051096
351.6489999294281	48.478312	524	0	0.052099	0.051096
353.64999985694885	48.478312	524	0	0.054809	0.051096
355.64999985694885	48.478312	524	0	0.051441	0.051096
357.64999985694885	57.906104	568	0	0.051755	0.051096
359.6489999294281	82.612616	760	0	0.051371	0.051096
361.6489999294281	79.3244	802	0	0.051968	0.051096
363.6489999294281	79.3244	802	0	0.051503	0.051096
365.6489999294281	79.3244	4	0	0.051402	0.051096
367.6489999294281	79.3244	804	0	0.054803	0.051096
369.64999985694885	79.3244	804	0	0.051544	0.051096
371.6489999294281	79.3244	804	0	0.051405	0.051096
373.6489999294281	79.3244	804	0	0.054698	0.051096
375.65199995040894	79.3244	804	0	0.05136	0.051096
377.6489999294281	79.3244	804	0	0.054829	0.051096
379.64999985694885	79.3244	804	0	0.051419	0.051096
381.6510000228882	79.3244	804	0	0.051378	0.051096
383.64999985694885	79.3244	798	0	0.051399	0.051096
385.64999985694885	88.757776	828	0	0.051359	0.051096
387.64999985694885	88.757776	834	0	0.054708	0.051096
389.64999985694885	88.757776	834	0	0.051382	0.051096
391.6489999294281	88.757776	834	0	0.054748	0.051096
393.64999985694885	88.757776	834	0	0.051404	0.051096
395.64999985694885	88.757776	834	0	0.052169	0.051096
397.6489999294281	88.757776	832	0	0.054709	0.051096
399.64999985694885	88.757776	832	0	0.051411	0.051096
401.64999985694885	95.31308	880	0	0.051348	0.051096
403.64999985694885	95.31308	880	0	0.051745	0.051096
405.6510000228882	89.143936	942	0	0.052318	0.051096
407.64999985694885	105.038296	964	0	0.054688	0.051096
409.64999985694885	105.038296	970	0	0.051383	0.051096
411.64999985694885	105.038296	970	0	0.05162	0.051096
413.64999985694885	105.038296	970	0	0.05276	0.051096
415.64999985694885	105.038296	970	0	0.051505	0.051096
417.64999985694885	105.038296	970	0	0.051695	0.051096
419.64999985694885	105.038296	970	0	0.051482	0.051096
421.64999985694885	105.038296	970	0	0.0514	0.051096
423.6510000228882	105.038296	970	0	0.051566	0.051096
425.64999985694885	105.038296	970	0	0.051426	0.051096
427.64999985694885	105.038296	970	0	0.05151	0.051096
429.6510000228882	105.038296	968	0	0.051416	0.051096
431.64999985694885	100.96372	1014	0	0.052056	0.051096
433.64999985694885	49.12156	1014	0	0.053142	0.051096
435.89999985694885	6.533808	1014	0	0.054778	0.051096
437.9029996395111	70.517216	1014	0	0.051995	0.051096
439.89999985694885	87.512976	1016	0	0.054725	0.051096
441.9009997844696	67.409688	802	0	0.052618	0.051096
443.90199971199036	88.621992	815	0	0.05137	0.051096
445.9009997844696	95.06972	878	0	0.05143	0.051096
447.89999985694885	95.06972	878	0	0.051394	0.051096
449.9009997844696	95.06972	878	0	0.051365	0.051096
451.89999985694885	95.06972	4	0	0.051862	0.051096
453.73499965667725	95.06972	880	0	0.051417	0.051096
455.9009997844696	97.57292	900	0	0.052147	0.051096
457.9009997844696	100.69764	934	0	0.051369	0.051096
459.9009997844696	6.522016	1026	0	0.054741	0.051096
461.9009997844696	70.905168	1026	0	0.051787	0.051096
463.9009997844696	6.50512	1026	0	0.054831	0.051096
465.90199971199036	68.320056	1026	0	0.052072	0.051096
467.9009997844696	70.353216	646	0	0.051985	0.051096
469.90199971199036	77.019792	720	0	0.05148	0.051096
471.90199971199036	81.33088	745	0	0.051354	0.051096
473.90199971199036	81.33088	746	0	0.051449	0.051096
475.9009997844696	81.33088	746	0	0.051345	0.051096
477.7359998226166	76.261096	796	0	0.051542	0.051096
479.9009997844696	76.261096	796	0	0.051435	0.051096
481.9009997844696	76.261096	796	0	0.051406	0.051096
483.90199971199036	95.541792	876	0	0.05149	0.051096
485.9009997844696	95.541792	876	0	0.051432	0.051096
487.9009997844696	95.541792	876	0	0.051456	0.051096
489.90199971199036	95.541792	876	0	0.051381	0.051096
491.90199971199036	95.541792	876	0	0.051481	0.051096
493.90199971199036	95.541792	872	0	0.054737	0.051096
495.9009997844696	95.541792	872	0	0.051398	0.051096
497.9009997844696	95.541792	872	0	0.051423	0.051096
499.90199971199036	95.541792	878	0	0.051423	0.051096
501.7359998226166	95.541792	878	0	0.051502	0.051096
503.90199971199036	95.541792	878	0	0.051355	0.051096
505.9009997844696	95.541792	878	0	0.051469	0.051096
507.9009997844696	95.541792	878	0	0.051591	0.051096
509.90199971199036	95.541792	878	0	0.051402	0.051096
511.90199971199036	95.541792	878	0	0.051457	0.051096
513.9019997119904	95.541792	876	0	0.051453	0.051096
515.9009997844696	95.541792	876	0	0.051371	0.051096
517.9019997119904	95.541792	876	0	0.051419	0.051096
519.9019997119904	95.541792	876	0	0.051629	0.051096
521.9019997119904	95.541792	876	0	0.054767	0.051096
523.9029996395111	95.541792	876	0	0.051706	0.051096
525.9019997119904	99.501608	916	0	0.051384	0.051096
527.9019997119904	99.501608	916	0	0.05233	0.051096
529.9019997119904	99.501608	916	0	0.05146	0.051096
531.9019997119904	99.501608	916	0	0.051452	0.051096
533.9019997119904	99.501608	916	0	0.051985	0.051096
535.9019997119904	99.501608	918	0	0.051467	0.051096
537.9019997119904	103.601632	963	0	0.051373	0.051096
539.9029996395111	103.601632	968	0	0.051487	0.051096
541.9019997119904	103.601632	968	0	0.051384	0.051096
543.9019997119904	110.07512	1018	0	0.051384	0.051096
545.9019997119904	6.351032	1018	0	0.054814	0.051096
547.9019997119904	50.01004	1018	0	0.053141	0.051096
549.7819998264313	83.712824	1018	0	0.054853	0.051096
551.9029996395111	70.798976	650	0	0.051769	0.051096
553.9029996395111	77.329472	712	0	0.051336	0.051096
555.9019997119904	87.020168	808	0	0.054705	0.051096
557.9019997119904	87.020168	808	0	0.051931	0.051096
559.9019997119904	87.020168	808	0	0.054978	0.051096
561.9029996395111	87.020168	808	0	0.052438	0.051096
563.9029996395111	87.020168	808	0	0.051474	0.051107
565.9019997119904	87.020168	810	0	0.054774	0.051107
567.9019997119904	87.020168	810	0	0.051454	0.051107
569.9029996395111	87.020168	810	0	0.054695	0.051107
571.9029996395111	91.256304	838	0	0.051431	0.051107
573.9029996395111	96.656544	892	0	0.051446	0.051107
575.9019997119904	98.985472	895	0	0.051371	0.051107
577.9039998054504	98.985472	908	0	0.0514	0.051107
579.9029996395111	98.985472	908	0	0.051421	0.051107
581.9019997119904	98.985472	908	0	0.051472	0.051107
583.9029996395111	98.985472	908	0	0.051463	0.051107
585.9029996395111	98.985472	908	0	0.051362	0.051107
587.9029996395111	98.985472	4	0	0.051469	0.051107
589.9029996395111	98.985472	908	0	0.051394	0.051107
591.9029996395111	98.985472	908	0	0.051448	0.051107
593.9019997119904	98.985472	908	0	0.051396	0.051107
595.9029996395111	98.985472	908	0	0.052345	0.051107
597.9029996395111	98.985472	908	0	0.05152	0.051107
599.9029996395111	98.985472	908	0	0.052285	0.051107
601.9029996395111	98.985472	4	0	0.051384	0.051107
603.9039998054504	98.985472	908	0	0.051468	0.051107
605.9049997329712	98.985472	908	0	0.05205	0.051107
607.9039998054504	118.077832	1128	0	0.05484	0.051107
609.9029996395111	118.077832	1128	0	0.051963	0.051107
611.9029996395111	105.55404	1128	0	0.051552	0.051107
613.9029996395111	105.55404	1128	0	0.057287	0.051107
615.9029996395111	105.55404	4	0	0.053051	0.051107
617.9029996395111	105.55404	1122	0	0.051439	0.051107
619.9029996395111	105.55404	1122	0	0.051423	0.051107
621.9039998054504	105.55404	1120	0	0.051481	0.051107
623.9029996395111	105.55404	1128	0	0.051425	0.051107
625.9039998054504	67.17328	618	0	0.051626	0.051107
627.9039998054504	73.796176	690	0	0.051413	0.051107
629.9039998054504	78.610488	770	0	0.051831	0.051107
631.9049997329712	103.597648	960	0	0.051494	0.051107
633.9039998054504	111.121272	1019	0	0.051402	0.051107
635.9039998054504	75.09084	1020	0	0.051795	0.051107
637.9029996395111	6.542112	1062	0	0.054701	0.051107
639.9039998054504	111.16664	1062	0	0.051722	0.051107
641.9109997749329	131.07244	1218	0	0.05729	0.051107
643.9029996395111	88.369064	1218	0	0.055449	0.051107
645.9039998054504	9.524672	1218	0	0.057453	0.051107
647.9029996395111	89.673256	4	0	0.051897	0.051107
649.9039998054504	89.673256	1212	0	0.05139	0.051107
651.9039998054504	89.673256	1208	0	0.051384	0.051107
653.9039998054504	89.673256	1208	0	0.051348	0.051107
655.9049997329712	89.673256	1218	0	0.051393	0.051107
657.9039998054504	94.671456	1218	0	0.051919	0.051107
659.9039998054504	52.550352	822	0	0.052743	0.051107
661.9029996395111	52.550352	822	0	0.054764	0.051107
663.9039998054504	52.550352	824	0	0.051394	0.051107
665.9039998054504	52.550352	824	0	0.051543	0.051107
667.9059998989105	24.208048	478	0	0.051339	0.051
669.9049997329712	58.268712	534	0	0.05146	0.051
671.9059998989105	74.40972	690	0	0.051395	0.051
673.9049997329712	105.04292	966	0	0.051353	0.051
675.9049997329712	6.350952	1132	0	0.054909	0.051
677.9049997329712	138.117488	4	0	0.051992	0.051
679.9039998054504	6.49724	1410	0	0.054811	0.051
681.9039998054504	53.32584	1411	0	0.052623	0.051
683.9039998054504	39.732208	1420	0	0.054799	0.051
686.1539998054504	6.529952	1420	0	0.054847	0.051
688.1539998054504	42.8508	490	0	0.055655	0.051
690.1539998054504	42.8508	490	0	0.05139	0.051
692.1559998989105	59.543024	574	0	0.051686	0.051
694.1549999713898	80.671344	744	0	0.051388	0.051
696.1549999713898	92.346224	860	0	0.051402	0.051
698.1549999713898	92.346224	864	0	0.051446	0.051
700.1539998054504	101.353344	932	0	0.051367	0.051
702.1539998054504	102.738624	968	0	0.051571	0.051
704.1539998054504	102.738624	968	0	0.054753	0.051
706.1549999713898	102.738624	4	0	0.051375	0.051
708.1549999713898	102.738624	964	0	0.051391	0.051
710.1549999713898	102.738624	964	0	0.054699	0.051
712.1539998054504	102.738624	964	0	0.051426	0.051
714.1539998054504	102.738624	970	0	0.051395	0.051
716.1549999713898	102.738624	970	0	0.053108	0.051
718.1549999713898	102.738624	970	0	0.051394	0.051
720.1549999713898	102.738624	970	0	0.051795	0.051
722.1559998989105	102.738624	970	0	0.051444	0.051
724.1549999713898	102.738624	970	0	0.051421	0.051
726.1549999713898	102.738624	970	0	0.051399	0.051
728.157999753952	102.738624	970	0	0.051429	0.051
730.1549999713898	150.94112	1377	0	0.051421	0.051
732.1549999713898	155.80348	1433	0	0.051425	0.051
734.1559998989105	160.27364	1466	0	0.051791	0.051
736.1549999713898	132.550368	1466	0	0.052142	0.051
738.1569998264313	6.543704	1214	0	0.054824	0.051
740.1559998989105	154.326384	1437	0	0.051377	0.051
742.1549999713898	138.36648	1442	0	0.054744	0.051
744.1549999713898	138.36648	1442	0	0.052147	0.051
746.1549999713898	106.024336	1444	0	0.051454	0.051
748.1559998989105	6.533384	972	0	0.054724	0.051
750.1549999713898	122.221432	1124	0	0.051341	0.051
752.1559998989105	110.718176	1124	0	0.054869	0.051
754.1559998989105	100.827416	1124	0	0.051815	0.051
756.1549999713898	100.827416	1124	0	0.051576	0.051
758.1559998989105	86.858176	1124	0	0.054732	0.051
760.1549999713898	78.892664	926	0	0.051555	0.051
762.1559998989105	78.892664	926	0	0.051376	0.051
764.1559998989105	111.749864	1018	0	0.051372	0.051
766.1559998989105	9.893352	1168	0	0.057259	0.051
768.1559998989105	130.235376	1183	0	0.051372	0.051
770.1549999713898	130.235376	1194	0	0.05484	0.051
772.1559998989105	130.235376	1194	0	0.057438	0.051
774.157999753952	130.235376	1194	0	0.051523	0.051
776.1559998989105	158.14104	1450	0	0.057419	0.051
778.1559998989105	111.412752	1450	0	0.051905	0.051
780.1559998989105	57.572224	1450	0	0.055136	0.051
782.1559998989105	39.632728	1450	0	0.057374	0.051
784.1549999713898	91.515144	1450	0	0.05201	0.051
786.1559998989105	9.48008	530	0	0.057427	0.051
788.157999753952	78.0838	742	0	0.051581	0.051
790.157999753952	89.75356	830	0	0.051351	0.051
792.1569998264313	122.187976	1142	0	0.05143	0.051
794.157999753952	152.94372	1478	0	0.051731	0.051
796.1569998264313	123.09656	1494	0	0.054924	0.051
798.1569998264313	27.356408	1494	0	0.055002	0.051
800.157999753952	6.50188	1492	0	0.054848	0.051
802.1559998989105	43.170888	1494	0	0.055168	0.051
804.1569998264313	51.212736	1494	0	0.055035	0.051
806.1619997024536	105.956352	4	0	0.054712	0.051
808.1559998989105	105.956352	1488	0	0.051697	0.051
810.1549999713898	9.89124	1488	0	0.057362	0.051
812.1559998989105	19.431224	972	0	0.054752	0.051
814.1569998264313	55.491672	972	0	0.051463	0.051
816.1559998989105	104.895728	961	0	0.051382	0.051
818.1559998989105	104.895728	962	0	0.052866	0.051
820.1559998989105	104.895728	962	0	0.051438	0.051
822.1559998989105	104.895728	962	0	0.051443	0.051
824.1559998989105	104.895728	966	0	0.05144	0.051
826.1569998264313	104.895728	964	0	0.051426	0.051
828.1559998989105	104.895728	962	0	0.051459	0.051
830.1559998989105	104.895728	962	0	0.051449	0.051
832.1569998264313	104.895728	962	0	0.051409	0.051
834.1559998989105	6.53624	1044	0	0.0548	0.051
836.1559998989105	39.387856	1044	0	0.054913	0.051
838.1569998264313	32.773624	1046	0	0.051468	0.051
840.1569998264313	72.726192	1046	0	0.051742	0.051
842.1559998989105	76.448176	1046	0	0.051882	0.051
844.1559998989105	6.51568	702	0	0.054823	0.051
846.1569998264313	38.40728	702	0	0.051388	0.051
848.1569998264313	38.40728	702	0	0.051495	0.051
850.1559998989105	38.40728	702	0	0.051375	0.051
852.1569998264313	38.40728	702	0	0.051422	0.051
854.1569998264313	38.40728	702	0	0.051379	0.051
856.1569998264313	38.40728	702	0	0.051343	0.051
858.1569998264313	38.40728	702	0	0.051572	0.051
860.1569998264313	84.705624	784	0	0.051447	0.051
862.1569998264313	85.837128	794	0	0.054707	0.051
864.1559998989105	84.680624	794	0	0.051407	0.051
866.1569998264313	84.680624	794	0	0.051427	0.051
868.1569998264313	84.680624	794	0	0.054795	0.051
870.1569998264313	84.680624	794	0	0.051403	0.051
872.1569998264313	85.215632	794	0	0.054709	0.051
874.1569998264313	85.215632	794	0	0.05146	0.051
876.1710000038147	85.215632	794	0	0.051406	0.051
878.1569998264313	85.215632	794	0	0.051413	0.051
880.1569998264313	85.215632	794	0	0.051802	0.051
882.1569998264313	85.215632	796	0	0.054806	0.051
884.157999753952	85.215632	794	0	0.051446	0.051
886.1569998264313	85.916968	790	0	0.054761	0.051
888.1569998264313	87.760832	838	0	0.051616	0.051
890.1569998264313	93.947184	866	0	0.051437	0.051
892.1569998264313	103.610816	958	0	0.051507	0.051
894.1569998264313	103.610816	958	0	0.051419	0.051
896.157999753952	103.610816	958	0	0.051528	0.051
898.1569998264313	103.610816	4	0	0.051409	0.051
900.157999753952	103.610816	952	0	0.051872	0.051
902.1569998264313	103.610816	952	0	0.05139	0.051
904.1569998264313	103.610816	952	0	0.051424	0.051
906.1569998264313	109.219672	1006	0	0.051374	0.051
908.1589996814728	109.219672	1006	0	0.051397	0.051
910.1569998264313	109.219672	1008	0	0.051441	0.051
912.1569998264313	109.219672	1008	0	0.051467	0.051
914.1569998264313	109.219672	1008	0	0.051486	0.051
916.157999753952	109.219672	1008	0	0.051402	0.051
918.157999753952	109.219672	1008	0	0.051704	0.051
920.157999753952	109.219672	1008	0	0.054755	0.051
922.157999753952	109.219672	4	0	0.051409	0.051
924.157999753952	109.219672	1000	0	0.051382	0.051
926.157999753952	109.219672	1006	0	0.051379	0.051
928.157999753952	109.219672	1006	0	0.052187	0.051
930.157999753952	109.219672	1006	0	0.054774	0.051
932.1589996814728	109.219672	1006	0	0.051344	0.051
934.157999753952	109.219672	1006	0	0.051484	0.051
936.4069998264313	109.219672	1006	0	0.051394	0.051
938.4079999923706	109.219672	1006	0	0.051533	0.051
940.4079999923706	109.219672	1006	0	0.051496	0.051
942.4089999198914	109.219672	1008	0	0.051385	0.051
944.4079999923706	109.219672	1008	0	0.051442	0.051
946.4079999923706	109.219672	1008	0	0.051444	0.051
948.2409999370575	109.219672	1008	0	0.051535	0.051
950.4079999923706	109.219672	1006	0	0.051381	0.051
952.4099998474121	109.219672	1006	0	0.051366	0.051
954.4079999923706	6.502712	1056	0	0.054777	0.051
956.4079999923706	61.613624	1056	0	0.051971	0.051
958.4079999923706	6.49608	1056	0	0.05484	0.051
960.4089999198914	34.746448	1056	0	0.055797	0.051
962.4089999198914	112.174896	4	0	0.051687	0.051
964.4079999923706	112.174896	1030	0	0.054747	0.051
966.4079999923706	66.22284	1030	0	0.052054	0.051
968.4079999923706	6.533552	1030	0	0.054889	0.05111
970.4089999198914	38.007352	1030	0	0.054897	0.05111
972.2439999580383	80.216016	736	0	0.0516	0.05111
974.4089999198914	82.555376	756	0	0.051424	0.05111
976.4089999198914	83.717104	796	0	0.051596	0.05111
978.4079999923706	83.717104	796	0	0.054841	0.05111
980.4089999198914	83.717104	796	0	0.05163	0.05111
982.4089999198914	83.717104	796	0	0.054751	0.05111
984.4089999198914	83.717104	798	0	0.051535	0.05111
986.4089999198914	83.717104	798	0	0.052412	0.05111
988.4089999198914	83.717104	798	0	0.054798	0.05111
990.4089999198914	83.717104	796	0	0.051506	0.05111
992.4089999198914	83.717104	796	0	0.054941	0.05111
994.4089999198914	83.717104	796	0	0.052174	0.05111
996.2449998855591	83.717104	796	0	0.054777	0.05111
998.4089999198914	83.717104	796	0	0.051372	0.05111
1000.4099998474121	95.241296	874	0	0.051398	0.05111
1002.4089999198914	95.241296	874	0	0.051483	0.05111
1004.4089999198914	95.241296	874	0	0.05151	0.05111
1006.4089999198914	95.241296	874	0	0.051443	0.05111
1008.4089999198914	95.241296	874	0	0.051427	0.05111
1010.4099998474121	95.241296	874	0	0.051429	0.05111
1012.4089999198914	95.241296	874	0	0.051362	0.05111
1014.4089999198914	95.241296	874	0	0.051419	0.05111
1016.4089999198914	95.241296	876	0	0.051511	0.05111
1018.4089999198914	95.241296	876	0	0.051454	0.05111
1020.2479999065399	97.214272	904	0	0.051505	0.05111
1022.4099998474121	97.214272	904	0	0.05147	0.05111
1024.4089999198914	108.242904	1006	0	0.051383	0.05111
1026.4089999198914	6.36264	1010	0	0.054747	0.05111
1028.4089999198914	37.489624	1010	0	0.054865	0.05111
1030.409999847412	6.36532	1010	0	0.054824	0.05111
1032.4089999198914	72.545408	1010	0	0.051864	0.05111
1034.409999847412	68.161408	4	0	0.051744	0.05111
1036.4089999198914	69.783128	643	0	0.054773	0.05111
1038.409999847412	73.080232	669	0	0.051409	0.05111
1040.409999847412	83.06548	774	0	0.054813	0.05111
1042.409999847412	83.06548	774	0	0.051434	0.05111
1044.409999847412	83.06548	774	0	0.054731	0.05111
1046.409999847412	83.06548	774	0	0.051367	0.05111
1048.409999847412	92.220048	4	0	0.051392	0.05111
1050.409999847412	94.006984	858	0	0.051554	0.05111
1052.409999847412	94.006984	864	0	0.05135	0.05111
1054.409999847412	94.006984	864	0	0.051463	0.051129
1056.409999847412	94.006984	864	0	0.051523	0.051129
1058.409999847412	94.006984	864	0	0.051397	0.051129
1060.409999847412	94.006984	864	0	0.051416	0.051129
1062.409999847412	94.006984	4	0	0.051696	0.051129
1064.4110000133514	96.480856	894	0	0.05149	0.051129
1066.409999847412	96.480856	894	0	0.051384	0.051129
1068.4089999198914	96.480856	894	0	0.051426	0.051129
1070.4089999198914	96.480856	894	0	0.05147	0.051129
1072.409999847412	96.480856	894	0	0.051387	0.051129
1074.4119999408722	91.64524	906	0	0.051443	0.051129
1076.409999847412	91.64524	4	0	0.051413	0.051129
1078.409999847412	91.64524	900	0	0.051422	0.051129
1080.409999847412	91.64524	900	0	0.051386	0.051129
1082.409999847412	91.64524	906	0	0.05151	0.051129
1084.409999847412	98.889448	908	0	0.054809	0.051129
1086.4110000133514	98.889448	906	0	0.051583	0.051121
1088.4110000133514	31.41484	940	0	0.05476	0.051121
1090.4110000133514	36.91084	940	0	0.051368	0.051121
1092.4110000133514	37.024664	940	0	0.054704	0.051121
1094.4110000133514	52.470032	946	0	0.051365	0.051121
1096.409999847412	52.470032	4	0	0.052012	0.051121
1098.4110000133514	52.470032	948	0	0.0514	0.051121
1100.4110000133514	52.470032	948	0	0.05146	0.051121
1102.4119999408722	52.470032	948	0	0.051473	0.051121
1104.4110000133514	100.207608	918	0	0.05163	0.051121
1106.409999847412	100.207608	918	0	0.051356	0.051121
1108.4089999198914	100.207608	918	0	0.051378	0.051121
1110.409999847412	100.207608	918	0	0.051794	0.051121
1112.4110000133514	100.207608	920	0	0.052072	0.051121
1114.4110000133514	100.207608	920	0	0.051382	0.051121
1116.4119999408722	100.207608	920	0	0.051437	0.051121
1118.4110000133514	100.207608	918	0	0.051398	0.051121
1120.409999847412	100.207608	918	0	0.05248	0.051121
1122.4110000133514	100.207608	918	0	0.052044	0.051121
1124.4119999408722	100.207608	918	0	0.051402	0.051121
1126.4110000133514	100.207608	918	0	0.051411	0.051121
1128.4110000133514	100.67488	926	0	0.051322	0.051121
1130.4119999408722	100.67488	926	0	0.051468	0.051121
1132.4119999408722	100.67488	926	0	0.051524	0.051121
1134.4110000133514	78.082848	926	0	0.072873	0.051121
1136.4110000133514	78.082848	926	0	0.051555	0.051121
1138.4110000133514	78.082848	4	0	0.05236	0.051121
1140.4110000133514	78.082848	920	0	0.051367	0.051121
1142.4119999408722	78.082848	920	0	0.051478	0.051121
1144.4110000133514	78.082848	918	0	0.051376	0.051121
1146.4119999408722	78.082848	928	0	0.051534	0.051121
1148.4110000133514	78.082848	928	0	0.051395	0.051121
1150.4110000133514	102.375104	940	0	0.054802	0.051121
1152.4110000133514	102.375104	940	0	0.051394	0.051121
1154.4110000133514	102.375104	4	0	0.051381	0.051121
1156.4119999408722	102.375104	930	0	0.054715	0.051121
1158.4110000133514	102.375104	940	0	0.051384	0.051121
1160.4119999408722	102.375104	940	0	0.051424	0.051121
1162.4119999408722	113.302288	1053	0	0.051415	0.051121
1164.4119999408722	6.506784	1056	0	0.054816	0.051121
1166.4110000133514	48.51608	1056	0	0.05327	0.051121
1168.4119999408722	49.961792	1056	0	0.053675	0.051121
1170.4119999408722	6.528368	774	0	0.054825	0.051121
1172.4119999408722	87.076192	808	0	0.051691	0.051121
1174.4119999408722	87.645208	814	0	0.054725	0.051121
1176.4119999408722	82.790272	878	0	0.052303	0.051121
1178.4119999408722	97.400792	936	0	0.051583	0.051121
1180.4119999408722	97.400792	936	0	0.054799	0.051121
1182.4110000133514	97.400792	936	0	0.051407	0.051121
1184.4119999408722	97.400792	936	0	0.051421	0.051121
1186.6609997749329	97.400792	936	0	0.051424	0.051121
1188.6619997024536	97.400792	936	0	0.051387	0.051121
1190.6619997024536	97.400792	936	0	0.051777	0.051121
1192.6619997024536	97.400792	936	0	0.051396	0.051121
1194.6609997749329	97.400792	938	0	0.051409	0.051121
1196.6619997024536	97.400792	938	0	0.051419	0.051121
1198.6619997024536	103.537088	950	0	0.051382	0.051121
1200.6619997024536	103.537088	950	0	0.051512	0.051121
1202.6629996299744	103.537088	950	0	0.051429	0.051121
1204.6629996299744	117.959264	1110	0	0.055561	0.051121
1206.6619997024536	133.059	1228	0	0.051418	0.051121
1208.6640000343323	48.915552	1228	0	0.051383	0.051116
1210.6629996299744	48.915552	1228	0	0.052783	0.051116
1212.6629996299744	9.533056	1228	0	0.05754	0.051116
1214.6629996299744	148.188176	1372	0	0.051512	0.051098
1216.6629996299744	9.312816	1492	0	0.055084	0.051098
1218.6629996299744	145.50644	1492	0	0.054845	0.051098
1220.664999961853	160.748568	1492	0	0.051482	0.051098
1222.664999961853	132.532824	1496	0	0.05481	0.051098
1224.6640000343323	161.10272	1490	0	0.051408	0.051098
1226.6640000343323	28.006216	1496	0	0.055112	0.051098
1228.6629996299744	45.422976	1494	0	0.055625	0.051098
1230.6629996299744	117.037592	1494	0	0.052089	0.051098
1232.6619997024536	117.037592	1494	0	0.054702	0.051098
1234.664999961853	117.037592	1494	0	0.051882	0.051098
1236.664999961853	90.128136	1496	0	0.054748	0.051098
1238.6629996299744	158.912776	1496	0	0.051445	0.051098
1240.6629996299744	158.09512	4	0	0.051464	0.051098
1242.6629996299744	11.544872	1498	0	0.057465	0.051098
1244.6640000343323	10.732232	1498	0	0.055075	0.051098
1246.6629996299744	11.680416	1494	0	0.054831	0.051098
1248.6640000343323	131.187936	1494	0	0.05224	0.051098
1250.6640000343323	19.45776	1498	0	0.055131	0.051098
1252.6629996299744	146.554744	4	0	0.055498	0.051098
1254.6629996299744	146.554744	1488	0	0.051781	0.051098
1256.6640000343323	146.554744	1488	0	0.054888	0.051098
1258.664999961853	8.806856	1496	0	0.055313	0.051098
1260.667000055313	6.359952	1496	0	0.054857	0.051098
1262.6640000343323	44.922648	1498	0	0.05554	0.051098
1264.6640000343323	15.85976	1498	0	0.055185	0.051098
1266.6629996299744	6.519512	1498	0	0.054818	0.051098
1268.6619997024536	54.894224	1496	0	0.054878	0.051098
1270.6640000343323	58.098352	1496	0	0.054803	0.051098
1272.6640000343323	149.04992	1496	0	0.051851	0.051098
1274.664999961853	34.789376	1496	0	0.055113	0.051098
1276.6629996299744	15.778072	1496	0	0.054968	0.051098
1278.6629996299744	49.507328	1496	0	0.053214	0.051098
1280.6629996299744	92.627904	1496	0	0.054796	0.051098
1282.6640000343323	125.662816	1496	0	0.051828	0.051098
1284.6640000343323	19.672144	1498	0	0.054838	0.051098
1286.6640000343323	100.842568	1498	0	0.051808	0.051098
1288.6629996299744	141.533048	1498	0	0.05204	0.051098
1290.6629996299744	6.491864	66	0	0.054811	0.051098
1292.6629996299744	15.298112	143	0	0.051575	0.051098
1294.6629996299744	18.445152	172	0	0.051426	0.051098
1296.6629996299744	24.092048	222	0	0.051403	0.051098
1298.6640000343323	18.596176	242	0	0.054057	0.051098
1300.6629996299744	33.926816	311	0	0.051364	0.051098
1302.6629996299744	28.207256	354	0	0.053725	0.051098
1304.6640000343323	39.316464	362	0	0.051475	0.051098
1306.6640000343323	39.736976	4	0	0.051568	0.051098
1308.6640000343323	46.88432	436	0	0.051428	0.051098
1310.6629996299744	61.286248	566	0	0.051435	0.051098
1312.6640000343323	61.286248	566	0	0.051821	0.051098
1314.6629996299744	63.544944	586	0	0.051378	0.051098
1316.6629996299744	63.544944	586	0	0.051557	0.051098
1318.6629996299744	63.544944	586	0	0.051417	0.051098
1320.6640000343323	63.544944	586	0	0.052679	0.051098
1322.6640000343323	74.400928	744	0	0.051986	0.051098
1324.6659998893738	95.99708	938	0	0.051819	0.051098
1326.664999961853	130.026896	1258	0	0.051675	0.051098
1328.664999961853	5.548096	1440	0	0.055003	0.051098
1330.6640000343323	160.901232	1487	0	0.051508	0.051098
1332.6629996299744	6.46912	1492	0	0.054914	0.051098
1334.6640000343323	28.012896	1492	0	0.056961	0.051098
1336.6640000343323	33.59892	1492	0	0.054741	0.051098
1338.6640000343323	20.977528	1488	0	0.051604	0.051098
1340.6640000343323	34.472928	1494	0	0.055077	0.051098
1342.6659998893738	115.108448	1494	0	0.054784	0.051098
1344.6640000343323	2.107456	1494	0	0.055251	0.051098
1346.6640000343323	101.10408	1494	0	0.051884	0.051098
1348.6640000343323	48.886304	1494	0	0.055573	0.051098
1350.6640000343323	20.406336	1494	0	0.054764	0.051098
1352.667000055313	46.616352	1494	0	0.054829	0.051098
1354.667000055313	0.71428	1496	0	0.055149	0.051098
1356.6640000343323	161.451824	1496	0	0.056229	0.051098
1358.6640000343323	120.087784	4	0	0.051801	0.051098
1360.6640000343323	120.087784	1498	0	0.053221	0.051098
1362.6629996299744	120.087784	1496	0	0.054749	0.051098
1364.6640000343323	120.087784	1496	0	0.054841	0.051098
1366.6640000343323	120.087784	1496	0	0.054856	0.051098
1368.6640000343323	120.087784	1496	0	0.05685	0.051098
1370.664999961853	120.087784	1496	0	0.054756	0.051098
1372.6640000343323	40.670944	4	0	0.054785	0.051098
1374.6640000343323	40.670944	372	0	0.051486	0.051098
1376.6640000343323	40.670944	372	0	0.054789	0.051098
1378.664999961853	40.670944	374	0	0.05139	0.051098
1380.664999961853	37.020336	380	0	0.051448	0.051098
1382.6640000343323	41.7906	384	0	0.05144	0.051098
1384.6640000343323	41.7906	384	0	0.051424	0.051098
1386.6640000343323	41.7906	384	0	0.051406	0.051098
1388.6640000343323	44.593288	408	0	0.05147	0.051098
1390.664999961853	44.593288	408	0	0.054996	0.051098
1392.664999961853	44.593288	408	0	0.053527	0.051098
1394.664999961853	44.593288	408	0	0.054122	0.051098
1396.664999961853	44.593288	408	0	0.052142	0.051098
1398.6640000343323	47.105688	436	0	0.051353	0.051098
1400.664999961853	47.446056	442	0	0.051457	0.051098
1402.6659998893738	47.446056	442	0	0.051422	0.051098
1404.6659998893738	47.446056	442	0	0.051413	0.051098
1406.664999961853	51.523752	477	0	0.051331	0.051098
1408.664999961853	51.523752	478	0	0.05144	0.051098
1410.667000055313	51.523752	478	0	0.051581	0.051098
1412.6659998893738	52.857448	486	0	0.051429	0.051098
1414.664999961853	74.205136	692	0	0.051446	0.051098
1416.664999961853	74.205136	692	0	0.051392	0.051098
1418.6659998893738	74.205136	692	0	0.051416	0.051098
1420.664999961853	74.205136	692	0	0.051547	0.051098
1422.6659998893738	74.205136	692	0	0.051437	0.051098
1424.667000055313	74.205136	692	0	0.051412	0.051098
1426.667000055313	100.23844	922	0	0.051458	0.051098
1428.667000055313	6.470104	1148	0	0.054845	0.051098
1430.6689999103546	139.189144	1282	0	0.051424	0.051098
1432.6659998893738	139.189144	4	0	0.051897	0.051098
1434.6729998588562	6.526608	1274	0	0.054746	0.051098
1436.914999961853	32.274416	1275	0	0.0549	0.051098
1438.914999961853	6.517848	1282	0	0.054859	0.051098
1440.914999961853	32.9682	304	0	0.054843	0.051098
1442.760999917984	35.713616	328	0	0.054866	0.051098
1444.9169998168945	44.30936	446	0	0.051934	0.051098
1446.9169998168945	76.895832	708	0	0.051389	0.051098
1448.9169998168945	100.66972	932	0	0.051411	0.051098
1450.9159998893738	118.964776	1102	0	0.051362	0.051098
1452.914999961853	5.846216	1242	0	0.054922	0.051098
1454.9169998168945	139.78148	1272	0	0.051435	0.051098
1456.9159998893738	107.227296	1282	0	0.051938	0.051097
1458.9169998168945	92.09724	1282	0	0.054727	0.051097
1460.9159998893738	80.867832	1282	0	0.051802	0.051097
1462.9159998893738	6.519848	1028	0	0.054754	0.051097
1464.9159998893738	69.895752	1028	0	0.052574	0.051097
1466.7499997615814	115.10448	1058	0	0.051407	0.051097
1468.9159998893738	122.175608	1119	0	0.05132	0.051097
1470.9159998893738	125.930032	1144	0	0.051356	0.051097
1472.9159998893738	6.525528	1154	0	0.054784	0.051097
1474.9169998168945	126.370096	1181	0	0.051384	0.051097
1476.9159998893738	9.90412	1190	0	0.057185	0.051097
1478.9159998893738	89.203912	1190	0	0.052551	0.051097
1480.9159998893738	49.4798	1190	0	0.055118	0.051097
1482.9159998893738	42.646424	1190	0	0.05683	0.051097
1484.9159998893738	68.50716	818	0	0.051382	0.051097
1486.9159998893738	68.50716	818	0	0.056271	0.051097
1488.9169998168945	92.017848	4	0	0.051384	0.051097
1490.7519998550415	92.017848	840	0	0.051335	0.051097
1492.9159998893738	92.017848	840	0	0.051345	0.051097
1494.9169998168945	92.017848	840	0	0.051356	0.051097
1496.9159998893738	92.017848	846	0	0.051358	0.051097
1498.9169998168945	92.017848	846	0	0.051332	0.051097
1500.9169998168945	92.017848	846	0	0.051581	0.051097
1502.9169998168945	92.017848	846	0	0.051373	0.051097
1504.9169998168945	92.017848	846	0	0.05138	0.051097
1506.9169998168945	85.876768	868	0	0.051585	0.051097
1508.9169998168945	96.641704	878	0	0.051358	0.051084
1510.9169998168945	96.641704	898	0	0.051327	0.051084
1512.9169998168945	96.641704	898	0	0.05132	0.051084
1514.7509996891022	84.368696	898	0	0.051416	0.051084
1516.9169998168945	100.005432	915	0	0.05149	0.051084
1518.9159998893738	100.005432	4	0	0.05136	0.051084
1520.9169998168945	100.005432	912	0	0.051393	0.051084
1522.9169998168945	100.005432	910	0	0.051298	0.051084
1524.9169998168945	100.005432	910	0	0.051389	0.051084
1526.9169998168945	100.005432	916	0	0.051404	0.051084
1528.9179997444153	100.005432	916	0	0.051333	0.051084
1530.9169998168945	99.189584	1018	0	0.056653	0.051084
1532.918999671936	116.458256	1082	0	0.05134	0.051084
1534.9179997444153	144.46384	1322	0	0.054705	0.051084
1536.9169998168945	19.351248	1494	0	0.05534	0.051084
1538.7969999313354	159.000056	1494	0	0.054851	0.051084
1540.9169998168945	113.014632	1494	0	0.05226	0.051084
1542.918999671936	131.431504	1494	0	0.052152	0.051084
1544.918999671936	6.394408	1496	0	0.0547	0.051084
1546.918999671936	101.363152	1496	0	0.051911	0.051084
1548.9179997444153	6.494096	1498	0	0.054828	0.051084
1550.9169998168945	1.01284	1498	0	0.05546	0.051084
1552.9169998168945	52.112496	1498	0	0.052541	0.051084
1554.9169998168945	52.112496	1498	0	0.054866	0.051084
1556.9169998168945	52.112496	4	0	0.054821	0.051084
1558.9179997444153	52.112496	1490	0	0.057366	0.051084
1560.9169998168945	52.112496	1490	0	0.055263	0.051084
1562.7979998588562	52.112496	1500	0	0.054775	0.051084
1564.918999671936	128.342264	1500	0	0.051773	0.051084
1566.9169998168945	162.610824	1486	0	0.051478	0.051084
1568.918999671936	162.610824	1488	0	0.054639	0.051084
1570.9179997444153	162.610824	1488	0	0.052215	0.051084
1572.9219996929169	6.385064	1488	0	0.054771	0.051084
1574.9179997444153	135.345992	1488	0	0.051799	0.051084
1576.9179997444153	109.108824	4	0	0.051819	0.051084
1578.9179997444153	126.245112	1156	0	0.054752	0.051084
1580.9169998168945	73.025808	1156	0	0.051412	0.051084
1582.9179997444153	6.519016	1156	0	0.054852	0.051084
1584.918999671936	135.077968	1236	0	0.051366	0.051084
1586.918999671936	9.897776	1248	0	0.057206	0.051084
1588.9179997444153	135.669272	1261	0	0.051385	0.051084
1590.918999671936	99.776232	1264	0	0.051854	0.051084
1592.9169998168945	6.456504	1314	0	0.054794	0.051084
1594.9179997444153	38.141312	4	0	0.054852	0.051084
1596.9179997444153	6.535648	1364	0	0.054773	0.051084
1598.9179997444153	151.530376	1410	0	0.05139	0.051084
1600.9179997444153	117.352936	1410	0	0.051664	0.051084
1602.9179997444153	25.224296	1410	0	0.054758	0.051084
1604.9179997444153	28.037704	1410	0	0.054775	0.051084
1606.9179997444153	6.372872	278	0	0.055018	0.051084
1608.9179997444153	14.150568	278	0	0.052294	0.051084
1610.9179997444153	14.772136	278	0	0.051763	0.051084
1612.9169998168945	33.572912	308	0	0.051458	0.051084
1614.9179997444153	28.240736	328	0	0.053131	0.051084
1616.9179997444153	40.0238	368	0	0.051391	0.051084
1618.918999671936	49.984184	468	0	0.051686	0.051046
1620.918999671936	73.610472	676	0	0.051439	0.051046
1622.9199998378754	81.150416	748	0	0.051372	0.051046
1624.9179997444153	98.947728	914	0	0.051303	0.051046
1626.9179997444153	98.947728	914	0	0.054719	0.051046
1628.9179997444153	98.947728	914	0	0.051425	0.051046
1630.918999671936	98.947728	916	0	0.051434	0.051046
1632.918999671936	98.947728	916	0	0.051398	0.051046
1634.9199998378754	91.480096	920	0	0.052665	0.051046
1636.9199998378754	104.346672	1003	0	0.051562	0.051046
1638.918999671936	124.02852	1152	0	0.051332	0.051046
1640.9179997444153	6.5028	1152	0	0.054734	0.051046
1642.9179997444153	12.601328	1152	0	0.057185	0.051046
1644.9199998378754	11.39892	1152	0	0.054847	0.051046
1646.9219996929169	148.25728	1356	0	0.051407	0.051046
1648.9209997653961	158.352816	1498	0	0.051436	0.051046
1650.9199998378754	139.685568	1498	0	0.051912	0.051046
1652.9199998378754	37.349416	1498	0	0.055244	0.051046
1654.9209997653961	6.534728	1494	0	0.054784	0.051046
1656.9199998378754	17.032344	1494	0	0.055207	0.051046
1658.9199998378754	6.486904	1492	0	0.054907	0.051046
1660.9199998378754	39.0	1492	0	0.055087	0.051046
1662.9199998378754	159.879824	1492	0	0.051378	0.051046
1664.9199998378754	47.958272	1498	0	0.051453	0.051046
1666.9219996929169	47.59244	1498	0	0.05529	0.051046
1668.9199998378754	6.443032	1482	0	0.054975	0.051
1670.9199998378754	150.783072	1482	0	0.051746	0.051
1672.918999671936	150.783072	1492	0	0.051435	0.051
1674.9199998378754	150.783072	1492	0	0.054778	0.051
1676.9199998378754	0.578816	1480	0	0.054993	0.051
1678.9199998378754	11.664584	1488	0	0.051439	0.051
1680.9209997653961	9.178736	1486	0	0.055046	0.051
1682.9209997653961	6.539928	1494	0	0.054764	0.051
1684.9219996929169	133.116104	1496	0	0.052859	0.051
1687.1710000038147	117.64152	1498	0	0.051622	0.051
1689.1710000038147	159.094328	1498	0	0.052089	0.051
1691.1710000038147	104.328336	1498	0	0.051886	0.051
1693.1710000038147	6.468544	1496	0	0.054902	0.051
1695.1699998378754	49.559112	1494	0	0.051485	0.051
1697.0499997138977	28.879616	1492	0	0.054784	0.051
1699.1719999313354	83.032624	1494	0	0.052594	0.051
1701.1719999313354	130.072712	1496	0	0.051919	0.051
1703.1719999313354	6.53096	1496	0	0.054701	0.051
1705.1699998378754	93.493736	1496	0	0.051883	0.051
1707.1710000038147	6.53096	1496	0	0.054663	0.051
1709.1710000038147	47.551128	1496	0	0.055021	0.051
1711.1719999313354	57.970808	1496	0	0.055285	0.051
1713.1710000038147	3.838544	1496	0	0.05482	0.051
1715.1699998378754	57.315408	1496	0	0.055436	0.051
1717.1710000038147	6.5146	1492	0	0.054812	0.051
1719.1699998378754	52.443896	1492	0	0.054888	0.051
1721.0079998970032	53.477272	526	0	0.051391	0.051
1723.1689999103546	63.478768	581	0	0.051413	0.051
1725.1699998378754	69.673456	637	0	0.05142	0.051
1727.1710000038147	74.065632	692	0	0.051375	0.051
1729.1710000038147	85.15516	792	0	0.051402	0.051
1731.1710000038147	100.268032	916	0	0.05141	0.051
1733.1699998378754	110.784744	1026	0	0.05144	0.051
1735.1699998378754	39.03944	1030	0	0.054799	0.051
1737.1699998378754	36.537488	1030	0	0.054808	0.051
1739.1710000038147	66.068032	1030	0	0.051828	0.051
1741.1699998378754	6.525192	606	0	0.054802	0.051
1743.1699998378754	70.36768	645	0	0.05133	0.051
1745.0069997310638	72.916016	678	0	0.051388	0.051
1747.1699998378754	76.169616	700	0	0.051501	0.051
1749.1699998378754	79.583032	730	0	0.051378	0.051
1751.1699998378754	81.338528	754	0	0.051367	0.051
1753.1710000038147	81.338528	754	0	0.051394	0.051
1755.1699998378754	87.532584	806	0	0.054747	0.051
1757.1699998378754	87.206464	806	0	0.051351	0.051
1759.1719999313354	87.206464	806	0	0.051425	0.051
1761.1710000038147	87.206464	806	0	0.051476	0.051
1763.1719999313354	98.194128	900	0	0.051376	0.051
1765.1710000038147	107.947584	998	0	0.051415	0.051
1767.1710000038147	112.845008	1034	0	0.051368	0.051
1769.050999879837	9.906624	1042	0	0.057314	0.051
1771.1710000038147	74.817992	1042	0	0.051721	0.051
1773.1710000038147	91.614304	1042	0	0.051711	0.051
1775.1710000038147	6.52636	842	0	0.054716	0.051
1777.1710000038147	46.045448	842	0	0.051441	0.051
1779.1710000038147	46.045448	842	0	0.051389	0.051
1781.1719999313354	100.638824	918	0	0.051372	0.051
1783.1729998588562	128.577632	1200	0	0.051414	0.051
1785.1710000038147	120.632704	1240	0	0.053302	0.051
1787.1710000038147	76.668816	1240	0	0.05185	0.051
1789.1719999313354	9.894312	1240	0	0.057292	0.051
1791.1710000038147	142.6938	1298	0	0.051423	0.051
