0.0	20.379432	248	0	0.087016	0.060256
0.48600006103515625	17.192376	248	0	0.097331	0.060256
0.9600000381469727	14.20268	242	0	0.190413	0.060256
1.4950001239776611	17.324104	254	0	0.084342	0.060256
1.8940000534057617	18.346936	264	0	0.076449	0.060256
2.256999969482422	25.0452	278	0	0.075944	0.060256
2.6569998264312744	16.60884	281	0	0.077876	0.060256
2.9780001640319824	27.522784	310	0	0.076532	0.060256
3.450000047683716	16.043328	316	15	0.159206	0.060256
4.071000099182129	21.411024	318	0	0.098399	0.060256
5.743000030517578	23.064912	322	0	0.073492	0.060256
7.791000127792358	27.480168	332	0	0.079536	0.060256
9.749000072479248	14.81312	332	0	0.097925	0.060256
11.813000202178955	23.766144	346	0	0.081192	0.060256
13.749000072479248	14.085672	346	0	0.141508	0.060256
15.747999906539917	28.587808	416	0	0.087323	0.060256
17.75	25.781432	416	0	0.171573	0.060256
19.754000186920166	29.420968	400	0	0.087604	0.060256
21.744999885559082	29.964536	390	0	0.10215	0.060256
23.765000104904175	24.686176	408	0	0.104341	0.060256
25.759000062942505	25.438904	408	0	0.092294	0.060256
27.747999906539917	29.626264	408	0	0.085266	0.060256
29.754000186920166	26.927288	408	0	0.110024	0.060256
31.750999927520752	27.234808	496	0	0.12974	0.060256
33.746999979019165	34.3956	498	0	0.09959	0.060256
35.74499988555908	39.618592	450	0	0.077156	0.060256
37.751999855041504	33.906376	448	0	0.094004	0.060256
39.74900007247925	39.956088	448	0	0.079028	0.060256
41.757000207901	3.908408	466	0	0.086266	0.060256
43.76300001144409	40.506528	466	0	0.098443	0.060256
45.76099991798401	26.450584	4	0	0.112651	0.060256
47.742000102996826	43.535064	590	0	0.093255	0.060256
49.74900007247925	36.64804	524	0	0.085449	0.060256
51.746999979019165	36.64804	522	0	0.202954	0.060256
53.92899990081787	32.912552	518	0	0.164024	0.060256
55.741000175476074	32.912552	518	0	0.190438	0.060256
57.776999950408936	42.866616	490	0	0.086754	0.060256
59.752999782562256	0.076736	486	0	0.144776	0.060256
61.789000272750854	40.239072	482	0	0.100293	0.060256
63.74300003051758	20.060704	482	0	0.106976	0.060256
65.74300003051758	40.96916	462	0	0.088342	0.060256
67.75500011444092	31.088464	518	0	0.11632	0.060256
69.74900007247925	19.733992	518	0	0.268668	0.060256
71.74499988555908	35.893728	508	0	0.099868	0.060256
73.75500011444092	31.258056	454	0	0.085395	0.060256
75.74499988555908	40.05712	446	0	0.086347	0.060256
77.75099992752075	35.908288	446	0	0.0815	0.060256
79.76099991798401	2.62888	450	0	0.107537	0.060256
81.78900027275085	25.14796	446	0	0.112158	0.060256
83.74699997901917	22.649	474	0	0.10484	0.060256
85.7590000629425	6.850688	426	0	0.627349	0.060256
87.75800013542175	28.325736	426	0	0.105624	0.060256
89.7590000629425	15.503112	390	0	0.151438	0.060256
91.74900007247925	31.55816	392	0	0.100927	0.060256
93.74900007247925	22.399312	410	0	0.115272	0.060256
95.7829999923706	21.120688	410	0	0.119787	0.060256
97.757000207901	21.120688	410	0	0.114995	0.060256
99.77300024032593	21.120688	410	0	0.136877	0.060256
101.75400018692017	21.120688	410	0	0.093483	0.060256
103.75299978256226	4.311656	390	0	0.110131	0.060256
105.75099992752075	19.61428	386	0	0.165099	0.060256
107.81900000572205	23.728216	364	0	0.11212	0.060256
109.74699997901917	17.429888	364	0	0.132405	0.060256
111.78900027275085	30.716696	364	0	0.095824	0.060256
113.7519998550415	31.719288	436	0	0.10757	0.060256
115.74300003051758	20.699392	388	0	0.181208	0.060256
117.757000207901	0.50848	389	0	0.345239	0.060256
119.75500011444092	18.784072	376	0	0.188758	0.060256
121.74699997901917	24.463312	310	0	0.120531	0.060256
123.74600005149841	26.059928	305	0	0.108061	0.060256
125.74499988555908	14.687632	282	0	0.094233	0.060256
127.74900007247925	23.246864	282	0	0.114946	0.060256
129.74499988555908	13.454424	282	0	0.210897	0.060256
131.74699997901917	26.358736	298	0	0.105628	0.060256
133.74900007247925	24.343008	298	0	0.108088	0.060256
135.760999917984	26.76028	298	0	0.090407	0.060256
137.76699995994568	21.259352	348	0	0.10874	0.060256
139.75299978256226	4.454232	340	0	0.127884	0.060256
141.75099992752075	6.51052	322	0	0.159065	0.060256
143.75600004196167	19.212408	322	0	0.103098	0.060256
145.74900007247925	25.168776	318	0	0.083194	0.060256
147.74900007247925	29.0534	392	0	0.087431	0.060256
149.75299978256226	31.863168	400	0	0.117407	0.060256
151.78200006484985	34.380648	416	0	0.098277	0.060256
153.75099992752075	35.776696	446	0	0.112741	0.060256
155.757000207901	27.340856	450	0	0.098109	0.060256
157.82299995422363	26.050856	648	0	0.183275	0.060256
159.75	11.745928	484	0	0.135837	0.060256
161.75400018692017	30.097752	488	0	0.124214	0.060256
163.74499988555908	26.122216	384	0	0.130173	0.060256
165.74699997901917	0.886464	354	0	0.119227	0.060256
167.74900007247925	2.51424	354	0	0.204887	0.060256
169.75500011444092	24.331976	370	0	0.092009	0.060256
171.74900007247925	0.069384	368	0	0.720666	0.060256
173.760999917984	30.229864	392	0	0.083939	0.060256
175.74499988555908	30.315128	494	0	0.112118	0.060256
177.74900007247925	30.731496	378	0	0.084653	0.060256
179.757000207901	26.953312	378	0	0.088703	0.060256
182.00699996948242	22.867672	382	0	0.115795	0.060256
184.00300002098083	7.539264	382	0	0.16502	0.060256
185.99700021743774	28.633552	386	0	0.09632	0.060256
187.86500000953674	23.511216	412	0	0.083926	0.060256
190.01500010490417	32.430824	406	0	0.134042	0.060256
192.01300024986267	1.771792	406	0	0.40176	0.060256
194.01500010490417	30.081208	372	0	0.076811	0.060256
195.99900007247925	8.679024	348	0	0.484262	0.060256
198.00500011444092	31.99344	368	0	0.078467	0.060256
200.00899982452393	33.526496	390	0	0.084134	0.060256
202.05400013923645	30.33576	390	0	0.082761	0.060256
204.010999917984	11.939064	4	0	0.269848	0.060256
206.00600004196167	35.390272	456	0	0.093222	0.060256
207.99900007247925	26.164688	452	0	0.089513	0.060256
210.01500010490417	34.568464	456	0	0.078344	0.060256
211.99500012397766	21.058336	448	21	0.1233	0.060256
214.00699996948242	23.806736	432	0	0.118754	0.060256
216.00899982452393	38.128656	450	0	0.088797	0.060256
217.99900007247925	38.128656	452	0	0.111761	0.060256
220.00300002098083	10.760368	448	0	0.096396	0.060256
221.99900007247925	0.162104	4	4	0.19508	0.060256
223.9960000514984	35.082496	392	0	0.111334	0.060256
225.99700021743774	14.099992	416	0	0.13156	0.060256
228.0	26.888384	474	0	0.112018	0.060256
230.01699995994568	25.765688	478	0	0.114851	0.060256
232.00099992752075	25.765688	468	0	0.093265	0.06046
233.99900007247925	39.894976	452	0	0.086393	0.06046
235.864000082016	23.305112	454	0	0.101032	0.06046
238.01300024986267	19.726464	450	0	0.198631	0.06046
239.9960000514984	28.032448	451	0	0.100146	0.06046
242.01699995994568	39.783632	450	0	0.080517	0.06046
244.00699996948242	6.850008	672	0	0.220295	0.06046
245.99700021743774	31.213496	472	0	0.075988	0.06046
248.01199984550476	38.480368	440	0	0.088082	0.06046
250.00300002098083	21.33284	440	0	0.144067	0.06046
252.00099992752075	24.549912	441	0	0.102354	0.06046
253.99900007247925	21.66372	434	0	0.13051	0.06046
255.99900007247925	29.005392	430	0	0.122803	0.06046
257.99900007247925	16.208696	440	0	0.186003	0.06046
259.8589999675751	33.516304	396	0	0.084786	0.06046
261.99900007247925	26.743264	392	0	0.118811	0.06046
264.00099992752075	19.415336	392	0	0.151992	0.06046
266.2109999656677	28.189536	406	0	0.110176	0.06046
268.0150001049042	26.896752	428	0	0.089716	0.06046
270.00300002098083	20.82224	454	0	0.128257	0.06046
271.99900007247925	34.085832	422	0	0.097124	0.06046
274.0089998245239	29.214112	434	0	0.079475	0.06046
276.00300002098083	4.29632	435	0	0.273174	0.06046
278.0069999694824	33.126632	450	0	0.091066	0.06046
279.99900007247925	35.204336	450	0	0.088372	0.06046
281.99900007247925	0.16048	432	0	0.143653	0.06046
283.99700021743774	36.654992	450	0	0.089953	0.06046
285.9960000514984	36.4944	448	0	0.12101	0.06046
288.02300000190735	34.958592	448	0	0.120297	0.06046
290.00300002098083	40.11932	450	0	0.084642	0.06046
292.0039999485016	26.864848	684	0	0.160667	0.06046
294.22300004959106	40.888056	484	0	0.112454	0.06046
296.00099992752075	40.979816	484	0	0.103629	0.06046
298.01300024986267	40.464872	466	0	0.094864	0.06046
300.0	0.475416	466	0	0.740025	0.06046
302.0140001773834	25.415632	468	0	0.232629	0.06046
304.01300024986267	25.415632	466	0	0.112038	0.06046
306.010999917984	40.443464	466	0	0.091237	0.06046
308.07299995422363	29.676392	554	22	0.119902	0.06046
310.00300002098083	24.295864	460	0	0.109595	0.06046
312.00300002098083	24.295864	460	0	0.130752	0.06046
314.0390000343323	43.082168	490	0	0.099655	0.06046
315.99700021743774	29.613048	490	0	0.121281	0.06046
318.0089998245239	21.093952	492	0	0.107173	0.06046
320.0050001144409	21.093952	577	0	0.196547	0.06046
322.0089998245239	32.278264	444	0	0.097185	0.06046
324.02100014686584	2.753728	478	0	0.206991	0.06046
326.02499985694885	34.084752	478	0	0.120161	0.06046
327.99900007247925	33.067104	478	0	0.093289	0.06046
330.0239999294281	0.151688	434	0	0.131	0.06046
332.5	4.749016	696	0	0.129809	0.06046
334.0150001049042	13.525632	530	0	0.135095	0.06046
336.00099992752075	25.717992	420	0	0.094344	0.061194
338.0050001144409	31.136896	420	0	0.100774	0.061194
340.0020000934601	16.092688	394	0	0.197444	0.061194
342.01900005340576	6.448048	402	0	0.099469	0.061194
344.00300002098083	4.151808	402	0	0.095804	0.061194
346.01900005340576	15.867192	394	0	0.163355	0.061194
348.00300002098083	15.643464	394	0	0.109383	0.061194
350.0069999694824	21.404792	372	0	0.151584	0.061194
351.99900007247925	11.535696	372	0	0.211244	0.061194
353.99700021743774	0.099456	314	0	0.125681	0.061194
356.04299998283386	4.868432	310	0	0.119344	0.061194
358.05999994277954	24.393896	338	0	0.104044	0.061194
360.01900005340576	24.779936	336	0	0.098418	0.061194
362.0089998245239	6.21156	336	0	0.095779	0.061194
364.0150001049042	31.493088	414	0	0.105087	0.061194
366.0789999961853	19.268088	378	0	0.089199	0.061194
367.99900007247925	14.28788	378	0	0.170547	0.061194
370.0140001773834	16.70752	358	0	0.182609	0.061194
372.0770001411438	20.305128	354	0	0.116926	0.061194
374.0039999485016	31.133224	366	0	0.092638	0.061194
375.99900007247925	31.085344	422	0	0.081707	0.061194
378.0020000934601	17.190528	429	0	0.087159	0.061194
380.12099981307983	39.43808	488	0	0.093459	0.061194
382.00600004196167	9.222456	486	0	0.11064	0.061194
384.02499985694885	35.643536	486	0	0.101691	0.061194
386.00300002098083	31.807856	488	0	0.095505	0.061194
388.0169999599457	31.917768	486	0	0.118873	0.061194
390.0089998245239	16.516888	428	0	0.122236	0.061194
392.0050001144409	33.384416	490	0	0.100392	0.061194
394.0089998245239	35.87276	460	0	0.099958	0.061194
396.0020000934601	9.04828	460	0	0.108006	0.061194
398.0079998970032	32.546112	454	0	0.097352	0.061194
399.99900007247925	31.649448	420	0	0.081051	0.061194
402.010999917984	32.151448	408	0	0.091507	0.061194
404.0079998970032	33.736752	394	0	0.095599	0.061194
406.00099992752075	0.294176	430	0	0.119418	0.061194
408.00999999046326	33.382928	430	0	0.106691	0.061194
410.00300002098083	33.090488	432	0	0.088983	0.061194
412.00099992752075	9.163376	522	0	0.10394	0.061194
414.00099992752075	6.07884	420	0	0.103892	0.061194
416.010999917984	29.021192	420	0	0.080914	0.061194
418.05200004577637	33.15424	420	0	0.097292	0.061194
420.010999917984	24.381872	420	0	0.113812	0.061194
422.02300000190735	32.81396	420	0	0.081925	0.061194
424.00099992752075	7.17156	428	0	0.109926	0.061194
426.010999917984	35.989144	456	0	0.089648	0.061194
428.0039999485016	19.808128	430	0	0.099388	0.061194
430.0409998893738	29.11444	432	0	0.124589	0.061194
432.0279998779297	32.066712	430	0	0.084165	0.061194
434.0020000934601	10.425408	432	0	0.116329	0.061194
436.00099992752075	9.131944	416	0	0.193761	0.061194
438.0150001049042	38.267072	450	0	0.076589	0.061194
440.0439999103546	22.49188	616	0	0.11424	0.061194
442.039999961853	5.635312	598	0	0.194122	0.061194
444.02499985694885	1.195328	526	0	0.278103	0.061194
446.00300002098083	15.4768	526	0	0.243946	0.061194
448.0069999694824	12.75432	416	0	0.271224	0.061194
450.0039999485016	29.809512	396	0	0.115122	0.061194
452.2809998989105	25.528768	420	0	0.107386	0.061194
454.2590000629425	18.514088	416	0	0.175534	0.061194
456.25099992752075	4.600152	416	0	0.195505	0.061194
458.25099992752075	29.605008	420	0	0.123263	0.061194
460.24899983406067	15.728272	346	0	0.195065	0.061194
462.2649998664856	29.588344	370	0	0.086762	0.061194
464.25099992752075	15.65488	368	0	0.218394	0.061194
466.09500002861023	9.636712	362	0	0.07743	0.061194
468.2530002593994	28.996784	394	0	0.081938	0.061194
470.2550001144409	28.63192	416	0	0.080623	0.061194
472.2519998550415	6.0156	416	0	0.129976	0.061194
474.24899983406067	3.68048	416	0	0.219014	0.061194
476.25600004196167	14.652376	210	0	0.084362	0.061194
478.25400018692017	13.53852	210	0	0.094783	0.061194
480.24899983406067	5.542584	222	0	0.105153	0.061194
482.2669999599457	19.3326	268	0	0.083216	0.061194
484.25600004196167	15.10868	268	0	0.127149	0.061194
486.2649998664856	2.086272	290	0	0.145226	0.061194
488.2530002593994	12.337648	332	0	0.258932	0.061194
490.0989999771118	26.302792	362	0	0.083349	0.061194
492.2630000114441	0.10944	379	0	0.112927	0.061194
494.27100014686584	27.977976	380	0	0.089002	0.061194
496.2519998550415	18.463984	384	0	0.081529	0.062512
498.2569999694824	25.523928	380	0	0.09674	0.062512
500.2590000629425	14.840824	374	0	0.123934	0.062512
502.25999999046326	28.130512	416	0	0.1219	0.062512
504.25800013542175	35.391416	428	0	0.10755	0.062512
506.25099992752075	20.20824	428	0	0.137595	0.062512
508.25999999046326	27.783016	428	0	0.116696	0.062512
510.25400018692017	37.02216	480	0	0.087624	0.062512
512.2509999275208	34.287904	424	0	0.091257	0.062512
514.1289999485016	27.004312	424	0	0.109615	0.062512
516.2599999904633	25.44628	424	0	0.098756	0.062512
518.3209998607635	37.717096	428	0	0.114991	0.062512
520.2540001869202	9.66424	426	0	0.095025	0.062512
522.2580001354218	7.143432	498	0	0.15917	0.062512
524.2509999275208	22.60964	418	0	0.082201	0.062512
526.2509999275208	13.387232	414	0	0.169211	0.062512
528.2740001678467	22.62724	414	0	0.169684	0.062512
530.2530002593994	22.62724	418	0	0.130701	0.062512
532.25	32.410384	406	0	0.087945	0.062512
534.2649998664856	23.59384	452	0	0.125848	0.062598
536.2509999275208	38.302184	480	0	0.101486	0.062598
538.1250002384186	34.966984	436	0	0.104798	0.062598
540.2710001468658	38.707456	446	0	0.109859	0.062598
542.2569999694824	38.707456	450	0	0.11925	0.062598
544.2569999694824	6.010928	446	0	0.127567	0.062598
546.2519998550415	21.439392	450	0	0.19296	0.062598
548.2509999275208	29.658896	450	0	0.084415	0.062598
550.2630000114441	34.980128	404	0	0.096622	0.062598
552.2509999275208	20.989296	404	0	0.089729	0.062598
554.25	0.487832	314	0	0.227911	0.062598
556.2590000629425	3.55552	94	0	0.173837	0.062598
558.2560000419617	8.568416	112	0	0.075542	0.062598
560.2550001144409	10.997144	146	0	0.076667	0.062584
562.1710000038147	4.822592	176	0	0.130118	0.062584
564.2869999408722	11.442464	186	0	0.114699	0.062584
566.2550001144409	10.557192	186	0	0.091826	0.060694
568.2590000629425	14.877168	186	0	0.083688	0.060694
570.2660000324249	5.213768	192	0	0.161055	0.060694
572.2550001144409	15.826704	194	0	0.074596	0.060694
574.25	18.616096	238	0	0.075306	0.060694
576.2809998989105	13.827056	274	0	0.103954	0.060694
578.2850000858307	9.865024	284	0	0.126994	0.060694
580.2560000419617	13.138296	268	0	0.125668	0.060694
582.2590000629425	23.830672	288	0	0.088445	0.060694
584.2530002593994	19.882352	304	0	0.135404	0.060694
586.2669999599457	18.883792	304	0	0.090096	0.060694
588.2710001468658	17.603368	304	0	0.116371	0.060694
590.2540001869202	25.341248	334	0	0.089763	0.060694
592.2509999275208	23.590704	334	0	0.171762	0.060694
594.2550001144409	23.432872	350	0	0.085539	0.060694
596.2560000419617	28.981664	342	0	0.080193	0.060694
598.2550001144409	0.260448	360	0	0.089438	0.060694
600.2750000953674	19.334216	358	0	0.124762	0.060694
602.2610001564026	24.46184	358	0	0.118707	0.060694
604.2590000629425	8.057192	361	0	0.086273	0.060694
606.2620000839233	20.915488	360	0	0.098097	0.060694
608.2550001144409	29.391232	404	0	0.094055	0.060694
610.2690000534058	24.758976	406	0	0.1079	0.060694
612.2569999694824	24.758976	404	0	0.127733	0.060694
614.2699999809265	26.63888	426	0	0.106715	0.060694
616.2809998989105	11.391776	438	0	0.10235	0.060694
618.2669999599457	20.804328	4	0	0.201651	0.060694
620.2930002212524	21.846784	428	0	0.107921	0.060694
622.2550001144409	31.685848	382	0	0.127454	0.060694
624.2990000247955	32.403104	396	0	0.087154	0.060694
626.3069999217987	18.32668	400	0	0.168436	0.060694
628.295000076294	18.32668	396	0	0.211053	0.060694
630.2699999809265	6.318888	396	0	0.169698	0.060694
632.2599999904633	25.563824	398	0	0.095657	0.060694
634.3010001182556	34.305928	420	0	0.084221	0.060694
636.2809998989105	34.305928	420	0	0.135168	0.060694
638.2699999809265	34.305928	420	0	0.1063	0.060694
640.2679998874664	34.305928	420	0	0.086876	0.060694
642.2760000228882	34.305928	420	0	0.097806	0.060694
644.2760000228882	34.305928	420	0	0.081473	0.060694
646.2550001144409	34.305928	420	0	0.085395	0.060694
648.2560000419617	34.305928	420	0	0.091706	0.060694
650.2620000839233	34.305928	420	0	0.099513	0.060694
652.2599999904633	0.088272	6	0	0.098187	0.060694
654.4530000686646	1.687792	26	12	0.079342	0.060456
656.2590000629425	3.407728	44	0	0.064883	0.060456
658.2969999313354	5.392496	72	0	0.081072	0.060456
660.2540001869202	6.888552	82	0	0.078965	0.060456
662.2760000228882	5.35152	88	0	0.10775	0.060456
664.5119998455048	9.103656	128	0	0.07476	0.060456
667.0199999809265	14.636584	180	0	0.083564	0.060456
668.5049998760223	17.0562	222	0	0.075779	0.060456
670.5060000419617	8.41668	266	0	0.102305	0.060456
672.5090000629425	17.668576	310	0	0.1315	0.060456
674.5150001049042	26.481832	332	0	0.108121	0.060456
676.5079998970032	28.91532	384	0	0.101028	0.060456
678.5130000114441	21.518904	386	0	0.108809	0.060456
680.5130000114441	35.666848	413	0	0.078353	0.060456
682.3740000724792	4.592112	414	0	0.451495	0.060456
684.7250001430511	0.065032	414	0	0.134418	0.060456
686.7090001106262	8.570136	386	0	0.084824	0.060456
688.5130000114441	31.040904	410	0	0.106631	0.060456
690.5099999904633	25.611144	410	0	0.144029	0.060456
692.5090000629425	24.057752	502	0	0.127865	0.060456
694.9210000038147	16.032608	440	0	0.097943	0.060456
696.5190000534058	10.09736	418	0	0.112169	0.060456
698.5260000228882	3.241376	442	0	0.095436	0.060456
700.5099999904633	0.226584	442	0	0.108816	0.060456
702.5350000858307	25.772952	442	0	0.214184	0.060456
704.518000125885	1.649624	442	0	0.391036	0.060456
706.5380001068115	30.40704	376	0	0.176966	0.060456
708.5310001373291	20.412536	502	0	0.127729	0.060456
710.5209999084473	24.601832	380	0	0.113371	0.060456
712.510999917984	12.74804	408	0	0.167947	0.060456
714.5170001983643	32.268664	408	0	0.100933	0.060456
716.5039999485016	32.268664	410	0	0.129033	0.060456
718.5030000209808	32.798992	408	0	0.092637	0.060456
720.539999961853	32.798992	408	0	0.082196	0.060456
722.5020000934601	32.798992	408	0	0.140467	0.060456
724.5490002632141	32.798992	408	0	0.158673	0.060456
726.5680000782013	32.798992	408	0	0.123044	0.060456
728.5190000534058	20.993624	426	0	0.148988	0.060456
730.5350000858307	28.1064	424	0	0.113413	0.060456
732.5090000629425	28.1064	410	0	0.179693	0.060456
734.5590000152588	31.17264	410	0	0.087528	0.060456
736.5310001373291	33.899736	420	0	0.094394	0.060456
738.5710000991821	20.095648	424	0	0.142653	0.060456
740.5250000953674	18.528128	420	0	0.11495	0.060456
742.5469999313354	31.030576	438	0	0.091858	0.060456
744.5230000019073	15.033776	438	0	0.250379	0.060456
746.5079998970032	32.02632	438	0	0.118286	0.060456
748.5069999694824	32.02632	438	0	0.13583	0.060456
750.5079998970032	11.411256	428	0	0.116182	0.060456
752.5449998378754	21.71448	428	0	0.139698	0.060456
754.5310001373291	28.493144	338	0	0.118942	0.060456
756.5170001983643	9.592408	338	0	0.313119	0.060456
758.5289998054504	22.227872	350	0	0.095299	0.060456
760.5769999027252	8.824656	348	0	0.102574	0.060456
762.5090000629425	15.93624	482	0	0.116256	0.060456
764.5439999103546	14.444784	374	0	0.088777	0.060456
766.510999917984	24.410096	382	0	0.09212	0.060456
768.5250000953674	29.629888	382	0	0.113299	0.060456
770.5429999828339	7.021256	382	0	0.110003	0.060456
772.5130000114441	22.863336	384	0	0.183293	0.060456
774.5479998588562	17.08532	372	0	0.09915	0.060456
776.5150001049042	16.334552	346	0	0.168231	0.060456
778.5199999809265	5.645832	262	0	0.105271	0.060456
780.5170001983643	15.95248	236	0	0.109647	0.060456
782.5140001773834	8.199432	236	0	0.15385	0.060456
784.5090000629425	14.66032	224	0	0.127665	0.060456
786.5250000953674	13.361216	224	0	0.088289	0.060456
788.5140001773834	17.83188	234	0	0.082655	0.060456
790.5130000114441	16.308016	242	0	0.100407	0.060456
792.6460001468658	19.766112	258	0	0.085669	0.060456
794.5500001907349	13.195448	258	0	0.120261	0.060456
796.5069999694824	19.044248	258	0	0.090273	0.060456
798.5170001983643	9.665888	246	0	0.156075	0.060456
800.5230000019073	12.282584	232	0	0.114514	0.060456
802.6710000038147	14.589512	232	0	0.082892	0.060456
804.5300002098083	2.688672	216	0	0.119412	0.060456
806.5150001049042	14.963856	216	0	0.112306	0.060456
808.5750000476837	12.13668	228	0	0.098821	0.060456
810.5150001049042	11.695032	228	0	0.169859	0.060456
812.5279998779297	5.779728	208	0	0.087858	0.060456
814.5920000076294	7.184176	182	0	0.244991	0.060456
816.5160000324249	14.30628	190	0	0.087387	0.060456
818.5279998779297	12.59432	200	0	0.113259	0.060456
820.5209999084473	21.786744	270	0	0.095838	0.060456
822.5140001773834	25.000104	326	0	0.088325	0.060456
825.4940001964569	28.225232	494	0	0.099489	0.060456
826.518000125885	36.544224	494	0	0.131015	0.060456
828.5190000534058	45.357984	536	0	0.100448	0.060456
830.5510001182556	20.75888	532	0	0.095302	0.060456
832.5079998970032	20.75888	536	0	0.128726	0.060456
834.5780000686646	20.75888	536	0	0.24029	0.060456
836.5330002307892	5.5854	600	0	0.102187	0.060456
838.5239999294281	26.296592	532	0	0.193639	0.060456
840.5209999084473	24.027304	332	0	0.172643	0.060456
842.595999956131	7.240368	332	0	0.358857	0.060456
844.5289998054504	5.945152	296	0	0.195749	0.060456
846.5340001583099	12.203536	296	0	0.1049	0.060456
848.5150001049042	12.203536	296	0	0.096038	0.060456
850.510999917984	27.09568	312	0	0.090788	0.060456
852.5140001773834	13.75432	312	0	0.132448	0.060456
854.5049998760223	13.158176	346	0	0.176481	0.060456
856.5260000228882	29.999488	346	0	0.092296	0.060456
858.5099999904633	7.115816	388	0	0.100642	0.060456
860.5160000324249	32.877976	446	0	0.090875	0.060456
862.5330002307892	21.47432	420	0	0.174513	0.060456
864.5190000534058	23.206352	420	0	0.169922	0.060456
866.5310001373291	33.209776	420	0	0.105145	0.060456
868.5570001602173	12.111032	420	0	0.284002	0.060456
870.5330002307892	28.819472	402	0	0.084697	0.060456
872.5629999637604	28.819472	488	0	0.11157	0.060456
874.5929999351501	28.819472	454	0	0.098963	0.060456
876.5170001983643	28.819472	452	0	0.163333	0.060456
878.5079998970032	28.819472	452	0	0.127204	0.060456
880.5730001926422	33.599856	420	0	0.08343	0.060456
882.5269999504089	24.482288	416	0	0.126486	0.060456
884.510999917984	17.718112	426	0	0.107695	0.060456
886.5140001773834	38.235352	439	0	0.138989	0.060456
888.5079998970032	36.293272	474	0	0.08513	0.060456
890.5310001373291	18.248232	452	0	0.143219	0.060456
892.5140001773834	25.59852	434	0	0.087939	0.060456
894.5090000629425	38.311008	438	0	0.096906	0.060456
896.5119998455048	31.598832	472	0	0.082972	0.060456
898.5369999408722	35.794864	472	0	0.093296	0.060456
900.5079998970032	44.354304	488	0	0.131281	0.060456
902.5199999809265	39.15956	578	0	0.207182	0.060456
904.5320000648499	26.36552	582	0	0.115478	0.060456
906.5220000743866	38.016344	522	0	0.134748	0.060456
908.5130000114441	0.127936	502	0	0.152385	0.060456
910.5190000534058	32.466984	458	0	0.078889	0.060456
912.5160000324249	26.888976	446	0	0.136428	0.060456
914.5140001773834	41.211688	472	0	0.096207	0.060456
916.510999917984	38.102048	470	0	0.099542	0.060456
918.5099999904633	41.137232	474	0	0.086519	0.060456
920.5099999904633	39.497992	474	0	0.100299	0.060456
922.5209999084473	24.506816	448	0	0.110602	0.060456
924.5160000324249	20.475408	446	0	0.170357	0.060456
926.5209999084473	25.533576	446	0	0.132894	0.060456
928.5289998054504	25.533576	448	0	0.127008	0.060456
930.6530001163483	16.465776	374	0	0.243636	0.060456
932.7760000228882	31.860904	376	0	0.086462	0.060456
934.8050000667572	27.565312	374	0	0.084775	0.060456
936.6270000934601	23.058936	374	0	0.095451	0.060456
938.760999917984	21.517728	374	0	0.121117	0.060456
940.7730002403259	35.997848	392	0	0.087676	0.060456
942.7890002727509	18.042776	426	0	0.101169	0.060456
944.7780001163483	21.867992	426	0	0.134168	0.060456
946.760999917984	31.927008	426	0	0.091006	0.060456
948.7550001144409	23.301024	426	0	0.16221	0.060456
950.7679998874664	32.996608	422	0	0.103273	0.060456
952.7760000228882	2.43692	422	0	0.1861	0.060456
954.7630000114441	16.92688	546	0	0.284141	0.060456
956.7689998149872	17.321992	424	0	0.090805	0.062173
958.7590000629425	10.906192	424	0	0.237397	0.062173
960.6029999256134	13.516048	364	0	0.131223	0.061391
962.7620000839233	24.92052	368	0	0.099566	0.061391
964.757000207901	22.528568	392	0	0.072676	0.061391
966.7689998149872	8.689464	392	0	0.120963	0.061391
968.760999917984	32.417136	392	0	0.086581	0.061391
970.7710001468658	35.152576	446	0	0.09148	0.061391
972.7650001049042	24.383736	420	0	0.097443	0.061391
974.760999917984	19.079848	420	0	0.110067	0.061391
976.7689998149872	31.177112	420	0	0.088069	0.061391
978.757000207901	7.672816	420	0	0.299861	0.061391
980.760999917984	30.536832	456	0	0.081014	0.061391
982.800999879837	31.962152	4	0	0.106613	0.061391
984.6349999904633	35.147032	454	0	0.094693	0.061391
986.7710001468658	32.663624	456	0	0.086911	0.061391
988.7650001049042	0.185968	452	0	0.468378	0.061391
990.7650001049042	32.45212	442	0	0.093242	0.061391
992.8409998416901	11.405504	416	0	0.319072	0.061391
994.7599999904633	13.623176	416	0	0.086604	0.061391
997.055999994278	36.347456	434	0	0.081671	0.061391
998.760999917984	22.27296	432	0	0.099431	0.061391
1000.7660000324249	17.523648	428	0	0.088983	0.061391
1002.760999917984	23.02536	382	0	0.118672	0.061391
1004.8710000514984	22.634664	382	0	0.088649	0.061391
1006.7590000629425	35.009968	416	0	0.083222	0.061391
1008.7420001029968	0.09448	416	0	0.091737	0.061391
1010.7750000953674	22.019112	416	0	0.094062	0.061391
1012.7630000114441	23.810104	472	0	0.112994	0.061391
1014.7669999599457	7.553664	438	0	0.09678	0.061391
1016.7829999923706	34.645464	408	0	0.103805	0.061391
1018.7730002403259	25.624672	412	0	0.150751	0.061391
1020.7590000629425	32.553208	442	0	0.09061	0.061391
1022.7689998149872	36.435248	424	0	0.085512	0.061391
1024.760999917984	26.103344	428	0	0.158897	0.061391
1026.7679998874664	30.93968	424	0	0.137665	0.061391
1028.7720000743866	7.539992	424	0	0.09637	0.061391
1030.7590000629425	31.289704	374	0	0.116993	0.061391
1032.6290001869202	10.8636	400	0	0.083974	0.061391
1034.813000202179	21.792048	402	0	0.151819	0.061391
1036.760999917984	26.360816	398	0	0.134037	0.061391
1038.7710001468658	32.657072	398	0	0.091249	0.061391
1040.760999917984	34.600976	382	0	0.097395	0.061391
1042.7720000743866	0.126768	384	0	0.089644	0.061391
1044.7669999599457	22.10356	354	0	0.124409	0.061391
1046.7710001468658	26.617864	354	0	0.093668	0.061391
1048.7679998874664	31.772536	360	0	0.098021	0.061391
1050.7639999389648	24.303984	882	0	0.205272	0.061391
1052.784999847412	31.795496	432	0	0.08668	0.061391
1054.7650001049042	33.62336	396	0	0.084338	0.061391
1056.760999917984	32.137616	394	0	0.089846	0.061391
1058.773000240326	33.476048	394	0	0.080988	0.061391
1060.776999950409	8.543536	396	0	0.193517	0.061391
1062.7650001049042	36.626016	424	0	0.080154	0.061391
1064.7599999904633	32.268216	426	0	0.086964	0.061391
1066.7620000839233	38.829848	474	0	0.09054	0.061391
1068.7590000629425	42.724936	488	0	0.084983	0.061391
1070.763000011444	37.713984	492	0	0.109062	0.061391
1072.763000011444	21.041776	488	0	0.185273	0.061391
1074.7669999599457	43.040568	502	0	0.0862	0.061391
1076.776999950409	36.287664	534	0	0.081689	0.061391
1078.7740001678467	39.634216	514	0	0.099132	0.061391
1080.766000032425	41.922768	514	0	0.102928	0.061391
1082.7689998149872	18.95956	518	0	0.238808	0.061391
1084.7639999389648	29.712336	496	0	0.140055	0.061391
1086.7699999809265	40.55956	496	0	0.084183	0.061391
1088.7650001049042	34.639032	592	0	0.104695	0.061391
1090.776999950409	38.44672	592	0	0.100013	0.061391
1092.7780001163483	41.195984	556	0	0.100005	0.061391
1094.760999917984	41.195984	554	0	0.281551	0.061391
1096.7650001049042	43.89868	554	0	0.089909	0.061391
1098.773000240326	35.00736	556	0	0.108774	0.061391
1100.7740001678467	40.801864	536	0	0.082282	0.061391
1102.7650001049042	40.801864	646	0	0.100802	0.061391
1104.7149999141693	27.26648	546	0	0.13052	0.061391
1106.773000240326	1.234112	330	0	0.224379	0.061391
1108.7780001163483	16.977384	256	0	0.171396	0.061391
1110.7669999599457	20.212824	242	0	0.072432	0.061391
1112.7639999389648	21.715768	276	0	0.073326	0.061391
1114.7679998874664	22.640016	290	0	0.077419	0.061391
1116.7599999904633	25.22124	338	0	0.081291	0.061391
1118.766000032425	19.892232	332	0	0.144588	0.061391
1120.7720000743866	29.09332	346	0	0.085786	0.061391
1122.7650001049042	0.690912	346	0	0.267382	0.061391
1124.7780001163483	29.621984	362	0	0.111303	0.061391
1126.773000240326	22.931456	368	0	0.097601	0.061391
1128.7689998149872	28.53324	418	0	0.108314	0.061391
1130.7710001468658	26.245312	396	0	0.099831	0.061391
1132.784999847412	21.490336	394	0	0.082957	0.061391
1134.797000169754	26.131976	412	0	0.088137	0.061391
1136.7780001163483	26.573192	408	0	0.094114	0.061391
1138.7599999904633	22.207192	438	0	0.087634	0.061391
1140.7710001468658	35.119216	534	0	0.109748	0.061391
1142.8249998092651	37.779584	468	0	0.079987	0.061391
1144.7689998149872	35.689056	472	0	0.097606	0.061391
1146.7669999599457	26.13256	442	0	0.154052	0.061391
1148.8670001029968	20.395848	442	0	0.122138	0.061391
1150.779000043869	32.557552	446	0	0.111437	0.061391
1152.7689998149872	15.408808	418	0	0.086239	0.061391
1154.7699999809265	30.155968	414	0	0.087542	0.061391
1156.8320000171661	32.821544	426	0	0.104992	0.061391
1158.7689998149872	2.044672	428	0	0.252205	0.061391
1160.766000032425	32.409488	416	0	0.078081	0.060346
1162.7669999599457	39.457984	430	0	0.095005	0.060346
1164.7820000648499	12.907968	430	0	0.103086	0.060346
1166.7650001049042	28.468688	430	0	0.143254	0.060346
1168.8120000362396	0.121824	430	0	0.510734	0.060346
1170.805999994278	10.235648	592	0	0.356669	0.060346
1172.7679998874664	28.222416	518	0	0.116986	0.060346
1174.7650001049042	36.012464	540	0	0.077529	0.060346
1176.763000011444	20.907304	536	0	0.127775	0.060346
1178.8389999866486	31.377064	536	0	0.15097	0.060346
1180.760999917984	26.58484	518	0	0.13662	0.060346
1183.048999786377	30.96864	522	0	0.101915	0.060346
1185.0130002498627	35.385976	480	0	0.11358	0.060346
1187.026999950409	41.962536	502	0	0.090737	0.060346
1189.0119998455048	41.962536	504	0	0.200185	0.060346
1191.0119998455048	43.964256	4	0	0.096921	0.060346
1193.0199999809265	44.689864	652	0	0.099407	0.060346
1195.0150001049042	40.167592	572	0	0.112707	0.060346
1197.008999824524	41.346768	546	0	0.079927	0.060346
1199.0210001468658	36.515376	536	0	0.092252	0.060346
1201.0210001468658	31.437984	540	0	0.096676	0.060346
1203.016000032425	37.891736	536	0	0.103369	0.060346
1205.0199999809265	40.584216	536	0	0.098608	0.060346
1207.026999950409	44.304408	510	0	0.088278	0.060346
1209.0119998455048	22.381504	628	0	0.155105	0.060346
1211.0190000534058	45.108048	540	0	0.087837	0.060346
1213.0130002498627	43.882072	542	0	0.101115	0.060346
1215.023999929428	37.766384	540	0	0.093851	0.060346
1217.0130002498627	35.387552	540	0	0.121751	0.060346
1219.0249998569489	40.785456	540	0	0.09111	0.060346
1221.0429999828339	40.785456	542	0	0.084703	0.060346
1223.0150001049042	40.785456	564	0	0.089793	0.060346
1225.0230000019073	41.761584	486	0	0.084927	0.060346
1227.0210001468658	25.69216	486	0	0.126465	0.060346
1229.0620000362396	31.049136	482	0	0.114906	0.060346
1231.0230000019073	31.049136	482	0	0.094409	0.060346
1233.0220000743866	26.85076	486	0	0.151124	0.060346
1235.029000043869	43.389104	524	0	0.084627	0.060346
1237.016000032425	0.598104	524	0	0.097895	0.060346
1239.0190000534058	14.495704	520	0	0.184013	0.060346
1241.0230000019073	24.93464	520	0	0.139372	0.060346
1243.023999929428	24.93464	520	0	0.207453	0.060346
1245.0230000019073	18.263616	524	0	0.155594	0.060346
1247.0130002498627	27.966624	388	0	0.129459	0.060346
1249.026999950409	31.361552	374	0	0.078016	0.060346
1251.026999950409	2.295712	374	0	0.210809	0.060346
1253.0249998569489	33.460816	400	0	0.080966	0.060346
1255.018000125885	27.184744	408	0	0.090671	0.060346
1257.0249998569489	34.441376	434	0	0.076916	0.060346
1259.018000125885	38.718128	448	0	0.091478	0.060346
1261.0130002498627	1.99368	448	0	0.119558	0.060346
1263.029000043869	32.11044	456	0	0.082213	0.060346
1265.0320000648499	36.006304	456	0	0.101811	0.060346
1267.0210001468658	42.689024	539	0	0.089874	0.060346
1269.0150001049042	33.696144	508	0	0.099077	0.060346
1271.029000043869	40.360344	508	0	0.094909	0.060346
1273.0130002498627	22.247176	510	0	0.099435	0.060346
1275.0150001049042	42.714088	490	0	0.089816	0.060346
1277.018000125885	42.49396	490	0	0.101341	0.060346
1279.0249998569489	41.95444	492	0	0.083374	0.060346
1281.0320000648499	4.394448	490	0	0.203418	0.060346
1283.0190000534058	2.071392	58	0	0.1499	0.060346
1285.0230000019073	5.985296	76	0	0.079144	0.060346
1287.0190000534058	6.908816	100	0	0.076086	0.059667
1289.016000032425	10.170456	122	0	0.06778	0.059667
1291.016000032425	6.88672	124	0	0.078488	0.059667
1293.010999917984	10.138328	152	0	0.077061	0.059667
1295.0169999599457	11.420408	154	0	0.13251	0.059667
1297.0169999599457	12.989136	210	0	0.073113	0.059667
1299.016000032425	18.85156	216	0	0.078719	0.059667
1301.0199999809265	15.474296	216	0	0.081278	0.059667
1303.029000043869	18.04848	224	0	0.081802	0.059667
1305.018000125885	8.879752	226	0	0.087358	0.059667
1307.0860002040863	5.405944	226	0	0.09771	0.059667
1309.0169999599457	19.83564	274	0	0.074406	0.059667
1311.0350000858307	23.256904	284	0	0.080886	0.059667
1313.0380001068115	24.717432	330	0	0.092756	0.059667
1315.0210001468658	6.575776	340	0	0.078698	0.059667
1317.0220000743866	31.453808	395	0	0.083176	0.059667
1319.0150001049042	31.517904	440	0	0.083604	0.059667
1321.0249998569489	31.445856	406	0	0.119659	0.059667
1323.0210001468658	36.692904	408	0	0.097658	0.059667
1325.029000043869	32.788264	408	0	0.117748	0.059667
1327.0260000228882	5.547616	408	0	0.099572	0.059667
1329.0530002117157	19.908904	408	0	0.216087	0.059667
1331.1860001087189	35.99604	482	0	0.083215	0.059667
1333.0320000648499	2.521064	482	0	0.49299	0.059667
1335.0169999599457	9.733328	482	0	0.126214	0.059667
1337.1150000095367	8.230256	482	0	0.65524	0.059667
1339.0360000133514	35.407552	458	0	0.153462	0.059667
1341.0249998569489	24.693824	458	0	0.171794	0.059667
1343.0150001049042	31.394048	420	0	0.089879	0.059667
1345.0249998569489	34.924032	422	0	0.079076	0.059667
1347.0190000534058	32.775088	438	0	0.07748	0.059667
1349.029000043869	34.036896	432	0	0.07645	0.059667
1351.0210001468658	40.85376	438	0	0.085525	0.059667
1353.026999950409	40.85376	438	0	0.095153	0.059667
1355.026999950409	41.036712	448	0	0.078705	0.059667
1357.0360000133514	37.407504	448	0	0.106687	0.059667
1359.026999950409	33.264192	526	0	0.104031	0.059667
1361.016000032425	39.236968	526	0	0.087437	0.059667
1363.0150001049042	13.130112	530	0	0.104724	0.059667
1365.0260000228882	39.691344	540	0	0.094852	0.059667
1367.0150001049042	43.104568	542	0	0.099896	0.059667
1369.0300002098083	36.265152	540	0	0.103395	0.059667
1371.0169999599457	41.4766	540	0	0.100305	0.059667
1373.0249998569489	44.617872	656	0	0.103413	0.059667
1375.0190000534058	44.617872	586	0	0.087856	0.059667
1377.0300002098083	49.57292	600	0	0.096891	0.059667
1379.0190000534058	38.034584	606	0	0.120716	0.059667
1381.0150001049042	48.20256	646	0	0.123757	0.059667
1383.0169999599457	45.55276	614	0	0.110783	0.059667
1385.048999786377	0.196288	626	0	0.111791	0.059667
1387.023999929428	12.273176	627	0	0.115276	0.059667
1389.0220000743866	14.199992	626	0	0.086623	0.059667
1391.0350000858307	14.199992	626	0	0.085021	0.059667
1393.039999961853	25.25212	628	0	0.112577	0.059667
1395.0390000343323	46.88276	734	0	0.131041	0.059667
1397.0190000534058	23.04992	640	0	0.169885	0.059667
1399.026999950409	34.52256	598	0	0.111798	0.059667
1401.0279998779297	13.39184	598	0	0.108154	0.059667
1403.0210001468658	35.162504	524	0	0.08668	0.059667
1405.0249998569489	42.350104	532	0	0.085766	0.059667
1407.0220000743866	32.012912	530	0	0.118936	0.059667
1409.0230000019073	24.46476	530	0	0.18205	0.059667
1411.0360000133514	36.644664	530	0	0.112308	0.059667
1413.0329999923706	5.088192	530	0	0.193794	0.059667
1415.0210001468658	32.763704	452	0	0.117397	0.059667
1417.0150001049042	28.950176	466	0	0.136453	0.059667
1419.0210001468658	28.950176	438	0	0.086363	0.059667
1421.023999929428	28.950176	438	0	0.080216	0.059667
1423.0279998779297	0.93092	456	0	0.121651	0.059667
1425.0169999599457	24.431936	456	0	0.137557	0.059667
1427.0190000534058	40.586256	456	0	0.074684	0.059667
1429.03400015831	34.034856	514	0	0.082567	0.059667
1431.029000043869	38.745496	514	0	0.10878	0.059667
1433.2799999713898	44.006448	516	0	0.11005	0.059667
1435.2770001888275	24.249696	514	0	0.163149	0.059667
1437.2809998989105	26.583088	517	0	0.086836	0.059667
1439.3029999732971	38.490552	540	0	0.102384	0.059667
1441.2760000228882	30.31688	536	0	0.106431	0.059667
1443.287999868393	43.09576	518	0	0.097114	0.059667
1445.287999868393	26.115568	518	0	0.292557	0.059667
1447.3449997901917	37.559392	522	0	0.109152	0.059667
1449.2649998664856	37.559392	518	0	0.127261	0.059667
1451.2679998874664	38.395512	500	0	0.094818	0.059667
1453.279000043869	28.762856	464	0	0.172925	0.059667
1455.1129999160767	23.972456	466	0	0.119991	0.059667
1457.2760000228882	24.390368	370	0	0.081293	0.059667
1459.2699999809265	16.563224	440	0	0.099141	0.059667
1461.2710001468658	23.261928	488	0	0.167586	0.059667
1463.2730000019073	0.593256	492	0	0.226067	0.059667
1465.2850000858307	20.672344	526	0	0.10885	0.059667
1467.2730000019073	43.885176	562	0	0.087083	0.059667
1469.2669999599457	36.446576	574	0	0.104648	0.059667
1471.2710001468658	31.362816	578	0	0.124479	0.059667
1473.4270000457764	36.299864	594	0	0.125562	0.059667
1475.2699999809265	36.773032	592	0	0.10465	0.059667
1477.2649998664856	31.190136	460	0	0.122531	0.059667
1479.119999885559	20.272496	464	0	0.114469	0.059667
1481.2770001888275	37.983288	506	0	0.075321	0.059667
1483.2900002002716	1.784888	506	0	0.237302	0.059667
1485.2699999809265	37.737512	506	0	0.087598	0.059667
1487.2730000019073	39.108928	508	0	0.117631	0.059667
1489.358999967575	39.108928	506	0	0.124149	0.059667
1491.2850000858307	38.29472	594	0	0.099635	0.059667
1493.2699999809265	38.29472	598	0	0.117397	0.059667
1495.3769998550415	3.768112	526	0	0.147068	0.059667
1497.2669999599457	33.444152	526	0	0.122742	0.059667
1499.2750000953674	35.989568	528	0	0.102115	0.059667
1501.292000055313	29.20304	434	0	0.14193	0.059667
1503.1100001335144	7.762552	424	0	0.08781	0.059667
1505.2740001678467	18.707592	416	0	0.218202	0.059667
1507.2730000019073	26.513816	416	0	0.1197	0.059667
1509.2760000228882	35.564768	416	0	0.089827	0.059667
1511.2770001888275	28.206592	402	0	0.134019	0.059667
1513.3049998283386	24.88732	398	0	0.115417	0.059667
1515.3599998950958	23.031888	398	0	0.159346	0.059667
1517.2730000019073	16.131264	398	0	0.186835	0.059667
1519.2809998989105	30.369152	398	0	0.089518	0.059667
1521.2850000858307	33.959144	500	0	0.103949	0.059667
1523.2690000534058	23.759112	456	0	0.09596	0.059667
1525.3049998283386	28.823608	456	0	0.122944	0.059667
1527.2669999599457	28.823608	438	0	0.102327	0.059667
1529.266000032425	28.823608	422	0	0.076031	0.059667
1531.2990000247955	28.823608	422	0	0.088696	0.059667
1533.2809998989105	28.823608	422	0	0.120511	0.059667
1535.2690000534058	31.56812	364	0	0.098123	0.059667
1537.2690000534058	22.45892	364	0	0.078943	0.059667
1539.2770001888275	29.448376	376	0	0.077738	0.059667
1541.2889997959137	29.448376	376	0	0.076697	0.059667
1543.2710001468658	29.448376	376	0	0.082908	0.059667
1545.3090002536774	26.07812	374	0	0.123603	0.059667
1547.2999999523163	22.854936	374	0	0.106297	0.059667
1549.2720000743866	29.364376	394	0	0.09715	0.059667
1551.3120000362396	17.03896	392	0	0.075283	0.059667
1553.2740001678467	28.061488	386	0	0.123567	0.059667
1555.2940001487732	35.771872	448	0	0.091306	0.059667
1557.2690000534058	41.422512	460	0	0.076292	0.059667
1559.2720000743866	36.229072	514	0	0.089555	0.059667
1561.2699999809265	36.55336	518	0	0.095287	0.059667
1563.2799999713898	24.346448	514	0	0.107726	0.059667
1565.2770001888275	34.31936	410	0	0.123802	0.059667
1567.2770001888275	39.400824	458	0	0.078092	0.059667
1569.2730000019073	42.820504	538	0	0.083481	0.059667
1571.2710001468658	8.594152	532	0	0.099144	0.059667
1573.2990000247955	37.849784	512	0	0.076806	0.059667
1575.2869999408722	26.474344	514	0	0.125973	0.059667
1577.2750000953674	33.649528	478	0	0.100202	0.059667
1579.2869999408722	28.699168	476	0	0.085362	0.059667
1581.2809998989105	37.910264	506	0	0.084503	0.059667
1583.279000043869	4.752216	506	0	0.2907	0.059667
1585.2829999923706	27.528184	502	0	0.082865	0.059667
1587.3159999847412	41.848544	522	0	0.087103	0.060728
1589.2690000534058	41.848544	522	0	0.218491	0.060728
1591.2730000019073	44.188944	590	0	0.10069	0.060728
1593.2740001678467	43.40256	590	0	0.113351	0.060728
1595.2820000648499	34.737168	592	0	0.107224	0.060728
1597.2750000953674	30.02968	590	0	0.143217	0.060728
1599.2869999408722	26.495248	645	0	0.13	0.060728
1601.2799999713898	43.397152	620	0	0.096656	0.060728
1603.2839999198914	38.510832	618	0	0.139914	0.060728
1605.2699999809265	12.372144	620	0	0.167803	0.060728
1607.2780001163483	41.141032	596	0	0.132823	0.060728
1609.2699999809265	49.735104	604	0	0.104567	0.060728
1611.292000055313	35.52408	604	0	0.095173	0.060728
1613.2699999809265	49.032512	626	0	0.11518	0.060728
1615.2750000953674	42.71204	630	0	0.112998	0.060728
1617.2720000743866	33.734696	706	0	0.177344	0.060728
1619.2710001468658	4.894848	710	0	0.146593	0.060728
1621.2710001468658	4.64252	458	0	0.280211	0.060728
1623.2720000743866	28.351512	430	0	0.087718	0.060728
1625.2699999809265	30.730016	430	0	0.104646	0.060728
1627.2699999809265	35.305504	508	0	0.079316	0.060728
1629.2799999713898	19.613304	510	0	0.216328	0.060728
1631.406000137329	44.60684	528	0	0.086463	0.060728
1633.279000043869	39.22264	606	0	0.096523	0.060728
1635.406000137329	32.174768	590	0	0.114245	0.060728
1637.3020000457764	32.174768	590	0	0.117254	0.060728
1639.287999868393	32.174768	586	0	0.287569	0.060728
1641.2799999713898	21.856816	586	0	0.282124	0.060728
1643.3159999847412	38.661888	472	0	0.100458	0.060728
1645.3310000896454	7.224064	472	0	0.491512	0.060728
1647.2940001487732	22.478928	472	0	0.11267	0.060728
1649.2690000534058	31.293456	472	0	0.13631	0.060728
1651.2720000743866	36.364272	502	0	0.106281	0.060728
1653.2799999713898	6.804288	504	0	0.094041	0.060728
1655.2820000648499	34.685392	502	0	0.093573	0.060728
1657.8719999790192	32.260928	502	19	0.481386	0.060728
1659.2900002002716	20.912488	456	0	0.21446	0.060728
1661.2699999809265	35.340944	456	0	0.099606	0.060728
1663.292000055313	2.422472	452	0	0.210366	0.060728
1665.2799999713898	11.809528	453	0	0.426885	0.060728
1667.2799999713898	33.352712	452	0	0.103058	0.060728
1669.2860000133514	32.008968	402	0	0.134799	0.060728
1671.295000076294	33.937888	458	0	0.100476	0.060728
1673.2720000743866	19.266688	452	0	0.146308	0.060728
1675.2730000019073	27.235472	436	0	0.083992	0.060728
1677.2679998874664	27.235472	436	0	0.087585	0.060728
1679.305999994278	30.245008	416	0	0.090902	0.060728
1681.2799999713898	30.245008	400	0	0.095753	0.060728
1683.5209999084473	32.401344	400	0	0.081119	0.060728
1685.366000175476	36.733024	422	0	0.080495	0.060728
1687.6329998970032	32.879712	420	0	0.100926	0.060728
1689.5439999103546	9.435392	421	0	0.282799	0.060728
1691.53400015831	30.64756	420	0	0.083822	0.060728
1693.5250000953674	34.69036	430	0	0.098466	0.060728
1695.6500000953674	38.122864	446	0	0.089893	0.060728
1697.5989999771118	32.294304	442	0	0.157679	0.060728
1699.5330002307892	36.4624	442	0	0.08906	0.060728
1701.5230000019073	6.0774	446	0	0.104446	0.060728
1703.5199999809265	39.320856	4	0	0.082084	0.060728
1705.5209999084473	20.658104	466	0	0.102027	0.060728
1707.5890002250671	31.414144	480	0	0.095148	0.060728
1709.366000175476	31.414144	474	0	0.092895	0.060728
1711.531000137329	41.826896	494	0	0.085068	0.060728
1713.5279998779297	36.763624	494	0	0.125428	0.060728
1715.5350000858307	42.086072	508	0	0.090619	0.060728
1717.5209999084473	21.231608	504	0	0.196717	0.060728
1719.5230000019073	43.381872	466	0	0.084993	0.060728
1721.5279998779297	23.431256	468	0	0.151885	0.060728
1723.5250000953674	42.740264	466	0	0.093741	0.060728
1725.526999950409	42.740264	466	0	0.12545	0.060728
1727.53400015831	36.911136	468	0	0.104316	0.060728
1729.523999929428	33.472896	574	0	0.129864	0.060728
1731.539999961853	33.472896	574	0	0.120052	0.060728
1733.3769998550415	33.472896	500	0	0.094024	0.060728
1735.5230000019073	40.314384	508	0	0.097729	0.060728
1737.523999929428	43.16088	518	0	0.101539	0.060728
1739.5510001182556	37.262584	516	0	0.089876	0.060728
1741.5250000953674	37.262584	516	0	0.152251	0.060728
1743.5230000019073	39.095384	518	0	0.101074	0.060728
1745.5330002307892	39.031816	502	0	0.101143	0.060728
1747.5369999408722	39.031816	502	0	0.16205	0.060728
1749.549000263214	0.133488	478	0	0.121242	0.060728
1751.5230000019073	36.79784	474	0	0.079247	0.061018
1753.523999929428	37.235384	474	0	0.083676	0.061018
1755.6130001544952	37.235384	562	0	0.106454	0.061018
1757.4009997844696	28.901808	514	0	0.115981	0.061018
1759.53400015831	12.16056	490	0	0.166976	0.061018
1761.635999917984	30.594776	464	0	0.124598	0.061018
1763.5380001068115	0.15936	380	0	0.485415	0.061018
1765.53400015831	9.207232	380	0	0.322523	0.061018
1767.5230000019073	29.649704	348	0	0.076767	0.061018
1769.5250000953674	30.923544	350	0	0.102544	0.061018
1771.531000137329	0.065008	350	0	0.171456	0.061018
1773.53400015831	29.286552	354	0	0.107158	0.061018
1775.531000137329	3.973512	350	0	0.317691	0.061018
1777.5469999313354	18.810144	350	0	0.088604	0.061018
1779.526999950409	27.603568	376	0	0.088566	0.061018
1781.3789999485016	24.449488	372	0	0.105886	0.061018
1783.526999950409	25.636968	372	0	0.126759	0.061018
1785.531000137329	24.494664	372	0	0.159246	0.061018
1787.5250000953674	32.364824	388	0	0.078942	0.061018
1789.5520000457764	33.34664	395	0	0.080149	0.061018
1791.526999950409	31.274232	396	0	0.164982	0.061018
1793.5250000953674	33.913104	396	0	0.090265	0.061018
1795.6879999637604	26.277336	386	0	0.137545	0.061018
1797.5260000228882	22.217256	386	0	0.093807	0.061018
1799.5220000743866	14.25932	386	0	0.103301	0.061018
1801.549000263214	15.995136	454	0	0.093924	0.061018
1803.5429999828339	27.719616	400	0	0.122166	0.061018
1805.6710000038147	13.393544	402	0	0.227664	0.061018
1807.5449998378754	22.0344	402	0	0.111965	0.061018
1809.531000137329	22.0344	400	0	0.097348	0.061018
1812.2910001277924	4.593064	330	0	0.253156	0.061018
1813.8110001087189	7.898064	330	0	0.271335	0.061018
1815.5260000228882	16.253232	192	0	0.171288	0.061018
1817.5289998054504	14.94172	194	0	0.091479	0.061018
1819.7020001411438	6.037816	194	0	0.117276	0.061018
1821.5390000343323	13.23612	182	0	0.09635	0.061018
1823.590000152588	3.77708	182	0	0.571022	0.061018
1825.5380001068115	7.92148	188	0	0.106633	0.061018
1827.5700001716614	8.15688	178	0	0.148157	0.061018
1829.4790000915527	6.07604	178	0	0.198722	0.061018
1831.5330002307892	11.872664	166	0	0.09961	0.061018
1833.7030000686646	6.651768	166	0	0.110382	0.061018
1835.5330002307892	11.65724	166	0	0.100783	0.061018
1837.526999950409	13.676664	4	0	0.085626	0.061018
1839.5620000362396	13.419008	188	0	0.150963	0.061018
1841.542000055313	12.225456	188	0	0.183406	0.061018
1843.5759999752045	15.789816	198	0	0.095571	0.061018
1845.5369999408722	4.779984	198	0	0.104501	0.061018
1847.5550000667572	0.53272	198	0	0.35985	0.061018
1849.523999929428	15.239496	226	0	0.111943	0.061018
1851.5950000286102	11.989088	202	0	0.104733	0.061018
1853.5320000648499	10.1664	202	0	0.118123	0.061018
1855.566999912262	18.398488	212	0	0.087983	0.061018
1857.5429999828339	12.407656	212	0	0.150655	0.061018
1859.549000263214	0.17704	212	0	0.155645	0.061018
1861.531000137329	13.20556	280	0	0.115214	0.061018
1863.5659999847412	0.159872	226	0	0.134879	0.061018
1865.5529999732971	5.76472	226	0	0.122306	0.061018
1867.5380001068115	1.42432	226	0	0.086319	0.061018
1869.5250000953674	15.340136	268	0	0.086844	0.061018
1871.5410001277924	23.267496	282	0	0.0872	0.061018
1873.5570001602173	12.893848	703	0	0.262826	0.061018
1875.5330002307892	24.572584	347	0	0.136564	0.061018
1877.5230000019073	25.10428	356	0	0.08824	0.061018
1879.5369999408722	26.68616	348	0	0.091966	0.061018
1881.5849997997284	22.103472	344	0	0.14531	0.061018
1883.6070001125336	22.857296	344	0	0.118992	0.061018
1885.5529999732971	22.857296	344	0	0.105298	0.061018
1887.5350000858307	22.621544	366	0	0.09738	0.061018
1889.5350000858307	26.901952	4	0	0.143687	0.061018
1891.531000137329	17.35512	378	0	0.147773	0.061018
1893.5469999313354	17.35512	374	0	0.179834	0.061018
1895.5590000152588	25.3138	374	0	0.145695	0.061018
1897.5510001182556	6.723392	334	0	0.204668	0.061018
1899.5429999828339	23.829096	326	0	0.092527	0.061018
1901.5390000343323	29.033672	378	0	0.117684	0.061018
1903.5469999313354	19.387248	398	0	0.126944	0.061018
1905.5330002307892	19.387248	400	0	0.235563	0.061018
1907.531000137329	0.343032	398	0	0.161797	0.061018
1909.5330002307892	30.010416	400	0	0.102127	0.061018
1911.5330002307892	27.61308	412	0	0.084233	0.061018
1913.9449999332428	18.20516	406	0	0.160457	0.061018
1915.5350000858307	18.20516	408	0	0.240627	0.061018
1917.5950000286102	0.255152	406	0	0.123092	0.061018
1919.558000087738	12.00232	406	0	0.198819	0.061018
1921.5289998054504	29.726272	412	0	0.106922	0.061018
1923.5510001182556	29.726272	510	0	0.110621	0.061018
1925.5350000858307	29.726272	510	0	0.189545	0.061018
1927.5369999408722	29.726272	510	0	0.108017	0.061018
1929.6150000095367	22.036104	398	0	0.120748	0.061018
1931.5250000953674	22.036104	396	0	0.137438	0.061018
1933.781000137329	27.962296	307	0	0.099954	0.061018
1935.776999950409	15.082504	310	0	0.143559	0.061018
1937.8029999732971	18.849216	308	0	0.116517	0.061018
1939.776999950409	25.377832	308	0	0.087149	0.061018
1941.816999912262	20.078384	310	0	0.153611	0.061018
1943.800999879837	1.276912	590	0	0.176899	0.061018
1945.904000043869	23.929944	348	0	0.09553	0.061018
1947.787999868393	22.352664	348	0	0.119026	0.061018
1949.7829999923706	5.73104	322	0	0.147705	0.061018
1951.779000043869	17.128664	300	0	0.100525	0.061018
1953.797000169754	0.053648	300	0	0.128458	0.061018
1955.787999868393	8.440224	300	0	0.185829	0.061018
1957.7860000133514	27.486352	322	0	0.087006	0.061018
1959.797000169754	4.479864	320	0	0.21857	0.061018
1961.792000055313	28.077808	4	0	0.117818	0.061018
1963.800999879837	26.874744	334	0	0.082163	0.061018
1965.7780001163483	26.874744	334	0	0.170926	0.061018
1967.779000043869	18.575896	332	0	0.099517	0.061018
1969.773000240326	22.011184	328	0	0.098302	0.061018
1971.882000207901	13.632736	328	0	0.211521	0.061018
1973.781000137329	6.447008	332	0	0.178998	0.061018
1975.7829999923706	18.323744	368	0	0.117237	0.061018
1977.8090000152588	22.239856	464	0	0.103864	0.061018
1979.795000076294	2.971208	464	0	0.47496	0.061018
1981.7799999713898	29.094992	464	0	0.115306	0.061018
1983.7890002727509	14.590456	460	0	0.128089	0.061018
1985.7750000953674	35.205624	409	0	0.097561	0.061018
1987.8850002288818	15.073896	438	0	0.207963	0.061018
1989.784999847412	0.564616	438	0	0.160825	0.061018
1991.8029999732971	15.169944	438	0	0.21566	0.061018
1993.784999847412	27.321832	438	0	0.106109	0.061018
1995.7890002727509	16.629552	370	0	0.190447	0.061018
1997.776999950409	14.781656	374	55	0.199043	0.061018
1999.816999912262	23.145744	356	0	0.106462	0.061018
2001.784999847412	17.654496	374	0	0.103099	0.061018
2003.7869999408722	28.437408	382	0	0.10541	0.061018
2005.7960000038147	19.465984	398	0	0.109048	0.061018
2007.7910001277924	28.262848	398	0	0.122689	0.061018
2009.7910001277924	20.292504	400	0	0.206993	0.061018
2011.7750000953674	2.228912	388	0	0.286087	0.061018
2013.7760000228882	19.188344	390	0	0.266474	0.061018
2015.7990000247955	19.188344	771	0	0.241535	0.061018
2017.8029999732971	20.852384	370	0	0.111823	0.061018
2019.8110001087189	1.186512	370	0	0.471379	0.06226
2021.891000032425	17.234816	370	0	0.156293	0.06226
2024.026999950409	13.65316	370	0	0.297694	0.06226
2025.848000049591	28.144136	432	0	0.09187	0.06226
2027.776999950409	30.586232	418	0	0.080491	0.06226
2029.7929999828339	32.80212	418	0	0.095861	0.06226
2031.7910001277924	15.861312	418	54	0.175196	0.06226
2033.7910001277924	15.861312	418	0	0.351835	0.06226
2035.787999868393	20.436952	414	0	0.128723	0.06226
2037.7910001277924	37.191584	441	0	0.090978	0.06226
2039.7990000247955	0.709288	455	0	0.419009	0.06226
2041.7910001277924	6.760112	454	0	0.149213	0.06226
2043.8110001087189	12.790296	458	0	0.204043	0.06226
2045.9020001888275	13.709328	520	0	0.118502	0.06226
2047.8110001087189	13.709328	520	0	0.277985	0.06226
2049.7750000953674	1.472688	48	0	0.745228	0.06226
2051.827000141144	3.28332	54	0	0.080498	0.06226
2053.815999984741	5.524448	70	0	0.080039	0.06226
2055.810000181198	5.117792	96	0	0.104379	0.06226
2057.7860000133514	9.019304	118	0	0.0833	0.06226
2059.8259999752045	9.742512	132	0	0.112234	0.06226
2061.815999984741	5.961824	132	0	0.245727	0.06226
2063.859999895096	3.079912	112	0	0.205124	0.061741
2065.78200006485	4.057792	106	0	0.130121	0.061741
2067.776000022888	10.18248	126	0	0.130895	0.061741
2069.805999994278	8.789072	128	0	0.136273	0.061741
2071.8300001621246	6.910216	116	0	0.156519	0.061741
2074.128000020981	4.633448	126	0	0.251732	0.061741
2075.7839999198914	5.772072	146	0	0.12578	0.061741
2077.8150000572205	8.256832	144	0	0.11698	0.061741
2079.8399999141693	4.391008	144	0	0.129445	0.061545
2081.861999988556	9.966512	126	0	0.136714	0.061545
2083.7860000133514	6.913056	122	0	0.149809	0.061545
2085.850000143051	8.664304	134	0	0.154453	0.061545
2087.853000164032	8.662864	134	0	0.111987	0.061545
2089.8239998817444	5.876896	114	0	0.145367	0.061545
2091.8460001945496	3.847864	148	0	0.205059	0.061545
2093.824999809265	9.173488	128	0	0.170468	0.061545
2095.795000076294	3.991032	128	0	0.198522	0.061545
2097.949000120163	6.874592	128	0	0.19746	0.061545
2099.7910001277924	2.627512	112	0	0.201479	0.061545
2101.805000066757	7.191488	108	0	0.117638	0.061545
2103.8229999542236	5.401032	126	0	0.167042	0.061545
2105.7910001277924	6.201728	128	0	0.11725	0.061545
2107.8140001296997	9.994616	150	0	0.092421	0.061545
2109.7829999923706	11.952656	174	0	0.086068	0.061545
2111.794000148773	15.361736	174	0	0.103257	0.061545
2113.78200006485	13.316656	174	0	0.102406	0.061545
2115.888999938965	6.757192	228	0	0.110443	0.061545
2117.7799999713898	16.254576	222	0	0.124741	0.061545
2119.789000272751	16.002696	232	0	0.108571	0.061545
2121.8140001296997	12.545408	232	0	0.159877	0.061545
2123.8300001621246	9.012112	224	0	0.154448	0.061545
2125.794000148773	17.339016	236	0	0.099995	0.061545
2127.7860000133514	20.29564	238	0	0.097118	0.061545
2129.798000097275	17.090168	274	0	0.111326	0.061545
2131.821000099182	17.2486	274	0	0.111168	0.061545
2133.792999982834	11.420016	268	0	0.101953	0.061545
2135.794000148773	18.851808	264	0	0.080798	0.061545
2137.952999830246	22.178504	369	0	0.103999	0.061545
2139.809000015259	29.630696	494	0	0.140046	0.061545
2141.7910001277924	16.985824	388	0	0.150522	0.061545
2143.8069999217987	29.553936	404	0	0.096769	0.061545
2145.7829999923706	25.990312	402	0	0.11035	0.061545
2147.798000097275	23.282224	402	0	0.157386	0.061545
2149.784999847412	19.395712	400	0	0.113795	0.061545
2151.7829999923706	19.68944	362	0	0.094523	0.061545
2153.805999994278	21.858432	362	0	0.092011	0.061545
2155.792000055313	14.128768	352	0	0.157288	0.061545
2157.78200006485	8.782688	352	0	0.121122	0.061545
2159.78200006485	19.851272	348	0	0.095896	0.061545
2161.7900002002716	5.941224	336	0	0.154263	0.061545
2163.798000097275	20.162624	416	0	0.085966	0.061545
2165.7799999713898	16.33676	416	0	0.142691	0.061545
2167.798000097275	36.559792	452	0	0.119519	0.061545
2169.864000082016	22.526088	452	0	0.225127	0.061545
2171.786999940872	5.980536	454	0	0.101057	0.061545
2173.805999994278	3.580456	4	0	0.143235	0.061545
2175.7799999713898	22.61472	498	0	0.125316	0.061545
2177.7960000038147	38.704704	510	0	0.103417	0.061545
2179.803999900818	5.472392	511	0	0.484576	0.061545
2182.082999944687	20.634728	510	0	0.179679	0.061545
2183.805999994278	9.22884	514	0	0.631277	0.061545
2186.055999994278	30.664712	482	0	0.099551	0.061545
2188.0520000457764	32.62528	404	0	0.144227	0.061545
2190.103999853134	17.578744	408	0	0.126807	0.061545
2192.0469999313354	21.56684	404	0	0.105404	0.061545
2194.0380001068115	20.933464	288	0	0.096745	0.061545
2196.0350000858307	17.676752	274	0	0.096264	0.061545
2198.0520000457764	24.255408	292	0	0.093196	0.061545
2200.042000055313	13.424928	292	0	0.124545	0.061545
2202.0910000801086	9.915608	292	0	0.155701	0.061545
2204.0889999866486	2.807112	214	0	0.144109	0.061545
2206.0460000038147	17.532832	220	0	0.114815	0.061545
2208.0329999923706	4.266536	220	0	0.115551	0.061545
2210.039999961853	10.454272	220	0	0.157001	0.061545
2212.039999961853	6.194512	190	0	0.095169	0.061545
2214.031000137329	10.135688	190	0	0.090128	0.061545
2216.0380001068115	10.76552	4	0	0.11301	0.061545
2218.0839998722076	12.608408	228	0	0.139075	0.061545
2220.0329999923706	11.874024	214	0	0.138747	0.061545
2222.0390000343323	11.949184	204	0	0.115722	0.061545
2224.040999889374	11.78804	230	0	0.141075	0.061545
2226.040999889374	9.963856	230	0	0.137005	0.061545
2228.0780000686646	8.9216	20	1	0.203088	0.061545
2230.0540001392365	7.3678	224	0	0.183195	0.061545
2232.061000108719	6.952872	260	0	0.140887	0.061545
2234.029000043869	8.689968	260	0	0.116337	0.061545
2236.0530002117157	3.597576	246	0	0.178248	0.061545
2238.0729999542236	13.178384	246	0	0.232468	0.061545
2240.0350000858307	6.41404	246	0	0.197859	0.061545
2242.061000108719	19.265688	234	0	0.110321	0.061545
2244.1070001125336	4.259488	232	0	0.245332	0.061545
2246.03400015831	1.086152	232	0	0.163596	0.061545
2248.064999818802	16.888416	210	0	0.197172	0.061545
2250.0360000133514	4.032376	200	0	0.10668	0.061545
2251.9359998703003	8.59496	210	0	0.09244	0.061545
2254.050000190735	14.448312	226	0	0.103008	0.061545
2256.0540001392365	10.515416	264	0	0.171459	0.061545
2258.0329999923706	19.759304	286	0	0.100564	0.061545
2260.087000131607	16.346016	364	0	0.163714	0.061545
2262.0789999961853	22.4252	348	0	0.105068	0.061545
2264.0390000343323	6.308608	310	0	0.162187	0.061545
2266.1050000190735	6.786304	348	0	0.133707	0.061545
2268.059000015259	19.724928	352	0	0.12119	0.061545
2270.03400015831	19.445512	348	0	0.109749	0.061545
2272.0380001068115	8.792712	346	0	0.359379	0.061545
2274.0569999217987	11.248432	334	0	0.093039	0.061545
2275.925000190735	18.232048	312	0	0.116076	0.061545
2278.065999984741	18.05456	302	0	0.098034	0.061545
2280.039999961853	8.26848	288	0	0.163331	0.061545
2282.090000152588	9.597272	296	0	0.093943	0.061545
2284.1610000133514	7.839048	296	0	0.267872	0.061545
2286.039999961853	18.698008	350	0	0.125159	0.061545
2288.0789999961853	23.78996	342	0	0.097599	0.061545
2290.0460000038147	5.224008	332	0	0.459727	0.061545
2292.1749999523163	3.37696	332	0	0.891606	0.061545
2294.071000099182	7.706496	332	0	0.549175	0.061545
2296.0469999313354	4.24024	332	0	0.324886	0.061545
2298.207000017166	10.42528	332	0	0.219439	0.061545
2299.9570002555847	11.754528	450	0	0.138704	0.061545
2302.0350000858307	11.754528	392	0	0.131944	0.061545
2304.1849999427795	11.754528	392	0	0.203098	0.061545
2306.0390000343323	11.754528	392	0	0.228871	0.061545
2308.042000055313	24.54512	348	0	0.099451	0.061545
2310.0469999313354	6.136776	342	0	0.318818	0.061545
2312.0460000038147	21.579584	298	0	0.094088	0.061545
2314.0380001068115	20.661632	304	0	0.108039	0.061545
2316.031000137329	0.47436	304	0	0.174297	0.061545
2318.0380001068115	8.488536	304	0	0.168577	0.061545
2320.03200006485	15.095176	302	0	0.103647	0.061545
2322.040999889374	14.967456	340	0	0.202513	0.061545
2324.03200006485	19.470192	322	0	0.136639	0.061545
2326.077000141144	16.790032	322	0	0.113292	0.061545
2328.151999950409	17.472768	310	0	0.159255	0.061545
2330.064999818802	10.49512	310	0	0.185695	0.061545
2332.082999944687	12.865768	310	0	0.300871	0.061545
2334.039999961853	4.80168	278	0	0.157225	0.061545
2336.082000017166	16.67008	272	0	0.085113	0.061545
2338.0439999103546	8.100328	272	0	0.115976	0.061545
2340.194000005722	9.850328	272	0	0.131224	0.061545
2342.0599999427795	11.587024	264	0	0.165929	0.061545
2344.082000017166	19.098496	266	0	0.081946	0.061545
2346.0360000133514	16.072048	330	0	0.151393	0.061545
2348.0360000133514	20.198752	324	9	0.11769	0.061545
2350.040999889374	11.246224	324	0	0.130551	0.061545
2352.055999994278	10.314576	324	0	0.270911	0.061545
2354.1480000019073	22.204248	318	0	0.080811	0.061545
2356.0390000343323	6.538296	318	0	0.332346	0.061545
2358.045000076294	19.276296	318	0	0.099778	0.061545
2360.0460000038147	13.029264	302	0	0.219483	0.061545
2362.0360000133514	3.90936	302	0	0.158866	0.061545
2364.0380001068115	5.247736	94	0	0.190692	0.061545
2366.047999858856	8.087816	108	0	0.085436	0.061545
2368.058000087738	2.261144	110	0	0.101724	0.061545
2370.0729999542236	3.271304	106	0	0.253781	0.061545
2372.167000055313	7.799392	4	27	0.091736	0.061545
2374.042000055313	5.653624	146	0	0.13616	0.061545
2376.0390000343323	11.34196	176	0	0.09324	0.061545
2378.0599999427795	9.687192	176	0	0.138059	0.061545
2380.0439999103546	8.549544	186	0	0.119026	0.061545
2382.0439999103546	14.696128	242	0	0.125515	0.062532
2384.106000185013	15.09832	252	0	0.12719	0.062532
2386.061000108719	10.795392	252	0	0.101329	0.062532
2388.0910000801086	22.085776	274	0	0.089354	0.062532
2390.085000038147	1.040528	386	0	0.208213	0.062532
2392.082000017166	14.473904	386	0	0.144816	0.062532
2394.0380001068115	16.476728	332	0	0.101372	0.062532
2396.095999956131	26.655152	346	0	0.097101	0.062532
2398.080999851227	18.36572	346	0	0.145603	0.062532
2400.047999858856	17.892472	346	0	0.130219	0.062532
2402.0350000858307	12.893032	322	0	0.142552	0.062532
2404.1150000095367	14.056224	300	0	0.141754	0.062532
2406.055000066757	14.056224	300	0	0.094587	0.062532
2408.1019999980927	14.056224	300	0	0.122575	0.062532
2410.0629999637604	14.056224	300	0	0.158435	0.062532
2412.063999891281	14.056224	300	0	0.124763	0.062532
2414.0460000038147	14.056224	320	0	0.12631	0.062532
2416.0390000343323	14.056224	368	0	0.094166	0.062532
2418.080999851227	14.056224	304	0	0.076143	0.062532
2420.0350000858307	14.056224	304	0	0.146951	0.062532
2422.0350000858307	14.056224	304	0	0.102958	0.062532
2424.03200006485	14.056224	304	0	0.092859	0.062532
2426.0370001792908	14.056224	304	0	0.081903	0.062532
2428.0629999637604	22.146688	4	0	0.112006	0.062532
2430.03200006485	13.801192	286	0	0.111058	0.062532
2432.058000087738	27.225376	306	0	0.073913	0.062532
2434.1369998455048	13.239648	306	0	0.087804	0.062532
2436.2910001277924	11.96368	320	0	0.134927	0.062532
2438.2999999523163	27.618608	320	0	0.108855	0.062532
2440.287999868393	30.384528	358	0	0.085923	0.062532
2442.3289999961853	27.146104	414	0	0.085882	0.062532
2444.315999984741	29.94032	414	0	0.084975	0.062532
2446.2930002212524	25.78296	426	0	0.100821	0.062532
2448.3330001831055	34.079056	426	0	0.103735	0.062532
2450.4130001068115	9.127136	426	0	0.3279	0.062532
2452.319000005722	21.2414	4	0	0.171668	0.062532
2454.7529997825623	18.100648	454	0	0.128677	0.062532
2456.2990000247955	18.100648	454	0	0.246209	0.062532
2458.3229999542236	22.590432	292	0	0.187009	0.062532
2460.2829999923706	1.720128	292	0	0.432202	0.062532
2462.3090002536774	21.48656	282	0	0.077541	0.062532
2464.3650002479553	11.702032	282	0	0.128905	0.062532
2466.3710000514984	16.165136	282	0	0.150962	0.062532
2468.3090002536774	7.394624	282	0	0.1376	0.062532
2470.2930002212524	19.006224	268	0	0.095979	0.062532
2472.287999868393	18.575872	268	0	0.112179	0.062532
2474.2910001277924	12.464056	268	0	0.173264	0.062532
2476.2829999923706	19.516088	268	0	0.106382	0.062532
2478.2969999313354	25.082064	284	0	0.206891	0.062532
2480.303999900818	22.989952	284	0	0.132721	0.062532
2482.1749999523163	18.76564	290	0	0.12029	0.062532
2484.2910001277924	16.057416	290	0	0.110145	0.062532
2486.3129999637604	11.499192	308	0	0.113043	0.062532
2488.28200006485	23.386808	308	0	0.14496	0.062532
2490.294000148773	9.066976	308	0	0.098826	0.062532
2492.2889997959137	0.089776	302	0	0.11161	0.062532
2494.2969999313354	16.360936	374	0	0.082344	0.062532
2496.2900002002716	21.3592	374	0	0.185762	0.062532
2498.2889997959137	34.14456	446	0	0.103295	0.062532
2500.2910001277924	33.783256	542	0	0.0842	0.062532
2502.302999973297	28.31528	548	0	0.087984	0.062532
2504.2860000133514	34.995992	548	0	0.082187	0.062532
2506.3239998817444	45.167296	550	0	0.127367	0.062532
2508.3180000782013	15.970984	549	0	0.395787	0.062532
2510.2960000038147	12.603048	546	0	0.279125	0.062532
2512.4020001888275	30.029776	601	0	0.113119	0.062532
2514.4479999542236	15.238512	634	0	0.398816	0.062532
2516.2969999313354	32.644808	634	0	0.116615	0.062532
2518.302999973297	17.200352	450	0	0.214438	0.062532
2520.322000026703	10.345808	446	0	0.177849	0.062532
2522.34299993515	0.069288	4	0	0.388435	0.062532
2524.3259999752045	0.03072	544	0	0.221836	0.062532
2526.315999984741	26.668808	442	0	0.170154	0.062532
2528.294000148773	26.782944	380	0	0.102915	0.062532
2530.1630001068115	10.511976	374	0	0.128215	0.062532
2532.2850000858307	15.927504	372	0	0.166353	0.062532
2534.3020000457764	32.092072	398	0	0.096632	0.062532
2536.3090002536774	21.763216	428	0	0.105118	0.062532
2538.3140001296997	23.21696	428	0	0.131201	0.062532
2540.3069999217987	23.335328	428	0	0.100046	0.062532
2542.287999868393	16.111776	454	0	0.132463	0.062532
2544.2960000038147	22.558008	454	0	0.11565	0.062532
2546.3180000782013	0.23892	502	0	0.102088	0.062532
2548.319999933243	20.332472	502	0	0.169985	0.062532
2550.2900002002716	27.161832	508	0	0.112663	0.062532
2552.2900002002716	27.161832	506	0	0.121183	0.062532
2554.2620000839233	35.688776	502	0	0.16272	0.062532
2556.3079998493195	16.40832	502	0	0.166848	0.062532
2558.298000097275	42.05612	510	0	0.122947	0.062532
2560.3359999656677	37.597784	510	0	0.167147	0.062532
2562.295000076294	21.365392	514	0	0.128301	0.062532
2564.350000143051	43.19028	646	0	0.100659	0.062532
2566.2900002002716	35.604432	598	0	0.120713	0.062532
2568.294000148773	29.889792	532	0	0.137713	0.062532
2570.3250000476837	34.900584	532	0	0.130121	0.062532
2572.3330001831055	21.47128	482	0	0.108739	0.062532
2574.287999868393	6.869408	418	0	0.101168	0.062532
2576.2900002002716	23.621736	442	0	0.126656	0.063266
2578.295000076294	37.767664	448	0	0.095666	0.063266
2580.311000108719	20.07384	448	0	0.182598	0.063266
2582.2910001277924	31.588104	452	0	0.122239	0.063266
2584.2999999523163	38.017976	456	0	0.097718	0.063266
2586.2999999523163	29.839944	456	0	0.083907	0.063266
2588.3860001564026	9.953288	456	0	0.176006	0.063266
2590.2990000247955	2.186784	858	0	0.163599	0.063266
2592.3129999637604	36.436624	494	0	0.102186	0.063266
2594.3399999141693	22.804776	494	0	0.108798	0.063266
2596.3170001506805	32.304264	494	0	0.141442	0.063266
2598.2999999523163	24.26396	398	0	0.093959	0.063266
2600.2850000858307	27.106816	426	0	0.086196	0.063266
2602.3140001296997	23.051808	456	0	0.088772	0.063266
2604.2900002002716	19.887952	456	0	0.194259	0.063266
2606.319999933243	12.862392	330	0	0.192593	0.063266
2608.305999994278	15.967048	320	0	0.093872	0.063266
2610.2860000133514	2.554784	320	0	0.139645	0.063266
2612.294000148773	12.816496	304	0	0.140908	0.063266
2614.2889997959137	22.469568	304	0	0.121778	0.063266
2616.332000017166	23.59104	264	0	0.105419	0.063266
2618.287999868393	19.4292	292	0	0.09233	0.063266
2620.319000005722	28.937824	332	0	0.09538	0.063266
2622.430000066757	23.198928	394	0	0.107651	0.063266
2624.2969999313354	19.093664	394	0	0.095899	0.063266
2626.2960000038147	14.742576	408	0	0.109794	0.063266
2628.3470001220703	10.064344	406	0	0.109335	0.063266
2630.295000076294	32.405696	426	0	0.092097	0.063266
2632.287999868393	34.118024	412	0	0.082879	0.063266
2634.2930002212524	34.336104	416	0	0.0862	0.063266
2636.3420000076294	12.740448	416	0	0.086789	0.063266
2638.364000082016	38.35796	438	0	0.090156	0.063266
2640.295000076294	6.657912	438	0	0.163196	0.063266
2642.311000108719	0.149336	4	0	0.129712	0.063266
2644.3020000457764	8.680128	526	0	0.115198	0.063266
2646.4400000572205	29.09308	528	0	0.140893	0.063266
2648.295000076294	21.693368	454	0	0.119946	0.063266
2650.2999999523163	37.834104	532	0	0.106573	0.063266
2652.2889997959137	15.38348	532	0	0.141682	0.063266
2654.3129999637604	23.53136	436	0	0.171046	0.060475
2656.3010001182556	18.001216	426	0	0.175322	0.060475
2658.310000181198	38.27416	416	0	0.082026	0.060475
2660.286999940872	30.129464	416	0	0.102616	0.060475
2662.3300001621246	20.235184	438	0	0.141882	0.060475
2664.6900000572205	10.803632	618	0	0.106635	0.060475
2666.287999868393	16.504464	608	0	0.163392	0.060475
2668.3470001220703	16.37532	606	0	0.15766	0.060475
2670.3180000782013	31.733536	606	0	0.10212	0.060475
2672.2910001277924	31.019328	572	0	0.116163	0.060475
2674.3180000782013	24.60116	572	0	0.093465	0.060475
2676.292000055313	28.758264	590	0	0.139511	0.060475
2678.4089999198914	12.633792	614	0	0.1151	0.060475
2680.361999988556	10.676152	554	0	0.255534	0.060475
2682.2900002002716	23.090888	384	0	0.196447	0.060475
2684.3010001182556	18.118584	386	0	0.105022	0.060475
2686.5439999103546	33.63124	404	0	0.104239	0.060475
2688.552999973297	41.184368	474	0	0.105129	0.060475
2690.588000059128	12.41224	655	0	0.141273	0.060475
2692.5540001392365	37.108744	666	0	0.124994	0.060475
2694.539999961853	7.714288	542	0	0.096428	0.060475
2696.5390000343323	32.3008	494	0	0.107145	0.060475
2698.552999973297	24.673464	504	0	0.106328	0.060475
2700.5439999103546	14.914696	480	0	0.193531	0.060475
2702.5460000038147	37.95868	423	0	0.085257	0.060475
2704.587000131607	37.006912	512	0	0.121469	0.060475
2706.542000055313	18.657456	527	0	0.131854	0.060475
2708.5410001277924	33.311816	590	0	0.096844	0.060475
2710.574000120163	43.860008	892	0	0.103534	0.060475
2712.5520000457764	45.060824	740	0	0.152097	0.060475
2714.5620000362396	24.67064	740	0	0.191008	0.060475
2716.565999984741	37.92456	696	0	0.14817	0.060475
2718.5860002040863	29.202256	696	0	0.117028	0.060475
2720.5759999752045	3.785312	696	0	0.368489	0.060475
2722.5439999103546	33.728488	616	0	0.133449	0.060475
2724.5620000362396	36.882928	440	0	0.099629	0.060475
2726.6070001125336	36.84144	460	0	0.101136	0.060475
2728.549000263214	7.156376	432	0	0.119799	0.060475
2730.550000190735	10.178376	392	0	0.319454	0.060475
2732.549000263214	32.176304	426	0	0.101912	0.060475
2734.571000099182	38.52864	486	0	0.093032	0.060475
2736.549000263214	14.450984	482	0	0.173451	0.060475
2738.550000190735	16.45552	486	0	0.091576	0.060475
2740.542999982834	31.447664	490	0	0.082308	0.060475
2742.555000066757	39.117792	504	0	0.096657	0.060475
2744.5510001182556	11.88368	536	0	0.291386	0.060475
2747.0140001773834	14.210752	536	0	0.241361	0.060475
2748.5410001277924	27.55964	320	0	0.101388	0.060475
2750.549000263214	23.341768	350	0	0.091559	0.060475
2752.550000190735	13.924	420	0	0.125275	0.060475
2754.746999979019	35.597656	426	0	0.126694	0.060475
2756.542000055313	40.976624	448	0	0.098766	0.060475
2758.582000017166	20.78168	449	0	0.130349	0.060475
2760.552999973297	21.504528	448	0	0.168033	0.060475
2762.619999885559	34.857032	810	0	0.135938	0.060475
2764.5410001277924	17.34488	686	0	0.199688	0.060475
2766.5520000457764	23.650584	516	0	0.100375	0.060475
2768.571000099182	28.405768	518	0	0.108578	0.060475
2770.5469999313354	31.372352	516	0	0.107553	0.060475
2772.5510001182556	17.77864	458	0	0.125094	0.060475
2774.547999858856	33.206216	446	0	0.119843	0.060475
2776.558000087738	31.259968	470	0	0.103394	0.060475
2778.5759999752045	16.013656	470	0	0.132882	0.060475
2780.5839998722076	24.600904	470	0	0.146249	0.060475
2782.565999984741	39.448552	478	0	0.102023	0.060475
2784.5469999313354	27.443112	482	0	0.191752	0.060475
2786.550000190735	24.255336	526	0	0.098998	0.060475
2788.579999923706	38.186176	526	0	0.104712	0.060475
2790.571000099182	11.237216	526	0	0.093191	0.060475
2792.5849997997284	24.39908	706	0	0.133774	0.060475
2794.5449998378754	31.745776	472	0	0.080528	0.060475
2796.5460000038147	42.256864	520	0	0.108931	0.060475
2798.5520000457764	31.711856	522	0	0.136503	0.060475
2800.5410001277924	32.062024	548	0	0.10951	0.060475
2802.5620000362396	39.632464	546	0	0.120101	0.060475
2804.550000190735	28.324664	492	0	0.132537	0.060475
2806.5439999103546	32.29596	488	0	0.140593	0.060475
2808.5520000457764	34.748152	512	0	0.11107	0.060475
2810.576999902725	28.269312	542	0	0.107954	0.060475
2812.611000061035	35.17024	546	0	0.086713	0.060475
2814.5410001277924	35.17024	601	0	0.159144	0.060475
2816.5410001277924	35.17024	692	0	0.099436	0.060475
2818.555999994278	36.87992	618	0	0.124572	0.060475
2820.587000131607	28.598664	554	0	0.157269	0.060475
2822.6009998321533	28.598664	554	0	0.150023	0.060475
2824.5680000782013	28.598664	542	0	0.131222	0.060475
2826.549000263214	4.187392	440	0	0.19998	0.060475
2828.5410001277924	14.673272	440	0	0.116468	0.060475
2830.619999885559	32.300104	352	0	0.080177	0.060475
2832.5449998378754	10.153248	358	0	0.245426	0.060475
2834.566999912262	26.630024	358	0	0.089263	0.060475
2836.536999940872	26.630024	360	0	0.125228	0.060475
2838.7620000839233	26.630024	360	0	0.113889	0.060475
2840.5460000038147	11.5764	712	0	0.32381	0.060475
2842.559000015259	11.5764	672	0	0.173949	0.060475
2844.5439999103546	13.205536	370	0	0.094596	0.060475
2846.6470000743866	28.7582	362	0	0.110319	0.060475
2848.559000015259	14.376416	362	0	0.173241	0.060475
2850.6019999980927	14.376416	366	0	0.133884	0.060475
2852.5609998703003	16.795456	362	0	0.105142	0.060475
2854.5750000476837	30.819232	402	0	0.154228	0.060475
2856.5510001182556	11.35572	402	0	0.218404	0.060475
2858.699000120163	19.097384	410	0	0.145795	0.060475
2860.555000066757	31.483304	422	0	0.110648	0.060475
2862.582000017166	6.584504	428	0	0.092843	0.060475
2864.550000190735	17.80248	452	0	0.231401	0.060475
2866.5469999313354	40.277952	486	0	0.086646	0.060475
2868.547999858856	16.037792	486	0	0.123096	0.060475
2870.572000026703	40.912864	490	0	0.101552	0.060475
2872.549000263214	0.517608	468	0	0.298338	0.060475
2874.565999984741	38.147752	490	0	0.110039	0.060475
2876.5449998378754	19.704072	492	0	0.121885	0.060475
2878.5620000362396	36.785024	492	0	0.112926	0.060475
2880.5449998378754	16.00232	496	0	0.234632	0.060475
2882.589000225067	39.883312	536	0	0.105619	0.060475
2884.549000263214	43.2236	596	0	0.119031	0.060475
2886.559000015259	41.873728	576	0	0.203389	0.060475
2888.587000131607	20.133184	508	0	0.229889	0.060475
2890.5570001602173	40.192704	522	0	0.094128	0.060475
2892.5540001392365	32.42808	546	0	0.182466	0.060475
2894.549000263214	44.922624	544	0	0.10456	0.060475
2896.5700001716614	38.199624	564	0	0.105419	0.060475
2898.542999982834	18.145888	562	0	0.120114	0.060475
2900.5520000457764	38.138136	520	0	0.093856	0.060475
2902.550000190735	20.105848	596	0	0.084088	0.060475
2904.6159999370575	3.084568	598	0	0.101632	0.060475
2906.5449998378754	9.21716	1413	0	0.365808	0.060475
2908.6660001277924	47.991456	760	0	0.112663	0.060475
2910.542000055313	31.972352	598	0	0.101139	0.060475
2912.5570001602173	16.02788	598	0	0.128427	0.060475
2914.5469999313354	21.03504	448	0	0.094353	0.060475
2916.5449998378754	35.90876	454	0	0.101591	0.060475
2918.550000190735	21.26044	454	0	0.154948	0.060475
2920.702000141144	23.851696	458	0	0.114929	0.060475
2922.5449998378754	23.950904	446	0	0.143608	0.060475
2924.549000263214	39.890904	472	0	0.091195	0.060475
2926.5789999961853	18.836488	468	0	0.123482	0.060475
2928.5510001182556	33.952136	436	0	0.09463	0.060475
2930.569000005722	32.805344	410	0	0.10253	0.060475
2932.5460000038147	2.526264	410	0	0.113284	0.060475
2934.805999994278	42.80884	484	0	0.084344	0.060475
2936.7990000247955	38.575296	508	0	0.102515	0.060475
2938.8140001296997	10.051072	508	0	0.093844	0.060475
2940.8150000572205	37.041896	676	0	0.135609	0.060475
2942.8389999866486	43.841832	720	0	0.159029	0.060475
2944.802999973297	0.352672	746	0	0.129491	0.060475
2946.798000097275	0.723	652	0	0.272436	0.060475
2948.795000076294	46.861256	612	0	0.092941	0.060475
2950.805000066757	48.089768	612	0	0.101361	0.060475
2952.8079998493195	0.540968	13	6	0.124277	0.062145
2954.8020000457764	0.945072	536	0	0.134808	0.062145
2956.805000066757	23.804208	536	0	0.172117	0.062145
2958.809000015259	22.176776	558	0	0.154359	0.062145
2960.7990000247955	3.389912	528	0	0.111693	0.062145
2962.890000104904	32.305296	486	0	0.094623	0.062145
2964.8540000915527	13.591568	486	0	0.179091	0.062145
2966.815999984741	17.590472	486	0	0.12169	0.062145
2968.798000097275	25.370328	390	0	0.092249	0.062145
2970.822000026703	23.590288	456	0	0.082472	0.062145
2972.805999994278	9.506576	436	0	0.140253	0.062145
2974.7990000247955	24.081728	442	0	0.118299	0.062145
2976.670000076294	33.539544	464	0	0.090193	0.062145
2978.805000066757	24.52228	460	0	0.129821	0.062145
2980.8229999542236	20.807696	460	0	0.094949	0.062145
2982.802999973297	33.711104	452	0	0.097146	0.062145
2984.797000169754	30.963112	4	0	0.133889	0.062145
2986.810000181198	27.198648	518	0	0.102412	0.062145
2988.7960000038147	20.109816	490	0	0.112016	0.062145
2990.805000066757	35.847392	490	0	0.131459	0.062145
2992.810000181198	33.19312	490	0	0.117297	0.062145
2994.792999982834	16.66292	490	0	0.209366	0.062145
2996.802999973297	14.37772	430	0	0.087466	0.062145
2998.7960000038147	39.54036	442	0	0.082856	0.062145
3000.635999917984	7.042424	442	0	0.092792	0.062145
3002.798000097275	38.234736	494	0	0.091759	0.062145
3004.794000148773	28.943128	494	0	0.159496	0.062145
3006.792000055313	28.943128	498	0	0.108743	0.062145
3008.824999809265	35.755584	586	0	0.097939	0.062145
3010.798000097275	21.116344	590	0	0.106908	0.062145
3012.798000097275	29.637992	572	0	0.125741	0.062145
3014.8140001296997	32.490632	572	0	0.166023	0.062145
3016.797000169754	23.196304	576	0	0.1111	0.062145
3018.815999984741	38.126664	832	0	0.153816	0.062145
3020.8519999980927	44.864896	556	0	0.11234	0.062145
3022.8470001220703	26.441584	556	0	0.106205	0.062145
3024.8140001296997	20.4524	586	0	0.097484	0.062145
3026.795000076294	41.40156	552	0	0.107596	0.062145
3028.8239998817444	40.870432	552	0	0.127958	0.062145
3030.802999973297	20.475504	552	0	0.108746	0.062145
3032.805000066757	23.389768	494	0	0.083676	0.062145
3034.805000066757	27.014296	496	0	0.108286	0.062145
3036.8140001296997	32.357224	654	0	0.149156	0.062145
3038.798000097275	36.730336	506	0	0.100617	0.062145
3040.805999994278	33.1018	512	0	0.089461	0.062145
3042.798000097275	21.965128	508	0	0.131385	0.062145
3044.798000097275	32.603112	508	0	0.096872	0.062145
3046.8079998493195	29.190664	520	0	0.110756	0.062145
3048.792999982834	23.788408	600	0	0.08883	0.062145
3050.802999973297	43.865776	598	0	0.117387	0.062145
3052.798000097275	37.550192	600	0	0.125394	0.062257
3054.8150000572205	13.236072	524	0	0.100559	0.062257
3056.798000097275	18.216624	516	0	0.110784	0.062257
3058.803999900818	6.316928	424	0	0.090606	0.062257
3060.798000097275	14.138024	434	0	0.085042	0.062257
3062.809000015259	35.813568	438	0	0.091704	0.062257
3064.798000097275	35.317456	478	0	0.08355	0.062257
3066.803999900818	25.703056	500	0	0.09756	0.062257
3068.8229999542236	22.389936	502	0	0.129266	0.062257
3070.800999879837	25.722936	396	0	0.157183	0.062257
3072.7990000247955	5.148832	404	0	0.115653	0.062257
3074.838000059128	26.584456	406	0	0.105528	0.062257
3076.810000181198	33.072784	466	0	0.117751	0.062257
3078.805000066757	20.041784	492	0	0.110465	0.062257
3080.800999879837	37.54764	492	0	0.125863	0.062257
3082.795000076294	27.096848	482	0	0.084495	0.062257
3084.7960000038147	33.4556	516	0	0.087982	0.062257
3086.899999856949	19.942168	494	0	0.124142	0.062257
3088.794000148773	43.118368	504	0	0.0925	0.062257
3090.798000097275	35.426824	504	0	0.114795	0.062257
3092.794000148773	19.172552	504	0	0.096174	0.062257
3094.795000076294	30.539616	504	0	0.13391	0.062257
3096.797000169754	24.78104	544	0	0.086599	0.062257
3098.800999879837	36.574264	542	0	0.150436	0.062257
3100.803999900818	32.67532	546	0	0.13336	0.062257
3102.810000181198	44.414088	562	0	0.110389	0.062257
3104.8069999217987	35.60192	588	0	0.118894	0.062257
3106.8020000457764	23.939288	560	0	0.07917	0.062257
3108.809000015259	19.8256	564	0	0.102776	0.062257
3110.819000005722	33.573816	556	0	0.103845	0.062257
3112.797000169754	33.854456	556	0	0.118206	0.062257
3114.8069999217987	41.54884	486	0	0.105019	0.062257
3116.8310000896454	34.226192	506	0	0.107007	0.062257
3118.805000066757	31.67028	514	0	0.078835	0.062257
3120.805000066757	23.213168	544	0	0.137705	0.062257
3122.813000202179	37.873888	546	0	0.141243	0.062257
3124.800999879837	31.49044	538	0	0.120193	0.062257
3126.800999879837	23.181648	552	0	0.105663	0.062257
3128.800999879837	19.470864	556	0	0.328482	0.062257
3130.8020000457764	15.56132	552	0	0.114962	0.062257
3132.8069999217987	41.903232	530	0	0.112237	0.062257
3134.827000141144	39.104408	684	0	0.111451	0.062257
3136.8069999217987	28.891848	674	0	0.111345	0.062257
3138.800999879837	18.135912	568	0	0.144311	0.062257
3140.8020000457764	22.655464	564	0	0.178214	0.062257
3142.821000099182	25.237368	586	0	0.140695	0.062257
3144.8079998493195	32.360064	556	0	0.126498	0.062257
3146.824999809265	15.375432	556	0	0.257924	0.062257
3148.8150000572205	27.343464	530	0	0.173036	0.062257
3150.809000015259	38.403392	490	0	0.087866	0.062257
3152.835000038147	0.8598	490	0	0.210849	0.062257
3154.7999999523163	40.822872	526	0	0.087091	0.062257
3156.7960000038147	41.22152	526	0	0.101907	0.062257
3158.7990000247955	33.450192	526	0	0.101854	0.062257
3160.802999973297	34.309808	482	0	0.119722	0.062257
3162.803999900818	32.40288	452	0	0.095051	0.062257
3164.8069999217987	14.94832	548	0	0.119563	0.062257
3166.8069999217987	38.027496	526	0	0.117314	0.062257
3168.797000169754	37.80544	528	0	0.111713	0.062257
3170.8229999542236	21.553104	520	0	0.160379	0.062257
3172.7999999523163	43.972912	516	0	0.099132	0.062257
3174.8020000457764	22.336992	516	0	0.079617	0.062257
3176.7960000038147	18.188072	516	0	0.137673	0.062257
3178.7960000038147	36.809904	540	0	0.093015	0.062257
3180.8079998493195	34.49	536	0	0.091557	0.062257
3182.819000005722	39.384416	688	0	0.131494	0.062257
3185.0469999313354	25.184752	680	0	0.119595	0.062257
3187.0780000686646	32.929512	530	0	0.155138	0.062257
3189.059000015259	39.57388	530	0	0.085297	0.062257
3191.0540001392365	39.092672	476	0	0.107618	0.062257
3193.0569999217987	34.843768	516	0	0.091495	0.062257
3195.059000015259	30.047392	512	0	0.155272	0.062257
3197.0759999752045	7.784728	582	0	0.139864	0.062257
3199.0540001392365	25.381192	502	0	0.134515	0.062257
3201.063999891281	30.22268	508	0	0.100539	0.062257
3203.048999786377	3.074752	508	0	0.090355	0.062257
3205.055999994278	15.844024	504	0	0.115073	0.062257
3207.058000087738	33.11048	548	0	0.094853	0.062257
3209.0629999637604	30.281944	552	0	0.169274	0.062257
3211.058000087738	14.75792	767	0	0.158596	0.062257
3213.066999912262	12.259248	508	0	0.094331	0.062257
3215.064999818802	2.12856	521	0	0.489285	0.062257
3217.0530002117157	30.289992	524	0	0.100643	0.062257
3219.0469999313354	40.140936	526	0	0.101286	0.062257
3221.055000066757	40.79044	494	0	0.117029	0.062257
3223.048999786377	37.54224	538	0	0.102814	0.062071
3225.0540001392365	4.06688	558	0	0.127984	0.062071
3227.065999984741	22.05444	558	0	0.12135	0.062071
3229.064999818802	28.514032	500	0	0.134195	0.062071
3231.0510001182556	43.174808	494	0	0.108892	0.062071
3233.0510001182556	28.523712	580	0	0.108812	0.062071
3235.0469999313354	37.392048	550	0	0.100693	0.062071
3237.1050000190735	31.45176	532	0	0.102071	0.062071
3239.0930001735687	34.22224	532	0	0.131202	0.062071
3241.065999984741	42.118928	542	0	0.124224	0.062071
3243.048999786377	21.34204	542	0	0.267536	0.062071
3245.055999994278	31.43984	538	0	0.173684	0.062071
3247.0680000782013	35.103032	704	0	0.092373	0.062071
3249.0700001716614	36.793632	704	0	0.127982	0.062071
3251.059000015259	9.724104	704	0	0.105709	0.062071
3253.0510001182556	38.883896	680	0	0.147655	0.062071
3255.063999891281	35.411384	696	0	0.136239	0.062071
3257.0620000362396	21.900192	700	0	0.135895	0.062071
3259.072000026703	16.24004	696	0	0.146034	0.062071
3261.0750000476837	13.819128	668	0	0.276005	0.062071
3263.0620000362396	17.803152	610	0	0.182713	0.062071
3265.058000087738	16.092608	612	0	0.092036	0.062071
3267.071000099182	13.936992	562	0	0.152515	0.062071
3269.064999818802	0.054752	546	0	0.227566	0.062071
3271.059000015259	23.50768	544	0	0.189888	0.062071
3273.0750000476837	0.129432	404	0	0.107464	0.062071
3275.063999891281	24.906728	302	0	0.087942	0.062071
3277.050000190735	23.569064	324	0	0.096302	0.062071
3279.0569999217987	9.642904	336	0	0.088455	0.062071
3281.0510001182556	32.371296	400	0	0.106926	0.062071
3283.0680000782013	26.84696	418	0	0.081031	0.062071
3285.0700001716614	35.792288	418	0	0.086614	0.062071
3287.072000026703	24.485384	436	0	0.114288	0.062071
3289.0620000362396	14.16196	606	0	0.117357	0.062071
3291.0620000362396	42.176184	632	0	0.110867	0.062071
3293.064999818802	23.7162	656	0	0.153326	0.062071
3295.087000131607	36.622168	502	0	0.110786	0.062071
3297.0680000782013	24.505304	502	0	0.106603	0.062071
3299.072000026703	19.33584	496	0	0.104828	0.062071
3301.055000066757	35.982936	446	0	0.117317	0.062071
3303.055000066757	37.83556	446	0	0.114835	0.062071
3305.0620000362396	8.305736	607	0	0.31192	0.062071
3307.1310000419617	37.983736	454	0	0.106603	0.062071
3309.0620000362396	28.432288	460	0	0.121882	0.062071
3311.0540001392365	34.309544	460	0	0.09631	0.062071
3313.058000087738	0.225704	498	0	0.127602	0.062071
3315.0530002117157	18.2294	494	0	0.12028	0.062071
3317.0620000362396	37.922456	500	0	0.088077	0.062071
3319.0540001392365	41.208928	546	0	0.100705	0.062071
3321.0930001735687	28.04412	544	0	0.180126	0.062071
3323.0510001182556	42.982072	544	0	0.097647	0.062071
3325.058000087738	24.603808	594	0	0.129157	0.062071
3327.0530002117157	48.612264	622	0	0.100233	0.062071
3329.047999858856	33.433448	622	0	0.137177	0.062071
3331.0569999217987	27.416856	606	0	0.14389	0.062071
3333.0510001182556	30.255336	592	0	0.092175	0.062071
3335.117000102997	39.909544	592	0	0.124162	0.062071
3337.087000131607	23.819632	592	0	0.171258	0.062071
3339.0930001735687	41.724752	552	0	0.132761	0.062071
3341.1080000400543	7.919016	558	0	0.13872	0.062071
3343.0520000457764	43.573032	558	0	0.105998	0.062071
3345.0889999866486	35.641528	536	0	0.141106	0.062071
3347.074000120163	43.186272	576	0	0.098791	0.062071
3349.066999912262	28.0788	572	0	0.104348	0.062071
3351.0569999217987	14.626184	556	0	0.095855	0.062071
3353.0520000457764	34.292112	560	0	0.135937	0.062071
3355.0729999542236	41.99564	4	0	0.121485	0.062071
3357.059000015259	33.09712	610	0	0.111046	0.062071
3359.047999858856	33.418992	572	0	0.175357	0.062071
3361.055000066757	42.105344	600	0	0.106927	0.062071
3363.0510001182556	27.14816	600	0	0.169297	0.062071
3365.0520000457764	34.294296	570	0	0.163477	0.062071
3367.048999786377	39.529304	524	0	0.164911	0.062071
3369.0540001392365	33.098328	524	0	0.145124	0.062071
3371.080999851227	12.083456	474	0	0.081428	0.062071
3373.064999818802	12.676648	472	0	0.297362	0.062071
3375.0569999217987	28.607024	472	0	0.114937	0.062071
3377.071000099182	24.054384	408	0	0.133472	0.062071
3379.0759999752045	8.11104	406	0	0.129642	0.062071
3381.063999891281	13.993968	406	0	0.276296	0.062071
3383.0950000286102	22.027088	596	0	0.315874	0.062071
3385.0530002117157	28.56472	446	0	0.095036	0.062071
3387.055000066757	40.373272	452	0	0.100662	0.062071
3389.1640000343323	33.620952	538	0	0.113801	0.062071
3391.066999912262	32.279984	536	0	0.151298	0.062071
3393.1369998455048	41.736024	544	0	0.146775	0.062071
3395.0530002117157	21.116416	548	0	0.11888	0.062071
3397.065999984741	41.64772	4	0	0.090922	0.062071
3399.12700009346	28.652824	598	0	0.121712	0.062071
3401.0540001392365	31.991352	606	0	0.10391	0.062071
3403.0520000457764	43.386288	556	0	0.113566	0.062071
3405.0510001182556	42.447	578	0	0.086701	0.062071
3407.055999994278	38.199384	576	0	0.134317	0.062071
3409.0530002117157	32.326968	576	0	0.103189	0.062071
3411.0629999637604	18.511424	598	0	0.106755	0.062071
3413.0569999217987	26.501384	606	0	0.157637	0.062071
3415.0620000362396	25.896296	606	0	0.135669	0.062071
3417.082000017166	31.144512	570	0	0.177975	0.062071
3419.055999994278	14.582832	434	0	0.122375	0.062071
3421.1340000629425	18.870936	434	0	0.17344	0.062071
3423.0839998722076	4.977064	434	0	0.155619	0.062071
3425.065999984741	19.715272	348	0	0.155445	0.062071
3427.0680000782013	10.732256	366	0	0.104486	0.062071
3429.0599999427795	18.628088	384	0	0.125011	0.062071
3431.0540001392365	30.10428	384	0	0.111168	0.062071
3433.055000066757	26.611056	450	0	0.099907	0.062071
3435.058000087738	34.288816	464	0	0.125096	0.062071
3437.3120000362396	49.253904	573	0	0.09292	0.062071
3439.319999933243	10.96136	580	0	0.131679	0.062071
3441.305999994278	6.92332	574	0	0.182047	0.062071
3443.334000110626	42.041208	540	0	0.117386	0.062071
3445.3150000572205	34.52404	556	0	0.110528	0.062071
3447.1870000362396	46.617672	556	0	0.120887	0.062071
3449.315999984741	30.061032	548	0	0.113297	0.062071
3451.311000108719	32.60184	564	0	0.117695	0.062071
3453.303999900818	12.812544	560	0	0.087189	0.062071
3455.338000059128	13.638584	544	0	0.116448	0.062071
3457.3069999217987	35.179576	544	0	0.120949	0.062071
3459.338000059128	33.904768	552	0	0.13547	0.062071
3461.3010001182556	22.431	784	0	0.171708	0.062071
3463.3140001296997	33.415472	598	0	0.12136	0.062071
