0.0	13.854576	137	108	0.083721	0.08008
0.8130002021789551	20.721536	364	0	0.086521	0.08008
1.0510001182556152	25.044144	374	0	0.086476	0.08008
1.4110000133514404	28.284176	390	0	0.08706	0.077889
2.0470001697540283	32.540144	498	0	0.091655	0.077889
2.634000062942505	20.806176	644	0	0.090192	0.077889
3.0350000858306885	50.462168	768	0	0.088596	0.077889
3.3510000705718994	56.317472	816	0	0.090335	0.077889
3.700000286102295	60.181928	836	0	0.089538	0.077889
4.004000425338745	53.871952	1010	0	0.092599	0.077889
5.996000289916992	73.67688	1014	0	0.095951	0.077889
7.993000268936157	68.701736	1016	0	0.094918	0.077889
9.995000123977661	68.701736	1016	0	0.092623	0.077889
12.004000425338745	68.701736	1016	0	0.097928	0.077889
14.492000341415405	68.701736	1080	0	0.096695	0.077889
16.49500012397766	67.129416	1062	0	0.092849	0.077889
18.503999948501587	75.868816	1120	0	0.101462	0.077889
20.49400019645691	76.71012	1218	0	0.102491	0.077889
22.493000268936157	85.40036	1254	0	0.100112	0.077889
24.49400019645691	86.565312	1260	0	0.105048	0.077889
26.493000268936157	74.705088	1260	0	0.112269	0.077889
28.492000341415405	74.705088	1260	0	0.11118	0.077889
30.492000341415405	74.705088	1260	0	0.097555	0.077889
32.492000341415405	12.3226	1280	0	0.117812	0.077889
34.49300026893616	82.593896	1242	0	0.09222	0.077889
36.492000341415405	49.100512	1238	0	0.171764	0.077889
38.49300026893616	32.921432	1229	0	0.17789	0.077889
40.74300003051758	83.344376	1272	0	0.107478	0.077889
42.742000102996826	80.75436	1272	0	0.124463	0.077889
44.75100016593933	81.248176	1272	0	0.10323	0.077889
46.74300003051758	21.21928	1266	0	0.097869	0.077889
48.586000204086304	73.151016	1266	0	0.104329	0.077889
50.74000024795532	79.883952	1186	0	0.112792	0.077889
52.742000102996826	75.437712	1186	0	0.098078	0.077889
54.74300003051758	72.594888	1186	0	0.092778	0.077889
56.73900008201599	84.242576	1260	0	0.101974	0.077889
58.742000102996826	84.242576	1216	0	0.091153	0.077889
60.74000024795532	72.432936	1202	0	0.114069	0.077889
62.741000175476074	74.866784	1202	0	0.103916	0.077889
64.74300003051758	5.26996	1203	0	0.099783	0.077889
66.74100017547607	72.062192	1084	0	0.117123	0.077889
68.74200010299683	76.846912	1102	0	0.096654	0.077889
70.74200010299683	75.126144	1102	0	0.09759	0.077889
72.59500002861023	71.718704	1156	0	0.095234	0.077889
74.74100017547607	75.383624	1156	0	0.107402	0.077889
76.74100017547607	63.09312	1160	0	0.110404	0.077889
78.74200010299683	75.081472	1160	0	0.09876	0.077889
80.74300003051758	75.081472	1160	0	0.106067	0.077889
82.74000024795532	72.489624	1078	0	0.096099	0.077889
84.74200010299683	62.090896	1066	0	0.104394	0.077889
86.74200010299683	62.090896	1066	0	0.092359	0.077889
88.74100017547607	62.090896	1080	0	0.091537	0.077889
90.74200010299683	62.090896	1080	0	0.094408	0.077889
92.74200010299683	62.961344	1032	0	0.089152	0.077889
94.74200010299683	64.262536	1022	0	0.096962	0.077889
96.58800029754639	60.067072	1024	0	0.091449	0.077889
98.74000024795532	71.115008	1024	0	0.101405	0.077889
100.74100017547607	66.504984	1020	0	0.099871	0.077889
102.74700021743774	65.341048	1020	0	0.094314	0.077889
104.74100017547607	65.263176	1012	0	0.095121	0.077889
106.74100017547607	53.32304	1010	0	0.095893	0.077889
108.74100017547607	66.35488	1024	0	0.093123	0.077889
110.74200010299683	65.998472	1024	0	0.100435	0.077889
112.74300003051758	68.480152	1024	0	0.08924	0.077889
114.74300003051758	56.458688	1080	0	0.090681	0.077889
116.74700021743774	74.328064	1108	0	0.092188	0.077889
118.74100017547607	74.328064	1112	0	0.098638	0.077889
120.59600019454956	74.328064	1112	0	0.095637	0.077889
122.74200010299683	74.328064	1112	0	0.099506	0.077889
124.74100017547607	74.328064	1112	0	0.101223	0.077889
126.74100017547607	74.328064	1082	0	0.098562	0.077889
128.73800015449524	74.328064	1082	0	0.096264	0.077889
130.74100017547607	67.395208	952	0	0.093759	0.077889
132.74200010299683	66.112224	952	0	0.094026	0.077889
134.746000289917	59.985744	952	0	0.098655	0.077889
136.74100017547607	57.98268	958	0	0.091164	0.077889
138.74100017547607	67.407144	984	0	0.091465	0.077889
140.74100017547607	67.407144	978	0	0.091527	0.077889
142.74200010299683	62.418424	976	0	0.097112	0.077889
144.74200010299683	66.626088	956	0	0.095279	0.077889
146.74000024795532	63.769808	956	0	0.095048	0.077889
148.74100017547607	67.157544	954	0	0.095024	0.077889
150.74100017547607	64.455848	948	0	0.095591	0.077889
152.73800015449524	63.709928	954	0	0.092861	0.077889
154.74000024795532	56.739368	962	0	0.092883	0.077889
156.74300003051758	56.739368	962	0	0.095932	0.077889
158.74200010299683	56.739368	962	0	0.093013	0.077889
160.74200010299683	56.739368	962	0	0.094306	0.077889
162.74100017547607	56.739368	962	0	0.093164	0.077889
164.74300003051758	62.48644	918	0	0.093201	0.077889
166.74100017547607	63.903984	938	0	0.099448	0.077889
168.74200010299683	60.144816	978	0	0.090612	0.077889
170.74200010299683	53.423352	976	0	0.112885	0.077889
172.74200010299683	63.233568	982	0	0.092192	0.077889
174.74300003051758	65.044232	982	0	0.092845	0.077889
176.74100017547607	68.42388	998	0	0.104969	0.077889
178.74500036239624	64.762704	998	0	0.089688	0.077889
180.74300003051758	62.66592	4	0	0.09483	0.077889
182.75200009346008	68.651848	1014	0	0.096269	0.077889
184.74200010299683	5.35876	1018	0	0.099327	0.077889
186.74300003051758	17.6424	1014	0	0.103971	0.077889
188.74100017547607	71.228056	1050	0	0.09146	0.077889
190.74100017547607	66.971424	1052	0	0.101459	0.077889
192.74800038337708	66.101928	1050	0	0.095477	0.077889
194.74200010299683	66.101928	1042	0	0.095419	0.077889
196.74200010299683	66.101928	1042	0	0.097427	0.077889
198.74000024795532	76.044224	1100	0	0.090443	0.077889
200.74200010299683	78.80392	1126	0	0.098335	0.077889
202.74200010299683	62.23932	1132	0	0.10192	0.077889
204.74000024795532	65.92912	1122	0	0.091493	0.077889
206.74300003051758	65.92912	1122	0	0.099823	0.077889
208.74200010299683	76.346384	1106	0	0.099635	0.077889
210.74000024795532	79.569032	1115	0	0.094521	0.077889
212.746000289917	79.569032	1130	0	0.094636	0.077889
214.74100017547607	74.321472	1130	0	0.097734	0.077889
216.74300003051758	73.21968	1150	0	0.094669	0.077889
218.74000024795532	71.308144	1150	0	0.103373	0.077889
220.74200010299683	71.308144	1150	0	0.099265	0.077889
222.74200010299683	82.334384	1184	0	0.097297	0.077889
224.74200010299683	82.334384	1184	0	0.104189	0.077889
226.74399995803833	82.836872	1188	0	0.091035	0.077889
228.74200010299683	80.414784	1188	0	0.10386	0.077889
230.74900031089783	80.414784	1188	0	0.09837	0.077889
232.74300003051758	87.03112	1221	0	0.111476	0.077889
234.74200010299683	82.087448	1244	0	0.10481	0.077889
236.74300003051758	84.693688	1238	0	0.091363	0.077889
238.74000024795532	79.3532	1234	0	0.111898	0.077889
240.74100017547607	74.297696	1234	0	0.093232	0.077889
242.74500036239624	77.677808	1202	0	0.10487	0.077889
244.74100017547607	73.534472	1196	0	0.09577	0.077889
246.74300003051758	80.639016	1146	0	0.09347	0.077889
248.74500036239624	80.639016	1186	0	0.101745	0.077889
250.75400018692017	77.8754	1168	0	0.102975	0.077889
252.74100017547607	71.086656	1166	0	0.09948	0.077889
254.74100017547607	71.087912	1158	0	0.111817	0.077889
256.74500036239624	5.025704	1126	0	0.097526	0.077889
258.7420001029968	61.353296	1106	0	0.11461	0.077889
260.7410001754761	57.697632	1008	0	0.104608	0.077889
262.74700021743774	63.562408	1008	0	0.10015	0.077889
264.7400002479553	63.562408	1008	0	0.091032	0.077889
266.7480003833771	23.355672	988	0	0.122476	0.077889
268.7430000305176	70.690992	1022	0	0.095132	0.077889
270.7400002479553	69.166096	1016	0	0.0907	0.077889
272.7430000305176	64.335672	1006	0	0.103572	0.077889
274.74500036239624	66.977472	1006	0	0.093366	0.077889
276.7420001029968	75.78264	1040	0	0.094595	0.077889
278.746000289917	75.78264	1074	0	0.097104	0.077889
280.74700021743774	75.78264	1074	0	0.088629	0.077889
282.7420001029968	75.78264	1110	0	0.098577	0.077889
284.7420001029968	44.581016	1102	0	0.097708	0.077889
286.7410001754761	44.581016	1102	0	0.093914	0.077889
288.7420001029968	44.581016	1090	0	0.089089	0.077889
290.9910001754761	44.581016	1090	0	0.088459	0.077889
292.99500012397766	44.581016	1096	0	0.094557	0.077889
294.9920001029968	44.581016	1084	0	0.088373	0.077889
296.9920001029968	44.581016	1084	0	0.095135	0.077889
298.9940001964569	44.581016	1084	0	0.093075	0.077889
300.9900002479553	76.801264	1154	0	0.095854	0.077889
302.99300026893616	69.227464	1154	0	0.10178	0.077889
304.9900002479553	80.908464	1156	0	0.102169	0.080612
306.99700021743774	80.908464	1168	0	0.098531	0.080612
308.9940001964569	80.908464	1168	0	0.091936	0.080612
311.00100016593933	70.485824	1188	0	0.107931	0.080612
312.9920001029968	81.944048	1240	0	0.096343	0.080612
314.996000289917	85.81316	1260	0	0.111271	0.080612
316.99300026893616	85.81316	1298	0	0.097499	0.080612
318.9940001964569	85.81316	1298	0	0.105365	0.080612
320.99500012397766	85.81316	1286	0	0.111242	0.080612
322.99300026893616	85.81316	1286	0	0.093885	0.080612
324.996000289917	85.81316	1286	0	0.107999	0.080612
326.83900022506714	85.81316	1286	0	0.091329	0.080612
328.9940001964569	85.81316	1286	0	0.109108	0.080612
330.9940001964569	85.81316	4	0	0.103816	0.080612
332.99500012397766	85.81316	1286	0	0.105157	0.080612
334.9920001029968	76.511744	1104	0	0.107058	0.080612
336.996000289917	76.511744	1104	0	0.093748	0.080612
338.9940001964569	76.511744	1104	0	0.098807	0.080612
340.9940001964569	76.511744	1104	0	0.109021	0.080612
343.00600028038025	75.5058	1104	0	0.093758	0.080612
344.996000289917	75.5058	1148	0	0.094665	0.080612
346.9980001449585	75.5058	1108	0	0.093708	0.080612
348.9940001964569	73.885304	1084	0	0.110511	0.080612
350.85400009155273	68.2898	1100	0	0.099773	0.080612
352.9900002479553	68.2898	1100	0	0.099009	0.080612
354.9940001964569	69.11856	1098	0	0.111675	0.080612
356.99900007247925	65.700712	1098	0	0.096522	0.080612
358.9940001964569	69.334992	1098	0	0.101137	0.080612
360.9940001964569	54.9874	1008	0	0.093382	0.080612
362.99300026893616	54.9874	1008	0	0.094593	0.080612
364.99300026893616	64.538232	1028	0	0.099828	0.080612
366.99300026893616	72.444344	1046	0	0.09067	0.080612
368.99300026893616	66.624128	1070	0	0.095357	0.080612
370.9940001964569	70.077152	1060	0	0.093132	0.080612
372.99300026893616	70.077152	1060	0	0.093822	0.080612
375.01300024986267	70.077152	1060	0	0.096383	0.080612
376.99500012397766	76.176032	1105	0	0.10337	0.080612
378.996000289917	76.176032	1106	0	0.094765	0.080612
380.99300026893616	76.176032	1122	0	0.092718	0.080612
382.99700021743774	74.352288	1128	0	0.094829	0.080612
384.9940001964569	74.352288	1116	0	0.091409	0.080612
386.9920001029968	74.352288	1116	0	0.096604	0.080612
388.99700021743774	74.352288	1116	0	0.10771	0.080612
390.99900007247925	0.139384	1110	0	0.087937	0.080612
392.99300026893616	37.364344	1138	0	0.096536	0.080612
394.99500012397766	64.933752	1144	0	0.098054	0.080612
396.99300026893616	70.649816	1150	0	0.097329	0.080612
398.99500012397766	70.649816	1142	0	0.089617	0.080612
400.9940001964569	69.9692	1042	0	0.100475	0.080612
402.996000289917	69.06516	1042	0	0.104736	0.080612
404.99300026893616	72.3306	1042	0	0.096151	0.080612
407.0	70.282896	1128	0	0.090694	0.080612
408.99300026893616	65.1022	1128	0	0.101597	0.080612
410.99500012397766	66.089904	1128	0	0.098252	0.080612
412.99700021743774	65.247984	1134	0	0.10508	0.080612
414.9940001964569	78.528416	1134	0	0.094754	0.080612
416.99500012397766	74.042472	1120	0	0.108503	0.080612
418.9940001964569	75.7126	1120	0	0.103521	0.080612
420.9940001964569	65.506872	1126	0	0.106398	0.080612
423.00100016593933	65.506872	1272	0	0.104506	0.080612
424.996000289917	78.091896	1113	0	0.099302	0.080612
426.9910001754761	73.275072	1118	0	0.099435	0.080612
428.9920001029968	77.49916	1152	0	0.091701	0.080612
430.9980001449585	77.49916	1152	0	0.10514	0.080612
432.9920001029968	77.22568	1158	0	0.099158	0.080612
434.99500012397766	75.037912	1152	0	0.10007	0.080612
436.9910001754761	77.851816	1116	0	0.110717	0.080612
438.9920001029968	77.851816	1116	0	0.092549	0.080612
440.99500012397766	77.851816	1116	0	0.113039	0.080612
442.99300026893616	61.94816	1114	0	0.09442	0.080612
444.9940001964569	72.39432	1114	0	0.100891	0.080612
446.9910001754761	73.927528	1190	0	0.095846	0.080612
448.99500012397766	81.874744	1194	0	0.099841	0.080612
450.9940001964569	70.644104	1194	0	0.10983	0.080612
452.9900002479553	66.559336	1194	0	0.097946	0.080612
454.9920001029968	66.559336	1196	0	0.09277	0.080612
456.99300026893616	72.336096	1192	0	0.092545	0.080612
458.99300026893616	78.947768	1142	0	0.114956	0.080612
460.9920001029968	79.490688	1148	0	0.103859	0.080612
463.0	73.501072	1148	0	0.092382	0.080612
464.9910001754761	79.522184	1154	0	0.100371	0.080612
466.9900002479553	72.776	1144	0	0.097224	0.080612
468.9920001029968	69.6434	1144	0	0.104306	0.080612
470.9920001029968	49.067184	1138	0	0.099689	0.080612
472.99500012397766	70.117896	1130	0	0.120988	0.080612
474.99700021743774	69.534432	1116	0	0.104519	0.080612
476.99500012397766	75.45404	1132	0	0.09425	0.080612
478.9940001964569	66.863376	1132	0	0.100699	0.080612
480.9900002479553	66.863376	1132	0	0.0889	0.080612
482.9900002479553	77.637304	1128	0	0.099812	0.080612
484.9920001029968	71.836016	1118	0	0.103018	0.080612
487.00300002098083	78.024424	1124	0	0.097454	0.080612
488.9910001754761	77.789152	1110	0	0.103446	0.080612
490.9940001964569	72.649944	1104	0	0.090445	0.080612
492.9910001754761	70.476912	1104	0	0.094978	0.080612
494.9900002479553	69.885752	1110	0	0.099555	0.080612
496.9910001754761	68.088328	1110	0	0.104713	0.080612
498.9920001029968	70.293688	1086	0	0.103085	0.080612
500.99300026893616	68.719528	1080	0	0.105564	0.080612
502.99300026893616	73.74488	1090	0	0.099014	0.080612
504.996000289917	64.471632	1096	0	0.098101	0.080612
506.996000289917	64.471632	1096	0	0.093705	0.080612
508.996000289917	64.471632	1096	0	0.097498	0.080612
510.9920001029968	60.680912	1090	0	0.092439	0.080612
512.9950001239777	60.680912	1090	0	0.093028	0.080612
514.9950001239777	72.136728	1024	0	0.097874	0.080612
516.9920001029968	60.382688	1024	0	0.100051	0.080612
518.9930002689362	37.20188	1022	0	0.097918	0.080612
520.9900002479553	71.547864	1048	0	0.092301	0.080612
522.9910001754761	69.359424	1076	0	0.098876	0.080612
524.9910001754761	65.933464	1064	0	0.096597	0.080612
526.996000289917	70.618224	1060	0	0.100476	0.080612
528.9920001029968	32.38748	1054	0	0.114314	0.080612
530.9950001239777	63.428296	1096	0	0.113779	0.080612
532.9920001029968	63.428296	1102	0	0.093961	0.080612
535.0010001659393	67.046664	1102	0	0.094262	0.080612
536.9970002174377	71.105152	1102	0	0.097704	0.080612
539.0010001659393	65.116328	1122	0	0.097422	0.080612
541.2450003623962	70.592496	1132	0	0.100529	0.080612
543.0990002155304	72.195816	1116	0	0.099791	0.080612
545.2420001029968	80.222856	1158	0	0.100945	0.080612
547.2430000305176	73.832744	1152	0	0.098849	0.080612
549.2420001029968	63.958536	1180	0	0.097116	0.080612
551.2430000305176	63.958536	1184	0	0.098376	0.080612
553.2420001029968	63.958536	1184	0	0.09154	0.080612
555.2430000305176	69.991856	1240	0	0.102116	0.080612
557.2430000305176	78.673288	1190	0	0.105547	0.080612
559.2420001029968	78.673288	1178	0	0.092387	0.080612
561.2540001869202	78.673288	1178	0	0.101027	0.080612
563.2430000305176	85.09248	1206	0	0.09097	0.080612
565.2440001964569	76.069	1206	0	0.099787	0.080612
567.0910000801086	81.16212	1212	0	0.097447	0.080612
569.2430000305176	81.756696	1238	0	0.099931	0.080612
571.2440001964569	82.874872	1260	0	0.107836	0.080612
573.2450003623962	85.406824	1264	0	0.093181	0.080754
575.2440001964569	57.926888	1258	0	0.122867	0.080754
577.2430000305176	46.738976	1258	0	0.094796	0.08088
579.2500002384186	76.721336	1264	0	0.108456	0.08088
581.2420001029968	64.144192	1258	0	0.101596	0.08088
583.2430000305176	6.321848	1162	0	0.103258	0.08088
585.2400000095367	71.90628	1162	0	0.099484	0.08088
587.2420001029968	71.90628	1162	0	0.097491	0.08088
589.2430000305176	71.90628	1162	0	0.100648	0.08088
591.0910000801086	71.90628	1184	0	0.090936	0.08088
593.2620000839233	69.634424	1162	0	0.099523	0.08088
595.2430000305176	69.634424	1162	0	0.10349	0.08088
597.2430000305176	77.31776	1162	0	0.097581	0.08088
599.2430000305176	70.669568	1138	0	0.105529	0.08088
601.2430000305176	76.173672	1124	0	0.091186	0.08088
603.2440001964569	79.753408	1150	0	0.097083	0.08088
605.2450003623962	71.488544	1144	0	0.098944	0.08088
607.2430000305176	78.484256	1144	0	0.10407	0.08088
609.2430000305176	78.484256	1144	0	0.104957	0.08088
611.2440001964569	66.4682	1144	0	0.088402	0.08088
613.2420001029968	66.298152	966	0	0.100852	0.08088
615.1020002365112	65.921104	972	0	0.089246	0.08088
617.2490003108978	67.314928	966	0	0.099154	0.08088
619.2430000305176	60.747848	966	0	0.097189	0.08088
621.2450003623962	0.107712	960	0	0.16167	0.08088
623.2440001964569	52.441848	745	0	0.114634	0.08088
625.2430000305176	51.41708	818	0	0.089342	0.080758
627.2420001029968	51.051072	816	0	0.093408	0.080605
629.2480001449585	47.754248	816	0	0.09897	0.080605
631.2430000305176	58.098936	854	0	0.092987	0.080605
633.2440001964569	51.79544	914	0	0.09261	0.080605
635.2420001029968	57.600944	912	0	0.091775	0.080541
637.2430000305176	57.074536	940	0	0.104306	0.080541
639.2450003623962	70.640704	1018	0	0.089798	0.080541
641.2430000305176	66.255984	1018	0	0.103275	0.080541
643.2500002384186	66.255984	1018	0	0.097335	0.080541
645.2420001029968	56.027448	1038	0	0.090634	0.080541
647.2690002918243	64.99884	1038	0	0.098276	0.080541
649.2420001029968	73.740936	1078	0	0.090278	0.080541
651.2430000305176	73.233632	1112	0	0.099754	0.080541
653.2430000305176	59.99672	1118	0	0.097499	0.080541
655.2440001964569	59.99672	4	0	0.090309	0.080541
657.2500002384186	62.021816	1114	0	0.103543	0.080541
659.2420001029968	76.47168	1168	0	0.10224	0.080541
661.2470002174377	67.303128	1168	0	0.11027	0.080541
663.2470002174377	67.303128	1164	0	0.093581	0.080541
665.2450003623962	73.529184	1164	0	0.100776	0.080541
667.2430000305176	67.41616	1164	0	0.095487	0.080541
669.246000289917	76.563104	1164	0	0.091612	0.080541
671.2470002174377	37.515856	1168	0	0.109432	0.080541
673.2580001354218	67.84196	1188	0	0.089323	0.080541
675.2470002174377	65.724552	1040	0	0.108707	0.080541
677.2520003318787	72.33792	1054	0	0.096948	0.080541
679.2450003623962	5.585736	1054	0	0.102075	0.080541
681.246000289917	0.136104	1040	0	0.093003	0.080541
683.2470002174377	22.308008	1030	0	0.086997	0.080541
685.2480001449585	31.597088	1030	0	0.100603	0.080541
687.246000289917	57.391176	814	0	0.104801	0.080541
689.2580001354218	52.909968	824	0	0.090141	0.080541
691.2470002174377	61.985168	869	0	0.09585	0.080541
693.2470002174377	66.469376	958	0	0.087835	0.080541
695.2440001964569	66.469376	958	0	0.09333	0.080541
697.257000207901	66.011408	958	0	0.091175	0.080541
699.2480001449585	70.73808	1031	0	0.095574	0.080541
701.2480001449585	63.475272	1042	0	0.093661	0.080541
703.2470002174377	63.475272	1038	0	0.100985	0.080541
705.2470002174377	63.475272	1038	0	0.099993	0.080541
707.246000289917	63.475272	1030	0	0.090747	0.080541
709.2470002174377	69.31716	1030	0	0.096966	0.080541
711.2430000305176	73.266744	1078	0	0.09449	0.080541
713.2470002174377	73.266744	1078	0	0.102779	0.080541
715.2440001964569	65.789416	1078	0	0.09995	0.080541
717.2480001449585	65.789416	1082	0	0.089805	0.080494
719.2470002174377	70.016232	1134	0	0.095943	0.080494
721.2450003623962	72.022568	1134	0	0.091212	0.080494
723.2480001449585	72.65152	1140	0	0.099037	0.080494
725.2470002174377	67.459232	1140	0	0.105171	0.080494
727.246000289917	68.964656	1158	0	0.094997	0.080494
729.2470002174377	75.429592	1090	0	0.102988	0.080494
731.2450003623962	69.6736	1090	0	0.094241	0.080494
733.2450003623962	76.315792	1108	0	0.107719	0.080494
735.2450003623962	76.315792	1108	0	0.090402	0.080494
737.246000289917	76.315792	1100	0	0.096891	0.080494
739.2480001449585	76.315792	1100	0	0.093404	0.080494
741.246000289917	75.9558	1254	0	0.095182	0.080494
743.2450003623962	79.431552	1254	0	0.110312	0.080494
745.2450003623962	72.372392	1260	0	0.095751	0.080494
747.2590000629425	74.430896	1282	0	0.110202	0.080494
749.2440001964569	74.430896	1288	0	0.104433	0.080494
751.2440001964569	70.681456	1076	0	0.130405	0.080494
753.2430000305176	73.093352	1122	0	0.093024	0.080494
755.246000289917	68.389848	1114	0	0.094893	0.080494
757.2470002174377	78.628784	1112	0	0.100721	0.080494
759.2440001964569	78.999096	1152	0	0.095523	0.080494
761.2420001029968	65.963272	1146	0	0.106312	0.080494
763.2420001029968	65.963272	1146	0	0.101996	0.080494
765.2430000305176	79.670192	1152	0	0.098573	0.080494
767.2470002174377	63.395112	4	0	0.109278	0.080494
769.2440001964569	63.395112	1168	0	0.093201	0.080494
771.2430000305176	73.082912	1146	0	0.101642	0.080494
773.2480001449585	70.757864	1146	0	0.09827	0.080494
775.2430000305176	73.648096	1146	0	0.101253	0.080494
777.2420001029968	73.648096	1146	0	0.100513	0.080494
779.2450003623962	73.648096	1146	0	0.095751	0.080494
781.2440001964569	73.648096	1144	0	0.098009	0.080494
783.2480001449585	23.433248	1066	0	0.09471	0.080494
785.246000289917	75.807056	1088	0	0.09481	0.080494
787.2500002384186	68.927664	1094	0	0.097955	0.080494
789.2440001964569	68.927664	1094	0	0.090522	0.080494
791.4960000514984	68.927664	1094	0	0.10081	0.080494
793.4940001964569	68.971744	1094	0	0.090429	0.080494
795.4920003414154	68.43316	1116	0	0.104559	0.080494
797.3660001754761	68.43316	1096	0	0.09484	0.080494
799.4950001239777	68.43316	1096	0	0.102	0.080494
801.4950001239777	75.853	1070	0	0.105301	0.080494
803.4930002689362	75.853	1074	0	0.092443	0.080494
805.4930002689362	65.65604	1074	0	0.100309	0.080494
807.4970002174377	79.465048	1146	0	0.093502	0.080494
809.4930002689362	30.890144	1140	0	0.095694	0.080494
811.4930002689362	70.849008	1128	0	0.098215	0.080494
813.4940001964569	70.849008	1128	0	0.099652	0.080494
815.4940001964569	75.699072	1134	0	0.099347	0.080494
817.4930002689362	70.414864	1128	0	0.092975	0.080494
819.4930002689362	75.324216	1128	0	0.101302	0.080494
821.3500001430511	75.324216	1128	0	0.099426	0.080494
823.4980001449585	69.52784	1128	0	0.10503	0.080494
825.4940001964569	71.461736	1074	0	0.104968	0.080494
827.5090003013611	64.502504	1078	0	0.09175	0.080494
829.4920003414154	81.504096	1142	0	0.09984	0.080494
831.4960000514984	81.504096	1174	0	0.090797	0.080494
833.5020000934601	81.504096	1174	0	0.095918	0.080494
835.4980001449585	59.640504	1174	0	0.128404	0.080494
837.4980001449585	73.101592	1272	0	0.117033	0.080494
839.4910001754761	81.316448	1414	0	0.170475	0.080494
841.4950001239777	81.316448	1292	0	0.092241	0.080494
843.5010001659393	80.878176	1286	0	0.113982	0.080494
845.3470001220703	79.638808	1280	0	0.099225	0.080494
847.4950001239777	79.638808	1270	0	0.11007	0.080494
849.4940001964569	79.638808	1270	0	0.10707	0.080494
851.4960000514984	79.638808	1270	0	0.097128	0.080494
853.4930002689362	79.609696	1174	0	0.103723	0.080494
855.4920003414154	62.747888	1130	0	0.101339	0.080494
857.4940001964569	62.747888	1152	0	0.100572	0.080494
859.5000002384186	62.747888	1152	0	0.098051	0.080494
861.4920003414154	72.2948	1144	0	0.107648	0.080494
863.4950001239777	72.2948	1140	0	0.095878	0.080494
865.4970002174377	69.562936	1132	0	0.090719	0.080494
867.4960000514984	68.941456	1138	0	0.10229	0.080494
869.3500001430511	73.943672	1138	0	0.096789	0.080494
871.4940001964569	73.943672	1138	0	0.101349	0.080494
873.4950001239777	73.943672	1138	0	0.097759	0.080494
875.4960000514984	73.943672	1138	0	0.093555	0.080494
877.4960000514984	72.976312	1256	0	0.104156	0.080494
879.4950001239777	84.426904	1248	0	0.095778	0.080494
881.4940001964569	84.340696	1254	0	0.114262	0.080494
883.4950001239777	79.110056	1248	0	0.116788	0.080494
885.4990000724792	56.666576	1248	0	0.117784	0.080494
887.5000002384186	73.136792	1242	0	0.104356	0.080494
889.4930002689362	71.31588	1238	0	0.097471	0.080494
891.4960000514984	73.111808	1172	0	0.120245	0.080494
893.4960000514984	80.981552	1196	0	0.092496	0.080494
895.4950001239777	85.327912	1228	0	0.119759	0.080494
897.5050003528595	82.422456	1240	0	0.10245	0.080494
899.4980001449585	76.974208	1240	0	0.094758	0.080494
901.4940001964569	83.577624	1288	0	0.109676	0.080494
903.4940001964569	15.144144	1276	0	0.102263	0.080494
905.4960000514984	86.33756	1231	0	0.099367	0.080494
907.5010001659393	86.33756	1244	0	0.103691	0.080494
909.4930002689362	0.650152	1238	0	0.109248	0.080494
911.4970002174377	78.44072	1238	0	0.103946	0.080494
913.864000082016	3.377904	1200	1	0.164596	0.080494
915.4950001239777	70.848464	1200	0	0.106801	0.080494
917.4990000724792	70.848464	1192	0	0.093616	0.080494
919.4940001964569	70.641472	1006	0	0.105079	0.080494
921.4940001964569	48.75416	1007	0	0.098032	0.080494
923.4950001239777	68.207928	1020	0	0.091361	0.080494
925.4950001239777	34.964568	1023	0	0.259471	0.080494
927.4940001964569	72.391312	1072	0	0.094035	0.080494
929.4920003414154	65.48036	1070	0	0.09784	0.080494
931.4990000724792	75.357944	1070	0	0.0942	0.080494
933.4940001964569	4.588552	1076	0	0.102505	0.080494
935.5060002803802	75.021088	1092	0	0.098204	0.080494
937.4950001239777	65.649848	1092	0	0.090565	0.080494
939.4980001449585	67.567344	1134	0	0.105805	0.080494
941.4930002689362	68.763848	1134	0	0.095628	0.080494
943.4930002689362	67.109632	1098	0	0.098663	0.080494
945.4950001239777	62.12484	1014	0	0.105953	0.080494
947.4960000514984	62.12484	1004	0	0.092473	0.080494
949.4930002689362	69.951672	1006	0	0.104276	0.080494
951.4940001964569	69.951672	1006	0	0.088534	0.080494
953.5030000209808	69.951672	1006	0	0.113391	0.080494
955.4980001449585	74.438144	1078	0	0.098447	0.080494
957.4930002689362	72.499656	1130	0	0.098369	0.080494
959.4940001964569	72.499656	1130	0	0.095715	0.080494
961.5020000934601	72.499656	1130	0	0.100033	0.080494
963.4960000514984	73.634328	1136	0	0.10354	0.080494
965.4950001239777	74.28344	1136	0	0.092015	0.080494
967.6070001125336	74.28344	4	0	0.09937	0.080494
969.4920003414154	6.231656	1126	0	0.435149	0.080494
971.4940001964569	68.837448	1090	0	0.097511	0.080494
973.4940001964569	78.011176	1083	0	0.09693	0.080494
975.4930002689362	67.980048	1116	0	0.08998	0.080494
977.4940001964569	67.980048	1116	0	0.095231	0.080494
979.4940001964569	62.791904	1116	0	0.106611	0.080494
981.4990000724792	71.135224	1116	0	0.09358	0.080494
983.4920003414154	68.726312	1030	0	0.102855	0.080494
985.4930002689362	70.006216	1028	0	0.098963	0.080494
987.5000002384186	53.36696	1026	0	0.122615	0.080494
989.4940001964569	53.36696	1030	0	0.088724	0.080494
991.4950001239777	61.701064	1094	0	0.095023	0.080494
993.4940001964569	70.982456	1094	0	0.102805	0.080494
995.4960000514984	70.982456	1100	0	0.097348	0.080494
997.4960000514984	70.982456	1100	0	0.093779	0.080494
999.5080003738403	12.680464	1120	0	0.097804	0.080494
1001.4950001239777	81.547824	1178	0	0.100999	0.080494
1003.4960000514984	67.932936	1182	0	0.10086	0.080494
1005.5000002384186	71.439496	1182	0	0.105005	0.080494
1007.4930002689362	72.204424	1182	0	0.106821	0.080494
1009.4990000724792	68.013952	1182	0	0.094042	0.080494
1011.4960000514984	76.09344	1098	0	0.091144	0.080494
1013.5000002384186	71.58836	1104	0	0.08967	0.080494
1015.4960000514984	15.5124	1112	0	0.101276	0.080494
1017.4960000514984	73.93348	1112	0	0.103399	0.0805
1019.4950001239777	75.836776	1168	0	0.094421	0.0805
1021.5039999485016	80.875368	1162	0	0.114705	0.0805
1023.4990000724792	78.87304	1174	0	0.097872	0.0805
1025.5010001659393	78.805312	1174	0	0.101913	0.0805
1027.494000196457	79.500248	1174	0	0.109717	0.0805
1029.5010001659393	79.500248	1164	0	0.094204	0.0805
1031.4990000724792	79.500248	1164	0	0.100664	0.0805
1033.4990000724792	79.500248	1164	0	0.095045	0.0805
1035.4980001449585	79.500248	1164	0	0.098014	0.0805
1037.4950001239777	68.089544	1148	0	0.090751	0.0805
1039.4970002174377	68.089544	1146	0	0.091898	0.0805
1041.4990000724792	78.718384	1172	0	0.094591	0.0805
1043.748000383377	75.193832	1172	0	0.101778	0.0805
1045.746000289917	84.674312	1188	0	0.099904	0.0805
1047.7450003623962	77.216856	1200	0	0.099535	0.0805
1049.748000383377	77.216856	1200	0	0.095704	0.0805
1051.746000289917	77.216856	1208	0	0.100687	0.0805
1053.746000289917	6.036784	1208	0	0.101804	0.0805
1055.7490003108978	83.126888	1202	0	0.112869	0.0805
1057.7510001659393	51.62056	1180	0	0.103502	0.0805
1059.748000383377	78.312456	1182	0	0.113707	0.0805
1061.75200009346	72.369944	1190	0	0.092332	0.0805
1063.7470002174377	82.7892	1210	0	0.099219	0.0805
1065.7490003108978	76.468736	1250	0	0.107969	0.0805
1067.7470002174377	76.672392	1250	0	0.093554	0.0805
1069.7470002174377	78.537576	1246	0	0.098353	0.0805
1071.746000289917	9.538248	1240	0	0.091906	0.0805
1073.746000289917	82.211984	1254	0	0.099144	0.0805
1075.7500002384186	74.572648	1260	0	0.116999	0.0805
1077.746000289917	84.506888	1254	0	0.107405	0.0805
1079.746000289917	84.506888	1284	0	0.093476	0.0805
1081.7490003108978	82.675448	1268	0	0.095821	0.0805
1083.7470002174377	81.899968	1274	0	0.102256	0.0805
1085.746000289917	81.899968	1256	0	0.09768	0.0805
1087.746000289917	81.899968	1256	0	0.105074	0.0805
1089.7470002174377	81.899968	1256	0	0.099884	0.0805
1091.746000289917	65.889832	1206	0	0.098959	0.0805
1093.7470002174377	81.385304	1206	0	0.099518	0.0805
1095.7560002803802	75.595448	1192	0	0.095205	0.0805
1097.746000289917	87.117968	1291	0	0.104253	0.0805
1099.7470002174377	76.850424	1280	0	0.109453	0.0805
1101.7439999580383	76.850424	1280	0	0.10861	0.0805
1103.7450003623962	82.870928	1252	0	0.104345	0.0805
1105.7450003623962	74.736312	1252	0	0.095629	0.0805
1107.7470002174377	49.547824	1246	0	0.116206	0.0805
1109.746000289917	84.678688	1198	0	0.091864	0.0805
1111.7450003623962	83.396168	1246	0	0.097531	0.0805
1113.7439999580383	81.094136	1240	0	0.098093	0.0805
1115.7510001659393	73.392576	1240	0	0.092074	0.0805
1117.7510001659393	77.586432	1240	0	0.11775	0.0805
1119.748000383377	74.467336	1254	0	0.095541	0.0805
1121.7470002174377	86.475544	1356	0	0.105243	0.0805
1123.7470002174377	74.175888	1276	0	0.139872	0.0805
1125.746000289917	82.424488	1296	0	0.10626	0.0805
1127.7530002593994	77.541976	1296	0	0.113904	0.0805
1129.748000383377	79.544048	1302	0	0.097772	0.0805
1131.7490003108978	69.662392	1296	0	0.112582	0.0805
1133.7490003108978	81.255024	1334	0	0.101152	0.0805
1135.748000383377	13.111944	1284	0	0.136136	0.0805
1137.7490003108978	74.604624	1278	0	0.121643	0.0805
1139.7470002174377	74.144848	1228	0	0.103313	0.0805
1141.7540001869202	85.03792	1208	0	0.103303	0.0805
1143.7470002174377	79.41056	1248	0	0.094507	0.0805
1145.7439999580383	88.737992	1288	0	0.102642	0.0805
1147.7470002174377	70.357552	1288	0	0.109306	0.0805
1149.748000383377	85.537952	1294	0	0.119473	0.0805
1151.746000289917	83.664584	1330	0	0.113146	0.0805
1153.748000383377	79.347824	1302	0	0.097493	0.0805
1155.7439999580383	75.596752	1244	0	0.112189	0.0805
1157.7450003623962	83.69452	1224	0	0.097935	0.0805
1159.7500002384186	84.918264	1224	0	0.101465	0.0805
1161.746000289917	86.573904	1234	0	0.098132	0.0805
1163.7450003623962	86.573904	1234	0	0.092125	0.0805
1165.7470002174377	90.136496	1284	0	0.10192	0.0805
1167.7470002174377	80.643664	1284	0	0.100015	0.0805
1169.746000289917	35.455456	1396	0	0.116876	0.0805
1171.748000383377	80.595792	1316	0	0.12335	0.0805
1173.748000383377	84.425536	1312	0	0.113039	0.0805
1175.7540001869202	84.17164	1272	0	0.105188	0.0805
1177.7470002174377	86.534968	1254	0	0.096833	0.0805
1179.7450003623962	86.058544	1254	0	0.10056	0.0805
1181.7470002174377	83.977744	1246	0	0.092698	0.0805
1183.7439999580383	80.49184	1246	0	0.11191	0.0805
1185.7450003623962	79.785392	1246	0	0.100618	0.0805
1187.746000289917	77.5054	1228	0	0.0919	0.0805
1189.748000383377	77.814784	1146	0	0.111183	0.0805
1191.748000383377	75.57732	1258	0	0.100023	0.0805
1193.75200009346	74.266696	1258	0	0.109029	0.0805
1195.7490003108978	74.266696	1246	0	0.109143	0.0805
1197.7470002174377	85.338608	1388	0	0.113829	0.0805
1199.746000289917	81.56064	1388	0	0.104533	0.0805
1201.7490003108978	67.720912	1370	0	0.109323	0.0805
1203.748000383377	71.718272	1370	0	0.127184	0.0805
1205.7439999580383	78.342968	1370	0	0.097539	0.0805
1207.748000383377	78.342968	1368	0	0.102238	0.0805
1209.748000383377	78.342968	1368	0	0.131037	0.0805
1211.7470002174377	78.342968	1368	0	0.097375	0.0805
1213.7580001354218	66.944688	1130	0	0.105622	0.0805
1215.7470002174377	62.913912	1116	0	0.09847	0.0805
1217.748000383377	74.946736	1155	0	0.101576	0.0805
1219.755000114441	74.946736	1200	0	0.102966	0.0805
1221.748000383377	75.9702	1200	0	0.102388	0.0805
1223.746000289917	65.985504	1206	0	0.111879	0.0805
1225.7450003623962	65.985504	1192	0	0.088199	0.080316
1227.746000289917	65.985504	1192	0	0.102195	0.080316
1229.748000383377	65.985504	1192	0	0.095219	0.080316
1231.746000289917	75.445832	1252	0	0.102128	0.080316
1233.7439999580383	73.71076	1252	0	0.137894	0.080316
1235.7450003623962	85.593344	1258	0	0.100825	0.080316
1237.7439999580383	88.762248	1352	0	0.10605	0.080316
1239.7450003623962	75.554272	1332	0	0.098428	0.080316
1241.7510001659393	75.554272	1332	0	0.101726	0.080316
1243.7450003623962	75.554272	1332	0	0.098	0.080316
1245.7450003623962	8.242056	1332	0	0.331023	0.080316
1247.746000289917	37.3826	1332	0	0.122273	0.080316
1249.748000383377	0.091976	190	0	0.095157	0.080316
1251.746000289917	14.303928	222	0	0.08568	0.080316
1253.7450003623962	16.570424	254	0	0.087328	0.079423
1255.748000383377	16.934408	306	0	0.084369	0.079423
1257.748000383377	22.368024	318	0	0.084829	0.079423
1259.7490003108978	26.76264	376	0	0.085077	0.079423
1261.746000289917	18.220888	395	0	0.085577	0.079423
1263.746000289917	31.794168	458	0	0.087722	0.079423
1265.7500002384186	34.853632	508	0	0.086538	0.078752
1267.7470002174377	34.631368	524	0	0.091235	0.078752
1269.7530002593994	34.615064	600	0	0.086494	0.078752
1271.748000383377	42.460704	626	0	0.089321	0.078752
1273.7500002384186	43.568576	662	0	0.087859	0.078752
1275.7470002174377	44.098504	662	0	0.092132	0.078752
1277.7439999580383	45.921304	698	0	0.090368	0.078752
1279.7450003623962	46.01728	696	0	0.096871	0.078752
1281.746000289917	52.202792	746	0	0.088057	0.078752
1283.746000289917	52.958368	752	0	0.090857	0.078752
1285.746000289917	50.46152	774	0	0.096692	0.078752
1287.7530002593994	50.46152	774	0	0.088855	0.078752
1289.746000289917	50.46152	800	0	0.093182	0.078752
1291.7470002174377	50.758024	784	0	0.096509	0.078752
1294.0	51.714104	854	0	0.092943	0.078752
1295.996000289917	54.137	854	0	0.096173	0.078752
1297.996000289917	54.137	854	0	0.087823	0.078752
1299.996000289917	54.137	854	0	0.093585	0.078752
1301.9990000724792	54.137	852	0	0.096029	0.078752
1303.996000289917	54.137	852	0	0.091976	0.078752
1305.9950001239777	54.137	852	0	0.088231	0.078752
1307.9970002174377	0.239584	10	0	0.088682	0.078752
1311.2510001659393	5.339648	90	0	0.087523	0.078752
1312.3810002803802	10.327864	172	39	0.085609	0.078752
1314.0	15.927448	228	0	0.084729	0.078752
1315.8670001029968	18.834168	300	0	0.086783	0.078752
1317.9980001449585	25.644064	355	0	0.091826	0.078752
1319.9990000724792	2.40736	424	0	0.085182	0.078752
1322.00200009346	28.083424	438	0	0.088377	0.078752
1324.007000207901	36.075344	522	0	0.087791	0.078752
1326.0	46.89036	684	0	0.088007	0.078752
1328.0	56.577384	814	0	0.090934	0.078752
1329.9970002174377	59.924624	854	0	0.098617	0.078752
1331.9990000724792	56.014312	984	0	0.09537	0.078752
1333.9950001239777	67.567192	1010	0	0.094309	0.078752
1335.996000289917	66.508976	1012	0	0.089859	0.078752
1337.9970002174377	75.402696	1060	0	0.098743	0.078752
1339.8620002269745	9.96032	1074	0	0.096846	0.078752
1341.996000289917	25.471552	1074	0	0.096031	0.078752
1344.0	68.400168	1074	0	0.100573	0.078752
1346.0010001659393	82.829616	1256	0	0.100612	0.078752
1347.9930002689362	82.829616	4	0	0.099782	0.078752
1349.9990000724792	82.829616	1268	0	0.088544	0.078752
1352.00200009346	82.829616	1268	0	0.101211	0.078752
1354.0040004253387	82.829616	1258	0	0.10495	0.078752
1356.00200009346	4.08408	1246	0	0.095693	0.078752
1358.007000207901	36.00436	1246	0	0.103802	0.078752
1359.996000289917	36.00436	1246	0	0.088946	0.078752
1362.0030000209808	36.00436	1252	0	0.09943	0.078752
1363.853000164032	84.156192	1212	0	0.099591	0.078752
1365.996000289917	80.605936	1212	0	0.100296	0.078752
1368.0	80.605936	1254	0	0.100376	0.078752
1370.0010001659393	80.605936	1256	0	0.096535	0.078752
1371.9980001449585	17.239056	1234	0	0.122639	0.078752
1373.9990000724792	27.952984	1234	0	0.093635	0.078752
1376.0	32.90472	1234	0	0.096499	0.078752
1377.9980001449585	36.580416	1212	0	0.101437	0.078752
1379.9990000724792	58.307768	1212	0	0.091495	0.078752
1382.0060002803802	58.307768	1212	0	0.095846	0.078752
1383.9990000724792	76.913232	1128	0	0.096646	0.078752
1386.0010001659393	76.913232	1128	0	0.095844	0.078752
1388.0	65.658136	1154	0	0.09228	0.078752
1389.9980001449585	39.86936	1140	0	0.100118	0.078752
1391.9980001449585	39.86936	1140	0	0.100468	0.078752
1393.9990000724792	39.86936	1140	0	0.091408	0.078752
1395.9970002174377	39.86936	1140	0	0.10136	0.078752
1397.9980001449585	39.86936	1146	0	0.097478	0.078752
1399.9990000724792	39.86936	4	0	0.096589	0.078752
1401.9990000724792	39.86936	1142	0	0.091609	0.078752
1403.9980001449585	39.86936	1124	0	0.09313	0.078752
1405.9970002174377	12.870984	186	0	0.101104	0.078752
1408.0060002803802	13.576336	226	0	0.085284	0.078752
1409.9990000724792	17.100848	272	0	0.089382	0.078752
1411.8670001029968	19.990912	282	0	0.084797	0.078752
1413.996000289917	20.399672	328	0	0.085365	0.078752
1415.9990000724792	24.052464	334	0	0.085096	0.078752
1417.9990000724792	25.853192	444	0	0.089718	0.078752
1419.9970002174377	33.76268	480	0	0.085192	0.078752
1421.9990000724792	35.853728	532	0	0.08536	0.078752
1423.9980001449585	33.562888	554	0	0.086768	0.078752
1425.9950001239777	33.562888	554	0	0.093236	0.078752
1427.996000289917	33.562888	558	0	0.086817	0.078752
1429.996000289917	33.562888	556	0	0.08652	0.078752
1431.9980001449585	33.562888	556	0	0.087313	0.078752
1433.9980001449585	33.562888	556	0	0.088727	0.078752
1435.9990000724792	33.562888	556	0	0.086884	0.078752
1437.9970002174377	40.618608	551	0	0.090362	0.078752
1440.0040004253387	41.193904	640	0	0.092519	0.078752
1441.9980001449585	48.951352	706	0	0.087951	0.078752
1443.996000289917	46.007984	772	0	0.094602	0.078752
1445.9990000724792	54.958408	780	0	0.087104	0.078752
1447.996000289917	59.817536	896	0	0.097967	0.078752
1449.9980001449585	49.928776	924	0	0.106154	0.078752
1452.0010001659393	61.874664	972	0	0.095865	0.078752
1453.9970002174377	78.635544	1119	0	0.10409	0.078752
1455.9990000724792	68.656	1212	0	0.091434	0.078752
1457.996000289917	79.926472	1228	0	0.098166	0.078752
1460.0050003528595	79.926472	1222	0	0.088369	0.078752
1461.9980001449585	72.289	1216	0	0.106388	0.078752
1463.9980001449585	83.666048	1216	0	0.099245	0.078752
1466.0	73.163872	1218	0	0.093543	0.078752
1467.996000289917	79.032752	1204	0	0.122309	0.078752
1470.0050003528595	81.338168	1198	0	0.098384	0.078752
1471.996000289917	82.324832	1190	0	0.102541	0.078752
1473.9970002174377	74.868928	1190	0	0.101581	0.078752
1475.9970002174377	70.668424	1178	0	0.089511	0.078752
1478.0050003528595	63.958144	1180	0	0.107204	0.078752
1479.996000289917	75.915288	1192	0	0.09128	0.078752
1481.9970002174377	85.305248	1212	0	0.100369	0.078752
1483.9990000724792	83.62532	1218	0	0.101898	0.078752
1486.0030000209808	17.44928	1212	0	0.112586	0.078752
1487.9970002174377	33.616504	1224	0	0.100634	0.078752
1489.9950001239777	38.12888	1218	0	0.096032	0.078752
1491.996000289917	77.069688	1224	0	0.098206	0.078752
1493.996000289917	77.069688	1224	0	0.097116	0.078752
1495.996000289917	77.069688	1224	0	0.098542	0.078752
1497.996000289917	77.069688	1224	0	0.106068	0.078752
1499.9970002174377	77.069688	4	0	0.098282	0.078752
1502.0030000209808	26.147928	1128	0	0.113257	0.078752
1503.9980001449585	31.224376	1128	0	0.089941	0.078752
1505.996000289917	31.224376	1128	0	0.097741	0.078752
1507.9980001449585	31.224376	1128	0	0.089614	0.078752
1509.9970002174377	31.224376	1128	0	0.10142	0.078752
1511.9970002174377	34.49904	4	0	0.095948	0.078752
1513.996000289917	34.49904	1126	0	0.099267	0.078752
1516.0040004253387	34.49904	1126	0	0.09645	0.078752
1517.9970002174377	74.659792	1092	0	0.094644	0.078752
1520.0	74.659792	1092	0	0.095316	0.078752
1521.996000289917	74.659792	1092	0	0.101166	0.078752
1523.9990000724792	74.659792	1092	0	0.098309	0.078752
1525.9980001449585	71.27208	1148	0	0.104612	0.078752
1527.996000289917	65.384664	1130	0	0.096829	0.078752
1529.996000289917	65.384664	1128	0	0.095872	0.078752
1531.9990000724792	65.384664	1098	0	0.09554	0.078752
1533.9970002174377	65.384664	1098	0	0.101569	0.078752
1535.9970002174377	65.384664	1098	0	0.105785	0.078752
1538.0780000686646	65.384664	1098	0	0.093715	0.078752
1539.9970002174377	65.384664	1098	0	0.127649	0.078752
1541.9990000724792	65.81572	964	0	0.095454	0.078752
1544.2450003623962	60.853336	966	0	0.093711	0.078752
1546.0950000286102	60.853336	962	0	0.086654	0.078752
1548.2470002174377	63.709296	962	0	0.095209	0.078752
1550.2480001449585	63.709296	962	0	0.102002	0.078752
1552.2530002593994	65.502496	976	0	0.089192	0.078752
1554.2500002384186	65.502496	976	0	0.093926	0.078752
1556.2490003108978	65.502496	976	0	0.09312	0.078752
1558.2470002174377	65.502496	984	0	0.096954	0.078752
1560.2480001449585	25.306808	978	0	0.101858	0.078752
1562.246000289917	64.711888	978	0	0.089999	0.078752
1564.2470002174377	58.586624	954	0	0.095045	0.078752
1566.2470002174377	27.163416	948	0	0.09622	0.078818
1568.2480001449585	62.172912	930	0	0.09574	0.078818
1570.1010003089905	62.172912	936	0	0.09063	0.078818
1572.2430000305176	62.90376	936	0	0.092397	0.078818
1574.246000289917	56.399656	888	0	0.096684	0.078818
1576.2450003623962	56.399656	888	0	0.089036	0.078818
1578.2490003108978	56.399656	4	0	0.088427	0.078818
1580.246000289917	53.29164	894	0	0.088847	0.078818
1582.2520003318787	53.29164	894	0	0.092077	0.078818
1584.2510001659393	53.29164	894	0	0.094149	0.078818
1586.2490003108978	53.29164	894	0	0.097566	0.078818
1588.2530002593994	53.29164	894	0	0.094654	0.078818
1590.2470002174377	53.132928	920	0	0.094188	0.078818
1592.2480001449585	63.674016	932	0	0.094716	0.078818
1594.092000246048	66.690152	960	0	0.089722	0.078818
1596.2490003108978	30.44684	954	0	0.110674	0.078818
1598.2520003318787	60.679648	954	0	0.095242	0.078818
1600.2480001449585	60.679648	954	0	0.093084	0.078818
1602.2450003623962	60.679648	966	0	0.094909	0.078818
1604.2490003108978	60.679648	966	0	0.089022	0.078818
1606.2470002174377	58.887296	914	0	0.095141	0.078818
1608.2450003623962	25.748704	912	0	0.098277	0.078818
1610.246000289917	25.748704	912	0	0.088035	0.078818
1612.2480001449585	29.814456	4	0	0.094841	0.078818
1614.2480001449585	58.362496	896	0	0.091751	0.078818
1616.2450003623962	67.170768	1048	0	0.100032	0.078818
1618.092000246048	67.170768	1048	0	0.088975	0.078818
1620.2510001659393	71.653656	1070	0	0.095838	0.078818
1622.2470002174377	56.953968	1076	0	0.10231	0.078818
1624.2450003623962	63.423672	1080	0	0.092405	0.078818
1626.2470002174377	63.423672	1080	0	0.094805	0.078818
1628.2490003108978	63.423672	1072	0	0.090546	0.078818
1630.246000289917	63.76544	1072	0	0.099358	0.078818
1632.2470002174377	63.76544	1072	0	0.09628	0.078818
1634.2480001449585	43.636712	982	0	0.141369	0.078818
1636.2470002174377	64.673992	963	0	0.09493	0.078818
1638.246000289917	64.673992	968	0	0.093733	0.078818
1640.246000289917	26.772264	950	0	0.097895	0.078818
1642.2480001449585	68.343032	976	0	0.087366	0.078818
1644.2470002174377	64.300552	976	0	0.095877	0.078818
1646.2470002174377	69.892464	990	0	0.093075	0.078818
1648.2500002384186	69.892464	990	0	0.097426	0.078818
1650.2510001659393	69.892464	4	0	0.10027	0.078818
1652.2470002174377	71.611376	1028	0	0.091064	0.078818
1654.2470002174377	66.617632	1044	0	0.097178	0.078818
1656.257000207901	66.617632	1044	0	0.096408	0.078818
1658.2480001449585	71.239664	1038	0	0.090485	0.078818
1660.2470002174377	72.62952	1128	0	0.09553	0.078818
1662.246000289917	71.52116	1128	0	0.090455	0.078818
1664.2480001449585	71.52116	1128	0	0.094145	0.078818
1666.2480001449585	67.232912	1134	0	0.093375	0.078818
1668.2470002174377	69.906944	1134	0	0.104076	0.078818
1670.2470002174377	69.906944	1162	0	0.092005	0.078818
1672.2470002174377	62.548672	1020	0	0.09956	0.078818
1674.2470002174377	69.959848	1020	0	0.09355	0.078818
1676.2470002174377	69.959848	1018	0	0.090338	0.078818
1678.2490003108978	69.959848	1018	0	0.096457	0.078818
1680.2610001564026	68.389896	996	0	0.097302	0.078818
1682.2480001449585	68.389896	996	0	0.093749	0.078818
1684.2470002174377	70.474256	1028	0	0.092839	0.078818
1686.246000289917	70.474256	1052	0	0.089792	0.078818
1688.2470002174377	66.955176	1052	0	0.105609	0.078818
1690.2470002174377	68.932	1052	0	0.09587	0.078818
1692.2480001449585	68.932	1052	0	0.09161	0.078818
1694.2470002174377	68.932	1052	0	0.092204	0.078818
1696.2480001449585	68.932	1048	0	0.089162	0.078818
1698.2480001449585	68.932	1048	0	0.092354	0.078818
1700.2470002174377	68.932	1036	0	0.094881	0.078818
1702.2500002384186	67.174776	980	0	0.0962	0.078818
1704.2520003318787	64.32412	956	0	0.09882	0.078818
1706.246000289917	67.24488	990	0	0.108939	0.078818
1708.2480001449585	65.72316	990	0	0.095353	0.078818
1710.2540001869202	65.72316	984	0	0.097542	0.078818
1712.2520003318787	70.16068	1166	0	0.091093	0.08004
1714.2530002593994	73.406368	1166	0	0.102861	0.08004
1716.2490003108978	62.731536	1168	0	0.140587	0.08004
1718.2670001983643	62.731536	1168	0	0.096271	0.08004
1720.2540001869202	74.125392	1210	0	0.088888	0.08004
1722.255000114441	69.551672	1238	0	0.098052	0.08004
1724.2500002384186	80.802056	1162	0	0.100631	0.08004
1726.2520003318787	69.260096	1160	0	0.101604	0.08004
1728.2470002174377	69.260096	1152	0	0.10317	0.08004
1730.2610001564026	69.260096	1152	0	0.091153	0.08004
1732.2520003318787	80.848944	1158	0	0.103488	0.08004
1734.2510001659393	14.079008	1152	0	0.104207	0.08004
1736.2500002384186	80.019272	1152	0	0.097687	0.08004
1738.2490003108978	76.429448	1158	0	0.096165	0.08004
1740.2490003108978	66.171216	1158	0	0.110937	0.08004
1742.2480001449585	66.171216	1158	0	0.101127	0.08004
1744.2520003318787	66.171216	1158	0	0.090072	0.08004
1746.2520003318787	66.171216	1148	0	0.097256	0.08004
1748.2500002384186	66.171216	1148	0	0.095099	0.08004
1750.2510001659393	66.171216	1148	0	0.098322	0.08004
1752.2510001659393	66.171216	1148	0	0.099635	0.08004
1754.2480001449585	66.171216	1148	0	0.09405	0.08004
1756.257000207901	69.406608	994	0	0.092558	0.08004
1758.2520003318787	62.036744	1064	0	0.086128	0.08004
1760.2520003318787	62.036744	1064	0	0.093722	0.08004
1762.2480001449585	69.007968	1064	0	0.092841	0.08004
1764.2490003108978	71.555136	1098	0	0.099358	0.08004
1766.2520003318787	66.232736	1098	0	0.095652	0.08004
1768.2510001659393	66.232736	1098	0	0.095778	0.08004
1770.2490003108978	67.765088	1098	0	0.098622	0.08004
1772.2490003108978	67.628024	1098	0	0.091381	0.08004
1774.2540001869202	66.639848	1022	0	0.090907	0.08004
1776.2480001449585	72.027992	1028	0	0.093225	0.08004
1778.2520003318787	6.764168	1028	0	0.092802	0.08004
1780.2510001659393	62.047816	1018	0	0.097058	0.08004
1782.2650003433228	67.657936	1018	0	0.090504	0.08004
1784.2490003108978	65.711264	1018	0	0.098321	0.08004
1786.2490003108978	66.708632	996	0	0.089427	0.08004
1788.2480001449585	72.607816	1030	0	0.100115	0.08004
1790.2520003318787	68.513032	4	0	0.094468	0.08004
1792.2510001659393	59.06376	1036	0	0.091936	0.08004
1794.4980001449585	72.09876	1040	0	0.092935	0.08004
1796.5000002384186	74.936496	1068	0	0.09412	0.08004
1798.4990000724792	74.936496	1068	0	0.099613	0.08004
1800.5000002384186	74.936496	1068	0	0.09216	0.08004
1802.5050003528595	6.15164	1082	0	0.099395	0.08004
1804.4990000724792	20.30044	1078	0	0.091846	0.08004
1806.5000002384186	77.735688	1118	0	0.090583	0.08004
1808.4980001449585	12.638216	1112	0	0.117332	0.08004
1810.4980001449585	64.088544	1102	0	0.093019	0.08004
1812.4960000514984	64.088544	1102	0	0.098219	0.08004
1814.5010001659393	64.088544	1108	0	0.092266	0.08004
1816.4990000724792	71.242336	1048	0	0.092837	0.08004
1818.4990000724792	71.242336	1048	0	0.093172	0.08004
1820.5000002384186	71.242336	1048	0	0.089467	0.08004
1822.4970002174377	48.913704	1081	0	0.090888	0.08004
1824.4980001449585	48.913704	1140	0	0.094164	0.08004
1826.4980001449585	48.913704	1124	0	0.089094	0.08004
1828.5480003356934	48.913704	1130	0	0.098049	0.08004
1830.5000002384186	1.548496	32	0	0.085468	0.08004
1832.4980001449585	3.22152	54	0	0.088269	0.08004
1834.4990000724792	5.98632	92	0	0.085197	0.08004
1836.4960000514984	7.698888	116	0	0.089285	0.08004
1838.5030000209808	8.931488	150	0	0.085215	0.08004
1840.4990000724792	14.643736	214	0	0.084834	0.08004
1842.5060002803802	16.855864	284	0	0.088074	0.078222
1844.5010001659393	21.733616	352	0	0.084876	0.078222
1846.4980001449585	25.58084	352	0	0.084947	0.078222
1848.5010001659393	27.888936	370	0	0.086065	0.078222
1850.4980001449585	30.397336	444	0	0.087602	0.078222
1852.4980001449585	27.166928	454	0	0.087404	0.078222
1854.5030000209808	37.895496	554	0	0.08569	0.078222
1856.4980001449585	19.418944	551	0	0.092086	0.078222
1858.4960000514984	19.418944	616	0	0.087396	0.078222
1860.4980001449585	19.418944	616	0	0.089392	0.078222
1862.5030000209808	42.192968	620	0	0.090522	0.078222
1864.4990000724792	42.547896	688	0	0.087079	0.078222
1866.5000002384186	42.16868	714	0	0.093058	0.078222
1868.4980001449585	49.979696	716	0	0.094897	0.078222
1870.4990000724792	49.77952	716	0	0.09815	0.078222
1872.4990000724792	47.543072	746	0	0.085123	0.078222
1874.4980001449585	47.197784	746	0	0.093861	0.078222
1876.4990000724792	52.141232	784	0	0.094623	0.078222
1878.5050003528595	50.312528	780	0	0.085056	0.078222
1880.4960000514984	56.595936	830	0	0.10126	0.078222
1882.5000002384186	58.819816	860	0	0.091926	0.078222
1884.4990000724792	53.569352	870	0	0.09375	0.078222
1886.5010001659393	53.569352	872	0	0.092027	0.078222
1888.5060002803802	57.018544	914	0	0.087478	0.078222
1890.5000002384186	57.015096	914	0	0.094492	0.078222
1892.4980001449585	58.489752	944	0	0.088983	0.078222
1894.4990000724792	63.22852	1034	0	0.094597	0.078222
1896.5010001659393	72.269328	1058	0	0.093244	0.078222
1898.4990000724792	72.48276	1094	0	0.091358	0.078222
1900.5000002384186	72.48276	1100	0	0.093454	0.078222
1902.4990000724792	65.891528	1134	0	0.096139	0.078222
1904.4980001449585	37.104904	4	0	0.117337	0.078222
1906.4970002174377	75.200432	1134	0	0.089808	0.078222
1908.50200009346	75.200432	1140	0	0.099023	0.078222
1910.5030000209808	71.981568	1134	0	0.097144	0.078222
1912.4990000724792	79.608928	1140	0	0.092299	0.078222
1914.4990000724792	66.251888	1140	0	0.107922	0.078222
1916.5039999485016	69.06536	1172	0	0.099824	0.078222
1918.4990000724792	78.348144	1162	0	0.1006	0.078222
1920.50200009346	68.009952	1156	0	0.103159	0.078222
1922.5039999485016	62.46544	1156	0	0.121965	0.078222
1924.4980001449585	73.979896	1118	0	0.109223	0.078222
1926.5050003528595	73.979896	1118	0	0.089318	0.078222
1928.5039999485016	73.979896	1118	0	0.099956	0.078222
1930.50200009346	73.979896	1124	0	0.091191	0.078222
1932.5039999485016	78.67728	1106	0	0.11032	0.078222
1934.5000002384186	62.94428	4	0	0.102003	0.078222
1936.5000002384186	72.60504	1126	0	0.094628	0.078222
1938.5050003528595	70.912752	1120	0	0.110674	0.078222
1940.4980001449585	71.62264	1120	0	0.098544	0.078222
1942.50200009346	72.102408	1078	0	0.101161	0.078222
1944.5010001659393	66.359984	1080	0	0.118465	0.078222
1946.4990000724792	69.652288	1108	0	0.095112	0.078222
1948.5000002384186	67.714288	1108	0	0.102389	0.078222
1950.5000002384186	67.714288	1114	0	0.093533	0.078222
1952.4990000724792	71.76704	1114	0	0.10127	0.078222
1954.4990000724792	71.76704	1124	0	0.090087	0.078222
1956.4990000724792	71.286208	1124	0	0.091048	0.078222
1958.50200009346	71.286208	1124	0	0.112241	0.078222
1960.5000002384186	71.286208	1124	0	0.104474	0.078222
1962.5000002384186	12.387432	1158	0	0.104019	0.078222
