0.0	34.252872	154	0	0.046874	0.020027
0.059999942779541016	29.050008	150	0	0.030547	0.020027
0.11500000953674316	33.182848	150	0	0.025809	0.020027
0.1960000991821289	33.919784	144	5	0.027943	0.020027
0.40799999237060547	32.275592	148	0	0.039027	0.020027
0.7249999046325684	33.451944	152	0	0.045652	0.020027
1.064000129699707	30.195904	148	0	0.047328	0.020027
1.4470000267028809	34.243944	150	0	0.047385	0.020027
1.8289999961853027	35.366928	144	5	0.042206	0.020027
3.3440001010894775	27.901008	144	0	0.041078	0.020027
5.338000059127808	27.410776	138	0	0.027451	0.020027
7.3460001945495605	34.476648	158	0	0.049897	0.020027
9.336999893188477	33.158976	156	0	0.029916	0.020027
11.338000059127808	33.711136	158	0	0.049653	0.020027
13.341000080108643	34.80376	158	0	0.049794	0.020027
15.335999965667725	33.678832	158	0	0.049504	0.020027
17.342000007629395	32.441152	148	0	0.04642	0.020027
19.342000007629395	33.95652	150	0	0.025147	0.020027
21.347000122070312	31.73028	164	0	0.049701	0.020027
23.35199999809265	33.591464	164	0	0.053465	0.020027
25.336999893188477	33.429792	154	0	0.047811	0.020027
27.336999893188477	29.721152	148	0	0.046192	0.020027
29.335999965667725	30.408296	158	0	0.027429	0.020027
31.338000059127808	34.577608	154	0	0.047096	0.020027
33.33699989318848	32.47652	158	0	0.025148	0.020027
35.33699989318848	31.63932	152	0	0.044308	0.020027
37.33999991416931	32.229456	170	0	0.04778	0.020027
39.34100008010864	31.84544	154	0	0.046209	0.020027
41.33699989318848	31.122592	154	0	0.042928	0.020027
43.33800005912781	31.74376	158	0	0.026545	0.020027
45.34100008010864	34.587584	156	0	0.047192	0.020027
47.33800005912781	29.938616	158	0	0.050063	0.020027
49.33800005912781	30.111424	152	0	0.047678	0.020027
51.342000007629395	28.829336	152	0	0.047374	0.020027
53.342000007629395	28.872176	150	0	0.029056	0.020027
55.342000007629395	28.134408	152	0	0.046197	0.020027
57.33899998664856	30.097248	150	0	0.025789	0.020027
59.342000007629395	31.898488	144	0	0.044332	0.020027
61.33800005912781	32.841656	150	0	0.044353	0.020027
63.34100008010864	32.68192	148	0	0.045691	0.020027
65.3420000076294	36.388496	156	0	0.046857	0.020027
67.33999991416931	32.220992	158	0	0.025846	0.020027
69.33899998664856	32.477192	150	0	0.045134	0.020027
71.33699989318848	33.703392	156	0	0.048579	0.020027
73.34100008010864	29.894456	160	0	0.051102	0.020027
75.34100008010864	33.521728	150	0	0.04215	0.020027
77.33699989318848	34.866392	152	0	0.029873	0.020027
79.33699989318848	35.512832	150	0	0.041251	0.020027
81.33999991416931	33.282488	156	0	0.02835	0.020027
83.33999991416931	33.491216	148	0	0.04441	0.020027
85.33800005912781	28.953408	150	0	0.05249	0.020027
87.34100008010864	32.01372	154	0	0.048709	0.020027
89.34100008010864	32.758736	156	0	0.048462	0.020027
91.33699989318848	33.386688	154	0	0.025245	0.020027
93.33999991416931	34.002568	148	0	0.045508	0.020027
95.33800005912781	34.37436	158	0	0.050088	0.020027
97.33800005912781	32.315328	158	0	0.047522	0.020027
99.33800005912781	29.42852	152	0	0.040623	0.020027
101.33800005912781	33.41452	146	0	0.036078	0.020027
103.34100008010864	32.866216	172	0	0.053727	0.020027
105.33999991416931	34.027344	166	0	0.027489	0.020027
107.33999991416931	35.235592	162	0	0.048877	0.020027
109.34100008010864	32.33436	156	0	0.041985	0.020027
111.34100008010864	32.914648	156	0	0.048061	0.020027
113.33800005912781	32.680984	156	0	0.048688	0.020027
115.3420000076294	33.473168	154	0	0.029527	0.020027
117.3420000076294	35.155616	146	0	0.046175	0.020027
119.3420000076294	32.649168	150	0	0.046332	0.020027
121.34100008010864	33.424624	160	0	0.051397	0.020027
123.34400010108948	33.722416	154	0	0.047249	0.020027
125.34300017356873	30.186272	152	0	0.042697	0.020027
127.33899998664856	33.062208	152	0	0.041166	0.020027
129.3399999141693	34.620936	152	0	0.027342	0.020027
131.34100008010864	34.694528	156	0	0.049296	0.020027
133.34100008010864	33.5234	150	0	0.050609	0.020027
135.3420000076294	31.842584	144	0	0.043918	0.020027
137.3420000076294	34.275928	146	0	0.046981	0.020027
139.3399999141693	34.277936	170	0	0.028139	0.020027
141.33899998664856	32.784648	150	0	0.045243	0.020027
143.34100008010864	33.524416	144	0	0.044823	0.020027
145.3399999141693	34.520776	154	0	0.046274	0.020027
147.34100008010864	29.031968	162	0	0.052021	0.020027
149.34100008010864	33.815864	154	0	0.029344	0.020027
151.3420000076294	33.98152	152	0	0.04817	0.020027
153.34100008010864	33.268608	156	0	0.028957	0.020027
155.34100008010864	30.717568	154	0	0.049048	0.020027
157.34100008010864	30.312024	144	0	0.042478	0.020027
159.34100008010864	34.86776	152	0	0.046769	0.020027
161.34400010108948	34.676912	156	0	0.05087	0.020027
163.34100008010864	33.706808	154	0	0.028357	0.020027
165.33899998664856	32.323424	148	0	0.040843	0.020027
167.3399999141693	32.04824	160	0	0.032201	0.020027
169.3399999141693	33.101032	160	0	0.048493	0.020027
171.3399999141693	32.955112	154	0	0.047896	0.020027
173.3399999141693	33.180504	150	0	0.025392	0.020027
175.3399999141693	29.562768	154	0	0.045899	0.020027
177.3399999141693	32.51864	150	0	0.026399	0.020027
179.3399999141693	33.407384	154	0	0.048886	0.020027
181.3399999141693	31.050728	148	0	0.047735	0.020027
183.3399999141693	32.625696	152	0	0.04629	0.020027
185.3399999141693	32.87348	148	0	0.040548	0.020027
187.33899998664856	31.337008	154	0	0.025762	0.020027
189.33899998664856	35.497576	156	0	0.044603	0.020027
191.3399999141693	30.487824	156	0	0.048261	0.020027
193.5880000591278	35.342968	152	0	0.046371	0.020027
195.58899998664856	34.453288	156	0	0.035395	0.020027
197.59100008010864	32.208648	158	0	0.025229	0.020027
199.58899998664856	35.076008	156	0	0.035811	0.020027
201.5920000076294	31.080184	158	0	0.024245	0.02
203.58899998664856	33.66416	158	0	0.028978	0.02
205.58700013160706	35.116976	158	0	0.048682	0.02
207.5880000591278	35.322344	158	0	0.049678	0.02
209.5880000591278	31.000632	154	0	0.044338	0.02
211.5899999141693	32.217864	153	0	0.024975	0.02
213.58899998664856	30.060576	158	0	0.037547	0.02
215.38700008392334	35.571752	150	0	0.027017	0.02
217.58899998664856	33.438304	144	0	0.031656	0.02
219.5899999141693	31.789136	152	0	0.029072	0.02
221.58899998664856	34.366056	152	0	0.025439	0.02
223.6010000705719	36.100024	154	0	0.031184	0.02
225.58899998664856	32.72048	152	0	0.024746	0.02
227.5880000591278	33.394768	170	0	0.028217	0.02
229.5880000591278	32.068128	162	0	0.030892	0.02
231.5880000591278	33.045728	166	0	0.038593	0.02
233.59100008010864	34.06652	170	0	0.030366	0.02
235.5880000591278	32.5138	162	0	0.024378	0.02
237.58899998664856	40.342888	164	0	0.032224	0.02
239.58899998664856	34.6074	154	0	0.02838	0.02
241.5880000591278	36.80492	156	0	0.027593	0.02
243.59400010108948	32.601264	162	0	0.038589	0.02
245.58899998664856	34.103328	164	0	0.02541	0.02
247.59100008010864	36.493736	164	0	0.052688	0.02
249.58899998664856	30.838976	164	0	0.026685	0.02
251.5920000076294	32.097104	164	0	0.05029	0.02
253.5899999141693	32.182128	168	0	0.04614	0.02
255.5899999141693	32.897928	168	0	0.052733	0.02
257.58899998664856	39.049464	170	0	0.052578	0.02
259.5880000591278	29.940368	160	0	0.02761	0.02
261.58899998664856	34.344744	150	0	0.037383	0.02
263.58899998664856	30.140376	152	0	0.027713	0.02
265.5880000591278	34.726088	158	0	0.032079	0.02
267.59100008010864	36.451056	168	0	0.039936	0.02
269.5920000076294	27.968216	168	0	0.026369	0.02
271.5880000591278	31.0318	150	0	0.047313	0.02
273.5899999141693	30.121312	150	0	0.025319	0.02
275.5899999141693	32.215128	154	0	0.038209	0.02
277.59100008010864	32.96472	150	0	0.04374	0.02
279.58899998664856	33.304368	152	0	0.049291	0.02
281.5899999141693	37.913024	156	0	0.037978	0.02
283.59100008010864	32.42336	154	0	0.024901	0.02
285.5899999141693	33.983424	162	0	0.044732	0.02
287.58899998664856	27.987672	152	0	0.027323	0.02
289.58899998664856	35.065088	150	0	0.033107	0.02
291.5899999141693	30.112368	150	0	0.035562	0.02
293.5920000076294	34.48792	160	0	0.034786	0.02
295.58899998664856	34.571552	160	0	0.045381	0.02
297.5920000076294	31.358616	152	0	0.024913	0.02
299.59299993515015	35.96996	154	0	0.038726	0.02
301.59699988365173	32.311072	152	0	0.045073	0.02
303.5899999141693	34.873496	148	0	0.045157	0.02
305.59500002861023	32.246432	150	0	0.042944	0.02
307.59299993515015	32.424032	144	0	0.024831	0.02
309.59299993515015	31.257992	148	0	0.049338	0.02
311.59299993515015	32.453328	148	0	0.028535	0.02
313.59100008010864	31.497696	154	0	0.048579	0.02
315.5920000076294	34.716248	146	0	0.045004	0.02
317.5940001010895	31.2982	160	0	0.048167	0.02
319.5940001010895	29.917384	146	0	0.04584	0.02
321.59299993515015	33.023536	164	0	0.02757	0.02
323.5940001010895	34.326656	146	0	0.045811	0.02
325.59299993515015	32.306624	150	0	0.042181	0.02
327.59299993515015	34.353712	144	0	0.043795	0.02
329.59299993515015	27.4946	140	0	0.045205	0.02
331.59299993515015	35.150576	150	0	0.027103	0.02
333.5940001010895	33.998784	148	0	0.046119	0.02
335.5920000076294	34.653264	156	0	0.02528	0.02
337.59299993515015	34.677128	148	0	0.044964	0.02
339.5940001010895	33.590696	146	0	0.045199	0.02
341.5940001010895	32.849712	152	0	0.047919	0.02
343.59100008010864	33.625552	142	0	0.042738	0.02
345.59299993515015	29.732936	146	0	0.026398	0.02
347.59500002861023	31.432944	146	0	0.040438	0.02
349.59299993515015	28.960256	150	0	0.050221	0.02
351.59299993515015	32.827056	150	0	0.049252	0.02
353.59299993515015	32.339432	146	0	0.049379	0.02
355.5940001010895	33.517768	150	0	0.029719	0.02
357.5940001010895	34.416584	144	0	0.043305	0.019434
359.5920000076294	31.644352	146	0	0.027108	0.019434
361.59100008010864	32.52928	142	0	0.042115	0.019434
363.59500002861023	28.88824	136	0	0.03991	0.019434
365.59299993515015	28.24612	142	0	0.025971	0.019434
367.5940001010895	32.992336	152	0	0.025732	0.019434
369.5920000076294	33.315584	164	0	0.027709	0.019434
371.5920000076294	29.110984	152	0	0.047414	0.019434
373.5940001010895	32.842224	154	0	0.043603	0.019434
375.59299993515015	34.519632	144	0	0.046406	0.019434
377.5940001010895	32.537624	4	0	0.042766	0.019434
379.5920000076294	35.189312	148	0	0.02528	0.019434
381.59299993515015	30.394672	146	0	0.045551	0.019434
383.59100008010864	32.028384	146	0	0.028443	0.019434
385.59100008010864	33.440976	152	0	0.043227	0.019434
387.5920000076294	32.975968	152	0	0.046521	0.019434
389.5920000076294	32.993696	154	0	0.048438	0.019434
391.59299993515015	30.924496	150	0	0.045756	0.019434
393.59299993515015	38.59716	156	0	0.025223	0.019434
395.59100008010864	34.307936	150	0	0.045216	0.019434
397.5920000076294	33.46376	150	0	0.044227	0.019434
399.59299993515015	33.533856	160	0	0.049565	0.019434
401.59299993515015	29.643704	158	0	0.051893	0.019434
403.59299993515015	32.58116	150	0	0.026722	0.019434
405.59299993515015	34.803808	148	0	0.043176	0.019434
407.5920000076294	31.722576	150	0	0.029311	0.019434
409.5920000076294	32.79056	164	0	0.053281	0.019434
411.5940001010895	30.362272	154	0	0.051672	0.019434
413.595999956131	33.186664	158	0	0.024794	0.019434
415.59299993515015	35.875072	168	0	0.051245	0.019434
417.5940001010895	30.862216	154	0	0.025642	0.019434
419.5940001010895	32.924104	160	0	0.04887	0.019434
421.59500002861023	34.014384	158	0	0.05191	0.019434
423.59299993515015	32.594912	152	0	0.04597	0.019434
425.59299993515015	36.42296	168	0	0.053109	0.019434
427.595999956131	33.056816	152	0	0.025241	0.019434
429.59500002861023	35.373752	154	0	0.047634	0.019434
431.595999956131	32.871408	160	0	0.025075	0.019434
433.59500002861023	28.0142	150	0	0.047708	0.019434
435.5940001010895	32.245616	144	0	0.04439	0.019434
437.59500002861023	36.807744	152	0	0.047072	0.019434
439.5940001010895	35.459232	146	0	0.043847	0.019434
441.59500002861023	31.241392	144	0	0.041225	0.019434
443.8470001220703	29.727544	140	0	0.041719	0.019434
445.6410000324249	32.884864	154	0	0.025665	0.019434
447.8440001010895	33.20992	154	0	0.048378	0.019434
449.8550000190735	33.653008	150	0	0.046973	0.019434
451.84500002861023	31.59244	151	0	0.024537	0.019434
453.8440001010895	35.278592	156	0	0.047683	0.019434
455.8440001010895	34.67564	154	0	0.028957	0.019434
