0.0	21.320544	464	247	0.097748	0.073764
0.16300010681152344	31.024712	444	0	0.116171	0.073764
0.31099987030029297	31.024712	444	0	0.098883	0.073764
0.5470001697540283	31.024712	440	0	0.120585	0.073764
1.2450001239776611	0.240984	440	0	0.126676	0.073764
2.187999963760376	21.101456	438	0	0.105385	0.073764
3.7209999561309814	30.057984	498	0	0.107514	0.073764
4.941999912261963	19.91208	502	1	0.120259	0.073764
5.752000093460083	0.138344	434	0	0.111768	0.073764
6.269999980926514	30.561984	434	0	0.104222	0.073764
6.608000040054321	25.021368	414	0	0.108813	0.073764
7.361000061035156	21.51344	414	0	0.166362	0.073764
9.61299991607666	7.268824	472	0	0.112843	0.073764
11.361999988555908	15.355976	518	0	0.200339	0.073764
13.369999885559082	23.332744	540	0	0.151604	0.073764
15.380000114440918	22.725152	540	0	0.132254	0.073764
17.36300015449524	6.467888	524	0	0.177009	0.073764
19.36300015449524	33.150208	568	0	0.108003	0.073764
21.361999988555908	0.120848	496	0	0.23757	0.073764
23.360000133514404	30.060872	486	0	0.136386	0.073764
25.611000061035156	28.45012	494	0	0.117403	0.073764
27.381999969482422	10.86248	494	0	0.162816	0.073764
29.368000030517578	14.227776	494	0	0.163773	0.073764
31.361999988555908	23.828368	4	0	0.193163	0.073764
33.37100005149841	22.231912	442	0	0.17382	0.073764
35.360000133514404	6.0306	440	0	0.26354	0.073764
37.365999937057495	11.091072	442	0	0.23523	0.073764
39.38000011444092	0.490544	412	0	0.145161	0.073764
41.361000061035156	14.025184	414	0	0.135279	0.073764
43.361000061035156	25.071496	340	0	0.109065	0.073764
45.35800004005432	2.102048	334	0	0.173634	0.073764
47.35899996757507	2.661688	350	0	0.223815	0.073764
49.36199998855591	23.27852	398	0	0.106283	0.073764
51.36300015449524	1.529024	398	0	0.127019	0.073764
53.360000133514404	22.205912	404	0	0.116428	0.073764
55.35899996757507	23.060448	450	0	0.150601	0.073764
57.361000061035156	1.12504	410	0	0.178328	0.073764
59.37100005149841	20.676272	386	0	0.150015	0.073764
61.62100005149841	18.874056	384	0	0.25412	0.073764
63.36199998855591	14.724152	386	0	0.170506	0.073764
65.36400008201599	5.002	318	0	0.331117	0.073764
67.3600001335144	17.709928	324	0	0.119112	0.073764
69.36100006103516	19.90208	324	0	0.128178	0.073764
71.35899996757507	18.491392	324	0	0.11131	0.073764
73.36400008201599	22.009184	328	0	0.110949	0.073764
75.88300013542175	2.531912	362	0	0.154719	0.073764
77.3600001335144	8.792096	362	0	0.14318	0.073764
79.37199997901917	10.590512	354	0	0.105213	0.073764
81.36199998855591	11.607008	354	0	0.152951	0.073764
83.3600001335144	7.690288	314	0	0.220128	0.073764
85.35800004005432	8.096936	314	0	0.18944	0.073764
87.35899996757507	6.51104	310	0	0.186232	0.073764
89.37199997901917	0.58164	334	0	0.114253	0.073764
91.3600001335144	5.88676	348	0	0.116069	0.073764
93.37299990653992	7.756704	348	0	0.213136	0.073764
95.37600016593933	6.043568	348	0	0.282655	0.073764
97.37299990653992	21.363128	348	0	0.128434	0.073764
99.61199998855591	21.080256	328	0	0.103553	0.073764
101.61700010299683	4.357272	306	0	0.200122	0.073764
103.62000012397766	16.013568	306	0	0.175015	0.073764
105.62700009346008	5.185424	300	0	0.210867	0.073764
107.61199998855591	22.716584	308	0	0.101298	0.073764
110.09100008010864	14.106976	308	0	0.108866	0.073764
111.61299991607666	8.6078	334	0	0.174918	0.073764
113.61399984359741	15.629656	334	0	0.115729	0.073764
115.61100006103516	5.993256	334	0	0.098809	0.073764
117.86400008201599	4.248304	364	0	0.1586	0.073764
119.79200005531311	1.463576	364	0	0.155201	0.073764
121.62299990653992	4.791304	368	0	0.267091	0.073764
123.60899996757507	4.791304	368	0	0.282252	0.073764
125.72900009155273	4.791304	446	0	0.250313	0.073764
127.61199998855591	7.736576	324	0	0.385768	0.073764
129.61299991607666	20.088736	322	0	0.103008	0.073764
131.6210000514984	17.516344	322	0	0.097924	0.073764
133.61299991607666	1.064112	328	0	0.166769	0.073764
135.61299991607666	17.842984	328	0	0.14158	0.073764
137.62700009346008	17.484936	328	0	0.194863	0.073764
139.61299991607666	19.440288	302	0	0.116492	0.073764
141.6119999885559	3.623024	4	0	0.189765	0.073764
143.86500000953674	20.808112	358	0	0.140313	0.073764
146.1139998435974	4.23456	296	0	0.195376	0.073764
147.60899996757507	23.219032	306	0	0.140517	0.073764
149.625	16.84348	312	0	0.12544	0.073764
151.63899993896484	17.038656	312	0	0.13618	0.073764
153.6360001564026	20.137408	312	0	0.101939	0.073764
155.95300006866455	20.101296	312	0	0.103258	0.073764
158.61100006103516	5.414408	212	0	0.169662	0.073764
160.26700019836426	2.260712	208	0	0.196607	0.073764
161.61100006103516	7.719048	226	0	0.30676	0.073764
164.03099989891052	3.011064	246	0	0.226279	0.073764
165.60999989509583	20.0472	268	0	0.08929	0.073665
167.74500012397766	2.262264	340	0	0.175255	0.073638
169.61299991607666	24.184664	438	0	0.096766	0.073638
171.66499996185303	1.386696	440	0	0.181739	0.073638
173.6139998435974	0.15804	504	0	0.233747	0.073638
175.6119999885559	30.60392	506	0	0.162593	0.073638
177.6190001964569	0.30136	524	0	0.13417	0.073638
179.62299990653992	32.641912	526	0	0.14609	0.073638
181.61499977111816	33.743952	534	0	0.125802	0.073638
183.61800003051758	5.210472	534	0	0.234723	0.073638
185.6139998435974	36.893976	538	0	0.122552	0.073638
187.86500000953674	33.258056	534	0	0.107448	0.073638
189.60999989509583	37.706864	718	0	0.11564	0.073638
191.46700024604797	6.450496	618	0	0.151813	0.073638
193.61100006103516	18.98876	618	0	0.130518	0.073638
195.6139998435974	3.231504	610	0	0.126447	0.073638
197.6139998435974	25.937848	600	0	0.195099	0.073638
199.62199997901917	14.515504	548	0	0.274671	0.073638
201.65700006484985	28.862016	548	0	0.113711	0.073638
203.6139998435974	5.241792	476	0	0.21406	0.073638
205.61600017547607	32.378632	494	0	0.110769	0.073638
207.61100006103516	1.774352	494	0	0.121981	0.073638
209.62400007247925	24.96088	584	0	0.109855	0.073638
211.6139998435974	6.832624	584	0	0.10859	0.073638
213.61299991607666	21.866328	592	0	0.134561	0.073638
215.61299991607666	14.55744	630	0	0.116867	0.073638
217.62999987602234	5.632608	634	0	0.191151	0.073638
219.61800003051758	35.305568	566	0	0.112913	0.073638
221.63300013542175	0.27144	570	0	0.101947	0.073638
223.61499977111816	0.136296	516	0	0.18745	0.073638
225.6119999885559	34.8608	526	0	0.11118	0.073638
227.6139998435974	0.52708	530	0	0.244557	0.073638
229.625	35.926752	532	0	0.118818	0.073638
231.62199997901917	37.58648	546	0	0.116558	0.073638
233.62199997901917	31.803592	546	0	0.159161	0.073638
235.62400007247925	31.803592	562	0	0.11124	0.073638
237.62400007247925	36.1124	562	0	0.139349	0.073638
239.61700010299683	34.113776	564	0	0.105067	0.073638
241.63300013542175	18.058816	486	0	0.343068	0.073638
243.62599992752075	12.020096	496	0	0.200858	0.073638
245.89100003242493	28.47168	4	0	0.176704	0.073638
247.6119999885559	37.921392	524	0	0.116627	0.073638
249.62400007247925	8.385128	514	0	0.197508	0.073638
251.62299990653992	14.606632	512	0	0.199314	0.073638
253.62700009346008	35.200536	532	0	0.142767	0.073638
255.61499977111816	0.143064	534	0	0.149966	0.073638
257.6119999885559	36.879768	532	0	0.124222	0.073638
259.6119999885559	5.70084	550	0	0.149935	0.073638
262.12199997901917	27.36228	548	0	0.153528	0.073638
263.646999835968	36.185984	526	0	0.126456	0.073638
265.61100006103516	11.424832	546	0	0.217569	0.073638
267.62199997901917	1.19652	546	0	0.206139	0.073638
269.6289999485016	11.428736	550	0	0.270059	0.073638
271.62599992752075	11.134288	492	0	0.207536	0.073638
273.61499977111816	18.853464	548	0	0.129759	0.073638
275.6170001029968	36.465456	576	0	0.105379	0.073638
277.69400000572205	0.127984	566	0	0.123969	0.073638
279.6119999885559	0.128824	534	0	0.12354	0.073638
281.6400001049042	42.494848	610	0	0.115007	0.073638
283.6229999065399	6.400184	614	0	0.143116	0.073638
285.62000012397766	27.7728	610	0	0.243304	0.073638
287.62599992752075	11.42256	544	0	0.189705	0.073638
289.62400007247925	35.37968	544	0	0.139119	0.073638
291.62400007247925	16.372448	528	0	0.237579	0.073638
293.6139998435974	35.955008	548	0	0.14933	0.073638
295.6229999065399	35.921416	548	0	0.138362	0.073638
297.61499977111816	33.614896	544	0	0.115052	0.073638
300.10400009155273	10.693128	548	0	0.383005	0.073638
301.625	33.517456	566	0	0.112603	0.073638
303.62199997901917	6.300376	566	0	0.127107	0.073638
305.6190001964569	35.723336	556	0	0.148102	0.073638
307.62999987602234	40.274888	558	0	0.162647	0.073638
309.61499977111816	40.274888	588	0	0.128877	0.073638
311.6270000934601	38.61032	570	0	0.090584	0.073638
313.87800002098083	3.804264	568	0	0.135906	0.073638
315.61100006103516	35.230072	568	0	0.129204	0.073638
317.6099998950958	28.822992	570	0	0.116187	0.073638
319.6210000514984	14.374864	556	0	0.151132	0.073638
321.6119999885559	33.95676	612	0	0.109985	0.073638
323.6190001964569	38.060856	516	0	0.128026	0.073638
325.61299991607666	10.354944	516	0	0.210681	0.073638
327.6160001754761	3.369536	520	0	0.190215	0.073638
329.6229999065399	29.124672	530	0	0.125345	0.073638
331.6229999065399	2.393552	524	0	0.167652	0.073638
333.6099998950958	15.845568	472	0	0.201014	0.073638
335.6170001029968	30.762984	472	0	0.100044	0.073638
337.62800002098083	1.143528	472	0	0.088163	0.073638
339.6210000514984	29.295976	522	0	0.097854	0.073638
341.6180000305176	0.377128	530	0	0.106965	0.073638
343.8619999885559	14.176392	534	0	0.210286	0.073638
346.11299991607666	6.537352	534	0	0.103331	0.073638
347.87199997901917	15.347488	534	0	0.099816	0.073638
349.72300004959106	5.853456	526	0	0.097089	0.073638
351.87800002098083	20.23936	526	0	0.093297	0.073638
353.8729999065399	34.42064	596	0	0.111563	0.073638
355.8680000305176	29.692456	536	0	0.116495	0.073638
357.864000082016	15.02324	498	0	0.265191	0.073638
360.11299991607666	33.784176	498	0	0.109471	0.073638
361.86299991607666	5.99696	498	0	0.30603	0.073638
363.87600016593933	11.114392	498	0	0.140503	0.073638
365.87399983406067	27.10696	474	0	0.138284	0.073638
367.87399983406067	20.961472	472	0	0.166064	0.073638
369.87199997901917	29.70372	472	0	0.114744	0.073638
371.86500000953674	29.70372	474	0	0.09558	0.073638
373.7979998588562	35.295984	482	0	0.136916	0.073638
376.1150002479553	3.641016	4	0	0.222149	0.073638
377.8670001029968	30.822152	722	0	0.157515	0.073638
379.86299991607666	25.10964	468	0	0.135557	0.073638
381.87199997901917	0.13308	484	0	0.112749	0.073638
383.8819999694824	17.795208	484	0	0.241136	0.073638
385.8819999694824	17.795208	484	0	0.122237	0.073638
387.8880000114441	32.621024	484	0	0.119912	0.073638
389.87199997901917	35.760688	486	0	0.107442	0.073638
391.86500000953674	37.950512	524	0	0.093293	0.073638
393.86100006103516	37.950512	518	0	0.099326	0.073638
395.86100006103516	33.979848	514	0	0.105664	0.073638
397.71399998664856	6.339488	504	0	0.120985	0.073638
399.8619999885559	35.773824	536	0	0.09898	0.073638
401.864000082016	7.853056	556	0	0.233705	0.073638
403.87600016593933	12.915152	560	0	0.166193	0.073638
405.86100006103516	22.202456	556	0	0.184479	0.073638
407.87399983406067	10.003768	598	0	0.189748	0.073638
410.11299991607666	38.714352	558	0	0.110739	0.073638
411.86500000953674	28.196392	516	0	0.124072	0.073638
413.8729999065399	21.93744	512	0	0.166517	0.073638
416.1050000190735	39.224128	528	0	0.116413	0.073638
417.87800002098083	26.677296	532	0	0.19127	0.073638
419.88699984550476	11.721048	4	0	0.193576	0.073638
421.9670000076294	1.657824	570	0	0.124723	0.073638
423.87099981307983	17.376224	496	0	0.330571	0.073638
425.86899995803833	17.376224	496	0	0.157088	0.073638
427.87399983406067	17.376224	470	0	0.181246	0.073638
429.864000082016	12.419448	440	0	0.191113	0.073638
431.864000082016	2.266696	450	0	0.176863	0.073638
433.8729999065399	31.4456	462	0	0.107958	0.073638
436.36300015449524	27.238584	476	0	0.118525	0.073638
437.87199997901917	36.045032	494	0	0.115927	0.073638
439.86299991607666	0.20856	496	0	0.107387	0.073638
442.3770000934601	5.840288	496	0	0.222968	0.073638
443.86299991607666	34.063648	528	0	0.113463	0.073638
445.8750002384186	31.562976	530	0	0.132811	0.073638
447.86299991607666	17.988296	530	0	0.169474	0.073638
449.87800002098083	2.006328	550	0	0.111651	0.073638
451.86500000953674	14.254	550	0	0.137594	0.073638
453.8819999694824	0.13932	490	0	0.120364	0.073638
455.88499999046326	15.968368	498	0	0.179235	0.073638
457.8699998855591	0.983168	512	0	0.112402	0.073638
459.87800002098083	35.103016	512	0	0.094405	0.073638
461.87099981307983	25.014256	514	0	0.15105	0.073638
463.87399983406067	31.191616	512	0	0.099989	0.073638
465.8800001144409	0.388848	514	0	0.143292	0.073638
467.8619999885559	21.424552	496	0	0.222385	0.074467
469.87399983406067	34.62792	462	55	0.119885	0.074467
471.8619999885559	14.793264	460	0	0.236513	0.074467
473.8840000629425	5.138424	462	0	0.202475	0.074467
475.8789999485016	29.01904	478	0	0.089626	0.074467
477.8729999065399	3.042984	478	0	0.165597	0.074467
480.3659999370575	32.26916	492	0	0.092456	0.074467
481.8619999885559	3.446232	492	0	0.21366	0.074467
483.8659999370575	28.525704	492	0	0.124579	0.074467
485.8619999885559	11.934416	456	0	0.302609	0.074467
487.8729999065399	5.33744	448	0	0.144969	0.074384
489.8750002384186	10.455992	466	0	0.281319	0.074384
491.8619999885559	4.973296	466	0	0.251389	0.074384
493.8750002384186	6.467128	466	0	0.168428	0.074384
495.864000082016	26.625968	494	0	0.099141	0.074329
497.86899995803833	5.122576	494	0	0.289625	0.074329
499.8619999885559	30.036792	494	0	0.145319	0.074329
501.86299991607666	35.376656	494	0	0.119865	0.074329
503.86299991607666	6.187392	486	0	0.119313	0.074329
505.86299991607666	34.205912	4	0	0.132981	0.074329
507.8619999885559	12.237264	524	0	0.206639	0.074329
509.86500000953674	32.395008	528	0	0.11888	0.074329
511.8899998664856	15.318256	528	0	0.369552	0.074329
513.8600001335144	4.96268	520	0	0.208469	0.074329
515.8760001659393	13.658768	518	0	0.403446	0.074329
517.8619999885559	8.41476	248	0	0.230998	0.073831
519.8770000934601	12.746608	248	0	0.137635	0.073831
521.8739998340607	4.60288	268	0	0.262579	0.073831
523.8659999370575	8.240752	224	0	0.189735	0.073831
525.8780000209808	5.686872	206	0	0.175482	0.073831
527.8699998855591	7.302032	208	0	0.124123	0.073831
530.5429999828339	5.094104	236	0	0.241329	0.073831
531.8610000610352	14.376688	224	0	0.09054	0.073831
533.8760001659393	0.117248	224	0	0.137082	0.073831
535.8629999160767	8.572304	242	0	0.099462	0.073831
537.8650000095367	7.13456	246	0	0.149827	0.073694
539.8920001983643	3.461872	252	0	0.178916	0.073694
541.8810000419617	5.606096	252	0	0.109631	0.073694
543.8629999160767	13.439904	242	0	0.102291	0.073694
545.8780000209808	18.59172	258	0	0.084399	0.073694
547.8629999160767	15.955552	258	0	0.095236	0.073694
549.8729999065399	19.38072	272	0	0.094775	0.073694
552.0899999141693	5.103392	272	0	0.301613	0.073694
553.8729999065399	5.214264	270	0	0.284339	0.073694
556.1160001754761	23.34604	332	0	0.089707	0.073694
557.8619999885559	24.676464	348	0	0.107211	0.073694
559.8770000934601	24.676464	348	0	0.106657	0.073694
561.8680000305176	6.700512	348	0	0.35525	0.073694
563.8719999790192	27.939528	376	0	0.121438	0.073694
565.8699998855591	6.560296	364	0	0.161172	0.073694
567.8619999885559	14.035232	378	0	0.106661	0.073694
569.8719999790192	29.826648	414	0	0.101656	0.073694
571.864000082016	28.080488	412	0	0.109664	0.073694
573.8760001659393	8.915472	412	0	0.314528	0.073694
575.8619999885559	10.569944	442	0	0.158492	0.073694
577.8729999065399	12.98344	428	0	0.113489	0.073694
579.8750002384186	27.102992	490	0	0.103989	0.073694
581.8719999790192	9.207344	482	0	0.245819	0.073694
583.8739998340607	13.020824	468	0	0.165639	0.073694
585.8760001659393	1.664792	472	0	0.102247	0.073694
587.885999917984	3.632728	530	0	0.236104	0.073694
589.8830001354218	34.62792	532	0	0.112885	0.073694
591.8619999885559	31.648912	530	0	0.119452	0.073694
593.8770000934601	11.174168	4	0	0.239187	0.073694
596.228000164032	11.251368	504	0	0.233998	0.073694
597.8729999065399	32.727536	488	0	0.12418	0.073694
600.1240000724792	0.227656	488	0	0.105898	0.073694
602.1200001239777	16.285032	480	0	0.111796	0.073694
603.8810000419617	11.744616	472	0	0.14946	0.073694
606.1370000839233	23.369832	502	0	0.124787	0.073694
608.1129999160767	11.078328	502	0	0.266768	0.073694
610.1240000724792	23.750608	504	0	0.215684	0.073694
612.1119999885559	26.407944	416	0	0.139521	0.073694
614.1280000209808	1.353624	412	0	0.151263	0.073694
616.1139998435974	26.035976	362	0	0.106664	0.073694
618.125	6.153808	362	0	0.149217	0.073694
620.1180000305176	2.187336	362	0	0.209587	0.073694
622.1230001449585	2.950264	352	0	0.150718	0.073694
624.1219999790192	5.006	352	0	0.149744	0.073694
626.1230001449585	25.686576	370	0	0.095696	0.073694
628.1230001449585	7.294072	374	0	0.204287	0.073694
630.1269998550415	0.680072	370	0	0.262916	0.073694
632.1400001049042	25.884776	370	0	0.10557	0.073694
634.3780000209808	25.884776	374	0	0.153649	0.073694
636.6119999885559	9.687104	380	0	0.210313	0.073694
638.1129999160767	6.323888	358	0	0.140777	0.073694
640.1240000724792	25.7976	348	0	0.110303	0.073694
642.1240000724792	24.01156	340	0	0.101749	0.073694
644.1240000724792	14.614408	388	0	0.154579	0.073694
646.1269998550415	2.360448	388	0	0.192157	0.073694
648.1299998760223	28.176368	406	0	0.114431	0.073694
650.1170001029968	11.954464	416	0	0.164748	0.073694
652.1139998435974	12.176368	420	0	0.263215	0.073694
654.1119999885559	22.84596	416	0	0.156397	0.073694
656.1150002479553	7.73316	416	0	0.257705	0.073694
658.1139998435974	26.09636	340	0	0.145403	0.073694
660.1340000629425	27.989144	398	0	0.125008	0.073694
662.1129999160767	6.101928	398	0	0.165252	0.073694
664.3729999065399	8.002672	398	0	0.214305	0.073694
666.1280000209808	1.296032	379	0	0.10794	0.073694
668.1150002479553	0.867648	438	0	0.124431	0.073694
670.1219999790192	27.241168	528	0	0.104234	0.073694
672.1259999275208	14.995672	524	0	0.160738	0.073694
674.1129999160767	6.32464	524	0	0.356765	0.073694
676.1150002479553	20.363696	468	0	0.099562	0.073694
678.1240000724792	1.616992	468	0	0.135282	0.073694
680.6229999065399	27.448552	468	0	0.112778	0.073694
682.1340000629425	4.604456	456	0	0.201004	0.073694
684.1340000629425	13.02632	456	0	0.257988	0.073694
685.9720001220703	31.287624	554	0	0.100296	0.073694
688.375	0.22264	538	0	0.267611	0.073694
690.1129999160767	34.77424	516	0	0.130907	0.073694
692.1160001754761	20.168112	516	0	0.201852	0.073694
694.1189999580383	10.199904	516	0	0.319561	0.073694
696.1410000324249	17.313592	512	0	0.204057	0.073694
698.1340000629425	9.465568	298	0	0.341687	0.073694
700.1259999275208	17.969632	362	0	0.088644	0.073694
702.1139998435974	26.1716	362	0	0.114383	0.073694
704.1240000724792	6.600104	362	0	0.205359	0.073694
706.1499998569489	23.320432	362	0	0.111309	0.073694
708.1230001449585	28.39068	384	0	0.109654	0.073694
710.1269998550415	28.39068	392	0	0.093103	0.073694
712.1210000514984	20.358656	392	0	0.132544	0.073694
714.1280000209808	5.578704	422	0	0.234395	0.073694
716.1139998435974	5.72352	440	0	0.156852	0.073694
718.1129999160767	15.34028	440	0	0.203946	0.073694
720.1170001029968	29.548064	444	0	0.100782	0.073694
722.1150002479553	33.439752	442	0	0.112169	0.073694
724.1310000419617	4.090824	442	0	0.214523	0.073694
726.1319999694824	30.181512	4	0	0.101046	0.073694
728.1230001449585	30.181512	476	0	0.095621	0.073694
730.1340000629425	6.496296	472	0	0.136671	0.073694
732.125	26.052784	466	0	0.133939	0.073694
734.1259999275208	6.322432	428	0	0.166017	0.073653
736.2000000476837	3.754752	534	0	0.205222	0.073653
738.1160001754761	0.96492	534	0	0.139597	0.073653
740.125	33.78452	468	0	0.116157	0.073653
742.1269998550415	28.4436	466	0	0.125621	0.073653
744.1240000724792	6.200208	472	0	0.113512	0.073653
746.1259999275208	33.638672	520	0	0.104269	0.073653
748.1299998760223	35.081544	518	0	0.144396	0.073653
750.7230000495911	0.625616	458	0	0.184935	0.073653
754.9979999065399	0.050232	356	0	0.296639	0.073653
756.3880000114441	30.175256	444	4	0.123779	0.073653
757.1029999256134	31.287304	532	0	0.123681	0.073653
758.1240000724792	4.79516	532	0	0.132794	0.073653
760.3760001659393	31.781048	516	0	0.120955	0.073653
762.1259999275208	32.193904	528	0	0.131449	0.073653
764.1230001449585	0.142216	528	0	0.110971	0.073653
766.1230001449585	31.638672	468	0	0.134411	0.073653
768.1459999084473	25.242248	500	0	0.109715	0.073653
770.3650000095367	1.626992	486	0	0.100815	0.073653
772.6240000724792	8.714024	480	0	0.113733	0.073653
774.1150002479553	11.006904	480	0	0.207057	0.073653
776.1219999790192	24.812928	480	0	0.123362	0.073653
778.1160001754761	24.787488	420	0	0.132537	0.073653
780.1299998760223	27.317336	452	0	0.117128	0.073653
782.1269998550415	27.317336	454	0	0.099744	0.073653
784.1340000629425	9.952448	450	0	0.310641	0.073653
786.1150002479553	12.559824	454	0	0.267049	0.073653
788.1360001564026	1.144168	478	0	0.110923	0.073653
790.1370000839233	27.187512	478	0	0.12638	0.073653
792.1119999885559	2.117176	526	0	0.089855	0.073653
794.1170001029968	4.745544	546	0	0.173301	0.073644
796.125	5.447336	558	0	0.107509	0.073644
798.1259999275208	14.020592	562	0	0.137737	0.073644
800.2890000343323	31.780784	558	0	0.126698	0.073644
802.6299998760223	40.674704	538	0	0.128748	0.073644
804.1240000724792	40.674704	688	0	0.287528	0.073644
806.1340000629425	40.674704	546	0	0.204966	0.073644
808.1289999485016	34.011896	546	0	0.134374	0.073644
810.1219999790192	2.37	550	0	0.172303	0.073644
812.1370000839233	30.50316	546	0	0.105461	0.073644
814.1240000724792	30.230728	490	0	0.165557	0.073644
816.1139998435974	8.919472	436	0	0.213075	0.073644
818.1349999904633	8.919472	440	0	0.252283	0.073644
820.1349999904633	30.957816	406	0	0.089965	0.073644
822.1139998435974	18.229664	406	0	0.113407	0.073644
824.1150002479553	24.025616	420	0	0.112826	0.073644
826.1150002479553	24.104472	432	0	0.092784	0.073644
828.1370000839233	27.763928	436	0	0.113474	0.073644
830.1210000514984	23.226616	432	0	0.121818	0.073644
832.1129999160767	14.103312	432	0	0.164568	0.073644
834.1240000724792	21.06756	420	0	0.115693	0.073644
836.1600000858307	17.15628	416	0	0.217536	0.073644
838.1340000629425	21.242704	512	0	0.287535	0.073644
840.1340000629425	9.86448	428	0	0.151991	0.073644
842.1299998760223	2.240704	430	0	0.224117	0.073644
844.2379999160767	30.374536	428	0	0.11098	0.073644
846.3689999580383	30.554152	428	0	0.114399	0.073644
848.1419999599457	28.15968	404	0	0.11065	0.073644
850.3659999370575	26.426568	41	5	0.106911	0.073644
852.1380000114441	20.502232	376	0	0.152806	0.073644
854.3760001659393	27.678952	396	0	0.099159	0.073644
856.3870000839233	16.854424	454	0	0.111562	0.073644
858.7090001106262	5.27108	454	0	0.64927	0.073644
860.6040000915527	1.249672	316	0	0.229234	0.073644
862.3729999065399	5.228656	316	0	0.200297	0.073644
864.3680000305176	1.575504	316	0	0.127739	0.073644
866.3829998970032	2.184848	322	0	0.146287	0.073644
868.4930000305176	1.649744	328	0	0.12459	0.073644
870.3650000095367	1.146856	332	0	0.150159	0.073644
872.8980000019073	9.320104	378	0	0.189492	0.073644
874.3659999370575	30.890656	406	0	0.104227	0.073644
876.3689999580383	31.40704	408	0	0.103608	0.073644
878.3650000095367	0.21412	440	0	0.138934	0.073644
880.385999917984	3.765792	438	0	0.120969	0.073644
882.385999917984	26.317728	428	0	0.133495	0.073644
884.3739998340607	12.689016	428	0	0.176736	0.073644
886.375	5.316424	378	0	0.349645	0.073644
888.375	7.464736	364	0	0.188292	0.073644
890.3729999065399	19.087992	332	0	0.127608	0.073644
892.2469999790192	23.017712	332	0	0.109385	0.073644
894.375	23.017712	332	0	0.111543	0.073644
896.3650000095367	5.18584	332	0	0.249233	0.073644
898.3849999904633	8.736456	324	0	0.132418	0.073644
900.3659999370575	22.683808	376	0	0.100174	0.073644
902.3739998340607	8.920936	374	0	0.173793	0.073644
904.364000082016	19.528	380	0	0.103189	0.073644
906.3760001659393	18.343472	396	0	0.108274	0.073644
908.3659999370575	31.071088	404	0	0.126408	0.073644
910.3780000209808	0.627192	418	0	0.106066	0.073644
912.3739998340607	0.936032	420	0	0.138829	0.073644
914.375	23.546848	420	0	0.104155	0.073644
916.2309999465942	5.98684	418	0	0.134748	0.073644
918.3780000209808	0.557104	434	0	0.16279	0.073644
920.385999917984	3.006656	496	0	0.146435	0.073644
922.3760001659393	1.645024	506	0	0.212449	0.073644
924.3770000934601	20.054896	510	0	0.144723	0.073644
926.3659999370575	0.927456	514	0	0.096732	0.073644
928.3889999389648	4.948584	508	0	0.236922	0.073644
930.364000082016	2.271232	517	0	0.115529	0.073644
932.3659999370575	27.654496	516	0	0.10228	0.073644
934.3849999904633	9.776944	520	0	0.262002	0.073644
936.3829998970032	24.939296	508	0	0.150292	0.073644
938.364000082016	10.25488	390	0	0.26707	0.073644
940.25	5.997848	354	0	0.134237	0.073644
942.3849999904633	8.074928	340	0	0.158379	0.073644
944.3669998645782	26.788528	352	0	0.097486	0.073644
946.3659999370575	24.31968	376	0	0.160263	0.073644
948.3760001659393	0.158352	414	0	0.096691	0.073644
950.385999917984	28.885624	414	0	0.110627	0.073644
952.3760001659393	27.96604	416	0	0.10331	0.073644
954.3989999294281	27.96604	416	0	0.099668	0.073644
956.3849999904633	28.340688	442	0	0.097246	0.073644
958.3630001544952	33.032064	446	0	0.115324	0.073644
960.3870000839233	6.28708	446	0	0.189998	0.073644
962.3659999370575	18.67312	428	0	0.123501	0.073644
964.4430000782013	13.17484	402	0	0.236631	0.073644
966.3630001544952	21.186128	396	0	0.128774	0.073644
968.3650000095367	18.31908	398	0	0.116603	0.073644
970.3630001544952	6.092736	400	0	0.191856	0.073644
972.3669998645782	4.732208	400	0	0.252858	0.073644
974.3650000095367	6.227888	421	0	0.090357	0.073644
976.3889999389648	26.072336	408	0	0.090978	0.073644
978.3659999370575	3.83176	460	0	0.149848	0.073644
980.364000082016	28.576176	460	0	0.091188	0.073644
982.375	2.69308	472	0	0.109197	0.073644
984.3770000934601	37.486144	498	0	0.117188	0.073644
986.3770000934601	32.33212	502	0	0.144644	0.073644
988.3739998340607	38.470464	512	0	0.10462	0.073644
990.3739998340607	36.973336	510	0	0.109803	0.073644
992.3650000095367	33.271744	512	0	0.11131	0.073644
994.3849999904633	31.099536	524	0	0.096288	0.073644
996.8659999370575	38.446592	524	0	0.115665	0.073644
998.3669998645782	12.226744	524	0	0.278912	0.073644
1000.3940000534058	0.348104	534	0	0.102687	0.073644
1002.3840000629425	26.990464	432	0	0.143901	0.073644
1004.3650000095367	3.43272	446	0	0.180658	0.073644
1006.3650000095367	12.838912	436	0	0.137395	0.073644
1008.3760001659393	13.065248	436	0	0.158707	0.073644
1010.3710000514984	23.832552	438	0	0.096561	0.073644
1012.3650000095367	10.526568	452	0	0.125025	0.073644
1014.375	29.65372	452	0	0.116172	0.073644
1016.6119999885559	12.136008	4	0	0.186239	0.073644
1018.3739998340607	2.470024	476	0	0.141001	0.073644
1020.6149997711182	12.524856	480	0	0.127129	0.073644
1022.375	6.3492	436	0	0.18121	0.073644
1024.3810000419617	26.665728	412	0	0.109097	0.073644
1026.37700009346	8.894472	412	0	0.270728	0.073644
1028.3659999370575	26.210872	432	0	0.102147	0.073644
1030.3870000839233	30.451336	454	0	0.088497	0.073644
1032.3659999370575	33.53036	508	0	0.098114	0.073644
1034.3739998340607	28.459224	508	0	0.111273	0.073644
1036.5299999713898	1.38968	512	0	0.200742	0.073644
1038.3719999790192	10.111656	4	0	0.195854	0.073644
1040.3689999580383	35.908776	536	0	0.100781	0.073644
1042.6000001430511	35.908776	536	0	0.095816	0.073644
1044.3719999790192	30.832016	532	0	0.110854	0.073644
1046.3659999370575	30.240424	536	0	0.127896	0.073644
1048.3909997940063	32.845664	480	0	0.138055	0.073644
1050.3659999370575	32.817368	464	0	0.097486	0.073644
1052.3739998340607	32.233344	464	0	0.110604	0.073644
1054.3849999904633	32.233344	464	0	0.106071	0.073644
1056.3739998340607	7.592632	464	0	0.165472	0.073644
1058.6240000724792	18.874712	420	0	0.114847	0.073644
1060.3710000514984	28.583752	462	0	0.112335	0.073644
1062.3870000839233	5.237112	432	0	0.20501	0.073644
1064.3650000095367	32.561472	429	0	0.104816	0.073644
1066.37700009346	7.358816	449	0	0.09391	0.073644
1068.598000049591	34.424976	472	0	0.092599	0.073644
1070.3689999580383	5.750344	472	0	0.103562	0.073644
1072.3819999694824	26.930968	472	0	0.194649	0.073644
1074.3669998645782	32.312768	482	0	0.168022	0.073644
1076.9850001335144	12.497872	480	0	0.288413	0.073644
1078.3760001659393	16.399424	480	0	0.179679	0.073644
1080.364000082016	23.763608	480	0	0.132479	0.073644
1082.3650000095367	22.026688	480	0	0.178462	0.073644
1084.5739998817444	2.795624	4	0	0.198379	0.073644
1086.569000005722	0.180672	156	0	0.233091	0.073644
1088.3849999904633	2.463	152	0	0.140728	0.073644
1090.3669998645782	11.224768	182	0	0.092933	0.073644
1092.37299990654	3.842712	194	0	0.19191	0.073644
1094.385999917984	0.359192	196	0	0.128433	0.074175
1096.6330001354218	13.072984	196	0	0.143248	0.074175
1098.864000082016	14.5366	206	0	0.117002	0.074175
1100.6340000629425	15.863864	226	0	0.098389	0.074175
1102.3819999694824	1.30904	236	0	0.14344	0.074175
1104.6240000724792	0.810232	232	0	0.102654	0.073329
1106.6240000724792	8.10276	224	0	0.193656	0.073329
1108.3819999694824	6.022824	232	0	0.1231	0.073329
1110.388000011444	18.494184	242	0	0.106236	0.073329
1112.385999917984	16.24544	244	0	0.153419	0.073329
1114.6240000724792	4.088152	350	0	0.263565	0.073329
1116.6319999694824	8.122456	258	0	0.113751	0.073329
1118.6280000209808	17.400656	258	0	0.096719	0.073329
1120.6180000305176	16.3888	258	0	0.126543	0.073329
1122.4930000305176	5.712552	252	0	0.150827	0.073329
1124.616000175476	2.712328	250	0	0.217786	0.073329
1126.6280000209808	6.282128	248	0	0.222788	0.073329
1128.6360001564026	16.909016	250	0	0.096516	0.073329
1130.6370000839233	19.373696	256	0	0.110802	0.073329
1132.8650000095367	17.481408	266	0	0.132789	0.073329
1134.6259999275208	9.51644	232	0	0.091304	0.073329
1136.6170001029968	1.420776	252	0	0.17507	0.073329
1138.6170001029968	17.377784	252	0	0.106742	0.073329
1140.6289999485016	15.756816	256	0	0.135982	0.073329
1142.6280000209808	4.989664	256	0	0.155401	0.073329
1144.616000175476	13.698408	4	0	0.135655	0.073329
1146.760999917984	1.613784	272	0	0.107867	0.073329
1148.6259999275208	2.589192	276	0	0.115214	0.073329
1150.6350002288818	1.268488	294	0	0.099805	0.073329
1152.6180000305176	7.30884	294	0	0.168129	0.073329
1154.619000196457	10.083264	292	0	0.126658	0.073329
1156.6180000305176	6.264496	276	0	0.263448	0.073329
1158.6280000209808	4.892376	276	0	0.25851	0.073329
1160.646999835968	15.682792	258	0	0.117058	0.073329
1162.880000114441	8.602664	258	0	0.290335	0.073329
1164.6240000724792	5.312456	480	0	0.390853	0.073329
1166.6289999485016	5.26292	200	0	0.382287	0.073329
1168.643000125885	8.958496	144	0	0.179956	0.073329
1170.7929999828339	3.715512	130	1	0.249743	0.073329
1173.0650000572205	1.999632	174	0	0.140767	0.073329
1174.6280000209808	5.665312	174	0	0.250146	0.073329
1176.4739999771118	0.142824	152	0	0.23294	0.073329
1178.62299990654	9.242648	178	0	0.108266	0.073329
1180.6180000305176	5.305336	200	0	0.105504	0.073329
1182.6180000305176	12.197096	200	0	0.104097	0.073329
1184.6280000209808	12.158152	204	0	0.1277	0.073329
1186.6280000209808	4.163512	204	0	0.269849	0.073329
1188.6129999160767	4.281568	290	0	0.14214	0.073329
1190.6259999275208	4.033144	314	0	0.182669	0.073329
1193.1170001029968	8.964312	322	0	0.18588	0.073329
1194.8289999961853	17.919048	344	0	0.097878	0.073329
1196.6350002288818	0.128384	344	0	0.182883	0.073329
1199.1269998550415	2.086488	370	0	0.241185	0.073329
1200.616000175476	27.797216	408	0	0.10525	0.073329
1203.1400001049042	21.149072	408	0	0.158827	0.073329
1204.6259999275208	27.813808	426	0	0.098419	0.073329
1206.6259999275208	30.786464	426	0	0.136436	0.073329
1208.6299998760223	28.180184	426	0	0.101263	0.073329
1210.6240000724792	34.140632	440	0	0.119865	0.073329
1212.6360001564026	11.148888	456	0	0.214871	0.073329
1214.6170001029968	32.915464	452	0	0.097649	0.073329
1216.6240000724792	33.766656	452	0	0.106909	0.073329
1218.6259999275208	6.188048	452	0	0.175087	0.073329
1220.6200001239777	33.649656	486	0	0.111583	0.073329
1222.6149997711182	33.882608	486	0	0.104414	0.073329
1224.6180000305176	6.576576	486	0	0.137629	0.073329
1227.2619998455048	36.813104	510	0	0.117672	0.073329
1228.6360001564026	2.28924	508	0	0.142137	0.073329
1230.6370000839233	31.45872	544	0	0.104464	0.073329
1232.6149997711182	12.2854	544	0	0.322551	0.073329
1234.638000011444	37.003464	544	0	0.128062	0.073329
1236.8420000076294	23.978288	544	0	0.234201	0.073329
1238.6170001029968	26.539024	548	0	0.153189	0.073329
1240.6259999275208	29.289328	598	0	0.159112	0.073329
1242.62700009346	10.502816	554	0	0.146458	0.073329
1244.62700009346	23.29096	420	0	0.188322	0.073329
1246.625	21.699024	416	0	0.171444	0.073329
1248.6149997711182	28.800832	420	0	0.115445	0.073329
1250.62700009346	28.346016	468	0	0.116412	0.073329
1252.864000082016	9.06572	468	0	0.191971	0.073329
1254.6340000629425	4.634048	442	0	0.266996	0.073329
1256.638000011444	8.608768	446	0	0.378323	0.073329
1258.6350002288818	33.674496	442	0	0.099505	0.073329
1260.638000011444	29.067848	444	0	0.119762	0.073329
1263.1269998550415	27.520648	444	0	0.106964	0.073329
1264.638000011444	7.167416	446	0	0.252872	0.073329
1267.116000175476	27.991584	452	0	0.110637	0.073329
1268.6210000514984	35.313944	482	0	0.107532	0.073329
1270.6149997711182	5.932016	480	0	0.229418	0.073329
1272.625	29.730496	480	0	0.097278	0.073329
1274.6170001029968	20.860264	480	0	0.196414	0.073329
1276.6259999275208	37.45344	490	0	0.130472	0.073329
1278.6370000839233	29.499912	498	0	0.105426	0.073329
1280.6289999485016	22.553096	4	0	0.134939	0.073329
1282.6370000839233	26.62804	506	0	0.131417	0.073329
1284.6200001239777	35.249104	526	0	0.098387	0.073329
1286.6259999275208	1.657296	522	0	0.156455	0.073329
1288.6370000839233	35.798936	526	0	0.129883	0.073329
1290.6170001029968	32.304688	520	0	0.110421	0.073329
1292.6259999275208	20.914272	476	0	0.116521	0.073329
1294.619000196457	33.325552	476	0	0.093622	0.073329
1296.6370000839233	31.701736	476	0	0.114861	0.073329
1298.6170001029968	2.09996	458	0	0.133732	0.073329
1300.62700009346	6.303536	454	0	0.124203	0.073329
1303.085000038147	12.667416	468	0	0.199385	0.073329
1304.8430001735687	29.870696	468	0	0.109274	0.073329
1306.643000125885	18.676488	490	0	0.091012	0.073329
1308.62700009346	31.949264	504	0	0.102686	0.073329
1310.6280000209808	6.240704	550	0	0.161954	0.073329
1312.62299990654	28.755192	550	0	0.141979	0.073329
1314.7179999351501	33.777608	622	0	0.118581	0.073329
1316.616000175476	36.400632	622	0	0.130216	0.073329
1318.6280000209808	15.79196	622	0	0.276547	0.073329
1320.62700009346	0.205944	616	0	0.118387	0.073329
1322.6340000629425	32.823768	576	0	0.134522	0.073329
1324.625	36.566392	574	0	0.122343	0.073329
1326.62700009346	35.44404	576	0	0.123669	0.073329
1328.6289999485016	12.812424	498	0	0.207513	0.073329
1330.6200001239777	4.143976	520	0	0.229084	0.073329
1332.641000032425	29.6458	516	0	0.129811	0.073329
1334.62299990654	11.761	538	0	0.202549	0.073329
1336.6280000209808	40.183952	630	0	0.138999	0.073329
1338.6180000305176	16.530064	552	0	0.173261	0.073329
1340.625	37.998272	554	0	0.128151	0.073329
1342.6389999389648	12.248144	550	0	0.151389	0.073329
1344.630999803543	40.611376	538	0	0.111043	0.073329
1346.885999917984	33.956856	536	0	0.138071	0.073329
1349.1210000514984	11.499392	538	0	0.224347	0.073329
1350.6259999275208	35.735336	536	0	0.115599	0.073329
1352.885999917984	8.673416	502	0	0.215151	0.073329
1354.87700009346	4.074792	494	0	0.211837	0.073329
1356.8889999389648	28.115376	494	0	0.116973	0.073329
1358.6360001564026	5.73044	496	0	0.101648	0.073329
1360.8899998664856	0.219728	498	0	0.103304	0.073329
1362.8899998664856	30.340008	526	0	0.118954	0.073329
1364.8680000305176	35.691648	524	0	0.137963	0.073329
1366.885999917984	5.736808	470	0	0.214942	0.073329
1368.8739998340607	26.415464	470	0	0.097795	0.073329
1371.0899999141693	30.732272	470	0	0.112979	0.073329
1372.869999885559	5.96076	474	0	0.100476	0.073329
1374.8940000534058	4.585008	474	0	0.210802	0.073329
1376.888000011444	33.842264	538	0	0.101914	0.073329
1378.8920001983643	0.021328	538	0	0.11234	0.073329
1380.8869998455048	11.593608	514	0	0.231289	0.073329
1382.888000011444	23.208968	514	0	0.158853	0.073329
1384.87700009346	3.643352	508	0	0.169133	0.073329
1386.8670001029968	25.0492	512	0	0.134965	0.073329
1389.3689999580383	4.217904	498	0	0.184081	0.073329
1390.87700009346	26.98256	498	0	0.153387	0.073329
1392.87299990654	38.641784	508	0	0.106572	0.073329
1394.888000011444	31.419064	650	0	0.14705	0.073329
1396.8689999580383	33.34144	530	0	0.103457	0.073329
1398.8659999370575	8.33124	486	0	0.29076	0.073329
1400.8670001029968	5.116288	514	0	0.182456	0.073329
1402.8670001029968	30.235544	514	0	0.126276	0.073329
1404.8940000534058	10.991632	546	0	0.194781	0.073491
1406.8670001029968	9.7914	548	0	0.172414	0.073491
1408.8970000743866	32.917784	588	0	0.112949	0.073491
1410.880000114441	36.365344	588	0	0.108652	0.073491
1412.8789999485016	6.450896	590	0	0.134932	0.073491
1414.9079999923706	12.429568	598	0	0.153691	0.073491
1416.888000011444	36.165432	582	0	0.13074	0.073491
1418.8670001029968	36.165432	584	0	0.158884	0.073491
1420.891000032425	6.157856	476	0	0.167191	0.073491
1422.8680000305176	30.444704	456	0	0.109986	0.073491
1424.8780000209808	34.805504	488	0	0.103643	0.073491
1426.8719999790192	18.228376	4	0	0.125466	0.073491
1428.8689999580383	23.365888	562	0	0.18349	0.073491
1430.8709998130798	4.81412	438	0	0.180743	0.073491
1433.138000011444	26.573432	460	0	0.097655	0.073491
1434.8789999485016	12.744216	452	0	0.130472	0.073491
1436.8689999580383	33.38724	482	0	0.125509	0.073491
1438.8680000305176	29.493136	482	0	0.14717	0.073491
1440.8889999389648	29.493136	482	0	0.097046	0.073491
1443.1259999275208	28.538344	482	0	0.147138	0.073491
1444.8670001029968	30.66292	436	0	0.140861	0.073491
1446.8780000209808	25.886296	436	0	0.11766	0.073491
1448.869999885559	0.1262	411	0	0.270096	0.073491
1450.87700009346	29.285264	444	0	0.110214	0.073491
1452.8889999389648	3.070744	444	0	0.189304	0.073491
1454.8739998340607	19.462672	448	0	0.103209	0.073491
1456.8670001029968	28.885672	468	0	0.094626	0.073491
1458.8810000419617	6.010928	488	0	0.17477	0.073491
1460.8980000019073	9.681304	488	0	0.186164	0.073491
1462.8889999389648	1.471624	504	0	0.150148	0.073491
1464.8680000305176	8.646936	504	0	0.275992	0.073491
1466.8830001354218	10.847632	504	0	0.368448	0.073491
1468.87299990654	12.405224	504	0	0.210676	0.073491
1471.138000011444	29.327104	556	0	0.154443	0.073491
1472.8719999790192	33.338248	458	0	0.107378	0.073491
1474.8899998664856	32.575768	458	0	0.125881	0.073491
1476.8840000629425	11.42884	460	0	0.240769	0.073491
1478.8689999580383	33.517496	478	0	0.096526	0.073491
1480.8819999694824	29.62952	478	0	0.110918	0.07373
1482.8840000629425	25.859712	478	0	0.121154	0.07373
1485.3810000419617	1.014136	478	0	0.151081	0.07373
1486.888000011444	27.911256	408	0	0.127787	0.07373
1488.8869998455048	27.518672	422	0	0.115155	0.07373
1490.8810000419617	7.538528	414	0	0.171549	0.07373
1492.885999917984	26.998536	416	0	0.093017	0.07373
1494.869999885559	28.97772	422	0	0.113338	0.07373
1496.8980000019073	9.925288	422	0	0.198069	0.07373
1498.87299990654	10.091464	422	0	0.168968	0.07373
1500.893000125885	10.810064	422	0	0.214473	0.07373
1502.8789999485016	8.929792	434	0	0.16185	0.07373
1504.8719999790192	23.75	332	0	0.147984	0.07373
1507.0460000038147	7.283656	330	0	0.315024	0.07373
1508.893000125885	23.710624	352	0	0.128262	0.07373
1510.8760001659393	23.140928	364	0	0.098432	0.07373
1512.869999885559	1.302952	364	0	0.131796	0.07373
1515.108999967575	3.731728	384	0	0.198446	0.07373
1516.8680000305176	8.26212	380	0	0.144194	0.07373
1518.885999917984	0.81112	410	0	0.099258	0.07373
1520.8780000209808	24.016368	408	0	0.104664	0.07373
1522.888000011444	5.619184	408	0	0.268487	0.07373
1524.885999917984	26.996416	410	0	0.114913	0.07373
1526.891000032425	6.039176	420	0	0.166633	0.07373
1528.8899998664856	21.986528	420	0	0.145802	0.07373
1530.8920001983643	6.290696	430	0	0.169461	0.07373
1532.8709998130798	4.648768	440	0	0.202075	0.07373
1534.8789999485016	35.317448	494	0	0.101955	0.07373
1536.87299990654	3.519768	494	0	0.194628	0.07373
1538.8920001983643	27.2568	494	0	0.135482	0.07373
1540.8719999790192	40.301248	528	0	0.14655	0.07373
1542.885999917984	29.35188	528	0	0.111831	0.07373
1544.8940000534058	35.858248	530	0	0.108012	0.07373
1546.9049999713898	10.598904	528	0	0.26626	0.07373
1548.8780000209808	12.850808	528	0	0.259127	0.07373
1550.87299990654	26.115144	556	0	0.108684	0.07373
1552.8780000209808	25.751008	392	0	0.12812	0.07373
1554.869999885559	27.3544	388	0	0.093985	0.07373
1556.87700009346	10.419112	402	0	0.170636	0.07373
1558.87700009346	7.039104	412	0	0.163205	0.07373
1560.8789999485016	25.372784	422	0	0.180221	0.07373
1562.8709998130798	28.509376	428	0	0.132165	0.07373
1564.87299990654	5.764	424	0	0.10555	0.07373
1566.8819999694824	1.153296	412	0	0.09182	0.07373
1568.8709998130798	28.105656	408	0	0.112263	0.07373
1570.8750002384186	28.105656	408	0	0.090654	0.07373
1572.8920001983643	28.105656	432	0	0.091089	0.07373
1574.8920001983643	28.105656	436	0	0.18467	0.07373
1576.8830001354218	24.83684	410	0	0.127931	0.07373
1578.87700009346	20.504984	396	0	0.098368	0.07373
1580.8760001659393	18.890064	364	0	0.120097	0.07373
1582.8789999485016	7.826344	364	0	0.190222	0.07373
1584.8899998664856	6.16756	358	0	0.152092	0.07373
1586.8869998455048	23.621768	350	0	0.09383	0.07373
1588.8810000419617	26.759872	364	0	0.087902	0.07373
1590.869999885559	26.759872	366	0	0.093259	0.07373
1592.880000114441	6.719584	364	0	0.225386	0.07373
1594.8819999694824	3.155488	378	0	0.146855	0.07373
1596.8840000629425	28.129856	390	0	0.111304	0.07373
1598.8819999694824	5.88704	422	0	0.161078	0.07373
1601.1289999485016	28.850184	448	0	0.091758	0.07373
1603.1360001564026	0.9926	444	0	0.106956	0.07373
1605.1200001239777	0.116472	447	0	0.095573	0.07373
1607.1360001564026	31.134368	444	0	0.110581	0.07373
1609.1200001239777	5.465048	436	0	0.125442	0.07373
1611.1370000839233	38.736384	524	0	0.099889	0.07373
1613.1440000534058	33.530704	516	0	0.109912	0.07373
1615.1189999580383	34.176808	516	0	0.11717	0.07373
1617.2809998989105	1.1082	532	0	0.150897	0.07373
1619.1200001239777	29.46336	536	0	0.168209	0.07373
1621.1400001049042	27.248872	536	0	0.132033	0.07373
1623.1219999790192	32.450152	528	0	0.098445	0.07373
1625.1360001564026	30.233264	528	0	0.123198	0.07373
1627.1259999275208	36.829552	530	0	0.106275	0.07373
1629.1289999485016	26.370672	482	0	0.13814	0.07373
1631.1330001354218	23.168968	482	0	0.131722	0.07373
1633.1310000419617	33.791112	482	0	0.117876	0.07373
1635.1360001564026	9.031256	728	0	0.274769	0.07373
1637.1189999580383	27.519288	490	0	0.122051	0.07373
1639.1390001773834	36.5834	488	0	0.104234	0.07373
1640.9909999370575	26.367464	492	0	0.107006	0.07373
1643.1319999694824	6.44772	492	0	0.193717	0.07373
1645.1280000209808	6.44772	492	0	0.143748	0.07373
1647.1189999580383	6.063968	492	0	0.191591	0.07373
1649.1299998760223	15.301248	516	0	0.141199	0.07373
1651.1230001449585	11.393632	376	0	0.14186	0.07373
1653.1280000209808	4.4018	406	0	0.118423	0.07373
1655.1189999580383	5.958832	426	0	0.204945	0.07373
1657.1259999275208	11.21036	430	0	0.227985	0.07373
1659.1470000743866	18.280496	426	0	0.117659	0.07373
1661.1319999694824	26.331504	422	0	0.107753	0.07373
1663.1280000209808	8.78596	430	0	0.13429	0.07373
1665.021999835968	35.69076	478	0	0.100604	0.07373
1667.1210000514984	35.69076	478	0	0.242465	0.07373
1669.1310000419617	35.69076	478	0	0.133601	0.07373
1671.1370000839233	35.69076	478	0	0.10667	0.07373
1673.1259999275208	35.69076	478	0	0.094829	0.07373
1675.1319999694824	6.499104	484	0	0.132625	0.07373
1677.138000011444	12.585608	176	0	0.203569	0.07373
1679.1170001029968	12.948224	198	0	0.090733	0.07373
1681.1230001449585	4.80288	196	0	0.205903	0.073479
1683.1150002479553	15.235528	202	0	0.095492	0.073479
1685.1330001354218	17.834448	270	0	0.089684	0.073479
1687.125	9.261808	308	0	0.320465	0.073479
1688.9900000095367	24.038296	314	0	0.09506	0.073479
1691.1230001449585	5.807912	4	0	0.254648	0.073479
1693.1349999904633	11.299384	408	0	0.180702	0.073479
1695.1219999790192	29.918568	424	0	0.105513	0.073479
1697.1390001773834	24.736472	426	0	0.140976	0.073479
1699.1299998760223	6.113872	478	0	0.094212	0.073479
1701.1289999485016	18.563272	478	0	0.13749	0.073479
1703.1230001449585	18.563272	478	0	0.209857	0.073479
1705.1310000419617	32.957576	478	0	0.10605	0.073479
1707.141000032425	3.631936	436	0	0.171428	0.073479
1709.1370000839233	29.749072	436	0	0.097319	0.073479
1711.1600000858307	0.122624	446	0	0.210006	0.073479
1713.013000011444	13.93984	446	0	0.138578	0.073479
1715.1240000724792	3.027008	470	0	0.180857	0.073479
1717.1180000305176	25.019224	4	0	0.135354	0.073479
1719.125	23.71476	480	0	0.100747	0.073479
1721.1400001049042	0.131632	432	0	0.327313	0.073479
1723.1280000209808	3.275528	410	0	0.226869	0.073479
1725.1200001239777	1.211528	412	0	0.164805	0.073479
1727.1360001564026	26.344704	432	0	0.107559	0.073479
1729.1200001239777	28.081288	432	0	0.099786	0.073479
1731.138000011444	24.881848	436	0	0.151342	0.073479
1733.1370000839233	17.561224	444	0	0.121387	0.073479
1735.3339998722076	24.143616	420	0	0.153802	0.073479
1737.1210000514984	22.678576	420	0	0.111472	0.073479
1739.1310000419617	0.8854	418	0	0.207292	0.073479
1741.1310000419617	31.677864	450	0	0.11108	0.073479
1743.1400001049042	6.663536	446	0	0.197421	0.073479
1745.125	20.116064	448	0	0.146389	0.073479
1747.141000032425	28.204104	444	0	0.096839	0.073479
1749.1240000724792	5.546216	398	0	0.243348	0.073479
1751.1240000724792	17.216928	398	0	0.121608	0.073479
1753.1219999790192	27.531136	482	0	0.113206	0.073479
1755.1240000724792	21.933864	490	0	0.14606	0.073479
1757.1340000629425	26.094264	448	0	0.092305	0.073479
1759.1419999599457	10.509128	450	0	0.220824	0.073479
1761.2880001068115	1.313088	440	0	0.177072	0.073479
1763.1280000209808	27.6306	440	0	0.100239	0.073479
1765.1319999694824	26.596912	440	0	0.136844	0.073479
1767.1189999580383	1.487208	378	0	0.184183	0.073479
1769.1219999790192	0.260824	406	0	0.101071	0.073479
1771.3819999694824	25.683376	402	0	0.095356	0.073479
1773.1219999790192	16.528712	444	0	0.136428	0.073479
1775.1310000419617	9.749128	444	0	0.150687	0.073479
1777.1319999694824	28.340056	444	0	0.128358	0.073479
1779.1630001068115	27.992088	438	0	0.150097	0.073479
1781.1340000629425	27.295208	440	0	0.120339	0.073479
1783.1370000839233	25.283224	438	0	0.126115	0.073479
1785.2629997730255	2.0	450	0	0.13144	0.073479
1787.1310000419617	22.25048	454	0	0.1265	0.073479
1789.138000011444	24.874424	482	0	0.13641	0.073479
1791.138000011444	24.084144	462	0	0.113681	0.073479
1793.1280000209808	29.649168	462	0	0.123852	0.073479
1795.3289999961853	1.125048	484	0	0.152471	0.073479
1797.1340000629425	29.533744	518	0	0.116724	0.073479
1799.1330001354218	31.821552	518	0	0.13684	0.073479
1801.6289999485016	33.756576	518	0	0.104486	0.073479
1803.141000032425	28.081712	516	0	0.121608	0.073479
1805.1269998550415	28.081712	516	0	0.099721	0.073479
1807.1319999694824	27.152192	518	0	0.18039	0.073479
1809.1180000305176	30.308584	478	0	0.121814	0.073479
1811.1349999904633	32.002072	464	0	0.095119	0.073479
1813.1219999790192	29.168912	454	0	0.116868	0.073479
1815.1230001449585	31.924168	464	0	0.091359	0.073479
1817.601000070572	31.226752	464	0	0.125767	0.073479
1819.1330001354218	5.292768	470	0	0.103466	0.073479
1821.1449999809265	22.096248	470	0	0.15815	0.073479
1823.1319999694824	35.31376	470	0	0.126661	0.073479
1825.1400001049042	23.203664	4	0	0.148704	0.073479
1827.1210000514984	23.14256	504	0	0.168389	0.073479
1829.1289999485016	27.415368	492	0	0.11298	0.073479
1831.1210000514984	35.16152	500	0	0.102288	0.073479
1833.2379999160767	1.771048	500	0	0.208188	0.073479
1835.3819999694824	31.79872	488	0	0.131487	0.073479
1837.1319999694824	30.84692	488	0	0.136668	0.073479
1839.6319999694824	29.572208	496	0	0.136966	0.073479
1841.1480000019073	38.945008	518	0	0.10678	0.073479
1843.1280000209808	6.797232	522	0	0.229706	0.073479
1845.1269998550415	26.402336	518	0	0.147286	0.073479
1847.3909997940063	40.8732	554	0	0.100457	0.073479
1849.3870000839233	4.63828	556	0	0.278533	0.073479
1851.1370000839233	16.32088	564	0	0.195554	0.073479
1853.1419999599457	9.09104	450	0	0.174005	0.073479
1855.3909997940063	4.400192	454	0	0.104135	0.073479
1857.138000011444	24.617608	484	0	0.091253	0.073479
1859.138000011444	6.19252	484	0	0.302775	0.073479
1861.3719999790192	12.2204	484	0	0.200139	0.073479
1863.1400001049042	34.651424	518	0	0.138886	0.073479
1865.388000011444	10.512976	516	0	0.30979	0.073479
1867.3810000419617	37.3166	520	0	0.105052	0.073479
1869.6389999389648	35.690728	520	0	0.13822	0.073479
1871.2590000629425	27.897232	520	0	0.144853	0.073479
1873.37299990654	12.46476	524	0	0.224349	0.073479
1875.835000038147	26.583272	506	0	0.16812	0.073479
1877.3680000305176	0.144184	446	0	0.173034	0.073479
1879.6280000209808	25.08948	460	0	0.104363	0.073479
1881.3970000743866	5.73288	452	0	0.148417	0.073479
1883.3790001869202	32.751248	452	0	0.127368	0.073479
1885.3780000209808	1.175872	508	0	0.102172	0.073479
1887.3790001869202	28.25168	490	0	0.098944	0.073479
1889.393000125885	17.214968	490	0	0.185066	0.073479
1891.3810000419617	17.344392	490	0	0.11145	0.073479
1893.3780000209808	32.063336	466	0	0.12592	0.073479
1895.6280000209808	32.063336	466	0	0.163392	0.073479
1897.3790001869202	0.715056	484	0	0.108839	0.073479
1899.369999885559	26.101336	456	0	0.22512	0.073479
1901.3739998340607	35.058152	476	0	0.120231	0.073479
1903.375	6.794528	506	0	0.226389	0.073479
1905.388000011444	37.291136	510	55	0.124427	0.073479
1907.3920001983643	31.387264	506	0	0.136803	0.073479
1909.3909997940063	29.348448	508	0	0.152605	0.073479
1911.3909997940063	0.48972	514	0	0.099493	0.073479
1913.3739998340607	37.75492	548	0	0.148492	0.073479
1915.3810000419617	6.358064	546	0	0.104934	0.073479
1917.3940000534058	25.199392	550	0	0.134403	0.073479
1919.2480001449585	6.22504	554	0	0.116601	0.073479
1921.3760001659393	37.299096	572	0	0.146449	0.073479
1923.3849999904633	11.183328	572	0	0.120262	0.073479
1925.8610000610352	10.296472	588	0	0.298837	0.073479
1927.37700009346	27.095792	586	0	0.169005	0.073479
1929.3790001869202	37.908192	524	0	0.124242	0.073479
1931.3899998664856	15.907608	502	0	0.237151	0.073479
1933.3739998340607	0.607592	520	0	0.102602	0.073479
1935.398999929428	31.714648	520	0	0.213906	0.073479
1937.393000125885	29.562336	526	0	0.096073	0.073479
1939.3829998970032	34.457312	526	0	0.115794	0.073479
1941.3920001983643	30.772552	628	0	0.173279	0.073479
1943.25200009346	35.185264	564	0	0.108034	0.073479
1945.3760001659393	35.185264	558	0	0.10228	0.073479
1947.380000114441	31.191352	516	0	0.143218	0.073479
1949.3810000419617	31.589328	506	0	0.098196	0.073479
1951.3739998340607	26.348456	504	0	0.137232	0.073479
1953.3719999790192	9.999352	494	0	0.156681	0.073479
1955.3920001983643	7.0428	488	0	0.269438	0.073479
1957.3710000514984	9.04664	426	0	0.224376	0.073479
1959.3760001659393	5.505512	430	0	0.174448	0.073479
1961.3790001869202	13.552376	426	0	0.200156	0.073479
1963.37299990654	8.569048	392	0	0.193011	0.073479
1965.3710000514984	9.834536	440	0	0.212381	0.073479
1967.3780000209808	28.975888	400	0	0.130918	0.073479
1969.375	1.99476	394	0	0.094645	0.073479
1971.393000125885	12.350968	394	0	0.10834	0.073479
1973.3719999790192	0.025424	365	0	0.103508	0.073479
1975.3719999790192	20.313392	388	0	0.107313	0.073479
1977.369999885559	8.628816	382	0	0.197543	0.073479
1979.37700009346	8.469288	368	0	0.145491	0.073479
1981.885999917984	21.262008	370	0	0.126853	0.074123
1983.385999917984	24.226328	378	0	0.114147	0.074123
1985.3790001869202	0.02652	382	0	0.11294	0.074123
1987.3960001468658	22.458776	426	0	0.115768	0.074123
1989.37299990654	29.66196	424	0	0.101805	0.073721
1991.8750002384186	7.55696	424	0	0.28917	0.073721
1993.3909997940063	10.344576	436	0	0.228187	0.073721
1995.3810000419617	4.832152	436	0	0.252244	0.073721
1997.369999885559	5.275096	456	0	0.147496	0.073721
1999.3840000629425	20.864136	484	0	0.155775	0.073721
2001.388000011444	16.96976	284	0	0.159121	0.073721
2003.37299990654	10.017264	278	0	0.227578	0.073721
2005.3899998664856	15.363608	264	0	0.136215	0.073721
2007.385999917984	16.724608	270	0	0.095118	0.073721
2009.380000114441	15.040096	270	0	0.148219	0.073721
2011.3829998970032	14.657288	270	0	0.099832	0.073721
2013.3889999389648	7.654824	270	0	0.237868	0.073721
2015.369999885559	1.172776	270	0	0.09868	0.073721
2017.3960001468658	16.975168	274	0	0.094753	0.073721
2019.3920001983643	15.562736	260	0	0.143537	0.073721
2021.3760001659393	0.130528	254	0	0.133997	0.073721
2023.3790001869202	2.774656	244	0	0.244047	0.073721
2025.3719999790192	0.73108	244	55	0.11648	0.073721
2027.5810000896454	13.91588	304	0	0.104021	0.073721
2029.375	8.852032	304	0	0.296542	0.073721
2031.5840001106262	4.328696	306	0	0.191351	0.073721
2033.3899998664856	26.953392	354	0	0.099349	0.073721
2035.3760001659393	5.875944	462	0	0.158916	0.073721
2037.3849999904633	16.905648	410	0	0.160733	0.073721
2039.3899998664856	28.308112	410	0	0.131372	0.073721
2041.369999885559	29.965144	442	0	0.103883	0.073721
2043.3920001983643	28.74156	440	0	0.116907	0.073721
2045.380000114441	28.74156	434	0	0.097786	0.073721
2047.3739998340607	25.536712	434	0	0.113133	0.073721
2049.385999917984	10.520456	422	0	0.140588	0.073721
2051.388999938965	27.954544	416	0	0.096331	0.073721
2053.3899998664856	1.736448	422	0	0.180417	0.073721
2055.3920001983643	33.029264	434	0	0.100062	0.073721
2057.3810000419617	32.872248	434	0	0.104943	0.073721
2059.388000011444	32.227792	438	0	0.116304	0.073721
2061.3810000419617	31.009016	440	0	0.123253	0.073721
2063.378000020981	0.385672	454	0	0.127573	0.073721
2065.375	23.465136	454	0	0.209425	0.073721
2067.8739998340607	24.813272	464	0	0.130654	0.073721
2069.37700009346	1.981856	464	0	0.121821	0.073721
2071.878000020981	12.399472	464	0	0.194019	0.073721
2073.3920001983643	20.689696	464	0	0.154781	0.073721
2075.401000022888	28.897296	522	0	0.133224	0.073721
2077.382999897003	15.669712	540	0	0.133123	0.073721
2079.8469998836517	29.174776	584	0	0.123337	0.073721
2081.6080000400543	35.008584	584	0	0.115527	0.073721
2083.3940000534058	15.155984	580	0	0.225618	0.073721
2085.3849999904633	39.611	580	0	0.136733	0.073721
2087.3909997940063	39.611	582	0	0.104082	0.073721
2089.6259999275208	30.660256	554	0	0.139624	0.073721
2091.385999917984	2.46884	540	0	0.313066	0.073721
2093.380000114441	17.54828	568	0	0.124219	0.073721
2095.371999979019	36.279144	530	0	0.092789	0.073721
2097.630999803543	9.060568	532	0	0.315702	0.073721
2099.6770000457764	25.041248	530	0	0.216424	0.073721
2101.380000114441	13.055896	530	0	0.237877	0.073721
2103.388999938965	15.292136	530	0	0.223735	0.073721
2105.62299990654	10.337344	4	0	0.184725	0.073721
2107.62299990654	28.204424	422	0	0.10056	0.073721
2109.62700009346	8.221768	420	0	0.363604	0.073721
2111.486999988556	5.784728	422	0	0.242266	0.073721
2113.62700009346	22.594992	418	0	0.106156	0.073721
2115.6449999809265	9.798872	428	0	0.119925	0.073721
2117.684000015259	1.22788	425	0	0.157681	0.073721
2119.630999803543	19.714384	424	0	0.207199	0.073721
2121.6419999599457	13.372544	276	0	0.127397	0.073721
2123.640000104904	21.53476	304	0	0.104984	0.073721
2125.641000032425	0.134656	334	0	0.095059	0.073721
2127.6240000724792	18.923736	344	0	0.151687	0.073721
2129.6259999275208	7.905784	342	0	0.114972	0.073721
2131.8229999542236	12.749592	342	0	0.118136	0.073721
2133.6319999694824	7.702456	280	0	0.330024	0.073721
2135.733999967575	4.448176	276	0	0.173749	0.073721
2137.6259999275208	0.871808	262	0	0.092886	0.073721
2139.6370000839233	20.650944	286	0	0.091346	0.073721
2141.6299998760223	13.095168	286	0	0.095164	0.073721
2143.6330001354218	7.25968	286	0	0.156439	0.073721
2145.640000104904	5.46996	286	0	0.106961	0.073721
2147.648999929428	6.020784	304	0	0.205011	0.073721
2149.648999929428	6.020784	304	0	0.284845	0.073721
2151.6299998760223	6.020784	296	0	0.159568	0.073721
2153.638999938965	19.441056	296	0	0.116048	0.073721
2155.638999938965	19.526168	294	0	0.104046	0.073721
2157.628000020981	18.797	280	0	0.094531	0.073721
2159.6289999485016	0.603432	282	0	0.112969	0.073721
2161.62700009346	16.6052	284	0	0.09098	0.073721
2163.62700009346	8.91136	282	0	0.272975	0.073721
2165.6459999084473	8.91136	282	0	0.139334	0.073721
2167.662999868393	0.023216	286	0	0.099706	0.073721
2169.470999956131	10.066544	300	0	0.089771	0.073721
2171.6289999485016	0.487864	302	0	0.101812	0.073721
2173.628000020981	23.893888	324	0	0.088699	0.073721
2175.6319999694824	18.756592	328	0	0.11178	0.073721
2177.62299990654	22.685264	330	0	0.093855	0.073721
2180.0960001945496	1.774488	332	0	0.107402	0.073721
2181.6240000724792	5.373616	332	0	0.183239	0.073721
2183.481999874115	22.199984	332	0	0.116464	0.073721
2185.6340000629425	26.449096	352	0	0.103509	0.073721
2187.641000032425	0.141048	358	0	0.102068	0.073721
2189.6360001564026	5.72912	358	0	0.163192	0.073721
2191.638999938965	14.004976	356	0	0.160986	0.073721
2193.6340000629425	14.004976	356	0	0.103693	0.073721
2195.640000104904	14.004976	356	0	0.200043	0.073721
2197.6210000514984	25.054144	309	0	0.142597	0.073721
2199.62299990654	24.523328	332	0	0.09413	0.073721
2201.6289999485016	17.49	330	0	0.103521	0.073721
2203.621999979019	8.447112	330	0	0.168256	0.073721
2205.630999803543	10.931824	330	0	0.23364	0.073721
2207.811000108719	15.154536	330	0	0.228796	0.073721
2209.638999938965	15.154536	330	0	0.17828	0.073721
2211.6299998760223	15.748656	440	0	0.183755	0.073721
2213.6440000534058	0.445832	298	0	0.095525	0.073721
2215.6419999599457	8.056504	298	0	0.166376	0.073721
2217.641000032425	5.555008	298	0	0.281273	0.073721
2219.6319999694824	6.157792	298	0	0.369108	0.073721
2221.6419999599457	3.565912	222	0	0.474815	0.073721
2223.6449999809265	11.933128	168	0	0.108385	0.073721
2225.630999803543	7.057672	162	0	0.118589	0.073721
2227.638999938965	4.903056	166	0	0.223996	0.073721
2229.6459999084473	7.336624	188	0	0.257569	0.073721
2231.625	8.59036	188	0	0.144669	0.073721
2233.630999803543	0.66888	202	0	0.102216	0.073721
2235.6480000019073	10.421392	172	0	0.122708	0.073721
2237.6340000629425	4.007744	172	0	0.251968	0.073721
2239.625	11.922976	178	0	0.099123	0.073721
2241.630999803543	10.042912	178	0	0.12471	0.073721
2243.6340000629425	3.817984	160	0	0.207468	0.073721
2245.643000125885	3.838456	142	0	0.254542	0.073721
2247.6419999599457	4.04192	148	0	0.214106	0.073721
2249.641000032425	0.218424	116	0	0.114949	0.073721
2251.630999803543	0.513952	126	0	0.226446	0.073721
2253.630999803543	2.408184	134	0	0.146841	0.073721
2255.8739998340607	4.552416	134	0	0.240284	0.073721
2258.1210000514984	8.652184	156	0	0.142439	0.073721
2260.563000202179	0.604896	168	0	0.105175	0.073721
2262.164999961853	16.087728	214	2	0.125863	0.073721
2263.6240000724792	14.727176	212	0	0.130784	0.073721
2265.6259999275208	5.045824	218	0	0.139081	0.073721
2267.6440000534058	11.156184	214	0	0.086637	0.073721
2269.625	8.289136	224	0	0.152473	0.073721
2271.6330001354218	4.468048	224	0	0.245795	0.073721
2273.625	0.57508	226	0	0.13876	0.073721
2275.638999938965	5.227864	226	0	0.148775	0.073721
2277.6459999084473	13.399024	246	0	0.090262	0.073721
2279.7640001773834	1.666184	260	0	0.14909	0.073721
2281.643000125885	21.092816	4	0	0.097489	0.073721
2283.6319999694824	16.530408	322	0	0.114391	0.073721
2285.6289999485016	4.64328	352	0	0.290232	0.073721
2287.6459999084473	1.332872	376	0	0.187742	0.073721
2289.6419999599457	1.942016	380	0	0.109021	0.073819
2291.643000125885	4.366776	410	0	0.172674	0.073819
2293.8760001659393	0.496336	444	0	0.109793	0.073819
2295.6240000724792	8.930944	452	0	0.397649	0.073819
2297.65700006485	9.41432	452	0	0.384233	0.073819
2299.6419999599457	31.650664	518	0	0.110893	0.073819
2301.6319999694824	16.169192	512	0	0.216891	0.073819
2303.6419999599457	6.437	508	0	0.098292	0.073819
2305.6419999599457	12.441024	464	0	0.114449	0.073819
2307.646999835968	3.31868	488	0	0.132897	0.073819
2309.643000125885	24.044248	488	0	0.137441	0.073819
2311.6419999599457	34.990616	488	0	0.113641	0.073819
2313.62299990654	32.283968	532	0	0.097894	0.073819
2315.625	29.142864	502	0	0.11022	0.073819
2317.630999803543	25.395128	502	0	0.135833	0.073819
2319.625	27.958464	502	0	0.155216	0.073819
2321.6299998760223	35.980744	488	0	0.108745	0.073819
2323.635000228882	1.182168	478	0	0.106041	0.073819
2325.6459999084473	22.730048	506	0	0.105375	0.073819
2327.628000020981	14.331288	508	0	0.131052	0.073819
2330.3710000514984	9.674016	508	0	0.232743	0.073819
2331.62299990654	30.790192	512	0	0.148772	0.073819
2333.643000125885	23.399976	508	0	0.105568	0.073819
2335.643000125885	1.039232	510	0	0.139022	0.073819
2337.625	24.955176	518	0	0.091845	0.073819
2339.6419999599457	33.017352	518	0	0.133618	0.073819
2341.6240000724792	28.726472	532	0	0.126137	0.073819
2343.6240000724792	31.588472	536	0	0.136097	0.073819
2345.62299990654	34.66108	532	0	0.107632	0.073819
2347.6259999275208	29.476736	536	0	0.131408	0.073819
2349.901999950409	0.500968	502	0	0.149527	0.073819
2351.87299990654	31.821248	502	0	0.127396	0.073819
2354.1419999599457	30.465128	432	0	0.138656	0.073819
2355.9379999637604	11.99928	442	0	0.221055	0.073819
2357.638000011444	3.752632	460	0	0.162248	0.073819
2359.641000032425	30.4804	460	0	0.133247	0.073819
2361.87700009346	21.370768	460	0	0.107881	0.073819
2364.3710000514984	13.591096	402	0	0.301433	0.073819
2366.1150002479553	9.435888	454	0	0.159901	0.073819
2367.8869998455048	7.569504	354	0	0.40471	0.073819
2369.893000125885	23.485328	344	0	0.14008	0.073819
2371.8819999694824	10.072896	344	0	0.253181	0.073819
2373.8830001354218	7.169496	314	0	0.253366	0.073819
2375.893000125885	12.662464	272	0	0.148665	0.073819
2377.8819999694824	0.041952	264	0	0.201886	0.073819
2379.888000011444	5.34972	264	0	0.321328	0.073819
2381.87700009346	13.382872	212	0	0.182311	0.073819
2383.8949999809265	11.955528	228	0	0.101115	0.073819
2385.87700009346	16.22688	228	0	0.097265	0.073819
2387.878000020981	15.183712	218	0	0.106191	0.073819
2389.973000049591	7.303064	232	0	0.184931	0.073819
2391.8849999904633	14.813344	232	0	0.099166	0.073819
2393.885999917984	4.072256	254	0	0.273963	0.073819
2395.8810000419617	12.07008	248	0	0.096756	0.073819
2397.891000032425	1.47992	246	0	0.107163	0.073819
2399.9120001792908	0.734376	240	0	0.18118	0.073819
2401.8940000534058	5.86664	284	0	0.161778	0.073819
2403.8849999904633	1.836688	284	0	0.192417	0.073819
2405.8819999694824	5.570584	284	0	0.362166	0.073819
2407.893000125885	5.6332	282	0	0.127665	0.073819
2409.8830001354218	1.861904	282	0	0.14949	0.073819
2411.87299990654	16.346472	282	0	0.134222	0.073819
2414.1299998760223	18.767616	260	0	0.122794	0.073819
2415.8990001678467	16.510808	260	0	0.13073	0.073819
2417.885999917984	6.178064	252	0	0.230804	0.073819
2419.8949999809265	1.582248	248	0	0.137593	0.073819
2421.8830001354218	6.034528	246	0	0.321421	0.073819
2423.8980000019073	1.489208	200	0	0.144389	0.073819
2425.8940000534058	4.073872	200	0	0.201556	0.073819
2427.8840000629425	6.970696	222	0	0.201679	0.073819
2429.904000043869	3.864064	4	0	0.224149	0.073819
2431.8990001678467	8.965936	224	0	0.10409	0.073819
2434.125	7.307392	224	0	0.192198	0.073819
2435.8840000629425	1.9032	212	0	0.140046	0.073819
2437.7509999275208	9.498984	216	0	0.092264	0.073819
2439.878000020981	7.826968	270	0	0.191318	0.073819
2441.8990001678467	14.317352	4	0	0.186074	0.073819
2443.880000114441	21.280968	300	0	0.111876	0.073819
2445.891000032425	5.590912	320	0	0.213908	0.073819
2448.3980000019073	21.672008	356	0	0.099149	0.073819
2449.8830001354218	16.415896	356	0	0.099691	0.073819
2451.9150002002716	18.39416	356	0	0.14359	0.073819
2453.8760001659393	2.748712	358	0	0.147036	0.073819
2455.8990001678467	2.586832	358	0	0.15824	0.073819
2457.8970000743866	9.822872	358	0	0.11406	0.073819
2459.8899998664856	0.663352	372	0	0.104111	0.073819
2461.7720000743866	24.373864	372	0	0.09352	0.073819
2464.401999950409	3.171368	400	0	0.170791	0.073819
2465.8830001354218	3.179632	332	0	0.136961	0.073819
2467.909999847412	21.294032	348	0	0.106118	0.073819
2469.896000146866	27.084472	382	0	0.122023	0.073819
2471.880000114441	23.636944	386	0	0.119068	0.073819
2473.8920001983643	23.636944	386	0	0.104408	0.073819
2475.8760001659393	23.636944	386	0	0.099112	0.073819
2477.891000032425	6.5348	382	0	0.11052	0.073819
2479.8849999904633	9.222272	360	0	0.213155	0.073819
2481.8760001659393	22.401144	342	0	0.102785	0.073819
2483.8899998664856	18.607904	336	0	0.131319	0.073819
2485.923000097275	24.17668	336	10	0.107731	0.073819
2487.8819999694824	20.446152	336	0	0.142345	0.073819
2489.8899998664856	20.446152	336	0	0.095228	0.073819
2491.8849999904633	20.446152	336	0	0.102563	0.073819
2493.8789999485016	20.441456	4	0	0.134544	0.073819
2495.87700009346	7.772784	356	0	0.253185	0.073819
2497.8940000534058	6.945144	298	0	0.26854	0.073819
2499.8940000534058	20.919256	312	0	0.138409	0.073819
2501.8739998340607	18.333832	316	0	0.144794	0.073819
2503.87700009346	6.961192	322	0	0.199655	0.073819
2506.3870000839233	21.102072	322	0	0.144543	0.073819
2507.891000032425	22.31352	322	0	0.123329	0.073819
2509.923000097275	6.72168	310	0	0.162002	0.073819
2511.880000114441	3.734832	330	0	0.195998	0.073819
2513.8849999904633	22.6664	368	0	0.093441	0.073819
2515.8940000534058	7.108784	368	0	0.189288	0.073819
2517.8819999694824	1.924992	370	0	0.161747	0.073819
2519.8830001354218	5.539072	374	0	0.131008	0.073819
2521.8739998340607	15.403968	376	0	0.090946	0.073819
2523.885999917984	15.403968	496	0	0.157659	0.073819
2525.8840000629425	11.146032	388	0	0.209732	0.073819
2527.8760001659393	20.720904	384	0	0.125784	0.073819
2529.888999938965	0.44492	388	0	0.15454	0.073819
2531.8849999904633	11.663288	388	0	0.111477	0.073819
2534.1390001773834	25.395712	404	0	0.159059	0.073819
2535.9049999713898	30.880792	440	0	0.094038	0.073819
2537.888000011444	28.62064	426	0	0.103615	0.073819
2539.8819999694824	27.182592	420	0	0.093759	0.073819
2541.8920001983643	28.463256	420	0	0.101022	0.073819
2543.8940000534058	21.29068	444	0	0.103371	0.073819
2545.8760001659393	25.187416	440	0	0.109075	0.073819
2547.880000114441	29.130952	440	0	0.124248	0.073819
2549.8840000629425	31.704576	446	0	0.121539	0.073819
2551.8980000019073	11.310448	438	0	0.286422	0.073819
2553.8739998340607	11.20788	440	0	0.216765	0.073819
2555.8819999694824	10.75836	438	0	0.143775	0.073819
2557.8830001354218	17.461664	438	0	0.174628	0.073819
2559.930000066757	6.209232	396	0	0.236927	0.073819
2561.893000125885	23.741808	432	0	0.146554	0.073819
2563.8830001354218	6.291992	412	0	0.112121	0.073819
2565.891000032425	23.819928	386	0	0.113003	0.073819
2567.885999917984	23.819928	384	0	0.113403	0.073819
2570.6360001564026	1.640528	392	0	0.101064	0.073819
2571.893000125885	29.715344	396	0	0.142212	0.073834
2573.8840000629425	7.506016	396	0	0.21117	0.073834
2575.893000125885	1.83124	400	0	0.174228	0.073834
2577.891000032425	24.109912	448	0	0.08749	0.073834
2579.8830001354218	30.124592	448	0	0.109913	0.073834
2582.1340000629425	0.517544	452	0	0.115095	0.073834
2583.8819999694824	15.019976	424	0	0.281004	0.073834
2585.8819999694824	15.019976	424	0	0.489993	0.073834
2587.8840000629425	15.019976	478	0	0.243811	0.073834
2589.8849999904633	15.019976	480	0	0.149989	0.073834
2591.885999917984	14.059104	304	0	0.157637	0.073834
2593.8830001354218	14.059104	304	0	0.199335	0.073834
2595.9120001792908	2.055952	238	0	0.154017	0.073834
2598.4850001335144	2.274552	290	0	0.65254	0.073834
2600.1440000534058	15.696504	290	0	0.201787	0.073834
2602.1579999923706	12.981432	252	0	0.164371	0.073834
2603.8980000019073	4.432864	252	0	0.221106	0.073834
2606.1259999275208	5.729312	264	0	0.146689	0.073834
2608.1349999904633	20.451104	296	0	0.093645	0.073834
2609.8920001983643	20.48572	334	0	0.125772	0.073834
2611.901999950409	5.068184	328	0	0.206957	0.073834
2614.1459999084473	1.718624	328	0	0.140996	0.073834
2616.1289999485016	17.820832	318	0	0.168716	0.073834
2618.1299998760223	19.761328	318	0	0.191188	0.073834
2620.1340000629425	2.599408	324	0	0.16801	0.073834
2622.0590002536774	19.631896	342	38	0.154774	0.073834
2624.1419999599457	17.471368	292	0	0.116706	0.073834
2626.1419999599457	14.43156	288	0	0.111176	0.073834
2628.1550002098083	4.519392	296	0	0.178683	0.073834
2630.3359999656677	5.813568	314	0	0.109576	0.073834
2632.1440000534058	0.84472	314	0	0.159305	0.073834
2634.1340000629425	15.041544	314	0	0.139131	0.073834
2636.6510002613068	23.075552	310	0	0.099315	0.073834
2638.1340000629425	19.522616	306	0	0.120959	0.073834
2640.1340000629425	5.889728	306	0	0.118313	0.073834
2642.1259999275208	9.422184	322	0	0.214498	0.073834
2644.1299998760223	0.148408	322	0	0.329439	0.073834
2646.1340000629425	0.203792	322	0	0.1148	0.073834
2648.125	22.92412	320	0	0.130804	0.073834
2650.1370000839233	17.470928	320	0	0.104787	0.073834
2652.1269998550415	2.103688	322	0	0.126909	0.073834
2654.149999856949	18.741192	322	0	0.125322	0.073834
2656.398999929428	5.547904	300	0	0.15049	0.073834
2658.1419999599457	6.85728	334	0	0.2228	0.073834
2660.1480000019073	12.138288	228	0	0.136848	0.073834
2662.1340000629425	6.201	226	0	0.228154	0.073834
2664.1269998550415	2.559368	226	0	0.198082	0.073834
2666.148999929428	0.416496	232	0	0.094531	0.073834
2668.1440000534058	15.556328	232	0	0.102443	0.073834
2670.141000032425	0.811656	232	0	0.093609	0.073834
2672.1520001888275	7.811712	210	0	0.23446	0.073834
2674.1259999275208	14.12852	210	0	0.108975	0.073834
2676.1269998550415	2.684632	196	0	0.097717	0.073834
2678.1440000534058	5.179088	230	0	0.114529	0.073834
2680.1360001564026	4.070272	282	0	0.211521	0.073834
2682.1269998550415	18.535432	282	0	0.098562	0.073834
2684.2450001239777	18.535432	282	0	0.090401	0.073834
2686.1259999275208	18.535432	282	0	0.0986	0.073834
2688.1299998760223	18.827392	252	0	0.131309	0.073834
2690.1429998874664	5.643464	252	0	0.215752	0.073834
2692.1299998760223	1.918768	250	0	0.171008	0.073834
2694.141000032425	2.88688	250	0	0.211617	0.073834
2696.1419999599457	0.115672	288	0	0.104727	0.073834
2698.125	5.607184	288	0	0.137224	0.073834
2700.1269998550415	3.019704	286	0	0.153774	0.073834
2702.6370000839233	1.453512	270	0	0.128053	0.073834
2704.1310000419617	9.533568	270	0	0.122635	0.073834
2706.1429998874664	9.533568	270	0	0.265417	0.073834
2708.1319999694824	9.533568	270	0	0.173777	0.073834
2710.1319999694824	4.418272	274	0	0.213095	0.073834
2712.1269998550415	10.329352	274	0	0.106145	0.073834
2714.148999929428	5.011848	274	0	0.226002	0.073834
2716.1440000534058	7.820376	274	0	0.255053	0.073834
2718.1419999599457	6.403528	296	0	0.195266	0.073834
2720.1459999084473	6.835896	296	0	0.232305	0.073834
2722.1429998874664	2.130296	294	0	0.152534	0.073834
2724.140000104904	3.715696	364	0	0.220087	0.073834
2726.138000011444	1.734328	386	0	0.094911	0.073834
2728.140000104904	27.096344	384	0	0.100914	0.073834
2730.1360001564026	7.59632	386	0	0.359536	0.073834
2732.1340000629425	9.909792	384	0	0.16827	0.073906
2734.149999856949	10.188808	4	0	0.110054	0.073906
2736.1449999809265	10.65512	388	0	0.097235	0.073906
2738.1419999599457	4.255224	390	0	0.301929	0.073906
2740.1440000534058	7.789232	390	0	0.187926	0.073906
2742.4990000724792	13.67088	390	0	0.135894	0.073906
2744.1269998550415	25.202384	390	0	0.145917	0.073906
2746.382999897003	26.27936	346	0	0.125071	0.073906
2748.1330001354218	24.009944	376	0	0.108297	0.073906
2750.1470000743866	1.514592	368	0	0.129442	0.073906
2752.1440000534058	21.857496	366	0	0.11284	0.073906
2754.1259999275208	29.309112	386	0	0.0905	0.073906
2756.378000020981	3.99616	396	0	0.110407	0.073906
2758.393000125885	2.294744	396	0	0.156056	0.073906
2760.1470000743866	7.488376	398	0	0.101203	0.073906
2762.1449999809265	0.027752	472	0	0.093277	0.073906
2764.1440000534058	31.728696	484	0	0.11713	0.073906
2766.1259999275208	27.432	484	0	0.139472	0.073906
2768.635000228882	8.161616	484	0	0.394223	0.073906
2770.138000011444	27.012248	484	0	0.145669	0.073906
2772.1370000839233	3.956216	484	0	0.174205	0.073906
2774.1360001564026	31.260312	490	0	0.120899	0.073906
2776.1429998874664	26.161848	570	0	0.10524	0.073906
2778.1429998874664	33.115696	570	0	0.128949	0.073906
2780.1349999904633	29.577336	570	0	0.123691	0.073906
2782.141000032425	33.382848	566	0	0.10767	0.073906
2784.140000104904	33.382848	566	0	0.146498	0.073956
2786.1740000247955	33.71628	512	0	0.120219	0.073956
2788.1480000019073	12.665016	506	0	0.167485	0.073956
2790.1449999809265	1.378016	508	0	0.146911	0.073956
2792.1480000019073	10.07696	506	0	0.247153	0.073956
2794.1470000743866	1.518224	384	0	0.137715	0.073956
2796.1289999485016	5.123216	378	0	0.254931	0.073956
2798.1440000534058	27.565208	374	0	0.121701	0.073956
2800.1390001773834	23.001624	406	0	0.10325	0.073956
2802.1390001773834	7.41776	402	0	0.259258	0.073956
2804.1440000534058	6.295568	406	0	0.174073	0.073956
2806.1360001564026	13.273912	402	0	0.257085	0.073956
2808.6340000629425	9.21608	182	0	0.144418	0.073956
2810.1360001564026	7.113776	208	0	0.091467	0.073956
2812.1349999904633	2.756464	214	0	0.189566	0.073956
2814.1449999809265	5.590768	214	0	0.201858	0.073956
2816.138000011444	3.758792	214	0	0.139695	0.073956
2818.1440000534058	5.300072	214	0	0.164048	0.073956
2820.861999988556	0.82452	256	0	0.095345	0.073956
2822.1259999275208	5.744768	258	0	0.115124	0.073956
2824.1550002098083	5.812816	258	0	0.141631	0.073956
2826.148999929428	18.869328	266	0	0.100147	0.073956
2828.1459999084473	16.623248	266	0	0.110386	0.073956
2830.1269998550415	2.267656	266	0	0.144008	0.073956
2832.1419999599457	5.7866	294	0	0.087054	0.073956
2834.1310000419617	16.952248	294	0	0.117913	0.073956
2836.1449999809265	4.777192	298	0	0.231615	0.073956
2838.1449999809265	20.674688	320	0	0.093049	0.073956
2840.1330001354218	18.961328	336	0	0.115505	0.073956
2842.1340000629425	25.802952	340	0	0.089032	0.073956
2844.1349999904633	25.635496	408	0	0.092124	0.073956
2846.1480000019073	29.42652	412	0	0.090857	0.073956
2848.1310000419617	26.658872	434	0	0.117472	0.073956
2850.385999917984	9.90956	414	0	0.247135	0.073956
2852.1449999809265	9.012176	354	0	0.117293	0.073956
2854.165999889374	18.618672	354	0	0.138703	0.073956
2856.1459999084473	24.122032	354	0	0.106465	0.073956
2858.1509997844696	1.723984	298	0	0.102473	0.073956
2860.1370000839233	15.614272	334	0	0.106414	0.073956
2862.388999938965	22.867984	344	0	0.11636	0.073956
2864.388000011444	16.29976	354	0	0.168956	0.073956
2866.3980000019073	2.649096	384	0	0.201229	0.073956
2868.398999929428	25.845512	380	0	0.147157	0.073956
2870.3760001659393	11.447024	380	0	0.242637	0.073956
2872.396000146866	6.73376	384	0	0.335224	0.073956
2874.3920001983643	8.938832	340	0	0.258903	0.073956
2876.398999929428	0.411056	342	0	0.08855	0.073956
2878.3920001983643	0.892312	250	0	0.246663	0.073956
2880.3819999694824	0.7268	180	0	0.140526	0.073956
2882.3940000534058	3.76684	190	0	0.169642	0.073956
2884.5680000782013	6.363056	198	0	0.194817	0.073956
2886.396000146866	11.721968	222	0	0.105929	0.073956
2888.3920001983643	16.190912	226	0	0.107588	0.073956
2890.3920001983643	4.275696	272	0	0.133098	0.073956
2892.385999917984	4.555136	268	0	0.208703	0.073956
2894.8810000419617	5.712048	268	0	0.175778	0.073956
2896.3870000839233	11.616632	4	0	0.221259	0.073956
2899.1449999809265	18.068488	282	0	0.11732	0.073956
2900.4030001163483	2.727648	294	0	0.154419	0.073956
2902.3840000629425	0.133928	286	0	0.121502	0.073956
2904.398999929428	4.504264	286	0	0.277236	0.073956
2906.398999929428	15.656632	262	0	0.133341	0.073956
2908.2590000629425	7.449448	252	0	0.150571	0.073956
2910.4000000953674	16.011024	276	0	0.100224	0.073956
2912.395000219345	4.493472	294	0	0.165585	0.073956
2914.4000000953674	20.61412	296	0	0.153903	0.073956
2916.885999917984	4.629968	316	0	0.244211	0.073956
2918.385999917984	20.401664	360	0	0.132277	0.073956
2920.8849999904633	3.548408	356	0	0.168538	0.073956
2922.6459999084473	32.46876	424	0	0.093712	0.073956
2924.382999897003	11.438832	422	0	0.140023	0.073956
2926.395000219345	2.862584	424	0	0.234286	0.073956
2928.401000022888	19.987328	420	0	0.13825	0.073956
2930.385999917984	25.281536	382	0	0.130145	0.073956
2932.2510001659393	20.388632	376	0	0.148961	0.073956
2934.3970000743866	5.907248	376	0	0.221581	0.073956
2936.398999929428	0.137192	400	0	0.177172	0.073956
2938.395000219345	3.144672	370	0	0.205222	0.073956
2940.4000000953674	0.92608	366	0	0.120842	0.073956
2942.3819999694824	16.748296	366	0	0.127064	0.073956
2944.398999929428	1.897904	268	0	0.196137	0.073956
2946.396000146866	19.017632	268	0	0.120553	0.073956
2948.3970000743866	8.930832	274	0	0.305553	0.073956
2950.385999917984	17.63988	268	0	0.109592	0.073956
2952.3870000839233	10.509576	266	0	0.128878	0.073956
2954.885999917984	14.591336	262	0	0.118823	0.073956
2956.2629997730255	9.861272	262	0	0.148874	0.073956
2958.3980000019073	18.22108	260	0	0.121402	0.073956
2960.385999917984	15.88324	260	0	0.12786	0.073956
2962.3849999904633	13.936848	258	0	0.097203	0.073956
2964.396000146866	3.036176	256	0	0.180868	0.073956
2966.395000219345	10.25824	256	0	0.22622	0.073956
2968.3970000743866	11.148456	256	0	0.188848	0.073956
2970.401000022888	16.990672	223	0	0.143954	0.073956
2972.8949999809265	6.664976	232	0	0.154862	0.073956
2974.3940000534058	0.675752	228	0	0.148808	0.073956
2976.3920001983643	15.462072	228	0	0.095515	0.073956
2978.3940000534058	12.94172	228	0	0.183108	0.073956
2980.3040001392365	3.869568	250	0	0.131335	0.073956
2982.3899998664856	0.716096	250	0	0.08821	0.073956
2984.3849999904633	7.789216	250	0	0.1731	0.073956
2986.385999917984	9.965024	258	0	0.091126	0.073956
2988.385999917984	7.27352	258	0	0.209319	0.073956
2990.3840000629425	7.700184	256	0	0.168654	0.073956
2992.3819999694824	3.872104	258	0	0.179125	0.073956
2994.380000114441	18.735432	282	0	0.111564	0.073956
2996.395000219345	18.51304	344	0	0.105159	0.073956
2998.3849999904633	11.693688	348	0	0.102944	0.073956
3000.404000043869	11.084792	348	0	0.142438	0.073956
3002.3849999904633	12.938824	348	0	0.242314	0.073956
3004.62700009346	0.126192	316	0	0.102708	0.073956
3006.37700009346	4.975912	220	0	0.188155	0.073956
3008.396000146866	2.940056	246	0	0.242619	0.073819
3010.3940000534058	0.120248	282	0	0.200033	0.073819
3012.3980000019073	17.215696	286	0	0.096843	0.073819
3014.3970000743866	6.49748	286	0	0.110025	0.073819
3016.37900018692	1.503248	360	0	0.127772	0.073819
3018.382999897003	23.613448	404	0	0.267502	0.073819
3020.388000011444	9.707016	404	0	0.264786	0.073819
3022.888999938965	6.084832	318	0	0.188052	0.073819
3024.396000146866	6.545344	304	0	0.222496	0.073819
3026.396000146866	9.40984	324	0	0.178432	0.073819
3028.5650000572205	18.152168	324	0	0.271742	0.073819
3030.3840000629425	0.530776	324	0	0.138633	0.073819
3032.3870000839233	9.863248	324	0	0.209787	0.073819
3034.3940000534058	10.499464	328	0	0.211902	0.073819
3036.3970000743866	3.357944	338	0	0.166051	0.073819
3038.4000000953674	5.710576	334	0	0.09695	0.073819
3040.401000022888	3.965264	334	0	0.125166	0.073819
3042.3980000019073	23.628488	346	0	0.09918	0.073819
3044.3980000019073	1.809552	346	0	0.12002	0.073819
3046.380000114441	23.001088	346	0	0.09646	0.073819
3048.8980000019073	9.801864	360	0	0.1215	0.073819
3050.3870000839233	26.102456	410	0	0.113051	0.073819
3052.3849999904633	23.03672	410	0	0.122904	0.073819
3054.385999917984	18.845136	410	0	0.158261	0.073819
3056.385999917984	1.172472	410	0	0.154105	0.073819
3058.385999917984	17.1608	408	0	0.112588	0.073819
3060.885999917984	25.780792	438	0	0.118266	0.073819
3062.3849999904633	15.93352	406	0	0.115415	0.073819
3064.3819999694824	25.839744	410	0	0.149782	0.073819
3066.382999897003	22.07868	406	0	0.135523	0.073819
3068.3940000534058	12.482232	440	0	0.121137	0.073819
3070.396000146866	21.977736	440	0	0.187167	0.073819
3072.3840000629425	19.634	440	0	0.125348	0.073819
3074.393000125885	11.597048	440	0	0.161463	0.073819
3076.3899998664856	30.109056	396	0	0.119956	0.073819
3078.395000219345	21.784728	396	0	0.150162	0.073819
3080.4000000953674	1.210944	396	0	0.165068	0.073819
3082.3849999904633	28.085424	398	0	0.093717	0.073819
3084.385999917984	1.03184	402	0	0.11702	0.073819
3086.888999938965	6.117448	404	0	0.108014	0.073819
3088.3849999904633	30.872688	418	0	0.11583	0.073819
3090.398999929428	29.597192	418	0	0.12584	0.073819
3092.3840000629425	31.642992	422	0	0.114003	0.073819
3094.46599984169	26.905784	420	0	0.124119	0.073819
3096.3920001983643	27.388808	420	0	0.10301	0.073819
3098.3940000534058	18.855176	420	0	0.102328	0.073819
3100.388000011444	6.080624	416	0	0.148746	0.073819
3102.3980000019073	2.755728	374	0	0.206672	0.073819
3104.638000011444	25.04796	368	0	0.114615	0.073819
3106.3970000743866	7.019824	360	0	0.184427	0.073819
3108.3970000743866	24.13176	376	0	0.103876	0.073819
3110.396000146866	26.461944	380	0	0.105593	0.073819
3115.045000076294	2.870856	384	0	0.177799	0.073819
3115.305999994278	15.22208	384	18	0.118669	0.073819
3116.6480000019073	3.046096	406	0	0.195924	0.073819
3118.6459999084473	27.751216	416	0	0.109572	0.073819
3120.640000104904	29.320392	430	0	0.114502	0.073819
3123.1370000839233	26.441808	436	0	0.113841	0.073819
3124.6440000534058	26.441808	436	0	0.101193	0.073819
3126.6510002613068	28.37752	436	0	0.097369	0.073819
3128.8840000629425	30.075896	416	0	0.099399	0.073819
3130.646999835968	22.634576	428	0	0.127102	0.073819
3132.6480000019073	1.133816	418	0	0.10907	0.073819
3134.6340000629425	6.273984	452	0	0.106367	0.073819
3136.6449999809265	22.076056	452	0	0.147426	0.073819
3138.776999950409	0.804776	442	0	0.17668	0.073819
3140.6520001888275	6.253696	446	0	0.242472	0.073819
3142.8849999904633	9.737248	402	0	0.208964	0.073819
3144.641000032425	6.799976	408	0	0.254127	0.073819
3146.901999950409	32.189152	428	0	0.128332	0.073819
3148.6360001564026	36.108888	478	0	0.10239	0.073819
3150.6370000839233	6.865224	522	0	0.229247	0.073819
3152.6459999084473	10.588152	498	0	0.170693	0.073819
3154.6449999809265	4.167976	498	0	0.131473	0.073819
3156.6459999084473	30.483008	428	0	0.14005	0.073819
3158.635000228882	28.294144	430	0	0.098001	0.073819
3160.6579999923706	24.215416	430	0	0.111896	0.073819
3162.5009999275208	20.012752	426	0	0.151126	0.073819
3164.646999835968	8.460096	430	0	0.243927	0.073819
3167.1289999485016	5.582568	422	0	0.180371	0.073819
3168.638000011444	12.987488	422	0	0.145194	0.073819
3170.65900015831	23.974072	530	0	0.175119	0.073819
3172.6319999694824	5.451456	464	0	0.101214	0.073819
3174.640000104904	25.782512	464	0	0.136198	0.073819
3176.635000228882	32.696448	458	0	0.104121	0.073819
3178.640000104904	30.723616	450	0	0.107447	0.073819
3180.649999856949	10.365392	450	0	0.251614	0.073819
3182.630999803543	10.182648	450	0	0.216503	0.073819
3184.6449999809265	25.768056	448	0	0.120338	0.073819
3186.507000207901	19.343248	442	0	0.099971	0.073819
3189.1429998874664	26.480104	446	0	0.125873	0.073819
3190.635000228882	25.74864	442	0	0.114786	0.073819
3192.649999856949	32.02344	446	0	0.092691	0.073819
3194.6449999809265	23.789656	446	0	0.152139	0.073819
3196.638000011444	6.589592	446	0	0.163801	0.073819
3198.6419999599457	19.55544	446	0	0.176828	0.073819
3200.6520001888275	3.725592	414	0	0.195522	0.073819
3202.648999929428	29.216432	414	0	0.170367	0.073819
3204.6449999809265	31.386512	432	0	0.14277	0.073819
3206.635000228882	5.402312	518	0	0.096648	0.073819
3208.638999938965	33.66952	518	0	0.118562	0.073819
3210.704999923706	38.045328	514	0	0.155358	0.073819
3212.6330001354218	29.815136	514	0	0.108785	0.073819
3214.643000125885	32.33856	510	0	0.118852	0.073819
3216.6459999084473	8.7642	506	0	0.194917	0.073819
3219.1059999465942	24.776584	560	0	0.134861	0.073819
3220.6510002613068	31.0806	446	0	0.105615	0.073819
3222.6480000019073	31.16344	442	0	0.119363	0.073819
3224.641000032425	27.70796	436	0	0.119829	0.073819
3226.6370000839233	23.703512	440	0	0.115726	0.073819
3228.648999929428	22.57624	444	0	0.104535	0.073819
3230.638000011444	6.107856	430	0	0.102916	0.073819
3232.638000011444	26.007552	430	0	0.125655	0.073819
3234.904000043869	4.508616	438	0	0.227338	0.073819
3236.638999938965	2.798168	442	0	0.160555	0.073819
3238.6370000839233	27.162784	440	0	0.120155	0.073819
3240.8760001659393	23.274552	442	0	0.105197	0.073819
3242.6370000839233	4.568144	440	0	0.088122	0.073819
3244.638000011444	23.152488	400	0	0.101257	0.073819
3246.638000011444	1.047128	326	0	0.101803	0.073819
3248.646999835968	2.007776	320	0	0.152369	0.073819
3250.6449999809265	3.465528	368	0	0.13058	0.073819
3252.6370000839233	24.704824	386	0	0.105071	0.073819
3254.638000011444	23.403232	378	0	0.100278	0.073819
3256.646999835968	26.782352	378	0	0.137987	0.073819
3258.638999938965	29.288648	404	0	0.093504	0.073819
3260.6370000839233	27.227072	400	0	0.103497	0.073819
3262.649999856949	1.429552	400	0	0.139224	0.073819
3264.6370000839233	24.585848	404	0	0.167329	0.073819
3266.6480000019073	1.115184	428	0	0.149796	0.073819
3268.6520001888275	7.94944	416	0	0.183663	0.073819
3270.6360001564026	8.209816	386	0	0.117816	0.073819
3272.641000032425	26.847752	386	0	0.133755	0.073819
3274.8940000534058	26.793448	386	0	0.09758	0.073819
3276.6360001564026	1.974872	398	0	0.148298	0.073819
3278.6449999809265	29.849656	420	0	0.095604	0.073819
3280.6360001564026	1.51772	420	0	0.121193	0.073819
3282.813999891281	3.651344	424	0	0.231301	0.073819
3284.664999961853	1.868032	420	0	0.232488	0.073819
3286.6459999084473	32.801896	426	0	0.130303	0.073819
3288.6360001564026	6.206024	450	0	0.116037	0.073819
3290.6319999694824	31.26292	446	0	0.109682	0.073819
3292.6360001564026	33.769032	464	0	0.093063	0.073819
3294.6370000839233	30.90244	464	0	0.104267	0.073819
3296.6600000858307	22.276832	464	0	0.158393	0.073819
3298.649999856949	2.05888	464	0	0.168467	0.073819
3300.6419999599457	26.05568	464	0	0.150357	0.073819
3302.638000011444	20.720808	406	0	0.132177	0.073819
3304.648999929428	20.720808	418	0	0.100684	0.073819
3306.6340000629425	30.785176	402	0	0.09798	0.073819
3308.649999856949	24.78484	400	0	0.10772	0.074066
3311.1370000839233	5.123008	400	0	0.214385	0.074066
3312.646999835968	24.97812	420	0	0.092398	0.074066
3314.65900015831	5.088848	418	0	0.202186	0.074066
3316.664999961853	14.520152	430	0	0.150095	0.074066
3318.6449999809265	37.500824	504	0	0.123794	0.074066
3320.638000011444	37.500824	504	0	0.282823	0.074066
3322.638000011444	27.761968	504	0	0.169265	0.074066
3324.643000125885	27.761968	506	0	0.131678	0.074066
3326.646999835968	27.761968	506	0	0.101481	0.074066
3328.6340000629425	27.761968	526	0	0.103376	0.074066
3330.646999835968	25.223048	524	0	0.121416	0.074066
3332.6510002613068	11.938912	446	0	0.155201	0.074066
3334.638000011444	25.084184	410	0	0.13068	0.074066
3336.6370000839233	3.280904	406	0	0.199965	0.074066
3338.654000043869	6.254048	408	0	0.272042	0.074066
3340.6299998760223	7.751584	408	0	0.156236	0.074066
3342.6459999084473	14.638376	406	0	0.197117	0.074066
3344.6370000839233	18.165592	254	0	0.142923	0.074066
3346.656000137329	3.234384	254	0	0.187132	0.074066
3348.6510002613068	2.421872	242	0	0.128675	0.074066
3350.646999835968	15.59972	252	0	0.103547	0.074066
3352.648999929428	6.161584	274	0	0.151149	0.074066
3354.6370000839233	20.88572	284	0	0.108764	0.074066
3356.9000000953674	15.815904	314	0	0.119703	0.074066
3358.901000022888	22.153464	316	0	0.107851	0.074066
3360.6419999599457	20.443832	358	0	0.088949	0.074066
3362.6520001888275	2.223312	358	0	0.12134	0.074066
3364.6459999084473	8.683816	358	0	0.097535	0.074066
3366.896000146866	9.629912	358	0	0.093449	0.074066
3368.885999917984	10.795392	358	0	0.091524	0.074066
