0.0	9.503472	130	64	0.081891	0.073611
0.7419998645782471	5.533624	130	6	0.085223	0.073611
1.2150001525878906	0.14768	130	0	0.090291	0.073611
1.3270001411437988	3.033736	130	0	0.084812	0.073611
1.4800000190734863	4.675984	130	0	0.078154	0.073611
1.696000099182129	9.487976	130	0	0.07876	0.073611
1.941999912261963	9.503656	130	22	0.07974	0.073611
2.2100002765655518	9.047352	130	0	0.079213	0.073611
2.5240001678466797	9.001264	130	52	0.095733	0.073611
4.0420002937316895	8.992232	130	0	0.096788	0.073611
6.047000169754028	9.3482	130	0	0.094943	0.073611
8.046000003814697	8.791496	130	0	0.079569	0.073611
10.044000148773193	8.867632	132	0	0.080261	0.073611
12.046000003814697	11.464136	162	0	0.079385	0.073611
14.050000190734863	16.258304	224	0	0.078263	0.073611
16.288000106811523	16.215728	258	0	0.080905	0.073611
18.302000045776367	19.018408	262	0	0.079217	0.073611
20.288000106811523	20.450184	270	0	0.07986	0.073611
22.29800009727478	16.74128	270	0	0.08952	0.073611
24.293999910354614	18.991864	272	0	0.077774	0.073611
26.14800000190735	24.2482	318	0	0.07924	0.073611
28.28600001335144	25.896712	350	0	0.079454	0.073611
30.288000106811523	26.017584	360	0	0.079757	0.073611
32.29200005531311	27.94676	366	0	0.078856	0.073611
34.293999910354614	28.983352	377	0	0.078588	0.073611
36.28600001335144	29.88548	392	0	0.07866	0.073611
38.290000200271606	29.21908	392	0	0.08046	0.073611
40.29800009727478	30.53072	398	0	0.079397	0.073611
42.28800010681152	30.55676	412	0	0.080912	0.073611
44.295000076293945	28.57816	412	0	0.080527	0.073611
46.29299998283386	31.336048	412	0	0.081195	0.073611
48.2960000038147	27.445832	442	0	0.079551	0.073611
50.146000146865845	33.101264	448	0	0.078945	0.073611
52.29100012779236	31.752864	448	0	0.08599	0.073611
54.29800009727478	35.071336	456	0	0.089356	0.073611
56.28800010681152	33.018024	456	0	0.083384	0.073611
58.2960000038147	33.491304	456	0	0.083999	0.073611
60.29900002479553	35.847792	466	0	0.08308	0.073611
62.29200005531311	32.634808	466	0	0.080868	0.073611
64.29800009727478	32.928616	466	0	0.08257	0.073611
66.2900002002716	34.16264	466	0	0.082884	0.073611
68.28400015830994	32.045536	472	0	0.0818	0.073611
70.2900002002716	32.789448	464	0	0.079923	0.073611
72.29200005531311	34.187072	464	0	0.081629	0.073611
74.14600014686584	34.272976	464	0	0.079809	0.073611
76.29699993133545	32.788912	460	0	0.078986	0.073611
78.28800010681152	33.250128	460	0	0.077111	0.073611
80.29399991035461	33.250128	458	0	0.079946	0.073611
82.29999995231628	31.614592	450	0	0.082505	0.073611
84.28600001335144	32.5834	450	0	0.079793	0.073611
86.2900002002716	33.729928	450	0	0.07975	0.073611
88.28600001335144	33.327664	450	0	0.080011	0.073611
90.29200005531311	34.189424	4	0	0.079962	0.073611
92.30600023269653	32.988136	452	0	0.079392	0.073611
94.2900002002716	34.50348	456	0	0.080127	0.073611
96.29999995231628	34.50348	456	0	0.083296	0.073611
98.14600014686584	32.009096	456	0	0.081342	0.073611
100.2960000038147	32.009096	456	0	0.080685	0.073611
102.30200004577637	27.321304	453	0	0.095189	0.073611
104.2900002002716	34.002688	464	0	0.081937	0.073611
106.29200005531311	33.662928	464	0	0.081091	0.073611
108.2900002002716	34.549296	464	0	0.084745	0.073611
110.2900002002716	32.787144	464	0	0.081428	0.073611
112.2960000038147	30.9728	464	0	0.083698	0.073611
114.29200005531311	34.46868	4	0	0.080676	0.073611
116.29999995231628	34.46868	470	0	0.08295	0.073611
118.29200005531311	31.204736	462	0	0.081268	0.073611
120.30400013923645	32.641632	462	0	0.080571	0.073611
122.14999985694885	32.94724	462	0	0.079139	0.073611
124.31200003623962	28.732656	462	0	0.08642	0.073611
126.2900002002716	33.375552	462	0	0.082376	0.073611
128.29399991035461	33.094872	462	0	0.08032	0.073611
130.28600001335144	33.54988	470	0	0.0844	0.073611
132.2960000038147	27.452224	470	0	0.081738	0.073611
134.28800010681152	30.520088	476	0	0.082337	0.073611
136.29100012779236	30.520088	476	0	0.080731	0.073611
138.2960000038147	33.799088	476	0	0.07978	0.073611
140.2900002002716	1.543848	450	0	0.088285	0.073611
142.29999995231628	18.386456	450	0	0.080246	0.073611
144.28600001335144	33.54896	454	0	0.079646	0.073611
146.2900002002716	32.569648	452	0	0.081461	0.073611
148.2900002002716	33.522504	452	0	0.081281	0.073611
150.29999995231628	32.43152	448	0	0.081426	0.073611
152.2900002002716	32.618232	448	0	0.0808	0.073611
154.29100012779236	33.073024	468	0	0.082258	0.073611
156.28700017929077	34.963488	468	0	0.080932	0.073611
158.29100012779236	33.34288	468	0	0.085176	0.073611
160.29800009727478	33.561808	478	0	0.083108	0.073611
162.29500007629395	31.403448	478	0	0.081948	0.073611
164.29699993133545	32.274176	472	0	0.08825	0.073611
166.29800009727478	33.71476	472	0	0.083052	0.073611
168.2900002002716	34.789824	472	0	0.083675	0.073611
170.29699993133545	32.691184	478	0	0.084058	0.073611
172.2900002002716	32.706864	478	0	0.099882	0.073611
174.29999995231628	34.924184	476	0	0.080938	0.073611
176.29100012779236	34.924184	476	0	0.081152	0.073611
178.29999995231628	33.735872	466	0	0.090781	0.073611
180.29399991035461	35.747856	474	0	0.085093	0.073611
182.2920000553131	33.96304	474	0	0.091101	0.073611
184.29699993133545	33.96304	474	0	0.081081	0.073611
186.28800010681152	33.96304	478	0	0.081818	0.073611
188.29100012779236	34.638792	478	0	0.085911	0.073611
190.28700017929077	34.002736	474	0	0.090125	0.073611
192.2920000553131	34.619304	472	0	0.082183	0.073611
194.29800009727478	33.270288	472	0	0.085692	0.073611
196.28800010681152	34.63812	472	0	0.085722	0.073611
198.29800009727478	34.460424	472	0	0.082839	0.073611
200.29100012779236	34.768696	472	0	0.084268	0.073611
202.2920000553131	33.249896	470	0	0.094539	0.073611
204.29399991035461	34.132736	470	0	0.082639	0.073611
206.29399991035461	34.622664	470	0	0.081874	0.073611
208.2920000553131	34.830024	470	0	0.084739	0.073611
210.2900002002716	33.070184	476	0	0.080824	0.073611
212.29699993133545	32.483432	472	0	0.083042	0.073611
214.28900003433228	32.452888	464	0	0.081799	0.073845
216.29399991035461	33.02732	480	0	0.08992	0.073845
218.2920000553131	35.552072	488	0	0.086198	0.073845
220.29900002479553	33.188512	488	0	0.110074	0.073845
222.28600001335144	34.460488	488	0	0.086863	0.073845
224.29399991035461	34.390328	488	0	0.08371	0.073845
226.28800010681152	30.785512	490	0	0.086187	0.073845
228.28700017929077	32.147736	484	0	0.082663	0.073845
230.2960000038147	33.917856	484	0	0.082832	0.073845
232.2960000038147	32.470576	480	0	0.08337	0.073845
234.28700017929077	35.290768	464	0	0.08243	0.073845
236.28800010681152	31.734552	464	0	0.093095	0.073845
238.2960000038147	33.677208	464	0	0.08045	0.073845
240.2920000553131	33.768512	464	0	0.080864	0.073845
242.30800008773804	32.14348	464	0	0.079465	0.073845
244.30200004577637	33.300344	458	0	0.081361	0.073845
246.2900002002716	32.466896	458	0	0.079751	0.073845
248.28400015830994	31.921424	472	0	0.082262	0.073845
250.28400015830994	33.454568	472	0	0.091232	0.073845
252.29500007629395	33.234792	472	0	0.084097	0.073845
254.28900003433228	33.936504	472	0	0.0837	0.073845
256.2980000972748	32.737344	472	0	0.085886	0.073845
258.29100012779236	34.346256	462	0	0.086772	0.073845
260.2939999103546	34.346256	470	0	0.083269	0.073845
262.2960000038147	32.613336	462	0	0.082762	0.073845
264.3050000667572	35.843688	468	0	0.086288	0.073845
266.2900002002716	32.777056	474	0	0.08724	0.073845
268.29699993133545	34.234176	478	0	0.081264	0.073845
270.30600023269653	33.030368	478	0	0.089231	0.073845
272.53600001335144	18.074248	478	0	0.085059	0.073845
274.539999961853	33.854664	488	0	0.083067	0.073845
276.5499999523163	33.854664	484	0	0.083024	0.073845
278.5499999523163	33.854664	484	0	0.080382	0.073845
280.40000009536743	33.854664	484	0	0.082532	0.073845
282.53600001335144	33.854664	484	0	0.080761	0.073845
284.539999961853	33.730704	468	0	0.082742	0.073845
286.54199981689453	33.730704	464	0	0.078983	0.073845
288.5409998893738	33.730704	464	0	0.084574	0.073845
290.5440001487732	34.67668	464	0	0.079834	0.073845
292.5440001487732	33.174176	464	0	0.097077	0.073845
294.5409998893738	32.080208	462	0	0.079733	0.073845
296.54199981689453	34.173824	462	0	0.080395	0.073845
298.53600001335144	33.222032	462	0	0.080088	0.073845
300.5390000343323	33.432384	464	0	0.081745	0.073845
302.5380001068115	33.432384	464	0	0.081678	0.073845
304.39400029182434	32.479544	464	0	0.081573	0.073845
306.5480000972748	32.479544	464	0	0.081464	0.073845
308.53399991989136	32.479544	464	0	0.080844	0.073845
310.5480000972748	32.479544	464	0	0.081051	0.073845
312.53600001335144	34.350336	480	0	0.088318	0.073845
314.539999961853	33.314184	480	0	0.087132	0.073946
316.55599999427795	34.254016	480	0	0.089056	0.073946
318.539999961853	33.921984	482	0	0.099492	0.073946
320.5440001487732	33.832744	478	0	0.082754	0.073946
322.5440001487732	31.98028	478	0	0.093784	0.073946
324.54900002479553	34.882768	472	0	0.083916	0.073946
326.5499999523163	34.638488	472	0	0.097499	0.073946
328.3880000114441	34.193088	472	0	0.082907	0.073946
330.5480000972748	33.148128	470	0	0.082158	0.073946
332.54199981689453	33.05288	470	0	0.088166	0.073946
334.5380001068115	36.478904	478	0	0.085307	0.073946
336.54300022125244	32.764488	484	0	0.082865	0.073946
338.53399991989136	32.099544	480	0	0.081705	0.073946
340.53600001335144	32.099544	480	0	0.082742	0.073946
342.5499999523163	32.099544	480	0	0.081357	0.073946
344.54199981689453	32.099544	480	0	0.081812	0.073946
346.54199981689453	33.182168	464	0	0.087171	0.073946
348.5659999847412	33.38772	464	0	0.082488	0.073946
350.5380001068115	33.38772	462	0	0.079835	0.073946
352.3899998664856	32.25972	462	0	0.080277	0.073946
354.53399991989136	32.25972	462	0	0.080506	0.073946
356.5380001068115	35.536344	462	0	0.080432	0.073946
358.54199981689453	35.82432	466	0	0.084432	0.073946
360.5480000972748	34.43216	4	0	0.082088	0.073946
362.5480000972748	32.322424	468	0	0.08072	0.073946
364.53399991989136	33.945592	468	0	0.079938	0.073946
366.5510001182556	33.448656	468	0	0.08163	0.073946
368.539999961853	32.561712	462	0	0.083868	0.073929
370.5499999523163	32.516232	460	0	0.091351	0.073929
372.5380001068115	32.631392	460	0	0.080647	0.073929
374.539999961853	34.064784	460	0	0.081618	0.073929
376.5440001487732	32.357728	460	0	0.081969	0.073929
378.5499999523163	32.873928	4	0	0.08137	0.073929
380.5499999523163	32.561944	452	0	0.080742	0.073929
382.55400013923645	32.655072	456	0	0.080887	0.073929
384.54199981689453	32.655072	456	0	0.080503	0.073929
387.19200015068054	34.2366	452	0	0.083357	0.073929
389.1899998188019	33.85436	460	0	0.086502	0.073929
391.2020001411438	33.85436	460	0	0.228181	0.073929
393.1899998188019	32.863832	460	0	0.098648	0.073929
395.19200015068054	33.009336	460	0	0.080688	0.073929
397.19600009918213	33.419168	458	0	0.080372	0.07377
399.2020001411438	32.770008	466	0	0.082423	0.07377
401.1970000267029	32.770008	466	0	0.079529	0.07377
403.1879999637604	32.917456	468	0	0.09233	0.07377
405.2000000476837	34.514904	468	0	0.092899	0.07377
407.1889998912811	32.823088	478	0	0.081566	0.07377
409.19799995422363	32.823088	476	0	0.08247	0.07377
411.1910002231598	32.823088	474	0	0.081864	0.07377
413.19799995422363	33.662784	484	0	0.090348	0.07377
415.20300006866455	26.71976	484	0	0.112764	0.07377
417.19799995422363	34.138064	484	0	0.081282	0.07377
419.1879999637604	33.339296	484	0	0.085057	0.07377
421.19799995422363	33.339296	488	0	0.081337	0.07377
423.19200015068054	32.24436	480	0	0.088509	0.07377
425.1899998188019	31.77844	480	0	0.08602	0.07377
427.2000000476837	27.8388	480	0	0.097333	0.07377
429.1940002441406	34.059736	480	0	0.094637	0.07377
431.1899998188019	33.972248	498	0	0.088786	0.07377
433.19600009918213	31.336584	496	0	0.085896	0.07377
435.2000000476837	32.3908	498	0	0.080774	0.07377
437.1879999637604	32.515672	498	0	0.08493	0.07377
439.2000000476837	32.515672	498	0	0.084449	0.07377
441.2000000476837	32.515672	494	0	0.080945	0.07377
443.1899998188019	31.153848	470	0	0.089019	0.07377
445.19200015068054	31.153848	470	0	0.079258	0.07377
447.1899998188019	34.780912	460	0	0.080873	0.07377
449.19799995422363	34.780912	460	0	0.083053	0.07377
451.55400013923645	30.692872	460	0	0.080455	0.07377
453.19200015068054	33.426504	460	0	0.079643	0.07377
455.2020001411438	32.941024	468	0	0.089748	0.07377
457.22700023651123	33.443352	470	0	0.086561	0.07377
459.2180001735687	32.598536	470	0	0.088227	0.07377
461.1879999637604	32.598536	470	0	0.088803	0.07377
463.1899998188019	33.241664	470	0	0.082502	0.07377
465.19600009918213	31.931256	4	0	0.081011	0.07377
467.1930000782013	32.129424	474	0	0.089339	0.07377
469.2000000476837	32.129424	474	0	0.081811	0.07377
471.20099997520447	32.129424	474	0	0.081403	0.07377
473.19799995422363	32.129424	472	0	0.079887	0.07377
475.1950001716614	34.392752	472	0	0.079308	0.07377
477.1950001716614	34.392752	468	0	0.080552	0.07377
479.1899998188019	34.628248	468	0	0.090347	0.07377
481.1940002441406	34.628248	468	0	0.082263	0.07377
483.2000000476837	34.628248	468	0	0.081235	0.07377
485.2000000476837	34.628248	468	0	0.078891	0.07377
487.19200015068054	34.628248	4	0	0.079257	0.07377
489.2000000476837	34.628248	470	0	0.080119	0.07377
491.19600009918213	34.628248	470	0	0.080896	0.07377
493.1860001087189	34.424848	472	0	0.084402	0.07377
495.20300006866455	33.105048	472	0	0.09363	0.07377
497.20099997520447	32.617552	472	0	0.098173	0.07377
499.1940002441406	33.636896	472	0	0.08962	0.07377
501.2000000476837	34.948152	472	0	0.085123	0.07377
503.2020001411438	35.640856	476	0	0.078595	0.07377
505.1860001087189	35.640856	476	0	0.084359	0.07377
507.1899998188019	33.276744	474	0	0.082221	0.07377
509.19900012016296	33.276744	474	0	0.083468	0.07377
511.1899998188019	33.276744	474	0	0.079601	0.07377
513.1979999542236	32.671128	438	0	0.081785	0.07377
515.1899998188019	28.580128	442	0	0.08153	0.07377
517.1979999542236	29.221064	438	0	0.080205	0.07377
519.2000000476837	32.45192	438	0	0.078834	0.07377
521.1940002441406	32.45192	438	0	0.079794	0.07377
523.1979999542236	33.78796	446	0	0.084046	0.07377
525.1899998188019	33.78796	446	0	0.08076	0.07377
527.1940002441406	6.709584	454	0	0.081746	0.07377
529.2030000686646	31.858488	454	0	0.079319	0.07377
531.1979999542236	31.926912	454	0	0.085828	0.07377
533.1860001087189	31.926912	454	0	0.079628	0.07377
535.1970000267029	32.838008	438	0	0.080591	0.07377
537.1960000991821	32.240824	438	0	0.081842	0.07377
539.1899998188019	32.240824	438	0	0.081063	0.07377
541.1920001506805	31.1364	448	0	0.083216	0.07377
543.1920001506805	32.156048	464	0	0.083877	0.07377
545.1940002441406	33.28476	474	0	0.088715	0.07377
547.1940002441406	33.001792	474	0	0.094647	0.07377
549.1940002441406	22.192448	474	0	0.154861	0.07377
551.1950001716614	32.585496	474	0	0.083798	0.07377
553.1979999542236	29.991256	4	0	0.086256	0.07377
555.2030000686646	33.383192	472	0	0.082868	0.07377
557.1960000991821	35.14916	474	0	0.084357	0.07377
559.1879999637604	32.354568	474	0	0.083033	0.07377
561.1930000782013	7.226944	474	0	0.084291	0.07377
563.1899998188019	32.0728	478	0	0.089186	0.07377
565.2000000476837	34.025072	478	0	0.089149	0.07377
567.1899998188019	34.17276	478	0	0.098159	0.07377
569.1899998188019	33.89492	484	0	0.081795	0.07377
571.1930000782013	33.99916	472	0	0.081892	0.07377
573.1879999637604	34.596464	472	0	0.078879	0.07377
575.1940002441406	33.828216	472	0	0.081513	0.07377
577.1879999637604	32.723552	472	0	0.082878	0.07377
579.1889998912811	33.993472	472	0	0.081775	0.07377
581.1940002441406	33.993472	4	0	0.081761	0.07377
583.1860001087189	33.993472	474	0	0.079642	0.07377
585.1940002441406	33.993472	472	0	0.078862	0.07377
587.1960000991821	34.278472	454	0	0.08071	0.07377
589.1960000991821	34.278472	454	0	0.080268	0.07377
591.2000000476837	32.231848	448	0	0.081292	0.07377
593.1860001087189	32.231848	448	0	0.081213	0.07377
595.1979999542236	34.578944	452	0	0.082048	0.07377
597.1899998188019	34.578944	452	0	0.079534	0.07377
599.2000000476837	31.06608	450	0	0.086454	0.07377
601.204999923706	30.30232	450	0	0.084693	0.07377
603.1910002231598	5.855696	426	0	0.092732	0.07377
605.1879999637604	30.65616	426	0	0.083295	0.07377
607.1940002441406	30.176408	428	0	0.081622	0.07377
609.2100002765656	34.005184	4	0	0.07992	0.07377
611.1920001506805	33.378976	453	0	0.079262	0.07377
613.1979999542236	33.378976	452	0	0.079284	0.07377
615.1860001087189	33.378976	456	0	0.081381	0.07377
617.1960000991821	32.659904	456	0	0.081211	0.07377
619.1889998912811	32.141624	456	0	0.081194	0.07377
621.1860001087189	32.918648	456	0	0.082475	0.07377
623.1899998188019	33.028304	452	0	0.087652	0.07377
625.1960000991821	34.591496	470	0	0.085783	0.07377
627.1899998188019	34.276616	470	0	0.083509	0.07377
629.1920001506805	33.81156	470	0	0.080511	0.07377
631.1979999542236	33.107936	490	0	0.084517	0.07377
633.1899998188019	33.107936	490	0	0.084088	0.07377
635.1899998188019	32.652392	4	0	0.084799	0.07377
637.1940002441406	33.135664	500	0	0.084167	0.07377
639.2000000476837	32.215792	498	0	0.084029	0.07377
641.1979999542236	32.882288	472	0	0.088329	0.07377
643.1899998188019	34.1936	462	0	0.079416	0.07377
645.1940002441406	34.21968	462	0	0.079092	0.07377
647.1960000991821	35.934376	468	0	0.082098	0.07377
649.1920001506805	35.934376	468	0	0.079265	0.07377
651.1899998188019	35.934376	468	0	0.079251	0.07377
653.2000000476837	33.189312	472	0	0.081798	0.07377
655.1920001506805	30.700608	4	0	0.085343	0.07377
657.1979999542236	33.763344	476	0	0.080176	0.07377
659.1899998188019	33.763344	476	0	0.08057	0.07377
661.1940002441406	33.763344	476	0	0.080679	0.07377
663.1920001506805	33.763344	476	0	0.081364	0.07377
664.8910000324249	33.763344	476	0	0.081284	0.07377
666.7880001068115	34.974336	472	0	0.093138	0.07377
668.7840001583099	34.676792	472	0	0.083841	0.07377
670.789999961853	32.105688	472	0	0.083525	0.07377
672.7890000343323	33.962488	472	0	0.095236	0.07377
-55717.47599983215	34.579	1108	0	0.178877	0.169732
-55717.10600018501	34.579	1108	1	0.179226	0.169732
-55716.7460000515	2.677064	1106	0	0.179192	0.169732
-55716.54899978638	4.73272	1100	12	0.171886	0.169732
-55716.202000141144	8.066112	1098	0	0.170932	0.169732
-55715.959000110626	10.425744	1098	0	0.170764	0.169732
