0.0	0.57848	28	18	0.568192	0.013769
4.394000053405762	0.43124	16	0	0.146203	0.013769
6.739000082015991	0.1814	14	0	0.181894	0.013769
8.32200002670288	2.11552	16	10	0.065381	0.013769
10.850000143051147	3.040784	18	0	0.163971	0.013769
12.46399998664856	2.536984	18	0	0.08412	0.013769
14.414999961853027	1.884168	16	0	0.094129	0.013769
16.569000244140625	0.890232	18	4	0.141748	0.013769
18.66700005531311	0.737984	18	0	0.110473	0.013769
20.646000146865845	0.991296	14	0	0.070798	0.013769
23.196000337600708	7.022456	26	13	0.034937	0.013769
28.100000143051147	2.873512	37	0	0.030276	0.013769
32.12600016593933	2.377928	18	6	0.070692	0.013681
36.70700001716614	0.89328	24	0	0.035891	0.013681
38.165000200271606	1.452288	28	0	0.083637	0.013681
40.23700022697449	0.847048	28	26	0.118448	0.01326
43.76799988746643	0.528312	12	0	0.188375	0.01326
45.94000029563904	1.606536	16	9	0.052099	0.01326
47.81500005722046	0.351848	16	0	0.148499	0.01326
50.5310001373291	2.357176	20	13	0.056994	0.01326
51.81400012969971	2.354968	20	0	0.11047	0.01326
53.895999908447266	1.277584	20	0	0.113878	0.01326
54.85899996757507	3.17512	24	14	0.044535	0.01326
56.02000021934509	1.470416	20	0	0.124899	0.01326
57.36200022697449	3.091144	22	10	0.076284	0.01326
58.617000102996826	1.284392	20	0	0.124912	0.01326
59.212000370025635	0.728456	16	0	0.079991	0.01326
60.729000091552734	1.953056	16	6	0.065881	0.01326
62.15400004386902	1.29396	14	0	0.160778	0.01326
63.05900001525879	2.365448	16	11	0.070847	0.01326
65.3250002861023	0.914912	18	0	0.100053	0.01326
66.10400009155273	1.34388	18	14	0.081783	0.01326
67.43800020217896	1.78868	18	0	0.108232	0.01326
68.93500018119812	2.824664	18	0	0.042254	0.01326
70.6690001487732	4.635984	26	0	0.048837	0.01326
72.4520001411438	1.305872	22	0	0.112045	0.01326
74.39700031280518	2.345304	20	0	0.046731	0.01326
76.40100026130676	2.61516	20	0	0.063984	0.01326
78.39400005340576	10.406184	36	0	0.020131	0.01326
80.65400004386902	9.24924	36	0	0.036445	0.01326
82.65100002288818	8.097984	38	0	0.019467	0.01326
84.41400003433228	9.842768	44	0	0.042058	0.01326
86.39900016784668	7.460296	44	0	0.034388	0.01326
88.65300011634827	11.172576	52	0	0.022223	0.01326
90.39300012588501	8.619296	52	0	0.061362	0.01326
92.40100026130676	14.639032	52	0	0.028779	0.01326
94.64400029182434	10.168712	56	0	0.113204	0.01326
96.64400029182434	13.13388	58	0	0.02257	0.01326
98.39900016784668	10.988592	58	0	0.097928	0.01326
100.39499998092651	3.569856	58	0	0.160126	0.01326
102.64300012588501	13.585664	62	0	0.027386	0.01326
104.40200018882751	11.991368	62	0	0.085342	0.01326
106.4079999923706	11.620728	62	0	0.05158	0.01326
108.64400029182434	15.261928	60	0	0.027849	0.01326
110.64300012588501	14.957256	60	0	0.023947	0.01326
112.39400005340576	14.316128	70	0	0.035687	0.01326
114.39600014686584	10.033768	62	0	0.077705	0.01326
116.65200018882751	12.768152	62	0	0.033424	0.01326
118.64400029182434	9.753576	62	0	0.055934	0.01326
120.40200018882751	13.316776	62	0	0.030282	0.01326
122.64600014686584	11.085624	60	0	0.2263	0.01326
124.65100002288818	5.568712	50	0	0.046799	0.011618
127.53900003433228	10.935864	40	0	0.02198	0.011618
130.4920003414154	2.729808	34	34	0.026437	0.011618
133.9100000858307	2.242488	24	0	0.055423	0.011618
136.382000207901	9.289496	44	18	0.023837	0.011618
139.36600017547607	1.490296	14	0	0.060302	0.011618
141.5880002975464	7.642592	30	26	0.031663	0.011481
144.00900030136108	3.18296	28	0	0.022093	0.011481
146.1930000782013	8.158952	38	0	0.02104	0.011481
148.6360001564026	4.131352	28	23	0.025385	0.011021
151.3400001525879	3.0726	14	0	0.030007	0.011021
153.10400009155273	5.239544	18	10	0.021331	0.011021
154.20500016212463	2.392016	16	0	0.079813	0.011021
155.33500003814697	0.500984	16	0	0.229595	0.011021
155.99200010299683	5.14172	18	6	0.034113	0.011021
156.60900020599365	3.5054	22	0	0.040438	0.011021
157.01000022888184	5.098208	22	6	0.049267	0.011021
158.65700030326843	2.070184	20	0	0.075889	0.011021
160.53900003433228	5.839232	30	0	0.045008	0.011021
162.643000125885	5.828728	32	0	0.027137	0.011021
164.4060001373291	9.89288	36	0	0.019288	0.011021
166.6470000743866	3.339584	46	0	0.105033	0.011021
168.6450002193451	4.073248	50	0	0.081856	0.011021
170.66100025177002	12.650848	54	0	0.027776	0.011021
172.65200018882751	10.92072	54	0	0.031148	0.011021
174.40200018882751	9.908176	54	0	0.06638	0.011021
176.65300011634827	3.263104	60	0	0.180448	0.011021
178.68300008773804	7.685688	60	0	0.076697	0.011021
180.66400003433228	8.424656	62	0	0.051751	0.011021
182.643000125885	10.8052	62	0	0.061992	0.011021
184.4060001373291	12.571176	58	0	0.049645	0.011021
186.64600014686584	9.07796	4	0	0.057901	0.011021
188.6470000743866	9.68648	48	0	0.057315	0.011021
190.65900015830994	9.97588	52	0	0.056206	0.011021
192.39600014686584	13.60212	48	0	0.030209	0.011021
194.6450002193451	19.295152	52	0	0.022613	0.011021
196.64800000190735	17.065904	54	0	0.026126	0.011021
198.64900016784668	4.685584	44	0	0.049944	0.011021
200.65599989891052	4.721832	44	0	0.157277	0.011021
202.6450002193451	18.42432	50	0	0.021835	0.011021
204.64800000190735	13.584984	68	0	0.04518	0.011021
206.3949999809265	14.22944	68	0	0.05883	0.011021
208.47099995613098	12.85652	56	0	0.033461	0.011021
