0.0	5.482872	96	0	0.069458	0.061775
0.14300012588500977	8.106592	98	0	0.073528	0.061775
0.22300004959106445	8.106592	119	0	0.071134	0.061775
0.32000017166137695	8.106592	135	0	0.069367	0.061775
0.4120001792907715	8.106592	135	0	0.0697	0.061775
0.507000207901001	8.106592	135	0	0.068303	0.061775
0.628000020980835	9.692752	157	0	0.06831	0.061775
0.753000020980835	13.66324	221	0	0.06898	0.061775
1.3819999694824219	30.720488	479	0	0.069928	0.061775
3.381999969482422	30.720488	582	0	0.116674	0.061775
5.384000062942505	30.720488	582	0	0.107621	0.061775
7.386000156402588	30.720488	582	0	0.126957	0.061775
9.384999990463257	30.720488	664	0	0.105047	0.061775
11.386000156402588	30.720488	664	0	0.127383	0.061775
13.38700008392334	30.720488	664	0	0.11847	0.061775
15.388999938964844	36.00148	664	0	0.078711	0.061775
17.388999938964844	36.00148	664	0	0.118143	0.061775
19.388999938964844	36.00148	664	0	0.092403	0.061775
21.39299988746643	36.00148	696	0	0.150147	0.061775
23.28600001335144	39.097576	753	0	0.082501	0.061775
25.391000032424927	44.686584	984	0	0.155524	0.061775
27.395000219345093	11.027856	984	0	0.080929	0.061775
29.427000045776367	31.78932	628	0	0.095938	0.061775
31.395000219345093	45.942776	624	0	0.096154	0.061775
33.39800000190735	52.852968	628	0	0.095907	0.061775
35.3970000743866	48.348616	630	0	0.103424	0.061775
37.3970000743866	46.675224	630	0	0.087228	0.061775
39.3970000743866	46.675224	636	0	0.074979	0.061775
41.39900016784668	44.217496	656	0	0.087813	0.061775
43.40000009536743	48.775784	628	0	0.080969	0.061775
45.40000009536743	47.537552	581	0	0.092132	0.061775
47.40000009536743	42.7776	584	0	0.074112	0.061775
49.401000022888184	31.961176	582	0	0.081336	0.061775
51.40300011634827	31.961176	582	0	0.077508	0.061775
53.41100025177002	46.057072	584	0	0.07708	0.061775
55.40899991989136	9.525952	588	0	0.076859	0.061775
57.40899991989136	45.896232	574	0	0.07348	0.061775
59.40700006484985	43.544088	556	0	0.079347	0.061775
61.40599989891052	43.544088	556	0	0.07395	0.061775
63.40700006484985	43.544088	556	0	0.075069	0.061775
65.41300010681152	43.544088	556	0	0.075196	0.061775
67.41100025177002	43.544088	556	0	0.070951	0.061775
69.41100025177002	43.544088	566	0	0.073917	0.061775
71.41100025177002	43.544088	566	0	0.072522	0.061775
73.41300010681152	44.437968	511	0	0.075638	0.061775
75.41400003433228	47.038568	526	0	0.074999	0.061775
77.41400003433228	42.519984	540	0	0.077151	0.061775
79.41400003433228	44.012048	554	0	0.075388	0.061775
81.4150002002716	46.280504	554	0	0.082361	0.061775
83.4150002002716	46.280504	554	0	0.072985	0.061775
85.42000007629395	48.196288	554	0	0.077968	0.061775
87.42000007629395	50.751512	579	0	0.087823	0.061775
89.4210000038147	50.30196	616	0	0.091628	0.061775
91.42300009727478	50.45952	608	0	0.089729	0.061775
93.4210000038147	44.64112	614	0	0.095319	0.061775
95.42300009727478	53.023912	630	0	0.073835	0.061775
97.42199993133545	47.638192	630	0	0.088764	0.061775
99.42499995231628	48.522888	634	0	0.091915	0.061775
101.42300009727478	47.097144	634	0	0.078011	0.061775
103.42700004577637	47.097144	634	0	0.078232	0.061775
105.42499995231628	47.097144	634	0	0.072355	0.061775
107.43600010871887	47.097144	634	0	0.078543	0.061775
109.42899990081787	47.097144	634	0	0.080221	0.061775
111.42700004577637	47.097144	634	0	0.074715	0.061775
113.43100023269653	47.097144	650	0	0.079665	0.061775
115.43100023269653	45.462792	522	0	0.076236	0.061775
117.43200016021729	46.39348	528	0	0.073732	0.061775
119.43300008773804	46.39348	534	0	0.072768	0.061775
121.43100023269653	45.730744	534	0	0.071575	0.061775
123.43500018119812	42.559096	534	0	0.075726	0.061775
125.44000005722046	40.944592	530	0	0.071942	0.061775
127.4390001296997	40.944592	530	0	0.07316	0.061775
129.43700003623962	44.372696	530	0	0.072785	0.061775
131.4390001296997	47.88352	550	0	0.075768	0.061775
133.4390001296997	44.098096	552	0	0.074898	0.061775
135.4390001296997	46.79436	552	0	0.126078	0.061775
137.44000005722046	46.79436	580	0	0.077298	0.061775
139.44599986076355	44.108784	566	0	0.073656	0.061775
141.4449999332428	44.108784	566	0	0.072952	0.061775
143.4430000782013	48.709432	608	0	0.076222	0.061775
145.4430000782013	47.55916	608	0	0.088564	0.061775
147.44700002670288	49.736816	619	0	0.100411	0.061775
149.4500002861023	51.417496	628	0	0.08756	0.061775
151.44700002670288	51.116456	642	0	0.089763	0.061775
153.4449999332428	53.394456	632	0	0.076252	0.061775
155.44900012016296	49.436712	622	0	0.080329	0.061775
157.44900012016296	47.264784	622	0	0.083282	0.061775
159.45100021362305	9.044368	622	0	0.0733	0.061775
161.45100021362305	46.379264	622	0	0.083207	0.061775
163.4520001411438	49.895184	576	0	0.079857	0.061775
165.46099996566772	48.010248	599	0	0.105603	0.061775
167.45100021362305	45.988664	622	0	0.073867	0.061775
169.45300006866455	47.594424	622	0	0.086433	0.061775
171.45500016212463	32.4266	622	0	0.088114	0.061775
173.45500016212463	32.4266	622	0	0.075636	0.061775
175.45700001716614	32.4266	636	0	0.078575	0.061775
177.46000003814697	32.4266	636	0	0.07285	0.061775
179.46099996566772	49.728624	614	0	0.089173	0.061775
181.46000003814697	50.51604	614	0	0.092004	0.061775
183.46099996566772	50.484336	602	0	0.081174	0.061775
185.46199989318848	43.865792	628	0	0.083499	0.061775
187.4630000591278	49.482216	578	0	0.079801	0.061775
189.46900010108948	44.276952	588	0	0.083289	0.061775
191.46199989318848	47.074232	588	0	0.075683	0.061775
193.46399998664856	45.14344	590	0	0.087111	0.061775
195.46600008010864	44.339152	588	0	0.086815	0.061775
197.46800017356873	44.198232	588	0	0.080928	0.061775
199.46800017356873	47.09396	608	0	0.089592	0.061775
201.46700024604797	43.224376	562	0	0.077157	0.061775
203.47100019454956	41.772776	562	0	0.07748	0.061775
205.47100019454956	45.73548	552	0	0.079034	0.061775
207.4740002155304	45.017552	552	0	0.088727	0.061775
209.48300004005432	38.937352	562	0	0.074807	0.061775
211.47100019454956	38.937352	560	0	0.07233	0.061775
213.48099994659424	46.853872	560	0	0.076714	0.061775
215.47300004959106	41.94664	562	0	0.073077	0.061775
217.4779999256134	41.94664	562	0	0.079016	0.061775
219.4760000705719	45.485816	550	0	0.070521	0.061775
221.47699999809265	39.567984	550	0	0.079517	0.061775
223.47900009155273	39.567984	550	0	0.075747	0.061775
225.47900009155273	48.142056	550	0	0.075499	0.061775
227.47900009155273	48.492632	554	0	0.078484	0.061775
229.48099994659424	47.184504	554	0	0.086905	0.061775
231.4800000190735	49.473984	554	0	0.086018	0.061775
233.48300004005432	45.950544	562	0	0.078695	0.061775
235.48300004005432	46.73668	564	0	0.073318	0.061775
237.48399996757507	50.356136	642	0	0.089442	0.061775
239.48600006103516	50.091344	612	0	0.073012	0.061775
241.48600006103516	48.053824	616	0	0.08585	0.061775
243.4870002269745	45.700128	614	0	0.077314	0.061775
245.48499989509583	49.438848	592	0	0.076813	0.061775
247.4870002269745	49.438848	594	0	0.080685	0.061775
249.48800015449524	49.438848	594	0	0.076404	0.061775
251.489000082016	47.119032	564	0	0.083439	0.061775
253.49100017547607	45.491504	564	0	0.08313	0.061775
255.489000082016	46.420496	562	0	0.0849	0.061775
257.4900002479553	44.549544	560	0	0.079154	0.061775
259.4920001029968	36.94388	538	0	0.080977	0.061775
261.49699997901917	42.859416	530	0	0.088254	0.061775
263.4930000305176	42.859416	530	0	0.074515	0.061775
265.50300002098083	42.859416	530	0	0.074274	0.061775
267.49399995803833	42.859416	530	0	0.103165	0.061775
269.49500012397766	44.52444	534	0	0.074354	0.061775
271.4960000514984	46.67588	554	0	0.07625	0.061775
273.4980001449585	42.287552	544	0	0.074045	0.061775
275.4980001449585	42.287552	544	0	0.073177	0.061775
277.49900007247925	42.287552	544	0	0.091639	0.061775
279.49900007247925	42.287552	544	0	0.073283	0.061775
281.5	42.0948	538	0	0.075744	0.061775
283.5090000629425	43.258464	534	0	0.075548	0.061775
285.5019998550415	42.968384	520	0	0.078165	0.061775
287.50300002098083	44.4574	520	0	0.074219	0.061775
289.75300002098083	36.763464	520	0	0.096448	0.061775
291.50800013542175	40.25328	542	0	0.074787	0.061775
293.5150001049042	48.962096	564	0	0.072452	0.061775
295.760999917984	46.058272	618	0	0.082134	0.061775
297.7590000629425	43.88344	590	0	0.109499	0.061775
299.50800013542175	44.076496	588	0	0.093436	0.063819
301.5169999599457	48.637168	588	0	0.085713	0.063819
303.7640001773834	50.072192	590	0	0.087272	0.063819
305.5160000324249	41.23608	590	0	0.091201	0.063819
307.5140001773834	44.852936	590	0	0.093921	0.063819
309.76700019836426	51.195736	618	0	0.105235	0.063819
311.76700019836426	46.064816	622	0	0.091013	0.063819
313.5199999809265	49.827736	614	0	0.098789	0.063819
315.76700019836426	50.004952	617	0	0.131418	0.063819
317.76900005340576	51.979296	632	0	0.074207	0.063819
319.76700019836426	51.979296	638	0	0.081197	0.063819
321.51900005340576	51.979296	638	0	0.07995	0.063819
323.77100014686584	46.870816	638	0	0.091191	0.063819
325.60700011253357	47.712888	658	0	0.07529	0.063819
327.5199999809265	46.469912	562	0	0.087044	0.063819
329.76900005340576	43.408384	562	0	0.077626	0.063819
331.77100014686584	43.408384	544	0	0.071259	0.063763
333.77300000190735	43.408384	544	0	0.073022	0.063763
335.5199999809265	43.408384	544	0	0.072633	0.063763
337.77100014686584	43.408384	544	0	0.071524	0.063763
339.77300000190735	43.408384	544	0	0.077299	0.063763
341.7739999294281	43.408384	544	0	0.074098	0.063763
343.77500009536743	41.53232	565	0	0.07941	0.063763
345.77699995040894	41.53232	532	0	0.07141	0.063763
347.77800011634827	45.087152	532	0	0.07901	0.063763
349.6119999885559	46.655432	536	0	0.071829	0.063763
351.7819998264313	46.16396	536	0	0.077426	0.063763
353.77999997138977	42.352528	564	0	0.074623	0.063763
355.7830002307892	46.24192	558	0	0.077331	0.063763
357.7809998989105	44.344704	556	0	0.085463	0.063763
359.78400015830994	42.224456	556	0	0.072759	0.063763
361.78400015830994	45.44544	544	0	0.074868	0.063763
363.78600025177	41.901488	544	0	0.076278	0.063763
365.78700017929077	37.93708	556	0	0.074183	0.062546
367.7850000858307	45.998088	560	0	0.080625	0.062546
369.78700017929077	46.895992	560	0	0.074584	0.062546
371.78700017929077	45.80164	560	0	0.083	0.062546
373.62600016593933	42.678112	560	0	0.073413	0.062546
375.79100012779236	45.386456	556	0	0.079026	0.062546
377.79100012779236	46.155488	610	0	0.079392	0.062546
379.8230001926422	43.72252	586	0	0.078875	0.062546
381.79299998283386	1.106896	568	0	0.084931	0.062546
383.79500007629395	44.062688	562	0	0.081925	0.062546
385.7940001487732	42.081808	562	0	0.077133	0.062546
387.79500007629395	47.696184	562	0	0.077334	0.062546
389.79500007629395	47.696184	564	0	0.069811	0.062546
391.79500007629395	47.696184	564	0	0.076986	0.062546
393.79900002479553	47.696184	574	0	0.071875	0.062546
395.79699993133545	47.696184	574	0	0.077521	0.062546
397.6329998970032	47.696184	574	0	0.073241	0.062546
399.8010001182556	47.696184	576	0	0.077328	0.062546
401.79900002479553	47.696184	576	0	0.075288	0.062546
403.7999999523163	47.696184	570	0	0.074022	0.062546
405.8030002117157	41.634536	561	0	0.08648	0.062546
407.8030002117157	48.091792	572	0	0.072798	0.062546
409.8050000667572	48.091792	572	0	0.075611	0.062546
411.8050000667572	48.091792	576	0	0.077033	0.062546
413.80599999427795	48.091792	576	0	0.07418	0.062546
415.8050000667572	44.441536	604	0	0.079316	0.062546
417.81500005722046	44.441536	582	0	0.073096	0.062546
419.8070001602173	44.441536	582	0	0.077961	0.062546
421.6470000743866	44.441536	582	0	0.07257	0.062546
423.81500005722046	44.441536	582	0	0.076884	0.062546
425.8090000152588	44.441536	582	0	0.078245	0.062546
427.8120000362396	44.441536	582	0	0.076842	0.062546
429.8120000362396	44.441536	598	0	0.078103	0.062546
431.8120000362396	44.441536	594	0	0.074558	0.062546
433.8159999847412	44.441536	594	0	0.077185	0.062546
435.81500005722046	19.765448	244	0	0.070424	0.062546
437.81500005722046	19.315784	244	0	0.070907	0.062546
439.81500005722046	20.198096	236	0	0.069793	0.062546
441.8190002441406	21.94876	268	0	0.069821	0.062546
443.8200001716614	22.178008	274	0	0.071507	0.062546
445.6670000553131	24.515536	274	0	0.071138	0.062546
447.8200001716614	25.8044	286	0	0.069591	0.062546
449.82100009918213	24.915088	4	0	0.071075	0.062546
451.8200001716614	25.826744	308	0	0.069311	0.062546
453.8220000267029	23.302432	302	0	0.070416	0.062397
455.8220000267029	31.539832	372	0	0.070686	0.062397
457.82400012016296	32.96528	384	0	0.072454	0.062397
459.8289999961853	34.034832	384	0	0.070471	0.062397
461.8250000476837	40.703664	454	0	0.07152	0.062397
463.82800006866455	43.965544	506	0	0.071409	0.062397
465.82800006866455	43.965544	522	0	0.070982	0.062397
467.8270001411438	39.345008	522	0	0.073364	0.062397
469.66600012779236	39.345008	522	0	0.072772	0.062397
471.8289999961853	39.345008	522	0	0.074168	0.062397
473.8289999961853	39.345008	522	0	0.074256	0.062397
475.8400001525879	39.345008	522	0	0.072557	0.062397
477.83200001716614	39.345008	546	0	0.073487	0.062397
479.835000038147	39.345008	538	0	0.072114	0.062397
481.835000038147	39.345008	538	0	0.072533	0.062397
483.835000038147	39.345008	538	0	0.071864	0.062397
485.83900022506714	42.568672	532	0	0.072808	0.062397
487.8380000591278	42.239856	548	0	0.075981	0.062397
489.83900022506714	47.533216	554	0	0.073375	0.062397
491.83900022506714	42.85512	570	0	0.077958	0.062397
493.8400001525879	47.259	570	0	0.072494	0.062397
495.8400001525879	45.04712	570	0	0.083217	0.062397
497.8400001525879	45.248392	570	0	0.083884	0.062397
499.8430001735687	37.254608	558	0	0.076404	0.062397
501.8430001735687	37.254608	558	0	0.072016	0.062397
503.8430001735687	37.254608	560	0	0.070315	0.062397
505.84500002861023	37.254608	560	0	0.076857	0.062397
507.845999956131	37.254608	560	0	0.076674	0.062397
509.84800004959106	48.161576	602	0	0.082641	0.062397
511.8470001220703	44.243624	572	0	0.085571	0.062397
513.8489999771118	40.387776	570	0	0.073912	0.062397
515.8470001220703	40.387776	570	0	0.079749	0.062397
517.8500001430511	40.387776	574	0	0.071465	0.062397
519.8570001125336	45.279472	574	0	0.077354	0.062397
521.8529999256134	45.279472	574	0	0.077042	0.062397
523.8590002059937	45.279472	582	0	0.074294	0.062397
525.8529999256134	48.649904	593	0	0.07654	0.062397
527.8529999256134	48.649904	598	0	0.072596	0.062397
529.8550000190735	48.649904	598	0	0.079593	0.062397
531.8570001125336	46.87348	598	0	0.079976	0.062397
533.8560001850128	46.87348	596	0	0.07513	0.062397
535.8600001335144	46.87348	596	0	0.077592	0.062397
537.8580002784729	42.963008	582	0	0.074444	0.062397
539.8630001544952	48.323208	586	0	0.091482	0.062397
541.8630001544952	39.397816	574	0	0.077807	0.062397
543.8619999885559	47.541664	568	0	0.087146	0.062397
545.864000082016	45.189968	568	0	0.083607	0.062397
547.864000082016	44.417392	568	0	0.076019	0.062397
549.8650000095367	47.025	580	0	0.085205	0.062397
551.8650000095367	45.19188	580	0	0.075296	0.062397
553.8660001754761	47.388208	624	0	0.079022	0.062397
555.8670001029968	39.343344	610	0	0.097891	0.062397
557.8680000305176	44.20128	590	0	0.074591	0.062397
559.8689999580383	44.20128	590	0	0.079637	0.062397
561.8689999580383	44.20128	590	0	0.072991	0.062397
563.8689999580383	44.20128	590	0	0.0784	0.062397
565.8710000514984	44.20128	590	0	0.073134	0.062397
567.8729999065399	44.20128	4	0	0.07582	0.062397
569.8719999790192	44.20128	612	0	0.078097	0.062397
571.8710000514984	43.279896	560	0	0.072119	0.062397
573.8729999065399	39.03084	544	0	0.078066	0.062397
575.8740003108978	39.03084	544	0	0.072118	0.062397
577.8750002384186	39.03084	544	0	0.072184	0.062397
579.8750002384186	39.03084	544	0	0.072363	0.062397
581.8780000209808	39.03084	544	0	0.071994	0.062397
583.8780000209808	39.03084	582	0	0.072541	0.062397
585.8790001869202	39.03084	560	0	0.072496	0.062397
587.8810000419617	39.03084	560	0	0.070783	0.062397
589.8790001869202	39.03084	560	0	0.071052	0.062397
591.882000207901	39.03084	560	0	0.074433	0.062397
593.882000207901	39.03084	560	0	0.071409	0.062397
595.8810000419617	39.03084	560	0	0.073029	0.062397
597.8830001354218	39.03084	554	0	0.07698	0.062397
599.8849999904633	39.03084	554	0	0.072512	0.062397
601.8870000839233	39.03084	554	0	0.074581	0.062397
603.8889999389648	39.03084	554	0	0.072579	0.062397
605.8889999389648	39.03084	554	0	0.074852	0.062397
607.8889999389648	47.775328	552	0	0.081322	0.062397
609.8919999599457	45.461408	548	0	0.071182	0.062397
611.8900001049042	44.350504	542	0	0.074547	0.062397
613.8900001049042	47.590032	546	0	0.071881	0.062397
615.8929998874664	42.590408	546	0	0.079732	0.062397
617.8929998874664	43.939304	546	0	0.076158	0.062397
619.8950002193451	45.11408	546	0	0.072569	0.062397
621.8970000743866	47.679744	544	0	0.083669	0.062397
623.8970000743866	44.036296	554	0	0.076853	0.062397
625.8970000743866	45.82224	564	0	0.085821	0.062397
627.9000000953674	49.428416	564	0	0.088082	0.062397
629.9000000953674	46.274	568	0	0.088391	0.062397
631.9049999713898	45.649136	568	0	0.079649	0.062397
633.904000043869	49.713544	578	0	0.076302	0.062397
635.9030001163483	45.753776	574	0	0.082389	0.062397
637.9010000228882	45.512872	584	0	0.080261	0.062397
639.9010000228882	45.512872	584	0	0.07551	0.062397
641.91100025177	45.512872	584	0	0.095973	0.062397
643.904000043869	49.2876	580	0	0.071975	0.062397
645.904000043869	48.53672	574	0	0.078014	0.062397
647.9070000648499	45.435016	564	0	0.088361	0.062397
649.9099998474121	48.884424	552	0	0.081228	0.062397
651.9089999198914	46.185504	552	0	0.09127	0.062397
653.9070000648499	49.988032	576	0	0.081829	0.062397
655.91100025177	47.267528	576	0	0.080907	0.062397
657.9089999198914	43.737512	576	0	0.075353	0.062397
659.91100025177	42.26292	576	0	0.083578	0.062397
661.9130001068115	48.771656	578	0	0.075825	0.062397
663.9140002727509	43.48524	562	0	0.083761	0.062397
665.9130001068115	51.859904	574	0	0.093408	0.062397
667.9150002002716	46.48212	592	0	0.075478	0.062397
669.9160001277924	47.787864	592	0	0.08164	0.062397
671.9150002002716	47.787864	594	0	0.072208	0.062397
673.9230000972748	47.787864	594	0	0.078495	0.062397
675.9170000553131	44.014744	594	0	0.080501	0.062397
677.9190001487732	42.533304	550	0	0.083052	0.062397
679.9190001487732	45.776408	550	0	0.076694	0.062397
681.9190001487732	42.673664	544	0	0.093559	0.062397
683.920000076294	45.148424	576	0	0.076769	0.062397
685.922000169754	45.148424	540	0	0.073673	0.062397
687.9230000972748	45.148424	540	0	0.074098	0.062397
689.925999879837	45.148424	540	0	0.075364	0.062397
691.9249999523163	45.148424	540	0	0.071896	0.062397
693.925999879837	45.148424	540	0	0.073533	0.062397
695.9270000457764	45.148424	540	0	0.073607	0.062397
697.9279999732971	46.950568	512	0	0.075634	0.062397
699.9289999008179	44.278776	538	0	0.08342	0.062397
701.9270000457764	46.189136	544	0	0.074494	0.062397
703.9300003051758	46.189136	544	0	0.073587	0.062397
705.9289999008179	46.189136	548	0	0.075299	0.062397
707.933000087738	46.189136	602	0	0.078411	0.062397
709.933000087738	43.282408	556	0	0.074054	0.062397
711.933000087738	45.240752	556	0	0.075221	0.062397
713.9350001811981	45.240752	556	0	0.075298	0.062397
715.9390001296997	45.240752	556	0	0.071367	0.062397
717.9390001296997	39.515912	522	0	0.095672	0.062397
719.9390001296997	41.846824	512	0	0.075272	0.062397
721.941999912262	41.846824	512	0	0.073306	0.062397
723.9390001296997	41.846824	512	0	0.075081	0.062397
725.938000202179	41.846824	512	0	0.073827	0.062397
727.9390001296997	41.846824	512	0	0.073002	0.062397
729.944000005722	41.846824	512	0	0.073472	0.062397
732.1910002231598	41.846824	534	0	0.073201	0.062397
733.951000213623	41.846824	534	0	0.071112	0.062397
735.9449999332428	42.836816	527	0	0.075595	0.062397
738.1940002441406	42.836816	544	0	0.074624	0.062397
739.9460000991821	42.836816	544	0	0.073331	0.062397
741.951000213623	42.836816	4	0	0.074097	0.062397
744.1970000267029	42.836816	556	0	0.071545	0.062397
746.1950001716614	0.64928	532	0	0.070272	0.062397
747.949000120163	40.580056	532	0	0.075449	0.062397
749.9470000267029	40.705288	544	0	0.074764	0.062397
752.2070000171661	40.705288	546	0	0.073903	0.062397
753.951000213623	42.539984	546	0	0.073482	0.063352
755.949000120163	42.539984	546	0	0.071809	0.063352
758.2000000476837	42.539984	538	0	0.073392	0.063352
760.2030000686646	42.539984	538	0	0.076158	0.063352
761.9520001411438	42.193376	538	0	0.081696	0.063352
764.212000131607	47.750096	546	0	0.076649	0.063352
766.2039999961853	43.097888	546	0	0.082164	0.063352
767.9550001621246	47.682136	546	0	0.074254	0.063352
770.2059998512268	40.973888	586	0	0.080969	0.063352
772.039999961853	46.88468	576	0	0.072452	0.063352
774.2080001831055	44.69384	574	0	0.077145	0.063352
775.960000038147	42.804096	574	0	0.078946	0.063352
778.2090001106262	44.907696	560	0	0.08068	0.063352
780.2110002040863	45.806808	558	0	0.077023	0.063352
782.2130000591278	40.166528	530	0	0.072105	0.063352
784.212000131607	40.166528	530	0	0.074491	0.063352
786.2130000591278	40.166528	530	0	0.073971	0.063352
788.2130000591278	46.69412	538	0	0.070713	0.063352
790.2139999866486	46.764144	546	0	0.075129	0.063352
792.2170000076294	46.764144	550	0	0.070453	0.063352
794.2170000076294	45.433272	566	0	0.079255	0.063352
796.0550000667572	45.496672	566	0	0.07198	0.063352
798.2190001010895	45.496672	566	0	0.075398	0.063352
800.220999956131	45.496672	566	0	0.076247	0.063352
802.2219998836517	45.496672	566	0	0.072698	0.063352
804.2200000286102	45.496672	574	0	0.073648	0.063352
806.2200000286102	45.496672	548	0	0.071621	0.063352
808.2230000495911	45.496672	548	0	0.074902	0.063352
810.2230000495911	45.496672	548	0	0.073778	0.063352
812.2230000495911	45.496672	548	0	0.074216	0.063352
814.2239999771118	45.496672	548	0	0.073709	0.063352
816.2239999771118	45.496672	548	0	0.071948	0.063352
818.2270002365112	45.496672	564	0	0.073755	0.063352
820.0610001087189	45.496672	564	0	0.071656	0.063352
822.2249999046326	45.496672	560	0	0.074859	0.063352
824.2270002365112	45.496672	560	0	0.080987	0.063352
826.228000164032	45.496672	560	0	0.072789	0.063352
828.2310001850128	43.898832	511	0	0.074531	0.063352
830.2310001850128	43.898832	510	0	0.071089	0.063352
832.2320001125336	43.898832	510	0	0.071565	0.063352
834.2320001125336	43.898832	510	0	0.072604	0.063352
836.2330000400543	44.981552	521	0	0.081273	0.063352
838.2369999885559	44.652992	536	0	0.07424	0.063352
840.2350001335144	40.84668	526	0	0.072086	0.063352
842.2379999160767	42.26992	530	0	0.080483	0.063352
844.074000120163	48.938584	556	0	0.073514	0.0636
846.2369999885559	48.938584	556	0	0.072459	0.0636
848.2379999160767	48.938584	556	0	0.07412	0.0636
850.2400000095367	48.938584	560	0	0.07324	0.0636
852.239000082016	48.938584	604	0	0.076575	0.0636
854.2409999370575	48.938584	560	0	0.073587	0.0636
856.2420001029968	48.938584	560	0	0.075319	0.0636
858.2409999370575	48.938584	560	0	0.077416	0.0636
860.2420001029968	48.938584	560	0	0.073059	0.0636
862.2450001239777	48.938584	560	0	0.073122	0.0636
864.2470002174377	48.938584	560	0	0.07337	0.0636
866.2450001239777	48.938584	596	0	0.074752	0.0636
868.0769999027252	48.938584	578	0	0.072223	0.0636
870.2470002174377	48.938584	578	0	0.075344	0.0636
872.2480001449585	48.938584	578	0	0.080085	0.0636
874.2510001659393	48.938584	578	0	0.073496	0.0636
876.2470002174377	46.002016	536	0	0.080552	0.0636
878.2500002384186	43.63116	534	0	0.073496	0.0636
880.2510001659393	43.63116	534	0	0.07379	0.0636
882.2510001659393	44.058376	534	0	0.076697	0.0636
884.2530000209808	43.896496	534	0	0.072782	0.0636
886.2530000209808	45.09408	534	0	0.076838	0.0636
888.2550001144409	41.445432	512	0	0.073259	0.0636
890.2550001144409	44.04332	533	0	0.071964	0.0636
892.0900001525879	42.369624	534	0	0.072724	0.0636
894.2580001354218	42.369624	534	0	0.073323	0.0636
896.2580001354218	44.973136	562	0	0.070828	0.0636
898.2590000629425	46.433336	572	0	0.07263	0.0636
900.2590000629425	47.871488	576	0	0.077306	0.0636
902.2619998455048	46.501528	558	0	0.076478	0.06356
904.2630002498627	45.868392	558	0	0.074352	0.06356
906.2630002498627	45.868392	558	0	0.075151	0.06356
908.2650001049042	40.2236	564	0	0.069553	0.06356
910.2650001049042	42.832536	564	0	0.080583	0.06356
912.2640001773834	45.421688	568	0	0.076689	0.06356
914.2640001773834	45.421688	598	0	0.077454	0.06356
916.2660002708435	45.421688	598	0	0.074263	0.06356
918.268000125885	45.421688	598	0	0.07437	0.06356
920.268000125885	40.377464	576	0	0.108737	0.06356
922.2690000534058	44.633544	576	0	0.071628	0.06356
924.268000125885	43.994712	574	0	0.074921	0.06356
926.2710001468658	43.648824	542	0	0.072707	0.06356
928.2730000019073	43.648824	542	0	0.073673	0.06356
930.2730000019073	43.648824	542	0	0.07622	0.06356
932.2720000743866	45.283464	528	0	0.074009	0.062954
934.2730000019073	45.283464	528	0	0.074551	0.062954
936.2730000019073	45.283464	528	0	0.073038	0.062954
938.2730000019073	45.283464	528	0	0.074031	0.062954
940.2820003032684	45.283464	528	0	0.073303	0.062954
942.2769999504089	45.283464	528	0	0.073698	0.062954
944.2779998779297	45.283464	562	0	0.073331	0.062954
946.279000043869	45.283464	562	0	0.072517	0.062954
948.2779998779297	45.283464	558	0	0.073868	0.062954
950.279000043869	45.283464	536	0	0.073386	0.062954
952.2830002307892	45.283464	536	0	0.07374	0.062954
954.2830002307892	45.283464	536	0	0.071538	0.062954
956.2820003032684	45.283464	536	0	0.073829	0.062954
958.2840001583099	45.283464	536	0	0.075543	0.062954
960.2840001583099	45.283464	536	0	0.072143	0.062954
962.2830002307892	45.283464	576	0	0.076336	0.062954
964.2939999103546	45.283464	570	0	0.072923	0.062954
966.2880001068115	35.208936	602	0	0.077523	0.062954
968.2880001068115	46.034504	610	0	0.087037	0.062954
970.2880001068115	46.034504	612	0	0.073817	0.062954
972.2900002002716	46.034504	612	0	0.078947	0.062954
974.2900002002716	46.034504	600	0	0.074929	0.062954
976.2910001277924	46.034504	600	0	0.079109	0.062954
978.2920000553131	46.034504	600	0	0.077319	0.062954
980.2910001277924	46.034504	600	0	0.075826	0.062954
982.295000076294	46.034504	600	0	0.076564	0.062954
984.2939999103546	46.034504	600	0	0.074439	0.062954
986.295000076294	46.034504	608	0	0.076793	0.062954
988.295000076294	46.034504	608	0	0.074543	0.062954
990.2969999313354	46.034504	608	0	0.078085	0.062954
992.3010001182556	46.034504	608	0	0.075176	0.062954
994.2969999313354	46.034504	608	0	0.07216	0.062954
996.2990000247955	46.034504	666	0	0.079874	0.062954
998.3010001182556	46.034504	598	0	0.073073	0.062954
1000.3010001182556	46.034504	598	0	0.079894	0.062954
1002.3159999847412	46.034504	598	0	0.077132	0.062954
1004.3099999427795	41.802664	514	0	0.074633	0.062954
1006.3030002117157	41.802664	514	0	0.088135	0.062954
1008.3050000667572	41.802664	506	0	0.070461	0.062954
1010.3070001602173	41.802664	506	0	0.075181	0.062954
1012.3070001602173	41.802664	506	0	0.071939	0.062954
1014.3060002326965	42.3266	506	0	0.073841	0.062954
1016.308000087738	42.3266	506	0	0.074625	0.062954
1018.3099999427795	42.3266	506	0	0.0726	0.062954
1020.3110001087189	42.3266	532	0	0.072849	0.062954
1022.3120000362396	42.3266	526	0	0.073012	0.062954
1024.3179998397827	42.3266	520	0	0.07387	0.062954
1026.3159999847412	42.3266	520	0	0.074121	0.062954
1028.3140001296997	42.387104	513	0	0.073383	0.062954
1030.3140001296997	42.387104	524	0	0.069922	0.062954
1032.316999912262	42.387104	510	0	0.070986	0.062954
1034.3190002441406	36.347128	542	0	0.077475	0.062954
1036.3190002441406	42.424376	564	0	0.073657	0.062954
1038.3210000991821	39.495224	560	0	0.081338	0.062954
1040.316999912262	48.239576	578	0	0.08781	0.062954
1042.3259999752045	44.793064	576	0	0.073467	0.062954
1044.3190002441406	44.793064	596	0	0.079206	0.062954
1046.3190002441406	44.793064	600	0	0.074431	0.062954
1048.3230001926422	44.793064	600	0	0.077399	0.062954
1050.3230001926422	44.793064	600	0	0.073245	0.062954
1052.3220002651215	47.731216	550	0	0.086823	0.062954
1054.3230001926422	42.711168	562	0	0.077208	0.062954
1056.3250000476837	47.384136	558	0	0.0727	0.062954
1058.3250000476837	45.053392	554	0	0.086715	0.062954
1060.3250000476837	44.414288	548	0	0.074052	0.062954
1062.3280000686646	44.853096	552	0	0.074854	0.062954
1064.3280000686646	44.120752	552	0	0.080868	0.062954
1066.3310000896454	44.706288	546	0	0.072866	0.062954
1068.3280000686646	44.706288	546	0	0.076662	0.062954
1070.3289999961853	44.706288	546	0	0.072272	0.062954
1072.3310000896454	44.706288	582	0	0.075763	0.062954
1074.3420000076294	44.706288	570	0	0.074051	0.062954
1076.332999944687	44.989664	550	0	0.076814	0.062954
1078.335000038147	44.989664	550	0	0.073433	0.062954
1080.3339998722076	41.108728	524	0	0.074321	0.062954
1082.3359999656677	46.232776	526	0	0.074566	0.062954
1084.335000038147	41.425504	528	0	0.073437	0.062954
1086.3390002250671	41.425504	528	0	0.076699	0.062954
1088.3390002250671	41.425504	528	0	0.073238	0.062954
1090.3390002250671	43.010648	528	0	0.072268	0.062954
1092.351000070572	35.583936	544	0	0.089337	0.062954
1094.3410000801086	35.583936	534	0	0.074165	0.062954
1096.3430001735687	35.583936	534	0	0.072166	0.062954
1098.3420000076294	35.583936	534	0	0.073269	0.062954
1100.3450000286102	44.47604	510	0	0.080731	0.062954
1102.3460001945496	43.612256	516	0	0.072568	0.062954
1104.348000049591	46.523872	546	0	0.073561	0.062954
1106.3470001220703	46.523872	562	0	0.073425	0.062954
1108.348000049591	46.523872	546	0	0.072217	0.062954
1110.351000070572	47.310048	548	0	0.073896	0.062954
1112.351000070572	38.909448	548	0	0.079709	0.062954
1114.3519999980927	38.909448	548	0	0.07271	0.062954
1116.3630001544952	38.909448	548	0	0.077265	0.062954
1118.3540000915527	45.205296	544	0	0.074203	0.062954
1120.3550000190735	44.48316	562	0	0.074163	0.062954
1122.3610000610352	44.48316	562	0	0.072724	0.062954
1124.3570001125336	44.48316	562	0	0.074005	0.062954
1126.364000082016	45.300992	562	0	0.085377	0.062954
1128.3610000610352	48.950336	574	0	0.077547	0.062954
1130.3590002059937	46.904752	594	0	0.083058	0.062954
1132.3610000610352	49.831464	580	0	0.079631	0.062954
1134.3610000610352	41.418112	576	0	0.084592	0.062954
1136.3689999580383	44.337504	592	0	0.087378	0.062954
1138.3630001544952	46.899272	588	0	0.09177	0.062954
1140.3630001544952	45.992256	592	0	0.092126	0.062954
1142.364000082016	49.236736	586	0	0.079251	0.062954
1144.3630001544952	47.263544	584	0	0.085734	0.062954
1146.3659999370575	43.552184	588	0	0.082277	0.062954
1148.3650000095367	45.396592	584	0	0.090827	0.062954
1150.364000082016	45.423688	566	0	0.083462	0.062954
1152.3650000095367	45.803968	568	0	0.073168	0.062954
1154.3650000095367	45.803968	592	0	0.076723	0.062954
1156.3670001029968	43.716848	574	0	0.074232	0.062954
1158.3670001029968	43.716848	574	0	0.075637	0.062954
1160.3739998340607	44.747936	568	0	0.083413	0.062954
1162.3700001239777	45.286616	540	0	0.072171	0.062954
1164.3700001239777	45.046824	550	0	0.078139	0.062954
1166.3710000514984	46.266	550	0	0.076489	0.062954
1168.6210000514984	42.124152	550	0	0.075502	0.062954
1170.37299990654	42.124152	550	0	0.072286	0.062954
1172.37299990654	46.027568	552	0	0.076226	0.062954
1174.3739998340607	50.135264	567	0	0.079815	0.062954
1176.6329998970032	49.332216	570	0	0.075715	0.062954
1178.3760001659393	49.332216	598	0	0.078169	0.062954
1180.3790001869202	43.065544	576	0	0.073177	0.062954
1182.6319999694824	46.86828	568	0	0.085647	0.062954
1184.6310000419617	50.958976	571	0	0.094726	0.062954
1186.3819999694824	51.8434	592	0	0.085269	0.062954
1188.3840000629425	27.886112	593	0	0.073777	0.062954
1190.6329998970032	47.941848	614	0	0.08703	0.062954
1192.6350002288818	50.898264	634	0	0.096505	0.062954
1194.3849999904633	50.591392	638	0	0.103308	0.062954
1196.6329998970032	50.591392	638	0	0.076765	0.062954
1198.6350002288818	50.591392	638	0	0.103244	0.062954
1200.3849999904633	50.591392	620	0	0.075613	0.062954
1202.6400001049042	50.591392	620	0	0.078216	0.062954
1204.638000011444	48.480912	588	0	0.083564	0.062954
1206.641000032425	48.129448	584	0	0.079925	0.062954
1208.3899998664856	48.129448	588	0	0.073026	0.062954
1210.6420001983643	49.773744	578	0	0.073704	0.062954
1212.6440000534058	45.030256	590	0	0.080008	0.062954
1214.3929998874664	49.256456	582	0	0.077197	0.062954
1216.641000032425	39.446904	584	0	0.088222	0.062954
1218.4779999256134	39.446904	584	0	0.073836	0.062954
1220.6480000019073	46.41476	584	0	0.081953	0.062954
1222.648999929428	43.646736	561	0	0.083287	0.062954
1224.6459999084473	44.074552	568	0	0.07518	0.062954
1226.6510000228882	49.440384	608	0	0.086243	0.062954
1228.6500000953674	47.619704	574	0	0.078146	0.062954
1230.648999929428	49.335008	574	0	0.080811	0.062954
1232.6510000228882	44.487552	570	0	0.088684	0.063611
1234.6530001163483	45.80332	570	0	0.069854	0.063611
1236.6520001888275	42.987688	574	0	0.079861	0.063611
1238.6510000228882	45.703008	564	0	0.073896	0.063611
1240.654000043869	44.359544	556	0	0.081422	0.063611
1242.491000175476	44.484264	546	0	0.073217	0.063611
1244.6570000648499	43.121016	546	0	0.076433	0.063611
1246.6619999408722	46.568248	538	0	0.079531	0.063611
1248.656000137329	44.145464	554	0	0.078004	0.063611
1250.65900015831	48.226736	550	0	0.075142	0.063611
1252.65900015831	49.258576	562	0	0.074551	0.063611
1254.6600000858307	48.388008	564	0	0.078595	0.063611
1256.6600000858307	48.028456	562	0	0.076291	0.063611
1258.6630001068115	49.808768	570	0	0.077356	0.063611
1260.6610000133514	45.371312	588	0	0.082531	0.063611
1262.6710002422333	39.629216	574	0	0.082096	0.063611
1264.664999961853	48.713432	570	0	0.079764	0.063611
1266.505000114441	44.396064	570	0	0.072682	0.063611
1268.664999961853	46.969576	568	0	0.082473	0.063611
1270.6660001277924	44.36924	566	0	0.085472	0.063611
1272.6699998378754	47.343584	566	0	0.073869	0.063611
1274.6679999828339	42.39584	586	0	0.078406	0.063611
1276.6689999103546	42.39584	554	0	0.071392	0.063611
1278.6689999103546	49.45128	556	0	0.081997	0.063611
1280.6699998378754	44.754208	560	0	0.079004	0.063611
1282.672000169754	7.937568	562	0	0.078563	0.063611
1284.674000263214	46.423808	564	0	0.07925	0.063611
1286.6730000972748	47.705496	564	0	0.073338	0.063611
1288.674000263214	46.999368	596	0	0.089399	0.063611
1290.5140001773834	47.449936	588	0	0.07482	0.063611
1292.6750001907349	47.825176	590	0	0.074475	0.063611
1294.6790001392365	47.825176	590	0	0.093236	0.063611
1296.6779999732971	47.825176	568	0	0.07381	0.063611
1298.6779999732971	47.825176	568	0	0.078565	0.063611
1300.6800000667572	45.594088	550	0	0.079684	0.063611
1302.6800000667572	45.594088	550	0	0.076297	0.063611
1304.680999994278	45.594088	550	0	0.07444	0.063611
1306.683000087738	45.594088	550	0	0.076329	0.063611
1308.6820001602173	44.21824	592	0	0.085546	0.063611
1310.6859998703003	47.104672	564	0	0.076254	0.063611
1312.6849999427795	44.210448	566	0	0.080963	0.063611
1314.6859998703003	48.564744	564	0	0.072907	0.063611
1316.6870000362396	47.762184	560	0	0.080738	0.063611
1318.6879999637604	49.809864	573	0	0.094369	0.063611
1320.690000295639	46.762072	592	0	0.082259	0.063611
1322.6879999637604	53.214136	598	0	0.082986	0.063611
1324.690000295639	53.214136	610	0	0.07358	0.063611
1326.6920001506805	48.004744	610	0	0.084185	0.063611
1328.6910002231598	51.45512	612	0	0.09627	0.063611
1330.6930000782013	45.919896	610	0	0.085991	0.063611
1332.6930000782013	47.915328	624	0	0.089584	0.063611
1334.6950001716614	44.829824	592	0	0.07591	0.063778
1336.6950001716614	44.829824	592	0	0.076338	0.063778
1338.6950001716614	44.829824	592	0	0.074012	0.063778
1340.6970000267029	44.829824	592	0	0.074517	0.063778
1342.6970000267029	44.829824	592	0	0.073457	0.063778
1344.699000120163	44.829824	592	0	0.073242	0.063778
1346.699000120163	44.829824	614	0	0.072517	0.063778
1348.7000000476837	44.829824	614	0	0.073308	0.063778
1350.7009999752045	44.829824	610	0	0.07776	0.063778
1352.7009999752045	44.829824	610	0	0.077665	0.063778
1354.7060000896454	44.829824	610	0	0.075499	0.063778
1356.7030000686646	44.829824	610	0	0.076202	0.063778
1358.7039999961853	44.829824	594	0	0.07422	0.063778
1360.7039999961853	44.829824	594	0	0.077552	0.063778
1362.5460002422333	44.829824	594	0	0.076805	0.063778
1364.704999923706	41.863888	509	0	0.082007	0.063778
1366.7070000171661	46.29436	528	0	0.07308	0.063778
1368.7080001831055	44.895728	534	0	0.072445	0.063778
1370.712000131607	43.386848	534	0	0.075743	0.063778
1372.710000038147	41.500008	530	0	0.073429	0.063778
1374.7130000591278	43.973536	540	0	0.083403	0.063778
1376.7140002250671	47.717648	544	0	0.079477	0.063778
1378.7130000591278	47.225128	542	0	0.083544	0.063778
1380.715000152588	38.573896	542	0	0.084162	0.063778
1382.7160000801086	38.573896	542	0	0.074049	0.063778
1384.7160000801086	41.107624	582	0	0.077639	0.063778
1386.7179999351501	44.919216	580	0	0.071766	0.063778
1388.7190001010895	43.01112	578	0	0.076193	0.063778
1390.7179999351501	43.01112	572	0	0.072364	0.063778
1392.7200000286102	45.35952	554	0	0.077466	0.063778
1394.723000049591	47.604712	554	0	0.082179	0.063778
1396.7200000286102	9.774632	544	0	0.121587	0.063778
1398.7220001220703	20.97224	545	0	0.077466	0.063778
1400.723000049591	20.97224	546	0	0.073323	0.063778
1402.723000049591	27.174008	546	0	0.071901	0.063778
1404.7239999771118	27.174008	546	0	0.073504	0.063778
1406.723000049591	44.110672	546	0	0.075394	0.063778
1408.7259998321533	44.110672	582	0	0.073853	0.063778
1410.7259998321533	44.275536	560	0	0.072152	0.063778
1412.7290000915527	44.275536	560	0	0.073274	0.063778
1414.728000164032	44.275536	550	0	0.072518	0.063778
1416.730000257492	44.275536	528	0	0.072594	0.063125
1418.730000257492	44.275536	528	0	0.073893	0.063125
1420.7320001125336	44.275536	528	0	0.071859	0.063125
1422.7330000400543	44.275536	528	0	0.07438	0.063125
1424.7360000610352	44.275536	528	0	0.077272	0.063125
1426.7350001335144	45.072728	496	0	0.074019	0.063125
1428.7409999370575	45.072728	535	0	0.071582	0.063125
1430.7409999370575	45.577184	540	0	0.073007	0.063125
1432.7419998645782	43.184456	564	0	0.078371	0.063125
1434.7430000305176	37.65012	576	0	0.078175	0.063125
1436.7400000095367	49.82072	588	0	0.10342	0.063125
1438.7430000305176	49.82072	588	0	0.080603	0.063125
1440.7409999370575	48.0808	590	0	0.07838	0.063125
1442.7439999580383	44.312984	596	0	0.086436	0.063125
1444.7439999580383	49.612648	600	0	0.074674	0.063125
1446.7439999580383	47.089424	596	0	0.0841	0.063125
1448.7450001239777	47.089424	596	0	0.076934	0.063125
1450.7450001239777	47.089424	596	0	0.079844	0.063125
1452.746000289917	47.089424	628	0	0.081076	0.063125
1454.75	43.58816	588	0	0.077208	0.063125
1456.75	43.373136	564	0	0.092016	0.063125
1458.755000114441	47.119248	564	0	0.071631	0.063125
1460.7540001869202	43.94416	560	0	0.083435	0.063125
1462.75	39.734616	562	0	0.081663	0.063125
1464.75200009346	41.524592	562	0	0.073637	0.063125
1466.75200009346	46.214272	562	0	0.082129	0.063125
1468.7530000209808	46.584632	562	0	0.073571	0.063125
1470.7540001869202	40.9696	570	0	0.073821	0.063125
1472.7540001869202	49.935432	573	0	0.080358	0.063125
1474.7579998970032	44.816448	578	0	0.08279	0.063125
1476.7560000419617	47.139784	584	0	0.103881	0.063125
1478.7569999694824	47.882768	570	0	0.07612	0.063125
1480.7579998970032	46.521608	598	0	0.089518	0.063125
1482.7579998970032	46.151392	598	0	0.072474	0.063125
1484.7590000629425	45.995632	602	0	0.078757	0.063125
1486.7590000629425	45.995632	602	0	0.073631	0.063125
1488.7640001773834	45.995632	602	0	0.07387	0.063125
1490.7620000839233	44.619304	634	0	0.092894	0.063125
1492.7620000839233	44.619304	624	0	0.073926	0.063125
1494.766000032425	44.619304	624	0	0.081869	0.063125
1496.7640001773834	44.5528	598	0	0.084476	0.063125
1498.766000032425	47.443488	588	0	0.078404	0.063125
1500.768000125885	45.790984	588	0	0.08223	0.063125
1502.768000125885	46.525384	550	0	0.079395	0.063125
1504.768000125885	45.358952	550	0	0.084665	0.063125
1506.770000219345	47.578976	566	0	0.078838	0.063125
1508.773999929428	40.426104	566	0	0.079554	0.063125
1510.7760000228882	47.008056	568	0	0.077724	0.063125
1512.7760000228882	45.418728	560	0	0.075743	0.063125
1514.7760000228882	46.373096	563	0	0.083894	0.063125
1516.779000043869	50.827336	576	0	0.074428	0.063125
1518.7830002307892	44.488216	580	0	0.084969	0.063125
1520.7819998264313	44.76908	580	0	0.078856	0.063125
1522.7819998264313	42.156296	576	0	0.075927	0.063125
1524.7830002307892	42.890576	610	0	0.082581	0.063125
1526.7850000858307	42.890576	574	0	0.073742	0.063125
1528.78400015831	42.890576	574	0	0.07615	0.063125
1530.7870001792908	42.890576	574	0	0.073172	0.063125
1532.78600025177	42.890576	574	0	0.074143	0.063125
1534.78600025177	46.985896	572	0	0.082674	0.063125
1536.7880001068115	50.590304	578	0	0.07318	0.063125
1538.7890000343323	46.847104	610	0	0.081925	0.063125
1540.7880001068115	44.06612	612	0	0.072608	0.063125
1542.7910001277924	44.43876	612	0	0.086903	0.063125
1544.792000055313	44.43876	612	0	0.076322	0.063125
1546.7890000343323	44.43876	602	0	0.080527	0.063125
1548.7910001277924	44.43876	602	0	0.07406	0.063125
1550.792000055313	44.43876	584	0	0.073585	0.063125
1552.792000055313	40.840024	516	0	0.091857	0.063125
1554.792000055313	45.975408	532	0	0.074004	0.063125
1556.795000076294	45.975408	532	0	0.092702	0.063125
1558.7940001487732	45.975408	532	0	0.07318	0.063125
1560.7969999313354	45.975408	530	0	0.072695	0.063125
1562.795000076294	45.975408	530	0	0.071393	0.063125
1564.8050000667572	45.975408	530	0	0.070361	0.063125
1566.8129999637604	45.975408	530	0	0.072807	0.063125
1568.7990000247955	45.975408	530	0	0.076369	0.063125
1570.8010001182556	42.321424	483	0	0.077153	0.063125
1572.8010001182556	42.321424	502	0	0.070975	0.063125
1574.824000120163	41.616448	484	0	0.072261	0.063125
1576.8010001182556	41.616448	484	0	0.072992	0.063125
1578.8040001392365	41.616448	484	0	0.070993	0.063125
1580.8070001602173	41.616448	484	0	0.071711	0.063125
1582.8070001602173	41.616448	484	0	0.072862	0.063125
1584.8070001602173	41.616448	480	0	0.071411	0.063125
1586.8070001602173	41.616448	480	0	0.072106	0.063125
1588.8090000152588	41.616448	480	0	0.07135	0.063125
1590.808000087738	41.616448	480	0	0.071138	0.063125
1592.8100001811981	41.616448	480	0	0.071668	0.063125
1594.8129999637604	38.46608	516	0	0.07021	0.063125
1596.8129999637604	43.699112	554	0	0.073772	0.063125
1598.8120000362396	45.305136	548	0	0.070191	0.063125
1600.8120000362396	41.252792	548	0	0.079404	0.063125
1602.8150000572205	46.820728	548	0	0.073607	0.063125
1604.816999912262	46.820728	548	0	0.073595	0.063125
1606.816999912262	43.572056	548	0	0.083701	0.063125
1608.8190002441406	46.333032	532	0	0.071858	0.063125
1610.8180003166199	46.333032	532	0	0.075288	0.063125
1612.8190002441406	45.776744	552	0	0.0706	0.063125
1614.8210000991821	46.961552	553	0	0.071029	0.063125
1616.8220000267029	45.275536	564	0	0.087578	0.063125
1619.0720000267029	43.235848	560	0	0.078339	0.063125
1620.8200001716614	46.152408	596	0	0.081209	0.063125
1622.8220000267029	47.67404	592	0	0.069098	0.063125
1624.824000120163	47.67404	592	0	0.072785	0.063125
1627.074000120163	48.135336	592	0	0.077192	0.063125
1628.826000213623	45.541192	592	0	0.080198	0.063125
1630.8270001411438	46.79788	592	0	0.08574	0.063125
1632.8280000686646	48.012872	568	0	0.07748	0.063125
1635.0769999027252	49.491176	568	0	0.074691	0.063125
1636.8289999961853	49.482592	572	0	0.075533	0.063125
1638.8280000686646	42.11052	564	0	0.077263	0.063125
1640.9179999828339	42.11052	564	0	0.075789	0.063125
1642.835000038147	44.327056	586	0	0.080904	0.063125
1644.832999944687	42.00956	582	0	0.127579	0.063125
1647.0820002555847	48.207648	582	0	0.075867	0.063125
1649.0830001831055	48.207648	644	0	0.073885	0.063125
1650.8320000171661	48.207648	632	0	0.074929	0.063125
1652.8340001106262	48.207648	632	0	0.075736	0.063125
1655.0830001831055	48.207648	632	0	0.07764	0.063125
1657.085000038147	48.207648	614	0	0.073403	0.063125
1658.835000038147	48.207648	614	0	0.076582	0.063125
1661.0880000591278	48.207648	612	0	0.072904	0.063125
1663.087000131607	48.207648	612	0	0.076142	0.063125
1665.0889999866486	48.207648	612	0	0.071628	0.063125
1666.8410000801086	48.207648	612	0	0.075591	0.063125
1669.090000152588	48.207648	612	0	0.088945	0.063125
1671.0929999351501	48.207648	610	0	0.073998	0.063125
1673.0929999351501	48.207648	610	0	0.078404	0.063125
1675.0920000076294	48.207648	590	0	0.074304	0.063125
1677.093999862671	48.207648	590	0	0.094307	0.063125
1679.095999956131	48.207648	590	0	0.073849	0.063125
1681.0970001220703	48.207648	590	0	0.076209	0.063125
1683.0950000286102	48.207648	590	0	0.07603	0.063125
1685.0990002155304	48.207648	590	0	0.072793	0.063125
1687.0970001220703	48.207648	616	0	0.072592	0.063125
1688.9340000152588	48.207648	612	0	0.073046	0.063125
1691.101000070572	48.207648	612	0	0.074478	0.063125
1693.1019999980927	48.207648	612	0	0.077555	0.063125
1695.1019999980927	48.207648	612	0	0.076708	0.063125
1697.1050000190735	48.207648	612	0	0.075377	0.063125
1699.103000164032	48.207648	604	0	0.075944	0.063125
1701.1050000190735	48.207648	604	0	0.074865	0.063125
1703.1060001850128	48.207648	604	0	0.072145	0.063125
1705.1070001125336	48.207648	604	0	0.073874	0.063125
1707.108999967575	48.207648	604	0	0.078958	0.063125
1709.1070001125336	48.207648	604	0	0.074406	0.063125
1711.1099998950958	48.207648	612	0	0.08037	0.063125
1713.1110000610352	48.207648	604	0	0.078742	0.063125
1715.1129999160767	48.207648	604	0	0.076286	0.063125
1717.1110000610352	48.207648	604	0	0.076136	0.063125
1719.111999988556	48.207648	604	0	0.073934	0.063636
1721.1129999160767	48.207648	604	0	0.075517	0.063636
1723.1170001029968	48.207648	596	0	0.076586	0.063636
1725.1150002479553	48.207648	596	0	0.078319	0.063636
1727.119000196457	48.207648	596	0	0.073473	0.063636
1729.1220002174377	48.207648	596	0	0.075576	0.063636
1731.12700009346	48.207648	596	0	0.076646	0.063636
1733.1200001239777	48.207648	596	0	0.075178	0.063636
1735.1210000514984	42.566144	534	0	0.081826	0.063636
1737.1220002174377	42.566144	518	0	0.069384	0.063636
1739.1200001239777	42.566144	518	0	0.073988	0.063636
1741.1230001449585	42.566144	518	0	0.07326	0.063636
1743.1230001449585	42.566144	518	0	0.071598	0.063636
1745.1280000209808	42.566144	518	0	0.071168	0.063636
1747.12700009346	42.666952	534	0	0.070151	0.063636
1749.1280000209808	38.610368	564	0	0.079333	0.063636
1751.1310000419617	46.979016	584	0	0.081636	0.063636
1753.1329998970032	49.954264	596	0	0.094568	0.063636
1755.1380002498627	49.18572	592	0	0.083623	0.063636
1757.1310000419617	50.822488	598	0	0.073177	0.063636
1759.1350002288818	45.83592	598	0	0.084013	0.063636
1761.1329998970032	47.532768	584	0	0.075391	0.063636
1763.1350002288818	40.125368	566	0	0.078727	0.063636
1765.133999824524	37.207976	570	0	0.133703	0.063636
1767.1360001564026	43.336656	566	0	0.086475	0.063636
1769.1350002288818	45.27712	566	0	0.077062	0.063636
1771.1350002288818	47.63332	564	0	0.073487	0.063636
1773.1370000839233	46.4486	564	0	0.080434	0.063636
1775.1380002498627	46.347312	564	0	0.084211	0.063636
1777.1499998569489	44.600624	570	0	0.082377	0.063636
1779.1400001049042	47.338008	580	0	0.089144	0.063636
1781.1419999599457	44.240752	578	0	0.071954	0.063636
1783.1449999809265	42.349016	600	0	0.084502	0.063636
1785.1440000534058	50.648808	592	0	0.082044	0.063636
1787.148999929428	45.747848	584	0	0.081553	0.063636
1789.1530001163483	49.701416	584	0	0.088705	0.063636
1791.1470000743866	46.836928	584	0	0.0729	0.063636
1793.1530001163483	43.714176	578	0	0.081903	0.063636
1795.1550002098083	49.182816	578	0	0.084181	0.063636
1797.148999929428	44.829616	578	0	0.091737	0.063636
1799.1499998569489	44.99016	580	0	0.084675	0.063636
1801.1570000648499	42.726096	568	0	0.071686	0.063636
1803.1499998569489	50.346176	584	0	0.081109	0.063636
1805.1499998569489	46.069704	588	0	0.074845	0.063636
1807.1510000228882	46.520424	608	0	0.079279	0.063636
1809.1520001888275	49.371304	576	0	0.079803	0.063636
1811.1530001163483	48.251016	576	0	0.078166	0.063636
1813.1550002098083	49.359024	562	0	0.083611	0.063636
1815.1550002098083	37.180048	572	0	0.073366	0.063636
1817.1570000648499	49.609984	572	0	0.08233	0.063636
1819.1570000648499	50.416792	576	0	0.081418	0.063636
1821.1579999923706	46.780472	615	0	0.08622	0.063636
1823.15900015831	48.431416	618	0	0.08699	0.063636
1825.2799999713898	47.207192	622	0	0.095161	0.063636
1827.1610000133514	45.690776	618	0	0.079937	0.063636
1829.1640000343323	52.507264	624	0	0.072645	0.063636
1831.1610000133514	46.5614	618	0	0.083516	0.063636
1833.1620001792908	46.5614	600	0	0.073441	0.063636
1835.1750001907349	43.813248	600	0	0.080202	0.063636
1837.164999961853	43.813248	604	0	0.074951	0.063636
1839.1630001068115	43.813248	604	0	0.074389	0.063636
1841.1740000247955	43.813248	604	0	0.071183	0.063636
1843.167000055313	43.813248	604	0	0.074067	0.063636
1845.1679999828339	43.813248	628	0	0.076522	0.063636
1847.1679999828339	43.813248	626	0	0.074119	0.063636
1849.1700003147125	43.813248	626	0	0.075873	0.063636
1851.1710002422333	43.813248	626	0	0.074273	0.063636
1853.1710002422333	43.813248	626	0	0.073499	0.063636
1855.172000169754	43.813248	620	0	0.075456	0.063636
1857.1730000972748	43.813248	620	0	0.073711	0.063636
