0.0	33.336712	160	98	0.032175	0.024131
0.3299999237060547	1.815832	160	0	0.046774	0.024131
0.6319999694824219	27.766544	154	0	0.044572	0.024131
0.8410000801086426	27.705576	168	0	0.038682	0.024131
1.1410000324249268	30.663376	172	0	0.053259	0.024131
1.320000171661377	1.831288	170	0	0.044866	0.024131
1.3909997940063477	13.288064	166	0	0.033273	0.024131
1.680999994277954	29.87652	158	0	0.05318	0.024131
1.940000057220459	5.84848	159	0	0.041691	0.024131
3.940999984741211	4.441904	164	0	0.058771	0.024131
5.950000047683716	29.531872	150	0	0.031923	0.024131
7.942999839782715	11.7034	155	0	0.044739	0.024131
9.944000005722046	24.963432	154	0	0.046543	0.024131
11.940000057220459	27.821608	160	0	0.034308	0.024131
13.942999839782715	30.495496	160	0	0.054481	0.024131
15.94700002670288	27.203688	156	0	0.032021	0.024131
17.94000005722046	29.853848	174	0	0.047872	0.024131
19.944000005722046	26.315216	170	0	0.052558	0.024131
21.944999933242798	30.013232	158	0	0.037303	0.024131
23.942999839782715	16.093696	161	0	0.050403	0.024131
25.944000005722046	11.79624	164	0	0.034223	0.024131
28.19099998474121	31.150712	152	0	0.040375	0.024131
30.18999981880188	27.78376	156	0	0.033325	0.024131
32.193000078201294	28.78416	162	0	0.051023	0.024131
34.19200015068054	27.238008	160	0	0.046382	0.024131
36.193000078201294	29.430272	156	0	0.053848	0.024131
38.194000005722046	28.292472	162	0	0.047426	0.024131
40.19500017166138	23.515352	162	0	0.035514	0.024131
42.19200015068054	0.668272	150	0	0.054963	0.024131
43.99899983406067	30.157312	156	0	0.033748	0.024131
46.18999981880188	29.104536	148	0	0.041859	0.024131
48.193000078201294	0.993744	154	0	0.046502	0.024131
50.19099998474121	29.569616	154	0	0.032597	0.024131
52.19099998474121	28.425936	154	0	0.048903	0.024131
54.19600009918213	28.446984	154	0	0.031971	0.024131
56.193000078201294	28.446984	154	0	0.031247	0.024131
58.194000005722046	10.274488	154	0	0.049224	0.024131
60.19500017166138	10.646096	154	0	0.056807	0.024131
62.18999981880188	17.09268	175	0	0.048006	0.024131
64.19400000572205	12.912656	159	0	0.03372	0.024131
66.19099998474121	1.201864	158	0	0.048391	0.024131
67.99899983406067	24.287984	158	0	0.032081	0.024131
70.19200015068054	28.010176	150	0	0.043885	0.024131
72.19400000572205	29.320128	150	0	0.043578	0.024131
74.19400000572205	30.261864	152	0	0.033654	0.024131
76.19700002670288	29.345568	164	0	0.05305	0.024131
78.19200015068054	26.496584	164	0	0.032167	0.024131
80.1930000782013	30.953032	168	0	0.051821	0.024131
82.19400000572205	2.875784	170	0	0.053501	0.024131
84.19200015068054	2.550128	170	0	0.432799	0.024131
86.1930000782013	11.914712	82	0	0.164153	0.024131
88.1930000782013	21.262128	102	0	0.028382	0.024131
90.19700002670288	24.649888	130	0	0.028419	0.024131
92.19400000572205	23.04656	132	0	0.027649	0.024131
94.19200015068054	28.95844	158	0	0.038055	0.024131
96.1930000782013	25.583432	158	0	0.045528	0.024131
98.19400000572205	30.310376	154	0	0.030149	0.024131
100.19099998474121	25.845752	168	0	0.044312	0.024131
102.19700002670288	16.693048	160	0	0.033224	0.024131
104.19099998474121	27.73716	148	0	0.042612	0.024131
106.19899988174438	21.432704	144	0	0.041007	0.024357
108.19200015068054	26.0368	146	0	0.033339	0.024357
110.19600009918213	28.040408	146	0	0.044303	0.024357
112.19099998474121	13.893328	152	0	0.030309	0.024357
114.19400000572205	5.270752	151	0	0.045806	0.024357
116.19099998474121	28.560464	162	0	0.03178	0.024357
118.19200015068054	5.414728	162	0	0.054804	0.024357
120.19200015068054	29.509512	154	0	0.051816	0.024357
122.19899988174438	31.218192	158	0	0.032263	0.024357
124.19500017166138	30.483872	154	0	0.049723	0.024357
126.20000004768372	29.290168	156	0	0.032722	0.024357
128.1930000782013	28.958064	162	0	0.048564	0.024357
130.19200015068054	28.014264	162	0	0.04449	0.024357
132.19600009918213	5.573096	156	0	0.053678	0.024357
134.1909999847412	7.071152	155	0	0.0522	0.024357
136.19200015068054	13.119304	158	0	0.032495	0.024357
138.19400000572205	21.981656	148	0	0.046243	0.024357
140.1930000782013	14.17272	158	0	0.035225	0.024357
142.19500017166138	29.765296	158	0	0.050387	0.024357
144.1930000782013	0.42404	160	0	0.042518	0.024357
146.19500017166138	16.215528	160	0	0.031856	0.024357
148.19200015068054	28.966416	154	0	0.053555	0.024357
150.19200015068054	12.813776	160	0	0.033589	0.024357
152.19500017166138	1.660872	160	0	0.054853	0.024357
154.1930000782013	29.632344	4	0	0.044259	0.024357
156.19500017166138	28.768952	176	0	0.054147	0.024357
158.19600009918213	0.762016	167	0	0.06264	0.024357
160.19400000572205	12.49812	172	0	0.033738	0.024357
162.19400000572205	8.678704	168	0	0.056185	0.024357
164.19200015068054	28.269896	168	0	0.033124	0.024357
166.19400000572205	4.166072	158	0	0.057183	0.024357
168.1930000782013	31.868704	154	0	0.054411	0.024357
170.19500017166138	27.02184	164	0	0.033279	0.024357
172.1930000782013	26.334752	164	0	0.054775	0.024357
174.19600009918213	32.135352	152	0	0.033347	0.024357
176.20099997520447	30.317096	156	0	0.055142	0.024357
178.19899988174438	27.3314	162	0	0.051229	0.024357
180.19200015068054	1.716056	166	0	0.058871	0.024357
182.1930000782013	29.8598	166	0	0.049496	0.024357
184.1930000782013	26.954808	152	0	0.031008	0.024357
186.1930000782013	30.355176	152	0	0.045734	0.024357
188.19400000572205	28.999192	160	0	0.032891	0.024357
190.19500017166138	30.13768	160	0	0.047132	0.024357
192.20099997520447	27.2316	170	0	0.046498	0.024357
194.19799995422363	26.513888	170	0	0.040546	0.024357
196.21399998664856	26.582832	184	0	0.05088	0.024357
198.1930000782013	17.982688	160	0	0.033198	0.024357
200.19400000572205	6.61604	174	0	0.052984	0.024357
202.19400000572205	29.665696	172	0	0.038226	0.024357
204.1930000782013	33.445024	170	0	0.057014	0.024357
206.19500017166138	32.034616	168	0	0.038094	0.024357
208.19600009918213	28.12376	168	0	0.033885	0.024357
210.19600009918213	31.224688	166	0	0.056993	0.024357
212.19500017166138	30.08468	160	0	0.035391	0.024357
214.1930000782013	29.086152	158	0	0.046693	0.024357
216.1930000782013	29.481216	146	0	0.043125	0.024357
218.19200015068054	33.506024	156	0	0.033728	0.024357
220.1930000782013	7.96472	160	0	0.04595	0.024357
222.19600009918213	22.027728	160	0	0.036953	0.024357
224.19799995422363	29.161032	156	0	0.046404	0.024357
226.19400000572205	30.692112	160	0	0.053072	0.024357
228.19400000572205	0.3342	168	0	0.070165	0.024357
230.19400000572205	29.878672	160	0	0.053	0.024357
232.19500017166138	13.112072	160	0	0.035033	0.024357
234.1930000782013	21.696184	158	0	0.062575	0.024357
236.1930000782013	16.879328	150	0	0.03231	0.024357
238.19500017166138	16.345016	150	0	0.074244	0.024357
240.19700002670288	11.322816	156	0	0.045245	0.024357
242.20499992370605	12.770608	156	0	0.04961	0.024357
244.2039999961853	27.535568	163	0	0.05146	0.024357
246.19700002670288	27.908936	178	0	0.032456	0.024357
248.19400000572205	32.431656	172	0	0.047605	0.024357
250.20000004768372	29.514824	158	0	0.046712	0.024357
252.19799995422363	29.117392	156	0	0.056478	0.024357
254.1930000782013	20.689208	172	0	0.061245	0.024357
256.19400000572205	26.673384	172	0	0.035103	0.024357
258.1950001716614	25.818192	158	0	0.051582	0.024357
260.1950001716614	28.12156	164	0	0.032624	0.024357
262.19799995422363	32.629464	164	0	0.042643	0.024357
264.19400000572205	30.443816	176	0	0.054767	0.024357
266.19600009918213	13.098976	174	0	0.033518	0.024357
268.1989998817444	32.893528	164	0	0.050937	0.024357
270.1989998817444	30.55736	166	0	0.036425	0.024357
272.19600009918213	31.782312	162	0	0.046839	0.024357
274.1970000267029	0.417576	163	0	0.055872	0.024357
276.19600009918213	30.354176	166	0	0.052301	0.024357
278.19600009918213	19.624968	162	0	0.050671	0.024357
280.44400000572205	24.377944	154	0	0.033805	0.024357
282.44799995422363	31.60396	152	0	0.043327	0.024357
284.4489998817444	29.37636	154	0	0.03279	0.024357
286.44400000572205	30.889008	154	0	0.048193	0.024357
288.44599986076355	30.56772	152	0	0.050567	0.024357
290.4469997882843	27.730176	146	0	0.042426	0.024218
292.44400000572205	28.648632	158	0	0.047412	0.024218
294.45100021362305	28.985064	158	0	0.033745	0.024218
296.4469997882843	2.581736	151	0	0.050869	0.024218
298.25100016593933	14.889768	150	0	0.032949	0.024218
300.4449999332428	0.808528	151	0	0.045239	0.024218
302.4449999332428	10.632904	156	0	0.04826	0.024218
304.4449999332428	25.175728	156	0	0.031729	0.024218
306.4449999332428	30.778072	154	0	0.042562	0.024218
308.4469997882843	34.119664	156	0	0.032146	0.024218
310.44400000572205	8.26288	176	0	0.056927	0.024218
312.4449999332428	28.985312	146	0	0.048709	0.024218
314.44599986076355	30.601608	152	0	0.039024	0.024218
316.4469997882843	10.150568	160	0	0.055189	0.024218
318.4430000782013	30.221464	158	0	0.033623	0.024218
320.4500000476837	25.768144	148	0	0.046718	0.024218
322.2569999694824	27.413728	155	0	0.033023	0.024218
324.44599986076355	29.467344	160	0	0.050007	0.024218
326.44400000572205	32.2098	156	0	0.053867	0.024218
328.4500000476837	26.638976	162	0	0.033689	0.024218
330.4449999332428	31.179368	154	0	0.05509	0.024218
332.44400000572205	25.853056	154	0	0.033292	0.024218
334.44400000572205	30.999152	158	0	0.039168	0.024218
336.4469997882843	26.502264	168	0	0.043383	0.024218
338.4449999332428	22.128976	168	0	0.061819	0.024218
340.4500000476837	29.878792	160	0	0.049594	0.024218
342.44599986076355	33.396496	154	0	0.032729	0.024218
344.4469997882843	30.174048	156	0	0.052681	0.024218
346.44599986076355	29.186528	156	0	0.035985	0.024218
348.44799995422363	28.986168	160	0	0.051681	0.024218
350.4430000782013	30.720432	176	0	0.050865	0.024218
352.4449999332428	31.063824	174	0	0.034044	0.024218
354.4449999332428	29.51996	174	0	0.057153	0.024218
356.4449999332428	28.057648	170	0	0.033805	0.024218
358.4469997882843	28.909096	164	0	0.044257	0.024218
360.4469997882843	25.387232	158	0	0.038689	0.024218
362.4469997882843	3.83156	158	0	0.031253	0.024218
364.44599986076355	28.732776	158	0	0.045844	0.024218
366.44599986076355	24.425808	160	0	0.033682	0.024218
368.44400000572205	31.33584	154	0	0.041317	0.024218
370.44599986076355	12.723056	150	0	0.033632	0.024218
372.44400000572205	29.856848	150	0	0.043188	0.024218
374.4469997882843	29.244464	154	0	0.038216	0.024218
376.45300006866455	13.035168	156	0	0.033423	0.024218
378.4449999332428	30.492368	164	0	0.056591	0.024218
380.4449999332428	28.866232	164	0	0.031446	0.024218
382.4489998817444	1.323808	172	0	0.045405	0.024218
384.4449999332428	0.755816	172	0	0.045141	0.024218
386.4469997882843	29.839704	172	0	0.034214	0.024218
388.4449999332428	9.885376	155	0	0.045127	0.024218
390.4469997882843	31.063184	162	0	0.037768	0.024218
392.44599986076355	28.14396	160	0	0.043651	0.024218
394.44599986076355	30.250664	162	0	0.032638	0.024218
396.4500000476837	29.454688	160	0	0.041201	0.024218
398.44799995422363	28.379376	166	0	0.044376	0.024218
400.44599986076355	27.94644	162	0	0.033499	0.024218
402.44599986076355	2.243272	162	0	0.046866	0.024218
404.4469997882843	28.995648	162	0	0.033118	0.024218
406.4449999332428	28.12984	162	0	0.044388	0.024218
408.4500000476837	0.759328	164	0	0.045905	0.024218
410.4489998817444	12.610664	164	0	0.033373	0.024218
412.44599986076355	32.120416	164	0	0.0531	0.024218
414.4449999332428	26.418696	156	0	0.032355	0.024218
416.4489998817444	22.935584	158	0	0.040072	0.024218
418.4469997882843	29.763272	156	0	0.032445	0.024218
420.4449999332428	31.308424	154	0	0.040508	0.024218
422.4449999332428	29.2038	150	0	0.035864	0.024218
424.45100021362305	29.261072	158	0	0.032342	0.024218
426.4469997882843	30.952544	156	0	0.040116	0.024218
428.4449999332428	21.532968	156	0	0.0338	0.024218
430.4500000476837	29.161624	154	0	0.036208	0.024218
432.44599986076355	29.00428	152	0	0.043357	0.024218
434.4500000476837	32.3744	154	0	0.032655	0.024218
436.4449999332428	26.846	162	0	0.046456	0.024218
438.44400000572205	12.576904	162	0	0.03354	0.024218
440.44599986076355	0.808216	162	0	0.0461	0.024218
442.44599986076355	31.148832	162	0	0.036604	0.024218
444.4500000476837	26.905048	162	0	0.042685	0.024218
446.44799995422363	23.151424	156	0	0.048193	0.024218
448.4449999332428	25.998744	154	0	0.033768	0.024218
450.4469997882843	3.345616	159	0	0.053134	0.024218
452.44799995422363	27.50704	136	0	0.032295	0.024218
454.4449999332428	30.054256	150	0	0.032612	0.024218
456.44599986076355	30.763528	146	0	0.034382	0.024218
458.4449999332428	31.883528	152	0	0.030827	0.024218
460.44599986076355	29.769112	152	0	0.037685	0.024218
462.4469997882843	13.124128	170	0	0.034621	0.024218
464.44599986076355	0.753592	170	0	0.047976	0.024218
466.4469997882843	12.441896	170	0	0.037	0.024218
468.5039999485016	14.922384	149	0	0.047007	0.024218
470.4449999332428	28.9282	192	0	0.038157	0.024218
472.44799995422363	29.698504	164	0	0.032818	0.024218
474.4469997882843	29.429824	160	0	0.040135	0.024218
476.4500000476837	28.981912	160	0	0.031879	0.024218
478.4469997882843	0.732288	156	0	0.046849	0.024218
480.4500000476837	30.932808	160	0	0.04227	0.024218
482.4469997882843	32.974184	162	0	0.039381	0.024218
484.44599986076355	28.616616	158	0	0.041782	0.024218
486.4469997882843	12.865936	164	0	0.032546	0.024218
488.4449999332428	31.011344	160	0	0.038952	0.024218
490.4449999332428	13.060816	158	0	0.032486	0.024218
492.44599986076355	29.518152	156	0	0.043206	0.024218
494.44799995422363	9.892592	156	0	0.053972	0.024218
496.45300006866455	27.835328	150	0	0.034377	0.024218
498.45100021362305	26.635208	158	0	0.056947	0.024218
500.4469997882843	19.502872	158	0	0.03568	0.024218
502.4469997882843	1.259512	166	0	0.047317	0.024218
504.44599986076355	29.522264	166	0	0.054203	0.024218
506.44599986076355	0.352904	150	0	0.044735	0.024218
508.4489998817444	4.332256	156	0	0.052766	0.024218
510.4489998817444	21.375288	156	0	0.031945	0.024218
512.4469997882843	0.570048	158	0	0.046179	0.024218
514.4539999961853	13.060656	158	0	0.033825	0.024218
516.4469997882843	3.451744	156	0	0.062073	0.024218
518.4479999542236	21.496504	156	0	0.03542	0.024218
520.4469997882843	27.555216	158	0	0.03635	0.024218
522.4479999542236	6.036168	154	0	0.045707	0.024218
524.4479999542236	29.735232	154	0	0.035526	0.024218
526.451000213623	31.936536	152	0	0.033819	0.024218
528.4530000686646	30.518736	152	0	0.041245	0.024218
530.7009999752045	20.684632	162	0	0.033505	0.024218
532.7019999027252	27.57808	162	0	0.042861	0.024218
534.699000120163	30.849472	162	0	0.036307	0.024218
536.6979999542236	1.741392	174	0	0.050621	0.024218
538.6960000991821	29.552912	164	0	0.031996	0.024218
540.6960000991821	29.13776	160	0	0.041343	0.024218
542.6979999542236	14.290776	154	0	0.046952	0.024218
544.6979999542236	33.1696	158	0	0.030805	0.024218
546.7000000476837	31.036312	156	0	0.043206	0.024218
548.6979999542236	13.667496	156	0	0.031714	0.024218
550.6979999542236	30.399	162	0	0.051585	0.024218
552.7019999027252	24.613624	154	0	0.053756	0.024218
554.6960000991821	25.423608	166	0	0.054006	0.024218
556.6960000991821	31.918576	166	0	0.052765	0.024218
558.7000000476837	11.925816	162	0	0.036221	0.024218
560.7009999752045	30.379632	164	0	0.055227	0.024218
562.7000000476837	13.097904	168	0	0.034167	0.024218
564.7090001106262	24.962144	168	0	0.056967	0.024218
566.702999830246	28.292016	164	0	0.052715	0.024218
568.6960000991821	30.696448	164	0	0.032623	0.024218
570.6970000267029	31.989224	164	0	0.046351	0.024218
572.6970000267029	15.828968	158	0	0.031281	0.024218
574.6960000991821	0.713408	156	0	0.053778	0.024218
576.6979999542236	23.111184	156	0	0.040117	0.024218
578.6970000267029	0.775432	152	0	0.045088	0.024218
580.7000000476837	28.181376	152	0	0.050086	0.024218
582.6970000267029	29.795912	152	0	0.03318	0.024218
584.699000120163	9.758352	168	0	0.04918	0.024218
586.6970000267029	30.739624	176	0	0.032999	0.024218
588.6960000991821	0.495192	176	0	0.046663	0.024218
590.7009999752045	8.026016	162	0	0.047171	0.02456
592.699000120163	13.168248	168	0	0.032885	0.02456
594.6960000991821	30.289464	162	0	0.040775	0.02456
596.7009999752045	13.749704	162	0	0.030968	0.02456
598.699000120163	27.078096	164	0	0.042794	0.02456
600.7039999961853	31.6478	164	0	0.04225	0.02456
602.699000120163	1.759376	164	0	0.04467	0.02456
604.699000120163	31.068456	148	0	0.04141	0.024531
606.699000120163	31.073864	148	0	0.030648	0.024531
608.6979999542236	29.457752	148	0	0.040614	0.024531
610.6970000267029	27.20576	150	0	0.02966	0.024531
612.6979999542236	29.242088	156	0	0.038425	0.024531
614.699000120163	30.331272	154	0	0.042876	0.024531
616.699000120163	13.647752	156	0	0.03228	0.024531
618.6979999542236	29.972408	158	0	0.042251	0.024531
620.6970000267029	30.60604	154	0	0.036352	0.024531
622.6970000267029	24.268864	154	0	0.052348	0.024531
624.6960000991821	29.806256	152	0	0.043217	0.024531
626.6970000267029	32.519992	150	0	0.03967	0.024531
628.699000120163	1.280728	154	0	0.043894	0.024531
630.7000000476837	31.322768	160	0	0.032045	0.024531
632.7000000476837	29.788944	158	0	0.045678	0.024531
634.699000120163	32.071744	160	0	0.032575	0.024531
636.7019999027252	29.907424	156	0	0.034924	0.024531
638.699000120163	4.994648	162	0	0.051579	0.024531
640.6970000267029	32.034264	163	0	0.033837	0.024531
642.6979999542236	29.467384	164	0	0.052834	0.024531
644.699000120163	28.966584	162	0	0.030626	0.024531
646.7000000476837	25.6	160	0	0.040382	0.024531
648.7009999752045	18.141136	154	0	0.043579	0.024531
650.7009999752045	18.193696	154	0	0.030073	0.024531
652.7000000476837	30.43404	166	0	0.043046	0.024531
654.7039999961853	13.476544	166	0	0.034395	0.024531
656.6970000267029	0.663944	156	0	0.054954	0.024531
658.6970000267029	28.522584	154	0	0.030334	0.024531
660.699000120163	29.598888	154	0	0.048389	0.024531
662.7009999752045	29.898592	154	0	0.053916	0.024531
664.6979999542236	30.429768	158	0	0.030091	0.024531
666.7009999752045	26.7252	158	0	0.052323	0.024531
668.6979999542236	18.031704	152	0	0.031853	0.024514
670.7000000476837	30.001448	154	0	0.046965	0.024514
672.6979999542236	27.252072	148	0	0.054122	0.024223
674.6970000267029	26.366872	148	0	0.047742	0.024223
676.702999830246	30.68516	150	0	0.047351	0.024223
678.7019999027252	30.21992	146	0	0.02968	0.024223
680.699000120163	26.921016	146	0	0.034909	0.024223
682.699000120163	28.743888	152	0	0.031864	0.024213
684.6979999542236	29.891088	152	0	0.051976	0.024213
686.6979999542236	30.156752	152	0	0.046827	0.024213
688.7009999752045	30.009136	158	0	0.030175	0.024213
690.7019999027252	20.784216	158	0	0.045054	0.024213
692.6979999542236	25.058168	164	0	0.030351	0.024213
694.7109999656677	24.177896	162	0	0.053382	0.024213
696.7139999866486	29.645288	162	0	0.050066	0.024213
698.7070000171661	28.128408	168	0	0.048931	0.024213
700.7000000476837	27.970072	168	0	0.047016	0.024213
702.699000120163	26.943784	168	0	0.031964	0.024213
704.7009999752045	6.566072	149	0	0.047068	0.024213
706.6979999542236	30.017128	162	0	0.033038	0.024213
708.699000120163	30.299784	162	0	0.045679	0.024213
710.7000000476837	30.264472	162	0	0.040656	0.024213
712.702999830246	27.297256	150	0	0.031895	0.024213
714.7019999027252	28.980192	4	0	0.045257	0.024213
716.7039999961853	12.24132	162	0	0.035535	0.024213
718.702999830246	26.35504	162	0	0.052717	0.024213
720.7009999752045	29.986504	160	0	0.048719	0.024213
722.7000000476837	0.034536	158	0	0.056141	0.024213
724.699000120163	4.743624	152	0	0.057447	0.024213
726.7000000476837	29.882432	152	0	0.031224	0.024213
728.6979999542236	1.606816	154	0	0.053423	0.024213
730.7000000476837	13.064872	152	0	0.036742	0.024213
732.7019999027252	29.913648	150	0	0.04002	0.024213
734.702999830246	25.356024	152	0	0.052685	0.024213
736.7009999752045	27.527456	158	0	0.031462	0.024213
738.699000120163	31.269368	154	0	0.042763	0.024213
740.6979999542236	20.512992	168	0	0.033751	0.024213
742.699000120163	28.919832	168	0	0.041828	0.024213
744.7009999752045	18.687568	168	0	0.05006	0.024213
746.7039999961853	27.24836	178	0	0.046131	0.024213
748.7009999752045	5.334344	179	0	0.059147	0.024213
750.699000120163	27.19552	150	0	0.030672	0.024213
752.7000000476837	26.580056	150	0	0.045311	0.024213
754.699000120163	13.357328	154	0	0.032436	0.024213
756.7019999027252	18.52204	154	0	0.051483	0.024213
758.699000120163	0.162552	156	0	0.044372	0.024213
760.7009999752045	26.983824	152	0	0.030209	0.024213
762.7019999027252	30.708096	164	0	0.049799	0.024213
764.7019999027252	13.5972	154	0	0.031785	0.024213
766.7009999752045	27.05152	152	0	0.043089	0.024213
768.699000120163	31.319224	154	0	0.048875	0.024213
770.7019999027252	30.078792	172	0	0.050397	0.024213
772.6979999542236	29.554512	158	0	0.047822	0.024213
774.7000000476837	29.880424	158	0	0.033887	0.024213
776.9489998817444	21.021736	149	0	0.044474	0.024213
778.9509999752045	28.058392	148	0	0.030336	0.024213
783.7039999961853	0.5942	148	0	0.052277	0.024213
784.1589999198914	24.875856	152	0	0.044939	0.024213
784.9530000686646	28.598792	158	0	0.054245	0.024213
786.9489998817444	30.982736	174	0	0.045714	0.024213
788.9539999961853	29.825296	178	0	0.03465	0.024213
790.9539999961853	29.16432	174	0	0.052673	0.024213
792.7550001144409	25.991024	156	0	0.032054	0.024213
794.9560000896454	11.76444	153	0	0.044927	0.024213
796.9489998817444	10.719248	157	0	0.046604	0.024213
798.9509999752045	26.321416	154	0	0.032299	0.024213
800.9509999752045	27.052688	150	0	0.046697	0.024213
802.9500000476837	29.941536	154	0	0.03111	0.024213
804.9579999446869	29.941536	156	0	0.032645	0.024213
806.9530000686646	19.188744	155	0	0.050408	0.024213
808.9550001621246	28.10008	154	0	0.044163	0.024213
810.9489998817444	29.390232	162	0	0.051151	0.024213
812.9500000476837	29.587736	164	0	0.034481	0.024213
814.9509999752045	11.698168	159	0	0.046218	0.024213
816.760999917984	14.94232	168	0	0.034823	0.024213
818.9560000896454	30.763632	168	0	0.054609	0.024213
820.9500000476837	31.081928	168	0	0.052076	0.024213
822.9489998817444	30.428128	164	0	0.032304	0.024213
824.9489998817444	28.028792	163	0	0.051203	0.024213
826.9500000476837	27.741392	158	0	0.035609	0.024213
828.9509999752045	31.039368	156	0	0.053229	0.024213
830.9509999752045	25.183888	155	0	0.048962	0.024213
832.9509999752045	27.8286	162	0	0.050126	0.024213
834.9509999752045	29.9216	162	0	0.044274	0.024213
836.9550001621246	23.675512	162	0	0.033553	0.024213
838.9509999752045	29.12324	172	0	0.050847	0.024213
841.0980000495911	27.104224	170	0	0.034734	0.024213
842.9500000476837	27.981432	176	0	0.046344	0.024213
847.7230000495911	30.37232	170	0	0.049831	0.024213
847.9459998607635	25.617152	170	0	0.03293	0.024213
848.9509999752045	2.920864	166	0	0.064413	0.024213
850.9520001411438	24.910176	166	0	0.037853	0.024213
852.9530000686646	27.10844	158	0	0.059501	0.024213
854.9520001411438	0.971856	162	0	0.067183	0.024213
856.9520001411438	30.970768	162	0	0.046982	0.024213
858.9530000686646	24.770904	160	0	0.045811	0.024213
860.9530000686646	13.106992	156	0	0.031572	0.024213
862.9509999752045	28.577336	160	0	0.043986	0.024213
864.9530000686646	31.628624	156	0	0.032591	0.024213
866.9530000686646	28.677024	168	0	0.045477	0.024213
868.9570000171661	11.279768	168	0	0.05706	0.024213
870.9509999752045	12.708456	158	0	0.034633	0.024213
872.9520001411438	31.063824	180	0	0.042418	0.024213
874.9500000476837	31.382448	168	0	0.033996	0.024213
876.9500000476837	26.450768	158	0	0.050814	0.024213
878.9500000476837	0.314392	156	0	0.08022	0.024213
880.9530000686646	21.094032	158	0	0.048982	0.024213
882.9530000686646	27.919944	160	0	0.048398	0.024213
884.9530000686646	29.30864	156	0	0.033765	0.024213
886.9560000896454	0.448264	160	0	0.0441	0.024213
888.9509999752045	12.11252	166	0	0.035656	0.024213
890.9520001411438	15.59788	172	0	0.049246	0.024213
892.9520001411438	2.152	172	0	0.055741	0.024213
894.9520001411438	12.1586	156	0	0.036212	0.024213
896.9509999752045	26.602856	162	0	0.039317	0.024213
898.9509999752045	31.556144	156	0	0.033916	0.024213
900.9539999961853	30.6604	156	0	0.054796	0.024213
902.9539999961853	1.268432	155	0	0.054578	0.024213
904.9520001411438	28.857928	158	0	0.049683	0.024213
906.9500000476837	28.279608	156	0	0.042619	0.024213
908.9509999752045	21.95408	160	0	0.032812	0.024213
913.7419998645782	26.451328	164	0	0.042619	0.024213
913.9849998950958	20.17188	164	0	0.051236	0.024213
914.9500000476837	26.157096	164	0	0.047009	0.024213
916.9539999961853	30.884024	162	0	0.051117	0.024213
918.9530000686646	20.023736	172	0	0.034389	0.024213
920.9550001621246	27.308008	170	0	0.058678	0.024213
922.9550001621246	22.869304	170	0	0.034074	0.024213
924.9570000171661	30.533664	168	0	0.051896	0.024213
926.9509999752045	31.975464	160	0	0.046297	0.024213
928.9509999752045	30.211328	164	0	0.052291	0.024213
930.9570000171661	15.515752	164	0	0.050461	0.024213
932.9550001621246	14.169128	158	0	0.031628	0.024213
934.9530000686646	30.52204	160	0	0.043932	0.024213
936.9550001621246	27.874656	156	0	0.031925	0.024213
938.9589998722076	34.243064	162	0	0.043401	0.024213
940.9520001411438	29.682664	158	0	0.04258	0.024213
942.9579999446869	30.377392	158	0	0.034862	0.024213
944.9530000686646	29.828848	146	0	0.050104	0.024213
946.9530000686646	22.375	144	0	0.032978	0.024213
948.9530000686646	17.353224	146	0	0.041009	0.024213
950.9570000171661	25.756792	164	0	0.036613	0.024213
952.9530000686646	28.81368	164	0	0.05116	0.024213
954.9550001621246	29.35712	160	0	0.057927	0.024213
956.9520001411438	12.369304	160	0	0.035175	0.024213
958.9520001411438	31.798496	164	0	0.053931	0.024213
960.9530000686646	30.606968	160	0	0.031092	0.024213
962.9520001411438	27.795824	170	0	0.04706	0.024213
964.9520001411438	3.43232	170	0	0.058589	0.024213
966.9550001621246	31.572264	158	0	0.043986	0.024213
968.9539999961853	28.931616	154	0	0.044272	0.024213
970.9530000686646	28.67076	160	0	0.035	0.024213
972.9530000686646	31.845056	162	0	0.039084	0.024213
977.768000125885	27.030448	160	0	0.046175	0.024213
978.0549998283386	29.343544	25	6	0.057324	0.024213
978.9530000686646	27.533048	156	0	0.048524	0.024213
980.9530000686646	13.051624	154	0	0.036043	0.024213
982.9539999961853	28.285536	164	0	0.049504	0.024326
984.9539999961853	27.982928	164	0	0.03454	0.024326
986.9589998722076	29.733944	162	0	0.055519	0.024326
988.9550001621246	29.598912	156	0	0.049527	0.024326
990.9520001411438	27.647672	174	0	0.035149	0.024326
992.9520001411438	29.182896	162	0	0.049698	0.024326
994.9509999752045	30.242568	160	0	0.032154	0.024326
996.9550001621246	27.602776	164	0	0.058016	0.024326
998.9560000896454	31.65636	168	0	0.047211	0.024326
1000.9539999961853	8.949712	172	0	0.055574	0.024326
1002.9509999752045	23.6546	172	0	0.040967	0.024326
1004.9530000686646	30.864088	170	0	0.032377	0.024326
1006.9520001411438	30.317032	170	0	0.049661	0.024326
1008.9520001411438	30.317032	168	0	0.032427	0.024326
1010.9550001621246	29.350752	162	0	0.042643	0.024326
1012.9520001411438	26.759848	162	0	0.037508	0.024326
1014.9509999752045	26.519768	164	0	0.032139	0.024326
1016.9530000686646	26.41624	158	0	0.038433	0.024326
1018.9539999961853	30.692304	162	0	0.033456	0.024326
1020.9530000686646	16.137896	160	0	0.052412	0.024326
1022.9550001621246	30.019272	160	0	0.041169	0.024326
1024.9539999961853	29.021808	162	0	0.052383	0.024326
1026.9560000896454	29.078232	186	0	0.054796	0.024326
1029.2039999961853	28.213096	164	0	0.035049	0.024326
1031.2090001106262	31.294256	160	0	0.052081	0.024326
1033.2030000686646	12.107808	160	0	0.032306	0.024326
1035.2059998512268	19.546552	155	0	0.051121	0.024326
1037.204999923706	3.615536	157	0	0.045707	0.024326
1041.7730000019073	27.64944	172	0	0.035891	0.024326
1042.037999868393	32.350208	176	0	0.055575	0.024326
1043.2059998512268	12.796832	168	0	0.041363	0.024326
1045.2019999027252	30.534864	168	0	0.042911	0.024326
1047.2019999027252	2.085192	166	0	0.060024	0.024326
1049.204999923706	0.333136	166	0	0.037063	0.024326
1051.2130000591278	9.997304	166	0	0.032562	0.024326
1053.2030000686646	28.861544	161	0	0.032745	0.024326
1055.204999923706	29.482776	160	0	0.041118	0.024326
1057.204999923706	31.467328	160	0	0.035409	0.024326
1059.2039999961853	25.114704	160	0	0.065796	0.024326
1061.2059998512268	28.85196	160	0	0.049396	0.024326
1063.2019999027252	30.2872	162	0	0.036895	0.024326
1065.2009999752045	27.165064	174	0	0.044467	0.024326
1067.2039999961853	30.4144	166	0	0.031873	0.024326
1069.204999923706	30.275008	166	0	0.050282	0.024326
1071.2030000686646	18.9132	164	0	0.085021	0.024326
1073.2039999961853	26.73316	164	0	0.046352	0.024326
1075.2019999027252	30.58036	156	0	0.052728	0.024326
1077.2019999027252	25.18248	158	0	0.035577	0.024326
1079.2019999027252	30.189304	150	0	0.039431	0.024326
1081.2030000686646	32.97968	156	0	0.031918	0.024326
1083.204999923706	29.440512	154	0	0.043989	0.024326
1085.2059998512268	25.977384	156	0	0.039469	0.024326
1087.2030000686646	29.341976	158	0	0.030587	0.024326
1089.2069997787476	30.41744	156	0	0.037239	0.024326
1091.204999923706	31.841512	160	0	0.030713	0.024326
1093.2030000686646	24.42656	164	0	0.055886	0.024326
1095.210000038147	17.456544	164	0	0.036308	0.024326
1097.2019999027252	7.75652	148	0	0.049709	0.024326
1099.2019999027252	30.340664	156	0	0.04596	0.024326
1101.2039999961853	18.435432	152	0	0.032289	0.024326
1103.204999923706	28.273264	160	0	0.034704	0.024326
1105.2019999027252	18.551104	152	0	0.029975	0.024326
1107.2430000305176	16.985072	154	0	0.066189	0.024326
1109.2059998512268	26.483848	154	0	0.044295	0.024326
1111.2039999961853	32.392656	152	0	0.03401	0.024326
1113.2039999961853	8.29732	160	0	0.056388	0.024326
1115.2139999866486	23.9546	150	0	0.029397	0.024326
1117.2019999027252	19.271096	166	0	0.046833	0.024326
1119.2069997787476	30.564088	164	0	0.046234	0.024326
1121.2069997787476	28.846784	158	0	0.053084	0.024326
1123.2039999961853	13.30356	158	0	0.039917	0.024326
1125.2039999961853	29.63816	152	0	0.031506	0.024326
1127.2030000686646	23.451944	158	0	0.053612	0.024326
1129.2039999961853	29.565216	154	0	0.032146	0.024326
1131.2059998512268	20.495552	156	0	0.055504	0.024326
1133.2030000686646	21.501664	156	0	0.056946	0.024326
1135.2090001106262	28.102904	156	0	0.048278	0.024326
1137.2069997787476	31.446536	158	0	0.045251	0.024326
1139.210000038147	12.204568	162	0	0.041696	0.024326
1141.2080001831055	3.085576	158	0	0.060722	0.024326
1143.2030000686646	30.387544	156	0	0.043091	0.024326
1145.2039999961853	23.021632	160	0	0.051802	0.024326
1147.2039999961853	29.554536	160	0	0.058035	0.024326
1149.2059998512268	29.554536	160	0	0.03278	0.024326
1151.2039999961853	29.554536	160	0	0.032491	0.024326
1153.2059998512268	22.008736	150	0	0.03273	0.024326
1155.2069997787476	31.49804	156	0	0.039426	0.024326
1157.2059998512268	31.196816	156	0	0.050671	0.024326
1159.2039999961853	31.634536	152	0	0.03402	0.024326
1161.2039999961853	31.634536	154	0	0.03211	0.024326
1163.2059998512268	25.841272	150	0	0.032082	0.024326
1165.2030000686646	24.801072	150	0	0.035841	0.024326
1167.2030000686646	29.000616	146	0	0.036696	0.024326
1169.2059998512268	28.984744	150	0	0.034423	0.024326
1171.204999923706	28.5532	150	0	0.047087	0.024326
1173.2059998512268	28.5532	150	0	0.031572	0.024326
1175.2080001831055	28.5532	4	0	0.033503	0.024326
1177.2059998512268	25.008048	174	0	0.043637	0.024326
1179.2069997787476	2.760712	174	0	0.066851	0.024326
1181.2069997787476	29.626976	160	0	0.03778	0.024326
1183.204999923706	29.65664	158	0	0.049888	0.024326
1185.2090001106262	32.42292	156	0	0.041162	0.024326
1187.2059998512268	13.185544	168	0	0.034019	0.024326
1189.204999923706	0.6372	168	0	0.061101	0.024326
1191.2080001831055	30.520184	156	0	0.043758	0.024326
1193.2059998512268	5.34588	156	0	0.059833	0.024326
1195.204999923706	28.131928	172	0	0.056158	0.024326
1197.2059998512268	32.258936	162	0	0.034957	0.024326
1199.2030000686646	30.309376	162	0	0.040794	0.024326
1201.2059998512268	13.187984	160	0	0.03348	0.024326
1203.2039999961853	29.777256	164	0	0.043544	0.024326
1205.2069997787476	23.515248	161	0	0.057727	0.024326
1207.210000038147	25.767752	164	0	0.035512	0.024326
1209.2090001106262	29.438624	174	0	0.054038	0.024326
1211.2030000686646	28.015272	176	0	0.035519	0.024326
1213.2080001831055	28.31432	176	0	0.060703	0.024326
1215.204999923706	31.007432	152	0	0.044155	0.024326
1217.204999923706	31.04076	152	0	0.053112	0.024326
1219.2080001831055	27.464832	158	0	0.040318	0.024326
1221.2139999866486	28.99756	176	0	0.034101	0.024326
1223.2039999961853	19.870336	176	0	0.071289	0.024326
1225.2069997787476	12.41232	178	0	0.034528	0.024326
1227.204999923706	29.7014	162	0	0.037733	0.024326
1229.204999923706	26.026592	162	0	0.0524	0.024326
1231.204999923706	22.460184	164	0	0.034	0.024326
1233.204999923706	23.879216	162	0	0.043256	0.024326
1235.204999923706	25.97444	162	0	0.036063	0.024326
1237.2080001831055	17.725336	159	0	0.052869	0.024326
1239.2110002040863	30.502296	158	0	0.056393	0.024326
1241.2090001106262	25.931952	158	0	0.051895	0.024486
1243.2069997787476	29.53632	192	0	0.050364	0.024486
1245.2059998512268	30.590232	176	0	0.033613	0.024486
1247.2059998512268	30.317072	174	0	0.058131	0.024486
1249.2039999961853	27.878288	158	0	0.038959	0.024486
1251.2059998512268	33.987416	156	0	0.035113	0.024486
1253.204999923706	25.851688	156	0	0.058226	0.024486
1255.2059998512268	29.178896	156	0	0.031421	0.024486
1257.2059998512268	20.881336	156	0	0.051617	0.024486
1259.2080001831055	28.37652	140	0	0.030804	0.024486
1261.2059998512268	31.67616	148	0	0.034235	0.024486
1263.204999923706	23.486312	148	0	0.0424	0.024486
1265.2069997787476	29.207616	152	0	0.054642	0.024486
1267.204999923706	28.751144	152	0	0.053831	0.024486
1269.2069997787476	33.49904	182	0	0.032972	0.024486
1271.2130000591278	29.20816	182	0	0.059999	0.024486
1273.2090001106262	32.766888	170	0	0.043059	0.024486
1275.2090001106262	24.350504	168	0	0.049745	0.024486
1277.2130000591278	32.359544	168	0	0.05644	0.024486
1279.4560000896454	28.903536	158	0	0.031519	0.024486
1281.457999944687	30.376096	158	0	0.044637	0.024486
1283.4570000171661	19.607336	154	0	0.033489	0.024486
1285.4570000171661	16.980856	148	0	0.04648	0.024486
1287.2690000534058	31.212216	156	0	0.039206	0.024486
1289.4560000896454	6.28816	164	0	0.046012	0.024486
1291.4560000896454	29.664864	164	0	0.053573	0.024486
1293.4560000896454	19.356576	170	0	0.050124	0.024486
1295.4560000896454	0.754368	170	0	0.045466	0.024486
1297.4590001106262	28.413584	170	0	0.035753	0.024486
1299.4539999961853	27.65956	156	0	0.0569	0.024486
1301.454999923706	28.701872	158	0	0.052346	0.024486
1303.4590001106262	27.773448	158	0	0.047375	0.024486
1305.454999923706	26.458376	170	0	0.049283	0.024486
1307.4560000896454	21.515184	162	0	0.033129	0.024486
1309.457999944687	29.376376	162	0	0.059261	0.024486
1311.268000125885	30.519928	162	0	0.039853	0.024486
1313.4560000896454	30.519928	162	0	0.034221	0.024486
1315.457999944687	2.082128	162	0	0.046812	0.024486
1317.4560000896454	31.795552	164	0	0.033612	0.024486
1319.4560000896454	11.145032	162	0	0.051874	0.024486
1321.4590001106262	27.62124	182	0	0.034753	0.024486
1323.4570000171661	4.535664	176	0	0.057145	0.024486
1325.4590001106262	27.319544	172	0	0.044024	0.024486
1327.4629998207092	28.775	168	0	0.051459	0.024486
1329.4590001106262	29.134096	162	0	0.051281	0.024486
1331.454999923706	31.604448	162	0	0.035438	0.024486
1333.4570000171661	33.209424	156	0	0.042866	0.024486
1335.457999944687	24.071112	156	0	0.032793	0.024486
1337.4560000896454	22.958624	158	0	0.03849	0.024486
1339.457999944687	27.623272	154	0	0.042206	0.024486
1341.4560000896454	19.744736	156	0	0.03351	0.024486
1343.4570000171661	1.290968	169	0	0.070665	0.024486
1345.4590001106262	28.821056	170	0	0.031935	0.024486
1347.4570000171661	27.069928	158	0	0.057998	0.024486
1349.454999923706	0.409864	154	0	0.049065	0.024486
1351.4590001106262	28.510136	154	0	0.052384	0.024486
1353.460000038147	29.9008	152	0	0.035475	0.024486
1355.4570000171661	23.877496	152	0	0.033824	0.024486
1357.460000038147	29.47684	152	0	0.043086	0.024486
1359.457999944687	29.7654	174	0	0.033429	0.024486
1361.4570000171661	31.52032	162	0	0.041932	0.024486
1363.4560000896454	0.039072	166	0	0.047817	0.024486
1365.460000038147	30.994832	154	0	0.031611	0.024486
1367.4570000171661	16.495104	160	0	0.052967	0.024486
1369.4570000171661	12.246752	155	0	0.034256	0.024486
1371.460000038147	27.863024	152	0	0.038385	0.024486
1373.457999944687	25.287872	152	0	0.059293	0.024486
1375.4619998931885	1.483216	155	0	0.046768	0.024486
1377.460000038147	30.31364	162	0	0.042974	0.024486
1379.4570000171661	28.346688	170	0	0.032436	0.024486
1381.4560000896454	27.997936	170	0	0.047986	0.024486
1383.4570000171661	25.557984	170	0	0.034352	0.024486
1385.4560000896454	28.27884	170	0	0.05522	0.024486
1387.4560000896454	19.196936	170	0	0.044752	0.024486
1389.4570000171661	12.7806	168	0	0.033688	0.024486
1391.4560000896454	0.880176	172	0	0.048938	0.024486
1393.4570000171661	29.650496	176	0	0.032909	0.024486
1395.4570000171661	29.650496	176	0	0.03717	0.024486
1397.457999944687	29.650496	174	0	0.032229	0.024486
1399.4570000171661	29.971344	162	0	0.05269	0.024486
1401.4570000171661	14.116056	157	0	0.049565	0.024486
1403.4639999866486	29.97376	158	0	0.035675	0.024486
1405.4590001106262	28.618216	159	0	0.049529	0.024486
1407.4649999141693	29.372192	158	0	0.03339	0.024533
1409.4590001106262	29.061952	152	0	0.042046	0.024533
1411.457999944687	21.560664	154	0	0.033712	0.024533
1413.4570000171661	28.249832	160	0	0.032803	0.024533
1415.460000038147	26.322232	160	0	0.05327	0.024533
1417.457999944687	12.348144	160	0	0.03389	0.024533
1419.4570000171661	27.02184	158	0	0.031672	0.024533
1421.4560000896454	2.995376	160	0	0.045302	0.024533
1423.4590001106262	26.090664	166	0	0.037393	0.024533
1425.4570000171661	30.575912	166	0	0.05591	0.024533
1427.4570000171661	30.89824	166	0	0.035534	0.024533
1429.457999944687	2.300464	156	0	0.045844	0.024533
1431.4609999656677	31.714936	160	0	0.03217	0.024533
1433.4570000171661	25.152744	156	0	0.044787	0.024533
1435.4560000896454	2.827584	149	0	0.048512	0.024533
1437.457999944687	26.498248	154	0	0.031928	0.024533
1439.4570000171661	31.665456	154	0	0.044229	0.024533
1441.4570000171661	30.281304	154	0	0.032905	0.024533
1443.4619998931885	24.61124	152	0	0.052491	0.024533
1445.4609999656677	26.404192	176	0	0.044283	0.024533
1447.4590001106262	31.757472	168	0	0.043311	0.024533
1449.4590001106262	8.864896	168	0	0.051092	0.024533
1451.4590001106262	28.538336	160	0	0.033051	0.024533
1453.4590001106262	28.080792	158	0	0.046525	0.024533
1455.457999944687	26.454784	162	0	0.032747	0.024533
1457.4590001106262	28.7636	162	0	0.049287	0.024533
1459.460000038147	27.88276	155	0	0.044557	0.024533
1461.4590001106262	25.80588	158	0	0.035573	0.024533
1463.457999944687	28.168424	150	0	0.04118	0.024533
1465.4619998931885	26.453352	166	0	0.034073	0.024533
1467.4570000171661	30.618544	166	0	0.058154	0.024533
1469.457999944687	28.779936	166	0	0.054404	0.024533
1471.457999944687	30.315512	158	0	0.04987	0.024533
1473.467000246048	1.751024	162	0	0.052871	0.024533
1475.457999944687	12.751088	162	0	0.033846	0.024533
1477.4619998931885	2.214824	150	0	0.056418	0.024533
1479.7179999351501	29.583464	150	0	0.036357	0.024533
1481.4629998207092	26.82624	152	0	0.041819	0.024533
1483.4590001106262	29.790488	158	0	0.053802	0.024533
1485.4570000171661	28.95848	158	0	0.034734	0.024533
1487.4560000896454	4.452016	157	0	0.045428	0.024533
1489.4570000171661	30.797304	160	0	0.031903	0.024533
1491.4609999656677	25.502768	160	0	0.039256	0.024533
1493.4609999656677	24.118184	154	0	0.057377	0.024533
1495.4590001106262	16.18048	150	0	0.045453	0.024533
1497.460000038147	1.158336	168	0	0.051145	0.024533
1499.4629998207092	29.159984	150	0	0.03373	0.024533
1501.4590001106262	28.814256	152	0	0.048686	0.024533
1503.4590001106262	24.153832	156	0	0.033735	0.024533
1505.457999944687	32.632952	154	0	0.038497	0.024533
1507.4609999656677	28.34684	150	0	0.049414	0.024533
1509.4609999656677	12.125816	156	0	0.032733	0.024533
1511.460000038147	26.554136	170	0	0.047564	0.024533
1513.4570000171661	19.019504	170	0	0.03432	0.024533
1515.4560000896454	29.554968	160	0	0.054278	0.024533
1517.460000038147	0.192152	168	0	0.043283	0.024533
1519.4590001106262	19.296672	168	0	0.056143	0.024533
1521.4570000171661	3.260968	196	0	0.04431	0.024533
1523.4570000171661	13.112344	168	0	0.035159	0.024533
1525.4619998931885	1.069616	168	0	0.044252	0.024533
1527.4619998931885	12.971224	160	0	0.032232	0.024533
1529.712000131607	10.114256	160	0	0.053306	0.024533
1531.7109999656677	26.495632	160	0	0.062372	0.024533
1533.7090001106262	29.534952	160	0	0.057384	0.024533
1535.710000038147	23.5208	174	0	0.056704	0.024533
1537.7080001831055	30.398304	174	0	0.033449	0.024533
1539.7109999656677	30.82044	172	0	0.048409	0.024533
1541.523000240326	29.789688	152	0	0.036228	0.024533
1543.7080001831055	26.927288	154	0	0.048684	0.024533
1545.7109999656677	30.673776	154	0	0.046531	0.024533
1547.7090001106262	17.156136	154	0	0.03291	0.024533
1549.7070000171661	28.22668	155	0	0.051614	0.024533
1551.7080001831055	27.589872	158	0	0.033177	0.024533
1553.7090001106262	12.633856	166	0	0.05212	0.024533
1555.7080001831055	1.044136	161	0	0.057555	0.024533
1557.7139999866486	31.220792	168	0	0.058615	0.024533
1559.7179999351501	27.082432	166	0	0.050065	0.024538
1561.7090001106262	25.977464	166	0	0.033408	0.024538
1563.7130000591278	28.826848	160	0	0.048592	0.024538
1565.5209999084473	28.98812	160	0	0.033372	0.024538
1567.712000131607	25.356608	156	0	0.049071	0.024538
1569.7090001106262	0.185336	178	0	0.044993	0.024538
1571.710000038147	31.607272	166	0	0.033972	0.024538
1573.7080001831055	26.978888	166	0	0.044504	0.024538
1575.7109999656677	15.468808	170	0	0.033461	0.024538
1577.7080001831055	30.591336	170	0	0.049932	0.024538
1579.7109999656677	1.096416	162	0	0.060809	0.024538
1581.7090001106262	30.223888	168	0	0.051153	0.024538
1583.7090001106262	26.860248	168	0	0.049116	0.024538
1585.7109999656677	26.860248	168	0	0.033138	0.024538
1587.7080001831055	26.860248	168	0	0.031931	0.024538
1589.7090001106262	28.31224	164	0	0.032643	0.024538
1591.710000038147	31.131936	154	0	0.046941	0.024538
1593.7090001106262	29.81964	156	0	0.039637	0.024538
1595.7109999656677	26.943752	154	0	0.034895	0.024538
1597.710000038147	31.506112	152	0	0.036741	0.024538
1599.715000152588	29.827992	158	0	0.033594	0.024538
1601.7090001106262	31.632984	156	0	0.040405	0.024538
1603.7109999656677	26.875392	156	0	0.053417	0.024538
1605.7090001106262	30.141024	156	0	0.052929	0.024538
1607.7139999866486	28.9784	160	0	0.054778	0.024538
1609.710000038147	28.586744	160	0	0.037282	0.024538
1611.7090001106262	30.0	156	0	0.054145	0.024538
1613.7179999351501	27.96736	158	0	0.034621	0.024538
1615.7080001831055	17.342712	158	0	0.051451	0.024538
1617.7109999656677	25.453016	182	0	0.052497	0.024538
1619.7130000591278	29.710648	164	0	0.033926	0.024538
1621.712000131607	30.89644	162	0	0.052459	0.024538
1623.710000038147	30.544656	160	0	0.037483	0.024538
1625.7109999656677	16.328944	154	0	0.048171	0.024538
1627.7130000591278	3.926544	154	0	0.047048	0.024538
1630.0120000839233	22.199016	153	0	0.048016	0.024538
1631.7130000591278	29.029048	152	0	0.033612	0.024538
1633.7109999656677	32.550584	164	0	0.033153	0.024538
1635.710000038147	28.142896	172	0	0.044363	0.024538
1637.7090001106262	13.491912	172	0	0.033673	0.024538
1639.712000131607	31.02288	154	0	0.043974	0.024538
1641.7080001831055	29.398208	154	0	0.050819	0.024538
1643.712000131607	28.681952	152	0	0.032735	0.024538
1645.710000038147	30.824496	152	0	0.047659	0.024538
1647.710000038147	29.27044	158	0	0.03353	0.024538
1649.7080001831055	28.851264	158	0	0.04951	0.024538
1651.710000038147	27.155032	155	0	0.05051	0.024538
1653.710000038147	29.514624	156	0	0.050334	0.024538
1655.715000152588	0.375312	160	0	0.04869	0.024538
1657.7090001106262	29.828816	160	0	0.032391	0.024538
1659.7139999866486	25.909872	160	0	0.056367	0.024538
1661.7160000801086	28.804808	162	0	0.041683	0.024538
1663.7160000801086	27.82256	164	0	0.047937	0.024538
1665.710000038147	28.12216	164	0	0.046195	0.024538
1667.7109999656677	19.210896	164	0	0.0357	0.024538
1669.7080001831055	27.896608	166	0	0.056743	0.024538
1671.7130000591278	12.85408	166	0	0.039909	0.024538
1673.710000038147	20.27944	150	0	0.06457	0.024538
1675.710000038147	25.70636	152	0	0.048493	0.024538
1677.710000038147	31.607352	152	0	0.050996	0.024538
1679.8040001392365	29.20712	150	0	0.056359	0.024538
1681.7109999656677	21.664072	164	0	0.034712	0.024538
1683.712000131607	30.2194	164	0	0.056947	0.024538
1685.7130000591278	13.181216	160	0	0.032847	0.024538
1687.7090001106262	18.037944	160	0	0.048045	0.024538
1689.7139999866486	31.5304	158	0	0.055621	0.024538
1691.7109999656677	30.533048	158	0	0.033162	0.024538
1693.710000038147	22.228176	164	0	0.045896	0.024538
1695.7130000591278	29.660048	164	0	0.034114	0.024538
1697.710000038147	21.223352	158	0	0.052357	0.024538
1699.7090001106262	30.404728	158	0	0.052582	0.024538
1701.710000038147	29.661824	156	0	0.057416	0.024538
1703.715000152588	11.068264	162	0	0.068418	0.024538
1705.7179999351501	26.085616	162	0	0.042196	0.024538
1707.7090001106262	29.70412	162	0	0.044405	0.024538
1709.715000152588	12.918792	170	0	0.033779	0.024538
1711.7109999656677	30.4632	164	0	0.047221	0.024538
1713.7130000591278	9.346312	164	0	0.055647	0.024538
1715.7109999656677	24.846256	160	0	0.032808	0.024538
1717.710000038147	26.254784	174	0	0.036846	0.024538
1719.7109999656677	17.617488	174	0	0.03497	0.024538
1721.7109999656677	27.12368	174	0	0.058754	0.024538
1723.710000038147	12.442736	172	0	0.055371	0.024538
1725.7160000801086	20.401744	158	0	0.051035	0.024538
1727.712000131607	25.752648	158	0	0.041104	0.024538
1729.7130000591278	31.066328	160	0	0.033211	0.024538
1731.7130000591278	28.813528	160	0	0.050179	0.024538
1733.7090001106262	26.604136	156	0	0.032092	0.024538
1735.7109999656677	26.89564	156	0	0.042727	0.024538
1737.710000038147	30.418032	154	0	0.045361	0.024538
1739.726999759674	29.002616	156	0	0.033639	0.024538
1741.7090001106262	24.28596	152	0	0.053643	0.024538
1743.7130000591278	32.666416	156	0	0.033507	0.024538
1745.712000131607	31.520712	160	0	0.043622	0.024538
1747.7109999656677	10.267224	158	0	0.062606	0.024538
1749.7109999656677	30.631872	160	0	0.048164	0.024538
1751.7090001106262	29.44256	162	0	0.050773	0.024538
1753.710000038147	28.93844	162	0	0.033597	0.024538
1755.712000131607	31.0258	162	0	0.042444	0.024538
1757.710000038147	14.07696	156	0	0.034401	0.024538
1759.715000152588	0.744216	154	0	0.044824	0.024538
1761.7139999866486	13.510832	170	0	0.035077	0.024538
1763.710000038147	19.673632	166	0	0.035744	0.024538
1765.7139999866486	29.69104	162	0	0.047819	0.024538
1767.7109999656677	29.645216	162	0	0.034	0.024538
1770.0190000534058	26.155552	162	0	0.050078	0.024538
1771.7130000591278	26.734	162	0	0.045854	0.024538
1773.7109999656677	4.159856	150	0	0.056977	0.024538
1775.710000038147	29.057952	154	0	0.042945	0.02447
1777.712000131607	12.47572	154	0	0.034608	0.02447
1779.9619998931885	27.072776	146	0	0.046719	0.02447
1781.9630000591278	32.050712	154	0	0.039272	0.02447
1783.9619998931885	30.302864	152	0	0.050357	0.02447
1785.9619998931885	26.085864	174	0	0.046924	0.02447
1787.9630000591278	19.778264	158	0	0.031493	0.02447
1789.9649999141693	29.919688	172	0	0.041904	0.02447
1791.9609999656677	12.971488	174	0	0.03383	0.02447
1793.9649999141693	32.350056	170	0	0.050026	0.02447
1795.9619998931885	1.153312	160	0	0.059842	0.02447
1797.9639999866486	29.628832	154	0	0.053061	0.02447
1800.0179998874664	30.73308	182	0	0.049339	0.02447
1801.9619998931885	32.12688	162	0	0.034178	0.02447
1803.9609999656677	29.66304	162	0	0.050925	0.02447
1805.9669997692108	31.152896	154	0	0.036359	0.02447
1807.960000038147	27.07464	160	0	0.045797	0.02447
1809.9609999656677	27.21304	159	0	0.048518	0.02447
1811.9630000591278	16.43784	162	0	0.036949	0.02447
1813.9639999866486	27.941144	162	0	0.055135	0.02447
1815.9639999866486	30.124744	164	0	0.03348	0.02447
1817.9630000591278	29.325168	164	0	0.050049	0.02447
1819.9619998931885	25.8112	160	0	0.055722	0.02447
1821.9609999656677	28.585288	162	0	0.046544	0.02447
1823.9609999656677	19.890744	158	0	0.050342	0.02447
1825.9639999866486	28.881048	160	0	0.036004	0.02447
1827.9669997692108	31.397848	156	0	0.059901	0.02447
1829.9619998931885	32.646024	156	0	0.036338	0.02447
1831.9619998931885	27.504928	160	0	0.054208	0.02447
1833.9619998931885	6.645736	170	0	0.048455	0.02447
1835.9639999866486	27.411576	146	0	0.046728	0.02447
1837.9609999656677	32.33028	152	0	0.044311	0.02447
1839.9630000591278	28.435488	158	0	0.031592	0.02447
1841.9630000591278	29.866576	156	0	0.049594	0.02447
1843.9609999656677	30.821688	166	0	0.052443	0.02447
1845.96599984169	24.91816	166	0	0.049781	0.02447
1847.9619998931885	30.468072	168	0	0.05339	0.02447
1849.9639999866486	28.27724	164	0	0.033653	0.02447
1851.9619998931885	29.244864	164	0	0.054788	0.02447
1853.9609999656677	27.638832	164	0	0.034881	0.02447
1855.9609999656677	30.754824	164	0	0.057322	0.02447
1857.9649999141693	30.468208	162	0	0.052737	0.02447
1859.9619998931885	28.501464	160	0	0.032342	0.02447
1861.9630000591278	28.042936	160	0	0.04909	0.02447
1863.9630000591278	28.65688	150	0	0.033596	0.02447
1865.9649999141693	5.492704	176	0	0.047508	0.02447
1867.9649999141693	6.443184	177	0	0.056522	0.02447
1869.9639999866486	2.223864	168	0	0.058213	0.02447
1871.9639999866486	29.531104	170	0	0.048172	0.02447
1873.9630000591278	12.715096	170	0	0.036054	0.02447
1875.9630000591278	26.356576	160	0	0.040103	0.02447
1877.9609999656677	13.109936	162	0	0.035063	0.02447
1879.9619998931885	31.271752	152	0	0.048756	0.02447
1881.9639999866486	30.813688	154	0	0.051741	0.02447
1883.9639999866486	26.836808	160	0	0.058532	0.02447
1885.9619998931885	28.925448	161	0	0.043231	0.02447
1887.9690001010895	12.723056	162	0	0.035933	0.02447
1890.016000032425	31.557304	168	0	0.048978	0.02447
1891.9630000591278	27.49628	166	0	0.052515	0.02447
1893.9619998931885	3.250352	170	0	0.058498	0.02447
1895.9619998931885	0.03564	168	0	0.055976	0.02447
1897.9639999866486	12.48036	168	0	0.033191	0.02447
1899.9619998931885	0.919752	164	0	0.058249	0.02447
1901.9680001735687	13.190416	166	0	0.03392	0.02447
1903.9669997692108	29.667096	158	0	0.055937	0.02447
1905.9619998931885	28.011752	152	0	0.04875	0.02447
1907.9639999866486	29.521136	164	0	0.037184	0.02447
1909.9639999866486	30.422232	164	0	0.049193	0.02447
1911.9690001010895	31.646512	160	0	0.034654	0.02447
1913.9669997692108	5.887664	157	0	0.050327	0.02447
1915.9669997692108	31.318512	154	0	0.040522	0.02447
1917.9630000591278	29.323528	154	0	0.050635	0.02447
1919.9639999866486	28.864792	154	0	0.047309	0.02447
1921.9619998931885	31.293664	156	0	0.033449	0.02447
1923.9630000591278	29.247192	155	0	0.048753	0.02447
1925.9630000591278	26.751984	158	0	0.03434	0.02447
1927.9619998931885	32.74132	157	0	0.051437	0.02447
1929.9649999141693	23.992064	156	0	0.06295	0.02447
1931.9669997692108	27.274688	156	0	0.035604	0.02447
1933.9639999866486	30.943216	152	0	0.044377	0.02447
1935.9639999866486	27.842072	154	0	0.03321	0.02447
1937.9630000591278	28.894024	152	0	0.046815	0.02447
1939.9619998931885	29.579688	154	0	0.041535	0.02447
1941.9630000591278	29.59876	154	0	0.051642	0.02447
1943.9630000591278	27.13512	154	0	0.055527	0.02447
1945.9639999866486	28.93536	156	0	0.033662	0.02447
1947.9630000591278	25.719104	156	0	0.051013	0.02447
1949.9649999141693	31.435184	158	0	0.03373	0.02447
1951.9649999141693	28.833032	166	0	0.051929	0.02447
1953.96599984169	26.205432	157	0	0.043783	0.02447
1955.9690001010895	30.960216	156	0	0.035095	0.02447
1957.9630000591278	20.58892	160	0	0.080518	0.02447
1959.9630000591278	26.077784	160	0	0.036885	0.02447
1961.9630000591278	26.757664	160	0	0.061246	0.02447
1963.9649999141693	12.658376	157	0	0.052946	0.02447
1965.9649999141693	19.534472	170	0	0.08403	0.02447
1967.9700000286102	1.556792	170	0	0.053061	0.02447
1969.9630000591278	27.997432	170	0	0.034066	0.02447
1971.9649999141693	14.079328	142	0	0.043656	0.02447
1973.9649999141693	22.232848	154	0	0.034087	0.02447
1975.9639999866486	27.649728	148	0	0.038901	0.02447
1977.9619998931885	20.974368	148	0	0.04365	0.02447
1979.9669997692108	26.753584	148	0	0.03136	0.02447
1981.9630000591278	29.232408	156	0	0.043171	0.02447
1983.9649999141693	20.976024	158	0	0.033942	0.02447
1985.9630000591278	25.115192	158	0	0.041626	0.02447
1987.9639999866486	21.420272	154	0	0.050726	0.02447
1989.9630000591278	26.93296	156	0	0.0502	0.02447
1991.9619998931885	17.087576	155	0	0.051298	0.02447
1993.9680001735687	17.714984	158	0	0.033749	0.02447
1995.9630000591278	27.749504	158	0	0.049996	0.02447
1997.9649999141693	30.076128	160	0	0.03728	0.02447
1999.9639999866486	27.04728	154	0	0.048702	0.02447
2001.9639999866486	16.398464	157	0	0.048444	0.02447
2003.96599984169	13.049464	160	0	0.033056	0.02447
2005.9639999866486	30.674632	156	0	0.03856	0.02447
2007.9639999866486	23.979504	156	0	0.03211	0.02447
2009.9630000591278	21.463944	157	0	0.053066	0.02447
2011.96599984169	13.76336	160	0	0.047155	0.02447
2013.9710001945496	20.328432	158	0	0.050339	0.02447
2015.9649999141693	32.211384	152	0	0.044953	0.02447
2017.9669997692108	28.159112	158	0	0.036832	0.02447
2019.9649999141693	32.796424	170	0	0.046598	0.02447
2021.9630000591278	24.154976	172	0	0.033546	0.02447
2023.9639999866486	12.412056	172	0	0.049787	0.02447
2025.9630000591278	29.524488	162	0	0.042651	0.02447
2027.9619998931885	27.64912	158	0	0.03212	0.02447
2029.9639999866486	30.749136	154	0	0.045629	0.024347
2032.2170000076294	31.046648	154	0	0.036365	0.024347
2034.2149999141693	3.190944	164	0	0.048875	0.024347
2036.0250000953674	12.404656	164	0	0.036904	0.024347
2038.2229998111725	26.68808	146	0	0.053683	0.024347
2040.2130000591278	33.369872	152	0	0.044473	0.024347
2042.212000131607	30.486448	160	0	0.035118	0.024347
2044.2130000591278	28.312024	160	0	0.055578	0.024347
2046.2160000801086	13.101112	154	0	0.032459	0.024347
2048.2149999141693	28.940464	146	0	0.042397	0.024347
2050.2160000801086	30.311696	152	0	0.036363	0.024347
2052.2160000801086	19.695112	154	0	0.046982	0.024347
2054.2160000801086	27.267192	154	0	0.040865	0.024347
2056.2149999141693	13.338312	156	0	0.03117	0.024347
2058.2139999866486	32.043888	158	0	0.042371	0.024347
2060.0149998664856	12.987744	166	0	0.034437	0.024347
2062.2160000801086	28.167824	164	0	0.04261	0.024347
2064.213000059128	20.40368	154	0	0.042762	0.024347
2066.2160000801086	29.6428	156	0	0.033316	0.024347
2068.2160000801086	9.425976	156	0	0.049931	0.024347
2070.213000059128	13.651648	156	0	0.031677	0.024347
2072.213000059128	32.68768	152	0	0.038607	0.024347
2074.2139999866486	6.847904	156	0	0.051028	0.024347
2076.2139999866486	31.490624	160	0	0.045868	0.024347
2078.2139999866486	27.065464	160	0	0.053502	0.024347
2080.2149999141693	13.45988	160	0	0.032652	0.024347
2082.2149999141693	29.704384	160	0	0.038578	0.024347
2084.021999835968	30.076072	160	0	0.033231	0.024347
2086.2139999866486	28.519032	160	0	0.051517	0.024347
2088.2139999866486	22.892408	154	0	0.04868	0.024347
2090.2139999866486	28.691072	148	0	0.03055	0.024347
2092.2170000076294	7.540888	166	0	0.044152	0.024347
2094.2139999866486	28.25724	166	0	0.032878	0.024347
2096.213000059128	13.609552	166	0	0.052084	0.024347
2098.2160000801086	7.961344	160	0	0.052714	0.024347
2100.2160000801086	28.766144	154	0	0.046733	0.024347
2102.2160000801086	30.008104	162	0	0.052789	0.024347
2104.2160000801086	15.784464	162	0	0.035359	0.024347
2106.2170000076294	17.678256	157	0	0.051191	0.024347
2108.21799993515	24.380216	160	0	0.032271	0.024347
2110.2160000801086	30.95568	158	0	0.045829	0.024347
2112.213000059128	0.18588	162	0	0.043655	0.024347
2114.213000059128	26.625024	160	0	0.033054	0.024347
2116.2170000076294	9.049648	152	0	0.048174	0.024347
2118.21799993515	29.578896	152	0	0.033404	0.024347
2120.2190001010895	29.285152	156	0	0.051457	0.024347
2122.2190001010895	27.124704	158	0	0.044076	0.024347
2124.2170000076294	19.375544	162	0	0.068106	0.024347
2126.2139999866486	29.97044	164	0	0.05635	0.024347
2128.2149999141693	29.588712	164	0	0.03481	0.024347
2130.2160000801086	19.820728	164	0	0.049712	0.024347
2132.2160000801086	29.330232	154	0	0.033033	0.024347
2134.2149999141693	29.6842	158	0	0.040307	0.024347
2136.2160000801086	31.866128	168	0	0.044697	0.024347
2138.2160000801086	29.911544	176	0	0.034057	0.024347
2140.2160000801086	27.103736	166	0	0.037805	0.024347
2142.2160000801086	12.406808	152	0	0.033982	0.024347
2144.2139999866486	31.247576	154	0	0.039094	0.024347
2146.2149999141693	31.247576	157	0	0.032085	0.024347
2148.2200000286102	18.211336	154	0	0.033915	0.024347
2150.2170000076294	24.74528	154	0	0.050966	0.024347
2152.2139999866486	13.705344	166	0	0.032163	0.024347
2154.2170000076294	24.79292	166	0	0.05943	0.024347
2156.2190001010895	30.369704	162	0	0.034433	0.024347
2158.2139999866486	29.504256	162	0	0.047857	0.024347
2160.21799993515	30.115528	162	0	0.050542	0.024347
2162.2149999141693	31.008456	162	0	0.033027	0.024347
2164.2149999141693	27.576592	154	0	0.048444	0.024347
2166.2139999866486	28.205296	162	0	0.032827	0.024347
2168.2229998111725	28.113568	164	0	0.056879	0.024347
2170.2200000286102	10.91392	150	0	0.053562	0.024347
2172.21799993515	29.144816	160	0	0.049667	0.024347
2174.2149999141693	31.740992	162	0	0.05258	0.024347
2176.2160000801086	27.185016	162	0	0.034149	0.024347
2178.2149999141693	28.518592	158	0	0.048369	0.024347
2180.2170000076294	25.084624	156	0	0.037214	0.024347
2182.21799993515	27.987992	156	0	0.047673	0.024347
2184.21799993515	28.626064	158	0	0.058581	0.024347
2186.2149999141693	14.119536	162	0	0.034181	0.024347
2188.2190001010895	30.905168	168	0	0.045188	0.024347
2190.2149999141693	12.338656	188	0	0.039726	0.024347
2192.2190001010895	3.594392	174	0	0.058836	0.024347
2194.2170000076294	27.214272	168	0	0.048609	0.024347
2196.2190001010895	30.180872	164	0	0.05562	0.024347
2198.2139999866486	19.495632	157	0	0.065994	0.024347
2200.2149999141693	29.628456	160	0	0.031834	0.024347
2202.2249999046326	23.047928	158	0	0.04986	0.024347
2204.2200000286102	19.27148	158	0	0.034847	0.024347
2206.2160000801086	18.277824	169	0	0.048808	0.024347
2208.2149999141693	29.025328	172	0	0.042464	0.024347
2210.2139999866486	27.194864	160	0	0.033967	0.024347
2212.2170000076294	29.201264	158	0	0.048561	0.024347
2214.2139999866486	24.192208	156	0	0.034164	0.024347
2216.2149999141693	27.353024	156	0	0.04275	0.024347
2218.2170000076294	21.488184	158	0	0.037698	0.024347
2220.220999956131	32.185048	164	0	0.051784	0.024347
2222.2170000076294	0.886592	164	0	0.049592	0.024347
2224.2190001010895	27.788944	164	0	0.034594	0.024347
2226.2170000076294	32.017256	154	0	0.044546	0.024347
2228.2149999141693	29.702352	156	0	0.03419	0.024347
2230.2160000801086	26.780216	155	0	0.059855	0.024347
2232.2149999141693	19.72552	155	0	0.047932	0.024347
2234.2160000801086	26.158288	156	0	0.034143	0.024347
2236.2200000286102	22.009744	155	0	0.051558	0.024347
2238.2160000801086	28.544032	164	0	0.035197	0.024347
2240.2170000076294	26.763336	168	0	0.055863	0.024347
2242.220999956131	20.13128	160	0	0.048392	0.024347
2244.220999956131	1.50784	168	0	0.056356	0.024347
2248.052999973297	31.01508	168	0	0.058923	0.024347
2248.2809998989105	27.877088	160	0	0.058654	0.024347
2250.2190001010895	25.56244	166	0	0.045352	0.024347
2252.2200000286102	25.106216	166	0	0.034708	0.024347
2254.2170000076294	30.62036	156	0	0.042939	0.024347
2256.2160000801086	22.078784	152	0	0.038744	0.024347
2258.220999956131	27.0106	156	0	0.033616	0.024347
2260.21799993515	27.029528	160	0	0.050347	0.024347
2262.21799993515	29.652192	166	0	0.037438	0.024347
2264.21799993515	22.985984	4	0	0.061892	0.024347
2266.2160000801086	30.025704	150	0	0.031268	0.024347
2268.220999956131	33.227096	158	0	0.040571	0.024347
2270.276999950409	30.079448	162	0	0.05712	0.024347
2272.2190001010895	31.13956	156	0	0.03773	0.024347
2274.2170000076294	0.78172	162	0	0.061153	0.024347
2276.21799993515	30.22504	158	0	0.033552	0.024347
2278.2160000801086	29.910072	158	0	0.049405	0.024347
2280.470999956131	28.599296	158	0	0.04802	0.024347
2282.467000246048	0.922112	160	0	0.057499	0.024347
2284.46599984169	33.523808	160	0	0.044772	0.024347
2286.4680001735687	33.523808	162	0	0.033242	0.024347
2288.4700000286102	29.446864	162	0	0.051431	0.024347
2290.2750000953674	29.786896	160	0	0.034905	0.024347
2292.4690001010895	29.242112	148	0	0.034597	0.024347
2294.4690001010895	28.158144	158	0	0.054904	0.024347
2296.4649999141693	30.165504	158	0	0.034972	0.024347
2298.470999956131	20.314304	155	0	0.048892	0.024347
2300.4690001010895	25.107568	158	0	0.033273	0.024347
2302.470999956131	29.442712	156	0	0.044523	0.024347
2304.476000070572	26.127504	162	0	0.056981	0.024347
2306.4680001735687	20.248768	158	0	0.073899	0.024347
2308.4700000286102	30.052768	154	0	0.052638	0.024347
2310.4700000286102	26.486392	154	0	0.034826	0.024347
2312.467000246048	28.382192	168	0	0.05722	0.024347
2314.276000022888	14.213512	168	0	0.03451	0.024347
2316.467000246048	25.596	4	0	0.053813	0.024347
2318.4700000286102	28.424824	174	0	0.046941	0.024347
2320.4680001735687	25.23336	174	0	0.037881	0.024347
2322.467000246048	26.496272	164	0	0.052857	0.024347
2324.467000246048	30.910416	160	0	0.032982	0.024347
2326.467000246048	18.81216	160	0	0.051674	0.024347
2328.4720001220703	22.65416	160	0	0.039264	0.024347
2330.4680001735687	30.023088	166	0	0.045177	0.024706
2332.4680001735687	28.611224	166	0	0.049636	0.024706
2334.467000246048	24.493704	166	0	0.035999	0.024706
2336.4700000286102	30.5206	164	0	0.041554	0.024706
2338.2789998054504	18.436632	164	0	0.035188	0.024706
2340.467000246048	27.711984	164	0	0.05239	0.024706
2342.4700000286102	26.103296	154	0	0.057896	0.024706
2344.467000246048	29.229344	160	0	0.033537	0.024706
2346.46599984169	29.616136	160	0	0.05624	0.024706
2348.4690001010895	16.104784	160	0	0.033828	0.024706
2350.46599984169	29.425144	151	0	0.050316	0.024706
2352.4700000286102	10.413352	158	0	0.048682	0.024706
2354.4680001735687	5.220248	170	0	0.051409	0.024706
2356.4700000286102	30.043912	170	0	0.046441	0.024706
2358.4700000286102	27.129584	162	0	0.031801	0.024706
2360.4700000286102	11.516112	160	0	0.05146	0.024706
2362.467000246048	12.479936	154	0	0.035152	0.024481
2364.46599984169	20.102032	159	0	0.0554	0.024481
2366.467000246048	7.407248	162	0	0.048741	0.024481
2368.4680001735687	14.481144	162	0	0.031599	0.024481
2370.4680001735687	32.250672	154	0	0.042768	0.024481
2372.467000246048	25.014496	146	0	0.03272	0.024351
2374.4690001010895	31.210232	150	0	0.04622	0.024351
2376.4680001735687	5.512168	162	0	0.048094	0.024351
2378.4690001010895	1.666248	146	0	0.052222	0.024351
2380.4680001735687	0.328632	150	0	0.05456	0.024351
2382.4690001010895	31.250656	146	0	0.035201	0.024351
2384.467000246048	29.538456	152	0	0.04977	0.024351
2386.4700000286102	27.256792	158	0	0.035251	0.024351
2388.4680001735687	31.133376	164	0	0.056049	0.024351
2390.4779999256134	1.567544	164	0	0.052898	0.024351
2392.467000246048	12.583	164	0	0.036361	0.024351
2394.46599984169	30.812568	162	0	0.039042	0.024351
2396.467000246048	12.568144	166	0	0.036054	0.024351
2398.467000246048	6.377608	166	0	0.049984	0.024351
2400.4680001735687	13.749968	166	0	0.048454	0.024351
2402.4680001735687	15.9654	166	0	0.034646	0.024351
2404.473999977112	29.52388	160	0	0.052451	0.024351
2406.4700000286102	31.072616	160	0	0.035043	0.024351
2408.4690001010895	29.316176	156	0	0.048053	0.024351
2410.4680001735687	14.2186	182	0	0.033764	0.024351
2412.470999956131	4.39796	180	0	0.059122	0.024351
2414.467000246048	25.083288	179	0	0.05236	0.024351
2416.4720001220703	17.072896	168	0	0.033997	0.024351
2418.4700000286102	28.369096	168	0	0.048536	0.024351
2420.473000049591	11.927024	154	0	0.034925	0.024351
2422.476000070572	1.845984	170	0	0.054943	0.024351
2424.476000070572	6.630712	159	0	0.050366	0.024351
2426.4680001735687	28.879784	158	0	0.049602	0.024351
2428.4690001010895	30.863512	160	0	0.038475	0.024351
2430.4700000286102	12.787128	160	0	0.037828	0.024351
2432.4690001010895	30.454232	154	0	0.05152	0.024351
2434.467000246048	22.04868	150	0	0.030995	0.024351
2436.4680001735687	33.921856	170	0	0.036961	0.024351
2438.473000049591	30.510432	172	0	0.040872	0.024351
2440.4700000286102	28.682128	164	0	0.034802	0.024351
2442.4690001010895	1.025816	166	0	0.058516	0.024351
2444.475000143051	25.603472	164	0	0.032733	0.024351
2446.473000049591	4.570616	172	0	0.055052	0.024351
2448.4680001735687	29.693632	178	0	0.062617	0.024351
2450.4700000286102	30.412344	174	0	0.038779	0.024351
2452.4690001010895	7.93516	154	0	0.059388	0.024351
2454.470999956131	28.901728	162	0	0.03746	0.024351
2456.5950000286102	31.739128	162	0	0.040829	0.024351
2458.470999956131	28.053384	168	0	0.038676	0.024351
2460.473999977112	28.29212	168	0	0.052125	0.024351
2462.4720001220703	13.697096	166	0	0.057416	0.024351
2464.4680001735687	31.0788	162	0	0.035	0.024351
2466.470999956131	25.098488	162	0	0.04334	0.024351
2468.473000049591	15.8018	162	0	0.032695	0.024351
2470.4700000286102	1.830472	154	0	0.045333	0.024351
2472.470999956131	29.561576	162	0	0.046912	0.024351
2474.4720001220703	20.5882	157	0	0.056177	0.024351
2476.4700000286102	29.310976	164	0	0.054712	0.024351
2478.4720001220703	31.202136	168	0	0.036479	0.024351
2480.4700000286102	29.542976	168	0	0.052009	0.024351
2482.4680001735687	25.494816	164	0	0.037286	0.024351
2484.4720001220703	26.588384	164	0	0.044247	0.024351
2486.4720001220703	0.310976	176	0	0.058278	0.024351
2488.4700000286102	28.661344	174	0	0.034313	0.024351
2490.476000070572	28.1666	162	0	0.04607	0.024351
2492.4700000286102	27.389056	156	0	0.031536	0.024351
2494.473000049591	7.159112	169	0	0.054015	0.024351
2496.4680001735687	26.557616	170	0	0.049612	0.024351
2498.470999956131	13.230272	170	0	0.035511	0.024351
2500.4680001735687	27.589856	186	0	0.050163	0.024351
2502.4690001010895	29.144664	162	0	0.03592	0.024351
2504.4720001220703	30.15744	162	0	0.051355	0.024351
2506.4720001220703	28.379736	164	0	0.035	0.024351
2508.470999956131	25.134608	164	0	0.043727	0.024351
2510.473000049591	10.979312	157	0	0.049076	0.024351
2512.4680001735687	29.120008	164	0	0.035695	0.024351
2514.4690001010895	29.814928	164	0	0.045924	0.024351
2516.470999956131	31.436056	160	0	0.032869	0.024351
2518.4680001735687	30.887704	160	0	0.04432	0.024351
2520.4690001010895	30.45076	158	0	0.036582	0.024351
2522.4700000286102	15.20052	158	0	0.032918	0.024351
2524.4690001010895	21.498688	158	0	0.054033	0.024351
2526.4700000286102	29.546936	158	0	0.036497	0.024351
2528.4690001010895	30.768248	156	0	0.043784	0.024351
2530.7200000286102	27.488952	156	0	0.03357	0.024351
2532.718999862671	30.850856	148	0	0.048752	0.024351
2534.720999956131	30.800696	150	0	0.049788	0.024351
2536.718999862671	27.914656	156	0	0.032298	0.024351
2538.7219998836517	29.239808	154	0	0.043392	0.024351
2540.7200000286102	22.470456	154	0	0.033412	0.024351
2542.718999862671	8.62972	166	0	0.078138	0.024351
2544.7200000286102	31.147928	168	0	0.047988	0.024351
2546.718999862671	15.981064	166	0	0.051845	0.024351
2548.718999862671	28.015696	162	0	0.053856	0.024351
2550.71799993515	31.081696	164	0	0.03289	0.024351
2552.723000049591	4.346488	165	0	0.048598	0.024351
2554.720999956131	29.41052	168	0	0.035201	0.024351
2556.723000049591	27.136712	160	0	0.047246	0.024351
2558.718999862671	19.024472	163	0	0.051301	0.024351
2560.718999862671	12.601016	166	0	0.035674	0.024351
2562.723000049591	23.377872	159	0	0.050612	0.024351
2564.718999862671	20.24848	166	0	0.034922	0.024351
2566.718999862671	27.621216	160	0	0.045201	0.024351
2568.723000049591	29.29648	158	0	0.039871	0.024351
2570.723999977112	30.735712	150	0	0.053902	0.024351
2572.7219998836517	35.305312	162	0	0.041976	0.024351
2574.718999862671	29.07548	162	0	0.034566	0.024351
2576.720999956131	31.54088	156	0	0.046058	0.024351
2578.7200000286102	24.82492	164	0	0.032653	0.024351
2580.723999977112	25.590208	160	0	0.051287	0.024351
2582.7219998836517	29.126176	156	0	0.050748	0.024351
2584.7219998836517	20.382208	154	0	0.03424	0.024351
2586.718999862671	10.364424	153	0	0.047358	0.024351
2588.720999956131	30.417288	156	0	0.033022	0.024351
2590.7200000286102	31.346736	165	0	0.050114	0.024351
2592.720999956131	28.01276	170	0	0.053705	0.024351
2594.720999956131	31.703088	170	0	0.053255	0.024351
2596.720999956131	20.753208	161	0	0.052689	0.024351
2598.718999862671	26.144936	164	0	0.036334	0.024351
2600.723000049591	15.322656	162	0	0.051197	0.024351
2602.7200000286102	25.944024	163	0	0.038078	0.024351
2604.7200000286102	16.552368	158	0	0.051558	0.024351
2606.7219998836517	28.499968	161	0	0.032813	0.024351
2608.723999977112	30.633456	174	0	0.035643	0.024351
2610.720999956131	11.761232	174	0	0.051484	0.024351
2612.720999956131	31.709368	174	0	0.037251	0.024351
2614.7200000286102	26.931056	160	0	0.054601	0.024351
2616.7200000286102	27.451848	166	0	0.058327	0.024351
2618.720999956131	0.231304	152	0	0.047451	0.024351
2620.720999956131	19.993312	158	0	0.051766	0.024351
2622.7219998836517	28.593808	158	0	0.035926	0.024351
2624.7219998836517	31.236056	164	0	0.054725	0.024351
2626.720999956131	15.023504	164	0	0.03817	0.024351
2628.7200000286102	29.792456	166	0	0.044916	0.024351
2630.720999956131	8.239592	188	0	0.049663	0.024351
2632.7219998836517	12.300688	174	0	0.03324	0.024351
2634.720999956131	19.870608	172	0	0.050761	0.024351
2636.723999977112	28.32144	166	0	0.032411	0.024351
2638.720999956131	0.614816	162	0	0.058522	0.024351
2640.723000049591	23.892136	156	0	0.06757	0.024351
2642.7259998321533	29.860744	158	0	0.056673	0.024351
2644.7219998836517	28.437448	166	0	0.057166	0.024351
2646.7200000286102	27.658584	152	0	0.035655	0.024351
2648.7200000286102	30.32736	162	0	0.050845	0.024351
2650.723999977112	18.526816	162	0	0.034317	0.024351
2652.720999956131	26.931	164	0	0.047843	0.024351
2654.7200000286102	28.369248	162	0	0.058952	0.024351
2656.720999956131	27.545328	168	0	0.038054	0.024351
2658.7219998836517	34.751016	168	0	0.047873	0.024351
2660.728000164032	14.07596	168	0	0.033529	0.024351
2662.7200000286102	29.953432	160	0	0.04554	0.024351
2664.723000049591	26.14016	154	0	0.035773	0.024351
2666.720999956131	31.084768	152	0	0.049672	0.024351
2668.720999956131	28.619336	160	0	0.051513	0.024351
2670.7219998836517	31.680408	158	0	0.037503	0.024351
2672.7259998321533	31.33904	154	0	0.052468	0.024517
2674.728000164032	28.563712	162	0	0.034449	0.024517
2676.723000049591	2.254696	162	0	0.057699	0.024517
2678.7259998321533	13.061504	170	0	0.059186	0.024517
2680.718999862671	30.104776	174	0	0.035612	0.024517
2682.7200000286102	28.762528	174	0	0.054993	0.024517
2684.723000049591	29.602568	156	0	0.033181	0.024517
2686.720999956131	29.186448	160	0	0.053259	0.024517
2688.7200000286102	30.121928	158	0	0.047312	0.024517
2690.723000049591	2.089064	155	0	0.053285	0.024517
2692.7219998836517	32.296072	154	0	0.047288	0.024517
2694.7330000400543	26.979912	154	0	0.032009	0.024517
2696.7219998836517	30.698856	162	0	0.051083	0.024517
2698.720999956131	30.457392	176	0	0.034928	0.024517
2700.720999956131	29.18092	168	0	0.049654	0.024517
2702.7200000286102	27.933888	158	0	0.050385	0.024517
2704.7200000286102	28.713928	158	0	0.034926	0.024517
2706.723000049591	30.165392	166	0	0.057549	0.024517
2708.723000049591	27.498656	166	0	0.034338	0.024517
2710.720999956131	26.084216	158	0	0.0477	0.024517
2712.7219998836517	29.168376	156	0	0.053618	0.024517
2714.7219998836517	26.807096	172	0	0.054022	0.024517
2716.723999977112	27.863104	156	0	0.059133	0.024517
2718.723000049591	31.603088	156	0	0.032946	0.024517
2720.720999956131	30.634352	156	0	0.048117	0.024517
2722.720999956131	21.006792	162	0	0.034251	0.024517
2724.720999956131	28.41248	159	0	0.052881	0.024517
2726.7219998836517	18.905792	154	0	0.048569	0.024517
2728.723999977112	12.295928	154	0	0.035461	0.024517
2730.720999956131	27.445	148	0	0.030488	0.024517
2732.733999967575	28.843864	148	0	0.031859	0.024517
2734.720999956131	27.249104	154	0	0.044826	0.024517
2736.7219998836517	15.048512	156	0	0.049805	0.024517
2738.7219998836517	23.588984	156	0	0.035766	0.024517
2740.728000164032	23.801528	156	0	0.049473	0.024517
2742.7249999046326	26.510008	160	0	0.034047	0.024517
2744.723000049591	25.087624	180	0	0.056348	0.024517
2746.7259998321533	27.141312	184	0	0.036486	0.024517
2748.723000049591	1.724264	170	0	0.058301	0.024517
2750.7200000286102	26.461544	156	0	0.045074	0.024517
2752.726999759674	24.522632	156	0	0.03556	0.024517
2754.7200000286102	15.282776	156	0	0.056555	0.024517
2756.723000049591	29.126592	158	0	0.033023	0.024517
2758.720999956131	9.919736	158	0	0.049749	0.024517
2760.7249999046326	8.217568	160	0	0.050264	0.024517
2762.723999977112	3.716504	164	0	0.059368	0.024517
2764.720999956131	8.953784	170	0	0.057349	0.024517
2766.7219998836517	29.050264	168	0	0.035483	0.024517
2768.7219998836517	28.501112	166	0	0.056011	0.024517
2770.7219998836517	28.146192	158	0	0.035783	0.024517
2772.7200000286102	26.0944	156	0	0.044503	0.024517
2774.7219998836517	31.187952	158	0	0.054971	0.024517
2776.7219998836517	1.807576	158	0	0.055284	0.024517
2778.7219998836517	30.068584	160	0	0.054142	0.024517
2780.9720001220703	26.40268	146	0	0.031928	0.024517
2782.9710001945496	35.015736	160	0	0.053745	0.024517
2784.774999856949	23.906912	160	0	0.036575	0.024517
2786.9710001945496	28.407968	156	0	0.055463	0.024517
2788.9700000286102	28.795744	158	0	0.052105	0.024517
2790.9710001945496	31.059512	156	0	0.033479	0.024517
2792.973000049591	31.059512	156	0	0.031315	0.024517
2794.981999874115	21.443832	154	0	0.037065	0.024517
2796.9769999980927	2.855544	160	0	0.057537	0.024517
2798.9720001220703	28.744872	164	0	0.048875	0.024517
2800.973000049591	13.787376	4	0	0.054286	0.024517
2802.9710001945496	2.748552	164	0	0.059054	0.024517
2804.973999977112	27.658	162	0	0.033029	0.024517
2806.973000049591	27.356752	154	0	0.053049	0.024517
2808.7850000858307	22.34388	162	0	0.035072	0.024517
2810.9720001220703	30.677816	159	0	0.051352	0.024517
2812.973000049591	23.729736	158	0	0.058805	0.024517
2814.973000049591	28.16472	156	0	0.03384	0.024517
2816.973000049591	5.559784	165	0	0.043687	0.024517
2818.9720001220703	29.590848	168	0	0.034273	0.024517
2820.973999977112	0.033904	166	0	0.056546	0.024517
2822.973999977112	29.223992	164	0	0.053451	0.024517
2824.9749999046326	0.772616	162	0	0.045742	0.024517
2826.9769999980927	31.537224	170	0	0.043832	0.024517
2828.973999977112	30.077448	176	0	0.03445	0.024517
2830.973999977112	16.98168	176	0	0.076694	0.024517
2832.7779998779297	27.055152	160	0	0.034711	0.024517
2834.973000049591	32.454704	154	0	0.045446	0.024517
2836.9720001220703	21.078576	156	0	0.047121	0.024517
2838.9710001945496	24.526704	158	0	0.031994	0.024517
2840.973999977112	29.390392	158	0	0.048549	0.024517
2842.9749999046326	30.155416	158	0	0.033168	0.024517
2844.973000049591	26.845488	156	0	0.03582	0.024517
2846.976000070572	16.260392	158	0	0.049366	0.024517
2848.973999977112	20.146504	158	0	0.048501	0.024517
2850.973000049591	24.329152	160	0	0.040462	0.024517
2852.973999977112	30.971088	160	0	0.033571	0.024517
2854.973999977112	29.749384	160	0	0.053569	0.024517
2856.9720001220703	28.224808	160	0	0.034856	0.024517
2858.976000070572	22.306944	155	0	0.048877	0.024517
2860.9800000190735	31.74524	156	0	0.047782	0.024517
2862.9749999046326	25.365096	162	0	0.034589	0.024517
2864.9779999256134	25.277792	170	0	0.054868	0.024517
2866.973999977112	28.80684	170	0	0.031014	0.024517
2868.973999977112	27.06008	173	0	0.056393	0.024616
2870.9720001220703	28.094512	162	0	0.052263	0.024616
2872.9720001220703	7.100456	159	0	0.042534	0.024616
2874.973000049591	29.095072	159	0	0.044465	0.024616
2876.973000049591	29.095072	172	0	0.033318	0.024616
2878.973000049591	29.095072	172	0	0.035524	0.024616
2880.973999977112	29.095072	172	0	0.03941	0.024763
2882.973000049591	29.889864	172	0	0.043658	0.024763
2884.973000049591	22.638448	186	0	0.045722	0.024763
2886.9809999465942	23.178104	166	0	0.033819	0.024763
2888.9720001220703	25.786192	164	0	0.04115	0.024763
2890.973000049591	26.908008	162	0	0.034263	0.024763
2892.9749999046326	14.572512	150	0	0.074311	0.024763
2894.976000070572	28.799008	152	0	0.057526	0.024763
2896.976000070572	1.88148	164	0	0.047324	0.024763
2898.976000070572	30.434136	164	0	0.053666	0.024763
2900.9769999980927	27.816144	164	0	0.035354	0.024763
2902.9749999046326	21.24776	206	0	0.079797	0.024763
2904.973999977112	22.012744	172	0	0.036053	0.024763
2906.9749999046326	26.136808	166	0	0.044507	0.024763
2908.9749999046326	28.10648	166	0	0.048624	0.024763
2910.9749999046326	29.373896	160	0	0.035752	0.024763
2912.976000070572	19.802056	156	0	0.053554	0.024763
2914.973999977112	13.146416	162	0	0.03451	0.024763
2916.973999977112	32.144848	166	0	0.051818	0.024763
2918.973000049591	32.144848	166	0	0.033405	0.024763
2920.976000070572	32.144848	162	0	0.032802	0.024763
2922.9769999980927	15.969512	158	0	0.049748	0.024763
2924.973999977112	28.133272	156	0	0.032795	0.024763
2926.9749999046326	30.781296	152	0	0.049205	0.024763
2928.9790000915527	16.145904	156	0	0.035338	0.024763
2930.973000049591	31.647336	166	0	0.039634	0.024763
2932.9749999046326	0.267328	164	0	0.044467	0.024763
2934.9749999046326	32.380112	174	0	0.038612	0.024763
2936.973000049591	29.116208	176	0	0.056988	0.024763
2938.973000049591	12.644672	164	0	0.03494	0.024763
2940.976000070572	27.309568	160	0	0.040332	0.024763
2942.9749999046326	31.240464	158	0	0.051842	0.024763
2944.973999977112	31.428624	162	0	0.05104	0.024763
2946.9779999256134	31.77196	164	0	0.053358	0.024763
2948.9769999980927	28.17912	172	0	0.033923	0.024763
2950.976000070572	28.17912	172	0	0.03211	0.024763
2952.973999977112	29.654928	164	0	0.03561	0.024763
2954.9769999980927	28.6676	166	0	0.049561	0.024763
2956.973999977112	2.350256	166	0	0.044279	0.024763
2958.973999977112	31.2054	164	0	0.034008	0.024763
2960.9790000915527	29.78476	166	0	0.044219	0.024763
2962.976000070572	32.819744	166	0	0.0348	0.024763
2964.976000070572	22.575368	166	0	0.062415	0.024763
2966.976000070572	29.5978	166	0	0.038271	0.024763
2968.973999977112	22.124032	166	0	0.039746	0.024763
2970.976000070572	26.093264	136	0	0.04058	0.024763
2972.976000070572	33.031512	160	0	0.032366	0.024763
2974.973000049591	16.975408	156	0	0.050364	0.024763
2976.973999977112	27.764472	160	0	0.037163	0.024763
2978.973999977112	28.170256	156	0	0.039179	0.024763
2980.976000070572	25.600736	154	0	0.05459	0.024763
2982.973999977112	18.253728	148	0	0.035932	0.024533
2984.9769999980927	31.095008	148	0	0.03991	0.024533
2986.9769999980927	23.081112	149	0	0.032695	0.024533
2988.9769999980927	32.845744	148	0	0.042512	0.024533
2990.973999977112	29.2956	154	0	0.052912	0.024533
2992.973999977112	29.852024	4	0	0.058331	0.024533
2994.976000070572	27.984024	170	0	0.04361	0.024533
2996.976000070572	11.937192	164	0	0.034221	0.024533
2998.973999977112	12.313456	164	0	0.044547	0.024533
3000.976000070572	12.748264	164	0	0.034474	0.024533
3002.9749999046326	28.564728	154	0	0.041016	0.024533
3004.9749999046326	30.974664	154	0	0.032906	0.024533
3006.976000070572	30.974664	156	0	0.030245	0.024533
3008.973000049591	24.362256	147	0	0.035909	0.024533
3010.9779999256134	25.788352	148	0	0.030559	0.024533
3012.9749999046326	2.395024	152	0	0.045359	0.024533
3014.9779999256134	17.966888	154	0	0.046224	0.024533
3016.9800000190735	30.369088	156	0	0.050149	0.024533
3018.976000070572	30.703944	160	0	0.042227	0.024533
3020.9749999046326	29.232344	158	0	0.031709	0.024533
3022.9749999046326	29.232344	162	0	0.031658	0.024533
3024.973000049591	29.232344	162	0	0.030601	0.024533
3026.9749999046326	27.081896	154	0	0.042571	0.024533
3028.9769999980927	29.644112	154	0	0.055068	0.024533
3031.2249999046326	28.77868	164	0	0.033138	0.024533
3033.228000164032	26.030928	162	0	0.039403	0.024533
3035.2259998321533	18.393312	158	0	0.032591	0.024533
3037.2249999046326	22.936224	158	0	0.057916	0.024533
3039.223999977112	11.732792	154	0	0.046979	0.024533
3041.223999977112	25.767232	150	0	0.054577	0.024533
3043.2270002365112	29.689368	152	0	0.045829	0.024533
3045.2259998321533	27.704888	162	0	0.032716	0.024533
3047.228000164032	31.019352	162	0	0.049599	0.024533
3049.2290000915527	29.690104	154	0	0.032011	0.024533
3051.2259998321533	31.132824	156	0	0.04767	0.024533
3053.233999967575	28.89948	156	0	0.051884	0.024533
3055.2259998321533	0.313624	4	0	0.03899	0.024533
3057.2249999046326	27.391904	158	0	0.044695	0.024533
3059.2309999465942	11.777704	166	0	0.034876	0.024533
3061.228000164032	5.943512	166	0	0.047503	0.024533
3063.228000164032	24.14556	158	0	0.050791	0.024533
3065.2249999046326	6.569912	160	0	0.044752	0.024533
3067.228000164032	32.261048	160	0	0.044232	0.024533
3069.2249999046326	12.645912	162	0	0.037119	0.024533
3071.228000164032	28.396928	162	0	0.049213	0.024533
3073.2300000190735	30.310616	158	0	0.031606	0.024533
3075.2259998321533	28.243512	156	0	0.047914	0.024533
3077.2270002365112	29.23688	152	0	0.040595	0.024533
3079.2259998321533	4.06176	152	0	0.056702	0.024533
3081.2270002365112	31.174176	162	0	0.049186	0.024533
3083.228000164032	29.162008	162	0	0.032129	0.024533
3085.2300000190735	19.590088	152	0	0.053139	0.024533
3087.2259998321533	27.114032	152	0	0.03894	0.024533
3089.2259998321533	30.043528	164	0	0.042839	0.024533
3091.2259998321533	29.562664	164	0	0.051375	0.024533
3093.2249999046326	30.145176	164	0	0.03348	0.024533
3095.2270002365112	25.710472	158	0	0.051333	0.024533
3097.2309999465942	12.932536	158	0	0.033858	0.024533
3099.223999977112	30.697112	156	0	0.042637	0.024533
3101.2270002365112	20.84804	154	0	0.049128	0.024533
3103.2270002365112	26.499368	164	0	0.034072	0.024533
3105.2290000915527	27.738792	162	0	0.049445	0.024494
3107.2309999465942	12.895112	154	0	0.031833	0.024494
3109.228000164032	26.815112	148	0	0.045735	0.024494
3111.2249999046326	19.754536	150	0	0.045102	0.024494
3113.2300000190735	15.936488	154	0	0.05431	0.024494
3115.2309999465942	7.03776	154	0	0.056734	0.024494
3117.2300000190735	11.276896	158	0	0.037116	0.024494
3119.2330000400543	29.365008	154	0	0.043487	0.024494
3121.2270002365112	26.377888	164	0	0.034118	0.024494
3123.228000164032	24.443504	170	0	0.044277	0.024494
3125.2270002365112	26.808032	174	0	0.057579	0.024494
3127.2259998321533	22.706064	170	0	0.034774	0.024494
3129.228000164032	26.563144	160	0	0.048624	0.024494
3131.2300000190735	12.077408	166	0	0.039068	0.024494
3133.2290000915527	4.767168	166	0	0.052985	0.024494
3135.228000164032	6.615064	160	0	0.051196	0.024494
3137.2309999465942	25.765184	158	0	0.047192	0.024494
3139.2270002365112	19.932104	160	0	0.045126	0.024494
3141.2270002365112	11.317824	158	0	0.035421	0.024494
3143.2270002365112	31.310736	158	0	0.05245	0.024494
3145.228000164032	12.73204	158	0	0.035298	0.024494
3147.228000164032	14.837792	156	0	0.053982	0.024494
3149.2270002365112	26.974024	154	0	0.050823	0.024494
3151.2300000190735	24.930624	154	0	0.032316	0.024494
3153.2300000190735	25.572288	172	0	0.051004	0.024494
3155.2270002365112	12.773656	162	0	0.033987	0.024494
3157.2290000915527	35.9538	165	0	0.045605	0.024494
3159.2270002365112	7.922384	168	0	0.049644	0.024494
3161.2270002365112	22.19344	170	0	0.058597	0.024494
3163.2270002365112	1.26152	170	0	0.052084	0.024494
3165.2270002365112	13.10164	174	0	0.034246	0.024494
3167.228000164032	21.403576	174	0	0.055734	0.024494
3169.2259998321533	28.993288	174	0	0.035147	0.024494
3171.2249999046326	28.517536	172	0	0.05499	0.024494
3173.2249999046326	27.383064	172	0	0.049664	0.024494
3175.228000164032	22.448184	172	0	0.036859	0.024494
3177.2259998321533	18.404048	166	0	0.035081	0.024494
3179.2249999046326	28.709816	164	0	0.032621	0.024494
3181.2290000915527	25.96276	164	0	0.05284	0.024494
3183.2270002365112	31.538032	162	0	0.050167	0.024494
3185.2300000190735	25.627832	150	0	0.052717	0.024494
3187.228000164032	29.802448	160	0	0.034906	0.024494
3189.2270002365112	25.945944	166	0	0.034591	0.024494
3191.2270002365112	13.435576	166	0	0.051676	0.024494
3193.2270002365112	25.607184	166	0	0.034566	0.024494
3195.2259998321533	28.70404	154	0	0.049205	0.024494
3197.2259998321533	12.865568	166	0	0.051389	0.024494
3199.228000164032	8.086016	160	0	0.049546	0.024494
3201.2300000190735	28.81676	160	0	0.04624	0.024494
3203.2270002365112	11.075704	160	0	0.038263	0.024494
3205.2259998321533	27.988368	154	0	0.059346	0.024494
3207.2300000190735	32.625696	152	0	0.043309	0.024494
3209.2259998321533	20.53592	154	0	0.056611	0.024494
3211.2270002365112	19.995768	181	0	0.052283	0.024494
3213.2259998321533	13.2826	168	0	0.033783	0.024494
3215.2249999046326	8.279832	164	0	0.051087	0.024494
3217.2309999465942	23.865008	170	0	0.032695	0.024494
3219.228000164032	24.539408	169	0	0.054343	0.024494
3221.2300000190735	20.113568	170	0	0.052036	0.024494
3223.2259998321533	13.999584	168	0	0.033562	0.024494
3225.2320001125336	11.892392	158	0	0.046925	0.024494
3227.2270002365112	13.210408	158	0	0.032006	0.024494
3229.2309999465942	28.2178	170	0	0.057543	0.024494
3231.2330000400543	30.707248	170	0	0.058039	0.024494
3233.2419998645782	1.822504	170	0	0.049547	0.024494
3235.2330000400543	1.642728	170	0	0.072664	0.024494
3237.2259998321533	23.238	158	0	0.031889	0.024494
3239.228000164032	8.391728	162	0	0.051999	0.024494
3241.2259998321533	12.778992	166	0	0.035349	0.024494
3243.2249999046326	24.64572	158	0	0.040615	0.024494
3245.2309999465942	30.759288	158	0	0.044496	0.024494
3247.2290000915527	12.82448	158	0	0.036995	0.024494
3249.2270002365112	26.417656	156	0	0.046389	0.024494
3251.2270002365112	13.581392	156	0	0.031863	0.024494
3253.2290000915527	14.30788	155	0	0.032872	0.024494
3255.228000164032	28.342344	168	0	0.061571	0.024494
3257.228000164032	31.911936	168	0	0.050662	0.024494
3259.228000164032	15.905576	210	0	0.042775	0.024494
3261.2290000915527	12.551528	174	0	0.038082	0.024494
3263.2259998321533	27.450328	164	0	0.046742	0.024494
3265.2309999465942	26.099944	174	0	0.034706	0.024494
3267.2290000915527	25.851744	174	0	0.052827	0.024494
3269.228000164032	24.823872	176	0	0.059013	0.024494
3271.2300000190735	27.897352	176	0	0.049002	0.024494
3273.2249999046326	28.331208	162	0	0.060381	0.024494
3275.2330000400543	28.1836	182	0	0.037904	0.024494
3277.2300000190735	28.91604	180	0	0.049493	0.024494
3279.2290000915527	26.751704	178	0	0.052972	0.024494
3281.478999853134	29.505824	168	0	0.053307	0.024494
3283.2350001335144	30.021904	170	0	0.043561	0.024494
3285.4779999256134	25.462848	170	0	0.035087	0.024494
3287.484999895096	25.932024	168	0	0.05005	0.024494
3289.4800000190735	26.800008	168	0	0.036594	0.024494
3291.4769999980927	25.74672	170	0	0.044934	0.024494
3293.4779999256134	21.235416	158	0	0.054387	0.024494
3295.478999853134	26.908592	156	0	0.053036	0.024494
3297.4769999980927	5.669376	160	0	0.045278	0.024494
3299.478999853134	12.698656	158	0	0.037456	0.024494
3301.4779999256134	30.766976	162	0	0.053495	0.024494
3303.2850000858307	28.64932	166	0	0.032306	0.024494
3305.4830000400543	23.644256	166	0	0.05786	0.024494
3307.4769999980927	28.960344	166	0	0.05088	0.024494
3309.4769999980927	31.750384	166	0	0.031537	0.024494
3311.481999874115	26.7666	158	0	0.038167	0.024494
3313.4779999256134	26.754136	174	0	0.034194	0.024494
3315.476000070572	26.753536	168	0	0.053011	0.024439
3317.4800000190735	28.512856	164	0	0.052282	0.024439
3319.478999853134	28.850096	152	0	0.048236	0.024439
3321.478999853134	4.406832	152	0	0.057387	0.024439
3323.4800000190735	14.241088	150	0	0.035964	0.024439
3325.4800000190735	30.826352	152	0	0.04273	0.024356
3327.2789998054504	24.739064	152	0	0.031097	0.024356
3329.478999853134	17.271336	154	0	0.054482	0.024356
3331.4800000190735	16.55944	166	0	0.052953	0.024356
3333.4830000400543	12.227568	166	0	0.037772	0.024356
3335.478999853134	29.936456	152	0	0.031812	0.023973
3337.478999853134	28.210264	154	0	0.031996	0.023973
3339.481999874115	26.28328	154	0	0.044087	0.023973
3341.4769999980927	24.373848	150	0	0.052246	0.023973
3343.481999874115	29.856736	150	0	0.04011	0.023973
3345.478999853134	28.471776	150	0	0.047422	0.023973
3347.4779999256134	30.459136	164	0	0.034643	0.023973
3349.481999874115	29.144312	164	0	0.0529	0.023973
3351.4800000190735	30.677	150	0	0.033802	0.023973
3353.4800000190735	15.814504	150	0	0.055179	0.023973
3355.4809999465942	28.320664	152	0	0.043652	0.023973
3357.489000082016	29.550312	170	0	0.03165	0.023973
3359.4779999256134	28.635632	170	0	0.048332	0.023973
3361.4809999465942	28.270512	164	0	0.031988	0.023973
3363.4779999256134	32.349336	158	0	0.048442	0.023973
3365.4800000190735	27.405776	154	0	0.035314	0.023973
3367.478999853134	5.91436	156	0	0.04925	0.023973
3369.484999895096	10.771096	156	0	0.053243	0.023973
3371.4809999465942	22.02616	154	0	0.033833	0.023973
3373.478999853134	23.8706	164	0	0.050121	0.023973
3375.478999853134	12.988272	148	0	0.031239	0.023973
3377.4779999256134	34.239448	152	0	0.043734	0.023973
3379.478999853134	29.519576	152	0	0.047771	0.023973
3381.481999874115	30.730152	160	0	0.031228	0.023973
3383.4809999465942	28.760936	160	0	0.056941	0.023973
3385.4800000190735	28.175128	176	0	0.035187	0.023973
3387.4809999465942	2.9762	170	0	0.049298	0.023973
3389.4800000190735	20.793488	161	0	0.046085	0.023973
3391.478999853134	28.82552	154	0	0.040201	0.023973
3393.4800000190735	28.816152	154	0	0.048319	0.023973
3395.4809999465942	27.052552	166	0	0.033373	0.023973
3397.4769999980927	26.423184	166	0	0.044339	0.023973
3399.478999853134	28.04136	166	0	0.038633	0.023973
3401.481999874115	29.182624	180	0	0.046963	0.023973
3403.4809999465942	27.6352	176	0	0.055229	0.023973
3405.478999853134	24.737848	150	0	0.031896	0.023973
3407.4779999256134	28.958464	152	0	0.043122	0.023973
3409.4779999256134	23.027152	154	0	0.031354	0.023973
3411.478999853134	22.533328	154	0	0.043845	0.023973
3413.4809999465942	0.518992	154	0	0.044119	0.023973
3415.4779999256134	19.620824	150	0	0.049245	0.023973
3417.4830000400543	13.671584	150	0	0.045937	0.023973
3419.813999891281	12.973768	152	0	0.032096	0.023973
3421.4809999465942	32.981672	156	0	0.044891	0.023973
3423.4809999465942	31.952808	152	0	0.031283	0.023973
3425.4809999465942	5.667648	144	0	0.049153	0.023932
3427.4800000190735	3.455416	148	0	0.052283	0.023932
3429.4779999256134	27.397776	148	0	0.030603	0.023932
3431.4800000190735	23.500176	148	0	0.040001	0.023932
3433.478999853134	26.3022	160	0	0.034429	0.023932
3435.4800000190735	6.020472	152	0	0.044339	0.023932
3437.4800000190735	26.186376	162	0	0.055416	0.023932
3439.481999874115	3.850544	162	0	0.05443	0.023932
3441.478999853134	2.856888	158	0	0.062126	0.023932
3443.4779999256134	28.099432	158	0	0.035577	0.023932
3445.4800000190735	24.027496	152	0	0.032724	0.023932
3447.481999874115	17.001128	160	0	0.032078	0.023932
3449.4779999256134	17.144584	160	0	0.052618	0.023932
3451.484999895096	20.693624	158	0	0.05159	0.023932
3453.481999874115	12.537464	156	0	0.032289	0.023932
3455.481999874115	4.919448	152	0	0.04586	0.023932
3457.484999895096	25.23756	160	0	0.031696	0.023932
3459.4800000190735	27.415536	160	0	0.046398	0.023932
3461.4800000190735	30.085192	160	0	0.0508	0.023932
3463.4809999465942	30.526552	158	0	0.049065	0.023932
3465.4779999256134	30.44444	206	0	0.0552	0.023932
3467.483999967575	27.194672	172	0	0.033369	0.023932
3469.478999853134	27.938776	172	0	0.044535	0.023932
3471.483999967575	26.762168	170	0	0.034319	0.023932
3473.4800000190735	28.360776	154	0	0.045521	0.023932
3475.4769999980927	16.814696	158	0	0.037522	0.023932
3477.478999853134	23.335608	154	0	0.030658	0.023932
3479.4779999256134	28.701528	154	0	0.04175	0.023932
3481.4779999256134	18.454344	174	0	0.032486	0.023932
3483.4830000400543	24.149288	174	0	0.038464	0.023932
3485.4830000400543	12.697984	168	0	0.057131	0.023932
3487.481999874115	26.332016	168	0	0.043351	0.023932
3489.481999874115	0.204032	174	0	0.054357	0.023932
3491.4809999465942	13.649208	166	0	0.032218	0.023932
3493.4809999465942	1.585936	164	0	0.053654	0.023932
3495.481999874115	29.621832	166	0	0.032078	0.023932
3497.481999874115	27.223392	166	0	0.047178	0.023932
3499.4800000190735	28.509048	166	0	0.051352	0.023932
3501.484999895096	29.773912	146	0	0.04312	0.023932
3503.486999988556	27.205928	154	0	0.043565	0.023932
3505.4800000190735	13.228448	152	0	0.050558	0.023932
3507.481999874115	29.394288	156	0	0.052358	0.023932
3509.4800000190735	9.231008	174	0	0.08863	0.023932
3511.478999853134	7.208928	4	0	0.051123	0.023932
3513.481999874115	1.003712	176	0	0.060465	0.023932
3515.478999853134	13.100152	178	0	0.033347	0.023932
3517.4809999465942	1.583232	158	0	0.048971	0.023932
3519.481999874115	26.290296	152	0	0.031279	0.023932
3521.484999895096	29.720096	152	0	0.04306	0.023932
3523.4809999465942	27.981304	160	0	0.051481	0.023932
3525.4809999465942	27.954736	160	0	0.035779	0.023932
3527.481999874115	28.956968	160	0	0.054385	0.023932
3529.4800000190735	25.099784	148	0	0.03467	0.023932
3531.731000185013	27.45232	170	0	0.043348	0.023932
3533.5419998168945	28.899048	170	0	0.034675	0.023932
3535.7330000400543	29.535792	170	0	0.047691	0.023932
3537.736000061035	23.172128	158	0	0.056227	0.023932
3540.036999940872	13.073	156	0	0.033111	0.023932
3541.7330000400543	15.082808	162	0	0.05122	0.023932
3543.7569999694824	16.267408	166	0	0.035728	0.023932
3545.731000185013	6.239032	162	0	0.045065	0.023932
3547.7290000915527	17.142024	158	0	0.034503	0.023932
3549.7480001449585	20.411784	161	0	0.055672	0.023932
3551.78400015831	1.838568	164	0	0.069113	0.023932
-59396.46700000763	47.112784	175	172	0.038735	0.023785
-59396.18099975586	6.138512	280	0	0.02832	0.023785
-59395.97199988365	24.449128	280	0	0.028713	0.023785
-59395.55999994278	0.208984	276	0	0.032807	0.023785
-59395.15400004387	29.899056	278	0	0.038253	0.023785
-59394.730999946594	0.24216	290	0	0.0574	0.023785
