0.0	240.260736	194	0	0.002158	0.001
0.5300002098083496	23.93388	214	0	0.00329	0.001
0.6299998760223389	81.769408	214	0	0.002668	0.001
0.8970000743865967	289.092816	214	0	0.007545	0.001
1.4580001831054688	328.468808	214	0	0.002115	0.001
2.0240001678466797	451.072168	222	0	0.002032	0.001
2.4160001277923584	98.76028	238	0	0.002206	0.001
3.2270002365112305	728.0838	282	0	0.002022	0.001
3.865000009536743	944.918424	466	0	0.002025	0.001
4.476999998092651	81.326896	570	0	0.002165	0.001
5.738000154495239	195.83004	676	0	0.004012	0.001
7.711000204086304	4.863344	790	0	0.007765	0.001
9.72000002861023	587.255264	796	0	0.002129	0.001
14.075000047683716	255.247888	212	0	0.001998	0.001
14.515000104904175	224.317768	212	0	0.001978	0.001
14.74399995803833	250.161304	220	0	0.007153	0.001
14.992000102996826	16.654752	266	0	0.006757	0.001
15.397000074386597	407.613936	280	0	0.002312	0.001
15.88100004196167	448.992248	350	0	0.001974	0.001
16.361000061035156	713.466536	350	0	0.002208	0.001
17.490000247955322	40.384352	420	0	0.007501	0.001
18.520999908447266	1354.60232	534	0	0.002081	0.001
19.596999883651733	1559.952416	606	0	0.002122	0.001
20.30900001525879	1783.016456	642	0	0.001982	0.001
21.98099994659424	306.160496	708	0	0.002728	0.001
23.986000299453735	2406.708944	862	0	0.002088	0.001
25.97000026702881	2522.322576	906	0	0.002129	0.001
27.979000091552734	2442.284688	994	0	0.002003	0.001
30.01800012588501	2652.035672	994	0	0.001989	0.001
31.9760000705719	2867.60784	1074	0	0.001989	0.001
35.704999923706055	11.15044	1142	0	0.002027	0.001
36.389999866485596	2227.083368	1142	0	0.002056	0.001
37.97800016403198	73.245136	1142	0	0.002045	0.001
39.98800015449524	214.228232	640	0	0.001984	0.001
41.980000019073486	2723.2962	660	0	0.00218	0.001
43.97000026702881	2723.2962	660	0	0.002124	0.001
45.95900011062622	307.490344	660	0	0.00203	0.001
47.96900010108948	75.058312	462	0	0.002036	0.001
50.05000019073486	1559.978664	462	0	0.002096	0.001
51.980000019073486	1733.556712	730	0	0.002066	0.001
53.97800016403198	75.332184	730	0	0.007137	0.001
55.96499991416931	1852.034656	782	0	0.001984	0.001
57.97500014305115	1999.795392	818	0	0.002116	0.001
59.96399998664856	831.765192	530	0	0.001947	0.001
62.10300016403198	2163.15532	534	0	0.002064	0.001
63.97500014305115	102.865808	552	0	0.007098	0.001
65.96499991416931	1621.61224	578	0	0.002021	0.001
67.97500014305115	2351.14928	608	0	0.002071	0.001
69.97399997711182	289.863512	874	0	0.002831	0.001
71.98600029945374	1018.666664	1004	0	0.002493	0.001
73.97500014305115	1569.824952	954	0	0.002261	0.001
75.97699999809265	261.65092	980	0	0.002073	0.001
77.96200013160706	2868.41904	1120	0	0.002004	0.001
80.01699995994568	258.728928	1120	0	0.002061	0.001
81.97500014305115	2072.053872	1114	0	0.002055	0.001
83.85500001907349	2663.434032	1114	0	0.002026	0.001
85.97500014305115	2657.952592	928	0	0.002128	0.001
87.96499991416931	2657.952592	928	0	0.002088	0.001
89.97500014305115	2403.775576	944	0	0.002012	0.001
91.9760000705719	1890.591776	944	0	0.002072	0.001
93.97500014305115	2816.980368	1062	0	0.001954	0.001
96.05599999427795	2599.063928	1108	0	0.002142	0.001
97.97500014305115	3106.542128	1146	0	0.002028	0.001
99.97500014305115	3106.542128	1152	0	0.002136	0.001
101.97300004959106	3039.650792	1152	0	0.002112	0.001
103.96399998664856	284.5556	1152	0	0.002038	0.001
105.97500014305115	1761.825088	1140	0	0.002001	0.001
107.97399997711182	1761.825088	1112	0	0.002313	0.001
110.04200029373169	1761.825088	1112	0	0.002011	0.001
111.99200010299683	1761.825088	1112	0	0.002025	0.001
114.03500008583069	1761.825088	1112	0	0.001987	0.001
115.97200012207031	1761.825088	1112	0	0.002002	0.001
117.96399998664856	57.204936	34	0	0.001986	0.001
119.98399996757507	105.359496	89	0	0.001898	0.001
121.97399997711182	212.749624	134	0	0.001907	0.001
123.98199987411499	105.309088	134	0	0.00198	0.001
125.97399997711182	11.935152	185	0	0.007252	0.001
127.97399997711182	551.874184	298	0	0.001992	0.001
130.06200003623962	568.136288	312	0	0.002078	0.001
131.9649999141693	588.430272	320	0	0.00195	0.001
133.97399997711182	555.077472	372	0	0.001948	0.001
135.98399996757507	620.571424	372	0	0.002001	0.001
137.989000082016	1225.230768	506	0	0.002015	0.001
139.98499989509583	1300.622544	538	0	0.002029	0.001
142.00499987602234	1264.34512	606	0	0.001945	0.001
143.9649999141693	1293.644664	673	0	0.002036	0.001
145.97500014305115	2109.24164	750	0	0.001965	0.001
147.98499989509583	94.611536	818	0	0.002014	0.001
149.99300003051758	2545.688672	884	0	0.002089	0.001
151.98499989509583	245.755056	950	0	0.002282	0.001
153.97500014305115	2582.770392	1000	0	0.002074	0.001
155.97500014305115	1860.6824	1008	0	0.002024	0.001
157.97500014305115	2750.437528	1008	0	0.002043	0.001
160.01500010490417	2950.3912	1042	0	0.002109	0.001
161.97500014305115	2950.3912	1002	0	0.001995	0.001
163.97500014305115	2900.916808	1060	0	0.001994	0.001
165.98499989509583	265.882104	1060	0	0.002401	0.001
167.9670000076294	2922.685384	1120	0	0.002117	0.001
169.9670000076294	3281.651864	1120	0	0.001988	0.001
171.9649999141693	240.142152	1176	0	0.002028	0.001
173.97500014305115	2803.305528	1172	0	0.001951	0.001
176.08100008964539	3112.613624	1172	0	0.002287	0.001
177.98399996757507	3112.613624	1172	0	0.001976	0.001
179.98399996757507	252.950864	1222	0	0.002008	0.001
181.97500014305115	228.481256	1222	0	0.002006	0.001
183.97500014305115	3095.27792	1224	0	0.002016	0.001
185.97500014305115	253.832664	1218	0	0.00201	0.001
187.97500014305115	74.73548	1218	0	0.002038	0.001
190.01500010490417	261.516672	238	0	0.001978	0.001
191.97500014305115	581.885624	312	0	0.002105	0.001
194.0130000114441	899.486912	440	0	0.00208	0.001
195.98600029945374	549.846648	540	0	0.002079	0.001
197.9649999141693	1587.296104	646	0	0.002103	0.001
200.00499987602234	257.682504	646	0	0.002083	0.001
201.97500014305115	1732.813216	710	0	0.002124	0.001
203.96799993515015	236.079664	808	0	0.002015	0.001
206.09599995613098	137.3388	798	0	0.002012	0.001
208.2850000858307	2221.284752	862	0	0.002019	0.001
210.3529999256134	6.148616	954	0	0.002426	0.001
211.98499989509583	1954.255632	954	0	0.001973	0.001
213.98300004005432	2430.009864	954	0	0.002358	0.001
215.97500014305115	2430.009864	1002	0	0.002006	0.001
217.97399997711182	2189.10236	830	0	0.002005	0.001
219.97399997711182	251.571712	800	0	0.002045	0.001
221.98300004005432	900.843416	800	0	0.002094	0.001
223.9940001964569	248.753536	800	0	0.001909	0.001
226.07400012016296	1845.606552	696	0	0.002045	0.001
228.22399997711182	263.136808	696	0	0.001994	0.001
230.24300003051758	1500.761128	680	0	0.001971	0.001
232.22499990463257	1500.761128	680	0	0.002	0.001
234.22499990463257	250.711264	716	0	0.001951	0.001
236.22499990463257	1827.720272	722	0	0.002056	0.001
238.22499990463257	2039.006232	740	0	0.007332	0.001
240.2660002708435	1609.011	4	0	0.002177	0.001
242.22499990463257	1860.791272	766	0	0.002106	0.001
244.2150001525879	2048.83528	798	0	0.002067	0.001
246.22499990463257	2241.315288	822	0	0.002065	0.001
248.23300004005432	1751.816304	820	0	0.002217	0.001
250.22499990463257	2276.692464	840	0	0.002029	0.001
252.22300004959106	2276.692464	840	0	0.002043	0.001
254.22499990463257	2084.452968	820	0	0.002013	0.001
256.335000038147	2084.452968	820	0	0.002422	0.001
258.2330000400543	5.181408	770	0	0.007102	0.001
260.22499990463257	2153.581208	774	0	0.002046	0.001
262.22499990463257	2025.677968	820	0	0.002032	0.001
264.2150001525879	2173.787648	4	0	0.002141	0.001
266.2260000705719	2173.787648	850	0	0.002027	0.001
268.2150001525879	96.913384	912	0	0.002068	0.001
270.29500007629395	2570.576008	980	0	0.002071	0.001
272.22499990463257	1741.599496	994	0	0.001977	0.001
274.2630000114441	2883.547056	1019	0	0.002026	0.001
276.2150001525879	2720.904736	1032	0	0.002141	0.001
278.23400020599365	2701.568904	1032	0	0.002023	0.001
280.22499990463257	3095.772304	1062	0	0.00195	0.001
282.22499990463257	3095.772304	1078	0	0.002066	0.001
284.2260000705719	3300.724936	1122	0	0.00194	0.001
286.2350001335144	293.874536	1170	0	0.002096	0.001
288.23600006103516	3220.728632	1228	0	0.002096	0.001
290.22499990463257	42.036288	810	0	0.001925	0.001
292.22499990463257	3649.839472	810	0	0.001967	0.001
294.2660002708435	28.212368	810	0	0.002135	0.001
296.2150001525879	280.727936	276	0	0.001987	0.001
298.21600008010864	875.53488	332	0	0.002045	0.001
300.2150001525879	263.8178	426	0	0.002058	0.001
302.2260000705719	1577.476616	436	0	0.002059	0.001
304.2650001049042	1508.389248	464	0	0.001985	0.001
306.23400020599365	1668.334328	554	0	0.007169	0.001
308.22499990463257	1969.191096	860	0	0.002148	0.001
310.23600006103516	2555.689728	970	0	0.002008	0.001
312.22700023651123	2422.417392	1036	0	0.002003	0.001
314.21600008010864	3126.100608	1104	0	0.002024	0.001
316.2150001525879	3095.921104	1098	0	0.001991	0.001
318.2260000705719	3318.059504	1142	0	0.001973	0.001
320.31699991226196	270.252384	1150	0	0.002086	0.001
322.2260000705719	565.073168	1150	0	0.002013	0.001
324.22499990463257	266.639384	716	0	0.002265	0.001
326.2260000705719	229.67768	716	0	0.001878	0.001
328.22499990463257	2.9234	726	0	0.002017	0.001
330.22499990463257	3349.789168	726	0	0.002112	0.001
332.22499990463257	3151.487432	726	0	0.002027	0.001
334.2449998855591	472.322	726	0	0.001993	0.001
336.22499990463257	339.457872	682	0	0.001998	0.001
338.25600004196167	330.514496	580	0	0.002002	0.001
340.22499990463257	2176.522824	580	0	0.002131	0.001
342.2260000705719	2467.698328	602	0	0.001993	0.001
344.22499990463257	252.700048	624	0	0.002045	0.001
346.22499990463257	1721.993336	624	0	0.002214	0.001
348.2350001335144	254.466296	680	0	0.001988	0.001
350.2960000038147	2541.793856	1086	0	0.002074	0.001
352.2260000705719	2648.386616	1100	0	0.002046	0.001
354.27500009536743	241.333328	1140	0	0.002116	0.001
356.22499990463257	3344.799592	1140	0	0.001992	0.001
358.2260000705719	0.263632	1140	0	0.007348	0.001
360.2260000705719	281.772968	1140	0	0.002225	0.001
362.2150001525879	458.398504	986	0	0.002	0.001
364.22499990463257	2998.144056	1077	0	0.002044	0.001
366.34600019454956	2998.144056	1064	0	0.002092	0.001
368.2330000400543	2891.821064	1092	0	0.001934	0.001
370.32599997520447	1.413192	1092	0	0.002032	0.001
372.2330000400543	246.826144	1092	0	0.002065	0.001
374.2550001144409	3003.810008	1138	0	0.002034	0.001
376.22499990463257	904.004	1138	0	0.002011	0.001
378.2150001525879	301.096408	1138	0	0.001989	0.001
380.22499990463257	153.960656	718	0	0.001427	0.001
382.2260000705719	257.422216	718	0	0.001995	0.001
384.2550001144409	273.023568	718	0	0.001627	0.001
386.21600008010864	156.948408	718	0	0.002003	0.001
388.2430000305176	283.969568	684	0	0.002302	0.001
390.2150001525879	3167.589336	684	0	0.001975	0.001
392.2350001335144	2903.548216	684	0	0.00198	0.001
394.2150001525879	957.492592	684	0	0.002018	0.001
396.2260000705719	394.530976	684	0	0.002026	0.001
398.23600006103516	500.3252	686	0	0.001977	0.001
400.3159999847412	83.4668	722	0	0.002022	0.001
402.22499990463257	253.70632	748	0	0.002037	0.001
404.2260000705719	0.706944	748	0	0.002067	0.001
406.2350001335144	258.204656	1322	0	0.002004	0.001
408.22499990463257	324.94488	1322	0	0.002003	0.001
410.23600006103516	192.0	788	0	0.001754	0.001
412.2369999885559	318.208128	742	0	0.001557	0.001
414.2350001335144	216.52336	742	0	0.002002	0.001
416.21600008010864	2325.270928	742	0	0.001952	0.001
418.2350001335144	274.762808	694	0	0.001881	0.001
420.22499990463257	260.048976	698	0	0.001928	0.001
422.23400020599365	2606.975744	700	0	0.002086	0.001
424.2150001525879	3116.507608	724	0	0.001961	0.001
426.2350001335144	258.728928	724	0	0.002004	0.001
428.22499990463257	163.472504	724	0	0.001963	0.001
430.3030002117157	292.525248	724	0	0.001981	0.001
432.23600006103516	438.28352	642	0	0.002	0.001
434.2960000038147	2779.727352	646	0	0.002117	0.001
436.2260000705719	1596.017776	680	0	0.002328	0.001
438.21600008010864	2586.940704	684	0	0.002075	0.001
440.2260000705719	3030.973016	1142	0	0.002029	0.001
442.2260000705719	1.443848	1184	0	0.002116	0.001
444.22499990463257	298.556696	712	0	0.001901	0.001
446.22499990463257	755.97252	712	0	0.001983	0.001
448.2260000705719	2572.904808	712	0	0.00207	0.001
450.38499999046326	2572.904808	712	0	0.007155	0.001
452.22499990463257	3346.488888	716	0	0.00214	0.001
454.2420001029968	3346.488888	772	0	0.002011	0.001
456.27300000190735	2692.625872	1220	0	0.002236	0.001
458.24399995803833	1283.308712	1214	0	0.002008	0.001
460.22300004959106	3219.575416	1168	0	0.002062	0.001
462.2660002708435	3219.575416	1168	0	0.002072	0.001
464.3030002117157	2344.483936	1200	0	0.001944	0.001
466.22499990463257	3.183112	1200	0	0.00216	0.001
468.22499990463257	583.563088	1200	0	0.002017	0.001
470.2260000705719	334.205672	706	0	0.001853	0.001
472.22499990463257	2813.184336	706	0	0.002085	0.001
474.22499990463257	3109.836672	706	0	0.001898	0.001
476.23600006103516	3052.310104	664	0	0.002021	0.001
478.47500014305115	1.539912	664	0	0.007338	0.001
480.47500014305115	2534.32524	1118	0	0.00206	0.001
482.46600008010864	294.553856	712	0	0.00196	0.001
484.47500014305115	2564.268728	712	0	0.002069	0.001
486.2350001335144	2564.268728	712	0	0.007227	0.001
488.2350001335144	264.777136	132	0	0.001999	0.001
490.47500014305115	769.806096	288	0	0.002084	0.001
492.4960000514984	1143.787728	448	0	0.002122	0.001
494.5260000228882	1103.08844	724	0	0.002256	0.001
496.4760000705719	2053.38176	822	0	0.002128	0.001
498.52500009536743	254.085736	876	0	0.002144	0.001
500.4760000705719	124.282936	960	0	0.007296	0.001
502.4760000705719	970.5056	1017	0	0.001961	0.001
504.47500014305115	2965.980456	1072	0	0.001939	0.001
506.3359999656677	1514.366664	1078	0	0.002412	0.001
508.47500014305115	5.260672	1078	0	0.002748	0.001
510.5860002040863	3092.9868	1098	0	0.001992	0.001
512.4760000705719	283.668744	678	0	0.001998	0.001
514.5750000476837	3012.573496	700	0	0.002039	0.001
516.4750001430511	3012.573496	700	0	0.002031	0.001
518.4760000705719	2932.796232	732	0	0.002023	0.001
520.4859998226166	0.642584	732	0	0.001933	0.001
522.4750001430511	156.540536	732	0	0.002003	0.001
524.4760000705719	133.49928	732	0	0.007141	0.001
526.4760000705719	3094.680592	732	0	0.002032	0.001
528.5060002803802	313.97432	696	0	0.002047	0.001
530.4550001621246	2593.852336	1208	0	0.002037	0.001
532.4760000705719	182.286288	1208	0	0.002007	0.001
534.4760000705719	1898.076832	1204	0	0.002278	0.001
536.4649999141693	350.051136	1204	0	0.0022	0.001
538.4649999141693	2.766984	1204	0	0.002118	0.001
540.4859998226166	586.046328	1204	0	0.002017	0.001
542.4649999141693	2523.984184	1204	0	0.002045	0.001
544.545000076294	2008.740232	840	0	0.002142	0.001
546.4750001430511	241.81312	766	0	0.002038	0.001
548.4750001430511	1983.839752	752	0	0.002019	0.001
550.4750001430511	1835.71584	788	0	0.002021	0.001
552.4649999141693	1978.933328	886	0	0.002137	0.001
554.3430001735687	2406.632832	942	0	0.002033	0.001
556.4750001430511	2840.282768	997	0	0.002052	0.001
558.4750001430511	357.430568	628	0	0.002016	0.001
560.4760000705719	2859.304608	652	0	0.00192	0.001
562.4859998226166	2549.314128	670	0	0.002096	0.001
564.4750001430511	275.660352	680	0	0.002801	0.001
566.4760000705719	2545.005264	710	0	0.002107	0.001
568.4750001430511	3023.671752	4	0	0.00209	0.001
570.4750001430511	6.23872	1160	0	0.006236	0.001
572.4849998950958	263.663528	1160	0	0.002002	0.001
574.4950001239777	242.020888	1160	0	0.002062	0.001
576.4830000400543	3031.49408	1138	0	0.001962	0.001
578.5140001773834	258.07392	870	0	0.001997	0.001
580.4660000801086	2491.238952	942	0	0.001914	0.001
582.4750001430511	2223.05664	942	0	0.002143	0.001
584.4849998950958	242.712376	970	0	0.00214	0.001
586.4660000801086	2867.066296	1040	0	0.002045	0.001
588.4760000705719	2521.507768	1138	0	0.002359	0.001
590.5460002422333	3096.663808	1148	0	0.002125	0.001
592.4760000705719	3463.477456	1258	0	0.002172	0.001
594.555999994278	3346.971856	1260	0	0.001965	0.001
596.4750001430511	3583.35776	1260	0	0.002037	0.001
598.4750001430511	552.105912	1260	0	0.001996	0.001
600.4760000705719	3312.514376	1290	0	0.002163	0.001
602.4649999141693	3430.574632	1360	0	0.002014	0.001
604.4750001430511	3791.759752	1384	0	0.002166	0.001
606.595999956131	398.166816	798	0	0.001919	0.001
608.4760000705719	3673.262296	798	0	0.001946	0.001
610.4660000801086	3673.262296	798	0	0.002085	0.001
612.4750001430511	3673.262296	798	0	0.002249	0.001
614.4750001430511	68.161216	564	0	0.002274	0.001
616.4760000705719	2255.46712	582	0	0.002069	0.001
618.4859998226166	58.152608	1004	0	0.002228	0.001
620.5140001773834	2542.615784	1064	0	0.002166	0.001
622.4839999675751	3008.382088	1188	0	0.002045	0.001
624.5260000228882	3314.729	1244	0	0.00208	0.001
626.4870002269745	3627.155432	1266	0	0.002069	0.001
628.4750001430511	3732.85688	1346	0	0.001991	0.001
630.4750001430511	3732.85688	1346	0	0.002132	0.001
632.5270001888275	1722.019816	1330	0	0.001982	0.001
634.4830000400543	1116.047424	1330	0	0.002011	0.001
636.4849998950958	688.620648	1330	0	0.00197	0.001
638.4750001430511	3142.436304	1330	0	0.002065	0.001
640.5659999847412	3743.719152	1330	0	0.002038	0.001
642.4750001430511	6.093632	98	0	0.001827	0.001
644.4750001430511	528.994496	258	0	0.001979	0.001
646.4750001430511	823.72808	292	0	0.002031	0.001
648.4649999141693	1034.285712	340	0	0.002033	0.001
650.4760000705719	996.089064	396	0	0.001946	0.001
652.4859998226166	1657.817528	434	0	0.002042	0.001
654.4740002155304	1518.947264	716	0	0.002062	0.001
656.4750001430511	1779.723632	740	0	0.002023	0.001
658.4830000400543	1703.419536	810	0	0.002112	0.001
660.4750001430511	2012.987928	860	0	0.002004	0.001
662.4830000400543	2025.53972	936	0	0.002189	0.001
664.4750001430511	2.393384	981	0	0.001992	0.001
666.4750001430511	2679.60984	1040	0	0.002053	0.001
668.5640001296997	2767.471192	1040	0	0.002057	0.001
670.4950001239777	2928.069328	1100	0	0.00196	0.001
672.4750001430511	182.99612	1100	0	0.002133	0.001
674.5150001049042	2955.344256	1156	0	0.002041	0.001
676.4750001430511	2955.344256	1112	0	0.002024	0.001
678.4740002155304	9.360808	310	0	0.002009	0.001
680.5550000667572	841.77704	386	0	0.001913	0.001
682.4830000400543	1048.55172	472	0	0.002023	0.001
684.4670000076294	1329.485136	580	0	0.002561	0.001
686.545000076294	1428.906848	580	0	0.002311	0.001
688.4760000705719	1660.90228	629	0	0.002017	0.001
690.5650000572205	1899.340728	724	0	0.002039	0.001
692.4750001430511	1924.037768	830	0	0.002139	0.001
694.4750001430511	2163.727768	868	0	0.001912	0.001
696.4750001430511	2152.955584	926	0	0.002141	0.001
698.4750001430511	288.812328	926	0	0.001953	0.001
700.4760000705719	2453.671464	964	0	0.002043	0.001
702.6059999465942	236.40816	650	0	0.001986	0.001
704.4849998950958	2564.55324	684	0	0.003434	0.001
706.4849998950958	2847.68596	700	0	0.002062	0.001
708.4750001430511	289.468416	710	0	0.002859	0.001
710.4750001430511	2916.466424	710	0	0.002004	0.001
712.4660000801086	5.303328	4	0	0.002012	0.001
714.4849998950958	141.412	710	0	0.001795	0.001
716.4750001430511	2978.742856	738	0	0.001972	0.001
718.4660000801086	408.654744	738	0	0.001942	0.001
720.5460002422333	3455.360608	738	0	0.00223	0.001
722.4969999790192	292.525248	738	0	0.001963	0.001
724.7360000610352	2695.676928	722	0	0.002096	0.001
726.4740002155304	3350.876088	732	0	0.002091	0.001
728.7330000400543	239.1816	788	0	0.00212	0.001
730.7259998321533	377.098672	732	0	0.001569	0.001
732.7259998321533	268.402312	732	0	0.002185	0.001
734.7150001525879	3064.522824	748	0	0.002044	0.001
736.8559999465942	3064.522824	748	0	0.002062	0.001
738.7470002174377	951.891736	749	0	0.004415	0.001
740.7259998321533	3493.504288	1316	0	0.002095	0.001
742.7339999675751	1358.61728	786	0	0.001918	0.001
744.7259998321533	2819.458776	794	0	0.002142	0.001
746.7259998321533	407.707872	794	0	0.001886	0.001
748.7259998321533	455.4814	794	0	0.002	0.001
750.7360000610352	3583.660224	794	0	0.002039	0.001
752.7259998321533	168.473416	692	0	0.001892	0.001
754.595999956131	1116.006248	760	0	0.002274	0.001
756.6010000705719	323.575416	760	0	0.001984	0.001
758.7259998321533	125.232432	760	0	0.00191	0.001
760.6050000190735	277.6122	616	0	0.001966	0.001
762.7249999046326	1956.449328	616	0	0.002093	0.001
764.7259998321533	1956.449328	616	0	0.002068	0.001
766.8780000209808	238.510056	592	0	0.002121	0.001
768.7249999046326	1905.993608	1014	0	0.002055	0.001
770.7249999046326	2490.56	1014	0	0.002009	0.001
772.7369999885559	2789.364336	1028	0	0.002098	0.001
774.7150001525879	2425.12552	1026	0	0.002182	0.001
776.7179999351501	54.926504	984	0	0.002011	0.001
778.7259998321533	2228.912	984	0	0.002097	0.001
780.7249999046326	288.028928	984	0	0.002062	0.001
782.875	2557.728928	982	0	0.00202	0.001
784.625	2720.744808	1026	0	0.001957	0.001
786.9470000267029	3759.867632	1244	0	0.002085	0.001
789.0800001621246	796.007232	788	0	0.002699	0.001
790.7330000400543	191.174832	788	0	0.002095	0.001
792.7560000419617	2957.355928	788	0	0.002396	0.001
794.7650001049042	3048.912528	788	0	0.002002	0.001
796.7249999046326	2792.253832	620	0	0.002036	0.001
798.7249999046326	2792.253832	620	0	0.002064	0.001
800.8250000476837	67.348832	620	0	0.002011	0.001
802.7350001335144	1311.066392	857	0	0.001982	0.001
804.7259998321533	1311.066392	1000	0	0.002222	0.001
806.7259998321533	2918.6354	1038	0	0.002109	0.001
808.5790002346039	257.943312	1136	0	0.001978	0.001
810.7339999675751	435.22236	704	0	0.002098	0.001
812.7249999046326	2916.909744	726	0	0.002078	0.001
814.7249999046326	243.29164	726	0	0.002016	0.001
816.7150001525879	2108.480136	726	0	0.002041	0.001
818.7449998855591	2108.480136	726	0	0.00187	0.001
820.7249999046326	2108.480136	940	0	0.002091	0.001
822.7230000495911	1157.823968	804	0	0.00203	0.001
824.7449998855591	160.55852	490	0	0.002182	0.001
826.7249999046326	1154.974224	538	0	0.00199	0.001
828.7350001335144	939.24324	594	0	0.001913	0.001
830.7249999046326	714.183672	594	0	0.002409	0.001
832.6010000705719	1159.493856	594	0	0.001903	0.001
834.8139998912811	1318.700776	534	0	0.001977	0.001
836.7259998321533	1266.832248	574	0	0.001947	0.001
838.7249999046326	1383.463432	576	0	0.002016	0.001
840.7430000305176	1228.76056	626	0	0.002058	0.001
842.7249999046326	1380.357872	630	0	0.00198	0.001
844.7239999771118	1599.207072	642	0	0.002046	0.001
846.7150001525879	1599.207072	640	0	0.002022	0.001
848.7449998855591	219.766344	640	0	0.001989	0.001
850.7140002250671	1625.524368	700	0	0.002007	0.001
852.7249999046326	1685.15388	702	0	0.0022	0.001
854.7239999771118	1866.184672	742	0	0.002009	0.001
856.6340000629425	11.21912	798	0	0.007535	0.001
858.7249999046326	1950.83028	862	0	0.002099	0.001
860.7249999046326	2319.190912	891	0	0.001958	0.001
862.7330000400543	448.242016	910	0	0.002322	0.001
864.795000076294	1787.793568	910	0	0.002147	0.001
866.7850000858307	2553.018696	966	0	0.001992	0.001
868.7750000953674	2468.237688	1002	0	0.002101	0.001
870.7350001335144	2190.41356	1022	0	0.002025	0.001
872.7360000610352	192.034224	1022	0	0.002011	0.001
874.7249999046326	2331.844152	1022	0	0.002004	0.001
876.7270002365112	1923.542432	1022	0	0.002166	0.001
878.7259998321533	3313.639464	1120	0	0.00206	0.001
880.7360000610352	264.091184	714	0	0.002204	0.001
882.7259998321533	2993.114352	746	0	0.002053	0.001
884.8150000572205	2711.600544	770	0	0.002113	0.001
886.7259998321533	667.345168	770	0	0.001876	0.001
888.7369999885559	90.899456	770	0	0.002033	0.001
890.7270002365112	265.909848	770	0	0.002017	0.001
892.7160000801086	140.671592	752	0	0.002016	0.001
894.7259998321533	184.061504	758	0	0.002008	0.001
896.7259998321533	3629.466336	820	0	0.001983	0.001
898.746000289917	857.871696	1278	0	0.00206	0.001
900.7259998321533	3300.311688	1342	0	0.002036	0.001
902.7259998321533	2014.858272	1344	0	0.002079	0.001
904.7330000400543	2014.858272	1374	0	0.001985	0.001
906.7409999370575	2727.079344	1328	0	0.002025	0.001
908.7249999046326	158.143344	818	0	0.001976	0.001
910.7249999046326	3128.116184	818	0	0.001953	0.001
912.7560000419617	450.176264	366	0	0.002015	0.001
914.7850000858307	1566.20408	408	0	0.002299	0.001
916.7259998321533	1198.173384	444	0	0.002157	0.001
918.7339999675751	1630.463144	470	0	0.002009	0.001
920.7170000076294	237.498712	540	0	0.002015	0.001
922.7259998321533	2018.690976	594	0	0.002073	0.001
924.7249999046326	282.666664	978	0	0.001984	0.001
926.7249999046326	1626.617256	978	0	0.002069	0.001
928.7449998855591	2380.858984	978	0	0.001995	0.001
930.7150001525879	2380.858984	960	0	0.002038	0.001
932.7249999046326	2380.858984	960	0	0.002056	0.001
934.7430000305176	2380.858984	960	0	0.001944	0.001
936.7330000400543	2514.79764	960	0	0.002041	0.001
938.7249999046326	2110.862216	776	0	0.002046	0.001
940.7249999046326	1839.454064	778	0	0.002196	0.001
942.7249999046326	2056.675488	878	0	0.002038	0.001
944.7850000858307	69.429224	820	0	0.002418	0.001
946.7330000400543	2390.26708	872	0	0.002039	0.001
948.7249999046326	249.606264	872	0	0.001948	0.001
950.7330000400543	2187.724264	872	0	0.002048	0.001
952.7150001525879	184.538736	916	0	0.002152	0.001
954.7330000400543	2653.580552	952	0	0.002105	0.001
956.7249999046326	2240.19684	1033	0	0.002177	0.001
958.7330000400543	254.720632	1090	0	0.002003	0.001
960.7350001335144	2524.856872	1076	0	0.002022	0.001
962.795000076294	2981.662688	1068	0	0.002178	0.001
964.7850000858307	2616.756896	1062	0	0.001946	0.001
966.7249999046326	2841.574672	1075	0	0.001974	0.001
968.7550001144409	257.81284	1080	0	0.002013	0.001
970.7249999046326	1566.122816	1080	0	0.00356	0.001
972.7249999046326	2417.530432	1080	0	0.002039	0.001
974.7249999046326	2417.530432	1080	0	0.002152	0.001
976.7360000610352	2417.530432	1088	0	0.001992	0.001
978.7430000305176	2637.321144	1033	0	0.002129	0.001
980.9750001430511	533.265264	1036	0	0.002607	0.001
982.9750001430511	2742.698744	1040	0	0.002084	0.001
984.9750001430511	2768.911296	1048	0	0.002045	0.001
986.9910001754761	1983.954704	1048	0	0.002039	0.001
988.9750001430511	2889.0418	1048	0	0.001995	0.001
990.9930000305176	2759.079392	1070	0	0.002069	0.001
992.9860002994537	245.473256	1070	0	0.00221	0.001
995.0350000858307	2761.4794	1128	0	0.002126	0.001
996.9649999141693	296.33488	1104	0	0.002024	0.001
999.0350000858307	2534.0	1104	0	0.001984	0.001
1000.9750001430511	2626.331976	1104	0	0.001971	0.001
1002.9750001430511	2626.331976	1104	0	0.002074	0.001
1004.9849998950958	2626.331976	1104	0	0.002127	0.001
1006.9960000514984	3049.64164	1080	0	0.002146	0.001
1009.0080001354218	1773.393256	1076	0	0.00211	0.001
1010.9750001430511	3044.579656	1146	0	0.002023	0.001
1012.9870002269745	3044.579656	1146	0	0.002083	0.001
1014.9750001430511	3053.012048	1146	0	0.002073	0.001
1016.9830000400543	6.20128	14	0	0.002001	0.001
1018.9750001430511	340.95976	270	0	0.00208	0.001
1020.9830000400543	663.778184	414	0	0.001953	0.001
1022.9750001430511	1108.27692	480	0	0.002088	0.001
1024.9649999141693	1433.744016	560	0	0.001882	0.001
1026.976000070572	1522.138648	602	0	0.002016	0.001
1029.0440001487732	1870.807952	702	0	0.002043	0.001
1030.9849998950958	2078.260712	836	0	0.001944	0.001
1032.983999967575	815.897544	816	0	0.002559	0.001
1034.983999967575	293.874536	912	0	0.002968	0.001
1036.973000049591	2053.237424	982	0	0.002081	0.001
1038.9750001430511	2256.623376	974	0	0.002001	0.001
1040.9750001430511	185.622432	1046	0	0.001942	0.001
1042.96599984169	293.183352	660	0	0.001999	0.001
1045.0750000476837	253.202184	674	0	0.002163	0.001
1046.9750001430511	2907.537848	674	0	0.007793	0.001
1048.9830000400543	2907.537848	674	0	0.001971	0.001
1050.9750001430511	2907.537848	674	0	0.002059	0.001
1052.9750001430511	2907.537848	674	0	0.00209	0.001
1054.9750001430511	2907.537848	1095	0	0.002069	0.001
1056.9750001430511	2907.537848	1106	0	0.002041	0.001
1059.045000076294	257.162456	162	0	0.001968	0.001
1061.016000032425	781.94792	400	0	0.001964	0.001
1062.9750001430511	560.480816	488	0	0.003194	0.001
1064.976000070572	256.494328	614	0	0.001992	0.001
1066.976000070572	1690.558368	698	0	0.002114	0.001
1068.9860002994537	242.250944	512	0	0.002029	0.001
1070.983999967575	1710.27924	534	0	0.001972	0.001
1073.016000032425	2300.853488	582	0	0.001942	0.001
1075.045000076294	2318.875048	582	0	0.002074	0.001
1076.9849998950958	2102.417784	582	0	0.002177	0.001
1078.976000070572	2217.523984	584	0	0.001985	0.001
1080.976000070572	2284.312	940	0	0.002149	0.001
1082.9750001430511	1524.844952	1008	0	0.002047	0.001
1084.9849998950958	2882.32672	1042	0	0.002058	0.001
1086.96599984169	3124.241552	1086	0	0.001921	0.001
1089.0329999923706	2896.0	1086	0	0.002118	0.001
1090.983999967575	2932.510336	1086	0	0.00203	0.001
1092.976000070572	272.856528	1114	0	0.002027	0.001
1094.9870002269745	2.601392	1160	0	0.00206	0.001
1096.9750001430511	2722.63788	1160	0	0.001999	0.001
1098.9649999141693	2857.307296	1160	0	0.001987	0.001
1100.9750001430511	3273.975584	1160	0	0.002057	0.001
1102.9750001430511	273.73576	1130	0	0.001988	0.001
1105.0350000858307	3264.146856	1160	0	0.00194	0.001
1106.9649999141693	298.905544	1178	0	0.002072	0.001
1108.9950001239777	210.520032	720	0	0.001919	0.001
1110.976000070572	2056.832328	720	0	0.002082	0.001
1112.9849998950958	2877.486752	732	0	0.002036	0.001
1114.9750001430511	2767.236856	732	0	0.002072	0.001
1116.9750001430511	279.316088	732	0	0.00204	0.001
1119.045000076294	2490.757672	1185	0	0.002004	0.001
1121.095999956131	262.32424	928	0	0.001987	0.001
1122.9750001430511	2413.538984	928	0	0.002037	0.001
1125.063000202179	2286.599624	990	0	0.002058	0.001
1126.976000070572	1812.584904	990	0	0.002009	0.001
1128.9750001430511	1912.153424	990	0	0.002184	0.001
1130.976000070572	2742.519544	1050	0	0.002071	0.001
1132.9849998950958	1796.947336	1135	0	0.002283	0.001
1134.9849998950958	2837.314536	1162	0	0.002138	0.001
1136.9860002994537	2837.314536	1162	0	0.00377	0.001
1138.9750001430511	2890.800712	1162	0	0.002004	0.001
1141.0950000286102	2921.428288	1152	0	0.007363	0.001
1142.9649999141693	2921.428288	1152	0	0.002108	0.001
1144.9750001430511	2921.428288	1152	0	0.001904	0.001
1146.9750001430511	526.301344	1134	0	0.002021	0.001
1148.976000070572	3001.385728	1174	0	0.002009	0.001
1150.9750001430511	3413.24164	1168	0	0.001903	0.001
1152.976000070572	2578.00784	1168	0	0.002024	0.001
1155.0250000953674	300.732896	1168	0	0.002502	0.001
1156.983999967575	9.818136	904	0	0.002027	0.001
1159.045000076294	2478.836496	922	0	0.002058	0.001
1160.9830000400543	2709.673808	944	0	0.002063	0.001
1162.9750001430511	2183.080016	944	0	0.002047	0.001
1164.9750001430511	2234.288912	944	0	0.002194	0.001
1166.9750001430511	2649.438784	944	0	0.001942	0.001
1168.9750001430511	2669.635904	964	0	0.002712	0.001
1170.9750001430511	2913.455336	993	0	0.002109	0.001
1172.9750001430511	2913.455336	1010	0	0.002036	0.001
1174.976000070572	2913.455336	1010	0	0.002154	0.001
1176.9769999980927	2913.455336	1010	0	0.001961	0.001
1178.9750001430511	437.459152	1010	0	0.00212	0.001
1180.9750001430511	2787.082944	1024	0	0.001974	0.001
1182.976000070572	2787.082944	1018	0	0.001979	0.001
1185.0150001049042	2707.56164	1040	0	0.002089	0.001
1186.9830000400543	2752.851704	1040	0	0.002016	0.001
1188.9950001239777	256.12864	1040	0	0.001989	0.001
1190.9750001430511	0.263328	1040	0	0.007642	0.001
1192.9750001430511	2719.273048	1096	0	0.001985	0.001
1194.9830000400543	2719.273048	1058	0	0.002099	0.001
1196.9649999141693	2715.55464	960	0	0.002069	0.001
1198.976000070572	2970.681944	1038	0	0.001944	0.001
1201.0650000572205	2602.698128	1038	0	0.002062	0.001
1202.9830000400543	229.799816	1042	0	0.002097	0.001
1205.045000076294	2866.026608	1112	0	0.002086	0.001
1206.976000070572	2866.026608	1038	0	0.00208	0.001
1208.9649999141693	2866.026608	1038	0	0.002002	0.001
1210.9750001430511	88.472504	82	0	0.002028	0.001
1212.9750001430511	414.595648	290	0	0.00201	0.001
1214.9750001430511	733.494192	422	0	0.002132	0.001
1216.9750001430511	1114.281248	526	0	0.001946	0.001
1218.9830000400543	1427.677192	606	0	0.002159	0.001
1220.9750001430511	1758.3762	700	0	0.002054	0.001
1222.9750001430511	1814.289536	700	0	0.00199	0.001
1224.9830000400543	1863.927568	782	0	0.002137	0.001
1226.9750001430511	2210.984608	814	0	0.00198	0.001
1228.9750001430511	1503.761488	858	0	0.00226	0.001
1230.9860002994537	2223.08184	898	0	0.00208	0.001
1233.226000070572	2437.58104	978	0	0.00203	0.001
1235.2750000953674	1720.24984	1024	0	0.002153	0.001
1237.215000152588	1770.176152	1016	0	0.001987	0.001
1239.2249999046326	2411.12264	1016	0	0.001925	0.001
1241.2340002059937	294.786048	648	0	0.001939	0.001
1243.2340002059937	2706.59336	648	0	0.001996	0.001
1245.2340002059937	8.16088	658	0	0.002135	0.001
1247.226000070572	206.384648	678	0	0.00201	0.001
1249.215000152588	2901.526712	678	0	0.002113	0.001
1251.3250000476837	2901.526712	734	0	0.00201	0.001
1253.226000070572	3151.992096	1095	0	0.001977	0.001
1255.093999862671	237.953312	1148	0	0.001997	0.001
1257.226000070572	2199.247304	1148	0	0.002098	0.001
1259.228000164032	2764.987504	1148	0	0.002094	0.001
1261.2350001335144	263.27272	1148	0	0.001978	0.001
1263.2249999046326	110.323808	980	0	0.007208	0.001
1265.255000114441	205.60112	988	0	0.00239	0.001
1267.226000070572	1904.373536	1032	0	0.002185	0.001
1269.2430000305176	2826.596944	1050	0	0.002162	0.001
1271.226000070572	2846.915248	1028	0	0.00202	0.001
1273.2660002708435	3142.630376	1072	0	0.002049	0.001
1275.215000152588	286.732672	1102	0	0.002656	0.001
1277.2249999046326	2814.565904	1112	0	0.002072	0.001
1279.0840001106262	277.733216	1112	0	0.00206	0.001
1281.3159999847412	841.206288	698	0	0.00248	0.001
1283.226000070572	2867.326728	698	0	0.002093	0.001
1285.3030002117157	3080.851056	670	0	0.001936	0.001
1287.2249999046326	123.093232	670	0	0.007184	0.001
1289.2249999046326	2693.00252	670	0	0.002006	0.001
1291.226000070572	2992.21712	1092	0	0.002117	0.001
1293.226000070572	3106.356216	1114	0	0.001992	0.001
1295.2350001335144	117.128408	1094	0	0.001951	0.001
1297.226000070572	147.134336	686	0	0.002216	0.001
1299.244999885559	2403.301	704	0	0.001995	0.001
1301.2249999046326	3176.337736	726	0	0.002049	0.001
1303.0969998836517	3005.283016	742	0	0.00201	0.001
1305.2249999046326	3231.265464	742	0	0.002068	0.001
1307.2239999771118	2688.455624	742	0	0.002034	0.001
1309.2160000801086	808.534248	742	0	0.001914	0.001
1311.2249999046326	2677.99588	742	0	0.00207	0.001
1313.2330000400543	239.518792	650	0	0.002275	0.001
1315.2830002307892	3084.49704	676	0	0.001956	0.001
1317.2249999046326	2472.128416	676	0	0.002048	0.001
1319.215000152588	2649.136568	676	0	0.002033	0.001
1321.2330000400543	2938.463336	676	0	0.002	0.001
1323.228000164032	2704.496624	798	0	0.002361	0.001
1325.2270002365112	157.185752	1122	0	0.007184	0.001
1327.074000120163	2637.046752	1122	0	0.002068	0.001
1329.226000070572	88.268936	1094	0	0.002108	0.001
1331.3150000572205	120.197144	1094	0	0.002077	0.001
1333.2249999046326	235.9384	1014	0	0.002298	0.001
1335.2249999046326	1805.857096	1014	0	0.002179	0.001
1337.2330000400543	2946.858	1064	0	0.001991	0.001
1339.2249999046326	2946.858	1064	0	0.002029	0.001
1341.2249999046326	2946.858	1038	0	0.001981	0.001
1343.2249999046326	170.603824	1038	0	0.002253	0.001
1345.244999885559	157.337856	670	0	0.002569	0.001
1347.2249999046326	3039.62488	706	0	0.002058	0.001
1349.2439999580383	3082.181128	722	0	0.001993	0.001
1351.2340002059937	315.517504	722	0	0.002165	0.001
1353.226000070572	5.77084	724	0	0.002016	0.001
1355.2249999046326	122.984832	4	0	0.002082	0.001
1357.215000152588	295.761696	724	0	0.001956	0.001
1359.2249999046326	2786.858024	724	0	0.001968	0.001
1361.2860000133514	3241.369832	698	0	0.002017	0.001
1363.226000070572	3073.742496	714	0	0.002066	0.001
1365.2750000953674	682.859264	714	0	0.002018	0.001
1367.2249999046326	242.596856	968	0	0.00221	0.001
1369.2330000400543	2137.944696	1158	0	0.002087	0.001
1371.226000070572	291.85524	508	0	0.001975	0.001
1373.2340002059937	1253.060552	548	0	0.002211	0.001
1375.2330000400543	1875.951416	592	0	0.002169	0.001
1377.3359999656677	2404.328352	626	0	0.002068	0.001
1379.226000070572	2626.7438	632	0	0.001987	0.001
1381.3259999752045	269.966096	688	0	0.002223	0.001
1383.226000070572	2728.586712	1044	0	0.002045	0.001
1385.2340002059937	306.89788	1124	0	0.003058	0.001
1387.2249999046326	3121.215	1168	0	0.002091	0.001
1389.2160000801086	3121.215	1152	0	0.002026	0.001
1391.2249999046326	46.709672	1152	0	0.002078	0.001
1393.226000070572	2978.465656	1152	0	0.002159	0.001
1395.255000114441	2978.465656	1138	0	0.002271	0.001
1397.2249999046326	315.375912	1042	0	0.002003	0.001
1399.2249999046326	2985.507472	1082	0	0.001941	0.001
1401.2249999046326	2917.640432	1160	0	0.002082	0.001
1403.226000070572	3392.457136	1165	0	0.002058	0.001
1405.2340002059937	2872.215872	1224	0	0.002252	0.001
1407.226000070572	3514.447632	1229	0	0.002053	0.001
1409.2160000801086	267.780816	1244	0	0.002125	0.001
1411.2960000038147	372.390352	744	0	0.001879	0.001
1413.2249999046326	3215.17492	744	0	0.00201	0.001
1415.2249999046326	126.287408	380	0	0.002019	0.001
1417.2249999046326	1351.183992	414	0	0.002027	0.001
1419.226000070572	1329.95272	446	0	0.0075	0.001
1421.2249999046326	1547.284056	734	0	0.002056	0.001
1423.2249999046326	1202.20932	772	0	0.002054	0.001
1425.2439999580383	2032.007176	822	0	0.00208	0.001
1427.2249999046326	2178.005528	906	0	0.002068	0.001
1429.2850000858307	260.714064	936	0	0.001997	0.001
1431.255000114441	2273.542336	936	0	0.002105	0.001
1433.2350001335144	2478.386424	942	0	0.001957	0.001
1435.2249999046326	2558.036216	946	0	0.00196	0.001
1437.2249999046326	2086.785264	948	0	0.002125	0.001
1439.215000152588	6.593056	1024	0	0.001991	0.001
1441.2249999046326	2882.03664	1024	0	0.002063	0.001
1443.2350001335144	241.219112	1024	0	0.001999	0.001
1445.2249999046326	2795.95636	1024	0	0.002202	0.001
1447.2350001335144	842.364104	636	0	0.00183	0.001
1449.226000070572	2717.848352	636	0	0.002121	0.001
1451.223000049591	2864.407272	636	0	0.002015	0.001
1453.226000070572	247.42524	676	0	0.00201	0.001
1455.2330000400543	2328.24316	706	0	0.002093	0.001
1457.2340002059937	2398.045248	1136	0	0.002149	0.001
1459.226000070572	821.78444	706	0	0.001991	0.001
1461.215000152588	2988.898184	706	0	0.002099	0.001
1463.244999885559	3210.812232	732	0	0.001999	0.001
1465.2350001335144	138.886376	734	0	0.007391	0.001
1467.226000070572	353.878752	734	0	0.002069	0.001
1469.226000070572	2888.717512	754	0	0.002106	0.001
1471.2160000801086	3090.833864	1208	0	0.001925	0.001
1473.226000070572	109.43788	762	0	0.001645	0.001
1475.2850000858307	3540.64316	762	0	0.002115	0.001
1477.2249999046326	261.062304	762	0	0.002241	0.001
1479.3050000667572	2574.807272	762	0	0.002088	0.001
1481.2249999046326	2574.807272	762	0	0.002004	0.001
1483.476000070572	220.752736	208	0	0.002019	0.001
1485.4750001430511	558.810944	296	0	0.002006	0.001
1487.4859998226166	892.227192	454	0	0.002101	0.001
1489.476000070572	1338.983168	580	0	0.00206	0.001
1491.4859998226166	2045.874872	744	0	0.002016	0.001
1493.4950001239777	2204.696768	834	0	0.002097	0.001
1495.4849998950958	251.453376	898	0	0.00201	0.001
1497.4750001430511	128.768336	898	0	0.002076	0.001
1499.4849998950958	2499.044744	898	0	0.002013	0.001
1501.4750001430511	43.775152	954	0	0.002277	0.001
1503.4750001430511	2552.847392	998	0	0.002106	0.001
1505.4750001430511	2651.305472	1000	0	0.002037	0.001
1507.4849998950958	2435.91292	994	0	0.002082	0.001
1509.4059998989105	279.438592	974	0	0.00252	0.001
1511.4750001430511	71.43268	974	0	0.001993	0.001
1513.4939999580383	2585.48796	974	0	0.00206	0.001
1515.4859998226166	2884.369472	966	0	0.002078	0.001
1517.4750001430511	1954.211376	1014	0	0.00216	0.001
1519.4750001430511	281.041016	678	0	0.00196	0.001
1521.4649999141693	2431.065928	678	0	0.002043	0.001
1523.4750001430511	2431.065928	678	0	0.002075	0.001
1525.4750001430511	11.069888	10	0	0.007346	0.001
1527.476000070572	573.373032	266	0	0.002089	0.001
1529.476000070572	257.943312	500	0	0.002037	0.001
1531.476000070572	1630.119584	653	0	0.002005	0.001
1533.351000070572	2025.324696	774	0	0.001953	0.001
1535.4859998226166	2644.823248	904	0	0.002004	0.001
1537.476000070572	82.265416	636	0	0.001709	0.001
1539.5049998760223	2131.255408	646	0	0.002236	0.001
1541.4750001430511	2493.211264	672	0	0.002121	0.001
1543.531000137329	271.114888	672	0	0.002517	0.001
1545.4830000400543	2469.351016	672	0	0.001981	0.001
1547.4859998226166	759.690136	672	0	0.002004	0.001
1549.483999967575	126.872376	692	0	0.001993	0.001
1551.483999967575	3305.259752	708	0	0.001949	0.001
1553.476000070572	630.839512	708	0	0.002178	0.001
1555.555999994278	3115.374264	774	0	0.002064	0.001
1557.4750001430511	3692.091912	778	0	0.002059	0.001
1559.5659999847412	3323.402696	778	0	0.002051	0.001
1561.4769999980927	1082.725624	778	0	0.001996	0.001
1563.4750001430511	293.60368	778	0	0.001938	0.001
1565.4750001430511	3537.695568	778	0	0.002069	0.001
1567.4750001430511	3537.695568	778	0	0.00192	0.001
1569.4750001430511	52.180176	212	0	0.002032	0.001
1571.4849998950958	719.251416	308	0	0.002018	0.001
1573.5240001678467	1236.759576	576	0	0.002073	0.001
1575.4849998950958	1477.021744	626	0	0.002154	0.001
1577.5150001049042	1600.45736	668	0	0.002151	0.001
1579.4750001430511	1711.212144	708	0	0.002014	0.001
1581.476000070572	1604.311296	762	0	0.002076	0.001
1583.4859998226166	2285.315832	870	0	0.002019	0.001
1585.4660000801086	2428.11116	988	0	0.002011	0.001
1587.4750001430511	2346.353304	988	0	0.001976	0.001
1589.5460002422333	2688.05604	1008	0	0.002027	0.001
1591.545000076294	2912.42344	1054	0	0.001978	0.001
1593.4849998950958	2912.42344	1016	0	0.001951	0.001
1595.4769999980927	1123.47336	1016	0	0.002044	0.001
1597.483999967575	240.37944	1066	0	0.001986	0.001
1599.476000070572	3205.528544	1102	0	0.002109	0.001
1601.4750001430511	2911.459072	1194	0	0.001973	0.001
1603.4750001430511	7.928272	1194	0	0.002074	0.001
1605.4830000400543	2888.094624	1194	0	0.001977	0.001
1607.4750001430511	80.564328	1194	0	0.00202	0.001
1609.4750001430511	1360.30328	1194	0	0.002227	0.001
1611.4750001430511	284.301648	1028	0	0.00202	0.001
1613.4750001430511	1951.345664	1056	0	0.002155	0.001
1615.4740002155304	2793.1514	1056	0	0.002064	0.001
1617.4649999141693	2793.1514	1056	0	0.002033	0.001
1619.4660000801086	2793.1514	1048	0	0.001988	0.001
1621.4830000400543	251.577488	160	0	0.002015	0.001
1623.5060002803802	31.000656	332	0	0.007389	0.001
1625.483999967575	257.292272	454	0	0.00204	0.001
1627.4750001430511	69.848112	582	0	0.007112	0.001
1629.4649999141693	1564.650264	654	0	0.002033	0.001
1631.4750001430511	1853.22388	680	0	0.002051	0.001
1633.4750001430511	1942.624104	740	0	0.001933	0.001
1635.4750001430511	2079.463856	786	0	0.002182	0.001
1637.5250000953674	1677.555336	786	0	0.002202	0.001
1639.5650000572205	2220.410104	846	0	0.001954	0.001
1641.4750001430511	2237.074472	830	0	0.002046	0.001
1643.4849998950958	2237.074472	830	0	0.002002	0.001
1645.4750001430511	2304.282904	828	0	0.001988	0.001
-66142.242000103	3.177888	202	122	0.511191	0.076128
-66141.40899991989	6.855304	202	0	0.315242	0.076128
-66141.22999978065	6.855304	202	0	0.15873	0.076128
-66141.02899980545	6.855304	202	0	0.115637	0.076128
-66139.85299992561	3.217064	202	9	0.583939	0.076128
