0.0	5.599048	30	20	0.04371	0.013607
0.6530001163482666	4.274208	30	0	0.065558	0.013607
1.183000087738037	5.546936	32	13	0.046192	0.013607
1.6979999542236328	4.098472	32	0	0.076533	0.013607
1.885000228881836	4.798544	30	19	0.061564	0.013607
2.0210001468658447	6.21772	30	0	0.051682	0.013607
2.7230000495910645	2.794776	30	0	0.081216	0.013607
4.5320000648498535	4.617656	32	25	0.048414	0.013607
6.16700005531311	3.401456	26	0	0.070549	0.013607
7.367000102996826	5.554272	28	24	0.051327	0.013607
8.342000007629395	3.99448	30	0	0.078474	0.013607
9.639999866485596	3.38668	36	0	0.114143	0.013607
10.073000192642212	4.335296	34	27	0.078052	0.013607
11.95199990272522	5.500184	32	0	0.026287	0.013607
13.95199990272522	5.950312	34	0	0.042528	0.013607
15.95300006866455	5.704896	30	0	0.037359	0.013607
17.812000274658203	6.465832	32	0	0.043275	0.013607
19.950999975204468	5.235904	32	0	0.046563	0.013607
21.950999975204468	7.053848	34	0	0.055039	0.013607
23.953999996185303	4.625552	34	0	0.061007	0.013607
25.95300006866455	7.710504	38	0	0.063221	0.013607
27.95199990272522	5.290216	38	0	0.066898	0.013607
29.95300006866455	7.175424	34	0	0.042084	0.013607
31.953999996185303	7.85276	32	0	0.031854	0.013607
33.956000089645386	5.679688	34	0	0.037264	0.013607
35.849000215530396	3.191184	32	0	0.072551	0.013607
37.95300006866455	5.472192	40	0	0.06571	0.013607
39.95199990272522	7.073272	34	0	0.040764	0.013607
41.823999881744385	6.981696	36	0	0.047465	0.013607
44.301000118255615	8.994344	38	0	0.039392	0.013607
45.95199990272522	2.399736	34	0	0.063487	0.013607
47.95300006866455	6.251456	32	0	0.043267	0.013607
49.95099997520447	6.443304	32	0	0.053102	0.013607
51.95199990272522	5.601072	32	0	0.035382	0.013607
53.95300006866455	5.383976	30	0	0.056163	0.013607
55.9539999961853	5.632584	36	0	0.029653	0.013607
57.954999923706055	5.033056	32	0	0.061619	0.013607
59.95300006866455	6.92216	32	0	0.034767	0.013607
61.95099997520447	2.248504	34	0	0.063017	0.013607
63.9539999961853	3.433072	36	0	0.083249	0.013607
65.92700004577637	2.34536	30	0	0.100874	0.013607
67.95099997520447	4.021256	32	0	0.048422	0.013607
69.95000004768372	6.001328	34	0	0.042647	0.013607
71.95099997520447	5.555608	34	0	0.050653	0.013607
73.9539999961853	4.55192	34	0	0.040868	0.013607
75.95099997520447	5.10724	28	0	0.03634	0.013607
77.95199990272522	6.449256	34	0	0.070836	0.013607
79.95099997520447	6.5904	34	0	0.053285	0.013607
81.95199990272522	6.863856	32	0	0.049263	0.013607
83.95099997520447	6.896952	32	0	0.039518	0.013607
85.95300006866455	2.251856	30	0	0.086635	0.013607
87.95499992370605	4.266568	34	0	0.098501	0.013607
89.9539999961853	3.462856	30	0	0.039637	0.013607
91.95099997520447	4.460928	28	0	0.077319	0.013607
93.95499992370605	5.362856	34	0	0.076277	0.013607
95.9610002040863	3.528976	32	18	0.101535	0.013607
99.37400007247925	3.995832	24	0	0.046698	0.013607
100.31500005722046	8.116936	30	27	0.040984	0.013607
101.95099997520447	5.671608	30	0	0.043164	0.013607
103.95099997520447	3.467312	30	0	0.108848	0.013607
105.95499992370605	6.748216	30	0	0.048076	0.013607
107.95000004768372	2.284968	30	0	0.078863	0.013607
109.95099997520447	6.828976	42	0	0.081338	0.013607
111.95199990272522	4.823088	28	0	0.046722	0.013607
113.95700001716614	7.491208	32	0	0.042388	0.013607
115.95099997520447	7.1286	34	0	0.048004	0.013607
117.95099997520447	4.623752	34	0	0.039919	0.013607
119.95600008964539	5.426896	30	0	0.066307	0.013607
121.95099997520447	6.852448	36	0	0.054122	0.013607
123.95099997520447	3.724296	34	0	0.039966	0.013607
125.95099997520447	5.709032	30	0	0.047569	0.013607
127.95099997520447	6.015904	26	0	0.046702	0.013607
129.96000003814697	5.025656	28	0	0.059465	0.013607
131.95000004768372	6.534208	38	0	0.055893	0.013607
133.95000004768372	5.395456	32	0	0.05095	0.013607
135.95499992370605	7.64252	38	0	0.040745	0.013607
137.94900012016296	5.760024	36	0	0.044573	0.013607
139.95099997520447	7.685328	36	0	0.043614	0.013607
141.95199990272522	7.679488	32	0	0.043783	0.013607
143.95000004768372	6.862864	34	0	0.049603	0.013607
145.95600008964539	5.64912	36	0	0.067572	0.013607
147.95899987220764	3.703576	36	0	0.062436	0.013607
149.95300006866455	5.753816	34	0	0.037876	0.013607
151.95099997520447	5.168848	34	0	0.054031	0.013607
153.94900012016296	5.59228	30	0	0.057878	0.013607
155.95499992370605	5.992064	34	0	0.063479	0.013607
157.95000004768372	4.133872	34	0	0.085978	0.013607
159.95099997520447	5.674808	30	0	0.04763	0.013607
161.94900012016296	6.839736	34	0	0.057255	0.013607
163.95300006866455	7.768536	34	0	0.03259	0.013607
165.95000004768372	5.493288	36	0	0.043135	0.013607
167.95199990272522	5.55148	34	0	0.058171	0.013607
169.95300006866455	5.778936	34	0	0.07645	0.013607
171.9539999961853	7.776296	36	0	0.03719	0.013607
173.95199990272522	5.596544	32	0	0.032949	0.013607
175.94900012016296	4.61832	36	0	0.093608	0.013607
177.94900012016296	2.55448	36	0	0.043928	0.013607
179.95300006866455	5.478504	34	0	0.065506	0.013607
181.95199990272522	6.32352	30	0	0.027072	0.013607
183.95099997520447	6.058296	32	0	0.069668	0.013607
185.95000004768372	4.108872	30	0	0.045498	0.013607
188.03800010681152	2.625	4	0	0.090489	0.013607
190.010999917984	5.4432	34	0	0.062727	0.013607
191.9610002040863	7.344128	30	0	0.041684	0.013607
193.95000004768372	6.46112	34	0	0.051542	0.013607
196.2020001411438	6.364	36	0	0.063627	0.013607
198.2020001411438	6.331808	34	0	0.038125	0.013607
200.20100021362305	5.284488	34	0	0.056843	0.013607
202.17400002479553	6.914944	34	29	0.033688	0.013607
204.77800011634827	7.958368	42	0	0.04069	0.013607
207.19799995422363	5.225688	38	38	0.063019	0.013607
209.37000012397766	3.836912	40	0	0.078249	0.013607
210.6710000038147	6.702152	38	29	0.053874	0.013607
212.08400011062622	5.53764	32	0	0.053256	0.013607
214.19999980926514	5.334304	36	0	0.057118	0.013607
216.02699995040894	6.632216	36	35	0.043683	0.013607
218.20400023460388	6.941616	38	0	0.057927	0.013607
220.20100021362305	5.515584	30	0	0.073167	0.013607
221.98200011253357	7.22772	36	0	0.03612	0.013607
224.20100021362305	6.266448	36	0	0.048803	0.013607
226.20300006866455	6.757224	36	0	0.045995	0.013607
228.19899988174438	6.221688	36	0	0.059093	0.013607
230.19999980926514	5.161672	42	0	0.092177	0.013607
232.2020001411438	3.81076	34	0	0.070285	0.013607
234.2020001411438	3.12776	32	0	0.045059	0.013607
236.20900011062622	2.901248	32	0	0.080136	0.013607
238.19899988174438	7.244304	32	0	0.02963	0.013607
240.19999980926514	4.653752	34	0	0.05934	0.013607
242.19999980926514	3.071544	36	0	0.0387	0.013607
244.21200013160706	7.391232	32	0	0.035553	0.013579
246.2079999446869	7.313136	32	0	0.044998	0.013579
248.2020001411438	5.535976	30	0	0.04115	0.013579
250.19999980926514	1.109976	36	0	0.067706	0.013579
252.20900011062622	7.837832	32	0	0.047444	0.013579
254.20100021362305	8.360984	56	0	0.07243	0.013579
256.1989998817444	3.188776	40	0	0.043518	0.013579
258.19999980926514	6.940496	32	0	0.035863	0.013579
260.19999980926514	5.126088	32	0	0.035007	0.013579
262.20500016212463	4.542144	34	0	0.1075	0.013579
264.2060000896454	8.579352	36	0	0.039443	0.013579
266.20100021362305	3.265968	22	0	0.081466	0.013579
268.19799995422363	4.597216	30	0	0.053514	0.013579
270.2040002346039	5.04876	32	0	0.035587	0.013579
272.19999980926514	3.532184	36	0	0.086121	0.013579
274.20300006866455	7.618616	36	0	0.055	0.013579
276.19999980926514	8.410944	38	0	0.036324	0.013579
278.19799995422363	7.098904	38	0	0.053727	0.013579
280.1989998817444	2.540072	38	0	0.057668	0.013579
282.1989998817444	7.205272	40	0	0.039005	0.013579
284.1989998817444	7.917224	38	0	0.043087	0.013579
286.2040002346039	7.721848	44	0	0.058419	0.013579
288.2149999141693	5.80704	30	0	0.031408	0.013579
290.19799995422363	5.461176	32	0	0.055781	0.013579
292.1970000267029	7.634816	40	0	0.051241	0.013579
294.1989998817444	7.15004	36	0	0.038378	0.013579
296.20100021362305	6.62244	42	0	0.048088	0.013579
298.20100021362305	9.246568	42	0	0.045556	0.013579
300.19799995422363	7.378392	40	0	0.052122	0.013579
302.20100021362305	5.81776	42	0	0.06266	0.013579
304.19799995422363	7.720048	42	0	0.045904	0.013579
306.20100021362305	7.023848	34	0	0.032561	0.013579
308.1989998817444	6.41212	38	0	0.041216	0.013579
310.1989998817444	2.314704	38	0	0.03721	0.013579
312.20100021362305	7.079552	38	0	0.038749	0.013579
314.2020001411438	5.225576	38	0	0.03431	0.013579
316.1970000267029	4.821288	38	0	0.087198	0.013579
318.19799995422363	5.851776	38	0	0.070672	0.013579
320.19799995422363	6.20476	40	0	0.063942	0.013579
322.20100021362305	5.085856	36	0	0.035168	0.013579
324.1989998817444	6.45552	40	0	0.059377	0.013579
326.1970000267029	5.997528	32	0	0.054428	0.013579
328.19999980926514	5.212592	38	0	0.050313	0.013579
330.1989998817444	7.503912	36	0	0.038773	0.013579
332.2040002346039	8.932616	50	0	0.048065	0.013579
334.1970000267029	6.191904	40	0	0.074462	0.013579
336.1989998817444	7.802952	38	0	0.057885	0.013579
338.1970000267029	5.9386	36	0	0.042486	0.013579
340.19799995422363	6.132168	38	0	0.051677	0.013579
342.19799995422363	7.499896	38	0	0.043158	0.013579
344.1970000267029	7.589336	44	0	0.060036	0.013579
346.1989998817444	4.675256	44	0	0.079246	0.013579
348.1970000267029	8.255208	54	0	0.029271	0.013579
350.19999980926514	6.00024	54	0	0.071114	0.013579
352.1970000267029	5.759048	54	0	0.091202	0.013579
354.20100021362305	10.26072	52	0	0.045763	0.013579
356.19799995422363	6.739864	46	0	0.042543	0.013579
358.19799995422363	11.467448	46	0	0.041826	0.013579
360.19999980926514	11.675384	50	0	0.032433	0.013579
362.19799995422363	5.885728	50	0	0.090143	0.013579
364.1970000267029	3.153496	42	0	0.044632	0.013579
366.1970000267029	7.116344	48	0	0.057817	0.013579
368.19799995422363	0.33312	48	0	0.096531	0.013579
370.20100021362305	12.163696	46	0	0.046273	0.013579
372.19999980926514	8.119752	46	0	0.063727	0.013579
374.1989998817444	5.27132	38	0	0.075364	0.013579
376.2040002346039	7.55644	46	0	0.027503	0.013579
378.1989998817444	8.353264	50	0	0.075375	0.013579
380.20500016212463	6.992336	36	0	0.031366	0.013579
382.20300006866455	7.713752	50	0	0.052205	0.013579
384.19600009918213	7.24044	52	0	0.050731	0.013579
386.1970000267029	7.711096	52	0	0.08149	0.013579
388.1970000267029	4.324368	42	0	0.06825	0.013579
390.19999980926514	8.088104	42	0	0.025517	0.013579
392.59500002861023	6.432192	38	33	0.067686	0.013579
394.22300004959106	10.489208	42	0	0.033491	0.013579
396.20100021362305	6.58028	34	0	0.039037	0.013579
398.1989998817444	7.958208	40	0	0.035957	0.013579
400.1989998817444	7.659976	48	0	0.070783	0.013579
403.37599992752075	5.588288	36	22	0.068805	0.013579
407.3180000782013	5.045352	30	0	0.059994	0.013579
408.470999956131	5.659	34	0	0.054971	0.013579
411.17700004577637	3.276296	28	28	0.102116	0.013579
414.3839998245239	7.506792	32	0	0.039285	0.013579
416.58399987220764	7.651608	42	8	0.04459	0.013579
417.7770001888275	7.177784	36	0	0.0386	0.013579
419.01399993896484	7.624016	40	21	0.027188	0.013579
419.9539999961853	10.521256	46	0	0.055366	0.013579
420.62000012397766	9.599472	46	0	0.044925	0.013579
422.19799995422363	7.763792	36	0	0.047779	0.013579
424.61300015449524	6.865592	34	0	0.028865	0.013579
426.1970000267029	5.523216	36	0	0.050928	0.013579
428.1989998817444	7.347888	38	0	0.049017	0.013579
430.19600009918213	6.523368	36	0	0.051904	0.013579
432.2020001411438	4.441416	34	0	0.034575	0.013579
434.1970000267029	9.292328	36	0	0.034853	0.013579
436.19999980926514	4.076016	40	0	0.066038	0.013579
438.19600009918213	5.988696	50	0	0.095628	0.013579
440.2020001411438	2.659528	42	0	0.080545	0.013579
444.1779999732971	4.921144	40	0	0.056956	0.013579
445.5000002384186	5.369392	32	0	0.054865	0.013579
446.8250000476837	3.507088	27	23	0.097152	0.013579
448.4470000267029	4.501024	32	0	0.055354	0.013579
450.4500000476837	6.434008	34	0	0.037589	0.013579
452.44600009918213	7.660448	36	0	0.035899	0.013579
454.4470000267029	6.08016	30	0	0.043926	0.013579
456.44600009918213	6.602408	30	0	0.036981	0.013579
458.44900012016296	4.575784	32	0	0.033111	0.013579
460.4470000267029	6.67532	36	0	0.035502	0.013579
463.09100008010864	3.448344	26	0	0.083455	0.013579
465.29300022125244	4.294208	34	34	0.090398	0.013579
466.9370000362396	1.956552	36	0	0.04957	0.013579
468.45099997520447	6.741528	36	0	0.059529	0.013579
470.8949999809265	2.97584	34	2	0.11949	0.013579
474.4539999961853	4.458512	30	0	0.039745	0.013579
475.7039999961853	5.93108	34	33	0.050123	0.013579
477.7740001678467	6.068248	36	0	0.057123	0.013579
479.31500005722046	5.245592	32	0	0.038086	0.013579
480.44600009918213	6.975104	38	0	0.063612	0.013579
482.4450001716614	3.907848	34	0	0.100104	0.013579
484.2650001049042	5.998024	23	0	0.037634	0.013579
486.4500000476837	4.5344	28	0	0.051911	0.013579
488.30800008773804	5.250944	32	0	0.037694	0.013579
490.44900012016296	4.324736	28	0	0.065996	0.013579
492.45099997520447	5.7414	34	0	0.036563	0.013579
494.44600009918213	5.51764	24	0	0.035269	0.013579
496.4450001716614	5.379296	30	0	0.056686	0.013579
498.4450001716614	5.412416	28	0	0.034115	0.013579
500.4450001716614	4.292008	28	0	0.058237	0.013579
502.4470000267029	4.890944	26	0	0.039754	0.013579
504.4450001716614	6.091216	34	0	0.05735	0.013579
506.44900012016296	5.012576	30	0	0.065315	0.013579
508.4470000267029	7.059808	34	0	0.037311	0.013579
510.45099997520447	6.635144	34	0	0.04347	0.013579
512.3039999008179	8.155048	34	0	0.045084	0.013579
514.4479999542236	3.264872	36	0	0.072612	0.013579
516.4450001716614	4.320768	32	0	0.063844	0.013579
518.4460000991821	5.648824	38	0	0.063936	0.013579
520.4450001716614	5.582736	38	0	0.06307	0.013579
522.4450001716614	7.389992	36	0	0.052644	0.013579
524.4460000991821	3.41684	36	0	0.038979	0.013579
526.4450001716614	7.033192	36	0	0.03393	0.013579
528.4450001716614	6.948456	34	0	0.026103	0.013579
530.4460000991821	6.506832	38	0	0.046798	0.013579
532.4479999542236	7.35216	34	0	0.053012	0.013579
534.4450001716614	5.024376	34	0	0.045101	0.013579
536.4450001716614	5.225944	38	0	0.027614	0.013579
538.4450001716614	7.048456	40	0	0.072575	0.013579
540.4440002441406	6.76672	34	0	0.049628	0.013579
542.4500000476837	6.660488	34	0	0.042693	0.013579
544.4460000991821	8.037496	30	0	0.027647	0.014004
546.4460000991821	8.037152	32	0	0.040909	0.014004
548.4450001716614	4.53768	32	0	0.034011	0.014004
550.4450001716614	7.11128	38	0	0.052934	0.014004
552.4450001716614	6.808744	32	0	0.040062	0.014004
554.4450001716614	5.556344	30	0	0.056531	0.014004
556.4450001716614	6.977296	34	0	0.057395	0.014004
558.4470000267029	8.750416	36	0	0.0437	0.014004
560.3199999332428	5.635408	36	0	0.048268	0.014004
562.4460000991821	6.668112	34	0	0.031141	0.014004
564.4509999752045	7.22664	34	0	0.048924	0.014004
566.4440002441406	5.730672	40	0	0.082491	0.014004
568.4440002441406	9.279248	38	0	0.026207	0.014004
570.4470000267029	7.48136	44	0	0.042331	0.014004
572.4450001716614	6.566072	40	0	0.041266	0.014004
574.4450001716614	7.642304	46	0	0.048764	0.014004
576.4440002441406	6.38976	48	0	0.070052	0.014004
578.449000120163	5.847856	36	0	0.055891	0.014004
580.4440002441406	7.637944	34	0	0.031535	0.014004
582.4450001716614	10.976408	44	0	0.026847	0.014004
584.3400001525879	3.439456	40	0	0.066512	0.014004
586.4440002441406	3.75348	40	0	0.098819	0.014004
588.4440002441406	7.622528	36	0	0.031276	0.014004
590.4440002441406	6.675152	38	38	0.052711	0.014004
592.4450001716614	11.211104	50	0	0.027651	0.014004
594.4460000991821	7.026776	34	0	0.047813	0.014004
596.4460000991821	7.284272	36	0	0.056186	0.014004
598.4500000476837	4.809432	34	0	0.052696	0.014004
600.4460000991821	1.606136	44	0	0.059101	0.014004
602.4450001716614	7.001512	38	0	0.056199	0.014004
604.4430000782013	7.651728	40	0	0.043589	0.014004
606.4479999542236	4.972064	34	0	0.061248	0.014004
608.4440002441406	6.204568	36	0	0.0481	0.014004
610.4460000991821	2.210528	38	0	0.045215	0.014004
612.4440002441406	8.506736	42	0	0.039201	0.014004
614.4430000782013	1.901256	46	0	0.040239	0.014004
616.4460000991821	9.150856	44	0	0.032786	0.014004
618.4440002441406	10.293336	42	0	0.041871	0.014004
620.4440002441406	8.058176	40	0	0.04861	0.014004
622.4440002441406	6.994784	40	0	0.045181	0.014004
624.4450001716614	7.352432	52	0	0.06616	0.014004
626.4440002441406	9.564944	44	0	0.057653	0.014004
628.4440002441406	12.390712	50	0	0.0339	0.014004
630.4440002441406	4.86068	40	0	0.083684	0.014004
632.4460000991821	8.160944	40	0	0.045356	0.014004
634.4460000991821	4.829224	42	0	0.047551	0.014004
636.4440002441406	8.436184	86	0	0.049364	0.014004
638.4460000991821	9.494872	42	0	0.066934	0.014004
640.449000120163	6.1248	32	0	0.043887	0.014004
642.4450001716614	8.12804	32	0	0.029368	0.014004
644.4470000267029	3.533768	36	0	0.03867	0.014004
646.4470000267029	1.623768	34	0	0.046281	0.014004
648.4470000267029	7.271368	32	0	0.037406	0.014004
650.4440002441406	5.729584	28	0	0.041678	0.014004
652.4470000267029	4.470144	30	0	0.062226	0.014004
654.4450001716614	5.952008	36	0	0.075181	0.014004
656.4470000267029	7.678592	36	0	0.040234	0.014004
658.4479999542236	6.448912	38	0	0.054953	0.014004
660.4450001716614	4.105	38	0	0.079939	0.014004
662.4470000267029	5.660328	36	0	0.049375	0.014004
664.4470000267029	6.705048	38	0	0.048077	0.014004
666.4430000782013	8.410752	44	0	0.060096	0.014004
668.4460000991821	6.67312	36	0	0.066778	0.014004
670.449000120163	5.679048	34	0	0.040143	0.014004
672.4570000171661	6.619832	38	0	0.060376	0.014004
674.4470000267029	3.273312	32	0	0.036643	0.014004
676.4430000782013	7.269752	36	0	0.056149	0.014004
678.4440002441406	5.765304	50	0	0.084868	0.014004
680.4460000991821	8.744832	44	0	0.045765	0.014004
682.4470000267029	7.426448	44	0	0.064363	0.014004
684.4430000782013	6.05008	46	0	0.045096	0.014004
686.4450001716614	8.46036	40	0	0.043338	0.014004
688.4460000991821	6.299336	42	0	0.053676	0.014004
690.4479999542236	4.71728	36	0	0.036765	0.014004
692.4450001716614	1.690768	34	0	0.069827	0.014004
694.4420001506805	6.605304	40	0	0.059209	0.014004
696.4430000782013	7.277936	40	0	0.065888	0.014004
698.4420001506805	3.66668	36	0	0.043888	0.014004
700.4440002441406	4.915536	26	0	0.042987	0.014004
702.6989998817444	4.591712	32	0	0.049098	0.014004
704.6930000782013	4.389784	30	0	0.050773	0.014004
706.6970000267029	5.3058	34	0	0.066087	0.014004
708.6970000267029	6.329888	30	0	0.030202	0.014004
710.6930000782013	9.516472	36	0	0.033774	0.014004
712.6970000267029	3.789864	30	0	0.048865	0.014004
714.6979999542236	3.049336	32	0	0.036791	0.014004
716.6920001506805	5.398992	30	0	0.042369	0.014004
718.6979999542236	5.141496	32	0	0.068014	0.014004
720.6920001506805	5.697656	32	0	0.042789	0.014004
722.6930000782013	7.053504	28	0	0.040196	0.014004
724.6959998607635	4.990768	34	0	0.050067	0.014004
726.6930000782013	6.974168	34	0	0.0471	0.014004
728.6949999332428	6.51844	32	0	0.045845	0.014004
730.6920001506805	7.036016	34	0	0.053132	0.014004
732.6920001506805	6.596384	4	0	0.02377	0.014004
734.6930000782013	4.222424	36	0	0.08086	0.014004
736.694000005722	8.086264	42	0	0.040403	0.014004
738.6920001506805	6.308304	38	0	0.063914	0.014004
740.6970000267029	5.651152	36	0	0.071507	0.014004
742.6949999332428	6.379992	38	0	0.066273	0.014004
744.6920001506805	6.524408	34	0	0.059241	0.014004
746.6949999332428	7.278904	32	0	0.030102	0.013287
748.694000005722	4.861496	30	0	0.064792	0.013287
750.6490001678467	6.570856	28	0	0.038287	0.013287
752.6949999332428	10.47448	32	0	0.029193	0.013287
754.6949999332428	4.60828	32	0	0.052702	0.013287
758.0629999637604	5.9844	28	0	0.05326	0.013287
759.8639998435974	2.786672	32	23	0.034709	0.013287
760.6949999332428	4.684672	32	0	0.066724	0.013287
762.6959998607635	8.355936	30	0	0.035717	0.013287
764.789999961853	4.029352	34	0	0.0581	0.013287
766.6920001506805	8.028136	36	0	0.040417	0.013287
768.694000005722	6.811264	38	0	0.045827	0.013287
770.694000005722	5.958608	34	0	0.063092	0.013287
772.694000005722	4.079096	30	0	0.055976	0.013287
774.6930000782013	5.737368	32	0	0.063793	0.013287
776.6890001296997	3.94716	34	0	0.041433	0.013287
778.694000005722	6.131392	34	0	0.0428	0.013287
780.6920001506805	4.671704	32	0	0.061168	0.013287
782.6920001506805	6.26032	34	0	0.056467	0.013287
784.6989998817444	3.414576	28	0	0.087019	0.013287
786.6930000782013	5.404144	24	0	0.052509	0.013287
788.6909999847412	6.896768	28	0	0.037006	0.013287
790.6909999847412	7.058816	32	0	0.03238	0.013287
792.701000213623	5.4738	30	0	0.033285	0.013287
794.6909999847412	3.24712	32	0	0.085125	0.013287
796.6909999847412	4.973512	34	0	0.035489	0.013287
798.6920001506805	8.292616	34	0	0.040726	0.013287
800.6909999847412	10.047872	40	0	0.028109	0.013287
802.6909999847412	5.59312	36	0	0.074852	0.013287
804.6909999847412	6.93932	34	0	0.056416	0.013287
806.6909999847412	7.377568	34	0	0.049008	0.013287
808.6909999847412	6.859992	34	0	0.040305	0.013287
810.6949999332428	6.97944	36	0	0.048644	0.013287
812.6920001506805	5.949232	36	0	0.058055	0.013287
814.8980000019073	5.415216	28	26	0.044519	0.013287
816.6930000782013	5.479448	30	0	0.062756	0.013287
818.694000005722	4.656584	32	0	0.044227	0.013287
820.694000005722	3.454328	32	0	0.07993	0.013287
822.6930000782013	2.267256	30	0	0.045745	0.013287
824.6930000782013	2.848928	30	0	0.058571	0.013287
827.2430000305176	4.832008	32	0	0.045184	0.013287
828.8069999217987	4.318688	30	0	0.052883	0.013287
830.6920001506805	8.072072	30	0	0.036311	0.013287
832.694000005722	5.471576	28	0	0.050341	0.013287
834.6349999904633	4.924544	42	0	0.086813	0.013287
836.6930000782013	7.487176	32	0	0.048642	0.013287
838.6920001506805	7.060416	38	0	0.034336	0.013287
840.6959998607635	7.466224	38	0	0.05799	0.013287
842.6959998607635	4.133592	40	0	0.095012	0.013287
845.5659999847412	5.224888	34	34	0.064223	0.013287
846.694000005722	3.00244	34	0	0.113178	0.013287
848.6920001506805	7.697016	33	0	0.028251	0.013287
850.694000005722	5.170688	36	0	0.048319	0.013287
852.694000005722	9.384352	40	0	0.032296	0.013287
854.6930000782013	5.525168	28	0	0.052761	0.013287
856.694000005722	7.567648	34	0	0.050375	0.013287
858.6310000419617	6.460376	36	0	0.062578	0.013287
862.0499999523163	4.27648	30	0	0.038875	0.013287
864.7999999523163	5.482632	36	34	0.057146	0.013287
865.7190001010895	5.612544	34	0	0.038896	0.013287
866.6319999694824	6.057008	34	0	0.054495	0.013287
868.6930000782013	1.964072	36	0	0.054034	0.013287
870.6930000782013	4.362568	32	0	0.052246	0.013287
872.6920001506805	7.812944	36	0	0.031413	0.013287
874.694000005722	5.173024	40	0	0.086082	0.013287
876.6930000782013	9.626576	34	0	0.042639	0.013287
878.670000076294	9.742072	34	20	0.029317	0.013287
880.6890001296997	8.087016	36	0	0.032784	0.013287
882.6949999332428	7.022352	32	0	0.039151	0.013287
884.694000005722	7.661248	30	0	0.042521	0.013287
886.694000005722	6.979864	32	0	0.037738	0.013287
888.7050001621246	6.072104	34	0	0.047997	0.013287
890.6930000782013	8.28504	30	0	0.038003	0.013287
892.6930000782013	3.348432	28	0	0.08363	0.013287
894.6930000782013	5.142536	30	0	0.04129	0.013287
896.6930000782013	7.679376	66	0	0.065479	0.013287
898.694000005722	6.545928	40	0	0.058398	0.013287
900.694000005722	6.661696	52	0	0.085841	0.013287
902.6959998607635	7.762616	38	0	0.047198	0.013287
904.6930000782013	5.384472	34	0	0.046462	0.013287
906.694000005722	7.1472	42	0	0.051592	0.013287
908.6949999332428	12.271248	40	0	0.040079	0.013287
910.6930000782013	6.1408	32	14	0.057813	0.013287
912.8290002346039	3.215632	28	0	0.064222	0.013287
914.694000005722	7.87276	42	0	0.059636	0.013287
916.7519998550415	6.863944	32	23	0.046355	0.013287
918.6930000782013	7.983328	34	0	0.029301	0.013287
920.6949999332428	6.494096	28	0	0.045937	0.013287
922.6979999542236	5.089184	32	0	0.051747	0.013287
924.7850000858307	6.389592	36	0	0.075517	0.013287
926.694000005722	4.953656	36	0	0.059735	0.013287
928.6970000267029	5.301024	36	0	0.035212	0.013287
930.6930000782013	10.929288	46	0	0.027906	0.013287
932.6959998607635	5.53156	38	0	0.045043	0.013287
934.6970000267029	5.393256	34	0	0.043331	0.013287
936.6949999332428	8.45172	34	0	0.039158	0.013287
938.6959998607635	2.746328	36	0	0.153832	0.013287
940.694000005722	6.713808	38	0	0.054911	0.013287
942.694000005722	4.494448	36	0	0.06471	0.013287
944.6959998607635	5.474144	36	0	0.052707	0.013287
946.694000005722	3.730312	32	0	0.076692	0.013287
948.694000005722	10.351944	40	0	0.056407	0.013287
950.6949999332428	10.26052	44	0	0.034362	0.013287
952.694000005722	1.825992	30	0	0.069261	0.013287
954.940000295639	5.982928	54	0	0.05073	0.013287
956.940000295639	13.353472	52	0	0.033641	0.013287
958.7810001373291	10.808768	52	0	0.044868	0.013287
960.9410002231598	16.281896	58	0	0.032791	0.013287
962.9430000782013	5.477952	56	0	0.116157	0.013287
964.940000295639	6.211936	58	0	0.098158	0.013287
966.940000295639	12.236088	60	0	0.046448	0.013287
968.9389998912811	6.904248	54	0	0.069203	0.013287
970.9410002231598	7.015984	54	0	0.038753	0.013287
972.9389998912811	6.492712	60	0	0.082809	0.013287
974.940000295639	11.069064	58	0	0.058025	0.013287
976.9470000267029	10.896248	56	0	0.066927	0.013287
978.949000120163	5.255168	52	0	0.085686	0.013287
980.949000120163	7.03532	50	0	0.044738	0.013287
982.9470000267029	7.772016	52	0	0.054909	0.013287
984.9410002231598	6.561512	32	0	0.038357	0.013287
986.9379999637604	9.97416	48	0	0.041584	0.013287
988.9379999637604	13.449792	52	0	0.034952	0.013287
990.940000295639	7.028648	52	0	0.090375	0.013287
992.940000295639	6.985472	56	0	0.070206	0.013287
994.9430000782013	13.923704	56	0	0.029191	0.013287
996.9389998912811	14.81176	62	0	0.053134	0.013287
998.9379999637604	9.717136	56	0	0.066649	0.013287
1000.9389998912811	10.230032	48	0	0.060968	0.013287
1002.940000295639	14.376584	56	0	0.035892	0.013287
1004.9389998912811	10.013824	66	0	0.071188	0.013287
1006.9389998912811	7.584784	44	0	0.073058	0.013287
1008.9410002231598	7.240064	54	0	0.0701	0.013287
1010.9379999637604	6.378952	56	0	0.081286	0.013287
1012.9450001716614	6.652272	38	0	0.06721	0.013287
1014.940000295639	3.585416	32	0	0.049697	0.013287
1016.9410002231598	9.9312	38	0	0.041681	0.013287
1018.9410002231598	5.157336	42	0	0.095685	0.013287
1020.940000295639	13.45932	48	0	0.022571	0.013287
1022.9389998912811	12.896576	56	0	0.041212	0.013287
1024.9430000782013	4.611856	52	0	0.103858	0.013287
1026.9389998912811	4.815432	46	0	0.095328	0.013287
1028.9430000782013	4.727536	30	0	0.04657	0.013287
1031.5789999961853	5.338904	26	14	0.033635	0.013287
1035.0309998989105	12.186056	46	0	0.029842	0.013287
1037.6640000343323	4.191576	30	0	0.061081	0.013287
1039.151999950409	6.373648	34	8	0.044503	0.013287
1040.6200001239777	5.693112	30	0	0.050542	0.013287
1042.1930000782013	7.04576	30	16	0.028272	0.013287
1042.9389998912811	4.688656	30	0	0.058058	0.013287
1044.978000164032	8.47424	34	0	0.043715	0.013287
1048.869000196457	9.332008	42	35	0.032752	0.013775
1050.0780000686646	7.569816	34	0	0.051061	0.013775
1051.1419999599457	9.530472	36	22	0.026179	0.013775
1052.940000295639	8.856536	38	0	0.022843	0.013775
1054.9389998912811	8.996808	36	0	0.024729	0.013775
1056.9410002231598	12.413856	44	0	0.046992	0.013775
1058.9470000267029	2.636936	42	0	0.064564	0.013775
1060.8710000514984	6.531064	34	0	0.052652	0.013775
1062.8680002689362	6.016016	30	0	0.05946	0.012334
1064.9420001506805	4.088136	28	0	0.0433	0.012334
1066.944000005722	7.949632	26	0	0.030803	0.012334
1068.944000005722	4.041376	30	0	0.09055	0.012334
1070.9379999637604	6.25696	26	0	0.038809	0.012334
1072.9389998912811	7.081704	32	0	0.047838	0.012334
1074.9379999637604	7.269392	40	0	0.026619	0.012334
1076.940000295639	5.126464	40	0	0.071997	0.012334
1078.9370000362396	6.063008	40	0	0.029025	0.012334
1080.9370000362396	12.856768	52	0	0.029526	0.012334
1082.9370000362396	15.92412	56	0	0.030398	0.012334
1084.9379999637604	11.175904	46	0	0.037704	0.012334
1086.9370000362396	4.337952	44	0	0.085127	0.012334
1088.9509999752045	5.830056	34	0	0.039342	0.012334
1090.9379999637604	10.11816	40	0	0.029205	0.012334
1092.9420001506805	11.081976	46	0	0.02979	0.012334
1094.9389998912811	12.823472	48	0	0.033842	0.012334
1096.9370000362396	10.821072	52	0	0.039815	0.012334
1098.9379999637604	10.343952	46	0	0.041237	0.012334
1100.9379999637604	4.184528	36	0	0.047379	0.012334
1102.9420001506805	7.960944	32	0	0.049818	0.012334
1104.9379999637604	4.14716	34	0	0.084268	0.012334
1106.9370000362396	10.794152	42	0	0.032545	0.012334
1108.9420001506805	5.997992	40	0	0.061374	0.012334
1110.9379999637604	9.6616	36	0	0.044567	0.012334
1112.9379999637604	8.691712	42	0	0.03207	0.012334
1114.9379999637604	11.781256	44	0	0.037705	0.012334
1116.9410002231598	1.551248	34	0	0.059461	0.012334
1118.9370000362396	7.377832	36	0	0.03409	0.012334
1120.9379999637604	12.399144	52	0	0.036638	0.012334
1122.9370000362396	5.969992	64	0	0.074721	0.012334
1124.9370000362396	6.853272	34	0	0.080072	0.012334
1126.940000295639	7.270528	42	0	0.042568	0.012334
1128.9389998912811	10.25228	46	0	0.035741	0.012334
1130.9370000362396	10.672904	52	0	0.064168	0.012334
1132.9379999637604	3.75936	36	0	0.044386	0.012334
1134.9370000362396	5.333712	34	0	0.037649	0.012334
1136.9410002231598	11.106176	42	0	0.039026	0.012334
1138.9370000362396	6.490792	42	0	0.053236	0.012334
1140.940000295639	4.1786	34	0	0.05094	0.012334
1142.940000295639	6.4818	32	0	0.052231	0.012334
1144.9370000362396	4.145736	36	0	0.051502	0.012334
1146.9359998703003	7.91052	4	0	0.043278	0.012334
1148.9370000362396	8.019104	46	0	0.050556	0.012334
1150.9370000362396	6.7024	38	0	0.064982	0.012334
1152.940000295639	8.224704	40	0	0.028316	0.012334
1154.9410002231598	7.83784	34	0	0.050753	0.012334
1156.9370000362396	4.161576	32	12	0.09269	0.012334
1158.944000005722	7.766864	34	0	0.04854	0.012334
1160.9370000362396	4.327528	28	0	0.034842	0.012334
1162.9370000362396	8.946136	34	0	0.033755	0.012334
1164.9389998912811	9.953128	50	0	0.027828	0.012334
1166.930999994278	8.877928	40	0	0.038992	0.012334
1168.960000038147	9.532312	42	0	0.053135	0.012334
1171.0910000801086	4.984808	34	6	0.096816	0.012334
1173.1870000362396	6.049272	42	0	0.067942	0.012334
1175.7000002861023	5.404008	34	30	0.055397	0.012334
1178.9970002174377	5.780744	30	0	0.02927	0.012334
1181.2490000724792	12.435896	44	0	0.037542	0.012334
1183.148000240326	5.900144	30	1	0.039669	0.012334
1184.4610002040863	4.606512	36	0	0.044127	0.012334
1186.5839998722076	9.219664	32	24	0.033708	0.012334
1189.957999944687	4.513336	30	0	0.053722	0.012334
1192.5730001926422	4.924656	30	30	0.042921	0.012334
1194.6660001277924	3.517008	30	0	0.037823	0.012334
1195.6549999713898	6.851344	32	0	0.046159	0.012334
1196.7980000972748	3.842152	30	28	0.064437	0.012334
1199.2560000419617	8.580608	36	0	0.037937	0.012334
1202.7860000133514	3.694176	34	30	0.054644	0.012334
1206.9930000305176	6.811024	32	0	0.053422	0.012334
1211.417000055313	5.006176	34	0	0.074278	0.012334
1215.3890001773834	2.956376	24	4	0.101804	0.012334
1216.1930000782013	3.595096	26	0	0.037887	0.012334
1218.5119998455048	2.432952	28	25	0.066941	0.012334
1219.994999885559	3.41592	24	0	0.061416	0.012334
1222.9500000476837	3.190384	30	5	0.073158	0.012334
1223.3250000476837	2.8242	30	0	0.074438	0.012334
1224.0610001087189	2.492896	30	0	0.120313	0.012334
1226.3610000610352	3.393128	24	18	0.08571	0.012334
1226.9290001392365	6.531848	36	0	0.050615	0.012334
1228.645000219345	6.90436	32	24	0.033412	0.012334
1229.9300000667572	5.314016	34	0	0.039542	0.012334
1230.9560000896454	4.325488	34	0	0.04479	0.012334
1232.069000005722	3.439112	30	16	0.079427	0.012334
1232.944000005722	3.920552	30	0	0.071156	0.012334
1234.052000284195	5.698208	30	25	0.057963	0.012334
1235.1050000190735	3.410584	30	0	0.08692	0.012334
1237.1110000610352	3.985664	28	0	0.072425	0.012334
1239.1860001087189	6.004792	32	0	0.04574	0.012334
1241.1890001296997	6.085344	28	0	0.047173	0.012334
1243.1870000362396	5.794696	28	0	0.064044	0.012334
1245.1870000362396	7.53224	34	0	0.038851	0.012334
1247.1860001087189	7.514584	32	0	0.037118	0.012334
1249.1850001811981	7.752832	32	0	0.057571	0.012334
1251.1900000572205	7.8346	32	0	0.039003	0.012334
1253.1860001087189	6.53156	34	0	0.041107	0.012334
1255.188000202179	5.00984	34	0	0.053908	0.012334
1257.188000202179	6.804472	36	0	0.04839	0.012334
1259.1890001296997	6.938248	34	0	0.031573	0.012334
1261.0350000858307	7.660448	36	0	0.030857	0.012334
1263.1870000362396	6.906768	36	0	0.052653	0.012334
1265.1860001087189	4.319344	38	0	0.085092	0.012334
1267.1860001087189	1.74136	44	0	0.036457	0.012334
1269.1870000362396	6.350976	36	0	0.037815	0.012334
1271.1850001811981	6.65768	34	0	0.053024	0.012334
1273.1850001811981	4.6214	28	0	0.04261	0.012334
1275.1890001296997	7.096296	32	0	0.037151	0.012334
1277.188000202179	6.731016	34	0	0.036656	0.012334
1279.188000202179	5.59836	32	0	0.049784	0.012334
1281.1779999732971	8.356416	36	25	0.029829	0.012334
1283.763000011444	7.146168	40	0	0.067147	0.012334
1286.924000263214	4.966152	20	4	0.083588	0.012334
1287.989000082016	4.546464	36	0	0.07647	0.012334
1290.7400002479553	8.821144	38	0	0.037559	0.012334
1293.2829999923706	5.285168	34	31	0.032918	0.012334
1293.9830000400543	9.055576	38	0	0.031851	0.012334
1296.4159998893738	7.585768	30	25	0.046328	0.012334
1298.289999961853	7.868168	32	0	0.035953	0.012334
1299.449000120163	6.699168	30	0	0.027874	0.012334
1301.7930002212524	5.793824	26	21	0.027518	0.012334
1304.9860000610352	5.836464	38	0	0.033159	0.012334
1308.7919998168945	7.771824	36	21	0.03267	0.012334
1313.1549999713898	9.101936	38	0	0.046666	0.012334
1315.8050000667572	4.800304	30	21	0.065689	0.012334
1317.2050001621246	4.424384	40	0	0.068915	0.012334
1317.3429999351501	5.550216	40	0	0.071569	0.012334
1318.6080000400543	6.06564	40	24	0.031879	0.012334
1320.0780000686646	4.855736	34	0	0.054324	0.012334
1321.3010001182556	6.913712	38	25	0.0603	0.012334
1322.9500000476837	8.2938	36	0	0.034097	0.012334
1324.0460000038147	8.083208	34	0	0.053581	0.012334
1325.098000049591	6.35572	36	36	0.041907	0.012334
1327.1840000152588	4.446224	36	0	0.046038	0.012334
1329.1840000152588	8.81392	38	0	0.052181	0.012334
1331.1840000152588	6.952672	32	0	0.046123	0.012334
1333.1840000152588	7.360416	36	0	0.030082	0.012334
1335.1850001811981	6.282712	44	0	0.053356	0.012334
1337.1840000152588	7.419232	44	0	0.06022	0.012334
1339.188000202179	7.932224	38	0	0.051992	0.012334
1342.7050001621246	6.488744	38	0	0.05728	0.012334
1345.345999956131	6.502432	32	24	0.034732	0.012334
1348.7170000076294	4.521312	32	0	0.050336	0.012334
1352.4660000801086	5.263192	32	0	0.037469	0.012334
1354.465000152588	6.924144	30	22	0.032356	0.012334
1355.7060000896454	5.050024	32	0	0.036222	0.012334
1356.1640002727509	8.594	28	20	0.029537	0.012334
1356.4920001029968	8.644112	32	0	0.036391	0.012334
1359.3789999485016	6.1618	28	14	0.035382	0.012334
1363.319000005722	5.601992	36	0	0.051621	0.012792
1366.7480001449585	4.724968	34	0	0.060365	0.012792
1369.1579999923706	3.994208	34	21	0.060304	0.012792
1369.9210000038147	9.30232	38	0	0.043078	0.012792
1372.5160002708435	3.45	34	20	0.039707	0.012792
1374.8890001773834	6.900296	32	0	0.039726	0.012792
1376.601000070572	7.736176	40	0	0.059641	0.012792
1378.7190001010895	6.80048	30	15	0.039169	0.012792
1380.6900000572205	5.526032	32	0	0.042721	0.012792
1381.4900000095367	8.27092	34	27	0.026715	0.012792
1383.0879998207092	5.517816	36	0	0.071339	0.012792
1384.454999923706	7.758376	32	6	0.054839	0.012792
1386.0780000686646	6.533848	32	0	0.055832	0.012792
1386.6460001468658	7.058632	38	0	0.057776	0.012792
1388.1900000572205	5.72268	38	22	0.047031	0.012792
1389.1890001296997	7.892224	36	0	0.040313	0.012792
1391.1840000152588	10.092712	40	0	0.046505	0.012792
1393.1840000152588	6.437232	30	0	0.049258	0.012792
1395.1840000152588	3.689528	22	0	0.056681	0.012792
1397.183000087738	6.90324	30	0	0.043412	0.012792
1399.1860001087189	3.654056	34	0	0.035997	0.012792
1401.183000087738	3.911096	30	0	0.061994	0.012792
1403.1840000152588	7.34916	28	0	0.046828	0.012792
1405.1900000572205	4.346968	30	0	0.066901	0.012792
1407.1840000152588	6.539752	26	0	0.034567	0.012792
1409.1850001811981	6.606688	28	0	0.033708	0.012792
1411.1850001811981	4.592712	30	0	0.031791	0.012792
1413.1840000152588	7.590296	32	0	0.050073	0.012792
1415.1840000152588	6.579728	44	0	0.041217	0.012792
1417.1820001602173	3.16772	26	0	0.087342	0.012792
1419.1900000572205	8.347328	32	0	0.026332	0.012792
1421.1820001602173	6.6458	34	0	0.052267	0.012792
1423.1900000572205	9.287488	42	0	0.05244	0.012792
1425.183000087738	8.422504	36	0	0.035294	0.012792
1427.183000087738	6.780744	42	0	0.034699	0.012792
1429.1890001296997	7.222656	36	0	0.029994	0.012792
1431.1840000152588	6.304544	34	0	0.040907	0.012792
1433.183000087738	6.082448	38	0	0.061633	0.012792
1435.183000087738	6.002992	36	0	0.070721	0.012792
1437.1820001602173	7.723976	36	0	0.035374	0.012792
1439.201000213623	4.728336	34	0	0.079242	0.012792
1441.1850001811981	4.538672	34	0	0.053611	0.012792
1443.183000087738	6.664584	36	0	0.055469	0.012792
1445.1820001602173	5.981088	40	0	0.068919	0.012792
1447.183000087738	7.511112	36	0	0.051989	0.012792
1449.183000087738	10.358472	40	0	0.044795	0.012792
1451.183000087738	4.200784	36	0	0.069971	0.012792
1453.1850001811981	7.309136	38	0	0.039238	0.012792
1455.183000087738	7.406096	38	0	0.057414	0.012792
1457.62700009346	3.821872	36	0	0.089487	0.012792
1460.2330000400543	6.944936	36	24	0.029434	0.012792
1462.5650000572205	8.242296	34	0	0.035741	0.012792
1464.7090001106262	6.401792	40	40	0.064583	0.012792
1466.8040001392365	7.65368	36	0	0.027957	0.012792
1468.6319999694824	5.824288	34	0	0.048606	0.012792
1470.0699999332428	5.667416	34	16	0.06689	0.012792
1471.4410002231598	6.231544	36	0	0.035213	0.012792
1473.4340000152588	6.287352	34	0	0.057852	0.012792
1475.4349999427795	3.863248	40	0	0.089883	0.012792
1477.433000087738	5.149584	32	0	0.043039	0.012792
1479.433000087738	5.942576	30	0	0.050052	0.012792
1481.430999994278	5.567568	30	0	0.042824	0.012792
1483.4300000667572	6.52928	32	0	0.044715	0.012792
1485.4340000152588	3.935376	32	0	0.05178	0.012792
1487.4319999217987	4.524	36	0	0.048969	0.012792
1489.4349999427795	3.570288	34	0	0.064105	0.012792
1491.433000087738	7.433176	34	0	0.031285	0.012792
1493.430999994278	7.91204	36	0	0.032933	0.012792
1495.4319999217987	5.768464	36	0	0.037749	0.012792
1497.4360001087189	8.095848	36	0	0.051633	0.012792
1499.4349999427795	7.838336	36	0	0.037993	0.012792
1501.433000087738	8.2194	42	0	0.050827	0.012792
1503.4360001087189	8.140288	42	0	0.050193	0.012792
1505.430999994278	6.7906	40	0	0.076188	0.012792
1507.433000087738	6.648904	38	0	0.037789	0.012792
1509.4340000152588	6.186248	38	0	0.055661	0.012792
1511.4319999217987	4.0182	34	0	0.057375	0.012792
1513.4340000152588	7.873584	36	0	0.038997	0.012792
1515.4319999217987	5.88032	36	0	0.060994	0.012792
