0.0	26.7368	406	0	0.021658	0.015627
0.04699993133544922	73.93016	406	0	0.019031	0.015627
0.10000014305114746	96.758528	406	0	0.022062	0.015627
0.15000009536743164	130.605072	416	15	0.020513	0.015627
0.18199992179870605	130.605072	416	0	0.017765	0.015627
0.22900009155273438	130.605072	416	26	0.017299	0.015627
0.26399993896484375	130.605072	416	0	0.016853	0.015627
0.3080000877380371	50.687376	400	55	0.017903	0.015627
1.2339999675750732	134.097232	466	0	0.017236	0.015627
3.234999895095825	176.4378	538	0	0.017645	0.015627
5.247999906539917	29.298792	632	0	0.016828	0.015627
7.23199987411499	156.859816	616	0	0.033024	0.015627
9.233000040054321	30.806856	614	0	0.032207	0.015619
11.233999967575073	184.357072	616	0	0.019239	0.015619
13.239999771118164	227.287648	681	0	0.020725	0.015619
15.23199987411499	0.650656	668	0	0.066689	0.015619
17.2260000705719	290.336968	820	0	0.019128	0.015619
19.23199987411499	15.50356	852	0	0.032792	0.015619
21.236000061035156	143.204568	902	0	0.044798	0.015619
23.23099994659424	12.8028	900	0	0.028246	0.015619
25.229000091552734	0.5934	628	0	0.02491	0.015619
27.236000061035156	43.584408	628	0	0.02136	0.015619
29.23799991607666	21.254544	510	0	0.021681	0.015619
31.239999771118164	173.508384	524	0	0.026918	0.015619
33.230000019073486	8.175448	540	0	0.022128	0.015619
35.23899984359741	176.317056	552	0	0.019137	0.015619
37.23799991607666	83.758312	552	0	0.034551	0.015619
39.229000091552734	112.184296	550	0	0.026336	0.015619
41.23099994659424	3.40088	550	0	0.022308	0.015619
43.23300004005432	30.378904	558	0	0.021702	0.015619
45.23399996757507	149.762736	546	0	0.027759	0.015619
47.234999895095825	28.0832	546	0	0.019863	0.015619
49.25399994850159	109.751184	558	0	0.027603	0.015619
51.24500012397766	119.85672	526	0	0.028059	0.015619
53.24600005149841	25.667704	78	0	0.017752	0.015619
55.242000102996826	32.910992	100	0	0.017259	0.015619
57.4779999256134	41.205184	142	0	0.018247	0.015619
59.48699998855591	55.229088	180	0	0.017775	0.015619
61.265000104904175	49.374544	222	0	0.016529	0.015619
63.485000133514404	72.530776	238	0	0.016859	0.015619
65.50399994850159	89.37164	266	0	0.023318	0.015619
67.48100018501282	86.595856	270	0	0.017877	0.015619
69.47699999809265	86.555152	276	0	0.02053	0.015619
71.47699999809265	86.555152	278	0	0.017657	0.015619
73.48600006103516	86.555152	278	0	0.016943	0.015619
75.47899985313416	106.470936	334	0	0.016249	0.015619
77.49499988555908	10.07212	444	0	0.019628	0.015619
79.49499988555908	112.08744	480	0	0.031152	0.015619
81.48100018501282	28.301112	506	0	0.023286	0.015619
83.48699998855591	168.509192	534	0	0.017303	0.015619
85.27800011634827	10.029256	614	0	0.021524	0.015619
87.4779999256134	128.591424	614	0	0.046892	0.015619
89.48900008201599	215.718104	734	0	0.019982	0.015619
91.48900008201599	25.473656	734	0	0.019352	0.015619
93.49200010299683	69.899024	734	0	0.031595	0.015619
95.48699998855591	163.879088	734	0	0.018705	0.015619
97.48900008201599	135.330824	508	0	0.018656	0.015619
99.4909999370575	122.051576	4	0	0.018417	0.015619
101.48400020599365	9.147328	508	0	0.031462	0.015619
103.48300004005432	113.25004	368	0	0.019434	0.01559
105.48900008201599	12.58132	382	0	0.019421	0.01559
107.48900008201599	119.945504	396	0	0.018045	0.01559
109.49200010299683	28.633824	422	0	0.017347	0.01552
111.4779999256134	125.305992	422	0	0.017908	0.01552
113.49899983406067	112.358728	432	0	0.019114	0.01552
115.4850001335144	16.475688	510	0	0.017951	0.01552
117.4779999256134	199.232408	586	0	0.018592	0.01552
119.47999978065491	25.188824	586	0	0.019287	0.01552
121.48699998855591	186.503008	616	0	0.017448	0.01552
123.4909999370575	128.755904	616	0	0.020439	0.01552
125.49699997901917	11.181216	604	0	0.024096	0.01552
127.50699996948242	194.212568	638	0	0.017337	0.01552
129.48799991607666	28.346312	710	0	0.018601	0.01552
131.48200011253357	184.211416	710	0	0.021835	0.01552
133.4799997806549	18.40424	768	0	0.01923	0.01552
135.4869999885559	162.539056	768	0	0.021145	0.01552
137.48799991607666	252.261088	840	0	0.01826	0.01552
139.48300004005432	25.4776	836	0	0.024099	0.01552
141.48300004005432	255.141008	838	0	0.018843	0.01552
143.48600006103516	13.51656	852	0	0.01829	0.01552
145.489000082016	63.619384	844	0	0.017623	0.01552
147.4799997806549	182.927088	844	0	0.022913	0.01552
149.49499988555908	28.36712	776	0	0.019286	0.01552
151.49300003051758	222.372432	776	0	0.020216	0.01552
153.48600006103516	20.31988	776	0	0.018086	0.01552
155.489000082016	139.042208	4	0	0.021153	0.01552
157.4779999256134	10.427096	428	0	0.018369	0.01552
159.4869999885559	58.21092	422	0	0.017282	0.01552
161.4869999885559	58.21092	422	0	0.0172	0.01552
163.4909999370575	29.931272	446	0	0.017589	0.01552
165.49200010299683	131.095352	504	0	0.017861	0.01552
167.49000000953674	145.650992	536	0	0.017752	0.01552
169.48400020599365	145.650992	536	0	0.016838	0.01552
171.4850001335144	167.588432	585	0	0.01678	0.01552
173.47899985313416	28.760232	608	0	0.016713	0.01552
175.4869999885559	237.147464	718	0	0.016885	0.01552
177.48600006103516	219.225328	762	0	0.018748	0.01552
179.4909999370575	148.985392	762	0	0.021175	0.01552
181.48200011253357	244.975256	752	0	0.016924	0.01552
183.49399995803833	242.291496	752	0	0.018718	0.01552
185.48600006103516	232.68676	752	0	0.017695	0.01552
187.4909999370575	21.712848	772	0	0.021501	0.01552
189.48200011253357	116.16168	772	0	0.018852	0.01552
191.4869999885559	29.87212	772	0	0.018624	0.01552
193.4799997806549	170.355512	792	0	0.018277	0.01552
195.49200010299683	261.623664	782	0	0.01907	0.01552
197.49399995803833	29.54412	810	0	0.017629	0.01552
199.48799991607666	155.916976	810	0	0.017999	0.01552
201.49200010299683	163.784128	800	0	0.01752	0.01552
203.49399995803833	252.447656	892	0	0.017859	0.01552
205.49399995803833	22.016368	892	0	0.018135	0.01552
207.48200011253357	137.019272	912	0	0.018543	0.01552
209.48400020599365	236.634704	912	0	0.01809	0.01552
211.489000082016	72.5806	414	0	0.017832	0.01552
213.48100018501282	120.759944	494	0	0.017348	0.01552
215.4850001335144	26.036248	495	0	0.017607	0.01552
217.49499988555908	177.166272	536	0	0.021237	0.01552
219.48300004005432	169.224736	562	0	0.018695	0.01552
221.48300004005432	25.679512	584	0	0.023476	0.01552
223.4909999370575	199.658112	606	0	0.017065	0.01552
225.48100018501282	28.1052	622	0	0.017816	0.01552
227.49399995803833	129.464768	620	0	0.019086	0.01552
229.48400020599365	10.641152	620	0	0.025101	0.01552
231.49399995803833	233.873856	732	0	0.017443	0.01552
233.4799997806549	177.610424	732	0	0.017909	0.01552
235.4869999885559	12.762792	733	0	0.01853	0.01552
237.4909999370575	136.427504	750	0	0.024875	0.01552
239.47899985313416	28.489416	744	0	0.017315	0.01552
241.49599981307983	231.218712	744	0	0.017519	0.01552
243.48400020599365	262.866208	796	0	0.017663	0.01552
245.4869999885559	31.2946	792	0	0.02659	0.01552
247.48300004005432	190.157176	792	0	0.022147	0.01552
249.48400020599365	28.494264	808	0	0.017369	0.01552
251.49499988555908	221.323768	878	0	0.019348	0.01552
253.49000000953674	22.795648	860	0	0.042799	0.01552
255.4909999370575	171.48896	878	0	0.023326	0.01552
257.4930000305176	137.021408	918	0	0.020137	0.01552
259.49000000953674	151.137336	918	0	0.018709	0.01552
261.4850001335144	102.330152	540	0	0.027724	0.01552
263.489000082016	165.933808	570	0	0.017694	0.01552
265.48200011253357	152.160416	606	0	0.018534	0.01552
267.48799991607666	125.96504	592	0	0.044563	0.01552
269.4850001335144	157.096984	593	0	0.021229	0.01552
271.48799991607666	126.859704	592	0	0.042529	0.01552
273.49000000953674	23.689152	618	0	0.018292	0.01552
275.48200011253357	231.623816	700	0	0.018367	0.01552
277.48400020599365	28.343112	700	0	0.017253	0.01552
279.48200011253357	192.793664	700	0	0.021457	0.01552
281.4869999885559	187.661184	684	0	0.028831	0.01552
283.489000082016	27.295512	692	0	0.017558	0.01552
285.49000000953674	65.541376	708	0	0.049747	0.01552
287.5000002384186	15.906824	708	0	0.028347	0.01552
289.49599981307983	173.658712	522	0	0.028341	0.01552
291.48600006103516	106.263072	522	0	0.020219	0.01552
293.489000082016	26.597464	522	0	0.017952	0.01552
295.48600006103516	183.494032	598	0	0.020443	0.01552
297.4850001335144	30.56864	566	0	0.018202	0.01552
299.4920001029968	146.781136	600	0	0.018487	0.01552
301.4869999885559	203.66652	635	0	0.01929	0.01552
303.7300000190735	146.156288	646	0	0.023478	0.01552
305.7369999885559	213.36784	654	0	0.018843	0.01552
307.49399995803833	14.427288	700	0	0.018375	0.01552
309.49399995803833	166.369384	722	0	0.021409	0.01552
311.7349998950958	27.67772	714	0	0.026114	0.01552
313.75099992752075	118.044496	714	0	0.022057	0.01552
315.7480001449585	178.2554	558	0	0.019729	0.01552
317.73099994659424	92.73076	552	0	0.020148	0.01552
319.72900009155273	168.701736	567	0	0.017189	0.01552
321.7330000400543	30.26636	576	0	0.017891	0.01552
323.7349998950958	169.10516	576	0	0.018117	0.01552
325.7460000514984	26.890824	564	0	0.024137	0.01552
327.7359998226166	163.66548	566	0	0.020786	0.01552
329.74500012397766	128.345616	594	0	0.020865	0.01552
331.7369999885559	27.577416	566	0	0.017624	0.01552
333.7359998226166	147.435552	580	0	0.017692	0.01552
335.7430000305176	27.958136	646	0	0.01713	0.01552
337.7389998435974	227.13168	698	0	0.017697	0.01552
339.73099994659424	194.28016	728	0	0.01857	0.01552
341.7330000400543	273.734608	833	0	0.018695	0.01552
343.7330000400543	237.867624	864	0	0.021112	0.01552
345.7339999675751	27.515472	860	0	0.018268	0.01552
347.7339999675751	269.034408	894	0	0.018169	0.01552
349.73099994659424	15.745656	894	0	0.018262	0.01552
351.7420001029968	278.743352	894	0	0.020012	0.01552
353.73200011253357	296.804032	958	0	0.019622	0.01552
355.7430000305176	12.899544	958	0	0.020641	0.01552
357.7330000400543	318.83936	960	0	0.017176	0.01552
359.7480001449585	30.12956	810	0	0.018335	0.01552
361.7400002479553	305.504168	915	0	0.017346	0.01552
363.7359998226166	317.55396	936	0	0.019106	0.01552
365.7430000305176	318.630144	1006	0	0.018853	0.01552
367.7349998950958	318.630144	1006	0	0.021966	0.01552
369.73099994659424	13.79188	1068	0	0.019953	0.01552
371.7389998435974	164.089992	1068	0	0.021311	0.01552
373.7430000305176	28.402416	806	0	0.018329	0.01552
375.7330000400543	156.824616	786	0	0.030319	0.01552
377.7359998226166	245.549312	786	0	0.020233	0.01552
379.7400002479553	29.187832	878	0	0.01712	0.01552
381.7330000400543	309.035152	960	0	0.02091	0.01552
383.74399995803833	25.725448	964	0	0.01865	0.01552
385.74900007247925	283.409672	964	0	0.021312	0.01552
387.7369999885559	85.424344	964	0	0.018135	0.01552
389.7359998226166	185.236592	964	0	0.023362	0.01552
391.7410001754761	116.41756	928	0	0.019732	0.01552
393.7330000400543	16.201592	558	0	0.019166	0.01552
395.7349998950958	189.57892	588	0	0.018442	0.01552
397.7339999675751	27.81568	610	0	0.018487	0.01552
399.73099994659424	193.355776	626	0	0.017324	0.01552
401.7410001754761	198.395592	626	0	0.019599	0.01552
403.73099994659424	24.873912	624	0	0.019467	0.01552
405.7410001754761	186.777272	624	0	0.02032	0.01552
407.74399995803833	27.206928	620	0	0.017858	0.01552
409.7339999675751	186.966848	628	0	0.018936	0.01552
411.74399995803833	215.640848	666	0	0.01703	0.015605
413.7430000305176	215.640848	666	0	0.017398	0.015605
415.7369999885559	215.640848	662	0	0.017893	0.015605
417.73099994659424	26.892264	662	0	0.017254	0.015605
419.7460000514984	151.061104	464	0	0.020457	0.015605
421.7349998950958	16.15656	482	0	0.017419	0.015605
423.72900009155273	164.432024	518	0	0.019406	0.015605
425.7420001029968	173.662712	530	0	0.016734	0.015605
427.74500012397766	107.69112	542	0	0.0274	0.015605
429.73200011253357	232.009416	677	0	0.018535	0.015605
431.7400002479553	14.199568	700	0	0.018695	0.015605
433.73200011253357	220.706112	714	0	0.01857	0.015605
435.7400002479553	175.333248	4	0	0.02451	0.015605
437.74500012397766	3.12424	734	0	0.021818	0.015605
439.7339999675751	228.31968	822	0	0.019414	0.015605
441.7410001754761	29.672688	844	0	0.01765	0.015605
443.73099994659424	215.434912	862	0	0.027065	0.015605
445.7430000305176	11.901248	856	0	0.018929	0.015605
447.73099994659424	165.812368	856	0	0.017218	0.015605
449.7460000514984	165.812368	856	0	0.017775	0.015605
451.7460000514984	14.269272	878	0	0.018477	0.015605
453.7349998950958	143.322544	858	0	0.059139	0.015605
455.74500012397766	24.319632	859	0	0.02849	0.015605
457.73799991607666	243.145328	892	0	0.019935	0.015605
459.74500012397766	248.98152	864	0	0.019035	0.015605
461.7359998226166	210.729872	864	0	0.027887	0.015605
463.7420001029968	169.406104	864	0	0.02348	0.015605
465.7359998226166	30.064344	862	0	0.018279	0.015605
467.73799991607666	41.673472	766	0	0.017848	0.015605
469.7339999675751	24.859672	522	0	0.019506	0.015605
471.7330000400543	164.971744	520	0	0.016549	0.015605
473.7430000305176	90.65976	547	0	0.017462	0.015605
475.7410001754761	4.85032	687	0	0.023525	0.015605
477.7460000514984	185.12968	720	0	0.021978	0.015605
479.74500012397766	185.252992	720	0	0.019282	0.015605
481.7369999885559	128.141776	772	0	0.019387	0.015605
483.74699997901917	128.141776	772	0	0.026663	0.015605
485.7300000190735	44.3172	740	0	0.025478	0.015605
487.7480001449585	186.418288	742	0	0.019733	0.015605
489.7330000400543	176.984512	756	0	0.018743	0.015605
491.7369999885559	257.623896	792	0	0.021131	0.015605
493.74500012397766	28.77012	792	0	0.019722	0.015605
495.7330000400543	167.727936	792	0	0.025309	0.015605
497.7400002479553	218.562872	792	0	0.020989	0.015605
499.74699997901917	27.791472	670	0	0.01775	0.015605
501.7460000514984	163.858376	670	0	0.023752	0.015605
503.7339999675751	13.406024	670	0	0.020722	0.015605
505.7359998226166	210.528224	652	0	0.017622	0.015605
507.7430000305176	193.160368	646	0	0.018916	0.015605
509.7460000514984	150.2398	646	0	0.029408	0.015605
511.75	122.87148	646	0	0.031502	0.015605
513.7450001239777	226.779048	696	0	0.017758	0.015605
515.7349998950958	227.917496	4	0	0.019928	0.015605
517.7349998950958	12.303024	712	0	0.02087	0.015605
519.7439999580383	128.869464	712	0	0.02723	0.015605
521.7320001125336	164.793656	712	0	0.028597	0.015605
523.7460000514984	15.409752	512	0	0.019915	0.015605
525.7369999885559	108.729104	512	0	0.026383	0.015605
527.7339999675751	113.585848	502	0	0.018357	0.015605
529.7339999675751	104.766464	486	0	0.022525	0.015605
531.7420001029968	178.34108	544	0	0.017676	0.015605
533.7420001029968	179.500528	536	0	0.031349	0.015605
535.7339999675751	140.237624	536	0	0.036358	0.015605
537.7309999465942	14.3658	590	0	0.020619	0.015605
539.7699999809265	146.229432	590	0	0.018327	0.015605
541.7369999885559	25.12128	682	0	0.017959	0.015605
543.7369999885559	172.256088	732	0	0.027214	0.015605
545.7420001029968	147.848096	732	0	0.018654	0.015605
547.7410001754761	84.878512	718	0	0.020536	0.015605
549.7450001239777	227.159168	744	0	0.020137	0.015605
551.7369999885559	28.190384	744	0	0.018385	0.015605
553.9830000400543	210.32996	732	0	0.025919	0.015605
555.7389998435974	241.002208	740	0	0.019768	0.015605
557.9860000610352	226.657856	772	0	0.017761	0.015605
559.7389998435974	214.7164	784	0	0.01907	0.015605
561.7439999580383	14.991904	770	0	0.020749	0.015605
563.9830000400543	104.149928	770	0	0.019663	0.015605
565.9939999580383	29.974912	478	0	0.017779	0.015605
567.9820001125336	162.241072	500	0	0.017813	0.015605
570.0099999904633	193.842504	578	0	0.017431	0.015605
571.9820001125336	175.750936	602	0	0.021164	0.015605
573.9880001544952	233.247416	712	0	0.01879	0.015605
575.989000082016	33.350848	752	0	0.047454	0.015605
577.9900000095367	12.658712	754	0	0.099539	0.015605
579.7630000114441	99.59104	302	0	0.026308	0.015605
581.9930000305176	64.082456	298	0	0.02585	0.015605
583.9969999790192	86.05108	308	0	0.017523	0.015605
585.9960000514984	103.676552	324	0	0.016864	0.015657
587.9869999885559	103.259264	324	0	0.018509	0.015657
590.0010001659393	105.905272	396	0	0.017816	0.015657
591.9850001335144	138.552784	412	0	0.019223	0.015657
593.9839999675751	120.64768	432	0	0.017005	0.015657
595.989000082016	133.121288	470	0	0.017346	0.015657
597.9989998340607	100.368056	526	0	0.018992	0.015657
599.9880001544952	30.187968	543	0	0.019091	0.015657
601.9869999885559	212.33856	631	0	0.017127	0.015657
604.0020000934601	206.52776	630	0	0.017444	0.015657
605.9810001850128	181.9244	646	0	0.017717	0.015657
607.9949998855591	165.630568	660	0	0.018666	0.015657
609.9909999370575	18.052544	660	0	0.022123	0.015657
611.9939999580383	266.461504	785	0	0.018996	0.015657
613.9919998645782	281.1132	838	0	0.018378	0.015657
615.9850001335144	284.772352	866	0	0.016868	0.015657
617.9820001125336	215.258648	636	0	0.02485	0.015657
619.9850001335144	33.732368	665	0	0.018116	0.015657
621.9839999675751	223.33236	684	0	0.020393	0.015657
623.9850001335144	16.486928	668	0	0.022432	0.015657
625.9919998645782	229.671408	708	0	0.018638	0.015657
627.9960000514984	280.896576	878	0	0.019558	0.015657
629.9830000400543	307.943248	954	0	0.018687	0.015657
631.9820001125336	301.291656	962	0	0.021221	0.015657
633.9919998645782	13.488032	976	0	0.020209	0.015657
636.0	213.163984	972	0	0.023292	0.015657
637.9930000305176	20.191488	1036	0	0.018724	0.015657
639.9830000400543	354.628496	1107	0	0.018101	0.015657
641.9900000095367	347.555032	1124	0	0.019154	0.015657
643.9969999790192	17.016696	1124	0	0.017793	0.015657
645.9909999370575	136.092184	4	0	0.018993	0.015657
647.9909999370575	140.763632	1100	0	0.017557	0.015657
649.9860000610352	138.652896	420	0	0.018385	0.015657
651.9939999580383	11.08664	428	0	0.0221	0.015657
653.9820001125336	151.18408	472	0	0.017483	0.015657
655.9850001335144	169.221848	507	0	0.020451	0.015657
657.9949998855591	183.241944	572	0	0.017019	0.015717
659.9919998645782	182.638776	680	0	0.017923	0.015717
661.9850001335144	13.224512	698	0	0.018342	0.015717
663.9820001125336	218.115032	4	0	0.016967	0.015717
665.9969999790192	224.95468	704	0	0.018349	0.015717
667.9860000610352	224.95468	701	0	0.01784	0.015717
669.9960000514984	236.011984	725	0	0.017821	0.015717
671.9869999885559	230.128568	726	0	0.017238	0.015717
673.9930000305176	233.1836	726	0	0.017093	0.015717
675.9930000305176	186.16324	726	0	0.021018	0.015717
677.9969999790192	210.006528	718	0	0.019306	0.015717
679.9949998855591	98.16256	718	0	0.020246	0.015717
681.9839999675751	22.509856	646	0	0.018536	0.015717
683.9839999675751	170.510944	648	0	0.017515	0.015717
685.9850001335144	170.510944	648	0	0.021416	0.015717
687.9919998645782	220.224872	667	0	0.017815	0.015717
689.9880001544952	49.539624	678	0	0.018961	0.015717
691.989000082016	233.924048	702	0	0.018896	0.015717
693.9869999885559	203.38768	606	0	0.020091	0.015717
695.9989998340607	17.126096	616	0	0.017616	0.015717
697.9850001335144	229.132552	694	0	0.018748	0.015717
699.9909999370575	104.32844	694	0	0.0216	0.015717
701.9839999675751	271.449888	797	0	0.019915	0.015717
703.9939999580383	2.26664	825	0	0.018353	0.015717
705.9869999885559	30.220632	828	0	0.018114	0.015697
707.9960000514984	90.907696	828	0	0.023239	0.015697
709.9949998855591	12.237072	846	0	0.022365	0.015697
711.9830000400543	104.867448	318	0	0.018175	0.015697
713.9839999675751	120.405656	358	0	0.017664	0.015697
715.9919998645782	110.694632	358	0	0.022843	0.015697
717.9909999370575	103.312248	366	0	0.023334	0.015697
719.9909999370575	104.4842	440	0	0.018142	0.015697
721.9909999370575	161.957584	482	0	0.017784	0.015697
723.9949998855591	7.903584	513	0	0.019958	0.015697
725.9939999580383	167.274864	556	0	0.017241	0.015697
727.9830000400543	190.623144	588	0	0.016917	0.015697
729.9900000095367	182.334696	600	0	0.016748	0.015697
731.989000082016	120.648864	612	0	0.021634	0.015697
733.9880001544952	24.011088	632	0	0.018426	0.015697
735.9969999790192	187.486336	632	0	0.019732	0.015697
737.9839999675751	155.17284	632	0	0.020629	0.015697
739.9900000095367	1.848976	616	0	0.022017	0.015697
741.9960000514984	87.536304	556	0	0.036964	0.015697
743.9860000610352	184.626608	568	0	0.018087	0.015697
746.0010001659393	42.674864	568	0	0.019759	0.015697
747.9949998855591	14.791048	634	0	0.017791	0.015697
749.9989998340607	163.03928	618	0	0.021127	0.015697
751.9850001335144	186.445152	4	0	0.019031	0.015697
753.9839999675751	224.863904	682	0	0.018239	0.015697
755.9939999580383	79.582208	683	0	0.018252	0.015697
757.9969999790192	138.7282	692	0	0.021664	0.015697
759.9979999065399	263.298	814	0	0.018071	0.015697
761.9830000400543	222.430688	842	0	0.019946	0.015697
763.9939999580383	269.2152	842	0	0.019483	0.015697
765.989000082016	244.470536	860	0	0.023948	0.015697
767.9960000514984	127.490192	860	0	0.024338	0.015697
769.9850001335144	263.7784	818	0	0.02065	0.015697
771.9909999370575	13.050272	832	0	0.0184	0.015697
773.9949998855591	255.016904	808	0	0.01824	0.015697
775.9939999580383	262.340128	834	0	0.01935	0.015697
777.9979999065399	23.945744	834	0	0.02469	0.015697
779.9869999885559	220.653232	816	0	0.033209	0.015697
781.9930000305176	15.273888	862	0	0.018612	0.015697
783.9960000514984	311.113168	4	0	0.020958	0.015697
785.9869999885559	311.113168	1018	0	0.021953	0.015697
787.9919998645782	311.113168	1018	0	0.027694	0.015697
789.9969999790192	315.571872	992	0	0.018506	0.015697
791.9880001544952	12.294736	978	0	0.018698	0.015697
793.9830000400543	252.511744	968	0	0.021892	0.015697
795.9900000095367	262.664984	966	0	0.020563	0.015697
797.9839999675751	341.477128	1078	0	0.018171	0.015697
799.9850001335144	207.098944	1078	0	0.029742	0.015697
801.9930000305176	264.622344	1078	0	0.021263	0.015697
803.9989998340607	305.512008	1078	0	0.021886	0.015697
805.9909999370575	18.720256	926	0	0.024161	0.015697
808.2520000934601	175.40636	980	0	0.022897	0.015697
809.9979999065399	198.993472	970	0	0.027105	0.015697
811.9989998340607	11.009368	846	0	0.031199	0.015697
814.2490000724792	40.330472	676	0	0.076768	0.015697
816.2349998950958	13.469032	707	0	0.019347	0.015697
818.2410001754761	174.382256	722	0	0.019145	0.015697
820.2339999675751	166.575336	692	0	0.025146	0.015697
822.2490000724792	231.312016	686	0	0.021554	0.015697
824.2360000610352	213.594728	712	0	0.017931	0.015697
826.2379999160767	92.66728	728	0	0.019346	0.015697
828.2460000514984	134.975088	728	0	0.017879	0.015697
830.2430000305176	20.782912	728	0	0.018877	0.015697
832.2479999065399	125.705456	540	0	0.021475	0.015697
834.2389998435974	78.5048	470	0	0.018373	0.015697
836.2389998435974	129.706504	470	0	0.019168	0.015697
838.2440001964569	76.059672	462	0	0.018392	0.015697
840.2379999160767	139.10472	422	0	0.018287	0.015697
842.2450001239777	124.61376	442	0	0.017905	0.015697
844.231999874115	14.243896	468	0	0.017486	0.015697
846.2430000305176	127.499624	468	0	0.018373	0.015697
848.2490000724792	167.505424	506	0	0.018548	0.015697
850.2360000610352	19.763112	502	0	0.019005	0.015697
852.2440001964569	174.428872	530	0	0.017173	0.015697
854.2379999160767	149.612376	542	0	0.018052	0.015697
856.2410001754761	190.68476	590	0	0.0201	0.015697
858.2360000610352	186.697848	606	0	0.02187	0.015697
860.2509999275208	216.802272	637	0	0.018777	0.015697
862.2430000305176	218.25124	670	0	0.022445	0.015697
864.2549998760223	19.83864	808	0	0.01815	0.015697
866.2369999885559	247.593392	870	0	0.01963	0.015697
868.2349998950958	295.894128	908	0	0.018001	0.015697
870.2430000305176	133.019832	908	0	0.023095	0.015697
872.25	238.773424	4	0	0.032654	0.015697
874.2360000610352	290.378832	900	0	0.021029	0.015697
876.2360000610352	238.677408	882	0	0.024058	0.015697
878.2469999790192	320.719232	1014	0	0.019935	0.015697
880.2420001029968	209.915528	994	0	0.035176	0.015697
882.2479999065399	322.93932	1044	0	0.017807	0.015697
884.2410001754761	260.328216	1480	0	0.042374	0.015697
886.2389998435974	271.580696	1090	0	0.024854	0.015697
888.2440001964569	14.216008	1076	0	0.021035	0.015697
890.2460000514984	178.735488	1076	0	0.019724	0.015697
892.2450001239777	24.454816	960	0	0.019606	0.015697
894.2490000724792	201.40916	814	0	0.019825	0.015697
896.2369999885559	207.540776	688	0	0.02657	0.015697
898.2490000724792	11.98944	862	0	0.020078	0.015697
900.2469999790192	211.907616	862	0	0.023548	0.015697
902.2520000934601	20.970496	862	0	0.025141	0.015697
904.2389998435974	266.61984	862	0	0.020199	0.015697
906.2469999790192	120.5458	830	0	0.040816	0.015697
908.2349998950958	244.10764	830	0	0.024115	0.015697
910.2399997711182	194.89104	804	0	0.018898	0.015697
