0.0	48.714856	180	0	0.039815	0.01696
0.30500030517578125	43.186616	186	0	0.043051	0.01696
0.32400012016296387	48.05412	404	404	0.087144	0.073
0.5720000267028809	46.17396	186	0	0.040385	0.01696
0.818000316619873	35.085528	178	0	0.045561	0.01696
0.9270002841949463	1.388368	744	0	0.078602	0.073
1.0230002403259277	46.252096	178	0	0.039802	0.01696
1.2090003490447998	48.067648	178	0	0.039122	0.01696
1.2970004081726074	5.77036	702	0	0.075847	0.073
1.4620001316070557	46.956152	188	0	0.041877	0.01696
1.6160001754760742	11.731928	700	0	0.077686	0.073
1.7710001468658447	45.230248	176	0	0.039228	0.01696
1.9590001106262207	1.503192	700	0	0.077569	0.073
2.0840001106262207	51.513248	174	0	0.036223	0.01696
2.306000232696533	21.870104	684	0	0.076342	0.073
2.694000244140625	2.050288	684	0	0.077264	0.073
3.0430002212524414	32.824736	681	0	0.078439	0.073
3.326000213623047	51.061112	682	0	0.085034	0.073
3.510000228881836	47.679528	176	0	0.035214	0.01696
4.230000257492065	0.900568	682	0	0.078799	0.073
5.884000062942505	39.451264	176	0	0.041027	0.01696
6.235000133514404	51.125304	682	0	0.079117	0.073
7.9040000438690186	46.773704	208	0	0.027463	0.01696
8.239000082015991	9.750952	676	0	0.076343	0.073
9.886000156402588	46.100208	218	0	0.043402	0.01696
10.252000093460083	51.050904	682	0	0.080855	0.073
11.882000207901001	49.986472	212	0	0.039704	0.01696
12.251000165939331	33.554424	682	0	0.08283	0.073
13.906000137329102	46.476536	208	0	0.039975	0.01696
14.257000207901001	1.639432	704	0	0.080822	0.073
15.897000312805176	27.507984	196	0	0.032941	0.01696
16.261000156402588	35.68584	696	0	0.07942	0.073
17.883000135421753	42.574624	212	0	0.042138	0.01696
18.270000219345093	1.934016	696	0	0.082605	0.073
19.90000009536743	44.339704	212	0	0.055065	0.01696
20.28100037574768	12.985672	698	0	0.075993	0.073
21.91600012779236	49.685144	224	0	0.038508	0.01696
22.283000230789185	3.368656	699	0	0.086095	0.073
23.888000011444092	47.91196	238	0	0.05258	0.01696
24.288000106811523	4.527472	700	0	0.076228	0.073
25.880000114440918	51.513192	218	0	0.046439	0.01696
27.933000087738037	45.08228	213	0	0.047651	0.01696
29.884999990463257	39.9522	208	0	0.047535	0.01696
31.9060001373291	39.096512	202	0	0.040336	0.01696
33.9060001373291	48.608248	214	0	0.045919	0.01696
35.91100025177002	44.922624	184	0	0.042817	0.01696
37.89200019836426	48.070352	182	0	0.041075	0.01696
39.90400004386902	43.6388	178	0	0.038858	0.01696
41.915000200271606	49.456064	174	0	0.039371	0.01696
43.92200016975403	44.861368	178	0	0.037918	0.01696
45.901000022888184	48.514624	194	0	0.041347	0.01696
47.91600012779236	48.627848	214	0	0.044711	0.01696
49.884000062942505	46.922416	214	0	0.047291	0.01696
51.884000062942505	43.145632	210	0	0.04588	0.01696
53.882000207901	52.48308	202	0	0.04389	0.01696
55.89800024032593	50.07256	210	0	0.030558	0.01696
57.901000022888184	45.768784	210	0	0.043104	0.01696
59.90300011634827	41.701992	196	0	0.030173	0.01696
61.90700006484985	44.001072	246	0	0.045371	0.01696
63.88100028038025	48.164016	212	0	0.044312	0.01696
65.882000207901	46.471536	202	0	0.044836	0.01696
67.90300011634827	49.6348	198	0	0.038013	0.01696
69.92200016975403	45.365408	202	0	0.030246	0.01696
71.89200019836426	40.578776	216	0	0.049439	0.01696
73.8910002708435	48.42936	212	0	0.042138	0.01696
75.97800016403198	48.32116	206	0	0.038251	0.01696
77.9130003452301	47.446784	200	0	0.046854	0.01696
79.882000207901	46.281216	210	0	0.031584	0.01696
81.92400002479553	42.441328	212	0	0.050858	0.01696
83.9430000782013	46.405256	216	0	0.048169	0.01696
85.88100028038025	48.813464	212	0	0.050948	0.01696
87.8840000629425	44.625456	212	0	0.041189	0.01696
89.89600014686584	47.400536	206	0	0.046431	0.01696
91.91600012779236	46.945568	210	0	0.046824	0.01696
93.89400029182434	48.4562	216	0	0.030986	0.01696
95.90500020980835	53.238096	210	0	0.038381	0.01696
97.95900011062622	43.51928	216	0	0.048113	0.01696
99.91700005531311	38.139608	214	0	0.046935	0.01696
101.89500021934509	51.862856	200	0	0.041916	0.01696
103.89800024032593	42.911424	198	0	0.038683	0.01696
105.91100025177002	49.957512	202	0	0.040605	0.01696
107.89600014686584	45.690616	200	0	0.044163	0.01696
109.90300011634827	47.346392	194	0	0.044941	0.01696
111.93000030517578	46.18152	200	0	0.042604	0.01696
113.9060001373291	47.477264	216	0	0.049397	0.01696
115.88600015640259	49.740944	244	0	0.040579	0.01696
117.91200017929077	45.516256	226	0	0.031156	0.01696
119.90400004386902	48.312672	188	0	0.042676	0.01696
121.90200018882751	43.351936	196	0	0.040927	0.01696
123.91200017929077	42.338296	198	0	0.043067	0.01696
125.9370002746582	51.524072	192	0	0.037024	0.01696
127.92499995231628	50.983632	178	0	0.024907	0.016379
129.90200018882751	46.828848	172	0	0.028421	0.016379
131.8860001564026	44.917104	172	0	0.038144	0.016379
133.93400025367737	45.48764	170	0	0.039044	0.016379
135.88100028038025	49.776656	172	0	0.037394	0.016379
137.92300009727478	29.287472	4	0	0.035032	0.016379
139.88499999046326	49.055192	214	0	0.047313	0.016379
141.91200017929077	50.495536	202	0	0.032519	0.016379
143.8950002193451	50.281128	192	0	0.039026	0.016379
145.89000034332275	50.853304	192	0	0.035983	0.016379
147.88900017738342	38.664592	200	0	0.049226	0.016379
149.8910002708435	47.644952	200	0	0.041541	0.016379
151.88900017738342	45.484248	200	0	0.030286	0.016379
153.8950002193451	45.735744	238	0	0.043868	0.016379
155.882000207901	47.735504	212	0	0.041455	0.016379
157.9370002746582	46.59716	212	0	0.038847	0.016379
159.89600014686584	43.904368	212	0	0.032533	0.016379
161.92300009727478	48.0832	208	0	0.042072	0.016379
163.90100002288818	47.549528	208	0	0.03594	0.016379
165.89200019836426	50.933328	208	0	0.029645	0.016379
167.8880000114441	50.492376	198	0	0.040352	0.016379
169.88700008392334	50.631536	198	0	0.029871	0.016379
171.93600010871887	53.05952	198	0	0.041569	0.016379
173.92600011825562	43.574496	200	0	0.041584	0.016379
175.92700028419495	53.790424	194	0	0.030774	0.016379
177.89600014686584	42.512112	188	0	0.03847	0.016379
179.89200019836426	48.29632	190	0	0.040488	0.016379
181.91400027275085	48.124992	190	0	0.044607	0.016379
183.90200018882751	48.033944	182	0	0.041291	0.016379
185.8860001564026	44.97304	204	0	0.050229	0.016379
187.8840000629425	53.90796	248	0	0.056065	0.016379
189.89700031280518	49.877872	216	0	0.02841	0.016379
192.92499995231628	51.447288	208	0	0.033916	0.016379
193.89900016784668	47.947016	208	0	0.042337	0.016379
195.93600010871887	45.837288	196	0	0.044256	0.016379
197.89400029182434	45.738984	194	0	0.037148	0.016379
199.91000032424927	46.375824	188	0	0.034202	0.016379
201.89000034332275	49.976256	188	0	0.042736	0.016379
203.9060001373291	44.8532	190	0	0.028165	0.016379
205.89400029182434	45.99332	190	0	0.046504	0.016379
207.88900017738342	47.502712	194	0	0.040079	0.016379
209.92499995231628	46.666072	194	0	0.041981	0.016379
211.8860001564026	45.94044	214	0	0.041191	0.016379
213.91200017929077	44.716168	198	0	0.037817	0.016379
215.91000032424927	42.30468	186	0	0.03987	0.016379
217.90900015830994	48.09236	186	0	0.039279	0.016379
219.90400004386902	44.155216	182	0	0.036663	0.016379
221.9170000553131	46.584448	220	0	0.047278	0.016379
223.93600010871887	48.82296	238	0	0.035709	0.016379
225.8880000114441	45.214328	212	0	0.05247	0.016379
227.9280002117157	45.913192	206	0	0.041578	0.016379
229.90500020980835	45.796616	218	0	0.049599	0.016379
231.9280002117157	46.947472	204	0	0.048798	0.016379
233.89600014686584	41.099192	204	0	0.045447	0.016379
235.8880000114441	46.929264	212	0	0.046947	0.016379
237.91200017929077	45.077264	184	0	0.034747	0.016379
239.90000009536743	39.7658	178	0	0.039037	0.016379
241.92600011825562	41.604648	178	0	0.040639	0.016379
243.92200016975403	45.397056	178	0	0.039244	0.016379
245.9150002002716	46.935144	178	0	0.035109	0.016379
247.9150002002716	54.064128	190	0	0.029259	0.016379
249.89400029182434	40.867216	190	0	0.045051	0.016379
251.92200016975403	46.995088	182	0	0.04143	0.016379
253.92400002479553	38.927896	198	0	0.032545	0.016379
255.89200019836426	44.561296	212	0	0.049978	0.016379
257.9150002002716	44.901016	210	0	0.04851	0.016379
259.88499999046326	48.802648	194	0	0.044614	0.016379
261.8880000114441	51.101304	198	0	0.026835	0.016379
263.9300003051758	40.662536	198	0	0.048207	0.016379
265.9370002746582	47.700976	200	0	0.043733	0.016379
267.92700028419495	48.069584	200	0	0.045014	0.016379
269.893000125885	45.260712	190	0	0.042279	0.016379
271.9230000972748	28.92088	216	0	0.043344	0.016379
273.94000005722046	51.847992	216	0	0.048642	0.016379
275.893000125885	52.3914	202	0	0.041485	0.016379
277.90000009536743	41.709248	210	0	0.044405	0.016379
279.89000034332275	46.209528	216	0	0.047955	0.016379
281.8890001773834	49.414208	216	0	0.047409	0.016379
283.94200015068054	48.799912	224	0	0.047297	0.016379
285.9079999923706	51.54252	196	0	0.030282	0.016379
287.9230000972748	43.075016	196	0	0.031978	0.016379
289.91000032424927	45.536336	208	0	0.036497	0.016379
291.91400027275085	42.56856	210	0	0.047445	0.016379
293.91200017929077	42.155696	204	0	0.046883	0.016379
295.91000032424927	46.144864	198	0	0.035661	0.016379
297.893000125885	52.37216	200	0	0.030556	0.016379
299.91400027275085	39.307832	234	0	0.04746	0.016379
301.9370002746582	50.06708	238	0	0.055215	0.016379
303.89600014686584	51.948264	238	0	0.053456	0.016379
305.9130003452301	48.479288	220	0	0.050348	0.016379
307.8880000114441	49.111592	200	0	0.042932	0.016379
309.89000034332275	46.88804	206	0	0.031564	0.016379
311.91800022125244	45.917824	200	0	0.036848	0.016379
313.92400002479553	47.62208	224	0	0.039454	0.016379
315.90900015830994	44.245712	226	0	0.051718	0.016379
317.91800022125244	44.173888	182	0	0.047434	0.016379
319.9060001373291	48.447608	206	0	0.03536	0.016379
321.9350001811981	46.048616	202	0	0.043817	0.016379
323.89200019836426	46.533704	224	0	0.047659	0.016379
325.9130003452301	55.807112	224	0	0.050275	0.016379
327.9249999523163	49.17988	218	0	0.052131	0.016379
329.8880000114441	44.66752	218	0	0.049038	0.016379
331.8970003128052	47.442832	208	0	0.047027	0.016379
333.94000005722046	40.359584	214	0	0.034733	0.016379
335.9249999523163	49.189536	190	0	0.03871	0.016379
337.9170000553131	43.919048	186	0	0.038294	0.016379
339.90500020980835	47.74428	192	0	0.03177	0.016379
341.893000125885	44.637112	190	0	0.038888	0.016379
343.91600012779236	43.804264	200	0	0.031814	0.016379
345.9060001373291	49.691832	204	0	0.046097	0.016379
347.90700006484985	49.468856	204	0	0.045605	0.016379
349.9360001087189	44.502224	200	0	0.047666	0.016379
351.89200019836426	47.822352	238	0	0.056963	0.016379
353.91200017929077	39.277864	238	0	0.066818	0.016379
355.904000043869	51.562432	204	0	0.041612	0.016379
357.904000043869	45.135912	214	0	0.042441	0.016379
359.90000009536743	41.679224	192	0	0.044079	0.016379
361.94200015068054	48.54704	194	0	0.036117	0.016379
363.960000038147	46.959008	200	0	0.036774	0.016379
365.89600014686584	50.309048	192	0	0.038098	0.016379
367.91000032424927	44.006424	196	0	0.029726	0.016379
369.904000043869	51.240008	190	0	0.032484	0.016379
372.5810000896454	46.641152	200	0	0.030863	0.016379
373.9010000228882	43.106336	206	0	0.038206	0.016379
375.90500020980835	50.706368	200	0	0.030365	0.016379
377.9300003051758	53.250048	216	0	0.042075	0.016379
379.93100023269653	45.310624	216	0	0.046571	0.016379
381.8910002708435	49.118896	216	0	0.030707	0.016379
383.8880000114441	48.208168	198	0	0.043763	0.016379
385.8980002403259	47.593872	212	0	0.044577	0.016379
387.89000034332275	46.432464	230	0	0.052272	0.016379
389.8980002403259	43.449152	208	0	0.04148	0.016379
391.90300011634827	50.00748	198	0	0.030069	0.016379
393.9320001602173	46.083984	212	0	0.047302	0.016379
395.92000007629395	44.79388	212	0	0.045555	0.016379
397.91600012779236	49.649864	202	0	0.050083	0.016379
399.91400027275085	47.31728	204	0	0.046162	0.016379
401.893000125885	44.715072	210	0	0.045486	0.016379
403.89600014686584	45.26888	224	0	0.049019	0.016379
405.94000005722046	44.096272	222	0	0.034321	0.016379
407.90000009536743	49.543664	204	0	0.04875	0.016379
409.9010000228882	44.33364	209	0	0.043909	0.016379
411.91600012779236	46.293416	212	0	0.045667	0.016379
413.93800020217896	47.515544	194	0	0.030441	0.016379
415.89400029182434	43.880608	196	0	0.041387	0.016379
417.91200017929077	46.277648	214	0	0.041806	0.016379
419.9150002002716	51.8328	214	0	0.048225	0.016379
421.8980002403259	42.279192	190	0	0.044128	0.016379
423.9260001182556	48.194944	186	0	0.040403	0.016379
425.91800022125244	39.008688	202	0	0.038247	0.016379
427.9130003452301	52.896184	206	0	0.045491	0.017202
429.90300011634827	49.04384	206	0	0.030049	0.017202
431.90700006484985	47.697648	186	0	0.041955	0.017202
433.9260001182556	45.342672	206	0	0.041654	0.017202
435.89200019836426	46.53308	200	0	0.029645	0.017202
437.9370002746582	49.02808	200	0	0.036649	0.017202
439.9249999523163	40.988408	216	0	0.033368	0.017202
441.93800020217896	51.336192	210	0	0.042809	0.017202
443.91400027275085	47.493488	202	0	0.043307	0.017202
445.9020001888275	44.68752	198	0	0.04385	0.017202
447.93100023269653	49.388248	200	0	0.042842	0.017202
449.90000009536743	43.944632	206	0	0.047336	0.017202
451.90000009536743	45.649088	172	0	0.029492	0.017202
453.92000007629395	46.765896	188	0	0.027626	0.017202
455.9210002422333	50.728216	196	0	0.042288	0.017202
457.9020001888275	42.5138	196	0	0.044634	0.017202
459.92900037765503	42.280872	198	0	0.043318	0.017202
461.9480001926422	43.994088	206	0	0.047718	0.017202
463.8990001678467	43.63516	214	0	0.047663	0.017202
465.9020001888275	45.279024	214	0	0.049369	0.017202
467.92700028419495	49.172736	208	0	0.047371	0.017202
469.92900037765503	47.945288	232	0	0.048642	0.017202
471.91600012779236	44.757128	200	0	0.048954	0.017202
473.9260001182556	47.60316	198	0	0.045132	0.017202
475.9520001411438	49.305896	216	0	0.046303	0.017202
477.94400000572205	35.202488	202	0	0.041536	0.017202
479.9210002422333	41.864232	192	0	0.040179	0.017202
481.91000032424927	45.58804	192	0	0.042134	0.017202
483.9390001296997	46.853112	182	0	0.037272	0.017202
485.90000009536743	52.70432	208	0	0.034886	0.017202
487.91100025177	47.86032	204	0	0.031135	0.017202
489.94700026512146	46.898784	198	0	0.044557	0.017202
491.9280002117157	46.153376	200	0	0.044099	0.017202
493.904000043869	44.032904	192	0	0.037401	0.017202
495.9249999523163	46.86536	200	0	0.045861	0.017202
497.9590001106262	44.631184	202	0	0.046354	0.017202
499.90500020980835	47.6946	200	0	0.042197	0.017202
501.91800022125244	45.711664	206	0	0.03097	0.017202
503.9540002346039	46.267488	208	0	0.048758	0.017202
505.9249999523163	49.850456	208	0	0.044662	0.017202
507.93400025367737	44.88436	200	0	0.046374	0.017202
509.9760000705719	50.134616	202	0	0.041732	0.017202
511.93800020217896	51.016856	198	0	0.043175	0.017202
513.9030001163483	45.237232	210	0	0.044562	0.017202
515.920000076294	45.408272	222	0	0.046769	0.017202
517.920000076294	43.099088	212	0	0.04639	0.017202
519.9010000228882	48.591568	220	0	0.050162	0.017202
521.9150002002716	48.452776	210	0	0.045507	0.017202
523.927000284195	44.4286	204	0	0.037694	0.017202
525.9120001792908	44.692368	204	0	0.030403	0.017202
527.9079999923706	48.15732	208	0	0.040587	0.017202
529.9100003242493	46.659624	210	0	0.045886	0.017202
531.9390001296997	50.525576	210	0	0.045491	0.017202
534.91100025177	45.952728	252	0	0.044298	0.017202
535.9249999523163	50.699384	216	0	0.048276	0.017202
537.9260001182556	41.602064	214	0	0.041658	0.017202
539.9180002212524	39.287768	224	0	0.034961	0.017202
542.9190001487732	50.66424	220	0	0.049179	0.017202
543.9870002269745	44.204912	198	0	0.04235	0.018145
545.9420001506805	45.431216	206	0	0.043309	0.017941
548.9090001583099	47.631792	190	0	0.041185	0.017941
549.9170000553131	44.887832	190	0	0.038336	0.017941
551.9300003051758	47.335224	182	0	0.039179	0.017941
553.949000120163	44.156816	184	0	0.028311	0.017941
556.9350001811981	48.56416	200	0	0.034001	0.017941
558.9370002746582	45.433768	204	0	0.033449	0.017941
560.9430000782013	50.358576	208	0	0.034774	0.017941
562.9030001163483	39.993184	216	0	0.03854	0.017941
564.91100025177	49.222152	214	0	0.027657	0.017941
566.9230000972748	46.005808	222	0	0.041993	0.017941
567.951000213623	49.072512	206	0	0.0277	0.017941
570.927000284195	43.908696	200	0	0.031913	0.017941
572.9150002002716	47.461176	196	0	0.037655	0.017941
574.8950002193451	41.5208	206	0	0.033292	0.017941
576.9100003242493	42.862624	204	0	0.033378	0.017941
578.9249999523163	40.459784	188	0	0.035228	0.017869
580.9310002326965	52.406104	198	0	0.03525	0.017866
582.8990001678467	56.371936	202	0	0.036669	0.017866
584.9520001411438	43.073576	198	0	0.042412	0.017866
586.9400000572205	47.354672	196	0	0.043055	0.017866
588.9160001277924	46.17548	196	0	0.042161	0.017866
590.9060001373291	44.080544	192	0	0.037802	0.017866
592.9180002212524	43.176656	208	0	0.031232	0.017866
594.9010000228882	46.901792	208	0	0.045806	0.017866
596.9010000228882	48.996624	194	0	0.041095	0.017866
598.8970003128052	49.772512	194	0	0.03872	0.017866
600.9140002727509	45.916664	198	0	0.038301	0.017866
601.9940001964569	51.468744	212	0	0.031935	0.017866
604.9070000648499	46.617896	204	0	0.039471	0.017866
606.9160001277924	42.893392	204	0	0.043756	0.017866
608.951000213623	49.633896	210	0	0.028219	0.017866
610.9070000648499	45.242216	206	0	0.033667	0.017866
612.9060001373291	52.192016	222	0	0.031909	0.017866
614.9420001506805	49.564792	208	0	0.036055	0.017866
616.9130003452301	45.848656	174	0	0.027131	0.016792
618.9130003452301	46.721656	180	0	0.038386	0.016792
620.9090001583099	49.39872	180	0	0.039797	0.016792
622.9249999523163	49.457304	180	0	0.041668	0.016792
625.1180002689362	50.573208	186	0	0.044501	0.016792
626.9020001888275	49.255088	186	0	0.031084	0.016792
628.927000284195	51.722128	208	0	0.048708	0.016792
630.9130003452301	44.885112	224	0	0.038702	0.016792
632.9030001163483	47.054808	224	0	0.04801	0.016792
634.9170000553131	47.582704	238	0	0.054327	0.016792
636.9060001373291	46.175624	236	0	0.036333	0.016792
638.9430000782013	46.786976	192	0	0.048422	0.016792
640.9180002212524	46.073632	184	0	0.028337	0.016792
642.9340002536774	45.129536	184	0	0.040292	0.016792
644.904000043869	38.071192	184	0	0.03733	0.016792
646.9020001888275	42.973528	186	0	0.041579	0.016792
648.9360001087189	49.50688	186	0	0.039061	0.016792
650.951000213623	49.18624	196	0	0.028842	0.016792
652.9280002117157	40.392848	196	0	0.037929	0.016792
654.929000377655	46.837224	196	0	0.043971	0.016792
656.9350001811981	48.385904	192	0	0.040374	0.016792
658.9030001163483	53.395024	196	0	0.030956	0.016792
660.904000043869	32.720808	194	0	0.033987	0.016792
662.9400000572205	44.445728	182	0	0.043953	0.016792
664.9530003070831	44.640384	192	0	0.030121	0.016792
666.944000005722	45.961656	192	0	0.038284	0.016792
668.9140002727509	48.851544	192	0	0.03914	0.016792
670.929000377655	37.636232	4	0	0.037674	0.016792
672.9190001487732	47.114232	198	0	0.032946	0.016792
675.0480000972748	49.572528	198	0	0.088394	0.016792
676.922000169754	47.855408	196	0	0.042275	0.016792
678.938000202179	42.59708	194	0	0.042982	0.016792
680.91100025177	38.741752	210	0	0.048365	0.016792
682.927000284195	48.497288	202	0	0.043186	0.016792
684.9260001182556	51.215792	202	0	0.02948	0.016792
686.9180002212524	54.578112	202	0	0.045299	0.016792
688.9020001888275	46.446304	206	0	0.027729	0.016792
690.9560000896454	49.207736	208	0	0.03958	0.016792
692.938000202179	42.672336	204	0	0.049852	0.016792
694.9430000782013	45.190808	204	0	0.04343	0.016792
696.9300003051758	47.647112	198	0	0.029487	0.016792
698.9320001602173	48.954656	186	0	0.033165	0.016792
700.9010000228882	42.524688	186	0	0.044957	0.016792
702.9030001163483	42.462712	176	0	0.03749	0.016792
704.9480001926422	47.343112	176	0	0.030945	0.016792
706.944000005722	51.939376	184	0	0.040217	0.016792
708.9130003452301	54.94992	190	0	0.029554	0.016792
710.9280002117157	50.377912	216	0	0.030531	0.016792
712.9360001087189	47.924648	214	0	0.036001	0.016792
714.9760000705719	43.75116	216	0	0.04216	0.016792
716.9070000648499	45.002328	216	0	0.047838	0.016792
718.9249999523163	44.537176	204	0	0.044355	0.016792
720.9500002861023	47.847896	204	0	0.043044	0.016792
722.9320001602173	39.581424	190	0	0.034849	0.016792
724.9230000972748	47.4518	196	0	0.040873	0.016792
726.9409999847412	46.113112	198	0	0.045448	0.016792
728.9630000591278	47.408552	198	0	0.041163	0.016792
730.9100003242493	43.693968	198	0	0.041378	0.016792
732.9210002422333	48.20884	220	0	0.031544	0.016792
734.91100025177	46.350408	216	0	0.042548	0.016792
736.904000043869	52.613344	210	0	0.042289	0.016792
738.9300003051758	44.161496	192	0	0.041731	0.016792
740.9409999847412	49.633544	190	0	0.035278	0.016792
742.922000169754	48.966176	196	0	0.037531	0.016792
744.9310002326965	53.226752	196	0	0.041134	0.016792
746.9320001602173	46.73308	204	0	0.032658	0.016792
748.9550001621246	45.574016	204	0	0.044889	0.016792
750.2750000953674	50.688976	196	0	0.0449	0.016792
