0.0	140.93164	572	0	0.026906	0.02143
0.04699993133544922	20.24028	598	0	0.025591	0.02143
0.08299994468688965	20.24028	598	5	0.025166	0.02143
0.12199997901916504	34.845584	598	0	0.027169	0.02143
0.28099989891052246	82.956968	598	0	0.068855	0.02143
0.3429999351501465	146.7542	598	0	0.027609	0.02143
0.3939998149871826	146.7542	606	29	0.026358	0.02143
0.44899988174438477	141.32704	606	0	0.030274	0.02143
1.1600000858306885	147.333088	606	0	0.029343	0.02143
3.1619999408721924	19.234672	606	0	0.026054	0.02143
5.161999940872192	67.276512	590	0	0.045043	0.02143
7.16100001335144	136.862856	4	0	0.031069	0.02143
9.16100001335144	158.732288	655	0	0.025262	0.02143
11.161999940872192	169.330416	687	0	0.030021	0.02143
13.162999868392944	17.124064	700	0	0.024889	0.02143
15.162999868392944	166.18692	724	0	0.026122	0.02143
17.162999868392944	17.87144	724	0	0.029003	0.02143
19.429999828338623	165.432352	736	0	0.02786	0.02143
21.280999898910522	20.563968	702	0	0.055139	0.02143
23.421000003814697	39.985664	690	0	0.135632	0.02143
25.417999982833862	108.01976	471	0	0.058708	0.02143
27.424000024795532	52.226488	458	0	0.032565	0.02143
29.417999982833862	119.997232	502	0	0.026245	0.02143
31.424000024795532	102.986192	500	0	0.031961	0.02143
33.413999795913696	102.986192	500	0	0.05288	0.02143
35.425999879837036	102.986192	500	0	0.069146	0.02143
37.42199993133545	102.731064	500	0	0.031432	0.02143
39.418999910354614	96.221872	734	0	0.047438	0.02143
41.419999837875366	16.52452	532	0	0.029025	0.02143
43.413999795913696	89.33316	526	0	0.059999	0.02143
45.20799994468689	107.013464	526	0	0.026224	0.02143
47.42699980735779	112.794032	532	0	0.030605	0.02143
49.4210000038147	92.877824	522	0	0.044799	0.02143
51.412999868392944	99.521232	530	0	0.026771	0.02143
53.419999837875366	110.978024	600	0	0.034709	0.02143
55.42699980735779	20.298144	538	0	0.0295	0.02143
57.42400002479553	116.8544	528	0	0.044741	0.02143
59.4210000038147	62.82904	520	0	0.084522	0.02143
61.412999868392944	112.91756	526	0	0.028614	0.02143
63.419999837875366	91.4062	500	0	0.054563	0.02143
65.4210000038147	90.959656	500	0	0.037871	0.02143
67.41999983787537	94.363464	564	0	0.049657	0.02143
69.4229998588562	96.662904	462	0	0.028454	0.02143
71.42199993133545	96.208792	462	0	0.035488	0.02143
73.42699980735779	80.776272	462	0	0.058324	0.02143
75.42199993133545	87.229784	450	0	0.033069	0.02143
77.4210000038147	116.376088	488	0	0.03012	0.02143
79.42400002479553	117.01276	502	0	0.031135	0.02143
81.41600012779236	117.183896	502	0	0.025985	0.02143
83.42199993133545	58.491608	502	0	0.025881	0.02143
85.42199993133545	111.859664	482	0	0.025833	0.02143
87.41899991035461	99.969472	510	0	0.026424	0.02143
89.4229998588562	62.97188	500	0	0.03656	0.02143
91.41799998283386	111.107832	500	0	0.032792	0.02143
93.42699980735779	61.282128	500	0	0.040272	0.02143
95.42199993133545	76.069312	500	0	0.053107	0.02143
97.41499972343445	122.697424	592	0	0.029742	0.02143
99.42599987983704	103.297576	546	0	0.031241	0.02143
101.42599987983704	85.995112	546	0	0.052715	0.02143
103.41600012779236	15.474896	544	0	0.034576	0.02143
105.42599987983704	110.84108	498	0	0.045315	0.02143
107.41600012779236	47.429336	498	0	0.093215	0.02143
109.42199993133545	20.50124	508	0	0.023792	0.02143
111.41700005531311	57.645992	500	0	0.080309	0.02143
113.4139997959137	68.733336	508	0	0.039366	0.02143
115.42499995231628	33.141184	500	0	0.115666	0.02143
117.41799998283386	14.030416	518	0	0.030635	0.02143
119.41499972343445	29.431792	4	0	0.188559	0.02143
121.41700005531311	72.326248	588	0	0.087845	0.02143
123.41799998283386	121.00612	530	0	0.024842	0.02143
125.42899990081787	69.9554	522	0	0.073973	0.02143
127.42499995231628	108.659248	556	0	0.027115	0.02143
129.4170000553131	105.946672	594	0	0.024024	0.02143
131.42499995231628	67.52224	602	0	0.057861	0.02143
133.41799998283386	115.108128	592	0	0.046934	0.02143
135.41600012779236	65.421312	592	0	0.028846	0.02143
137.42499995231628	111.80252	528	0	0.035572	0.02143
139.41799998283386	111.80252	528	0	0.072242	0.02143
141.41899991035461	111.80252	528	0	0.029261	0.02143
143.42799973487854	118.041808	540	0	0.027729	0.02143
145.42400002479553	49.672752	716	0	0.097687	0.02143
147.41899991035461	34.97452	562	0	0.034792	0.02143
149.41600012779236	106.672416	563	0	0.03403	0.02143
151.41499972343445	101.383368	572	0	0.029897	0.02143
153.4229998588562	116.037216	580	0	0.03578	0.02143
155.41799998283386	85.971824	556	0	0.04971	0.02143
157.42499995231628	117.64732	556	0	0.025716	0.02143
159.42899990081787	91.725008	536	0	0.032956	0.02143
161.42599987983704	16.714784	542	0	0.030067	0.02143
163.42799973487854	104.758096	532	0	0.038646	0.02143
165.42499995231628	110.667552	532	0	0.027636	0.02143
167.42400002479553	99.335672	522	0	0.036973	0.02143
169.42899990081787	133.262128	477	0	0.034077	0.02143
171.4229998588562	19.143136	560	0	0.029635	0.02143
173.42599987983704	105.589656	578	0	0.036751	0.02143
175.41799998283386	20.52628	568	0	0.028275	0.02143
177.42999982833862	134.572288	582	0	0.034511	0.02143
179.42799973487854	70.231392	572	0	0.035845	0.02143
181.42199993133545	21.075552	4	0	0.024833	0.02143
183.41499972343445	140.985792	584	0	0.03269	0.02143
185.4269998073578	21.184496	576	0	0.032175	0.02143
187.4269998073578	117.074072	576	0	0.040254	0.02143
189.42499995231628	18.9626	576	0	0.02954	0.02143
191.41600012779236	144.54808	610	0	0.03928	0.02143
193.4229998588562	117.690704	630	0	0.03302	0.02143
195.4210000038147	158.308472	656	0	0.031469	0.02143
197.42199993133545	150.434976	648	0	0.028744	0.02143
199.42400002479553	18.30896	660	0	0.041993	0.02143
201.42599987983704	123.25044	648	0	0.037858	0.02143
203.41999983787537	123.25044	648	0	0.055613	0.02143
205.42999982833862	20.89384	514	0	0.029204	0.02143
207.42599987983704	111.199608	516	0	0.032587	0.02143
209.42400002479553	120.51068	516	0	0.029552	0.02143
211.42999982833862	84.873424	508	0	0.043714	0.02143
213.42899990081787	120.212984	512	0	0.032798	0.02143
215.42400002479553	75.756736	512	0	0.045214	0.02143
217.42199993133545	118.781304	508	0	0.025457	0.02143
219.42999982833862	97.697856	514	0	0.032672	0.02143
221.42400002479553	141.329144	574	0	0.026063	0.02143
223.4319999217987	54.266016	574	0	0.030808	0.02143
225.42599987983704	138.335928	586	0	0.024854	0.02143
227.41999983787537	129.64012	576	0	0.036939	0.02143
229.42999982833862	124.77872	606	0	0.035373	0.02143
231.42999982833862	122.099712	616	0	0.041303	0.02143
233.42499995231628	14.31488	586	0	0.031252	0.02143
235.41999983787537	62.85504	586	0	0.091016	0.02143
237.4170000553131	20.409096	586	0	0.030177	0.02143
239.4210000038147	94.288064	586	0	0.040435	0.02143
241.42899990081787	148.779216	637	0	0.024956	0.02143
243.4210000038147	15.667728	632	0	0.031613	0.02143
245.41600012779236	81.605288	688	0	0.087304	0.02143
247.4229998588562	13.918312	664	0	0.043655	0.02143
249.41899991035461	141.282592	550	0	0.050485	0.02143
251.42999982833862	147.004048	644	0	0.024361	0.02143
253.42499995231628	14.192512	636	0	0.032117	0.02143
255.4210000038147	52.921824	628	0	0.098366	0.02143
257.42799973487854	110.45508	628	0	0.027635	0.02143
259.66999983787537	140.19628	628	0	0.047531	0.02143
261.43299984931946	14.948944	558	0	0.030696	0.02143
263.6839997768402	55.77584	540	0	0.077063	0.02143
265.42799973487854	106.14356	538	0	0.030204	0.02143
267.67399978637695	106.14356	498	0	0.02706	0.02143
269.6749997138977	116.002304	514	0	0.026062	0.02143
271.68299984931946	92.957488	506	0	0.045017	0.02143
273.67399978637695	103.85944	504	0	0.031219	0.02143
275.6819999217987	133.909056	554	0	0.028109	0.02143
277.68299984931946	133.134736	588	0	0.024423	0.02143
279.67199993133545	139.085384	590	0	0.028363	0.02143
281.6709997653961	16.180232	592	0	0.031603	0.02143
283.6839997768402	150.098504	617	0	0.025483	0.02143
285.6779999732971	21.407624	618	0	0.026722	0.02143
287.6749997138977	152.483016	634	0	0.028061	0.02143
289.67199993133545	160.249968	664	0	0.026151	0.02143
291.68099999427795	13.055984	660	0	0.032499	0.02143
293.6729998588562	149.62288	666	0	0.028479	0.02143
295.67899990081787	13.869248	674	0	0.025271	0.02143
297.66999983787537	0.841992	674	0	0.027076	0.02143
299.67899990081787	177.09528	728	0	0.026053	0.021455
301.67399978637695	161.644912	712	0	0.026038	0.021455
303.68099999427795	104.154696	713	0	0.030084	0.021455
305.6729998588562	18.101344	724	0	0.025767	0.021455
307.6800000667572	119.843312	718	0	0.03713	0.021455
309.6729998588562	18.894632	756	0	0.028286	0.021455
311.67899990081787	180.715568	778	0	0.025167	0.021455
313.67599987983704	166.15992	890	0	0.030131	0.021455
315.6800000667572	20.169816	834	0	0.028978	0.021455
317.67899990081787	187.949248	818	0	0.037368	0.021455
319.66999983787537	13.716208	816	0	0.034775	0.021455
321.6779999732971	83.935832	830	0	0.085408	0.021455
323.68099999427795	101.764208	814	0	0.080423	0.021455
325.67700004577637	10.120136	814	0	0.037482	0.021455
327.67199993133545	62.2906	940	0	0.129698	0.021455
329.6800000667572	109.289424	488	0	0.025915	0.021455
331.67199993133545	28.186312	490	0	0.026111	0.021455
333.6779999732971	126.52464	552	0	0.027506	0.021455
335.67700004577637	67.830056	552	0	0.027992	0.021455
337.67399978637695	121.688816	552	0	0.024815	0.021455
339.6839997768402	124.509648	560	0	0.026946	0.021455
341.6779999732971	0.258376	636	0	0.025694	0.021455
343.6729998588562	21.345976	672	0	0.02402	0.021455
345.6819999217987	157.146776	664	0	0.03186	0.021455
347.6819999217987	73.361808	664	0	0.029183	0.021455
349.68499994277954	138.844344	682	0	0.03334	0.021455
351.67599987983704	140.593232	662	0	0.030923	0.021455
353.6839997768402	21.983688	662	0	0.027246	0.021455
355.6839997768402	185.342968	722	0	0.025989	0.021455
357.6749997138977	19.684616	756	0	0.030302	0.021455
359.68299984931946	186.479608	762	0	0.0286	0.021455
361.67899990081787	163.997728	4	0	0.025572	0.021455
363.67899990081787	19.846416	814	0	0.025761	0.021455
365.6749997138977	128.101832	814	0	0.041805	0.021455
367.67399978637695	15.375456	802	0	0.030419	0.021455
369.68299984931946	133.736808	802	0	0.042772	0.021455
371.6709997653961	131.064	552	0	0.040891	0.021455
373.67599987983704	144.506264	619	0	0.027868	0.021455
375.6709997653961	156.22204	682	0	0.02475	0.021455
377.6800000667572	21.032456	672	0	0.02409	0.021455
379.67700004577637	169.816184	747	0	0.026091	0.021455
381.67399978637695	173.73096	828	0	0.027303	0.021455
383.6729998588562	196.525064	828	0	0.027884	0.021455
385.6839997768402	113.013672	860	0	0.028152	0.021455
387.68099999427795	16.452272	865	0	0.027191	0.021455
389.67599987983704	181.707736	1062	0	0.02557	0.021455
391.67399978637695	16.897328	1056	0	0.075948	0.021455
393.68499994277954	42.782568	1040	0	0.070186	0.021455
395.67599987983704	73.22924	1056	0	0.130457	0.021455
397.6709997653961	124.15188	650	0	0.033526	0.021455
399.66999983787537	49.144448	650	0	0.049525	0.021455
401.68099999427795	11.2188	646	0	0.02695	0.021455
403.67599987983704	53.995048	538	0	0.054584	0.021455
405.6729998588562	65.580216	528	0	0.036461	0.021455
407.68699979782104	119.184352	495	0	0.026542	0.021455
409.6749997138977	113.362632	504	0	0.025661	0.021455
411.6839997768402	21.541192	524	0	0.025136	0.021455
413.6779999732971	133.629104	560	0	0.024639	0.021455
415.67199993133545	20.598416	588	0	0.026159	0.021455
417.6749997138977	39.031552	588	0	0.058048	0.021455
419.68099999427795	98.426096	588	0	0.032065	0.021455
421.67899990081787	107.28512	596	0	0.027844	0.021455
423.68299984931946	71.732256	596	0	0.028146	0.021455
425.6749997138977	39.057032	446	0	0.028197	0.021455
427.67399978637695	39.057032	446	0	0.0253	0.021455
429.6839997768402	59.207776	440	0	0.024972	0.021455
431.67700004577637	28.41088	463	0	0.025414	0.021455
433.68299984931946	115.1114	506	0	0.029477	0.021455
435.67399978637695	124.806104	578	0	0.044027	0.021455
437.6859998703003	68.23068	522	0	0.024602	0.021455
439.67899990081787	12.960736	566	0	0.026073	0.021455
441.67199993133545	67.51776	556	0	0.027076	0.021455
443.6839997768402	131.031984	578	0	0.025587	0.021455
445.68299984931946	152.33056	636	0	0.026096	0.021455
447.67700004577637	148.046608	640	0	0.031076	0.021455
449.68099999427795	19.76256	652	0	0.034976	0.021455
451.67599987983704	126.65192	640	0	0.039639	0.021455
453.6859998703003	20.511248	646	0	0.031027	0.021455
455.6839997768402	52.194392	524	0	0.139601	0.021455
457.6839997768402	52.194392	524	0	0.102527	0.021455
459.6800000667572	126.117064	524	0	0.026905	0.021455
461.67599987983704	126.117064	530	0	0.032623	0.021455
463.6859998703003	74.559944	522	0	0.03318	0.021455
465.67899990081787	124.119976	544	0	0.025751	0.021455
467.67599987983704	138.150328	602	0	0.02554	0.021455
469.67599987983704	124.201392	602	0	0.025928	0.021455
471.68499994277954	139.962136	598	0	0.026613	0.021455
473.6800000667572	20.646512	602	0	0.024504	0.021455
475.67899990081787	58.141888	602	0	0.026419	0.021455
477.68499994277954	16.976424	586	0	0.030055	0.021455
479.6729998588562	38.547024	328	0	0.027532	0.021455
481.6749997138977	38.547024	328	0	0.027572	0.021455
483.6859998703003	62.627016	260	0	0.028134	0.021455
485.67899990081787	62.627016	260	0	0.024491	0.021455
487.6729998588562	62.627016	262	0	0.024836	0.021455
489.6839997768402	78.029592	330	0	0.024128	0.021455
491.68299984931946	48.90964	350	0	0.02823	0.021455
493.6819999217987	79.221752	366	0	0.023997	0.021455
495.6749997138977	97.626216	448	0	0.029032	0.021455
497.6819999217987	101.008992	432	0	0.024311	0.021455
499.68499994277954	124.673432	520	0	0.023919	0.021455
501.6819999217987	19.08032	566	0	0.024525	0.021455
503.67399978637695	117.964224	566	0	0.027011	0.021455
505.6819999217987	108.996008	566	0	0.044328	0.021455
507.6729998588562	14.75564	590	0	0.03385	0.021455
509.68099999427795	14.75564	590	0	0.032439	0.021455
511.6779999732971	12.54692	480	0	0.031845	0.021455
513.6859998703003	51.115976	218	0	0.08919	0.021455
515.7130000591278	46.637872	220	0	0.024248	0.021476
517.9269998073578	48.78968	220	0	0.026937	0.021476
519.9299998283386	58.3188	244	0	0.023726	0.021476
521.9340000152588	72.2596	310	0	0.027627	0.021476
523.9319996833801	74.018744	310	0	0.029485	0.021476
525.9289999008179	79.767744	366	0	0.026411	0.021476
527.9329998493195	81.369008	432	0	0.023415	0.021476
529.9319996833801	105.689352	466	0	0.02428	0.021476
531.9399998188019	95.411888	458	0	0.033101	0.021476
533.9319996833801	44.655616	466	0	0.030531	0.021476
535.9249999523163	21.415808	464	0	0.031511	0.021476
537.9360001087189	42.057384	456	0	0.1107	0.021476
539.7200000286102	45.823568	326	0	0.036715	0.021476
541.925999879837	65.944352	346	0	0.026053	0.021476
543.9329998493195	52.039056	352	0	0.053973	0.021476
545.9299998283386	78.087448	372	0	0.02918	0.021476
547.9379999637604	74.679432	382	0	0.041123	0.021476
549.9329998493195	71.579152	382	0	0.025814	0.021476
551.9269998073578	82.589512	402	0	0.027528	0.021476
553.925999879837	107.47112	474	0	0.027417	0.021476
555.9349999427795	19.71144	464	0	0.042222	0.021476
557.9319996833801	108.591696	500	0	0.026006	0.021476
559.925999879837	12.21424	510	0	0.030772	0.021476
561.9360001087189	92.13864	528	0	0.041965	0.021476
563.9289999008179	126.05896	564	0	0.025831	0.021476
565.9299998283386	126.319072	608	0	0.026735	0.021476
567.9279999732971	112.093928	682	0	0.030632	0.021476
569.9249999523163	141.308792	598	0	0.029684	0.021476
571.9370000362396	144.894432	598	0	0.036049	0.021476
573.9289999008179	12.549704	598	0	0.036894	0.021476
575.9399998188019	87.822456	598	0	0.041425	0.021476
577.9340000152588	79.470648	588	0	0.058489	0.021476
579.9289999008179	100.203656	594	0	0.03919	0.021476
581.9340000152588	55.439256	601	0	0.058753	0.021476
583.9289999008179	110.465672	608	0	0.038073	0.021476
585.9409999847412	20.879176	596	0	0.03702	0.021476
587.9329998493195	81.6724	597	0	0.045111	0.021476
589.9309997558594	20.637	498	0	0.027172	0.021476
591.9370000362396	56.792168	498	0	0.055399	0.021476
593.9289999008179	13.11592	508	0	0.036657	0.021476
595.9269998073578	61.836248	628	0	0.049362	0.021476
597.9340000152588	120.424128	550	0	0.033092	0.021476
599.9389998912811	86.766208	540	0	0.052646	0.021476
601.9409999847412	122.212008	558	0	0.026396	0.02161
603.9360001087189	73.06156	558	0	0.091613	0.02161
605.925999879837	122.010792	558	0	0.026713	0.02161
607.9309997558594	126.449856	536	0	0.024244	0.02161
609.9389998912811	117.355752	574	0	0.024969	0.02161
611.9370000362396	20.437232	575	0	0.025475	0.02161
613.9319996833801	142.123544	630	0	0.035432	0.02161
615.9370000362396	76.773192	630	0	0.091423	0.02161
617.9309997558594	13.914168	640	0	0.035691	0.02161
619.9370000362396	12.7554	644	0	0.029028	0.02161
621.9360001087189	21.310784	90	0	0.025466	0.02161
623.9449999332428	22.113928	108	0	0.02275	0.021536
625.9340000152588	26.198616	156	0	0.025668	0.021536
627.9289999008179	43.56228	192	0	0.024413	0.021536
629.9389998912811	63.833424	260	0	0.025005	0.021536
631.9349999427795	59.764432	296	0	0.024641	0.021536
633.944000005722	95.320272	422	0	0.028802	0.021536
635.941999912262	87.190512	454	0	0.028615	0.021536
637.9329998493195	115.818336	478	0	0.03259	0.021536
639.9299998283386	115.818336	478	0	0.03016	0.021536
641.9299998283386	11.604992	506	0	0.02915	0.021536
643.944000005722	121.043328	542	0	0.029681	0.021536
645.9329998493195	21.571616	614	0	0.02427	0.021536
647.9329998493195	149.65352	646	0	0.026414	0.021536
649.9340000152588	153.44484	658	0	0.026534	0.021536
651.9360001087189	137.955784	814	0	0.030992	0.021536
653.9299998283386	191.364904	1010	0	0.030972	0.021536
655.9309997558594	109.438536	816	0	0.036776	0.021536
657.9319996833801	131.288656	817	0	0.034117	0.021536
659.9289999008179	18.440416	808	0	0.026545	0.021536
661.9389998912811	195.426392	812	0	0.024948	0.021536
663.9309997558594	203.304992	828	0	0.02815	0.021536
665.9279999732971	21.210344	842	0	0.025607	0.021536
667.9429998397827	208.50524	863	0	0.026869	0.021536
669.9399998188019	10.541112	856	0	0.026511	0.021536
671.9409999847412	199.455128	856	0	0.025952	0.021536
673.9360001087189	34.510744	856	0	0.031456	0.021536
675.9409999847412	14.083744	820	0	0.039867	0.021536
677.9379999637604	200.091472	822	0	0.031001	0.021536
679.941999912262	21.196968	822	0	0.029832	0.021536
681.9399998188019	116.266448	1071	0	0.034667	0.021536
683.9329998493195	12.79696	890	0	0.031173	0.021536
685.9279999732971	198.136104	840	0	0.032704	0.021536
687.9370000362396	142.138048	834	0	0.044209	0.021536
689.9409999847412	10.389216	834	0	0.04221	0.021536
691.9709997177124	182.0328	846	0	0.030844	0.021536
693.9459998607635	20.544688	770	0	0.027094	0.021536
695.9370000362396	61.364432	770	0	0.080205	0.021536
697.9299998283386	136.823848	760	0	0.032051	0.021536
699.9409999847412	14.10644	562	0	0.052297	0.021536
701.9340000152588	130.790768	562	0	0.026362	0.021536
703.941999912262	16.841696	638	0	0.02645	0.021536
705.941999912262	148.70472	656	0	0.026826	0.021536
707.9360001087189	162.710952	708	0	0.024005	0.021536
709.941999912262	146.474064	692	0	0.02809	0.021536
711.9370000362396	173.96792	716	0	0.026367	0.021536
713.9459998607635	11.77432	732	0	0.025345	0.021536
715.9409999847412	183.15596	754	0	0.027579	0.021536
717.9360001087189	193.35996	816	0	0.026357	0.021536
719.9329998493195	185.086008	816	0	0.02997	0.021536
721.9309997558594	192.05496	828	0	0.028947	0.021536
723.9370000362396	22.22468	892	0	0.028724	0.021536
725.9449999332428	141.867592	1384	0	0.048471	0.021536
727.9360001087189	11.213776	888	0	0.037772	0.021536
729.9469997882843	98.470976	888	0	0.047956	0.021536
731.9289999008179	12.532344	582	0	0.042458	0.021536
733.9389998912811	106.067296	482	0	0.043154	0.021536
735.9379999637604	102.810256	506	0	0.029136	0.021536
737.9360001087189	124.404472	552	0	0.026045	0.021536
739.9309997558594	133.95208	647	0	0.026837	0.021536
741.941999912262	101.023504	634	0	0.029596	0.021536
743.9789998531342	135.652448	654	0	0.042579	0.021536
745.9360001087189	180.416288	651	0	0.038186	0.021536
747.9370000362396	177.323904	738	0	0.026121	0.021536
749.9449999332428	177.323904	738	0	0.165895	0.021536
751.9429998397827	177.323904	790	0	0.036317	0.021536
753.9399998188019	190.00784	793	0	0.02829	0.021536
755.944000005722	190.00784	798	0	0.028643	0.021536
757.9349999427795	196.218136	832	0	0.027287	0.021536
759.9429998397827	182.017624	858	0	0.031506	0.021536
762.180999994278	19.640896	914	0	0.025115	0.021536
763.9399998188019	231.092736	977	0	0.031106	0.021536
766.1819999217987	11.203688	988	0	0.028038	0.021536
768.1859998703003	175.521808	1002	0	0.031034	0.021536
769.9889998435974	16.190504	988	0	0.032142	0.021536
772.186999797821	185.70228	1020	0	0.046002	0.021536
774.186999797821	203.324248	1158	0	0.030197	0.021536
776.1840000152588	21.464144	1018	0	0.028552	0.021536
778.180999994278	206.784064	1018	0	0.029194	0.021536
780.180999994278	17.422904	898	0	0.029582	0.021536
782.1889998912811	168.777688	898	0	0.031272	0.021536
784.1889998912811	90.71368	856	0	0.044156	0.021536
786.1909997463226	82.600208	856	0	0.0389	0.021536
788.1829998493195	98.834456	1126	0	0.063361	0.021536
790.194000005722	18.000448	648	0	0.027866	0.021536
792.1909997463226	130.7342	670	0	0.028414	0.021536
793.9879996776581	21.402168	672	0	0.025175	0.021536
796.1840000152588	174.746416	714	0	0.028364	0.021536
798.1819999217987	171.731104	742	0	0.027361	0.021536
800.191999912262	20.60768	750	0	0.024055	0.021536
802.1899998188019	67.235976	870	0	0.033968	0.021536
804.191999912262	21.361352	762	0	0.02515	0.021536
806.1909997463226	130.171592	774	0	0.037499	0.021536
808.1849999427795	191.74928	836	0	0.026055	0.021536
810.1909997463226	18.947632	826	0	0.026292	0.021536
812.1819999217987	61.917048	815	0	0.045515	0.021536
814.186999797821	19.76256	644	0	0.03478	0.021536
816.186999797821	130.278248	632	0	0.045481	0.021536
817.9989998340607	17.801384	618	0	0.027536	0.021536
820.1930000782013	158.908712	640	0	0.034887	0.021536
822.186999797821	143.23924	704	0	0.026606	0.021536
824.1840000152588	16.477088	704	0	0.026335	0.021536
826.1949999332428	153.756072	704	0	0.032991	0.021536
828.1849999427795	161.322504	708	0	0.077205	0.021536
830.191999912262	176.677824	732	0	0.024844	0.021536
832.1829998493195	174.915368	756	0	0.027211	0.021536
834.194000005722	195.467912	803	0	0.026606	0.021536
836.1899998188019	196.420272	836	0	0.028249	0.021536
838.1819999217987	176.883712	814	0	0.028258	0.021536
840.1840000152588	211.363792	854	0	0.028509	0.021536
842.1829998493195	20.925936	878	0	0.027006	0.021536
844.1899998188019	213.422136	884	0	0.030313	0.021536
846.194000005722	147.181584	884	0	0.032034	0.021536
848.1930000782013	17.569168	886	0	0.02677	0.021536
850.186999797821	211.230184	886	0	0.029312	0.021536
852.1829998493195	16.91416	806	0	0.02942	0.021536
854.1949999332428	138.7634	834	0	0.03093	0.021536
856.1909997463226	156.79572	834	0	0.029841	0.021536
858.1829998493195	192.727112	848	0	0.026487	0.021536
860.1899998188019	207.274712	948	0	0.03229	0.021536
862.1849999427795	20.58496	948	0	0.025953	0.021536
864.1829998493195	153.184632	962	0	0.037165	0.021536
866.1979999542236	20.626232	962	0	0.025579	0.021536
868.1909997463226	0.615576	793	0	0.030453	0.021536
870.186999797821	203.355744	924	0	0.026636	0.021536
872.1849999427795	16.276768	886	0	0.031475	0.021536
874.1959998607635	127.891192	886	0	0.030868	0.021536
876.1879997253418	13.583272	850	0	0.053396	0.021536
878.2019999027252	128.020824	536	0	0.051515	0.021536
880.1859998703003	117.646552	528	0	0.024916	0.021536
882.1909997463226	128.511488	534	0	0.029525	0.021536
884.1829998493195	47.357848	544	0	0.030259	0.021536
886.1949999332428	125.740112	534	0	0.027657	0.021536
888.194000005722	126.348184	586	0	0.029835	0.021536
890.1819999217987	12.148136	592	0	0.036974	0.021536
892.1899998188019	66.601	584	0	0.094523	0.021536
894.186999797821	102.092352	584	0	0.047203	0.021536
896.1930000782013	102.092352	572	0	0.032313	0.021536
898.1829998493195	127.902856	562	0	0.025889	0.021536
900.1899998188019	85.074808	556	0	0.036172	0.021536
902.1930000782013	106.118736	546	0	0.03438	0.021536
904.1879997253418	72.81512	554	0	0.061825	0.021536
906.1879997253418	18.348712	592	0	0.027268	0.021536
908.1829998493195	119.750568	602	0	0.029728	0.021536
910.191999912262	19.652384	592	0	0.030635	0.021536
912.1840000152588	147.595168	634	0	0.032916	0.021536
914.1930000782013	13.85208	634	0	0.045335	0.021536
916.1899998188019	52.37908	634	0	0.117904	0.021536
918.1970000267029	151.05836	906	0	0.035342	0.021536
920.1909997463226	15.53184	648	0	0.029156	0.021536
922.1849999427795	145.684008	638	0	0.034895	0.021536
924.1949999332428	15.626936	638	0	0.036419	0.021593
926.1899998188019	82.058944	638	0	0.076721	0.021593
928.1859998703003	151.608992	664	0	0.041556	0.021593
930.1879997253418	153.641736	672	0	0.034215	0.021593
932.1879997253418	85.537632	1365	0	0.0796	0.021593
934.186999797821	19.115048	690	0	0.026779	0.021593
936.1849999427795	153.673352	678	0	0.040247	0.021593
938.1949999332428	14.392504	679	0	0.058463	0.021593
940.1909997463226	69.032688	690	0	0.033848	0.021593
942.1849999427795	115.90064	666	0	0.051235	0.021593
944.1909997463226	116.384488	682	0	0.033121	0.021593
946.1899998188019	42.528072	486	0	0.026656	0.021593
948.1849999427795	42.528072	492	0	0.026973	0.021593
950.1959998607635	85.327792	492	0	0.030043	0.021593
952.1909997463226	119.499832	487	0	0.031465	0.021593
954.1959998607635	41.26164	494	0	0.026738	0.021593
956.1909997463226	147.612064	599	0	0.026078	0.021593
958.1849999427795	21.316192	600	0	0.025478	0.021593
960.1979999542236	127.2446	622	0	0.025247	0.021593
962.1949999332428	18.849856	622	0	0.029711	0.021593
964.191999912262	130.972872	648	0	0.028556	0.021593
966.191999912262	144.818416	636	0	0.03272	0.021593
968.1859998703003	16.071416	636	0	0.03216	0.021593
970.1979999542236	130.79284	768	0	0.035661	0.021593
972.1970000267029	12.633632	662	0	0.037482	0.021593
974.1930000782013	146.915592	662	0	0.029147	0.021593
976.1930000782013	64.70832	662	0	0.046906	0.021593
978.1859998703003	12.538784	618	0	0.034764	0.021593
980.194000005722	130.242512	618	0	0.032074	0.021593
982.1849999427795	19.875552	564	0	0.036465	0.021593
984.1899998188019	99.228456	558	0	0.031314	0.021593
986.1859998703003	10.410616	558	0	0.035981	0.021593
988.1989998817444	128.653928	532	0	0.038009	0.021593
990.1930000782013	122.695544	574	0	0.033888	0.021593
992.1959998607635	142.202008	604	0	0.026703	0.021593
994.1949999332428	130.48984	4	0	0.031654	0.021593
996.1930000782013	16.366264	660	0	0.02925	0.021593
998.2079999446869	86.33432	660	0	0.034781	0.021593
1000.1909997463226	96.74024	654	0	0.030006	0.021593
1002.1899998188019	17.7138	610	0	0.02683	0.021593
1004.2009999752045	144.59904	618	0	0.031239	0.021593
1006.186999797821	18.96688	732	0	0.027107	0.021593
1008.4359998703003	109.153648	732	0	0.048345	0.021593
1010.4479999542236	11.560816	744	0	0.029537	0.021593
1012.194000005722	132.956168	738	0	0.035936	0.021593
1014.4489998817444	83.128024	690	0	0.088256	0.021593
1016.4489998817444	12.867568	804	0	0.026568	0.021593
1018.4439997673035	32.925168	804	0	0.025627	0.021593
1020.4379999637604	18.90216	816	0	0.03024	0.021593
1022.4400000572205	189.589424	816	0	0.027478	0.021593
1024.4489998817444	108.459832	814	0	0.030792	0.021593
1026.441999912262	18.9398	812	0	0.027531	0.021593
1028.4409999847412	5.841712	812	0	0.02744	0.021593
1030.4400000572205	21.468712	156	0	0.026926	0.02161
1032.4499998092651	62.434664	306	0	0.024126	0.021607
1034.4409999847412	91.312872	374	0	0.026673	0.021607
1036.4499998092651	100.870896	478	0	0.027502	0.021607
1038.4400000572205	111.778528	562	0	0.024556	0.021607
1040.4519996643066	18.939088	588	0	0.026312	0.021607
1042.4449999332428	132.508688	586	0	0.0232	0.021607
1044.4439997673035	68.840032	544	0	0.028731	0.021607
1046.441999912262	101.337824	552	0	0.035485	0.021607
1048.4379999637604	131.103848	590	0	0.024672	0.021607
1050.4449999332428	123.043936	590	0	0.030363	0.021607
1052.441999912262	117.368456	610	0	0.026674	0.021607
1054.4519996643066	18.285712	646	0	0.026209	0.021607
1056.4449999332428	123.95184	646	0	0.040978	0.021607
1058.4389998912811	13.57236	656	0	0.041957	0.021607
1060.4409999847412	104.73136	652	0	0.03163	0.021607
1062.4389998912811	155.625808	650	0	0.027969	0.021607
1064.4499998092651	18.39852	650	0	0.026924	0.021607
1066.4469997882843	117.375344	638	0	0.031708	0.021607
1068.4389998912811	20.527952	638	0	0.026315	0.021607
1070.450999736786	151.942808	716	0	0.026491	0.021607
1072.441999912262	166.744288	720	0	0.025008	0.021607
1074.450999736786	145.11384	710	0	0.032115	0.021607
1076.4449999332428	166.143192	730	0	0.034513	0.021607
1078.4469997882843	16.424368	728	0	0.027542	0.021607
1080.4400000572205	160.405744	728	0	0.032938	0.021607
1082.450999736786	163.182488	748	0	0.030968	0.021607
1084.4389998912811	96.237232	740	0	0.042083	0.021607
1086.450999736786	8.508936	740	0	0.135819	0.021607
1088.4469997882843	18.494064	752	0	0.024933	0.021607
1090.4439997673035	110.70084	752	0	0.035694	0.021607
1092.441999912262	19.501152	752	0	0.027367	0.021607
1094.450999736786	122.18756	752	0	0.034158	0.021607
1096.4479999542236	144.30576	694	0	0.03334	0.021607
1098.4479999542236	123.88164	620	0	0.035269	0.021607
1100.4479999542236	103.15216	620	0	0.033736	0.021607
1102.4389998912811	16.523432	626	0	0.030511	0.021607
1104.4479999542236	37.985928	562	0	0.0253	0.021607
1106.441999912262	20.632992	560	0	0.032834	0.021607
1108.4519996643066	115.025576	550	0	0.032683	0.021607
1110.4449999332428	50.232368	526	0	0.026164	0.021607
1112.4439997673035	87.235656	542	0	0.040701	0.021607
1114.4469997882843	113.411528	542	0	0.032596	0.021607
1116.4519996643066	20.557256	590	0	0.0274	0.021607
1118.4439997673035	158.303632	656	0	0.029322	0.021607
1120.441999912262	25.615896	4	0	0.026997	0.021607
1122.450999736786	132.10752	720	0	0.029631	0.021607
1124.4429998397827	157.199136	720	0	0.032658	0.021607
1126.4539999961853	8.099992	722	0	0.032173	0.021607
1128.450999736786	149.604688	714	0	0.035916	0.021607
1130.4449999332428	21.604896	717	0	0.029308	0.021607
1132.450999736786	75.738832	716	0	0.062851	0.021607
1134.4539999961853	140.078992	716	0	0.036006	0.021607
1136.4489998817444	15.031296	718	0	0.028647	0.021607
1138.441999912262	94.408488	684	0	0.03226	0.021607
1140.4560000896454	13.40844	685	0	0.031164	0.021607
1142.4459998607635	130.370048	716	0	0.031211	0.021607
1144.4499998092651	148.803992	716	0	0.036301	0.021607
1146.4459998607635	112.167096	708	0	0.052171	0.021607
1148.4400000572205	99.156472	734	0	0.03465	0.021607
1150.4519996643066	8.305	724	0	0.027742	0.021607
1152.4429998397827	53.956176	648	0	0.025887	0.021607
1154.4479999542236	16.067832	652	0	0.031554	0.021607
1156.4459998607635	135.565272	640	0	0.035702	0.021607
1158.4499998092651	118.758672	640	0	0.033835	0.021607
1160.4439997673035	85.925304	594	0	0.044525	0.021607
1162.4499998092651	122.867576	572	0	0.035199	0.021607
1164.450999736786	108.807216	572	0	0.028874	0.021607
1166.441999912262	127.731888	590	0	0.032184	0.021607
1168.4530000686646	146.130552	624	0	0.034016	0.021607
1170.4459998607635	103.27764	624	0	0.057324	0.021607
1172.4409999847412	140.406568	624	0	0.030884	0.021607
1174.4530000686646	14.298832	678	0	0.030092	0.021607
1176.4489998817444	109.399264	678	0	0.041802	0.021607
1178.4469997882843	18.188056	668	0	0.030316	0.021607
1180.4429998397827	108.956048	642	0	0.064609	0.021607
1182.4469997882843	89.29248	642	0	0.02717	0.021607
1184.450999736786	10.876808	708	0	0.034528	0.021607
1186.4449999332428	105.104736	708	0	0.055378	0.021607
1188.4439997673035	21.361352	718	0	0.034788	0.021607
1190.4469997882843	92.538136	434	0	0.073119	0.021607
1192.441999912262	99.904904	436	0	0.025868	0.021607
1194.4429998397827	111.999544	476	0	0.024906	0.021607
1196.4459998607635	83.34888	572	0	0.030668	0.021607
1198.441999912262	113.346168	573	0	0.031008	0.021607
1200.4560000896454	111.064104	592	0	0.028351	0.021607
1202.4539999961853	13.191896	600	0	0.031996	0.021607
1204.4519996643066	126.327832	590	0	0.042966	0.021607
1206.4439997673035	122.724016	590	0	0.052013	0.021607
1208.4429998397827	95.238976	566	0	0.032219	0.021607
1210.454999923706	77.776056	528	0	0.057789	0.021607
1212.4469997882843	77.776056	528	0	0.030215	0.021607
1214.4459998607635	124.18972	562	0	0.027139	0.021607
1216.4429998397827	118.781008	562	0	0.040497	0.021607
1218.454999923706	122.556472	578	0	0.030142	0.021607
1220.450999736786	91.198864	578	0	0.047408	0.021607
1222.454999923706	15.222744	556	0	0.029871	0.021607
1224.4449999332428	52.206688	542	0	0.032633	0.021607
1226.454999923706	110.245272	542	0	0.030256	0.021607
1228.4459998607635	49.369688	542	0	0.034411	0.021607
1230.4429998397827	116.597584	546	0	0.031897	0.021607
1232.4459998607635	51.035176	546	0	0.033451	0.021607
1234.441999912262	115.83956	4	0	0.033464	0.021607
1236.4489998817444	120.772272	574	0	0.025673	0.021607
1238.4469997882843	104.715632	566	0	0.040597	0.021607
1240.4459998607635	126.123064	566	0	0.040038	0.021607
1242.4439997673035	126.893464	568	0	0.030552	0.021607
1244.4519996643066	114.31612	578	0	0.04717	0.021607
1246.4489998817444	80.16732	568	0	0.034039	0.021607
1248.454999923706	124.857984	564	0	0.025771	0.021607
1250.450999736786	124.857984	556	0	0.034236	0.021607
1252.4499998092651	142.298176	594	0	0.028929	0.021607
1254.4570000171661	139.242704	594	0	0.03582	0.021607
1256.4530000686646	114.418376	600	0	0.029291	0.021607
1258.4469997882843	138.829	592	0	0.030074	0.021607
1260.4539999961853	21.2766	591	0	0.025774	0.021607
1262.4499998092651	128.251736	662	0	0.02465	0.021607
1264.4489998817444	147.524752	662	0	0.034974	0.021607
1266.702999830246	159.623	662	0	0.040099	0.021607
1268.7059998512268	159.623	706	0	0.079072	0.021607
1270.7019999027252	16.360448	676	0	0.026214	0.021607
1272.6970000267029	97.583584	650	0	0.030036	0.021607
1274.6949999332428	19.6386	648	0	0.026887	0.021607
1276.7069997787476	172.838152	677	0	0.027541	0.021607
1278.6999998092651	170.38744	766	0	0.025323	0.021607
1280.6999998092651	178.710904	768	0	0.025886	0.021607
1282.7059998512268	147.90648	794	0	0.029672	0.021607
1284.7059998512268	19.70924	794	0	0.028008	0.021607
1286.6930000782013	131.341464	794	0	0.037035	0.021607
1288.5049998760223	6.615032	708	0	0.029893	0.021607
1290.6979999542236	170.665864	708	0	0.027195	0.021607
1292.7089998722076	106.734672	704	0	0.033594	0.021607
1294.6949999332428	12.011856	714	0	0.030589	0.021607
1296.704999923706	67.022536	715	0	0.062589	0.021607
1298.6960000991821	55.46944	772	0	0.058093	0.021607
1300.7069997787476	9.153832	744	0	0.401437	0.021607
1302.7069997787476	95.442816	744	0	0.058041	0.021607
1304.6999998092651	20.044144	404	0	0.056565	0.021607
1306.6989998817444	89.206736	400	0	0.026673	0.021607
1308.6989998817444	97.615024	466	0	0.027282	0.021607
1310.7039999961853	103.395032	466	0	0.031552	0.021607
1312.6960000991821	103.395032	476	0	0.03286	0.021607
1314.6919996738434	86.224864	512	0	0.025671	0.021607
1316.7009999752045	67.333024	512	0	0.072169	0.021607
1318.6989998817444	16.003816	580	0	0.032388	0.021607
1320.7089998722076	69.318272	590	0	0.028097	0.021607
1322.7059998512268	18.093392	580	0	0.031521	0.021607
1324.7069997787476	93.58732	4	0	0.05821	0.021607
1326.6960000991821	105.540824	598	0	0.042856	0.021607
1328.7089998722076	128.599328	566	0	0.03233	0.021607
1330.704999923706	119.019136	570	0	0.034805	0.021607
1332.7019999027252	97.665984	560	0	0.032771	0.021663
1334.6999998092651	105.820632	560	0	0.052725	0.021663
1336.694000005722	18.1142	410	0	0.046285	0.021663
1338.6930000782013	81.576592	440	0	0.026173	0.021663
1340.7039999961853	107.897104	442	0	0.025617	0.021663
1342.6999998092651	104.162016	466	0	0.025764	0.021663
1344.7099997997284	103.689976	474	0	0.024366	0.021663
1346.704999923706	95.057752	474	0	0.02974	0.021663
1348.6949999332428	124.015648	542	0	0.02583	0.021663
1350.694000005722	106.958904	540	0	0.024729	0.021663
1352.7039999961853	12.56644	540	0	0.036577	0.021663
1354.7099997997284	63.949976	548	0	0.089529	0.021663
1356.6989998817444	135.485928	588	0	0.028385	0.021663
1358.6949999332428	131.905104	588	0	0.033777	0.021663
1360.6960000991821	92.267544	586	0	0.032264	0.021663
1362.702999830246	70.841952	556	0	0.046428	0.021663
1364.6999998092651	104.694744	556	0	0.041601	0.021663
1366.7059998512268	124.263184	554	0	0.027112	0.021663
1368.704999923706	155.41976	641	0	0.025602	0.021663
1370.7009999752045	14.217368	758	0	0.029679	0.021663
1372.7019999027252	183.026192	4	0	0.025471	0.021663
1374.7069997787476	179.781608	846	0	0.027388	0.021663
1376.694000005722	100.605152	778	0	0.027976	0.021663
1378.7069997787476	72.615576	778	0	0.030008	0.021663
1380.7099997997284	12.106736	776	0	0.031063	0.021663
1382.7059998512268	113.94872	803	0	0.027941	0.021663
1384.6960000991821	18.740528	808	0	0.02822	0.021663
1386.7059998512268	186.710128	820	0	0.03445	0.021663
1388.6999998092651	201.435824	857	0	0.033567	0.021663
1390.7039999961853	20.502072	866	0	0.029577	0.021663
1392.6960000991821	218.46376	910	0	0.033078	0.021663
1394.7059998512268	20.210384	898	0	0.029761	0.021663
1396.7089998722076	127.304504	910	0	0.057656	0.021663
1398.6970000267029	150.17648	898	0	0.043852	0.021663
1400.6970000267029	21.92496	724	0	0.032025	0.021663
1402.7009999752045	98.827544	764	0	0.031764	0.021663
1404.6949999332428	19.084656	742	0	0.038908	0.021663
1406.7059998512268	176.507816	742	0	0.032067	0.021663
1408.7019999027252	19.371896	742	0	0.028747	0.021663
1410.6999998092651	84.51248	730	0	0.038904	0.021663
1412.7089998722076	114.745312	730	0	0.054715	0.021663
1414.704999923706	9.121256	616	0	0.034376	0.021663
1416.6989998817444	159.765416	644	0	0.029032	0.021663
1418.6999998092651	17.863648	672	0	0.034748	0.021663
1420.7089998722076	60.065648	672	0	0.090761	0.021663
1422.702999830246	160.598128	672	0	0.029558	0.021663
1424.7099997997284	21.31312	673	0	0.034292	0.021663
1426.7039999961853	90.146712	666	0	0.06048	0.021663
1428.6960000991821	16.190672	664	0	0.032194	0.021663
1430.7039999961853	34.040896	554	0	0.127065	0.021663
1432.6999998092651	80.830944	500	0	0.040237	0.021663
1434.6999998092651	70.661912	500	0	0.056634	0.021663
1436.6979999542236	118.443384	550	0	0.024626	0.021663
1438.7099997997284	14.56348	574	0	0.029628	0.021663
1440.702999830246	156.167856	646	0	0.026916	0.021663
1442.7130000591278	20.58076	642	0	0.032364	0.021663
1444.7059998512268	145.638232	686	0	0.02667	0.021663
1446.7019999027252	108.882872	674	0	0.030672	0.021663
1448.7079997062683	153.917544	674	0	0.031997	0.021663
1450.7039999961853	144.546632	912	0	0.037514	0.021663
1452.702999830246	11.682128	664	0	0.080007	0.021663
1454.7089998722076	153.02616	682	0	0.026294	0.021663
1456.7059998512268	14.414808	676	0	0.037243	0.021663
1458.6999998092651	47.429688	676	0	0.060735	0.021663
1460.7079997062683	88.154952	676	0	0.070939	0.021663
1462.702999830246	8.813848	376	0	0.066786	0.021663
1464.6970000267029	63.457424	370	0	0.062249	0.021663
1466.704999923706	18.48008	370	0	0.027615	0.021663
1468.6989998817444	115.328856	468	0	0.02513	0.021663
1470.7059998512268	70.267168	476	0	0.059621	0.021663
1472.7059998512268	116.582936	509	0	0.027055	0.021663
1474.7009999752045	116.582936	790	0	0.055132	0.021663
1476.712000131607	19.078152	532	0	0.028197	0.021663
1478.7109997272491	82.14424	524	0	0.035569	0.021663
1480.7309999465942	82.14424	524	0	0.031385	0.021663
1482.704999923706	82.14424	524	0	0.052478	0.021663
1484.7109997272491	71.47816	504	0	0.026995	0.021663
1486.7059998512268	95.09724	534	0	0.029012	0.021663
1488.7009999752045	109.082608	526	0	0.044681	0.021663
1490.7069997787476	108.861968	522	0	0.036093	0.021663
1492.7039999961853	65.064496	522	0	0.076683	0.021663
1494.6979999542236	123.863136	542	0	0.035065	0.021663
1496.7109997272491	8.797552	543	0	0.055445	0.021663
1498.7039999961853	114.213416	542	0	0.033596	0.021663
1500.7089998722076	90.070216	534	0	0.02725	0.021663
1502.7039999961853	117.609736	540	0	0.027146	0.021663
1504.7009999752045	74.726544	506	0	0.03431	0.021663
1506.7059998512268	43.408792	506	0	0.085524	0.021663
1508.7019999027252	109.77656	638	0	0.028032	0.021663
1510.7109997272491	16.999432	639	0	0.026667	0.021663
1512.7109997272491	158.493728	641	0	0.033737	0.021663
1514.9530000686646	94.190856	666	0	0.031745	0.021663
1516.9530000686646	160.787248	685	0	0.02786	0.021663
1518.9520001411438	131.827344	678	0	0.052145	0.021663
1520.9530000686646	127.972384	676	0	0.039471	0.021663
1522.9619998931885	129.97896	676	0	0.038507	0.021663
1524.9589998722076	17.53388	684	0	0.029414	0.021663
1526.9520001411438	79.567752	614	0	0.037294	0.021663
1528.954999923706	13.22052	614	0	0.026687	0.021663
1530.9619998931885	114.819768	596	0	0.04436	0.021663
1532.9530000686646	87.958592	606	0	0.046591	0.021663
1534.9539999961853	117.643736	644	0	0.027743	0.021663
1536.9570000171661	173.48492	699	0	0.028144	0.021663
1538.9499998092651	17.943024	708	0	0.035992	0.021663
1540.9629998207092	122.76672	720	0	0.051413	0.021663
1542.9629998207092	151.1856	708	0	0.041101	0.021663
1544.9539999961853	114.213232	708	0	0.046223	0.021663
1546.9629998207092	143.184632	994	0	0.043081	0.021663
1548.9530000686646	14.176456	650	0	0.03321	0.021663
1550.9499998092651	151.454472	676	0	0.027074	0.021663
1552.960000038147	20.462952	664	0	0.031468	0.021663
1554.9520001411438	93.447728	676	0	0.054153	0.021663
1556.9619998931885	64.00256	676	0	0.05999	0.021719
1558.9589998722076	15.525424	522	0	0.030091	0.021719
1560.9559998512268	41.365152	522	0	0.058108	0.021719
1562.950999736786	62.220912	516	0	0.039376	0.021719
1564.9609999656677	54.898144	522	0	0.097499	0.021719
1566.957999944687	110.87428	544	0	0.024322	0.021719
1568.954999923706	129.652456	4	0	0.026856	0.021719
1570.9520001411438	108.34476	612	0	0.047405	0.021719
1572.954999923706	92.523712	556	0	0.032696	0.021719
1574.9629998207092	92.523712	556	0	0.036121	0.021719
1576.9570000171661	14.034176	526	0	0.033008	0.021719
1578.9539999961853	40.373568	516	0	0.033776	0.021719
1580.957999944687	40.373568	516	0	0.030634	0.021719
1582.957999944687	100.836904	522	0	0.024928	0.021719
1584.9559998512268	120.326768	520	0	0.026401	0.021719
1586.9619998931885	16.009576	532	0	0.025863	0.021719
1588.9649999141693	75.738248	522	0	0.028224	0.02173
1590.960000038147	122.984432	522	0	0.024593	0.02173
1592.9619998931885	80.703552	598	0	0.024688	0.02173
1594.960000038147	142.564768	672	0	0.025323	0.02173
1596.9589998722076	16.81268	626	0	0.043959	0.021597
1598.950999736786	126.075168	616	0	0.062044	0.021597
1600.9629998207092	19.750944	626	0	0.035057	0.021597
1602.954999923706	75.881032	512	0	0.068855	0.021597
1604.9609999656677	75.881032	512	0	0.053572	0.021597
1606.960000038147	75.881032	518	0	0.034383	0.021597
