0.0	0.753328	13	0	0.020569	0.015377
0.13899970054626465	69.842176	238	0	0.024647	0.009686
0.25999999046325684	39.782544	238	0	0.06562	0.009686
0.41299986839294434	40.381936	331	0	0.041174	0.009686
0.5849997997283936	9.008736	456	0	0.049566	0.009686
0.8880000114440918	31.1154	538	0	0.079906	0.009686
0.993999719619751	45.10044	538	1	0.056356	0.009686
1.2689998149871826	48.948576	310	0	0.063869	0.009686
1.5809998512268066	23.937616	489	42	0.131821	0.009686
3.0759999752044678	26.426944	492	0	0.095794	0.009686
5.0950000286102295	51.708128	484	0	0.022086	0.009686
7.0849997997283936	62.36628	250	0	0.034982	0.009686
9.081999778747559	53.770736	250	0	0.039841	0.009686
11.083999872207642	46.988016	234	0	0.024013	0.009686
13.075999975204468	65.53076	278	0	0.037725	0.009686
15.075999975204468	69.130952	400	0	0.028921	0.009686
17.08399987220764	76.175328	408	0	0.045583	0.009686
19.08399987220764	60.073272	530	0	0.060073	0.009686
21.092000007629395	45.596472	538	0	0.035198	0.009686
23.08199977874756	70.579864	542	0	0.053256	0.009686
25.08199977874756	37.740312	558	0	0.044626	0.009686
27.08199977874756	52.340192	558	0	0.060176	0.009686
29.073999881744385	66.721968	378	0	0.029596	0.009686
31.096999883651733	55.183	278	0	0.031603	0.009686
33.08299970626831	54.320032	278	0	0.046694	0.009686
35.08199977874756	71.830376	396	0	0.026429	0.009686
37.08899998664856	73.732832	444	0	0.039432	0.009686
39.08299970626831	75.417536	462	0	0.025735	0.009686
41.08199977874756	57.210856	382	0	0.030597	0.009686
43.08999991416931	43.694544	388	0	0.079263	0.009686
45.08299970626831	41.660736	390	0	0.057543	0.009686
47.07699990272522	62.411152	416	0	0.03896	0.009686
49.08999991416931	62.974472	392	0	0.038956	0.009686
51.08999991416931	65.920552	386	0	0.047043	0.009686
53.07599997520447	46.784944	460	0	0.025788	0.009686
55.092000007629395	44.141016	516	0	0.041637	0.009686
57.09899973869324	58.162864	536	0	0.075382	0.009686
59.08299970626831	73.043696	548	0	0.026079	0.009686
61.07699990272522	49.782528	468	0	0.073015	0.009686
63.084999799728394	48.593248	376	0	0.035946	0.009686
65.07799983024597	46.30528	454	0	0.044209	0.009686
67.07799983024597	56.328544	608	0	0.04917	0.009686
69.08399987220764	43.334576	602	0	0.08866	0.009686
71.09999990463257	44.782448	616	0	0.054981	0.009686
73.07799983024597	43.290568	600	0	0.031438	0.009686
75.07699990272522	53.522024	594	0	0.045456	0.009686
77.07699990272522	64.423464	468	0	0.029486	0.009686
79.08399987220764	56.804664	410	0	0.059494	0.009686
81.08999991416931	64.9896	410	0	0.063789	0.009686
83.08299970626831	58.734784	410	0	0.048831	0.009686
85.08299970626831	39.815656	352	0	0.079549	0.009686
87.08199977874756	61.321136	350	0	0.031912	0.009686
89.08199977874756	56.727632	510	0	0.031906	0.009686
91.08199977874756	73.80604	510	0	0.025332	0.009686
93.0849997997284	59.042776	342	0	0.056541	0.009686
95.08299970626831	61.73328	639	0	0.049509	0.009686
97.08299970626831	72.924072	620	0	0.044372	0.009686
99.34199976921082	46.974856	726	0	0.051812	0.009686
101.34099984169006	22.467192	640	0	0.033598	0.009686
103.33299994468689	36.0724	752	0	0.111955	0.009686
105.33200001716614	53.69092	744	0	0.044528	0.009686
107.33799982070923	62.585264	454	0	0.03543	0.009686
109.33299994468689	61.124312	454	0	0.056683	0.009686
111.34099984169006	57.720992	414	0	0.042502	0.009686
113.33299994468689	36.970424	932	0	0.046854	0.009686
115.33399987220764	61.905312	572	0	0.053092	0.009686
117.3309998512268	59.575696	520	0	0.05304	0.009686
119.33200001716614	41.633736	514	0	0.020319	0.009686
121.33500003814697	48.028352	334	0	0.022267	0.009686
123.33200001716614	63.79284	407	0	0.033727	0.009686
125.33699989318848	50.066312	416	0	0.025884	0.009686
127.33299994468689	50.44732	454	0	0.034673	0.009686
129.33399987220764	58.356328	372	0	0.041472	0.009686
131.33500003814697	52.706288	556	0	0.021586	0.009686
133.33200001716614	68.51764	550	0	0.063028	0.009686
135.33200001716614	56.61984	598	0	0.034891	0.009686
137.34899997711182	61.696024	620	0	0.020931	0.009686
139.33200001716614	46.834048	608	0	0.051502	0.009686
141.34299993515015	48.145704	616	0	0.047468	0.009686
143.3309998512268	40.975792	616	0	0.07379	0.009686
145.33200001716614	62.84784	626	0	0.023024	0.009686
147.33200001716614	57.669184	286	0	0.030937	0.009686
149.33200001716614	49.8756	482	0	0.023047	0.009686
151.33599996566772	55.515016	482	0	0.032955	0.009686
153.3329999446869	69.866976	470	0	0.03714	0.009686
155.33200001716614	63.989944	418	0	0.028525	0.009686
157.3329999446869	63.989944	431	0	0.027288	0.009686
159.33200001716614	54.404056	446	0	0.039238	0.009686
161.33500003814697	62.863616	446	0	0.029001	0.009686
163.33200001716614	53.111424	622	0	0.051494	0.009686
165.33200001716614	50.281568	608	0	0.026863	0.009686
167.3309998512268	71.325544	612	0	0.023877	0.009686
169.32999992370605	39.101256	600	0	0.031734	0.009686
171.34899997711182	77.196152	447	0	0.025772	0.009686
173.3329999446869	76.052408	656	0	0.023801	0.009686
175.33200001716614	65.06976	656	0	0.053337	0.009686
177.3329999446869	53.064024	674	0	0.031002	0.009686
179.33399987220764	60.668432	672	0	0.035098	0.009686
181.33500003814697	63.32716	368	0	0.046605	0.009686
183.34099984169006	61.559232	550	0	0.021931	0.009686
185.33200001716614	54.67268	544	0	0.03316	0.009686
187.33200001716614	69.129664	460	0	0.026683	0.009686
189.3309998512268	67.89248	460	0	0.029117	0.009686
191.33500003814697	82.858464	510	0	0.033085	0.009686
193.33399987220764	52.871184	544	0	0.024437	0.009686
195.33399987220764	54.978056	762	0	0.02386	0.009686
197.3329999446869	79.019152	710	0	0.023144	0.009686
199.32399988174438	60.039272	668	0	0.043424	0.009686
201.3259997367859	72.792296	640	0	0.026738	0.009686
203.33500003814697	72.792296	640	0	0.043467	0.009686
205.33500003814697	57.676408	512	0	0.037391	0.009686
207.3259997367859	52.319712	506	0	0.03019	0.009686
209.32999992370605	60.392784	619	0	0.05649	0.009686
211.3329999446869	72.695512	671	0	0.02803	0.009686
213.3329999446869	61.162688	646	0	0.038111	0.009686
215.34299993515015	73.536912	662	0	0.026365	0.009686
217.33500003814697	76.773392	512	0	0.025942	0.009686
219.33200001716614	60.778008	380	0	0.032286	0.009686
221.33799982070923	20.135352	374	0	0.028082	0.009686
223.33200001716614	57.709968	378	0	0.041876	0.009686
225.33200001716614	62.294184	416	0	0.045605	0.009686
227.3329999446869	64.756192	422	0	0.028576	0.009686
229.3329999446869	86.51152	662	0	0.033192	0.009686
231.33200001716614	64.682096	430	0	0.028834	0.009686
233.3309998512268	43.463936	430	0	0.056085	0.009686
235.3459997177124	79.744072	430	0	0.031148	0.009686
237.3329999446869	67.111992	461	0	0.045635	0.009686
239.33399987220764	60.292952	604	0	0.026463	0.009686
241.33500003814697	74.634664	604	0	0.022385	0.009686
243.33399987220764	74.634664	842	0	0.034915	0.009686
245.3309998512268	74.634664	678	0	0.029478	0.009686
247.32499980926514	75.815552	690	0	0.027109	0.009686
249.33500003814697	74.986328	664	0	0.044668	0.009686
251.33500003814697	36.929976	556	0	0.020505	0.009686
253.33200001716614	52.496064	735	0	0.038369	0.009686
255.33200001716614	52.496064	738	0	0.023648	0.009686
257.33799982070923	54.192816	694	0	0.047914	0.009686
259.3329999446869	60.317624	706	0	0.031975	0.009686
261.3369998931885	70.681856	434	0	0.031276	0.009686
263.33399987220764	79.498032	470	0	0.028009	0.009686
265.3329999446869	69.533296	544	0	0.028939	0.009686
267.3329999446869	57.008344	652	0	0.059793	0.009686
269.3369998931885	70.247656	652	0	0.024004	0.009686
271.33200001716614	67.631184	678	0	0.031154	0.009686
273.3329999446869	55.397496	528	0	0.059081	0.009686
275.33399987220764	54.803072	528	0	0.031697	0.009686
277.335000038147	63.74988	528	0	0.038222	0.009686
279.3329999446869	28.015184	568	0	0.025675	0.009686
281.335000038147	61.852016	568	0	0.04568	0.009686
283.3329999446869	87.197752	578	0	0.028035	0.009686
285.32999992370605	55.643664	404	0	0.038022	0.009686
287.3329999446869	11.484888	398	0	0.02697	0.009686
289.3239998817444	82.190064	352	0	0.023164	0.009686
291.33200001716614	82.190064	358	0	0.024498	0.009686
293.3359999656677	51.55976	358	0	0.034314	0.009686
295.3309998512268	51.55976	356	0	0.039323	0.009686
297.33200001716614	51.55976	356	0	0.030658	0.009686
299.34099984169006	51.55976	356	0	0.025745	0.009686
301.3399999141693	63.608696	548	0	0.043913	0.009686
303.34999990463257	61.148648	552	0	0.023918	0.012649
305.33200001716614	61.365328	546	0	0.029366	0.012649
307.3239998817444	63.333192	546	0	0.032067	0.012649
309.3329999446869	58.862176	350	0	0.028408	0.012649
311.33399987220764	61.308456	388	0	0.035161	0.012649
313.33899974823	61.308456	394	0	0.024604	0.012649
315.3369998931885	64.698968	398	0	0.030087	0.012649
317.577999830246	64.698968	302	0	0.024325	0.012649
319.33200001716614	72.66052	362	0	0.023259	0.012649
321.3329999446869	72.66052	350	0	0.021717	0.012649
323.33200001716614	54.336	522	0	0.024726	0.012649
325.3399999141693	48.59772	516	0	0.035755	0.012649
327.3369998931885	41.619768	522	0	0.024018	0.012649
329.3359999656677	74.406752	438	0	0.028361	0.012649
331.3329999446869	75.933264	792	0	0.028579	0.012649
333.3399999141693	88.169848	798	0	0.029731	0.012649
335.33200001716614	79.92496	848	0	0.037628	0.012649
337.3329999446869	57.134664	886	0	0.040625	0.012649
339.32999992370605	64.737032	862	0	0.053157	0.012649
341.32999992370605	59.488872	712	0	0.02642	0.012649
343.3309998512268	71.3372	690	0	0.027339	0.012399
345.3289999961853	58.302472	308	0	0.037203	0.012399
347.3309998512268	59.067664	372	0	0.028936	0.012399
349.5739998817444	90.259736	456	0	0.023098	0.012399
351.5899999141693	70.981744	450	0	0.024304	0.012399
353.58199977874756	66.76876	528	0	0.035913	0.012399
355.3589999675751	58.726504	428	0	0.027531	0.012399
357.57999992370605	53.7164	410	0	0.041835	0.012399
359.58199977874756	66.198768	342	0	0.038014	0.012399
361.57999992370605	48.291952	318	0	0.026859	0.012399
363.5809998512268	66.288416	288	0	0.026832	0.012399
365.5829999446869	64.223328	290	0	0.025389	0.012399
367.5809998512268	61.45248	284	0	0.027261	0.012399
369.5899999141693	61.237	318	0	0.033434	0.012399
371.5920000076294	66.671	400	0	0.026026	0.012399
373.5829999446869	58.38988	556	0	0.043502	0.012399
375.58199977874756	58.38988	538	0	0.0282	0.012399
377.58199977874756	54.304752	532	0	0.041316	0.012399
379.37099981307983	59.462984	680	0	0.034537	0.012399
381.57599997520447	79.708232	650	0	0.045669	0.012399
383.5829999446869	64.879984	656	0	0.041751	0.012399
385.5789997577667	39.737936	642	0	0.021579	0.012399
387.58199977874756	1.541416	624	0	0.032595	0.012399
389.5829999446869	75.184376	502	0	0.026121	0.012399
391.57599997520447	72.0706	410	0	0.03	0.012399
393.5829999446869	52.519568	404	0	0.057316	0.012399
395.58199977874756	52.519568	372	0	0.02441	0.012399
397.5920000076294	52.519568	372	0	0.026132	0.012399
399.59299993515015	52.519568	370	0	0.023246	0.012399
401.5809998512268	52.519568	278	0	0.022492	0.012399
403.57299995422363	52.519568	278	0	0.021608	0.012399
405.58399987220764	52.519568	278	0	0.021556	0.012399
407.5829999446869	66.472832	346	0	0.024614	0.012399
409.5809998512268	60.517536	352	0	0.029775	0.012399
411.5809998512268	82.188	458	0	0.035335	0.012399
413.5809998512268	67.51292	458	0	0.023678	0.012399
415.5809998512268	56.15184	454	0	0.035034	0.012399
417.5829999446869	69.228552	408	0	0.033699	0.012399
419.58199977874756	61.765712	400	0	0.045384	0.012399
421.58199977874756	75.857344	478	0	0.02714	0.012399
423.58899998664856	35.397112	556	0	0.02233	0.012399
425.5829999446869	88.376112	574	0	0.026792	0.012399
427.5750000476837	53.022816	582	0	0.029887	0.012399
429.58199977874756	68.152712	420	0	0.046874	0.012399
431.58199977874756	85.523192	536	0	0.039004	0.012399
433.59100008010864	74.978368	532	0	0.025235	0.012399
435.5809998512268	45.028312	380	0	0.058442	0.012399
437.5849997997284	80.38772	422	0	0.049705	0.012399
439.5809998512268	65.85732	428	0	0.040693	0.012399
441.58399987220764	67.54244	510	0	0.055392	0.012399
443.59100008010864	81.89876	522	0	0.036934	0.012399
445.58399987220764	70.569136	514	0	0.047483	0.012399
447.58199977874756	20.331232	412	0	0.032574	0.012399
449.57599997520447	64.663944	381	0	0.03702	0.012399
451.5739998817444	72.452752	388	0	0.024901	0.012399
453.5809998512268	64.019648	382	0	0.026573	0.012399
455.58199977874756	39.537776	286	0	0.035665	0.012399
457.5829999446869	67.134784	372	0	0.024326	0.012399
459.5809998512268	70.740616	388	0	0.028729	0.012399
461.58199977874756	60.902424	390	0	0.024569	0.012399
463.5829999446869	60.902424	316	0	0.024857	0.012399
465.58199977874756	60.902424	316	0	0.025478	0.012399
467.58899998664856	58.698024	300	0	0.034513	0.012399
469.58199977874756	62.710536	410	0	0.028475	0.012399
471.58199977874756	62.79756	410	0	0.027621	0.012399
473.58199977874756	65.560856	410	0	0.025024	0.012399
475.5739998817444	73.494728	348	0	0.021735	0.012399
477.58399987220764	61.439808	342	0	0.028477	0.012399
479.5829999446869	51.326896	342	0	0.032482	0.012399
481.5829999446869	59.419832	364	0	0.023793	0.012399
483.5849997997284	72.751352	566	0	0.030477	0.012399
485.5809998512268	67.068256	452	0	0.031499	0.012399
487.5829999446869	69.562312	452	0	0.031843	0.012399
489.5899999141693	37.620648	320	0	0.065516	0.012399
491.5849997997284	2.086544	320	0	0.021927	0.012399
493.5829999446869	52.11728	440	0	0.047335	0.012399
495.58199977874756	61.861048	440	0	0.024955	0.012399
497.5920000076294	65.61092	434	0	0.03229	0.012399
499.5750000476837	80.49892	344	0	0.030552	0.012399
501.5880000591278	67.829256	460	0	0.023412	0.012399
503.58199977874756	41.53416	564	0	0.030566	0.012399
505.5829999446869	77.365096	582	0	0.030792	0.012399
507.58199977874756	77.659824	672	0	0.041219	0.012399
509.5809998512268	69.518632	622	0	0.028682	0.012399
511.5829999446869	80.560184	516	0	0.038078	0.012399
513.5899999141693	79.484928	516	0	0.048845	0.012399
515.5819997787476	61.897912	670	0	0.025549	0.012399
517.5839998722076	60.648472	648	0	0.044366	0.012399
519.5829999446869	87.660936	654	0	0.033663	0.012399
521.5889999866486	77.020776	643	0	0.050429	0.012399
523.5750000476837	74.73548	544	0	0.025458	0.012399
525.5859997272491	77.562648	644	0	0.04172	0.012399
528.2779998779297	14.286416	310	0	0.044684	0.012399
