0.0	31.283656	376	0	0.062816	0.054443
0.14099979400634766	5.671128	354	15	0.067462	0.054443
0.2609999179840088	9.005544	354	0	0.070151	0.054443
0.3819999694824219	15.834072	354	0	0.067405	0.054443
0.5220000743865967	29.699736	406	7	0.063923	0.054443
0.7560000419616699	26.073592	416	0	0.06467	0.054434
0.9530000686645508	37.43424	428	1	0.064095	0.05442
1.3589999675750732	29.050328	502	0	0.067565	0.05442
1.7329998016357422	43.026232	574	0	0.065301	0.054392
3.3969998359680176	48.209968	586	0	0.063878	0.054392
5.394000053405762	50.757728	610	0	0.063049	0.054392
7.394000053405762	34.327984	750	0	0.06807	0.054392
9.395999908447266	50.487528	790	0	0.06396	0.054392
11.403000116348267	53.610048	818	0	0.064576	0.054217
13.395999908447266	62.024872	862	0	0.065676	0.054217
15.394000053405762	65.8582	864	0	0.064527	0.054217
17.394999980926514	59.08188	970	0	0.062954	0.054217
19.39800000190735	79.28084	994	0	0.065359	0.054217
21.395999908447266	77.444416	1290	0	0.063872	0.054217
23.39199995994568	82.535304	1284	0	0.063932	0.054217
25.39199995994568	82.535304	1284	0	0.065008	0.054217
27.395999908447266	91.842928	1276	0	0.065489	0.054217
29.402000188827515	71.599352	1212	0	0.065419	0.054217
31.394999980926514	93.01432	1212	0	0.06447	0.054217
33.394999980926514	93.01432	1196	0	0.064878	0.054217
35.394999980926514	88.912104	1210	0	0.064762	0.054217
37.395999908447266	88.692192	1218	0	0.065306	0.054217
39.402000188827515	97.236536	1298	0	0.06589	0.054217
41.3989999294281	90.001384	1322	0	0.064551	0.054217
43.644999980926514	88.054624	1322	0	0.066502	0.054217
45.64200019836426	0.18832	1286	0	0.064316	0.054217
47.646000146865845	66.01804	1034	0	0.064449	0.054217
49.64300012588501	71.63816	1150	0	0.064425	0.054217
51.64900016784668	90.716872	1166	0	0.063948	0.054217
53.644999980926514	96.667344	1342	0	0.065628	0.054217
55.64300012588501	96.667344	1342	0	0.064445	0.054217
57.644999980926514	102.519952	1342	0	0.064639	0.054217
59.64200019836426	5.247416	1306	0	0.068479	0.054217
61.64200019836426	82.340064	1348	0	0.0659	0.054217
63.6470000743866	60.965744	1352	0	0.065698	0.054217
65.64300012588501	0.367784	1352	0	0.064578	0.054217
67.64200019836426	56.802136	1008	0	0.064469	0.054217
69.64200019836426	56.802136	1008	0	0.06606	0.054217
71.64600014686584	56.802136	1008	0	0.062756	0.054217
73.64600014686584	56.802136	938	0	0.064646	0.054217
75.64200019836426	72.412624	972	0	0.06529	0.054217
77.64499998092651	72.412624	1000	0	0.066624	0.054217
79.64800000190735	72.412624	1000	0	0.066353	0.054217
81.64800000190735	70.067528	1008	0	0.065786	0.054217
83.64200019836426	76.813208	976	0	0.06558	0.054217
85.64499998092651	88.94568	1026	0	0.067371	0.054217
87.6470000743866	60.46176	1030	0	0.068509	0.054217
89.64200019836426	84.644008	1204	0	0.066662	0.054217
91.64100003242493	88.5566	1204	0	0.066328	0.054217
93.64600014686584	101.585288	1290	0	0.064839	0.054217
95.64600014686584	97.318744	1282	0	0.064859	0.054217
97.64300012588501	86.629832	1337	0	0.066368	0.054217
99.64400005340576	88.189872	1290	0	0.064483	0.054217
101.64800000190735	82.451456	1434	0	0.062678	0.054217
103.64300012588501	115.793912	1434	0	0.063941	0.054217
105.6470000743866	129.127368	1614	0	0.063906	0.054217
107.6470000743866	0.178648	1622	0	0.065045	0.054217
109.65199995040894	119.950704	1630	0	0.063358	0.054217
111.65199995040894	90.213304	1630	0	0.065558	0.054217
113.64300012588501	0.366176	1600	0	0.06544	0.054217
115.64400005340576	125.16816	4	0	0.065456	0.054217
117.64300012588501	0.183936	1684	0	0.067532	0.054217
119.64800000190735	140.241672	1682	0	0.066178	0.054217
121.64400005340576	0.179352	1678	0	0.064071	0.054217
123.64499998092651	122.754392	1678	0	0.065141	0.054217
125.64800000190735	89.241384	1672	0	0.063464	0.054217
127.64100003242493	0.188728	1682	0	0.06604	0.054217
129.643000125885	58.234152	1682	0	0.064763	0.054217
131.64200019836426	2.098608	1262	0	0.066637	0.054217
133.65199995040894	103.61784	1276	0	0.066965	0.054217
135.6470000743866	103.834472	4	0	0.063759	0.054217
137.65100002288818	103.834472	1284	0	0.063629	0.054217
139.64200019836426	104.149896	1254	0	0.063744	0.054217
141.643000125885	104.149896	1254	0	0.066196	0.054217
143.6470000743866	113.002416	1286	0	0.063864	0.054217
145.65000009536743	97.302272	1378	0	0.066185	0.054217
147.65199995040894	115.089488	1608	0	0.065586	0.054217
149.643000125885	100.806912	1650	0	0.067817	0.054217
151.6449999809265	0.170472	1659	0	0.067716	0.054217
153.64200019836426	125.521656	1696	0	0.064601	0.054217
155.64100003242493	0.179032	1752	0	0.065404	0.054217
157.64600014686584	65.442616	1684	0	0.064823	0.054217
159.643000125885	89.985152	1652	0	0.063715	0.054217
161.6529998779297	79.282128	1652	0	0.065551	0.054217
163.6449999809265	84.551112	1134	0	0.065808	0.054217
165.64200019836426	72.51868	1138	0	0.064843	0.054217
167.6470000743866	74.17476	1216	0	0.0649	0.054217
169.6470000743866	89.195904	1156	0	0.065454	0.054217
171.64200019836426	88.853752	1162	0	0.065968	0.054217
173.64100003242493	92.114728	1234	0	0.065455	0.054217
175.6470000743866	92.883304	1228	0	0.064882	0.054217
177.6470000743866	95.7326	4	0	0.063993	0.054217
179.6470000743866	98.31644	1236	0	0.064298	0.054217
181.64600014686584	94.88764	1216	0	0.065592	0.054217
183.643000125885	102.156376	1208	0	0.062397	0.054217
185.64200019836426	112.896448	1278	0	0.063984	0.054217
187.6449999809265	98.463456	1280	0	0.06514	0.054217
189.64200019836426	98.463456	1280	0	0.064745	0.054217
191.643000125885	99.926992	1290	0	0.062597	0.054217
193.64200019836426	113.17236	1420	0	0.064473	0.054217
195.64400005340576	55.726776	1386	0	0.065273	0.054217
197.64200019836426	126.598976	1530	0	0.064603	0.054217
199.64100003242493	0.176928	1616	0	0.06416	0.054217
201.6470000743866	125.911176	1616	0	0.064574	0.054217
203.64600014686584	0.178528	1634	0	0.064099	0.054217
205.643000125885	43.085408	1634	0	0.064608	0.054217
207.643000125885	124.417712	1716	0	0.064752	0.054217
209.6470000743866	139.544704	1716	0	0.064019	0.054217
211.65400004386902	119.131992	1734	0	0.06736	0.054217
213.6449999809265	0.356296	1788	0	0.07006	0.054217
215.6470000743866	162.502096	4	0	0.063973	0.054217
217.6529998779297	0.173384	2069	0	0.067545	0.054217
219.643000125885	175.550008	2108	0	0.064384	0.054217
221.66100001335144	85.988328	2109	0	0.066865	0.054217
223.64100003242493	3.566344	2076	0	0.068097	0.054217
225.64100003242493	48.705336	1916	0	0.070844	0.054217
227.64900016784668	2.00632	1036	0	0.066406	0.054217
229.64900016784668	40.813696	1040	0	0.071329	0.054217
231.64900016784668	82.961968	1050	0	0.063086	0.054217
233.64800000190735	53.999472	1062	0	0.068862	0.054217
235.64400005340576	92.80624	1074	0	0.066306	0.054217
237.64400005340576	82.912568	1142	0	0.064828	0.054217
239.6449999809265	70.364776	1214	0	0.067766	0.054217
241.643000125885	3.550864	1274	0	0.06563	0.054217
243.64400005340576	94.824632	1390	0	0.06549	0.054217
245.64200019836426	102.676728	1390	0	0.065568	0.054217
247.64800000190735	92.421496	1396	0	0.066373	0.054217
249.643000125885	98.349816	1470	0	0.066464	0.054217
251.64600014686584	105.346672	1525	0	0.06696	0.054217
253.64400005340576	110.971872	1496	0	0.064849	0.054217
255.643000125885	125.89668	1480	0	0.065976	0.054217
257.6470000743866	101.2626	1464	0	0.063074	0.054217
259.64200019836426	137.347296	1600	0	0.062672	0.054217
261.643000125885	137.347296	1600	0	0.067473	0.054217
263.64400005340576	137.347296	1610	0	0.065389	0.054217
265.64200019836426	0.175144	1662	0	0.064727	0.054217
267.64600014686584	95.722304	1616	0	0.065692	0.054217
269.643000125885	110.075048	4	0	0.064267	0.054217
271.64600014686584	0.178216	1627	0	0.064978	0.054217
273.65000009536743	134.76572	1648	0	0.065718	0.054217
275.6470000743866	0.165128	1800	0	0.064018	0.054217
277.64200019836426	149.309616	1850	0	0.063008	0.054217
279.6470000743866	100.893584	1852	0	0.064649	0.054217
281.64800000190735	157.71824	1868	0	0.063241	0.054217
283.64400005340576	139.451704	1840	0	0.064105	0.054217
285.64400005340576	0.184032	1840	0	0.063624	0.054217
287.64400005340576	166.16356	1906	0	0.063818	0.054217
289.64200019836426	0.359328	1906	0	0.070126	0.054217
291.64800000190735	159.586368	4	0	0.065096	0.054217
293.8949999809265	141.916016	1938	0	0.065035	0.054217
295.89299988746643	168.417832	1974	0	0.064022	0.054217
297.8949999809265	131.367656	1986	0	0.065737	0.054217
299.8989999294281	0.355368	1970	0	0.070005	0.054217
301.8919999599457	147.552672	2032	0	0.065034	0.054217
303.77800011634827	0.67908	2174	0	0.065341	0.054217
305.8970000743866	159.010104	2174	0	0.063857	0.054217
307.89400005340576	151.016408	2174	0	0.064116	0.054217
309.89299988746643	0.178832	1856	0	0.066562	0.054217
311.89299988746643	143.261576	1824	0	0.066161	0.054378
313.8970000743866	1.945192	1760	0	0.065778	0.054378
315.8970000743866	139.450232	1662	0	0.063088	0.054378
317.89299988746643	120.444304	1658	0	0.066084	0.054378
319.89800000190735	144.069632	1736	0	0.064423	0.054378
321.8989999294281	136.390504	1796	0	0.063292	0.054378
323.90500020980835	0.537728	2014	0	0.063674	0.054378
325.89299988746643	153.157512	2092	0	0.064997	0.054378
327.77800011634827	0.189544	2090	0	0.065197	0.054378
329.8919999599457	139.454856	2226	0	0.066023	0.054378
331.89299988746643	160.535856	2284	0	0.06484	0.054378
333.89299988746643	0.184128	2284	0	0.065297	0.054378
335.8970000743866	97.051376	2284	0	0.068034	0.054378
337.89599990844727	89.325144	2339	0	0.069187	0.054378
339.89599990844727	69.793088	1812	0	0.070577	0.054378
341.89400005340576	141.506088	1694	0	0.067477	0.054378
343.8970000743866	123.580624	1644	0	0.064585	0.054378
345.89599990844727	128.534368	1644	0	0.066017	0.054378
347.89299988746643	0.166536	1616	0	0.064112	0.054378
349.8919999599457	126.350368	1616	0	0.065577	0.054378
351.77099990844727	0.176312	1624	0	0.065269	0.054378
353.89400005340576	131.92248	1698	0	0.064422	0.054378
355.89400005340576	144.15164	1840	0	0.064352	0.054378
357.89599990844727	158.380344	1896	0	0.063587	0.054378
359.89800000190735	113.608688	1896	0	0.06625	0.054378
361.89400005340576	0.176744	1900	0	0.06498	0.054378
363.89299988746643	148.469816	1882	0	0.06272	0.054378
365.89299988746643	121.18368	1714	0	0.065111	0.054378
367.89299988746643	149.733184	1760	0	0.062973	0.054378
369.8989999294281	156.398888	1858	0	0.063962	0.054378
371.8919999599457	0.359248	1866	0	0.069964	0.054378
373.8949999809265	117.501456	1934	0	0.066663	0.054378
375.7720000743866	0.182144	2014	0	0.063334	0.054378
377.89299988746643	140.256448	1972	0	0.066974	0.054378
379.8910000324249	46.345296	4	0	0.067775	0.054378
381.89599990844727	0.168	2036	0	0.066751	0.054378
383.89599990844727	140.715216	1752	0	0.065308	0.054378
385.89400005340576	0.176864	1740	0	0.066179	0.054378
387.89400005340576	146.133832	1816	0	0.063924	0.054378
389.8970000743866	146.282416	1682	0	0.064142	0.054378
391.8919999599457	153.359544	1732	0	0.063023	0.054378
393.8910000324249	103.991456	1752	0	0.064984	0.054378
395.8919999599457	0.170696	1832	0	0.065733	0.054378
397.8900001049042	121.556344	1832	0	0.067524	0.054378
399.7770001888275	0.180216	1510	0	0.066392	0.054378
401.89999985694885	53.076384	1510	0	0.069699	0.054378
403.8910000324249	71.691728	1466	0	0.064887	0.054378
405.8919999599457	2.948472	1464	0	0.068222	0.054378
407.89299988746643	129.66572	1594	0	0.063537	0.054378
409.8989999294281	0.173816	1674	0	0.065563	0.054378
411.8989999294281	137.43224	1684	0	0.064502	0.054378
413.89299988746643	118.48924	1678	0	0.065028	0.054378
415.89599990844727	7.41052	1678	0	0.065381	0.054378
417.8890001773834	79.682168	4	0	0.064403	0.054378
419.89299988746643	0.17468	1692	0	0.065033	0.054378
421.8890001773834	94.439264	1692	0	0.066365	0.054378
423.8919999599457	2.945568	1500	0	0.069723	0.054378
425.89299988746643	57.273888	1514	0	0.066532	0.054378
427.9009997844696	130.167384	1514	0	0.065125	0.054378
429.8910000324249	0.38584	1536	0	0.066341	0.054378
431.8910000324249	51.752664	1516	0	0.06423	0.054378
433.8970000743866	0.352896	1510	0	0.069073	0.054378
435.89299988746643	116.031592	1672	0	0.064706	0.054378
437.8910000324249	111.515848	1672	0	0.066582	0.054378
439.8919999599457	0.193528	1672	0	0.069497	0.054378
441.89299988746643	21.463896	1682	0	0.067842	0.054378
443.8919999599457	0.180824	1676	0	0.064498	0.054378
445.8910000324249	146.88184	1632	0	0.062203	0.05443
447.8890001773834	0.175664	1630	0	0.063396	0.05443
449.8890001773834	0.366744	1588	0	0.063034	0.05443
451.8910000324249	0.191152	1588	0	0.0629	0.05443
453.8919999599457	1.085744	386	0	0.064928	0.05443
455.8970000743866	24.934496	334	0	0.069122	0.054227
457.89299988746643	34.429656	388	0	0.065154	0.054227
459.89400005340576	31.507664	478	0	0.065292	0.054227
461.8949999809265	49.17448	594	0	0.064816	0.054227
463.89299988746643	46.351184	704	0	0.063988	0.054227
465.89299988746643	63.128064	758	0	0.06354	0.054227
467.89400005340576	68.833872	852	0	0.07384	0.054227
469.8949999809265	67.836152	848	0	0.064448	0.054227
471.89400005340576	51.427456	884	0	0.067692	0.054227
473.89599990844727	69.206576	878	0	0.065878	0.054227
475.89400005340576	91.338488	1094	0	0.066576	0.054227
477.8910000324249	85.10636	1202	0	0.064046	0.054227
479.89599990844727	118.884432	1465	0	0.064811	0.054227
481.8910000324249	118.665024	1478	0	0.06433	0.054227
483.89599990844727	118.665024	1474	0	0.065294	0.054227
485.89299988746643	118.665024	1482	0	0.061942	0.054227
487.89400005340576	74.681304	1482	0	0.068846	0.054227
489.8890001773834	114.905432	1488	0	0.065385	0.054227
491.89400005340576	113.736448	1460	0	0.062998	0.054227
493.89400005340576	102.030016	1460	0	0.063522	0.054227
495.8919999599457	0.174792	1468	0	0.064985	0.054227
497.89299988746643	96.097864	1504	0	0.067828	0.054227
499.89400005340576	111.698176	1520	0	0.065214	0.054227
501.8919999599457	128.327024	1468	0	0.065982	0.054227
503.89599990844727	151.751224	1748	0	0.064394	0.054227
505.89599990844727	0.190632	1798	0	0.064206	0.054227
507.8989999294281	142.992008	1854	0	0.065459	0.054227
509.8900001049042	157.639864	1886	0	0.066473	0.054227
511.8919999599457	123.474552	1886	0	0.073264	0.054227
513.8919999599457	121.353672	1890	0	0.06801	0.054227
515.8880000114441	0.180312	1902	0	0.064779	0.054227
517.8959999084473	13.201888	1860	0	0.065368	0.054227
519.8919999599457	1.984952	1908	0	0.065567	0.054227
521.8949999809265	47.756576	680	0	0.068108	0.054227
523.8949999809265	46.612864	684	0	0.064181	0.054227
525.8910000324249	46.612864	660	0	0.06529	0.054227
527.8910000324249	46.612864	660	0	0.067026	0.054227
529.8900001049042	47.874896	602	0	0.066526	0.054227
531.8910000324249	51.439056	632	0	0.064837	0.054227
533.8900001049042	51.439056	632	0	0.063804	0.054227
535.8919999599457	51.439056	632	0	0.06695	0.054227
537.8910000324249	51.439056	632	0	0.066566	0.054227
539.8890001773834	51.439056	638	0	0.066159	0.054227
541.8940000534058	51.439056	638	0	0.066864	0.054227
544.1440000534058	51.439056	654	0	0.065936	0.054227
546.1460001468658	51.439056	654	0	0.066693	0.054227
548.1399998664856	61.117904	712	0	0.066314	0.054227
550.1389999389648	55.348592	712	0	0.0652	0.054227
552.143000125885	62.970096	790	0	0.065033	0.054227
554.1440000534058	45.876368	826	0	0.064381	0.054227
556.143000125885	63.976248	860	0	0.06719	0.054227
558.1460001468658	71.757408	896	0	0.064961	0.054227
560.1489999294281	66.750784	880	0	0.066666	0.054227
562.1399998664856	93.570272	1104	0	0.065613	0.054227
564.143000125885	86.025912	1110	0	0.066179	0.054227
566.1489999294281	84.212472	1190	0	0.065384	0.054227
568.1450002193451	88.742264	1240	0	0.065504	0.054227
570.1460001468658	92.622456	1398	0	0.066631	0.054227
572.1470000743866	93.623656	1514	0	0.066899	0.054227
574.1460001468658	112.602264	1796	0	0.063893	0.054227
576.1380000114441	147.483	1860	0	0.064189	0.054227
578.1409997940063	0.176344	1858	0	0.063469	0.054227
580.1409997940063	125.36572	1532	0	0.065431	0.054227
582.1420001983643	115.087224	1532	0	0.063178	0.054227
584.1420001983643	83.359104	1476	0	0.066924	0.054227
586.1500000953674	90.78284	1476	0	0.063108	0.054227
588.1420001983643	0.18116	1452	0	0.064973	0.054227
590.1420001983643	105.885792	1258	0	0.06467	0.054227
592.143000125885	103.1182	1270	0	0.062893	0.054227
594.143000125885	103.479992	1270	0	0.06425	0.054227
596.1420001983643	98.61364	1260	0	0.062256	0.054227
598.1420001983643	0.17524	1268	0	0.063072	0.054227
600.1470000743866	107.569744	1312	0	0.064301	0.054227
602.1569998264313	85.09744	1344	0	0.063524	0.054227
604.1420001983643	107.907224	1424	0	0.06556	0.054227
606.1470000743866	110.842256	1482	0	0.066254	0.054227
608.1460001468658	117.88752	1466	0	0.066246	0.054227
610.1440000534058	127.759136	1518	0	0.065533	0.054227
612.143000125885	0.355992	1572	0	0.069742	0.054227
614.1420001983643	123.007928	1562	0	0.061862	0.054227
616.1470000743866	129.000952	1532	0	0.065185	0.054227
618.1420001983643	125.291408	1560	0	0.064477	0.054227
620.1450002193451	116.247496	1590	0	0.065548	0.054227
622.1420001983643	2.9962	1748	0	0.070871	0.054227
624.1470000743866	137.435496	4	0	0.066952	0.054227
626.1420001983643	0.169496	1742	0	0.065809	0.054227
628.1420001983643	161.226888	1832	0	0.06277	0.054227
630.1480000019073	154.820456	2064	0	0.066447	0.054227
632.1470000743866	183.782368	2156	0	0.065541	0.054227
634.1389999389648	128.391208	2156	0	0.067579	0.054227
636.1470000743866	0.177496	2140	0	0.066093	0.054227
638.1389999389648	184.976624	4	0	0.065835	0.054227
640.1380000114441	0.165592	2130	0	0.063991	0.054227
642.1389999389648	179.752032	2152	0	0.062851	0.054227
644.1460001468658	176.73256	2152	0	0.064988	0.054227
646.143000125885	0.37464	2236	0	0.069833	0.054227
648.1420001983643	134.888792	2236	0	0.066901	0.054227
650.1409997940063	0.182488	1574	0	0.06606	0.054227
652.1409997940063	115.468064	1572	0	0.064558	0.054227
654.1450002193451	121.290384	1612	0	0.066737	0.054227
656.1409997940063	144.985584	1870	0	0.065836	0.054227
658.1440000534058	87.421912	1876	0	0.066318	0.054227
660.1440000534058	0.1736	1886	0	0.064816	0.054227
662.143000125885	150.767888	1882	0	0.066303	0.054227
664.1409997940063	0.358376	1874	0	0.068605	0.054227
666.1450002193451	106.756528	1874	0	0.065643	0.054227
668.1399998664856	50.585152	1882	0	0.06534	0.054227
670.1420001983643	78.841352	1933	0	0.069282	0.054227
672.143000125885	147.156464	1962	0	0.066191	0.054227
674.1409997940063	0.178952	1960	0	0.064208	0.054227
676.1409997940063	46.634736	1952	0	0.06404	0.054227
678.1380000114441	58.530384	1952	0	0.065024	0.054227
680.1450002193451	71.748312	1838	0	0.06546	0.054227
682.1440000534058	57.8944	932	0	0.064202	0.054227
684.1480000019073	69.184592	946	0	0.065387	0.054227
686.1450002193451	76.333432	1054	0	0.067663	0.054227
688.1440000534058	87.218192	1092	0	0.063701	0.054227
690.1389999389648	96.397008	1174	0	0.063797	0.054227
692.1440000534058	94.010816	1174	0	0.065893	0.054227
694.143000125885	98.550272	1390	0	0.06497	0.054227
696.1370000839233	100.479864	1390	0	0.065334	0.054227
698.1409997940063	0.173752	1398	0	0.066356	0.054227
700.1420001983643	48.955184	1394	0	0.064563	0.054227
702.143000125885	108.040664	1438	0	0.066571	0.054227
704.1440000534058	107.897584	1438	0	0.065489	0.054227
706.1420001983643	102.972752	1496	0	0.065931	0.054227
708.1440000534058	0.359696	1504	0	0.070584	0.054227
710.1460001468658	122.156504	1582	0	0.066113	0.054227
712.1389999389648	0.175584	1554	0	0.0652	0.054227
714.1409997940063	137.65232	1642	0	0.064848	0.054227
716.143000125885	127.083704	1642	0	0.065674	0.054227
718.1420001983643	0.177952	1707	0	0.064669	0.054227
720.1399998664856	98.860512	1716	0	0.066474	0.054227
722.1470000743866	0.189808	1716	0	0.065952	0.054227
724.1380000114441	121.941392	1725	0	0.065646	0.054227
726.1380000114441	99.00992	1726	0	0.067858	0.054227
728.1399998664856	106.840312	1750	0	0.065277	0.054227
730.1420001983643	147.59076	1874	0	0.064777	0.054227
732.143000125885	0.349176	1874	0	0.069544	0.054227
734.1470000743866	137.250408	1874	0	0.064856	0.054227
736.143000125885	0.385232	1858	0	0.067611	0.054227
738.1389999389648	144.81028	1868	0	0.064939	0.054227
740.143000125885	153.477512	1862	0	0.064127	0.054227
742.1409997940063	4.630888	1952	0	0.066549	0.054227
744.1420001983643	86.52148	1952	0	0.065093	0.054227
746.1460001468658	0.175096	1522	0	0.06297	0.054227
748.1409997940063	127.067608	4	0	0.062311	0.054227
750.1370000839233	123.533272	1514	0	0.062037	0.054227
752.1420001983643	121.94696	1528	0	0.062407	0.054227
754.1420001983643	121.94696	1528	0	0.061934	0.054227
756.1460001468658	0.380408	1512	0	0.067881	0.054321
758.143000125885	116.78124	1526	0	0.063652	0.054321
760.1399998664856	108.410176	1548	0	0.066083	0.054321
762.135999917984	108.410176	1550	0	0.0636	0.054321
764.1409997940063	108.410176	1568	0	0.064508	0.054321
766.1399998664856	108.410176	1578	0	0.063843	0.054321
768.1380000114441	72.201488	1578	0	0.064395	0.054321
770.1389999389648	0.355784	916	0	0.069639	0.054321
772.143000125885	65.912032	808	0	0.066008	0.054321
774.1440000534058	64.358744	1028	0	0.063837	0.054321
776.1389999389648	79.446296	1060	0	0.064781	0.054321
778.143000125885	93.680312	1144	0	0.064351	0.054321
780.1420001983643	96.859048	1124	0	0.064224	0.054321
782.1420001983643	78.069264	1220	0	0.066803	0.054321
784.143000125885	96.551744	1329	0	0.06721	0.054321
786.1420001983643	107.011928	1292	0	0.064672	0.054321
788.1440000534058	103.661816	1350	0	0.06614	0.054321
790.1489999294281	96.476512	1290	0	0.066862	0.054321
792.1530001163483	101.277288	1706	0	0.065503	0.054321
794.4049999713898	0.177136	1706	0	0.064395	0.054321
796.3940000534058	135.019968	1984	0	0.066032	0.054321
798.2699999809265	0.176384	2058	0	0.064406	0.054321
800.3999998569489	155.473264	4	0	0.065867	0.054321
802.3980000019073	60.307792	2264	0	0.073027	0.054321
804.396999835968	0.179904	2326	0	0.064962	0.054321
806.396999835968	146.331096	2326	0	0.065135	0.054321
808.396999835968	3.19436	2418	0	0.068521	0.054321
810.3880000114441	131.372424	2444	0	0.066633	0.054321
812.3889999389648	141.7092	2444	0	0.067828	0.054321
814.3949999809265	0.191664	2444	0	0.063418	0.054321
816.3880000114441	0.144608	2320	0	0.067288	0.054321
818.396999835968	5.453152	2326	0	0.064099	0.054321
820.3880000114441	150.0774	2326	0	0.065643	0.054321
822.2650001049042	0.701952	2042	0	0.064993	0.054321
824.3919999599457	7.101752	4	0	0.069218	0.054321
826.3919999599457	173.91852	2026	0	0.065856	0.054321
828.4070000648499	1.428248	1952	0	0.064677	0.054314
830.4140000343323	160.481448	2100	0	0.063724	0.054314
832.3919999599457	0.168472	2199	0	0.065094	0.054314
834.393000125885	135.227192	2210	0	0.065044	0.054314
836.3940000534058	168.576464	2210	0	0.062598	0.054314
838.393000125885	148.403256	2092	0	0.063739	0.054314
840.3959999084473	154.67788	2114	0	0.065041	0.054314
842.3959999084473	0.17616	2154	0	0.065486	0.054314
844.3949999809265	162.269928	2168	0	0.064734	0.054314
846.279000043869	0.383024	2234	0	0.068919	0.054314
848.3949999809265	47.868888	2244	0	0.0667	0.054314
850.3889999389648	0.154968	2230	0	0.064541	0.054314
852.3919999599457	0.175872	2237	0	0.064653	0.054314
854.3919999599457	162.61176	2248	0	0.065698	0.054314
856.3889999389648	0.375424	2236	0	0.067732	0.054314
858.3880000114441	171.695696	2332	0	0.064461	0.054314
860.3989999294281	141.90748	2332	0	0.066474	0.054314
862.3919999599457	0.179184	2332	0	0.066535	0.054314
864.3919999599457	153.653176	2310	0	0.065075	0.054314
866.3980000019073	117.724832	2365	0	0.065501	0.054314
868.3919999599457	70.734152	2074	0	0.068379	0.054314
870.2769999504089	0.165296	2074	0	0.064949	0.054314
872.393000125885	163.474896	2064	0	0.065292	0.054314
874.3919999599457	118.314136	2024	0	0.066249	0.054314
876.3919999599457	0.357288	2022	0	0.070683	0.054314
878.3900001049042	65.659016	2022	0	0.065915	0.054314
880.3900001049042	0.189808	886	0	0.066435	0.054314
882.3889999389648	61.7594	898	0	0.064999	0.054314
884.3900001049042	62.335592	894	0	0.066022	0.054314
886.3900001049042	55.145032	794	0	0.068654	0.054314
888.3910000324249	59.80344	794	0	0.065457	0.054314
890.3889999389648	59.80344	784	0	0.065184	0.054314
892.3949999809265	49.144504	886	0	0.065102	0.054314
894.3949999809265	65.846456	892	0	0.065816	0.054314
896.3910000324249	67.305352	898	0	0.062071	0.054314
898.3910000324249	61.751688	910	0	0.065447	0.054314
900.3889999389648	61.751688	904	0	0.06416	0.054314
902.393000125885	71.160144	1076	0	0.064765	0.054314
904.3880000114441	72.989752	1188	0	0.070083	0.054314
906.3900001049042	77.483912	1174	0	0.064975	0.054314
908.4049999713898	73.250504	1190	0	0.065229	0.054314
910.3940000534058	102.734224	1226	0	0.066272	0.054314
912.3919999599457	101.65512	1296	0	0.064878	0.054314
914.3910000324249	85.968432	1296	0	0.063465	0.054314
916.3919999599457	95.319144	1324	0	0.063394	0.054314
918.2769999504089	3.016616	1274	0	0.065373	0.054314
920.3880000114441	99.81948	1406	0	0.064505	0.054314
922.3860001564026	84.208072	1400	0	0.067082	0.054314
924.3870000839233	84.208072	1394	0	0.066386	0.054314
926.3900001049042	84.208072	1394	0	0.065326	0.054314
928.3910000324249	0.17132	1362	0	0.06697	0.054314
930.3949999809265	76.095424	1354	0	0.063719	0.054314
932.3910000324249	15.673552	926	0	0.065414	0.054314
934.3900001049042	57.08872	926	0	0.069357	0.054314
936.3900001049042	57.08872	926	0	0.068371	0.054314
938.3910000324249	74.560192	926	0	0.065442	0.054314
940.393000125885	71.646096	4	0	0.062914	0.054314
942.393000125885	77.457992	910	0	0.065471	0.054314
944.3919999599457	77.457992	910	0	0.065707	0.054314
946.3880000114441	23.117752	910	0	0.063823	0.054314
948.3910000324249	62.235616	922	0	0.068532	0.054314
950.3919999599457	85.242312	976	0	0.065547	0.054314
952.3880000114441	76.275056	1057	0	0.065512	0.054314
954.393000125885	75.369184	1056	0	0.066296	0.054314
956.396999835968	69.920088	1054	0	0.067094	0.054314
958.3870000839233	68.458224	1228	0	0.066906	0.054314
960.393000125885	93.984616	1228	0	0.06592	0.054314
962.3889999389648	82.26716	1234	0	0.062963	0.054314
964.3910000324249	92.054624	1292	0	0.063003	0.054314
966.3860001564026	92.054624	1284	0	0.065884	0.054314
968.3910000324249	92.054624	1284	0	0.065652	0.054314
970.3889999389648	92.054624	1292	0	0.064193	0.054314
972.3959999084473	4.134656	1292	0	0.067366	0.054314
974.3919999599457	88.662992	1332	0	0.066015	0.054314
976.3919999599457	111.51976	1332	0	0.064756	0.054314
978.3900001049042	8.465968	1352	0	0.066213	0.054314
980.3880000114441	40.749816	1334	0	0.065764	0.054314
982.3919999599457	122.92388	1400	0	0.065041	0.054314
984.3889999389648	84.806808	1400	0	0.065047	0.054314
986.3940000534058	0.178984	1396	0	0.066262	0.054314
988.3850002288818	91.928632	1424	0	0.064822	0.054314
990.3860001564026	91.928632	1424	0	0.062313	0.054314
992.3919999599457	91.928632	4	0	0.063661	0.054314
994.3919999599457	106.322472	1398	0	0.064	0.054314
996.393000125885	2.91972	1414	0	0.064266	0.054314
998.3880000114441	106.374112	1464	0	0.065379	0.054314
1000.3910000324249	121.821976	1474	0	0.063297	0.054314
1002.3910000324249	100.900288	1480	0	0.066118	0.054314
1004.3910000324249	102.115928	1466	0	0.066639	0.054314
1006.3940000534058	102.115928	1466	0	0.06413	0.054314
1008.3860001564026	102.115928	1466	0	0.06448	0.054314
1010.3900001049042	102.115928	1542	0	0.066934	0.054314
1012.3880000114441	102.115928	1528	0	0.065136	0.054314
1014.3870000839233	0.178816	1050	0	0.066131	0.054314
1016.3889999389648	36.243888	1012	0	0.065809	0.054314
1018.3900001049042	81.682144	1070	0	0.065488	0.054314
1020.3880000114441	79.979128	1032	0	0.065305	0.054314
1022.396999835968	75.387664	1026	0	0.065791	0.054314
1024.3900001049042	79.095752	1016	0	0.064675	0.054314
1026.3850002288818	79.095752	1006	0	0.064607	0.054314
1028.391000032425	71.32364	1000	0	0.065603	0.054314
1030.3870000839233	71.32364	1000	0	0.06427	0.054314
1032.388000011444	78.251656	1008	0	0.066533	0.054314
1034.391000032425	78.251656	1014	0	0.065948	0.054314
1036.396999835968	78.251656	1014	0	0.064476	0.054314
1038.388000011444	81.905416	1100	0	0.064997	0.054314
1040.3900001049042	81.905416	1102	0	0.066516	0.054314
1042.3870000839233	81.905416	1102	0	0.066817	0.054314
1044.6420001983643	89.585176	1108	0	0.064492	0.054314
1046.6399998664856	89.585176	1114	0	0.065045	0.054314
1048.6399998664856	84.077952	1138	0	0.065093	0.054314
1050.6399998664856	84.077952	1138	0	0.064102	0.054314
1052.4609999656677	84.077952	1138	0	0.06473	0.054314
1054.6460001468658	84.077952	1128	0	0.065506	0.054314
1056.6399998664856	84.077952	1128	0	0.065107	0.054314
1058.6420001983643	84.077952	1128	0	0.066628	0.054314
1060.6399998664856	79.71856	4	0	0.066388	0.054314
1062.643000125885	84.507952	1220	0	0.06464	0.054314
1064.6369998455048	97.579256	1234	0	0.065447	0.054314
1066.638000011444	97.579256	1238	0	0.065557	0.054314
1068.638000011444	97.579256	1238	0	0.0654	0.054314
1070.6399998664856	97.579256	1244	0	0.064905	0.054314
1072.6389999389648	97.579256	1244	0	0.064727	0.054314
1074.6399998664856	97.579256	1244	0	0.064333	0.054314
1076.462000131607	97.579256	1246	0	0.066354	0.054314
1078.6389999389648	103.986328	1302	0	0.065146	0.054314
1080.6490001678467	107.192264	1348	0	0.063666	0.054314
1082.6399998664856	109.02748	1376	0	0.06485	0.054314
1084.6369998455048	100.044408	1494	0	0.064736	0.054314
1086.638000011444	134.110616	1492	0	0.064091	0.054314
1088.6399998664856	134.110616	1500	0	0.063939	0.054314
1090.6399998664856	107.42572	1560	0	0.067277	0.054314
1092.635999917984	77.894808	1560	0	0.069829	0.054314
1094.6389999389648	61.535656	1556	0	0.068138	0.054314
1096.6449999809265	0.191264	1526	0	0.065389	0.054314
1098.6389999389648	117.077232	1884	0	0.063402	0.054314
1100.523999929428	0.16708	1886	0	0.066773	0.054314
1102.6420001983643	127.325552	1890	0	0.067727	0.054314
1104.641000032425	160.958184	1968	0	0.064778	0.054314
1106.635999917984	7.272328	1918	0	0.065853	0.054314
1108.638000011444	0.178184	1918	0	0.0649	0.054314
1110.641000032425	0.177552	1830	0	0.06591	0.054314
1112.6420001983643	151.127752	1752	0	0.063567	0.054314
1114.6480000019073	135.531888	1698	0	0.06719	0.054314
1116.6389999389648	0.178616	1902	0	0.065912	0.054314
1118.6449999809265	141.540632	1900	0	0.064353	0.054314
1120.643000125885	0.33616	1908	0	0.068803	0.054314
1122.6389999389648	135.968624	1826	0	0.063352	0.054314
1124.5119998455048	0.189376	1824	0	0.065128	0.054314
1126.6399998664856	146.840136	1834	0	0.066998	0.054314
1128.6420001983643	64.841464	2096	0	0.068284	0.054314
1130.641000032425	0.183536	2112	0	0.065684	0.054344
1132.6449999809265	152.472824	2124	0	0.064658	0.054344
1134.6470000743866	0.182408	2124	0	0.064076	0.054344
1136.6449999809265	140.908112	2224	0	0.067059	0.054344
1138.6480000019073	165.061768	2178	0	0.066468	0.054344
1140.6369998455048	170.840336	2236	0	0.063021	0.054344
1142.6420001983643	178.231912	2236	0	0.064011	0.054344
1144.6470000743866	0.177136	2264	0	0.066728	0.054344
1146.6399998664856	174.954496	2268	0	0.067801	0.054344
1148.5190000534058	4.09256	2170	0	0.066445	0.054344
1150.638000011444	149.106744	2232	0	0.06647	0.054344
1152.6369998455048	167.812832	2232	0	0.065921	0.054344
1154.6470000743866	0.178248	2214	0	0.062477	0.054344
1156.6399998664856	27.155656	2224	0	0.069227	0.054344
1158.6420001983643	0.254768	2212	0	0.073019	0.054344
1160.643000125885	154.661344	2302	0	0.073274	0.054344
1162.6449999809265	130.01896	2302	0	0.067473	0.054344
1164.641000032425	188.613296	2082	0	0.061911	0.054344
1166.641000032425	159.788104	2162	0	0.065608	0.054344
1168.6369998455048	0.174704	1630	0	0.064283	0.054344
1170.643000125885	115.884872	1628	0	0.063905	0.054344
1172.643000125885	2.892064	1528	0	0.06842	0.054344
1174.641000032425	139.217432	1542	0	0.063104	0.054344
1176.6369998455048	102.045352	1660	0	0.06699	0.054344
1178.641000032425	0.178312	1684	0	0.065275	0.054344
1180.6369998455048	93.471288	4	0	0.06585	0.054344
1182.6369998455048	0.187424	1638	0	0.062873	0.054344
1184.6420001983643	84.952424	1650	0	0.065001	0.054344
1186.6399998664856	101.765488	1206	0	0.068764	0.054344
1188.6470000743866	72.603608	1242	0	0.065295	0.054344
1190.643000125885	104.867176	1270	0	0.064103	0.054344
1192.638000011444	88.862792	1292	0	0.065417	0.054344
1194.6440000534058	97.457304	1292	0	0.066206	0.054344
1196.6389999389648	1.439648	1612	0	0.063624	0.054344
1198.6470000743866	127.94872	4	0	0.064001	0.054344
1200.643000125885	137.6942	1680	0	0.065127	0.054344
1202.6389999389648	0.193152	1830	0	0.064656	0.054344
1204.638000011444	143.850792	1844	0	0.064181	0.054344
1206.6679999828339	0.183872	1772	0	0.064169	0.054344
1208.638000011444	61.095816	2421	0	0.105059	0.054344
1210.6389999389648	121.780184	2432	0	0.071362	0.054344
1212.638000011444	143.57768	4	0	0.071015	0.054344
1214.6389999389648	143.57768	1786	0	0.063975	0.054344
1216.6369998455048	0.186632	1670	0	0.065946	0.054344
1218.643000125885	81.136152	1606	0	0.065679	0.054344
1220.6420001983643	0.177192	1614	0	0.063932	0.054344
1222.6420001983643	130.608128	1636	0	0.064319	0.054266
1224.635999917984	67.637984	1636	0	0.065994	0.054266
1226.635999917984	1.443888	1644	0	0.069682	0.054266
1228.6420001983643	18.932856	1572	0	0.067851	0.054266
1230.643000125885	0.169232	1276	0	0.064463	0.054266
1232.6369998455048	113.554416	1298	0	0.063857	0.054121
1234.638000011444	55.023728	1298	0	0.065959	0.054121
1236.638000011444	79.934704	1284	0	0.065381	0.054121
1238.6340000629425	43.69324	1284	0	0.066443	0.054121
1240.635999917984	4.24484	914	0	0.064992	0.054121
1242.6420001983643	4.24484	914	0	0.06469	0.054121
1244.638000011444	55.431744	1036	0	0.066024	0.054121
1246.641000032425	84.111176	1030	0	0.063584	0.054121
1248.635999917984	90.597808	1080	0	0.063829	0.054121
1250.6420001983643	95.735536	1090	0	0.063951	0.054121
1252.641000032425	88.448536	1100	0	0.06461	0.054121
1254.638000011444	86.094	1168	0	0.065831	0.054121
1256.641000032425	102.907272	1250	0	0.063423	0.054121
1258.635999917984	67.144032	1250	0	0.064115	0.054121
1260.641000032425	77.136728	1236	0	0.06379	0.054121
1262.635999917984	58.882048	1240	0	0.064665	0.054121
1264.6399998664856	0.177208	902	0	0.064592	0.054121
1266.6369998455048	39.900952	902	0	0.064855	0.054121
1268.6369998455048	72.295144	862	0	0.063339	0.054121
1270.638000011444	70.04812	4	0	0.06562	0.054121
1272.6369998455048	59.703968	866	0	0.067134	0.054121
1274.6349999904633	59.703968	864	0	0.066715	0.054121
1276.6399998664856	59.703968	870	0	0.0672	0.054121
1278.6389999389648	59.703968	868	0	0.066457	0.054121
1280.654000043869	50.661432	890	0	0.06607	0.054121
1282.6389999389648	78.181096	950	0	0.062765	0.054121
1284.6440000534058	64.8262	1112	0	0.063611	0.054121
1286.638000011444	79.938168	1230	0	0.06548	0.054121
1288.641000032425	0.188808	1308	0	0.063224	0.054121
1290.6389999389648	97.709624	1286	0	0.063442	0.054121
1292.6440000534058	88.79176	1525	0	0.06421	0.054121
1294.8929998874664	99.893864	1536	0	0.064978	0.054121
1296.888000011444	147.364016	1752	0	0.065642	0.054121
1298.8900001049042	0.17772	1752	0	0.064336	0.054121
1300.8919999599457	10.221472	1702	0	0.065002	0.054121
1302.8900001049042	2.34128	1702	0	0.06879	0.054121
1304.891000032425	129.276216	1704	0	0.065252	0.054121
1306.8919999599457	135.92772	1704	0	0.065935	0.054121
1308.8890001773834	138.103536	1700	0	0.065269	0.054121
1310.8919999599457	143.34476	1958	0	0.065764	0.054121
1312.888000011444	0.1852	1968	0	0.063207	0.054121
1314.8929998874664	114.80768	2026	0	0.06622	0.054121
1316.8890001773834	0.702512	2184	0	0.065604	0.054121
1318.8900001049042	154.557408	2184	0	0.065558	0.054121
1320.891000032425	30.47932	2248	0	0.065848	0.054121
1322.8900001049042	0.358384	2268	0	0.068244	0.054121
1324.8890001773834	51.007584	2266	0	0.065179	0.054121
1326.891000032425	0.30844	2266	0	0.071024	0.054121
1328.8929998874664	184.150672	2282	0	0.062257	0.054121
1330.888000011444	179.976912	2282	0	0.064417	0.054121
1332.8970000743866	0.388408	2264	0	0.063278	0.054121
1334.8919999599457	142.031128	2178	0	0.066616	0.054121
1336.9020001888275	0.355392	1704	0	0.07091	0.054121
1338.8900001049042	130.925768	1696	0	0.06552	0.054121
1340.8900001049042	0.166832	1630	0	0.064462	0.054121
1342.8900001049042	154.695648	1868	0	0.064193	0.054121
1344.8890001773834	128.757136	1912	0	0.066533	0.054121
1346.8900001049042	0.179568	2069	0	0.066532	0.054121
1348.8890001773834	160.38876	4	0	0.066304	0.054121
1350.8870000839233	0.183624	2112	0	0.07138	0.054121
1352.888000011444	2.023944	2532	0	0.070938	0.054121
1354.8940000534058	148.0856	2532	0	0.066936	0.054121
1356.891000032425	54.931424	2532	0	0.065231	0.054121
1358.8949999809265	105.5976	2638	0	0.067526	0.054121
1360.8929998874664	0.1788	2506	0	0.063738	0.054121
1362.8949999809265	62.546088	2542	0	0.065712	0.054121
1364.8970000743866	6.667104	2422	0	0.065084	0.054121
1366.8940000534058	18.292176	2606	0	0.06667	0.054121
