0.0	10.81928	192	90	0.102756	0.087337
0.5069997310638428	7.869616	192	0	0.169433	0.087337
0.7209999561309814	7.869616	192	0	0.153245	0.087337
0.9099998474121094	7.869616	192	0	0.131729	0.087337
1.1939997673034668	7.869616	192	0	0.15968	0.087337
2.2079999446868896	11.791176	190	0	0.202788	0.087337
3.7079999446868896	9.246808	198	0	0.21068	0.087337
5.132999897003174	11.634488	204	0	0.138974	0.087337
6.563999891281128	11.044928	208	0	0.204655	0.087337
8.344000101089478	11.5928	194	0	0.158203	0.087337
9.44599986076355	8.832168	198	0	0.239077	0.087337
11.36899995803833	5.940336	198	0	0.421356	0.087337
12.901000022888184	10.209288	178	0	0.175587	0.087337
14.738999843597412	7.567344	174	0	0.168439	0.087337
17.247999906539917	8.02188	210	0	0.118476	0.087337
20.104000091552734	6.818008	174	7	0.294081	0.087337
21.80299973487854	9.654488	174	0	0.122402	0.087337
24.217999935150146	10.292112	176	0	0.214298	0.087337
24.840999841690063	7.578192	186	0	0.162435	0.087337
26.192999839782715	7.7356	186	0	0.244655	0.087337
27.13599991798401	5.654352	168	22	0.142438	0.087337
28.24999976158142	9.525536	168	0	0.126938	0.087337
30.25600004196167	6.853416	166	0	0.171906	0.087337
33.753000020980835	5.110568	174	0	0.301433	0.087337
35.43600010871887	9.698688	184	9	0.119152	0.087337
37.175999879837036	9.281104	208	0	0.182	0.087337
39.39799976348877	7.243744	204	0	0.170607	0.087337
41.64400005340576	10.068328	184	4	0.217893	0.087337
43.68599987030029	8.70944	204	0	0.186293	0.087337
45.097999811172485	8.348848	174	39	0.171623	0.087337
49.03200006484985	7.842384	168	0	0.230276	0.087337
51.86999988555908	8.87352	182	0	0.216731	0.087337
53.91699981689453	8.593392	186	0	0.217701	0.087337
56.51600003242493	7.460968	170	0	0.18777	0.087337
58.114999771118164	6.975568	214	18	0.337574	0.087337
58.84700012207031	8.815008	214	0	0.207752	0.087337
59.68999981880188	8.094664	184	0	0.16536	0.087337
60.25500011444092	11.50728	188	0	0.168116	0.087337
62.25099968910217	9.96688	188	0	0.181136	0.087337
64.25600004196167	4.0228	188	0	0.319742	0.087337
66.25300002098083	7.855344	188	0	0.177167	0.087337
68.25699996948242	7.855048	188	0	0.179119	0.087337
70.25699996948242	8.984288	4	0	0.13974	0.087337
72.25500011444092	9.518144	186	0	0.150136	0.087337
74.25500011444092	10.350432	184	0	0.132303	0.087337
76.1729998588562	5.818728	186	0	0.257034	0.087337
78.26199984550476	9.88744	218	0	0.154997	0.087337
80.25300002098083	11.294072	218	0	0.177649	0.087337
82.1800000667572	9.06824	246	0	0.185525	0.087337
84.25399994850159	4.21532	246	0	0.411053	0.087337
86.25699996948242	7.486336	304	0	0.326438	0.087337
88.25399994850159	9.787768	246	0	0.290952	0.087337
90.25099968910217	11.086952	242	0	0.227591	0.087337
92.25600004196167	8.628448	242	0	0.210408	0.087337
94.25399994850159	3.144368	184	0	0.340194	0.087337
96.25899982452393	6.471384	174	0	0.17069	0.087337
98.25500011444092	10.049888	180	0	0.14332	0.087337
100.25200009346008	7.64696	180	0	0.156834	0.087337
102.25200009346008	7.36256	180	0	0.16399	0.087337
104.25200009346008	9.365672	170	0	0.148738	0.087337
106.25600004196167	9.065648	186	0	0.160522	0.087337
108.25699996948242	8.679496	178	0	0.185199	0.087337
110.26099991798401	5.781752	178	0	0.250332	0.087337
112.25500011444092	10.590904	182	0	0.125532	0.087337
114.26599979400635	2.925984	182	0	0.714942	0.087337
116.25500011444092	3.154192	182	0	0.270649	0.087337
118.25300002098083	8.170752	172	0	0.237849	0.087337
120.25399994850159	10.181016	182	0	0.110248	0.087337
122.25300002098083	7.777656	180	0	0.141559	0.087337
124.25399994850159	1.22828	180	0	0.482092	0.087337
126.25399994850159	11.071584	180	0	0.117114	0.087337
128.25200009346008	9.595496	178	0	0.16171	0.087337
130.17899990081787	10.572352	178	0	0.137745	0.087337
132.27600002288818	10.331912	4	0	0.152145	0.087337
134.25699996948242	7.057496	250	0	0.273895	0.087337
136.25300002098083	8.395616	182	0	0.162048	0.087337
138.25500011444092	5.710504	178	0	0.155687	0.087337
140.25799989700317	8.23032	172	0	0.132599	0.087337
142.25699996948242	8.659656	172	0	0.176664	0.087337
144.2539999485016	8.155344	174	0	0.180164	0.087337
146.25500011444092	9.862624	174	0	0.131403	0.087337
148.25600004196167	11.093576	200	0	0.199784	0.087337
150.2539999485016	3.185088	184	0	0.216673	0.087337
152.25600004196167	9.20988	180	0	0.216598	0.087337
154.25200009346008	8.35424	164	0	0.124804	0.087337
156.25999999046326	7.58852	168	0	0.125226	0.087337
158.2539999485016	10.00072	176	0	0.112852	0.087337
160.2539999485016	1.941648	176	0	0.274503	0.087337
162.25799989700317	7.917896	170	0	0.208023	0.087337
164.25500011444092	7.917896	156	0	0.129395	0.087337
166.2539999485016	8.336376	156	0	0.112666	0.087337
168.2669997215271	9.43308	182	0	0.129144	0.087337
170.25500011444092	7.930952	182	0	0.208881	0.087337
172.2699999809265	6.247616	182	0	0.147681	0.087337
174.25300002098083	6.479144	186	0	0.174329	0.087337
176.25300002098083	11.056696	188	0	0.173668	0.087337
178.25600004196167	9.113376	192	0	0.189323	0.087337
180.2630000114441	11.386952	198	0	0.16149	0.087337
182.25500011444092	10.742456	198	0	0.161459	0.087337
184.25500011444092	7.511272	200	0	0.14887	0.087337
186.25300002098083	10.619136	186	0	0.186621	0.087337
188.25500011444092	10.230136	186	0	0.160093	0.087337
190.2539999485016	8.770056	186	0	0.17209	0.087337
192.25699996948242	2.412264	158	0	0.211163	0.087337
194.25300002098083	9.702424	174	0	0.123696	0.087337
196.2539999485016	9.969488	186	0	0.143904	0.087337
198.2539999485016	9.525168	186	0	0.125567	0.087337
200.2630000114441	9.525168	186	0	0.140285	0.087337
202.25500011444092	8.543256	186	0	0.147426	0.087461
204.25300002098083	8.575384	198	0	0.137971	0.087461
206.25300002098083	5.390384	198	0	0.434919	0.087461
208.25500011444092	3.87768	198	0	0.206912	0.087461
210.25799989700317	9.433496	200	0	0.18222	0.087461
212.25500011444092	5.697352	200	0	0.139371	0.087461
214.25899982452393	9.43312	176	0	0.183542	0.087461
216.25699996948242	10.243496	198	0	0.150699	0.087461
218.25200009346008	6.150152	198	0	0.18414	0.087461
220.2649998664856	5.430696	198	0	0.359667	0.087461
222.50300002098083	9.196048	176	0	0.159934	0.087461
224.50099992752075	8.743016	164	0	0.168686	0.087461
226.42199993133545	8.130984	170	0	0.1526	0.087461
228.50499987602234	6.546704	172	0	0.158023	0.087461
230.5039999485016	7.061976	166	0	0.278911	0.087461
232.50499987602234	8.615872	168	0	0.114106	0.087198
234.5059998035431	5.300704	168	0	0.285458	0.087198
236.5039999485016	1.264704	188	0	0.157004	0.087198
238.5039999485016	6.775432	188	0	0.176945	0.087198
240.5059998035431	7.837352	166	0	0.186491	0.087198
242.5699999332428	8.123416	190	0	0.134692	0.087198
244.5019998550415	0.89688	190	0	0.166266	0.087198
246.50699973106384	5.112488	164	0	0.2644	0.087198
248.50699973106384	9.044288	178	0	0.10898	0.087198
250.50799989700317	8.996968	178	0	0.16434	0.087198
252.50499987602234	6.372432	176	0	0.229939	0.087198
254.50499987602234	5.286624	174	0	0.158669	0.087198
256.50699973106384	10.046048	164	0	0.152903	0.087198
258.5079998970032	10.046048	164	0	0.137365	0.087198
260.5099997520447	10.63884	176	0	0.123187	0.087198
262.5039999485016	7.465328	178	0	0.174035	0.087198
264.50499987602234	11.620632	188	0	0.11185	0.087198
266.51200008392334	7.774376	188	0	0.170743	0.087198
268.51399993896484	7.458664	188	0	0.186442	0.087198
270.5089998245239	7.810552	170	0	0.164517	0.087198
272.64999985694885	6.835608	158	0	0.23878	0.087198
274.43499970436096	9.073296	166	0	0.1315	0.087198
276.50499987602234	11.359664	194	0	0.141933	0.087198
278.5059998035431	7.076784	194	0	0.232718	0.087198
280.5059998035431	11.412944	194	0	0.179029	0.087198
282.50499987602234	11.130984	204	0	0.139025	0.087198
284.5059998035431	5.573328	204	0	0.148191	0.087198
286.5059998035431	10.045632	333	0	0.271035	0.087198
288.50699973106384	10.045632	216	0	0.183112	0.087198
290.5059998035431	6.945784	168	0	0.335665	0.087198
292.50499987602234	8.772232	170	0	0.135856	0.087198
294.50300002098083	10.362192	170	0	0.105394	0.087198
296.5059998035431	10.947568	194	0	0.177367	0.087198
298.5149998664856	9.57068	194	25	0.194705	0.087198
300.50499987602234	7.17868	194	0	0.165445	0.087198
302.5439999103546	10.392248	188	0	0.190074	0.087198
304.50300002098083	8.673624	180	0	0.153193	0.087198
306.5079998970032	9.038768	182	0	0.152835	0.087198
308.5149998664856	10.87552	194	0	0.14644	0.087198
310.5110001564026	8.28912	196	0	0.231487	0.087198
312.50699973106384	9.511512	196	0	0.153168	0.087198
314.5079998970032	6.266104	196	0	0.264579	0.087198
316.51399993896484	8.543608	200	0	0.170837	0.087198
318.5039999485016	9.223208	180	0	0.192587	0.087198
320.50499987602234	9.135728	180	0	0.198649	0.087198
322.5059998035431	9.652696	190	0	0.125694	0.087198
324.5160000324249	11.409736	206	0	0.142309	0.087198
326.50499987602234	10.029024	206	0	0.172744	0.087198
328.5079998970032	3.718232	206	0	0.241524	0.087198
330.50300002098083	7.901608	182	0	0.137601	0.087198
332.55999994277954	9.47804	190	0	0.125461	0.087198
334.5059998035431	10.357872	196	0	0.183608	0.087198
336.5110001564026	10.867056	196	0	0.243391	0.087198
338.50499987602234	7.389824	194	0	0.170215	0.087198
340.50699973106384	10.330872	194	0	0.19354	0.087198
342.50699973106384	10.527816	194	0	0.113548	0.087198
344.5039999485016	11.394328	194	0	0.128325	0.087198
346.50699973106384	9.750704	192	0	0.14161	0.087198
348.50699973106384	9.326744	184	0	0.2119	0.087198
350.5039999485016	9.164968	192	0	0.131424	0.087198
352.5059998035431	4.03904	206	0	0.428969	0.087198
354.5099997520447	4.255984	116	0	0.651706	0.087198
356.5239999294281	3.206784	80	0	0.203589	0.087198
358.50499987602234	4.955432	98	0	0.1006	0.087198
360.5079998970032	6.475464	118	0	0.111968	0.087198
362.5039999485016	6.222256	138	0	0.139623	0.087198
364.5059998035431	5.812736	138	0	0.211074	0.087198
366.5079998970032	4.974688	134	0	0.178403	0.087198
368.5079998970032	7.08272	158	0	0.14213	0.087198
370.5089998245239	10.49828	176	0	0.11174	0.087198
372.5079998970032	9.248096	176	0	0.163257	0.087198
374.5089998245239	9.734216	178	0	0.237451	0.087198
376.5059998035431	7.221312	178	0	0.128741	0.087198
378.5099997520447	10.165696	176	0	0.175965	0.087198
380.5039999485016	8.6504	180	0	0.129275	0.087198
382.5079998970032	0.57736	146	0	0.158476	0.087198
384.5089998245239	9.46676	166	0	0.109977	0.087198
386.5059998035431	9.240832	166	0	0.130516	0.087198
388.5059998035431	8.461304	166	0	0.219	0.087198
390.5160000324249	10.551488	194	0	0.13472	0.087198
392.5059998035431	6.103512	194	0	0.321409	0.087198
394.50699973106384	10.096208	194	0	0.210129	0.087198
396.50699973106384	4.618936	162	0	0.270381	0.087198
398.5089998245239	6.27064	162	0	0.27278	0.087198
400.5059998035431	7.510208	158	0	0.124829	0.087198
402.5110001564026	8.104864	176	0	0.252248	0.087198
404.5099997520447	7.337744	180	0	0.150116	0.087198
406.5089998245239	8.146736	180	0	0.242318	0.087198
408.50699973106384	8.461424	180	0	0.172691	0.087198
410.5169999599457	6.993144	174	0	0.152765	0.087198
412.5079998970032	9.603824	166	0	0.17766	0.087198
414.50699973106384	7.919224	160	0	0.156761	0.087198
416.50699973106384	9.140864	168	0	0.159294	0.087198
418.50699973106384	9.451592	168	0	0.134616	0.087198
420.50499987602234	7.22388	168	0	0.274606	0.087198
422.521999835968	8.66596	158	0	0.113721	0.087198
424.5059998035431	7.727488	158	0	0.225024	0.087198
426.5110001564026	9.150072	164	0	0.112497	0.087198
428.50499987602234	6.957696	168	0	0.142513	0.087198
430.5079998970032	0.973136	168	0	0.283269	0.087198
432.5130000114441	6.729552	168	0	0.132389	0.087198
434.50699973106384	7.86344	166	0	0.219469	0.087198
436.5110001564026	8.912048	172	0	0.154129	0.087198
438.51399993896484	0.388512	172	0	0.141385	0.087198
440.50699973106384	5.569496	178	0	0.233865	0.087198
442.5099997520447	5.8598	178	0	0.15591	0.087198
444.50699973106384	9.642008	180	0	0.152491	0.087198
446.5089998245239	8.390784	188	0	0.180637	0.087198
448.5059998035431	9.128248	190	0	0.175457	0.087198
450.5079998970032	9.988624	196	0	0.205255	0.087198
452.5089998245239	8.995	196	0	0.136442	0.087198
454.5089998245239	8.995	196	0	0.270816	0.087198
456.5089998245239	9.051704	196	0	0.1783	0.087198
458.5079998970032	4.191176	182	0	0.178299	0.087198
460.5089998245239	8.257536	196	0	0.119327	0.087198
462.52499985694885	4.186576	194	0	0.431637	0.087198
464.5079998970032	7.49428	194	0	0.317725	0.087198
466.51399993896484	8.719088	168	0	0.11163	0.087198
468.5079998970032	8.52492	168	0	0.187292	0.087198
470.7649998664856	8.383472	168	0	0.131831	0.087198
472.77899980545044	6.862416	178	0	0.413981	0.087198
475.82299995422363	3.632824	178	0	0.132513	0.087198
476.77099990844727	6.090728	162	45	0.240276	0.087198
478.7590000629425	10.120032	174	0	0.110168	0.087198
480.7409999370575	3.847384	172	0	0.186791	0.087198
483.103000164032	6.255472	158	0	0.129583	0.087198
484.75999999046326	7.889568	158	0	0.116958	0.087198
486.760999917984	4.938136	152	0	0.22682	0.087198
488.7569999694824	8.776856	164	0	0.138953	0.087198
490.7579998970032	9.0136	196	0	0.152577	0.087198
492.7569999694824	10.047904	196	0	0.175407	0.087198
494.7579998970032	6.066408	174	0	0.162295	0.087198
496.7569999694824	10.685616	176	0	0.141156	0.087198
498.760999917984	7.129368	184	0	0.17006	0.087198
500.7590000629425	7.915808	190	0	0.116489	0.087198
502.7669999599457	3.918456	190	0	0.448753	0.087198
505.11100006103516	1.939232	198	46	0.451316	0.087198
506.760999917984	9.966656	184	0	0.159273	0.087198
508.7699999809265	2.909568	184	0	0.342218	0.087198
510.76199984550476	9.157568	184	0	0.280993	0.087198
512.8429996967316	9.742512	194	0	0.183577	0.087198
514.7590000629425	9.258792	190	0	0.129109	0.087198
516.7599999904633	9.292696	188	0	0.125672	0.087198
518.7579998970032	10.25324	188	0	0.171197	0.087198
520.7999999523163	1.620728	188	1	1.307864	0.087198
522.7590000629425	6.994352	188	0	0.379391	0.087198
524.7890000343323	3.920664	172	0	0.42306	0.087198
526.7699999809265	4.894648	178	0	0.394749	0.087198
528.7659997940063	1.92392	122	31	0.226396	0.087198
530.7890000343323	1.80888	88	0	0.140055	0.087198
532.7569999694824	4.187784	96	0	0.162918	0.087915
534.7579998970032	5.513624	102	0	0.158482	0.087915
536.7730000019073	5.045104	128	0	0.111361	0.087915
538.7619998455048	9.982544	162	0	0.15755	0.087915
540.7590000629425	9.4576	162	0	0.148799	0.087915
543.1009998321533	8.28984	162	0	0.200018	0.087915
544.7599999904633	8.719744	160	0	0.157084	0.087915
546.7629997730255	7.773352	170	0	0.147255	0.087915
548.7619998455048	6.666816	138	0	0.143675	0.087915
550.7769999504089	7.987616	170	0	0.223809	0.087915
552.8470001220703	7.304832	170	31	0.208877	0.087915
554.7629997730255	5.638712	170	0	0.193539	0.087915
556.760999917984	7.678552	154	0	0.119064	0.087915
558.7649998664856	9.783272	158	0	0.10902	0.087915
560.7590000629425	6.01412	158	0	0.262211	0.087915
562.7629997730255	4.566016	168	0	0.190802	0.087915
564.7619998455048	9.27804	172	0	0.156029	0.087915
566.7679998874664	3.513912	172	0	0.159452	0.087915
568.7599999904633	6.96572	184	0	0.165927	0.087521
570.760999917984	8.399912	184	0	0.194543	0.087521
572.7750000953674	8.820536	180	0	0.155076	0.087521
574.7789998054504	7.95548	178	0	0.162945	0.087521
576.6849999427795	4.828576	178	0	0.171945	0.087521
578.7619998455048	8.539544	4	0	0.216466	0.087521
580.7709999084473	9.825064	178	0	0.183944	0.087521
582.7590000629425	3.630848	178	0	0.110987	0.087521
584.7599999904633	9.235104	184	0	0.116949	0.087521
586.7599999904633	10.566376	198	0	0.118717	0.087521
588.760999917984	10.566376	198	0	0.129977	0.087521
590.7639999389648	9.769912	198	0	0.195551	0.087521
592.760999917984	5.418984	186	0	0.241938	0.087521
595.7350001335144	3.020296	102	0	0.236987	0.087521
599.0369999408722	2.882096	118	33	0.374469	0.087521
600.7309997081757	3.540424	136	0	0.330835	0.087521
603.5409998893738	8.281992	152	29	0.181686	0.087521
604.8669998645782	4.920392	172	0	0.172357	0.087521
606.8810000419617	5.271824	130	0	0.165317	0.087521
608.1270000934601	9.483704	170	12	0.151824	0.087521
609.1480000019073	11.615296	190	0	0.129129	0.087521
610.7599999904633	6.4574	190	0	0.231954	0.087521
612.7599999904633	8.860528	200	0	0.15989	0.087521
614.7639999389648	11.669544	198	0	0.128154	0.087521
616.760999917984	9.591744	198	0	0.21874	0.087521
618.760999917984	7.967872	194	0	0.141188	0.087521
620.760999917984	9.279784	194	0	0.167173	0.087521
622.760999917984	8.57572	192	0	0.185989	0.087521
624.6970000267029	10.411528	190	0	0.126955	0.087521
626.760999917984	9.13012	200	0	0.183312	0.087521
628.8680000305176	5.935352	170	0	0.277849	0.087521
631.3629999160767	8.920904	168	1	0.174149	0.087521
633.1389997005463	2.34556	192	0	0.651507	0.087521
634.760999917984	8.690512	192	0	0.150628	0.087521
636.7629997730255	9.60452	188	0	0.211518	0.087521
638.8379998207092	5.72568	156	0	0.284884	0.087521
640.7649998664856	9.451056	180	0	0.159046	0.087521
643.0680000782013	8.118848	178	0	0.195506	0.087521
644.8949999809265	8.716816	184	21	0.147213	0.087521
646.7639999389648	9.088088	178	0	0.17532	0.087521
648.7590000629425	11.149896	200	0	0.134731	0.087521
650.7689998149872	12.611896	200	0	0.208903	0.087521
652.9370000362396	5.85228	204	0	0.322093	0.087521
655.3409998416901	5.81504	140	7	0.284685	0.087521
657.7109999656677	7.4266	182	0	0.18163	0.087521
660.1099998950958	8.768896	174	17	0.177448	0.087521
662.3499999046326	10.911072	180	0	0.161076	0.087521
664.4240000247955	9.364136	180	0	0.139049	0.087521
664.7360000610352	9.8252	180	0	0.124936	0.087521
666.7720000743866	10.967448	192	0	0.189309	0.087521
668.7219998836517	8.051736	318	26	0.34783	0.087521
670.7599999904633	10.415128	194	0	0.175423	0.087521
672.7599999904633	11.28232	184	0	0.131921	0.087521
674.7689998149872	10.026208	184	0	0.12924	0.087521
676.7699999809265	5.767904	182	0	0.192848	0.087521
678.7590000629425	5.767904	182	0	0.136269	0.087521
680.760999917984	5.767904	186	0	0.125901	0.087521
682.7619998455048	8.62352	162	0	0.141528	0.087521
684.7619998455048	8.042872	178	0	0.114997	0.087521
686.7619998455048	8.074704	178	0	0.198617	0.087521
688.7599999904633	8.748776	178	0	0.176556	0.087521
690.7599999904633	10.547208	172	0	0.143271	0.087521
692.7750000953674	9.88656	188	0	0.127548	0.087521
694.7659997940063	12.368936	4	0	0.159518	0.087521
696.8120000362396	11.21812	212	0	0.139514	0.087521
698.7659997940063	9.48628	210	0	0.200599	0.087521
700.7720000743866	9.986896	210	0	0.176534	0.087521
702.760999917984	1.528088	210	0	0.268781	0.087521
704.7679998874664	9.95896	210	0	0.176381	0.087521
706.7599999904633	9.518384	208	0	0.142191	0.087521
708.7679998874664	9.518384	208	0	0.13643	0.087521
710.7880001068115	7.829104	208	0	0.291517	0.087521
712.7809998989105	6.023368	208	0	0.307688	0.087521
714.7629997730255	6.023368	208	0	0.282709	0.087521
716.7629997730255	6.710832	156	0	0.24662	0.087521
718.7659997940063	6.875384	178	0	0.247891	0.087521
721.0120000839233	7.950256	166	0	0.106322	0.087521
723.0150001049042	11.438584	182	0	0.177256	0.087521
725.010999917984	9.680752	184	0	0.239405	0.087521
727.010999917984	9.680752	184	0	0.143891	0.087521
729.0120000839233	8.968408	190	0	0.138712	0.087521
731.0130000114441	8.968408	206	0	0.174112	0.087521
733.0120000839233	8.968408	196	0	0.140662	0.087521
735.0169999599457	8.968408	194	0	0.109774	0.087521
737.0320000648499	8.968408	194	0	0.11351	0.087521
739.0139999389648	8.915952	188	0	0.156854	0.087521
741.0099997520447	6.588064	188	0	0.161634	0.087521
743.0120000839233	10.443232	184	0	0.113022	0.087521
745.0120000839233	9.25776	184	0	0.125305	0.087521
747.0079998970032	2.352568	184	0	0.149322	0.087521
749.0139999389648	11.4128	190	0	0.159221	0.087521
751.0539999008179	7.983336	190	0	0.269004	0.087521
753.0120000839233	4.597872	4	0	0.311403	0.087521
755.0120000839233	9.741984	206	0	0.122231	0.087521
757.0130000114441	7.260728	206	0	0.332248	0.087521
759.0099997520447	9.242144	206	0	0.191262	0.087521
761.0130000114441	10.339296	202	0	0.175257	0.087521
763.0160000324249	8.82168	176	0	0.203822	0.087521
765.0269997119904	9.247488	178	0	0.124966	0.087521
767.0120000839233	8.983344	178	0	0.17593	0.087521
769.0120000839233	6.577584	178	0	0.175351	0.087521
771.0139999389648	10.103088	178	0	0.185683	0.087521
773.0160000324249	8.73988	182	0	0.175592	0.087521
775.0130000114441	5.094472	186	0	0.253576	0.087521
777.0120000839233	11.77744	188	0	0.148172	0.087521
779.0150001049042	7.50168	188	0	0.193451	0.087521
781.0139999389648	7.442656	188	0	0.306992	0.087521
783.0139999389648	9.201064	190	0	0.169752	0.087521
785.0189998149872	7.332368	190	0	0.381341	0.087521
787.0199999809265	5.664056	313	0	0.403441	0.087521
789.0150001049042	5.664056	200	0	0.156017	0.087521
791.0130000114441	11.069648	184	0	0.165184	0.087521
793.0130000114441	4.551056	184	0	0.141014	0.087521
795.0230000019073	7.167136	184	0	0.264407	0.087521
797.0120000839233	7.167136	184	0	0.214053	0.087521
799.0439999103546	7.167136	184	0	0.125926	0.087521
801.0139999389648	8.997208	176	0	0.12842	0.087521
803.0120000839233	9.996584	192	0	0.138066	0.087521
805.0120000839233	6.32848	192	0	0.206726	0.087521
807.0099997520447	10.987408	204	0	0.144391	0.087521
809.0480000972748	10.071104	204	0	0.171511	0.087521
811.0130000114441	7.578112	204	0	0.266555	0.087521
813.1080000400543	10.676288	204	0	0.142196	0.087521
815.0130000114441	11.815424	192	0	0.146848	0.087521
817.0139999389648	7.744624	200	0	0.161229	0.087521
819.0139999389648	9.503376	194	0	0.178895	0.087521
821.010999917984	12.015624	200	0	0.127073	0.087521
823.0130000114441	7.613304	200	0	0.195511	0.087521
825.0269997119904	9.288504	200	0	0.243224	0.087521
827.0139999389648	7.10608	180	0	0.139599	0.087521
829.0130000114441	10.174168	188	0	0.153396	0.087521
831.0160000324249	8.979728	188	0	0.23191	0.087521
833.0130000114441	10.534888	188	0	0.160661	0.087521
835.0139999389648	6.912736	188	0	0.222965	0.087521
837.0150001049042	5.480888	178	0	0.22934	0.087521
839.0139999389648	4.70644	130	0	0.424065	0.087521
841.0199999809265	6.266088	106	0	0.136703	0.087521
843.0230000019073	5.486272	106	0	0.10341	0.087521
845.0150001049042	5.5294	116	0	0.103923	0.087521
847.0150001049042	5.053544	130	0	0.118587	0.087521
849.0209999084473	7.891816	178	0	0.140107	0.087521
851.0130000114441	2.04188	178	0	0.277875	0.087521
853.0150001049042	5.054248	160	0	0.21488	0.087521
855.010999917984	6.513512	166	0	0.224399	0.087521
857.0310001373291	8.578544	166	0	0.139638	0.087521
859.0150001049042	8.578544	166	0	0.124794	0.087521
861.0239999294281	9.827736	196	0	0.118653	0.087521
863.0520000457764	7.961056	194	0	0.122348	0.087521
865.0160000324249	7.275872	190	0	0.275579	0.087521
867.010999917984	6.046784	190	0	0.341718	0.087521
869.0160000324249	8.358312	200	0	0.208685	0.08756
871.0199999809265	10.872624	200	0	0.176766	0.08756
873.0120000839233	9.955176	198	0	0.116532	0.08756
875.0130000114441	9.007088	192	0	0.143607	0.08756
877.0160000324249	10.188152	192	0	0.16024	0.08756
879.0130000114441	9.431064	190	0	0.194687	0.08756
881.0130000114441	3.857168	186	0	0.116111	0.08756
883.0139999389648	8.855744	180	0	0.154189	0.08756
885.0150001049042	8.309896	188	0	0.135163	0.08756
887.0150001049042	9.462912	182	0	0.202194	0.08756
889.0459997653961	7.412848	186	0	0.125707	0.08756
891.0150001049042	10.819656	186	0	0.161769	0.08756
893.0150001049042	12.075832	198	0	0.130542	0.08756
895.0160000324249	9.81088	184	0	0.118157	0.08756
897.0160000324249	9.134544	188	0	0.203059	0.087456
899.0150001049042	8.282928	188	0	0.135856	0.087456
901.0169999599457	9.226448	172	0	0.241104	0.087456
903.0139999389648	8.259856	156	0	0.114508	0.087456
905.0179998874664	10.319816	168	0	0.118072	0.087456
907.561999797821	7.122784	170	0	0.305608	0.087456
909.3589999675751	5.777016	176	41	0.257447	0.087456
911.0150001049042	9.453184	182	0	0.174145	0.087456
913.0150001049042	7.154272	190	0	0.210631	0.087456
915.3549997806549	0.720384	182	0	0.25754	0.087456
917.0139999389648	8.222616	182	0	0.239025	0.087456
919.0150001049042	9.7514	208	0	0.118464	0.087456
921.0139999389648	7.678384	208	0	0.278171	0.087456
923.0169999599457	7.551728	208	0	0.145344	0.087456
925.0239999294281	6.533296	164	0	0.16472	0.087456
927.0160000324249	10.156664	166	0	0.168953	0.087456
929.0160000324249	10.404936	4	0	0.147351	0.087456
931.0179998874664	9.131024	186	0	0.174181	0.087456
933.0230000019073	9.754328	180	0	0.127819	0.087456
935.0130000114441	9.810904	180	0	0.183495	0.087456
937.0139999389648	7.9578	180	0	0.20685	0.087456
939.0160000324249	9.260448	180	0	0.189532	0.087456
941.0150001049042	10.321952	186	0	0.128348	0.087456
943.0209999084473	9.314112	198	0	0.189434	0.087456
945.0130000114441	8.90924	198	0	0.208872	0.087456
947.0189998149872	9.674312	214	0	0.131096	0.087456
949.0139999389648	5.876448	210	0	0.220284	0.087456
951.0150001049042	11.3756	210	0	0.16994	0.087456
953.0329999923706	4.17044	208	0	0.558582	0.087456
955.0179998874664	3.089192	208	0	0.227618	0.087456
957.0139999389648	6.896944	208	0	0.192958	0.087456
959.0179998874664	9.162792	160	0	0.125493	0.087456
961.0139999389648	8.52848	162	0	0.127136	0.087456
963.0139999389648	6.529424	162	0	0.20783	0.087456
965.0230000019073	11.26492	180	0	0.115671	0.087456
967.0150001049042	8.774104	180	0	0.21021	0.087456
969.021999835968	10.962504	180	0	0.14027	0.087456
971.2649998664856	2.821632	184	0	0.15171	0.087456
973.2659997940063	6.84972	184	0	0.218684	0.087456
975.2109997272491	7.218168	176	0	0.153155	0.087456
977.2659997940063	8.85116	176	0	0.188479	0.087456
979.2659997940063	6.284176	176	0	0.277419	0.087456
981.2659997940063	7.321432	158	0	0.24271	0.087456
983.2669997215271	7.09312	158	0	0.241578	0.087456
985.2649998664856	9.32232	166	0	0.115471	0.087456
987.2679998874664	10.717216	178	0	0.139451	0.087456
989.2689998149872	5.254272	178	0	0.280947	0.087456
991.2659997940063	9.425008	178	0	0.162246	0.087456
993.2689998149872	10.530304	176	0	0.132657	0.087456
995.2659997940063	9.18852	172	0	0.190205	0.087456
997.2659997940063	10.622272	176	0	0.146399	0.087456
999.199000120163	9.343384	176	0	0.124183	0.087456
1001.2720000743866	10.7246	176	0	0.15774	0.087456
1003.2669997215271	9.564192	172	0	0.1204	0.087456
1005.2730000019073	11.30272	182	0	0.119462	0.087456
1007.2649998664856	9.932048	192	0	0.140978	0.087456
1009.2669997215271	11.2112	190	0	0.121568	0.087456
1011.2659997940063	7.805144	194	0	0.13799	0.087456
1013.2649998664856	10.163816	194	0	0.203846	0.087456
1015.2649998664856	4.335456	194	0	0.142315	0.087456
1017.2679998874664	4.037928	168	0	0.176552	0.087456
1019.2659997940063	9.17588	186	0	0.121547	0.087456
1021.2669997215271	9.365	186	0	0.205681	0.087456
1023.2019999027252	7.691448	186	0	0.130888	0.087456
1025.2679998874664	9.620792	174	0	0.159288	0.087456
1027.2679998874664	8.678976	180	0	0.109847	0.087456
1029.266999721527	9.314568	200	0	0.184943	0.087456
1031.2689998149872	9.150072	200	0	0.140715	0.087456
1033.266999721527	11.522328	200	0	0.131446	0.087456
1035.2689998149872	11.941072	194	0	0.193477	0.087456
1037.2649998664856	8.995784	194	0	0.151074	0.087456
1039.2659997940063	9.23652	194	0	0.167924	0.087456
1041.2689998149872	5.823456	192	0	0.419421	0.087456
1043.266999721527	3.274632	188	0	0.163252	0.087456
1045.2689998149872	3.8016	198	0	0.561283	0.087456
1047.2059998512268	5.289456	158	0	0.152732	0.087456
1049.2659997940063	9.541504	162	0	0.130893	0.087456
1051.2809998989105	9.523784	166	0	0.169868	0.087456
1053.2699999809265	9.61376	172	0	0.113222	0.087456
1055.2679998874664	8.211456	172	0	0.28295	0.087456
1057.266999721527	5.078	172	0	0.204621	0.087456
1059.2689998149872	8.533304	180	0	0.158819	0.087456
1061.2760000228882	8.670432	180	0	0.147354	0.087456
1063.266999721527	10.203112	208	0	0.152065	0.087456
1065.2699999809265	7.50848	206	0	0.224744	0.087456
1067.2649998664856	11.23532	206	0	0.139429	0.087456
1069.2689998149872	8.826896	192	0	0.164326	0.087456
1071.1709997653961	5.204872	192	0	0.205126	0.087456
1073.266999721527	5.435624	192	0	0.133638	0.087456
1075.279000043869	10.577304	184	0	0.132974	0.087456
1077.273999929428	8.065656	178	0	0.149289	0.087456
1079.2649998664856	8.256592	178	0	0.154061	0.087456
1081.2689998149872	8.932248	178	0	0.137812	0.087456
1083.2799999713898	10.42588	168	0	0.168047	0.087456
1085.2689998149872	9.199384	172	0	0.159008	0.087456
1087.2720000743866	7.81132	180	0	0.161097	0.087456
1089.2730000019073	9.866248	178	0	0.182477	0.087456
1091.2760000228882	9.889408	170	0	0.144086	0.087456
1093.2749998569489	9.074832	170	0	0.176674	0.087456
1095.180999994278	7.575096	168	0	0.134391	0.087456
1097.273999929428	7.907072	190	0	0.146505	0.087456
1099.266999721527	8.694936	190	0	0.247897	0.087456
1101.2859997749329	7.780184	190	0	0.135881	0.087456
1103.266999721527	11.239344	200	0	0.153238	0.087456
1105.266999721527	4.175632	200	0	0.182519	0.087456
1107.2760000228882	6.868864	254	0	0.214012	0.087456
1109.2689998149872	6.868864	254	0	0.251508	0.087456
1111.2720000743866	9.251984	188	0	0.135557	0.087456
1113.2089998722076	3.061296	178	0	0.560806	0.087456
1115.2749998569489	9.771792	182	0	0.20976	0.087456
1117.2699999809265	7.390312	172	0	0.132332	0.087456
1119.1899998188019	9.13952	174	0	0.119502	0.087456
1121.2699999809265	6.693544	194	0	0.233348	0.087456
1123.2699999809265	6.483408	194	0	0.268566	0.087456
1125.2400000095367	3.516544	154	0	0.158283	0.087456
1127.2659997940063	9.874744	160	0	0.165982	0.087456
1129.2699999809265	9.740592	182	0	0.159555	0.087456
1131.266999721527	10.032272	168	0	0.150549	0.087456
1133.279000043869	7.668936	182	0	0.130994	0.087456
1135.279000043869	10.581672	182	0	0.150374	0.087456
1137.2659997940063	8.634344	180	0	0.216839	0.087456
1139.2909998893738	11.292696	190	0	0.126359	0.087456
1141.2659997940063	6.934592	190	0	0.210068	0.087456
1143.204999923706	3.743728	168	0	0.199169	0.087456
1145.2689998149872	8.132344	180	0	0.149031	0.087456
1147.282999753952	8.80296	180	0	0.142717	0.087456
1149.276999950409	7.812776	180	0	0.215363	0.087456
1151.255000114441	8.55344	204	0	0.204288	0.087456
1153.2400000095367	7.863144	204	0	0.226842	0.087456
1155.4189999103546	7.702808	196	0	0.257115	0.087456
1157.2689998149872	8.755968	200	0	0.155534	0.087456
1159.2679998874664	8.725856	200	0	0.237487	0.087456
1161.2720000743866	8.210096	194	0	0.214369	0.087456
1163.2679998874664	8.848232	200	0	0.189368	0.087456
1165.2799999713898	7.971792	200	0	0.219716	0.087456
1167.276999950409	5.32788	174	0	0.189097	0.087456
1169.2720000743866	4.9156	174	0	0.263076	0.087456
1171.2720000743866	7.003896	174	0	0.301415	0.087456
1173.2659997940063	4.772944	146	0	0.202791	0.087456
1175.2799999713898	8.837792	156	0	0.112155	0.087456
1177.266999721527	7.222232	156	0	0.131439	0.087456
1179.2720000743866	9.488696	162	0	0.138243	0.087456
1181.279000043869	10.201848	168	0	0.128119	0.087456
1183.2689998149872	12.375664	196	0	0.15102	0.087456
1185.2710001468658	9.438416	196	0	0.23398	0.087456
1187.2659997940063	8.595992	198	0	0.136624	0.087456
1189.2699999809265	8.595992	198	0	0.133832	0.087456
1191.2689998149872	8.595992	198	0	0.120327	0.087456
1193.2720000743866	8.595992	198	0	0.111036	0.087456
1195.2730000019073	8.595992	198	0	0.127747	0.087456
1197.2699999809265	10.795816	180	0	0.131475	0.087459
1199.2679998874664	2.407928	178	0	0.269149	0.087459
1201.279000043869	10.663616	178	0	0.143352	0.087459
1203.2799999713898	10.288968	180	0	0.112951	0.087459
1205.2699999809265	9.471928	180	0	0.211267	0.087459
1207.2689998149872	9.017224	180	0	0.145697	0.087459
1209.2720000743866	7.94828	184	0	0.191459	0.087459
1211.2809998989105	4.184312	184	0	0.166526	0.087459
1213.2699999809265	6.308536	178	0	0.213653	0.087459
1215.2689998149872	7.070704	178	0	0.169224	0.087459
1217.2760000228882	8.860824	170	0	0.21711	0.087459
1219.2760000228882	5.820328	170	0	0.283944	0.087459
1221.2710001468658	6.44504	168	0	0.169093	0.087459
1223.5190000534058	6.44504	168	0	0.14085	0.087459
1225.523999929428	8.217336	164	0	0.121985	0.087459
1227.5190000534058	11.114872	186	0	0.143782	0.087459
1229.4499998092651	3.63132	186	0	0.172061	0.087459
1231.526999950409	8.846008	186	0	0.150649	0.087459
1233.5199999809265	11.642008	186	0	0.18569	0.087459
1235.5199999809265	8.760288	186	0	0.159461	0.087459
1237.5199999809265	7.955688	194	0	0.136847	0.087459
1239.5199999809265	8.121784	148	0	0.14133	0.087459
1241.5169999599457	8.967968	174	0	0.112717	0.087459
1243.5199999809265	10.005696	174	0	0.156794	0.087459
1245.5279998779297	2.66916	188	0	0.116786	0.087459
1247.5199999809265	7.967184	188	0	0.282567	0.087459
1249.5329999923706	7.82276	172	0	0.154989	0.087459
1251.521999835968	6.242784	160	0	0.225442	0.087459
1253.4360001087189	7.37384	170	0	0.14	0.087459
1255.521999835968	9.180248	176	0	0.208361	0.087459
1257.5209999084473	9.2128	186	0	0.215046	0.087459
1259.5179998874664	8.024992	4	0	0.204677	0.087459
1261.5190000534058	9.19468	178	0	0.210209	0.087459
1263.5179998874664	8.26448	192	0	0.209413	0.087459
1265.5320000648499	10.212016	192	0	0.171721	0.087459
1267.5169999599457	8.054648	174	0	0.224037	0.087459
1269.5199999809265	7.064816	172	0	0.175578	0.087459
1271.5409998893738	9.386	170	0	0.215141	0.087459
1273.5229997634888	9.877736	316	0	0.259647	0.087459
1275.5179998874664	8.033872	188	0	0.259647	0.087459
1277.6640000343323	6.936624	192	1	0.208412	0.087459
1280.0969998836517	7.069488	180	0	0.21226	0.087459
1282.146999835968	8.605504	178	0	0.131094	0.087459
1283.5190000534058	10.028024	204	0	0.135314	0.087459
1285.526999950409	9.874944	212	0	0.216222	0.087459
1287.5199999809265	9.867488	214	0	0.148127	0.087459
1289.5249998569489	6.671432	214	0	0.164193	0.087459
1291.5179998874664	6.671432	214	0	0.142651	0.087459
1293.7499997615814	9.24292	206	28	0.175876	0.087459
1295.5179998874664	6.9928	206	0	0.266201	0.087459
1297.521999835968	9.158192	194	0	0.133089	0.087459
1299.5369999408722	4.05948	180	0	0.262819	0.087459
1301.4619998931885	10.284392	180	0	0.134541	0.087459
1303.5199999809265	7.701976	180	0	0.185022	0.087459
1305.5199999809265	8.590976	180	0	0.165028	0.087459
1307.5229997634888	6.180896	164	0	0.200731	0.087459
1309.529000043869	7.933488	158	0	0.11952	0.087459
1311.5199999809265	9.953536	170	0	0.118231	0.087459
1313.5190000534058	8.643224	170	0	0.233057	0.087459
1315.521999835968	8.177656	206	0	0.157537	0.087459
1317.521999835968	7.280504	206	0	0.312252	0.087459
1319.5209999084473	7.970224	4	0	0.280694	0.087459
1321.5179998874664	4.281776	204	0	0.143598	0.087459
1323.521999835968	11.645752	198	0	0.18681	0.087459
1325.4339997768402	8.968016	198	0	0.132371	0.087459
1327.526999950409	8.624728	198	0	0.164998	0.087459
1329.5190000534058	7.043864	164	0	0.236372	0.087459
1331.5229997634888	6.764808	166	0	0.125708	0.087459
1333.5209999084473	8.987968	178	0	0.130812	0.087459
1335.5209999084473	7.393296	176	0	0.122386	0.087459
1337.5199999809265	6.940096	174	0	0.169462	0.087459
1339.521999835968	6.688216	170	0	0.182014	0.087459
1341.5259997844696	5.413704	154	0	0.282982	0.087459
1343.523999929428	3.752704	172	0	0.138081	0.087459
1345.5190000534058	6.66052	170	0	0.107381	0.087459
1347.5249998569489	9.725928	168	0	0.158838	0.087459
1349.4429998397827	8.248224	170	0	0.152242	0.087459
1351.521999835968	10.816144	176	0	0.123811	0.087459
1353.5249998569489	2.539376	176	0	0.667198	0.087459
1355.521999835968	8.000544	196	0	0.161878	0.087459
1357.5190000534058	9.823048	228	0	0.233706	0.087459
1359.5199999809265	9.89832	200	0	0.156647	0.087459
1361.5199999809265	9.571912	174	0	0.212107	0.087459
1363.523999929428	9.211416	172	0	0.135575	0.087459
1365.521999835968	5.191384	164	0	0.209881	0.087459
1367.5190000534058	9.136152	160	0	0.171689	0.087459
1369.5209999084473	7.287232	160	0	0.116889	0.087459
1371.5320000648499	7.466	160	0	0.141694	0.087459
1373.5229997634888	6.998648	160	0	0.208123	0.087459
1375.5590000152588	6.522904	146	0	0.260315	0.087459
1377.5199999809265	8.311256	148	0	0.112736	0.087459
1379.5229997634888	8.679024	148	0	0.108775	0.087459
1381.5320000648499	8.870864	164	0	0.106913	0.087459
1383.521999835968	3.772704	164	0	0.147964	0.087459
1385.521999835968	9.483912	170	0	0.140911	0.087459
1387.5259997844696	8.239712	170	0	0.174975	0.087459
1389.523999929428	6.119024	168	0	0.136501	0.087459
1391.5229997634888	6.372648	158	0	0.162341	0.087459
1393.5229997634888	9.954368	162	0	0.133843	0.087459
1395.521999835968	6.124912	162	0	0.181636	0.087459
1397.5259997844696	9.046536	158	4	0.157204	0.087459
1399.5190000534058	9.581904	158	0	0.141717	0.087459
1401.523999929428	6.970568	158	0	0.238142	0.087459
1403.521999835968	9.286504	166	0	0.131844	0.087459
1405.529000043869	7.68248	170	0	0.171363	0.087459
1407.5339999198914	9.422736	168	0	0.124429	0.087459
1409.5229997634888	6.724232	168	0	0.165112	0.087459
1411.5229997634888	8.739712	178	0	0.144061	0.087459
1413.523999929428	6.322528	178	0	0.211161	0.087459
1415.5229997634888	10.149864	178	0	0.137266	0.087459
1417.521999835968	7.339408	170	0	0.158076	0.087459
1419.5229997634888	8.588416	220	0	0.180412	0.087459
1421.5199999809265	10.334736	180	0	0.127386	0.087459
1423.5350000858307	7.597864	198	0	0.138666	0.087459
1425.5339999198914	7.213744	198	0	0.302304	0.087459
1427.5190000534058	8.551808	192	0	0.138449	0.087459
1429.8059997558594	7.801648	188	0	0.206372	0.087459
1431.7750000953674	7.999232	180	0	0.186993	0.087459
1433.7720000743866	7.682168	180	0	0.141632	0.087459
1435.7750000953674	7.368344	162	0	0.226802	0.087459
1437.7720000743866	7.80536	166	0	0.15577	0.087459
1439.7730000019073	7.058392	214	0	0.22702	0.087459
1441.776999950409	10.908624	202	0	0.142512	0.087459
1443.7699999809265	11.7194	202	0	0.182891	0.087459
1445.773999929428	9.310416	202	0	0.155381	0.087459
1447.773999929428	8.6434	196	0	0.245406	0.087459
1449.7779998779297	5.878776	196	0	0.280901	0.087459
1451.7720000743866	4.463232	184	0	0.160682	0.087459
1453.7819998264313	8.376144	182	0	0.221496	0.087459
1455.7730000019073	8.754096	182	0	0.139599	0.087459
1457.7720000743866	10.022488	182	0	0.143573	0.087459
1459.7750000953674	6.55496	170	0	0.226584	0.087459
1461.7730000019073	9.747584	170	0	0.18721	0.087459
1463.7720000743866	8.438528	170	0	0.15531	0.087459
1465.7789998054504	6.705392	170	0	0.125109	0.087459
1467.773999929428	8.718608	170	0	0.199976	0.087459
1469.7910001277924	10.31432	170	0	0.191063	0.087459
1471.7809998989105	5.801856	166	0	0.302661	0.087459
1473.7799999713898	9.13168	166	0	0.185005	0.087459
1475.773999929428	8.947224	176	0	0.159499	0.087459
1477.7809998989105	7.153864	202	0	0.322078	0.087642
1479.773999929428	8.269056	176	0	0.129828	0.087642
1481.7779998779297	6.372576	174	0	0.153237	0.087642
1483.789999961853	8.415848	174	0	0.169123	0.087642
1485.7750000953674	7.576504	174	0	0.255548	0.087642
1487.7809998989105	9.482552	174	0	0.177936	0.087642
1489.7720000743866	6.549176	170	0	0.15627	0.087642
1491.7760000228882	7.93732	172	0	0.117175	0.087642
1493.776999950409	3.828744	170	0	0.2357	0.087642
1495.7709999084473	5.777136	170	0	0.289996	0.087642
1497.7789998054504	10.47684	176	0	0.15022	0.087642
1499.7720000743866	9.569328	176	0	0.133192	0.087642
1501.7819998264313	5.609008	176	0	0.31278	0.087642
1503.7779998779297	8.978704	176	0	0.133903	0.087642
1505.7750000953674	9.127472	182	0	0.130193	0.087642
1507.7890000343323	8.74952	182	0	0.181403	0.087642
1509.7949998378754	7.23096	182	0	0.225782	0.087642
1511.773999929428	8.353056	182	0	0.264276	0.087642
1513.7750000953674	7.140928	166	0	0.154102	0.087642
1515.7730000019073	8.371264	158	0	0.181936	0.087642
1517.773999929428	6.610312	158	0	0.240303	0.087642
1519.773999929428	6.737928	158	0	0.194921	0.087642
1521.7750000953674	7.972696	166	0	0.128445	0.087642
1523.7730000019073	8.86724	164	0	0.125361	0.087642
1525.784999847412	7.814432	164	0	0.198785	0.087642
1527.7730000019073	5.609248	164	0	0.181527	0.087642
1529.7730000019073	10.113576	174	0	0.13542	0.087642
1531.7760000228882	10.232416	174	0	0.170529	0.087642
1533.7779998779297	2.774088	174	0	0.463904	0.087642
1535.773999929428	8.4684	174	0	0.220132	0.087642
1537.7760000228882	8.380544	166	0	0.125193	0.087642
1539.7730000019073	6.134968	154	0	0.174899	0.087642
1541.7699999809265	7.43256	166	0	0.123787	0.087642
1543.7789998054504	8.61032	168	0	0.129158	0.087642
1545.7829999923706	7.88484	172	0	0.204363	0.087642
1547.7779998779297	7.679272	172	0	0.174528	0.087642
1549.7730000019073	6.654688	182	0	0.302448	0.087642
1551.7779998779297	11.496096	184	0	0.151291	0.087642
1553.7720000743866	8.338	184	0	0.182035	0.087642
1555.7779998779297	9.397224	184	0	0.125176	0.087642
1557.7750000953674	10.546696	184	0	0.199648	0.087642
1559.7730000019073	9.597184	184	0	0.182134	0.087642
1561.7720000743866	3.91936	166	0	0.159692	0.087642
1563.7730000019073	5.920488	144	0	0.148243	0.087642
1565.773999929428	6.405488	144	0	0.127849	0.087642
1567.7829999923706	7.5798	148	0	0.15223	0.087642
1569.776999950409	8.738224	174	0	0.20168	0.087642
1571.7809998989105	8.145144	174	0	0.187638	0.087642
1573.7839999198914	8.370336	4	0	0.189966	0.087642
1575.7750000953674	6.046904	164	0	0.215652	0.087642
1577.773999929428	5.168808	164	0	0.135576	0.087642
1579.7799999713898	9.166304	168	0	0.215327	0.087642
1581.7730000019073	9.053752	170	0	0.117885	0.087642
1583.7809998989105	7.789296	170	0	0.208402	0.087642
1585.773999929428	6.0806	188	0	0.343224	0.087642
1587.7750000953674	7.563552	168	0	0.139251	0.087642
1589.773999929428	9.65776	172	0	0.148137	0.087642
1591.7720000743866	9.756656	172	0	0.138743	0.087642
1593.7750000953674	9.82008	170	0	0.121155	0.087642
1595.773999929428	8.52548	168	0	0.184262	0.087642
1597.7979998588562	8.832432	170	0	0.155246	0.087642
1599.7750000953674	6.018432	170	0	0.150924	0.087642
1601.7760000228882	9.631016	170	0	0.196119	0.087642
1603.7960000038147	9.416936	172	0	0.177537	0.087642
1605.7789998054504	8.792088	172	0	0.191295	0.087642
1607.7750000953674	9.690072	170	0	0.177789	0.087642
1609.7750000953674	9.650992	184	0	0.200001	0.087642
1611.7789998054504	1.300136	184	0	0.602273	0.087642
1613.773999929428	10.944368	226	0	0.16249	0.087642
1615.773999929428	7.581544	226	0	0.278538	0.087642
1617.7779998779297	11.169968	208	0	0.169817	0.087642
1619.7750000953674	8.127616	188	0	0.137018	0.087642
1621.7750000953674	4.709632	186	0	0.39187	0.087642
1623.7760000228882	3.39144	186	0	0.225196	0.087841
1625.773999929428	9.775184	184	0	0.169585	0.087841
1627.776999950409	11.070768	194	0	0.161881	0.087841
1629.7779998779297	8.045312	220	0	0.311526	0.087841
1631.7779998779297	8.885208	202	0	0.15403	0.087841
1633.7760000228882	9.906528	194	0	0.123128	0.087841
1635.7809998989105	9.495336	176	0	0.146205	0.087841
1637.776999950409	5.666728	176	0	0.155907	0.087841
1639.8929998874664	2.30304	154	0	0.203191	0.087841
1642.143000125885	2.618024	108	0	0.145533	0.087808
1644.25200009346	1.237328	108	0	0.156054	0.087808
1645.9110000133514	4.923264	96	0	0.117652	0.087808
1647.7760000228882	5.1488	114	0	0.111922	0.087808
1649.8419997692108	9.198136	150	0	0.112421	0.087808
1651.7760000228882	5.900304	150	0	0.265097	0.087808
1653.7839999198914	6.218536	146	0	0.210485	0.087808
1655.784999847412	9.644312	164	0	0.139461	0.087808
1657.776999950409	5.940688	164	0	0.197468	0.087808
1659.7779998779297	4.216432	132	0	0.255827	0.087808
1661.7750000953674	7.251976	146	0	0.122227	0.087808
1663.7809998989105	9.2116	158	0	0.164836	0.087808
1665.7760000228882	7.406336	158	0	0.232375	0.087808
1667.7730000019073	11.414432	181	0	0.157921	0.087808
1669.776999950409	5.263384	182	0	0.18294	0.087808
1671.776999950409	5.336304	164	0	0.128083	0.087808
1673.7750000953674	5.758848	170	0	0.319754	0.087808
1675.7829999923706	4.984528	160	0	0.181724	0.087808
1677.776999950409	6.4572	146	0	0.245164	0.087808
1680.023999929428	6.743128	146	0	0.260097	0.087808
1682.0259997844696	9.296008	166	0	0.136422	0.087808
1684.0269997119904	1.959584	166	0	0.197106	0.087808
1686.0249998569489	9.078408	156	0	0.131651	0.087808
1688.0249998569489	8.718672	166	0	0.141511	0.087808
1690.031000137329	8.950032	166	0	0.194209	0.087808
1692.029000043869	4.1104	180	0	0.33166	0.087808
1694.0259997844696	7.973072	164	0	0.235835	0.087808
1696.0249998569489	5.201456	162	0	0.238547	0.087808
1698.0419998168945	7.89028	158	0	0.196658	0.087808
1699.9679999351501	7.491936	150	0	0.12561	0.087808
1702.0259997844696	7.447032	148	0	0.140538	0.087808
1704.0259997844696	7.540552	168	0	0.137096	0.087808
1706.050999879837	8.910304	168	0	0.115761	0.087808
1708.0259997844696	7.668456	186	0	0.19549	0.087808
1710.8619997501373	4.608448	186	51	0.373145	0.087808
1712.0609998703003	5.194488	122	0	0.333406	0.087808
1714.1929998397827	2.286872	132	0	0.164075	0.087808
1716.4370000362396	5.107728	130	40	0.302868	0.087808
1717.9159998893738	7.988312	142	0	0.176645	0.087808
1720.0729999542236	4.665416	142	0	0.186251	0.087808
1722.079999923706	4.261928	142	0	0.377007	0.087808
1723.9800000190735	4.65644	128	0	0.151426	0.087808
1726.0269997119904	7.347016	146	0	0.112018	0.087808
1728.0299999713898	7.967744	156	0	0.165237	0.087808
1730.034999847412	5.888384	166	0	0.227964	0.087808
1732.0339999198914	4.362136	166	0	0.397409	0.087808
1734.2689998149872	8.962608	188	40	0.134741	0.087808
1736.5030000209808	2.515104	174	0	0.238731	0.087808
1738.0279998779297	7.753952	168	0	0.152567	0.087808
1740.0369999408722	7.177712	206	0	0.146646	0.087808
1742.031000137329	9.154088	218	0	0.184688	0.087808
1744.029000043869	7.45624	166	0	0.157043	0.087808
1746.0269997119904	8.032008	176	0	0.187582	0.087808
1747.9400000572205	10.98224	184	0	0.118613	0.087808
1750.0299999713898	5.175024	204	0	0.343728	0.087808
1752.0459997653961	6.647992	172	0	0.148796	0.087808
1754.029000043869	8.845864	190	0	0.182906	0.087808
1755.9219999313354	5.384528	188	0	0.194391	0.087808
1758.0269997119904	8.68996	162	0	0.162126	0.087808
1760.023999929428	8.509848	178	0	0.21289	0.087808
1762.0429997444153	6.429256	178	0	0.316153	0.087808
1764.0299999713898	8.28412	178	0	0.215579	0.087808
1766.0269997119904	7.664696	210	0	0.296806	0.087808
1768.023999929428	8.628936	180	0	0.126998	0.087808
1770.0320000648499	9.952896	202	0	0.138555	0.087808
1773.0269997119904	3.597816	206	0	0.59949	0.087808
1775.1149997711182	10.168368	182	0	0.129069	0.087808
1776.8450000286102	4.597848	178	0	0.201821	0.087808
1779.9939999580383	10.86604	202	0	0.163239	0.087808
1781.3719999790192	8.46252	202	0	0.164781	0.087808
1785.2779998779297	9.984016	170	9	0.190668	0.087808
1787.457999944687	6.673184	170	0	0.260495	0.087808
1788.3609998226166	7.131496	174	0	0.133205	0.087808
1789.4570000171661	10.292992	188	8	0.190129	0.087808
1790.2360000610352	7.171728	188	0	0.259272	0.087808
1792.029000043869	9.7466	188	0	0.161749	0.087808
1794.029000043869	6.310248	182	0	0.133715	0.087808
1796.6059999465942	4.929816	4	16	0.402045	0.087808
1800.4089999198914	7.44596	174	0	0.208587	0.087808
1801.3519999980927	8.250544	172	0	0.128439	0.087808
1802.0	11.037752	178	18	0.178815	0.087808
1804.0269997119904	2.317704	178	0	0.315849	0.087808
1806.0279998779297	8.943008	184	0	0.166565	0.087808
1808.031000137329	7.997768	184	0	0.178153	0.087808
1810.0320000648499	9.20868	186	0	0.180883	0.087808
1812.0259997844696	7.926936	186	0	0.15567	0.087808
1814.034999847412	9.728864	196	0	0.145224	0.087808
1816.0369999408722	10.034512	194	0	0.13413	0.087808
1818.0269997119904	4.914464	188	0	0.19975	0.087808
1819.9899997711182	9.931408	172	0	0.129115	0.087808
1822.029000043869	9.746552	170	0	0.161957	0.087808
1824.0369999408722	9.365144	176	0	0.140321	0.087808
1826.0320000648499	2.356816	176	0	0.145434	0.087808
1828.031000137329	6.898712	202	0	0.156122	0.087808
1830.029000043869	11.965416	210	0	0.152999	0.087808
1832.0279998779297	6.538192	210	0	0.169155	0.087808
1834.0429997444153	2.950744	210	0	0.632302	0.087808
1836.0259997844696	8.909272	210	0	0.186015	0.087808
1838.0279998779297	4.674832	184	0	0.261627	0.087808
1840.0279998779297	9.607208	184	0	0.131142	0.087808
1842.0279998779297	5.966528	176	0	0.224435	0.087808
1843.9709997177124	8.738552	156	0	0.122068	0.087808
1846.0259997844696	7.913448	154	0	0.225355	0.087808
1848.0299999713898	9.784024	158	0	0.139637	0.087808
1850.029000043869	7.798992	158	0	0.153954	0.087808
1852.0529999732971	6.177144	158	0	0.17481	0.087808
1854.029000043869	10.842984	178	0	0.144058	0.087808
1856.0249998569489	10.110496	212	0	0.264787	0.087808
1858.0299999713898	9.343672	188	0	0.138353	0.087808
1860.0269997119904	7.611472	188	0	0.156934	0.087808
1862.029000043869	8.708256	182	0	0.182479	0.087808
1864.0269997119904	3.861232	182	0	0.359366	0.087808
1866.0419998168945	9.79508	176	0	0.178739	0.087808
1868.0269997119904	9.95736	182	0	0.124149	0.087808
1870.034999847412	10.286104	180	0	0.160716	0.087808
1872.0299999713898	7.91432	180	0	0.231888	0.087808
1874.0269997119904	9.475048	178	0	0.133074	0.087808
1876.029000043869	11.268104	182	0	0.121062	0.087808
1878.029000043869	4.93908	182	0	0.16182	0.087808
1880.0279998779297	8.745816	190	0	0.138427	0.087808
1882.0299999713898	12.134048	192	0	0.207661	0.087717
1884.0279998779297	6.227864	192	0	0.31731	0.087717
1886.029000043869	8.933656	192	0	0.211526	0.087717
1888.0880000591278	7.766784	192	0	0.128469	0.087717
1890.0449998378754	7.2274	174	0	0.21299	0.087717
1892.0279998779297	3.793128	188	0	0.200932	0.087717
1894.0409998893738	2.710032	176	0	0.518002	0.087717
1896.0299999713898	7.361944	176	0	0.23883	0.087717
1898.0279998779297	5.26	184	0	0.124883	0.087717
1900.031000137329	8.903312	184	0	0.211116	0.087717
1902.0390000343323	9.274256	184	0	0.12797	0.087717
1904.0279998779297	9.67728	176	0	0.182653	0.087717
1906.029000043869	9.143624	176	0	0.167011	0.087717
1908.0279998779297	10.45436	4	0	0.120889	0.087717
1910.029000043869	11.000944	180	0	0.165263	0.087717
1912.0269997119904	5.689944	180	0	0.181254	0.087717
1914.037999868393	7.056728	182	0	0.149835	0.087717
1916.0429997444153	6.60736	182	0	0.166653	0.087717
1918.029000043869	8.794952	182	0	0.222555	0.087717
1920.0329999923706	8.050432	160	0	0.142406	0.087717
1922.0269997119904	7.931208	154	0	0.118478	0.087717
1924.0299999713898	2.94428	150	0	0.637503	0.087717
1926.0279998779297	8.502888	158	0	0.117265	0.087717
1928.2779998779297	8.78224	170	0	0.112072	0.087717
1930.2779998779297	8.149488	170	0	0.240715	0.087717
1932.2839999198914	9.924192	170	0	0.176531	0.087717
1934.279000043869	9.251256	170	0	0.110036	0.087717
1936.2960000038147	6.6864	174	0	0.123009	0.087717
1938.2890000343323	7.392632	174	0	0.178596	0.087717
1940.282999753952	11.16636	188	0	0.122631	0.087717
1942.2799999713898	9.75784	188	0	0.203049	0.087717
1944.282999753952	6.588248	178	0	0.213344	0.087717
1946.2809998989105	7.67524	170	0	0.144911	0.087717
1948.2779998779297	10.200208	170	0	0.198164	0.087717
1950.2779998779297	6.102992	164	0	0.123288	0.087717
1952.279000043869	8.502776	164	0	0.1379	0.087717
1954.2890000343323	7.039256	176	0	0.134471	0.087717
1956.2819998264313	8.445736	176	0	0.244461	0.087717
1958.2819998264313	6.272832	176	0	0.197415	0.087717
1960.276999950409	7.837576	166	0	0.129953	0.087717
1962.2809998989105	8.668576	168	0	0.133308	0.087717
1964.2839999198914	8.105936	172	0	0.1175	0.087717
1966.2799999713898	7.722296	172	0	0.238775	0.087717
1968.282999753952	8.416728	172	0	0.134701	0.087717
1970.279000043869	4.241072	172	0	0.196571	0.087717
1972.279000043869	6.657336	196	0	0.175734	0.087717
1974.2819998264313	1.870288	140	0	0.115619	0.087717
1976.2819998264313	3.88768	164	0	0.278435	0.087717
1978.2799999713898	8.382184	164	0	0.169752	0.087717
1980.2799999713898	8.989448	164	0	0.196432	0.087717
1982.279000043869	8.702008	166	0	0.150176	0.087717
1984.279000043869	6.07496	166	0	0.228552	0.087717
1986.2799999713898	9.253784	172	0	0.177546	0.087717
1988.2809998989105	10.049832	178	0	0.126926	0.087717
1990.282999753952	8.735032	178	0	0.221459	0.087717
1992.2939999103546	8.8512	178	0	0.200972	0.087717
1994.2779998779297	9.18988	184	0	0.168843	0.087717
1996.282999753952	7.106768	182	0	0.20048	0.087717
1998.2809998989105	7.181056	170	0	0.138384	0.087717
2000.2819998264313	9.55312	194	0	0.150606	0.087717
2002.282999753952	9.1824	194	0	0.213766	0.087717
2004.2809998989105	8.730104	170	0	0.231045	0.087717
2006.3019998073578	7.33164	166	0	0.134672	0.087717
2008.2809998989105	3.261648	166	0	0.129075	0.087717
2010.2880001068115	10.45052	174	0	0.163563	0.087717
2012.2809998989105	7.355048	174	0	0.151247	0.087717
2015.1289999485016	7.683448	131	0	0.134608	0.087717
2016.175999879837	6.60972	160	0	0.192859	0.087717
2018.2799999713898	8.21968	176	0	0.168852	0.087717
2020.292000055313	10.24972	176	0	0.207477	0.087717
2022.284999847412	9.034296	174	0	0.134779	0.087717
2024.2799999713898	5.998944	174	0	0.335495	0.087717
2026.279000043869	6.615176	174	0	0.189327	0.087717
2028.284999847412	7.120656	188	0	0.214903	0.087717
2030.2799999713898	7.3718	184	0	0.332158	0.087717
2032.2809998989105	10.623312	186	0	0.133266	0.087717
2034.2819998264313	9.821656	188	0	0.167519	0.087717
2036.2819998264313	8.713928	192	0	0.141522	0.087717
2038.279000043869	11.760896	194	0	0.142801	0.087717
2040.279000043869	8.007968	194	0	0.269193	0.087717
2042.2809998989105	10.319264	194	0	0.205277	0.087717
2044.2819998264313	9.307728	168	0	0.19304	0.087717
2046.2819998264313	4.885568	176	0	0.14584	0.087717
2048.279000043869	9.509728	178	0	0.119441	0.087717
2050.279000043869	10.482984	188	0	0.142684	0.087717
2052.2819998264313	9.050304	188	0	0.20314	0.087717
2054.2799999713898	9.75504	196	0	0.161921	0.087717
2056.285999774933	7.201096	198	0	0.152252	0.087717
2058.2839999198914	11.103688	198	0	0.188267	0.087717
2060.2880001068115	10.719584	200	0	0.182212	0.087717
2062.2809998989105	6.670264	184	0	0.243069	0.087717
2064.2819998264313	8.336808	168	0	0.189722	0.087717
2066.282999753952	8.122256	178	0	0.158237	0.087717
2068.284999847412	9.245896	178	0	0.180814	0.087717
2070.2819998264313	6.52324	182	0	0.12512	0.087717
2072.2819998264313	9.327376	182	0	0.146189	0.087717
2074.282999753952	7.32352	172	0	0.195156	0.087717
2076.2809998989105	9.927128	178	0	0.138707	0.087717
2078.2819998264313	7.580336	202	0	0.2435	0.087717
2080.2839999198914	7.732344	198	0	0.31875	0.087717
2082.2809998989105	10.819776	210	0	0.140161	0.087717
2084.284999847412	8.354472	210	0	0.134107	0.087717
2086.3469998836517	8.677888	210	0	0.246627	0.087717
2088.282999753952	4.247056	184	0	0.289579	0.087717
2090.2819998264313	9.03484	188	0	0.200578	0.087717
2092.2819998264313	8.981784	188	0	0.211706	0.087717
2094.284999847412	8.542696	188	0	0.168835	0.087717
2096.2819998264313	10.849912	184	0	0.135143	0.087717
2098.282999753952	7.721296	184	0	0.167653	0.087717
2100.2839999198914	7.472608	184	0	0.271195	0.087717
2102.2819998264313	8.552792	184	0	0.131897	0.087717
2104.3179998397827	4.733408	186	0	0.1496	0.087717
2106.284999847412	9.969224	192	0	0.146831	0.087717
2108.2809998989105	9.778368	192	0	0.142652	0.087717
2110.2819998264313	6.502648	200	0	0.230547	0.087717
2112.2839999198914	8.491624	200	0	0.217301	0.087717
2114.2999999523163	9.812008	216	0	0.127307	0.087717
2116.2819998264313	1.528432	216	0	0.376656	0.087717
2118.2819998264313	7.712672	234	0	0.243922	0.087717
2120.284999847412	7.662672	158	0	0.128615	0.087717
2122.2839999198914	9.432608	184	0	0.145575	0.087717
2124.2839999198914	5.46188	184	0	0.302237	0.087717
2126.282999753952	11.234888	184	0	0.147542	0.087717
2128.282999753952	8.933792	180	0	0.121329	0.087717
2130.284999847412	8.369688	180	0	0.178265	0.087717
2132.284999847412	9.091128	184	0	0.157547	0.087717
2134.2839999198914	10.189864	182	0	0.128944	0.087717
2136.284999847412	3.136296	182	0	0.318043	0.087717
2138.5329999923706	8.10216	182	0	0.246479	0.087717
2140.53200006485	6.696	170	0	0.329988	0.087717
2142.5309998989105	5.634984	170	0	0.174556	0.087717
2144.5389997959137	3.940672	170	0	0.176375	0.087717
2146.4560000896454	8.484032	178	0	0.153034	0.087717
2148.53200006485	9.149728	166	0	0.176114	0.087717
2150.5309998989105	6.874928	172	0	0.132659	0.087717
2152.5339999198914	9.732664	172	0	0.122263	0.087717
2154.5439999103546	8.778104	174	0	0.20156	0.087717
2156.5299999713898	9.088792	174	0	0.158427	0.087717
2158.536999940872	9.767048	196	0	0.164511	0.087717
2160.5350000858307	7.930888	196	0	0.217213	0.087717
2162.5750000476837	9.486064	202	0	0.117088	0.087717
2164.5350000858307	6.816584	192	0	0.191973	0.087717
2166.5350000858307	8.828576	170	0	0.110633	0.087717
2168.53200006485	9.858096	174	0	0.164549	0.087717
2170.4939999580383	8.757472	184	0	0.146162	0.087717
2172.5329999923706	7.364776	184	0	0.123951	0.087717
2174.5329999923706	10.443128	178	0	0.199866	0.087717
2176.53200006485	1.229952	178	0	0.297426	0.087717
2178.536999940872	8.638944	178	0	0.22271	0.087717
2180.5329999923706	10.63716	176	0	0.131219	0.087717
2182.5439999103546	5.965408	176	0	0.229439	0.087819
2184.546999692917	8.28908	174	0	0.215879	0.087819
2186.5339999198914	5.025304	174	0	0.31534	0.087819
2188.5339999198914	6.443896	184	0	0.150072	0.087819
2190.5419998168945	7.033096	186	0	0.126085	0.087819
2192.5360000133514	6.975296	184	0	0.149376	0.087819
2194.476000070572	4.277056	184	0	0.169051	0.087819
2196.5339999198914	8.871336	184	0	0.186719	0.087819
2198.53200006485	8.734088	174	0	0.187639	0.087819
2200.5329999923706	9.49788	174	0	0.130504	0.087819
2202.5350000858307	9.221872	166	0	0.267436	0.087819
2204.5339999198914	8.472592	166	0	0.128861	0.087819
2206.5329999923706	7.598064	164	0	0.129798	0.087819
2208.5389997959137	6.98364	174	0	0.261309	0.087819
2210.5329999923706	10.88632	174	0	0.133319	0.087801
2212.5449998378754	6.012552	174	0	0.384322	0.087801
2214.5579998493195	5.12668	174	0	0.221784	0.087801
2216.5520000457764	3.1336	174	0	0.578969	0.087801
2218.473999977112	10.421776	178	0	0.12651	0.087801
2220.5339999198914	8.09092	186	0	0.138199	0.087801
2222.5339999198914	6.263448	140	0	0.186633	0.087801
2224.5360000133514	7.559872	148	0	0.196992	0.087801
2226.5339999198914	7.878648	152	0	0.179465	0.087801
2228.540999889374	8.581848	158	0	0.128357	0.087801
2230.5329999923706	9.200864	166	0	0.105008	0.087801
2232.5339999198914	5.11896	172	0	0.115769	0.087801
2234.5339999198914	10.519456	176	0	0.16308	0.087801
2236.5339999198914	8.224184	176	0	0.209858	0.087801
2238.5339999198914	6.54044	176	0	0.260955	0.087801
2240.5360000133514	6.223312	178	0	0.170766	0.087801
2242.4749999046326	10.59692	202	0	0.160172	0.087801
2244.562999725342	7.320696	204	0	0.153996	0.087801
2246.5360000133514	0.2848	204	0	0.372732	0.087801
2248.537999868393	7.993128	204	0	0.274984	0.087801
2250.5350000858307	8.370408	172	0	0.221859	0.087801
2252.546999692917	5.080376	160	0	0.138762	0.087801
2254.5449998378754	7.706864	160	0	0.11982	0.087801
2256.5360000133514	9.681776	158	0	0.168846	0.087801
2258.5490000247955	8.485424	158	0	0.162799	0.087801
2260.5339999198914	8.255088	158	0	0.144473	0.087801
2262.5350000858307	9.594016	160	0	0.110325	0.087801
2264.5360000133514	5.464488	160	0	0.276229	0.087801
2266.4609999656677	9.026872	160	0	0.12095	0.087801
2268.5439999103546	8.661512	168	0	0.131982	0.087801
2270.5339999198914	6.258296	168	0	0.280268	0.087801
2272.5490000247955	11.189152	178	0	0.147218	0.08767
2274.5339999198914	9.980176	178	0	0.201597	0.08767
2276.5339999198914	7.65176	178	0	0.1338	0.08767
2278.540999889374	9.333168	180	0	0.180864	0.08767
2280.539999961853	5.934096	180	0	0.154141	0.08767
2282.5739998817444	7.058936	180	0	0.252538	0.08767
2284.537999868393	6.321808	482	0	0.384845	0.08767
2286.537999868393	5.766776	158	0	0.179837	0.08767
2288.5339999198914	7.824432	152	0	0.126385	0.08767
2290.4749999046326	8.659752	158	0	0.145617	0.08767
2292.5360000133514	8.293536	180	0	0.163862	0.08767
2294.5329999923706	7.351184	180	0	0.272006	0.08767
2296.5439999103546	9.611496	180	0	0.17037	0.08767
2298.5329999923706	5.576944	4	0	0.194427	0.08767
2300.5339999198914	9.609872	160	0	0.134946	0.08767
2302.536999940872	5.84504	160	0	0.287244	0.08767
2304.5360000133514	8.336432	166	0	0.223618	0.08767
2306.5350000858307	6.558384	166	0	0.258344	0.08767
2308.5360000133514	6.915384	166	0	0.175915	0.08767
2310.548000097275	7.977576	178	0	0.153531	0.08767
2312.5490000247955	5.892592	158	0	0.173857	0.08767
2314.5350000858307	8.682928	194	0	0.105074	0.08767
2316.5360000133514	3.711144	194	0	0.358037	0.08767
2318.542999982834	9.55048	194	0	0.223619	0.08767
2320.5329999923706	9.069536	168	0	0.142633	0.08767
2322.5419998168945	7.841792	168	0	0.203968	0.08767
2324.5339999198914	5.888048	166	0	0.164916	0.08767
2326.5339999198914	8.824264	174	0	0.143549	0.08767
2328.5350000858307	4.774896	174	0	0.118066	0.08767
2330.5419998168945	9.189368	180	0	0.169983	0.08767
2332.5360000133514	6.233232	186	0	0.228842	0.08767
2334.5389997959137	2.882352	186	0	0.637789	0.08767
2336.545999765396	7.489304	142	0	0.147834	0.08767
2338.5339999198914	8.58156	152	0	0.122617	0.08767
2340.537999868393	6.290208	162	0	0.141558	0.08767
2342.5490000247955	5.261792	162	0	0.169555	0.08767
2344.5439999103546	7.272584	150	0	0.174625	0.08767
2346.5350000858307	7.473544	174	0	0.145314	0.08767
2348.540999889374	10.373008	186	0	0.15341	0.08767
2350.5350000858307	4.533576	186	0	0.438241	0.08767
2352.5389997959137	8.379824	180	0	0.236435	0.08767
2354.5339999198914	9.759504	180	0	0.207341	0.08767
2356.5389997959137	6.02892	166	0	0.150453	0.08767
2358.537999868393	3.385664	170	0	0.172105	0.087617
2360.5360000133514	8.485576	178	0	0.239673	0.087617
2362.5360000133514	10.526792	176	0	0.130485	0.087617
2364.537999868393	9.155848	176	0	0.205395	0.087617
2366.5389997959137	8.932232	178	0	0.193343	0.087617
2369.1879999637604	0.81904	16	14	0.162516	0.087617
2371.055000066757	6.345792	120	0	0.134622	0.087617
2372.5520000457764	4.591912	120	0	0.20101	0.087617
2374.5339999198914	7.348456	124	0	0.107597	0.087617
2376.537999868393	7.858544	136	0	0.107679	0.087617
2378.5350000858307	8.662536	164	0	0.121655	0.087617
2380.5350000858307	8.106216	168	0	0.201426	0.087617
2382.5360000133514	8.488232	168	0	0.132414	0.087617
2384.5360000133514	7.961984	168	0	0.210734	0.087617
2386.540999889374	10.311368	166	0	0.130065	0.087617
2388.7869997024536	8.283552	172	0	0.17567	0.087617
2390.7880001068115	4.41444	172	0	0.170422	0.087617
2392.7880001068115	9.422864	164	0	0.191871	0.087617
2394.785999774933	6.042984	164	0	0.307981	0.087617
2396.7869997024536	7.996504	172	0	0.169003	0.087617
2398.7869997024536	11.468	182	0	0.172039	0.087617
2400.6939997673035	8.446816	192	0	0.132844	0.087617
2402.7949998378754	9.532688	192	0	0.20806	0.087617
2404.8150000572205	10.59744	178	0	0.222135	0.087617
2406.7969999313354	9.96356	178	0	0.203953	0.087617
2408.8289999961853	8.156392	172	0	0.254607	0.087617
2410.789999961853	7.527848	140	0	0.138598	0.087617
2412.7910001277924	6.597512	158	0	0.11371	0.08756
2414.789999961853	9.075128	164	0	0.168628	0.08756
2416.801999807358	7.748896	164	0	0.163591	0.08756
2418.785999774933	5.01136	146	0	0.315443	0.08756
2420.7890000343323	8.892384	158	0	0.130499	0.08756
2422.7910001277924	6.935208	184	0	0.212511	0.08756
2424.7350001335144	7.781104	194	0	0.1352	0.08756
2426.7839999198914	7.244144	194	0	0.205404	0.08756
2428.801999807358	7.718072	194	0	0.234724	0.08756
2430.7960000038147	5.693424	166	0	0.126541	0.08756
2432.8049998283386	10.049552	168	0	0.140893	0.08756
2434.7890000343323	4.524368	176	0	0.199094	0.08756
2436.785999774933	9.430832	182	0	0.178144	0.08756
2438.785999774933	7.952872	182	0	0.243224	0.08756
2440.7890000343323	7.81964	182	0	0.242186	0.08756
2442.7880001068115	9.128752	190	0	0.247314	0.08756
2444.7910001277924	4.961488	190	0	0.157798	0.08756
2446.785999774933	7.339296	208	0	0.280373	0.08756
2448.6989998817444	6.3194	190	0	0.183446	0.08756
2450.7910001277924	8.567208	178	0	0.185016	0.08756
2452.789999961853	5.88184	178	0	0.265026	0.08756
2454.7910001277924	4.19328	178	0	0.416817	0.08756
2456.7969999313354	2.528088	120	0	0.431912	0.08756
2458.661999940872	4.034816	96	0	0.28077	0.08756
2461.047000169754	2.028224	102	0	0.582111	0.08756
2462.8280000686646	5.982984	124	0	0.120991	0.08756
2464.7890000343323	8.032784	136	0	0.146813	0.08756
2466.7949998378754	9.160304	148	0	0.12862	0.08756
2468.784999847412	9.243536	166	0	0.124064	0.08756
2470.7880001068115	6.711816	166	0	0.14206	0.08756
2472.7249999046326	8.47156	182	0	0.123658	0.08756
2474.7880001068115	10.365032	172	0	0.162139	0.08756
2476.7869997024536	3.862224	172	0	0.196918	0.08756
2478.7869997024536	4.0998	184	0	0.168227	0.08756
2480.789999961853	7.421872	184	0	0.207619	0.08756
2482.7960000038147	9.095928	176	0	0.167503	0.08756
2484.7990000247955	8.21648	158	0	0.215242	0.08756
2486.7960000038147	8.421152	164	0	0.124032	0.08756
2488.785999774933	7.976832	164	0	0.20182	0.08756
2490.7880001068115	7.926208	162	0	0.184166	0.08756
2493.016000032425	7.809712	166	0	0.155982	0.08756
2494.7880001068115	8.703336	172	0	0.149823	0.08756
2496.7350001335144	11.165296	188	0	0.134509	0.08756
2498.789999961853	7.68892	188	0	0.224016	0.08756
2500.7869997024536	6.63204	188	0	0.295223	0.08756
2502.7869997024536	9.089712	174	0	0.18897	0.08756
2504.7869997024536	6.464464	176	0	0.149147	0.08756
2506.7880001068115	7.599728	176	0	0.145823	0.08756
2508.7880001068115	3.006696	152	0	0.163013	0.08756
2510.7880001068115	10.397904	180	0	0.123078	0.08756
2512.7890000343323	9.068192	184	0	0.190794	0.08756
2514.7880001068115	3.996264	184	0	0.371512	0.08756
2516.785999774933	7.211296	184	0	0.140148	0.08756
2518.7890000343323	7.99492	170	0	0.147477	0.08756
2520.7109999656677	8.914072	168	0	0.126779	0.08756
2522.8550000190735	7.928432	168	0	0.215233	0.08756
2524.7880001068115	1.158584	160	0	0.180384	0.08756
2526.789999961853	8.258792	160	0	0.233208	0.08756
2528.7910001277924	6.77972	146	0	0.245177	0.08756
2530.7910001277924	8.481752	176	0	0.12233	0.08756
2532.803999900818	9.555576	176	0	0.215107	0.08756
2534.7990000247955	7.359496	176	0	0.213469	0.08756
2536.789999961853	9.032888	170	0	0.115935	0.08756
2538.789999961853	6.230952	170	0	0.15507	0.08756
2540.7869997024536	10.210152	184	0	0.179023	0.08756
2542.7880001068115	9.246504	180	0	0.187888	0.08756
2544.7439999580383	9.835872	180	0	0.142571	0.08756
2546.8049998283386	8.366744	198	0	0.194653	0.08756
2548.7890000343323	8.465168	198	0	0.212533	0.08756
2550.7890000343323	7.67348	156	0	0.236121	0.08756
2552.8250000476837	8.2276	152	0	0.15656	0.08756
2554.7910001277924	5.444664	150	0	0.122349	0.08756
2556.789999961853	7.286896	146	0	0.225268	0.08756
2558.7890000343323	8.276688	172	0	0.12708	0.08756
2560.792000055313	8.809592	172	0	0.146184	0.08756
2562.789999961853	10.803648	172	0	0.137138	0.08756
2564.7880001068115	3.93308	172	0	0.12393	0.08756
2566.7869997024536	8.081008	160	0	0.195682	0.08756
2568.7779998779297	6.937096	152	0	0.161106	0.08756
2570.792000055313	10.519592	172	0	0.1176	0.08756
2572.789999961853	8.217936	260	0	0.378897	0.08756
2574.7890000343323	3.781864	204	0	0.327247	0.08756
2576.7949998378754	8.862296	154	0	0.156716	0.08756
2578.8029997348785	5.578448	154	0	0.146551	0.08756
2580.7910001277924	5.55428	152	0	0.161601	0.08756
2582.816999912262	8.5992	170	0	0.192951	0.08756
2584.789999961853	7.879736	174	0	0.16654	0.08756
2586.7869997024536	7.5056	186	0	0.157125	0.08756
2588.7960000038147	6.75512	194	0	0.167677	0.08756
2590.7890000343323	9.138712	194	0	0.216625	0.08756
2592.776999950409	7.864424	188	0	0.158916	0.08756
2594.7890000343323	1.263408	184	0	0.138218	0.08756
2596.7869997024536	5.24164	184	0	0.34244	0.08756
2598.792999982834	8.422288	162	0	0.145732	0.08756
2600.909999847412	8.91392	162	0	0.249005	0.08756
2602.7960000038147	9.323048	164	0	0.12245	0.08756
2604.789999961853	8.006144	174	0	0.144023	0.08756
2606.7910001277924	4.60624	174	0	0.319555	0.08756
2608.7939999103546	10.144568	192	0	0.198075	0.08756
2610.9139997959137	7.761232	184	0	0.329289	0.08756
2612.797999858856	5.519712	182	0	0.122766	0.08756
2614.792000055313	7.736048	168	0	0.118042	0.08756
2616.7880001068115	10.621952	174	0	0.126725	0.08756
2618.8029997348785	7.486176	174	0	0.303598	0.08756
2620.7880001068115	6.592328	152	0	0.175643	0.08756
2622.7910001277924	8.33172	160	0	0.207683	0.08756
2624.7939999103546	8.183792	178	0	0.204166	0.08756
2626.7949998378754	8.677384	160	0	0.150187	0.08756
2628.7949998378754	7.739752	194	0	0.117754	0.08756
2630.789999961853	9.470968	194	0	0.210117	0.08756
2632.7869997024536	8.229016	190	0	0.18488	0.08756
2634.7910001277924	7.43708	190	0	0.159935	0.08756
2637.045999765396	8.727272	196	0	0.180035	0.08756
2639.0449998378754	8.982944	186	0	0.117606	0.08756
2640.959000110626	10.821368	186	0	0.123328	0.08756
2643.063999891281	10.664056	194	0	0.151332	0.08756
2645.0629999637604	10.759848	192	0	0.162879	0.08756
2647.0429997444153	6.36968	192	0	0.189078	0.08756
2649.040999889374	8.003128	192	0	0.143008	0.08756
2651.037999868393	9.880024	192	0	0.124408	0.08756
2653.0390000343323	10.32836	186	0	0.162228	0.08756
2655.039999961853	10.415104	190	0	0.16723	0.08756
2657.0419998168945	11.50264	184	0	0.166985	0.08756
2659.0390000343323	9.604984	184	0	0.146618	0.08756
2661.0419998168945	6.600256	184	0	0.152901	0.08756
2663.0390000343323	7.19352	184	0	0.222358	0.08756
2664.9560000896454	10.609248	184	0	0.133363	0.08756
2667.0429997444153	6.61568	4	0	0.180728	0.08756
2669.0419998168945	10.038376	200	0	0.124597	0.08756
2671.045999765396	10.37376	190	0	0.132472	0.08756
2673.0920000076294	10.66864	190	0	0.165682	0.08756
2675.045999765396	9.373056	190	0	0.126222	0.08756
2677.0429997444153	8.753736	176	0	0.168415	0.08756
2679.040999889374	2.141288	176	0	0.329907	0.08756
2681.0429997444153	7.693808	182	0	0.114894	0.08756
2683.039999961853	10.278936	182	0	0.175836	0.08756
2685.040999889374	6.000688	182	0	0.127164	0.08756
2687.0429997444153	10.166736	186	0	0.153018	0.08756
2689.0739998817444	9.857904	186	14	0.178918	0.08756
2691.0419998168945	10.00908	180	0	0.125872	0.08756
2693.0429997444153	3.49536	166	0	0.370948	0.08756
2695.045999765396	9.833456	172	0	0.117954	0.08756
2697.0390000343323	10.478328	178	0	0.141497	0.08756
2699.040999889374	6.04624	176	0	0.132734	0.08756
2701.0429997444153	8.302928	176	0	0.234201	0.08756
2703.040999889374	9.526072	182	0	0.125396	0.08756
2705.0419998168945	8.912936	182	0	0.133399	0.08756
2707.0429997444153	6.244464	182	0	0.225821	0.08756
2709.0429997444153	9.067288	184	0	0.11899	0.08756
2711.0759999752045	11.157592	182	0	0.142359	0.08756
2712.9609999656677	5.617984	182	0	0.154989	0.087814
2715.0429997444153	7.513456	180	0	0.207585	0.087814
2717.0419998168945	8.574984	170	0	0.258814	0.087814
2719.040999889374	9.461096	172	0	0.138116	0.087814
2721.0429997444153	10.656584	4	0	0.129183	0.087814
2723.0429997444153	8.301824	174	0	0.118775	0.087814
2725.039999961853	10.721088	180	0	0.118335	0.087814
2727.0419998168945	10.295752	194	0	0.194376	0.087814
2729.0419998168945	6.844384	194	0	0.311384	0.087814
2731.0429997444153	0.2898	194	0	0.20582	0.087814
2733.0419998168945	10.311496	176	0	0.130653	0.087814
2735.0390000343323	8.752192	186	0	0.129241	0.087814
2736.957000017166	10.4256	176	0	0.120868	0.087814
2739.0429997444153	10.744832	178	0	0.141846	0.087814
2741.0520000457764	10.247632	186	0	0.134038	0.087814
2743.040999889374	1.474552	186	0	0.412098	0.087814
2745.039999961853	12.027792	192	0	0.152267	0.087814
2747.039999961853	12.228904	206	0	0.117289	0.087814
2749.0419998168945	5.774632	198	0	0.217129	0.087814
2751.040999889374	6.933408	198	0	0.290611	0.087814
2753.0439999103546	9.177616	198	0	0.221718	0.087814
2755.048000097275	10.542088	198	0	0.23807	0.087814
2757.039999961853	10.63356	188	0	0.145756	0.087814
2759.0629999637604	9.719832	188	0	0.171151	0.087814
2760.96799993515	3.648208	172	0	0.131165	0.087814
2763.039999961853	4.239112	172	0	0.116859	0.087814
2765.0419998168945	4.515136	172	0	0.106208	0.087814
2767.040999889374	4.515136	172	0	0.116939	0.087814
2769.0419998168945	8.42472	146	0	0.108305	0.087814
2771.0490000247955	10.750456	174	0	0.132	0.087814
2773.0599999427795	7.744008	178	0	0.129402	0.087814
2775.040999889374	9.881	184	0	0.151731	0.087814
2777.0439999103546	8.175992	168	0	0.200644	0.087814
2779.0419998168945	4.467576	166	0	0.356281	0.087814
2781.0449998378754	8.963288	168	0	0.19074	0.087814
2783.040999889374	0.810296	160	0	0.284972	0.087814
2785.0390000343323	8.695984	162	0	0.126807	0.087814
2787.0429997444153	10.002032	180	0	0.143411	0.087814
2789.047000169754	6.810224	180	0	0.230979	0.087814
2791.0490000247955	5.38744	180	0	0.192724	0.087814
2793.039999961853	8.454136	178	0	0.214156	0.087814
2795.0449998378754	6.638264	180	0	0.185748	0.087814
2797.0819997787476	7.412056	180	0	0.178492	0.087814
2799.0449998378754	2.110416	194	0	0.514501	0.087814
2801.0899999141693	4.891664	194	0	0.46327	0.087814
2803.0520000457764	3.339176	194	0	0.397337	0.087814
2805.0429997444153	6.472752	122	0	0.101044	0.087814
2807.045999765396	7.841152	136	0	0.134664	0.087814
2809.0449998378754	8.991456	150	0	0.133465	0.087811
2811.039999961853	10.796128	182	0	0.21723	0.087811
2813.0439999103546	7.606216	182	0	0.196352	0.087811
2815.079999923706	4.6722	180	0	0.404373	0.087811
2817.0429997444153	5.66188	168	0	0.324631	0.087811
2819.0419998168945	2.741296	128	0	0.260812	0.087811
2821.040999889374	8.108976	152	0	0.111663	0.087811
2823.055000066757	7.341472	178	0	0.140243	0.087811
2825.0439999103546	8.44016	178	0	0.234067	0.087811
2827.0449998378754	8.709864	186	0	0.183296	0.087811
2829.040999889374	10.71432	190	0	0.131804	0.087811
2831.05899977684	11.184872	194	0	0.174316	0.087811
2833.0490000247955	7.146696	194	0	0.13191	0.087811
2835.061999797821	6.098704	194	0	0.310884	0.087811
2837.7960000038147	0.074256	134	0	0.314272	0.087811
2839.085000038147	3.722576	130	0	0.161495	0.087811
2841.0439999103546	6.311144	112	0	0.112846	0.087811
2843.040999889374	7.792512	170	0	0.112474	0.087811
2845.0439999103546	9.069792	206	0	0.164471	0.087811
2847.2160000801086	9.465288	206	0	0.144251	0.087811
2849.292999982834	10.125432	186	0	0.187928	0.087811
2851.2960000038147	11.782192	190	0	0.164142	0.087811
2853.292999982834	9.622872	190	0	0.178073	0.087811
2855.292999982834	10.165312	190	0	0.188207	0.087811
2857.2939999103546	10.799344	188	0	0.133826	0.087811
2859.292999982834	10.423016	188	0	0.167819	0.087811
2861.298999786377	7.905616	194	0	0.165913	0.087811
2863.297999858856	7.856096	194	0	0.217699	0.087811
2865.290999889374	5.771536	212	0	0.293705	0.087811
2867.292999982834	5.586848	208	0	0.215577	0.087811
2869.292999982834	9.302424	202	0	0.193146	0.087811
2871.21399974823	10.700792	186	0	0.146275	0.087811
2873.302999973297	10.629112	188	0	0.168115	0.087811
2875.2960000038147	6.965528	188	0	0.144429	0.087811
2877.2969999313354	2.704632	182	0	0.220524	0.087811
2879.292999982834	9.326136	168	0	0.195336	0.087811
2881.109999895096	9.27828	174	0	0.20697	0.087811
2883.2939999103546	4.40304	174	0	0.346751	0.087811
2885.2960000038147	9.668504	178	0	0.162379	0.087811
2887.2939999103546	6.041592	178	0	0.317407	0.087811
2889.292999982834	8.127072	178	0	0.181021	0.087811
2891.2939999103546	6.460424	176	0	0.187659	0.087811
2893.2969999313354	6.92664	176	0	0.21351	0.087811
2895.2409999370575	7.922552	178	0	0.191372	0.087811
2897.295000076294	6.47604	156	0	0.260585	0.087811
2899.292999982834	6.435576	166	0	0.25049	0.087811
2901.292999982834	8.610368	168	0	0.107134	0.087811
2903.292000055313	8.170928	168	0	0.176211	0.087811
2905.3049998283386	9.448608	168	0	0.111341	0.087811
2907.295000076294	11.463856	203	0	0.144309	0.087811
2909.295000076294	10.997824	208	0	0.199036	0.087811
2911.292999982834	5.068552	208	0	0.372812	0.087811
2913.2960000038147	8.262536	186	0	0.26696	0.087811
2915.2939999103546	7.579944	162	0	0.168073	0.087811
2917.2939999103546	5.849704	174	0	0.197123	0.087811
2919.2089998722076	10.50776	174	0	0.126038	0.087811
2921.298999786377	11.89236	190	0	0.174144	0.087811
2923.2969999313354	8.357864	190	0	0.208474	0.087811
2925.297999858856	11.14432	190	0	0.167461	0.087811
2927.2960000038147	6.56928	186	0	0.115163	0.087811
2929.292000055313	6.99908	186	0	0.206541	0.087811
2931.295000076294	3.307128	216	0	0.650896	0.087811
2933.5510001182556	2.784856	156	0	0.656948	0.087811
2935.2939999103546	8.917	158	0	0.112897	0.087811
2937.295000076294	6.097752	158	0	0.196447	0.087811
2939.2969999313354	10.611928	178	0	0.162861	0.087811
2941.2939999103546	9.158104	184	0	0.151069	0.087811
2943.2279999256134	7.993512	184	0	0.127396	0.087811
2945.2939999103546	9.248928	196	0	0.123114	0.087811
2947.295000076294	9.586216	192	0	0.23917	0.087811
2949.2939999103546	11.250472	190	0	0.158027	0.087811
2951.2939999103546	9.755456	190	0	0.210728	0.087811
2953.2960000038147	10.035112	190	0	0.135201	0.087811
2955.300999879837	10.298288	190	0	0.175492	0.087811
2957.290999889374	8.884968	190	0	0.195981	0.087811
2959.2969999313354	9.814088	252	0	0.30558	0.087811
2961.2939999103546	8.991624	200	0	0.241673	0.087811
2963.292000055313	10.041536	202	0	0.124256	0.087811
2965.2999999523163	9.467504	202	0	0.204473	0.087811
2967.289999961853	11.682264	198	0	0.167111	0.087806
2969.311000108719	4.888584	186	0	0.351601	0.087806
2971.295000076294	8.19852	186	0	0.196209	0.087806
2973.2939999103546	8.951784	186	0	0.122273	0.087806
2975.2969999313354	9.263456	176	0	0.133096	0.087806
2977.295000076294	9.837376	190	0	0.151122	0.087806
2979.2999999523163	6.95388	190	0	0.245189	0.087806
2981.292999982834	8.722464	166	0	0.151883	0.087806
2983.292999982834	5.562224	178	0	0.20643	0.087806
2985.297999858856	6.988696	178	0	0.209861	0.087806
2987.2960000038147	9.784728	184	0	0.185908	0.087806
2989.303999900818	9.850584	190	0	0.146354	0.087806
2991.2379999160767	4.378296	190	0	0.142824	0.087806
2993.295000076294	7.835592	140	0	0.210841	0.087806
2995.295000076294	8.791464	162	0	0.158827	0.087806
2997.298999786377	9.864456	168	0	0.11791	0.087806
2999.297999858856	10.667688	172	0	0.134607	0.087806
3001.297999858856	8.692896	182	0	0.134355	0.087806
3003.5019998550415	2.75272	94	0	0.307857	0.087806
3005.297999858856	8.537456	140	0	0.110376	0.087806
3007.3059997558594	8.252176	152	0	0.115678	0.087806
3009.335000038147	2.418432	152	0	0.448731	0.087806
3011.329999923706	4.089728	152	0	0.258969	0.087806
3013.2969999313354	9.459008	170	0	0.108963	0.087806
3015.220999956131	3.667456	178	0	0.147515	0.087806
3017.303999900818	8.705768	192	0	0.157451	0.087806
3019.2969999313354	3.447048	192	0	0.326075	0.087806
3021.295000076294	8.722224	192	0	0.143727	0.087806
3023.2969999313354	4.552808	192	0	0.305905	0.087806
3025.297999858856	9.008864	178	0	0.120012	0.087806
3027.2960000038147	7.303288	178	0	0.176284	0.087806
3029.297999858856	7.303288	178	0	0.141264	0.087806
3031.302999973297	5.634864	178	0	0.334518	0.087806
3033.503000020981	1.587328	136	0	0.756024	0.087806
3036.5120000839233	3.224848	94	39	0.190482	0.087806
3038.2009999752045	3.62432	104	0	0.296598	0.087806
3040.367000102997	4.842928	104	40	0.213976	0.087806
3041.8550000190735	7.83472	154	0	0.127942	0.087806
3043.295000076294	9.614168	178	0	0.123288	0.087806
3045.300999879837	9.966624	178	0	0.203368	0.087806
3047.298999786377	11.349088	184	0	0.148935	0.087806
3049.2969999313354	9.645448	184	0	0.156052	0.087806
3051.297999858856	8.21576	168	0	0.140246	0.087806
3053.2960000038147	5.95884	172	0	0.285867	0.087806
3055.2969999313354	7.5814	164	0	0.157281	0.087806
3057.2939999103546	7.5814	164	0	0.136004	0.087806
3059.297999858856	7.5814	162	0	0.140623	0.087806
3061.303999900818	8.742496	146	0	0.120588	0.087806
3063.285999774933	8.659656	180	0	0.157362	0.087806
3065.311000108719	4.320064	180	0	0.242183	0.087806
3067.298999786377	8.2304	134	0	0.247997	0.087806
3069.4560000896454	3.788912	27	22	0.316996	0.087806
3071.3069999217987	4.08748	138	0	0.261594	0.087806
3074.5259997844696	3.607536	134	22	0.370039	0.087806
3076.0859999656677	4.786968	116	0	0.149781	0.087806
3077.292999982834	4.802984	114	0	0.142814	0.087806
3079.297999858856	7.36368	122	0	0.120143	0.087806
3081.302999973297	8.174952	148	0	0.102779	0.087806
3083.297999858856	6.919368	148	0	0.132405	0.087806
3085.298999786377	8.177296	170	0	0.115611	0.087806
3087.2969999313354	8.865552	170	0	0.127838	0.087806
3089.297999858856	11.225328	186	0	0.109717	0.087806
3091.3259999752045	10.667816	186	0	0.123739	0.087806
3093.311000108719	2.906136	196	0	0.168421	0.087806
3095.295000076294	6.799848	146	0	0.280748	0.087806
3097.5490000247955	8.999168	166	0	0.193353	0.087806
3099.548000097275	8.175248	166	0	0.17553	0.087806
3101.548000097275	5.331952	160	0	0.231198	0.087806
3103.5490000247955	8.911872	164	0	0.135519	0.087806
3105.5510001182556	10.743104	196	0	0.148901	0.087218
3107.5579998493195	9.917504	196	0	0.188564	0.087218
3109.5490000247955	12.547256	198	0	0.196564	0.087218
3111.548000097275	10.75708	198	0	0.164443	0.087218
3113.548000097275	8.833368	184	0	0.21654	0.087218
3115.548000097275	6.675472	188	0	0.18703	0.087218
3117.545999765396	5.292264	186	0	0.328024	0.087218
3119.5510001182556	9.003568	186	0	0.197587	0.087218
3123.2659997940063	2.787168	192	10	0.419708	0.087218
3125.34099984169	8.880048	196	0	0.244739	0.087218
3126.2279999256134	8.528768	196	0	0.196821	0.087218
3127.5520000457764	8.757248	186	0	0.199836	0.087218
3130.483999967575	10.536272	194	0	0.1939	0.087218
3132.569999933243	11.640224	196	0	0.129183	0.087218
3133.8919999599457	10.026464	212	0	0.131995	0.087218
3135.5510001182556	7.36388	212	0	0.18489	0.087218
3138.74599981308	9.611064	190	0	0.186421	0.087218
3142.128000020981	11.41028	216	0	0.191392	0.087218
3146.141000032425	8.818544	184	0	0.194079	0.087218
3147.434999704361	8.026792	206	0	0.225258	0.087218
3149.4879999160767	8.241704	208	10	0.21486	0.087218
3151.5680000782013	9.527136	222	0	0.19956	0.087218
3153.4889998435974	9.780584	194	0	0.138925	0.087218
3155.188999891281	10.14016	200	0	0.188033	0.087218
3157.608999967575	5.980696	166	0	0.239552	0.087218
3158.8819999694824	9.778504	180	0	0.207957	0.087218
3159.8739998340607	8.316352	188	0	0.14875	0.087218
3160.6429998874664	10.150416	186	40	0.190667	0.087218
3161.71399974823	11.014776	190	0	0.14604	0.087218
3163.563999891281	9.716584	190	0	0.138065	0.087218
3165.553999900818	9.301912	190	0	0.211189	0.087218
3170.135999917984	11.913488	4	0	0.155899	0.087218
3172.4249999523163	2.856224	218	0	0.688375	0.087218
3175.3769998550415	5.211776	130	0	0.224466	0.087218
3177.6050000190735	11.815448	216	0	0.138922	0.087218
3179.9400000572205	11.233464	210	0	0.203129	0.087218
3182.177999973297	7.466704	208	0	0.224133	0.087218
3184.6470000743866	10.208792	184	12	0.161011	0.087218
3185.415999889374	10.408512	184	0	0.162156	0.087218
3186.0120000839233	9.56672	184	16	0.154825	0.087218
3187.8550000190735	7.725536	186	0	0.191286	0.087218
3188.588000059128	5.377776	186	0	0.368771	0.087218
3190.2129998207092	8.49444	178	29	0.121477	0.087218
3191.561999797821	10.128784	182	0	0.161178	0.087218
3193.5599999427795	8.084232	182	0	0.121481	0.087218
3195.548000097275	10.818096	182	0	0.198205	0.087218
3197.5499999523163	11.754864	190	0	0.216731	0.087218
3199.548000097275	10.708144	190	0	0.124251	0.087218
3201.545999765396	8.954664	198	0	0.140441	0.087218
3203.555999994278	9.988648	198	0	0.130884	0.087218
3205.548000097275	10.34196	198	0	0.176794	0.087218
3207.5490000247955	11.887712	192	0	0.139617	0.087218
3209.5490000247955	11.703504	190	0	0.139508	0.087218
3211.5490000247955	9.683128	188	0	0.169784	0.087218
3213.5510001182556	1.312104	188	0	0.568563	0.087218
3215.5499999523163	11.323552	206	0	0.169319	0.087218
3217.5549998283386	8.834488	214	0	0.125069	0.087218
3219.546999692917	10.299432	226	0	0.188856	0.087218
3221.561999797821	12.250776	226	0	0.195895	0.087218
3223.553999900818	12.158112	222	0	0.152838	0.087218
3225.548000097275	11.154464	204	0	0.217937	0.087218
3227.546999692917	0.358112	204	0	0.153724	0.087218
3229.5490000247955	9.986424	198	0	0.188162	0.087218
3231.5499999523163	10.781184	174	0	0.129477	0.087218
3233.548000097275	9.88556	174	0	0.153605	0.087218
3235.546999692917	4.260504	174	0	0.207103	0.087218
3237.5490000247955	8.415824	172	0	0.134778	0.087218
3239.548000097275	9.89424	172	0	0.159591	0.087218
3241.5490000247955	7.151424	176	0	0.150216	0.087218
3243.548000097275	5.129456	126	0	0.307431	0.087218
3245.5510001182556	9.157024	150	0	0.124157	0.087218
3247.5520000457764	8.587768	152	0	0.149168	0.087218
3249.5510001182556	6.992456	152	0	0.222593	0.087218
3251.548000097275	8.00868	164	0	0.116342	0.087218
3253.5490000247955	9.847176	182	0	0.163983	0.087218
3255.5549998283386	9.992648	194	0	0.168791	0.087218
3257.553999900818	8.759016	194	0	0.182414	0.087218
3259.5510001182556	10.122368	178	0	0.171892	0.087218
3261.548000097275	7.773248	188	0	0.245483	0.087218
3263.5510001182556	9.451624	216	0	0.121628	0.087218
3265.5490000247955	10.99188	216	0	0.177815	0.087218
3267.5499999523163	8.891832	216	0	0.147416	0.087218
3269.5499999523163	9.701144	202	0	0.205756	0.087218
3271.5510001182556	2.37028	192	0	0.366312	0.087218
3273.552999973297	11.49672	212	0	0.142128	0.087218
3275.5499999523163	9.792456	210	0	0.164894	0.087218
3277.5510001182556	11.088904	210	0	0.195212	0.087218
3279.5569999217987	10.80896	210	0	0.126588	0.087218
3281.561999797821	7.755288	214	0	0.167853	0.087218
3283.5510001182556	8.014776	214	0	0.252773	0.087218
3285.565999984741	2.936256	214	0	0.186092	0.087218
3287.552999973297	8.094936	298	0	0.287186	0.087218
3289.5499999523163	7.504672	190	0	0.178541	0.087218
3291.5569999217987	6.049568	192	0	0.204077	0.087218
3293.5520000457764	3.449552	192	0	0.593356	0.087218
