0.0	6.03144	88	0	0.169422	0.070019
2.999000072479248	5.627552	82	0	0.172819	0.070019
5.9670000076293945	5.524984	86	19	0.132688	0.070019
9.198000192642212	2.17504	88	0	0.08332	0.070019
11.236000299453735	5.564496	88	20	0.092959	0.070019
12.868000268936157	5.575984	84	0	0.168121	0.070019
14.690000057220459	5.65596	92	25	0.189608	0.070019
14.867000102996826	5.560272	92	0	0.087787	0.070019
15.417999982833862	5.564208	84	0	0.131019	0.070019
17.580000162124634	3.980928	86	25	0.102624	0.070019
19.835000038146973	5.687832	84	0	0.160307	0.070019
20.390000104904175	5.547368	84	25	0.115038	0.070019
21.265000104904175	2.2316	86	0	0.082132	0.070019
22.871999979019165	5.236032	84	0	0.147082	0.070019
24.755000114440918	5.661784	84	0	0.172973	0.070019
26.88700008392334	5.530696	84	0	0.17599	0.070019
28.758000135421753	5.5768	82	48	0.156991	0.070019
30.883000135421753	5.670344	86	0	0.162913	0.070019
32.819000005722046	5.258944	84	0	0.0837	0.070019
34.93400001525879	5.784392	84	0	0.17128	0.070019
36.99900007247925	1.979048	82	0	0.083027	0.070019
38.69099998474121	5.699192	84	0	0.091274	0.070019
40.890000104904175	5.666368	86	0	0.136981	0.070019
42.88600015640259	5.286048	84	0	0.089286	0.070019
44.88100028038025	5.732008	88	0	0.17997	0.070019
46.89100003242493	5.740048	88	0	0.088745	0.070019
48.88300013542175	5.566528	88	0	0.135285	0.070019
50.99900007247925	5.627384	82	0	0.162912	0.070019
55.111000061035156	5.614128	84	41	0.171608	0.070019
57.551000118255615	5.36828	84	0	0.164452	0.070019
57.782999992370605	5.175608	84	50	0.090855	0.070019
61.003000020980835	5.67024	82	0	0.097065	0.070019
65.31600022315979	5.586552	86	0	0.171186	0.070019
67.64600014686584	5.2402	84	20	0.161969	0.070019
69.52799987792969	5.538784	84	0	0.160869	0.070019
72.22800016403198	5.50484	86	26	0.150989	0.070019
75.04100012779236	5.492184	82	0	0.167896	0.070019
77.54800033569336	4.227328	82	0	0.107474	0.070019
79.56599998474121	5.347184	84	15	0.171194	0.070019
81.4430000782013	5.64792	84	0	0.12147	0.070019
83.45499992370605	5.594208	86	27	0.176567	0.070019
84.55100011825562	5.555192	86	0	0.147212	0.070019
85.9430000782013	5.701856	86	21	0.172644	0.070019
86.91600012779236	5.25772	86	0	0.172943	0.070019
88.98800015449524	5.531896	88	0	0.181475	0.070019
90.83500003814697	5.460872	88	23	0.176747	0.070019
92.28200006484985	5.596192	84	0	0.17314	0.070019
93.74600005149841	5.6462	92	26	0.125535	0.070019
95.12700009346008	5.711368	84	0	0.13803	0.070019
96.41599988937378	5.849032	84	0	0.153425	0.070019
98.00999999046326	5.519088	86	24	0.092835	0.070019
99.12200021743774	5.594472	84	0	0.162142	0.070019
100.88500022888184	5.553928	84	0	0.15163	0.070019
102.94400000572205	5.660264	84	0	0.172161	0.070019
104.8050000667572	5.61176	84	28	0.169046	0.070019
106.88400030136108	5.487112	84	0	0.160704	0.070019
108.88300013542175	5.298176	84	0	0.089481	0.070019
110.87999987602234	5.710816	86	0	0.151441	0.070019
112.87700009346008	5.71292	84	0	0.139946	0.070019
114.89100003242493	5.4754	84	0	0.082663	0.070019
116.88500022888184	5.636616	84	0	0.118617	0.070019
118.88300013542175	5.598264	84	0	0.153361	0.070019
120.88700008392334	4.751272	82	0	0.14705	0.070019
122.94800019264221	5.286704	80	0	0.080417	0.070019
124.89000010490417	5.85752	82	0	0.123971	0.070019
126.87999987602234	5.543064	82	0	0.093008	0.070019
128.8789999485016	5.748024	80	0	0.084718	0.070019
131.05100011825562	5.60164	82	0	0.167046	0.070019
132.88300013542175	5.584024	82	0	0.142108	0.070019
135.42200016975403	5.568816	84	50	0.110403	0.070019
138.30900025367737	5.065528	82	0	0.152801	0.070019
140.61899995803833	5.496848	82	40	0.154349	0.070019
143.3380000591278	5.383008	84	0	0.169921	0.070019
143.9240002632141	5.51856	84	0	0.120032	0.070019
145.5090000629425	5.64	82	53	0.132865	0.070019
146.90900015830994	5.711584	84	0	0.17356	0.070019
148.8789999485016	5.7174	84	0	0.138369	0.070019
150.87700009346008	5.721144	98	0	0.140762	0.070019
152.82900023460388	5.54972	82	0	0.097447	0.070019
154.88100028038025	2.194192	86	0	0.415117	0.070019
156.87700009346008	1.8282	84	0	0.214775	0.070019
158.88500022888184	5.58328	86	0	0.149125	0.070019
160.882000207901	5.483752	84	0	0.141588	0.070019
162.88300013542175	4.751232	86	0	0.212156	0.070019
164.89100003242493	5.650952	84	0	0.136065	0.070019
166.8860001564026	5.019696	84	0	0.100666	0.070019
169.1029999256134	5.625776	84	52	0.168531	0.070019
170.89000010490417	5.677872	84	0	0.170851	0.070019
172.87999987602234	5.530552	84	0	0.083582	0.070019
174.88900017738342	5.767928	84	0	0.171299	0.070019
176.81900000572205	5.581048	86	45	0.107082	0.070019
178.87700009346008	2.202664	84	0	0.341951	0.070019
180.8860001564026	5.427408	84	0	0.167188	0.070019
182.86700010299683	5.637928	84	0	0.17982	0.070019
184.89200019836426	5.542864	82	0	0.124275	0.070019
186.87999987602234	5.421624	82	0	0.084364	0.070019
188.88100028038025	5.447224	86	0	0.11666	0.070019
190.8860001564026	5.608488	86	0	0.120347	0.070019
192.90200018882751	3.101648	84	0	0.111333	0.070019
194.87999987602234	5.726064	82	0	0.08188	0.070019
196.882000207901	3.033888	84	0	0.147257	0.070019
199.44900012016296	5.68808	82	0	0.092576	0.070019
200.87800002098083	5.572448	82	0	0.156141	0.070019
202.8860001564026	5.157128	84	0	0.130859	0.070019
204.88500022888184	5.431832	88	0	0.158974	0.070019
206.88400030136108	5.606992	88	0	0.127044	0.070019
208.88400030136108	5.661048	88	0	0.166932	0.070019
210.89400005340576	5.684696	94	0	0.092889	0.070019
212.88100028038025	5.473144	94	0	0.194456	0.070019
214.882000207901	5.555568	84	0	0.126386	0.070019
216.88700008392334	5.47056	86	0	0.128229	0.070019
218.88300013542175	5.667176	84	0	0.17736	0.071438
220.88300013542175	5.66408	82	0	0.142764	0.071438
222.88300013542175	5.686768	82	0	0.108662	0.071438
224.8789999485016	5.455712	84	0	0.086419	0.071438
226.8789999485016	5.813304	86	0	0.096658	0.071438
228.87600016593933	5.742704	88	0	0.138203	0.071438
230.8880000114441	5.862488	84	0	0.089312	0.071438
232.882000207901	5.506152	84	0	0.132588	0.071438
234.87999987602234	5.33548	84	0	0.085621	0.071438
236.88500022888184	5.647632	84	0	0.133129	0.071438
238.88400030136108	5.542864	84	0	0.121319	0.071438
240.8880000114441	5.516856	84	0	0.129374	0.071438
243.12600016593933	5.703296	86	0	0.126703	0.071438
244.89200019836426	5.684016	84	0	0.17548	0.071438
247.1410002708435	5.53992	84	0	0.148432	0.071438
249.13300013542175	5.62468	82	0	0.083839	0.071438
251.13100004196167	3.218536	88	0	0.121001	0.071438
253.132000207901	5.743784	88	0	0.178989	0.071438
255.13000011444092	5.26352	84	0	0.136202	0.071438
257.1380000114441	2.166208	82	0	0.400083	0.071438
259.0310001373291	1.988136	90	47	0.088544	0.071438
261.172000169754	4.62148	84	0	0.106464	0.071438
263.1450002193451	5.77676	86	0	0.14658	0.071438
265.143000125885	5.375584	90	0	0.143677	0.071438
267.14400005340576	5.400184	90	0	0.151891	0.071438
269.1410002708435	5.689232	84	0	0.131983	0.071438
270.9980001449585	5.512032	90	0	0.179355	0.071438
273.132000207901	4.844088	86	0	0.092947	0.071438
275.1870000362396	5.748216	82	0	0.117771	0.071438
277.12800002098083	5.609552	84	0	0.126404	0.071438
279.1410002708435	5.635584	84	0	0.169022	0.071438
281.1410002708435	5.700112	84	0	0.104264	0.071438
283.13700008392334	5.000944	84	0	0.085671	0.071438
285.13100004196167	5.682488	82	0	0.092481	0.071438
287.132000207901	5.685552	84	0	0.128146	0.071438
289.13899993896484	5.524168	84	0	0.11149	0.071438
291.13700008392334	5.730944	84	0	0.146301	0.071438
293.135999917984	5.664336	84	0	0.172281	0.071438
295.132000207901	5.28052	86	0	0.106138	0.071438
297.13700008392334	5.889992	82	0	0.08561	0.071438
299.12900018692017	2.990488	90	0	0.275112	0.071438
301.13499999046326	5.713288	86	0	0.186931	0.071438
303.135999917984	5.713408	82	0	0.176351	0.071438
305.12600016593933	5.303328	4	0	0.114239	0.071438
307.13300013542175	5.372768	86	0	0.101036	0.071438
309.13499999046326	5.426776	84	0	0.123969	0.071438
311.12800002098083	5.641784	84	0	0.130981	0.071438
313.1380000114441	5.583048	90	0	0.184962	0.071438
315.12600016593933	5.436456	84	0	0.167195	0.071438
317.13499999046326	5.777952	82	0	0.079768	0.071438
319.135999917984	5.409344	84	0	0.108599	0.071438
321.1340000629425	5.063056	86	0	0.085444	0.071438
323.1380000114441	1.105432	88	0	0.394858	0.071438
325.13499999046326	5.618832	88	0	0.124368	0.071438
327.13700008392334	5.698232	84	0	0.137402	0.071438
329.14000034332275	5.64304	84	0	0.144131	0.071438
331.1380000114441	5.677928	86	0	0.085587	0.071438
333.14000034332275	2.052584	82	0	0.315434	0.071438
335.13499999046326	5.630432	84	0	0.120731	0.071438
337.132000207901	5.181	84	0	0.080823	0.071438
339.132000207901	5.353768	84	0	0.131488	0.071438
341.135999917984	5.680144	102	0	0.21107	0.071438
343.23400020599365	5.470536	84	0	0.109548	0.071438
345.0789999961853	5.560496	86	51	0.175751	0.071438
347.14000034332275	5.702	84	0	0.149075	0.071438
349.13899993896484	5.672752	86	0	0.16369	0.071438
351.13300013542175	5.621488	86	0	0.174108	0.071438
353.12900018692017	5.555776	84	0	0.162777	0.071438
355.12800002098083	5.229344	84	0	0.156696	0.071438
357.143000125885	1.206704	86	0	0.368588	0.071438
359.1380000114441	5.482728	84	0	0.162864	0.071438
361.135999917984	5.61256	90	0	0.175782	0.071438
363.13499999046326	5.648432	84	0	0.115246	0.071438
365.1300001144409	2.090656	84	0	0.430662	0.071438
367.13300013542175	5.628392	88	0	0.090761	0.071438
369.14200019836426	3.971464	88	0	0.126453	0.071438
371.135999917984	5.253304	84	0	0.10468	0.071438
373.135999917984	5.824296	84	0	0.105128	0.071438
375.132000207901	5.735416	94	0	0.125465	0.071438
377.13300013542175	5.224496	94	0	0.161521	0.071438
379.1410002708435	5.377288	86	0	0.084979	0.071438
381.14200019836426	5.602968	84	0	0.107348	0.071438
383.13300013542175	5.53512	92	0	0.139693	0.071438
385.13899993896484	5.557296	92	0	0.188997	0.071438
387.1250002384186	5.627464	84	0	0.091615	0.071438
389.1340000629425	5.865672	84	0	0.09423	0.071438
391.12900018692017	5.950344	88	0	0.176131	0.071438
393.1240003108978	5.766376	88	0	0.088526	0.071438
395.135999917984	2.590176	90	0	0.416575	0.071438
397.1410002708435	5.531448	84	0	0.152362	0.071438
399.1380000114441	5.57708	82	0	0.113926	0.071438
401.1340000629425	5.744408	84	0	0.089231	0.071438
403.14000034332275	5.415856	84	0	0.08386	0.071438
405.13300013542175	5.593824	86	0	0.125189	0.071438
407.1410002708435	4.642288	82	0	0.098701	0.071438
409.1410002708435	5.630616	84	0	0.123117	0.071438
411.135999917984	5.37736	84	0	0.156311	0.071438
413.12900018692017	2.808536	84	0	0.089443	0.071438
415.1340000629425	2.025312	84	0	0.414602	0.071438
417.1230001449585	5.740344	86	0	0.084591	0.071438
419.135999917984	5.523328	86	0	0.118562	0.071438
421.14000034332275	5.642408	100	0	0.107115	0.071438
423.13100004196167	5.375376	92	0	0.190874	0.071438
425.1410002708435	5.690424	88	0	0.133505	0.072392
427.1340000629425	5.246896	86	0	0.107407	0.072392
429.14200019836426	5.702776	84	0	0.142542	0.072392
431.1340000629425	5.027272	84	0	0.092046	0.072392
433.13899993896484	5.681328	84	0	0.145677	0.072392
435.14400005340576	5.66904	82	0	0.14917	0.072392
437.13700008392334	5.183848	84	0	0.083453	0.072392
439.12900018692017	5.105416	82	0	0.104747	0.072392
441.135999917984	5.623824	84	0	0.082284	0.072392
443.13100004196167	5.715304	84	0	0.16437	0.072392
445.132000207901	5.599536	84	0	0.144671	0.072392
447.13499999046326	5.133064	84	0	0.135372	0.072392
449.13499999046326	5.661744	86	0	0.114217	0.072392
451.14400005340576	5.584768	86	0	0.15833	0.072392
453.135999917984	5.604552	86	0	0.104608	0.072392
455.1340000629425	5.696632	88	0	0.152026	0.072392
457.1410002708435	5.543096	86	0	0.169461	0.072392
459.13700008392334	5.540272	88	0	0.177722	0.072392
461.135999917984	5.526696	88	0	0.093029	0.072392
463.135999917984	5.67344	84	0	0.178146	0.072392
465.135999917984	0.499256	84	0	0.382629	0.072392
467.1480002403259	5.657896	82	0	0.148249	0.072392
469.14600014686584	5.62796	84	0	0.123724	0.072392
471.12800002098083	5.354984	84	0	0.129889	0.072392
473.1340000629425	5.707624	84	0	0.130541	0.072392
475.12600016593933	5.110608	84	0	0.157893	0.072392
477.135999917984	5.551328	86	0	0.110932	0.072392
479.54100012779236	4.998696	82	50	0.10502	0.072392
481.84400033950806	5.615472	88	0	0.179837	0.072392
483.57200026512146	5.606984	84	0	0.162727	0.072392
485.882000207901	5.134216	82	45	0.151535	0.072392
488.2479999065399	5.66884	86	0	0.079759	0.072392
489.8910000324249	5.421088	84	45	0.170484	0.072392
491.3900001049042	5.686224	86	0	0.137499	0.072392
493.14200019836426	5.676976	82	0	0.079731	0.07278
495.3890001773834	5.59036	84	0	0.144572	0.07278
497.143000125885	5.213752	86	0	0.096087	0.07278
499.14200019836426	5.440144	86	0	0.084336	0.07278
501.31500005722046	5.705056	84	0	0.095727	0.07278
503.66800022125244	5.489808	84	49	0.10543	0.07278
505.3789999485016	5.607184	84	0	0.098367	0.07278
507.38800024986267	5.607184	84	0	0.090744	0.07278
509.2730002403259	5.637864	84	52	0.167519	0.07278
511.3860001564026	5.262664	86	0	0.168744	0.07278
513.3800001144409	5.641064	84	0	0.100532	0.07278
515.3860001564026	5.598744	88	0	0.111008	0.07278
517.3860001564026	5.713976	88	0	0.164899	0.07278
519.3940000534058	5.673096	86	0	0.150814	0.07278
521.3890001773834	5.733	88	0	0.119555	0.07278
523.1670000553131	5.323112	86	0	0.177555	0.07278
525.5520000457764	5.582712	84	0	0.167713	0.07278
527.4120001792908	2.88436	84	53	0.194274	0.07278
529.3800001144409	5.540688	84	0	0.109248	0.07278
531.3900001049042	5.606656	84	0	0.14043	0.07278
533.393000125885	5.668456	86	0	0.174659	0.07278
535.3000001907349	5.688704	84	0	0.170051	0.07278
537.2079999446869	5.648272	82	51	0.164547	0.07278
539.382000207901	5.202856	84	0	0.101539	0.07278
541.382000207901	2.137168	86	0	0.418651	0.07278
543.3800001144409	5.678944	84	0	0.126229	0.07278
545.3810002803802	5.303488	84	0	0.162322	0.07278
547.3880002498627	5.693144	84	0	0.155942	0.07278
549.382000207901	5.666328	84	0	0.095799	0.07278
551.2109999656677	5.661552	86	0	0.166418	0.07278
553.3800001144409	5.57352	84	0	0.108525	0.07278
555.3830001354218	5.693448	84	0	0.148086	0.07278
557.3949999809265	4.065896	86	0	0.126526	0.07278
559.3850002288818	5.654208	84	0	0.148272	0.07278
561.4630000591278	5.639144	86	51	0.173518	0.07278
564.2810001373291	5.658544	82	0	0.168515	0.07278
566.5020000934601	5.523032	82	0	0.166898	0.07278
567.5020000934601	5.624744	84	54	0.137133	0.07278
569.393000125885	2.980216	82	0	0.09285	0.07278
572.0150001049042	5.546112	88	49	0.180861	0.07278
573.7610001564026	5.730168	82	0	0.164575	0.07278
575.2360002994537	5.584048	82	43	0.120932	0.07278
577.382000207901	5.62976	82	0	0.160156	0.07278
579.2580001354218	5.64844	4	0	0.151945	0.07278
581.3880002498627	5.776384	84	0	0.083	0.07278
583.3870000839233	5.776384	84	0	0.079882	0.07278
585.3890001773834	5.515584	84	0	0.083831	0.07278
587.3830001354218	5.654184	86	0	0.175861	0.07278
589.3840000629425	5.614056	84	0	0.108647	0.07278
591.393000125885	5.714128	82	0	0.108722	0.07278
593.3850002288818	5.551216	82	0	0.147508	0.07278
595.3800001144409	5.522112	86	0	0.174997	0.072874
597.382000207901	5.540728	82	0	0.166251	0.072874
599.3870000839233	5.674912	86	0	0.081789	0.072874
601.3789999485016	5.517968	88	0	0.177566	0.072874
604.0600001811981	5.26168	84	0	0.163966	0.072874
605.3470001220703	5.696136	84	0	0.080405	0.072874
607.3870000839233	5.828624	84	0	0.08093	0.072874
609.3989999294281	5.585584	84	52	0.173245	0.072874
611.3960001468658	5.884128	84	0	0.082725	0.072874
613.382000207901	5.64224	84	0	0.082102	0.072874
615.3830001354218	5.562608	84	0	0.154306	0.072874
617.3789999485016	5.597392	82	0	0.119142	0.072874
619.3810002803802	5.745144	84	0	0.111422	0.072874
621.3780000209808	5.343496	84	0	0.08719	0.072874
623.3199999332428	5.572456	84	0	0.085373	0.072874
625.3880002498627	5.113304	82	0	0.098331	0.072874
627.3870000839233	5.113304	82	0	0.082683	0.072874
629.3810002803802	5.813976	84	0	0.121267	0.072874
631.3810002803802	5.629104	84	0	0.085641	0.072874
633.3800001144409	5.651632	86	0	0.084545	0.072874
635.3870000839233	5.651632	84	0	0.083063	0.072874
637.3810002803802	5.740544	82	0	0.082326	0.072874
639.3880002498627	5.527264	82	0	0.105391	0.072874
641.3830001354218	5.794032	82	0	0.088981	0.072874
643.393000125885	5.471704	82	0	0.081474	0.072874
645.3949999809265	5.717744	86	0	0.0814	0.072874
647.3270001411438	5.722	88	0	0.083112	0.072874
649.3830001354218	5.672088	86	0	0.105783	0.072874
651.3880002498627	5.674224	86	0	0.114546	0.072874
653.3789999485016	5.9004	86	0	0.120367	0.072874
655.3810002803802	5.607744	86	0	0.135759	0.072874
657.3840000629425	5.25508	86	0	0.084999	0.072874
659.3900001049042	5.303528	88	0	0.142274	0.072874
661.3870000839233	6.177632	90	0	0.147768	0.072874
663.3830001354218	5.68404	90	0	0.128633	0.072874
665.382000207901	5.388552	90	0	0.090588	0.072874
667.3870000839233	5.590896	88	0	0.104201	0.072874
669.3800001144409	5.595376	86	0	0.12712	0.072874
671.3199999332428	5.553176	86	0	0.08806	0.072874
673.3900001049042	5.653464	84	0	0.172243	0.072874
675.3880002498627	5.498888	84	0	0.094097	0.072874
677.3789999485016	5.51644	82	0	0.119099	0.072874
679.3800001144409	5.16828	82	0	0.103392	0.072874
681.3900001049042	5.300312	82	0	0.081984	0.072874
683.3989999294281	5.300312	86	0	0.07845	0.072874
685.3830001354218	5.300312	86	0	0.079528	0.072874
687.3800001144409	5.566912	86	0	0.088254	0.072874
689.3840000629425	5.622984	86	0	0.105909	0.072874
691.3890001773834	5.686	90	0	0.094891	0.072874
693.382000207901	5.646792	86	0	0.168953	0.072874
695.3919999599457	5.652848	84	0	0.082396	0.072672
697.3850002288818	5.592496	84	0	0.086505	0.072672
699.3840000629425	5.617712	82	0	0.162627	0.072672
701.3830001354218	5.561048	86	0	0.120703	0.072672
703.3830001354218	5.75236	86	0	0.101099	0.072672
705.3910000324249	5.539024	86	0	0.085079	0.072672
707.3900001049042	5.6466	84	0	0.119997	0.072672
709.3840000629425	5.054384	84	0	0.087289	0.072672
711.3880002498627	5.432176	84	0	0.147994	0.072672
713.3860001564026	5.56736	84	0	0.135238	0.072672
715.3840000629425	5.605656	86	0	0.152325	0.072672
717.3840000629425	5.62356	86	0	0.155349	0.072672
719.3789999485016	5.588328	84	0	0.084421	0.072672
721.3860001564026	4.972184	86	0	0.159669	0.072672
723.3910000324249	5.632672	86	0	0.172546	0.072672
725.3840000629425	1.884496	82	0	0.302224	0.072672
727.3949999809265	5.645672	84	0	0.11965	0.072672
729.3890001773834	5.550496	84	0	0.109037	0.072672
731.3840000629425	1.275256	84	0	0.369378	0.072672
733.3789999485016	5.764824	84	0	0.125766	0.072672
735.3860001564026	5.829664	84	0	0.086828	0.072672
737.3900001049042	5.565688	84	0	0.08626	0.072672
739.3949999809265	5.510632	84	0	0.113329	0.072672
741.3890001773834	5.655112	84	0	0.146676	0.072672
743.3989999294281	5.37804	82	0	0.082095	0.072672
745.3919999599457	5.52816	84	0	0.109455	0.072672
747.6319999694824	5.57112	88	0	0.1173	0.072672
749.6410002708435	5.730432	96	0	0.196777	0.072672
751.6340000629425	2.219024	94	0	0.270089	0.072672
753.6349999904633	5.78748	94	0	0.091238	0.072672
755.6360001564026	5.64832	82	0	0.154128	0.072672
757.5789999961853	5.680856	84	0	0.081639	0.072672
759.6330001354218	1.00308	84	0	0.411746	0.072672
761.6420001983643	5.14792	84	0	0.115704	0.072672
763.643000125885	5.690704	84	0	0.134772	0.072672
765.6370000839233	5.339024	84	0	0.167727	0.072672
767.6270000934601	5.502152	86	0	0.084226	0.072672
769.6380000114441	5.240312	86	0	0.112431	0.072672
771.6399998664856	5.558128	84	0	0.081791	0.072672
773.6399998664856	5.659024	100	0	0.198946	0.072672
775.6399998664856	5.689592	84	0	0.203785	0.072672
777.6370000839233	5.025056	84	0	0.085324	0.072672
779.6340000629425	5.659056	86	0	0.113845	0.072672
781.5810000896454	5.746392	88	0	0.08757	0.072672
783.6380000114441	5.64072	88	0	0.137111	0.072672
785.6319999694824	2.210656	82	0	0.093607	0.072672
787.6360001564026	5.409112	86	0	0.08471	0.072672
789.6330001354218	5.7526	86	0	0.105027	0.072672
791.6410002708435	5.699952	84	0	0.085113	0.072672
793.6389999389648	5.525016	84	0	0.112574	0.072672
795.643000125885	5.318912	84	0	0.12643	0.072672
797.6480000019073	3.43836	84	0	0.098178	0.072672
799.6360001564026	0.645816	86	0	0.38235	0.072672
801.6389999389648	5.612992	84	0	0.313698	0.072672
803.6330001354218	0.108216	84	0	0.105182	0.072672
805.5670001506805	5.59072	84	0	0.081138	0.072672
807.6380000114441	5.723056	84	0	0.150156	0.072672
809.6440002918243	5.599608	84	0	0.143431	0.072672
811.6450002193451	3.278384	94	0	0.132785	0.072672
813.6349999904633	1.977648	84	0	0.35551	0.072672
815.6360001564026	5.149504	82	0	0.081384	0.072672
817.643000125885	5.463672	86	0	0.16024	0.072672
819.6399998664856	5.66492	84	0	0.173483	0.072672
821.6399998664856	5.662536	84	0	0.160883	0.072672
823.6300001144409	5.530096	82	0	0.121961	0.072672
825.6470000743866	4.499584	88	0	0.16747	0.072672
827.6360001564026	5.584504	84	0	0.093221	0.072672
829.5820000171661	5.588304	82	0	0.091187	0.072672
831.6470000743866	5.550608	84	0	0.090594	0.072672
833.6360001564026	5.813312	84	0	0.097928	0.072672
835.6280002593994	5.5454	86	0	0.109494	0.072672
837.6410002708435	5.650544	84	0	0.107404	0.072672
839.5260000228882	5.70624	90	0	0.118842	0.072672
841.6460001468658	5.65888	90	0	0.18073	0.072672
843.6370000839233	5.656128	88	0	0.127333	0.072672
845.6340000629425	1.247816	84	0	0.361707	0.072672
847.6330001354218	6.11972	85	0	0.149278	0.072672
849.6399998664856	5.763128	88	0	0.084785	0.072672
851.6360001564026	5.745128	86	0	0.156857	0.072672
853.5700001716614	5.775344	88	0	0.093107	0.072672
855.6349999904633	2.71532	84	0	0.086959	0.072672
857.6440002918243	5.615832	84	0	0.133832	0.072672
859.6340000629425	5.684704	84	0	0.107086	0.072672
861.6349999904633	5.559824	84	0	0.134001	0.072672
863.6490001678467	5.43132	82	0	0.083733	0.072672
865.6349999904633	5.6726	84	0	0.103207	0.072672
867.6399998664856	1.209728	84	0	0.254351	0.072672
869.6080000400543	5.5756	82	0	0.121216	0.072672
871.6380000114441	5.497432	86	0	0.176666	0.072672
873.6410002708435	5.313752	84	0	0.089937	0.072672
875.6399998664856	5.6406	84	0	0.148248	0.072672
877.5780000686646	5.626768	84	0	0.083188	0.072672
879.6349999904633	5.642624	84	0	0.144143	0.072672
881.6380000114441	5.230856	86	0	0.171	0.072672
883.643000125885	2.048944	86	0	0.313435	0.072672
885.6420001983643	5.602744	84	0	0.131539	0.072632
887.6290001869202	5.801608	82	0	0.084708	0.072632
889.6330001354218	5.617016	82	0	0.123193	0.072632
891.6389999389648	5.669808	82	0	0.123521	0.072632
893.6280002593994	2.322128	82	0	0.291785	0.072632
895.6450002193451	5.631576	4	0	0.116902	0.072632
897.6310000419617	5.581608	86	0	0.081958	0.072632
899.6310000419617	5.153008	86	0	0.084595	0.072632
901.5839998722076	5.196288	86	0	0.087054	0.072632
903.6380000114441	5.66008	84	0	0.16683	0.072632
905.6310000419617	5.66172	84	0	0.089504	0.072632
907.6300001144409	5.496072	86	0	0.149877	0.072632
909.6389999389648	5.607768	84	0	0.161282	0.072632
911.6410002708435	5.543488	84	0	0.081094	0.072632
913.9460000991821	5.660416	82	0	0.103598	0.072632
915.6440002918243	5.41444	84	0	0.109018	0.072632
917.6420001983643	5.682688	84	0	0.127619	0.072632
919.6420001983643	5.667288	82	0	0.118513	0.072632
921.6370000839233	5.805296	84	0	0.083776	0.072632
923.6380000114441	5.511088	86	0	0.089091	0.072632
925.6349999904633	5.906376	86	8	0.13193	0.072632
927.6319999694824	5.644216	86	0	0.086686	0.072632
929.6460001468658	5.177024	84	0	0.197564	0.072632
931.6399998664856	5.67048	86	0	0.161735	0.072632
933.6300001144409	5.700088	86	0	0.088821	0.072632
935.6300001144409	0.293216	82	0	0.166097	0.072632
937.6490001678467	5.331872	82	0	0.11942	0.072632
939.6349999904633	5.337504	82	0	0.084979	0.072632
941.6360001564026	5.668048	84	0	0.129539	0.072632
943.6340000629425	5.792536	84	0	0.115146	0.072632
945.6380000114441	5.60832	86	0	0.082899	0.072632
947.6310000419617	5.319512	86	0	0.101111	0.072632
949.6270000934601	5.809464	86	0	0.08586	0.072632
951.6360001564026	5.579048	88	0	0.11083	0.072632
953.6480000019073	5.735968	86	0	0.088525	0.072632
955.6340000629425	5.536592	86	0	0.109061	0.072632
957.6389999389648	5.792152	82	0	0.150535	0.072632
959.6450002193451	5.14996	84	0	0.086667	0.072632
961.643000125885	5.651488	90	0	0.140327	0.072632
963.6440002918243	5.5754	90	0	0.177209	0.072632
965.6310000419617	5.665296	84	0	0.111184	0.072632
967.6389999389648	5.857568	84	0	0.096998	0.072632
969.6340000629425	5.687152	82	0	0.08096	0.072632
971.6340000629425	5.470576	84	0	0.107786	0.072632
973.6450002193451	5.655632	82	0	0.083983	0.072632
975.6319999694824	5.676328	84	0	0.108489	0.072632
977.6389999389648	5.428912	84	0	0.085632	0.072632
979.6399998664856	5.988664	84	0	0.116576	0.072632
981.6389999389648	5.330144	86	0	0.086418	0.072632
983.6370000839233	5.388792	84	0	0.080847	0.072632
985.6420001983643	2.148568	86	0	0.347845	0.072632
987.6410002708435	5.683736	4	0	0.133411	0.072632
989.6410002708435	5.395704	86	0	0.129194	0.072632
991.6399998664856	6.1598	92	0	0.097926	0.072632
993.6500000953674	5.541408	92	0	0.092182	0.072632
995.8870000839233	5.604496	82	0	0.157172	0.072632
997.8850002288818	6.031536	84	0	0.083324	0.072632
999.8830001354218	5.612768	84	0	0.132762	0.072632
1001.8810002803802	0.187472	82	0	0.096761	0.072632
1003.8860001564026	5.298352	82	0	0.136863	0.072632
1005.8850002288818	5.556904	84	0	0.11283	0.072632
1007.8880000114441	5.635248	84	0	0.084286	0.072632
1009.8760001659393	5.391256	82	0	0.101117	0.072632
1011.8830001354218	4.720088	84	0	0.113158	0.072632
1013.8920001983643	5.014144	84	0	0.153756	0.072632
1015.8910000324249	5.535432	84	0	0.145164	0.072632
1017.8920001983643	5.14608	82	0	0.18306	0.072632
1019.8959999084473	5.638672	90	0	0.160492	0.072632
1021.8989999294281	5.509728	92	0	0.088809	0.072632
1023.8789999485016	5.646048	86	0	0.186348	0.072632
1025.8850002288818	5.590392	86	0	0.132674	0.072632
1027.891000032425	2.19196	84	0	0.254417	0.072632
1029.8810002803802	5.938328	86	0	0.141784	0.072632
1031.891000032425	6.070184	86	0	0.088824	0.072632
1033.8799998760223	5.661352	86	0	0.144634	0.072632
1035.8940000534058	5.530656	86	0	0.152492	0.072632
1037.8810002803802	5.433696	86	0	0.084138	0.072632
1039.884000301361	5.7172	84	0	0.090711	0.072632
1041.8860001564026	5.709944	84	0	0.091178	0.072632
1043.8860001564026	5.613912	84	0	0.13451	0.072632
1045.8789999485016	5.371496	82	0	0.082902	0.072632
1047.8890001773834	5.256152	84	0	0.130321	0.072632
1049.888000011444	5.695256	86	0	0.129749	0.072632
1051.8920001983643	5.649096	96	0	0.193278	0.072632
1053.8870000839233	5.483712	92	0	0.108719	0.072632
1055.8830001354218	5.642672	84	0	0.103412	0.072632
1057.884000301361	5.7742	84	0	0.083877	0.072632
1059.8860001564026	5.645272	84	0	0.1428	0.072632
1061.8949999809265	5.453432	84	0	0.08994	0.072632
1063.8830001354218	5.877936	4	0	0.111483	0.072632
1065.8890001773834	5.642032	86	0	0.081623	0.072632
1067.884000301361	5.2224	88	0	0.119701	0.072632
1069.8830001354218	5.272672	84	2	0.083782	0.072632
1071.8870000839233	5.569856	86	0	0.108816	0.072632
1073.8860001564026	5.268104	96	0	0.106956	0.072632
1075.8870000839233	5.72204	96	0	0.192056	0.072632
1077.8810002803802	4.222024	96	0	0.164489	0.072632
1079.8940000534058	5.752304	88	0	0.086409	0.072632
1081.8789999485016	5.69416	90	0	0.177193	0.072632
1083.8940000534058	5.82184	88	0	0.168656	0.072632
1085.9010002613068	5.578272	84	0	0.151075	0.072632
1087.8850002288818	5.721688	84	0	0.090233	0.072632
1089.8940000534058	5.816952	84	0	0.082097	0.072632
1091.8799998760223	5.561856	82	0	0.111375	0.072632
1093.8860001564026	5.683504	84	0	0.083955	0.072632
1095.888000011444	5.553384	84	0	0.120001	0.072632
1097.884000301361	5.775872	86	0	0.084968	0.072632
1099.891000032425	5.666248	86	0	0.1236	0.072632
1101.888000011444	5.888848	84	0	0.08496	0.072632
1103.884000301361	5.614408	84	0	0.084926	0.072632
1105.8830001354218	2.451056	84	0	0.091667	0.072632
1107.8890001773834	5.573512	84	0	0.112441	0.072632
1109.882000207901	2.247776	84	0	0.317148	0.072632
1111.8940000534058	5.401816	94	0	0.212806	0.072632
1113.8920001983643	4.94976	92	0	0.104578	0.072632
1115.891000032425	0.863744	86	0	0.397982	0.072632
1117.8920001983643	5.693136	82	0	0.088351	0.072632
1119.8860001564026	5.194432	84	0	0.160225	0.072632
1121.808000087738	5.506248	86	0	0.110836	0.072632
1124.049000263214	3.715128	86	49	0.260314	0.072632
1125.888000011444	5.464936	84	0	0.101654	0.072632
1127.8870000839233	4.420032	86	0	0.161125	0.072632
1129.891000032425	6.121056	86	0	0.099404	0.072632
1131.8830001354218	5.43356	86	0	0.131036	0.072632
1133.891000032425	3.13996	84	0	0.151657	0.072632
1135.8870000839233	5.195352	84	0	0.101226	0.072632
1137.888000011444	5.651264	82	0	0.097033	0.072632
1140.4840002059937	0.50664	84	0	1.163419	0.072632
1141.8470001220703	3.792344	84	0	0.119605	0.072632
1143.8789999485016	5.704488	84	0	0.111221	0.072632
1145.8850002288818	5.704488	84	0	0.090477	0.072632
1148.151999950409	1.765504	86	47	0.17407	0.072632
1149.891000032425	5.482768	86	0	0.176085	0.072632
1151.8940000534058	5.68708	92	0	0.187387	0.072632
1153.8870000839233	5.44488	84	0	0.168538	0.072632
1155.8789999485016	5.20548	84	0	0.098685	0.072632
1158.058000087738	5.452472	84	0	0.108602	0.072632
1159.882000207901	5.54888	84	0	0.110586	0.072632
1161.8940000534058	5.680272	84	0	0.152498	0.072632
1164.199000120163	5.051512	82	0	0.150412	0.072632
1165.8850002288818	5.753624	82	0	0.083379	0.072632
1168.3120000362396	5.557992	84	0	0.091717	0.072632
1170.1410002708435	5.55176	86	0	0.165741	0.072632
1172.808000087738	5.923464	84	48	0.086792	0.072632
1173.891000032425	5.643456	84	0	0.095059	0.072632
1175.8870000839233	0.440256	82	0	0.20702	0.072632
1177.8920001983643	5.369288	88	0	0.107064	0.072632
1179.8959999084473	5.757496	88	0	0.177912	0.072632
1182.2269999980927	5.568736	84	0	0.118266	0.072632
1183.8850002288818	5.638608	82	0	0.163035	0.072632
1185.891000032425	5.70516	84	0	0.088823	0.072766
1187.9020001888275	5.542368	82	0	0.155354	0.072766
1189.8890001773834	1.364936	84	0	0.324711	0.072766
1191.8900001049042	5.673112	86	0	0.120042	0.072766
1193.8949999809265	5.570456	88	0	0.108895	0.072766
1195.8799998760223	5.66816	88	0	0.114381	0.072766
1197.8920001983643	5.65992	88	0	0.15955	0.072766
1199.8870000839233	5.422352	84	0	0.086129	0.072766
1201.884000301361	4.574488	86	0	0.118941	0.072766
1203.884000301361	5.649	86	0	0.101286	0.072766
1205.8900001049042	5.356456	86	0	0.09524	0.072766
1207.8870000839233	1.388672	88	0	0.369758	0.072766
1209.8920001983643	5.837008	84	0	0.084734	0.072766
1211.8970000743866	5.618568	90	0	0.172001	0.072766
1213.882000207901	5.679608	88	0	0.09011	0.072766
1215.893000125885	5.485456	88	0	0.107479	0.072766
1217.8810002803802	5.725224	84	0	0.125682	0.072766
1220.4479999542236	5.162832	84	24	0.192466	0.072766
1222.5360000133514	5.689736	86	0	0.171389	0.072766
1225.3330001831055	5.44664	86	54	0.138027	0.072766
1227.4450001716614	5.670368	86	0	0.10144	0.072766
1228.9230000972748	5.662696	84	51	0.172164	0.072766
1229.960000038147	5.596512	82	0	0.155903	0.072766
1231.8830001354218	5.572	84	0	0.135145	0.072766
1233.884000301361	5.663184	84	0	0.136172	0.072766
1235.8940000534058	1.215704	84	0	0.387413	0.072766
1237.9110000133514	4.152352	84	0	0.165831	0.072766
1239.8850002288818	5.631552	84	0	0.15244	0.072766
1242.145000219345	5.522112	86	0	0.109041	0.072766
1243.944000005722	2.340264	86	43	0.083071	0.072766
1245.898999929428	5.798176	86	0	0.092706	0.072766
1248.1330001354218	5.0006	82	0	0.145705	0.072766
1250.1420001983643	5.649624	88	0	0.113299	0.072766
1252.0789999961853	5.515808	84	0	0.081562	0.072766
1254.1470000743866	5.185432	86	0	0.164101	0.072766
1256.143000125885	5.393184	84	0	0.115074	0.072766
1258.1349999904633	1.897104	86	0	0.3598	0.072766
1260.132000207901	5.63368	86	0	0.100876	0.072766
1262.1389999389648	5.521176	86	0	0.085029	0.072766
1264.130000114441	5.189184	88	0	0.104394	0.072766
1266.143000125885	2.383088	84	0	0.082653	0.072766
1268.1420001983643	5.617032	84	0	0.157137	0.072766
1270.1370000839233	1.33428	84	0	0.156634	0.072766
1272.135999917984	5.629104	84	0	0.095002	0.072766
1274.1440000534058	5.626424	84	0	0.105993	0.072766
1276.0850002765656	5.680224	88	0	0.088659	0.072766
1278.1340000629425	5.680224	88	0	0.078795	0.072766
1280.1310000419617	5.680224	88	0	0.078284	0.072766
1282.135999917984	5.321576	86	0	0.085574	0.072766
1284.132000207901	5.321576	86	0	0.081915	0.072766
1286.1349999904633	5.571968	84	0	0.08423	0.072766
1288.3519999980927	5.675056	84	0	0.129143	0.072766
1291.1549999713898	5.118672	86	0	0.099557	0.072766
1294.4879999160767	5.624952	86	38	0.132085	0.072766
1295.7869999408722	5.58548	84	0	0.156065	0.072766
1297.7039999961853	1.420304	84	44	0.087582	0.072766
1299.470999956131	5.648032	86	0	0.176383	0.072766
1300.7650001049042	5.61072	86	50	0.134206	0.072766
1302.9630000591278	5.547272	84	0	0.170415	0.072766
1304.5030000209808	2.138896	84	0	0.092326	0.072766
1306.1530001163483	5.55712	84	51	0.1115	0.072766
1308.210000038147	5.603608	82	0	0.078775	0.072766
1310.1370000839233	2.092408	84	32	0.115383	0.072766
1312.9660000801086	0.336552	82	0	0.293237	0.072766
1314.4610002040863	5.131128	84	0	0.103543	0.072766
1316.130000114441	5.723016	84	0	0.083181	0.072766
1318.0710000991821	5.606592	4	0	0.140444	0.072766
1320.1340000629425	5.808688	86	0	0.084203	0.072766
1322.1340000629425	3.647032	86	0	0.153491	0.072766
1324.0810000896454	5.676016	86	0	0.08526	0.072766
1325.983999967575	5.675376	84	0	0.168902	0.072766
1328.1389999389648	3.141928	82	0	0.103291	0.072766
1330.145000219345	5.67276	82	0	0.104729	0.072766
1332.143000125885	5.648464	82	0	0.160305	0.072766
1334.1400003433228	5.681904	86	0	0.175871	0.072766
1336.1210000514984	5.714448	86	0	0.171967	0.072766
1338.132000207901	4.750736	82	0	0.126761	0.072766
1340.2639999389648	2.041744	84	41	0.178851	0.072766
1342.340000152588	5.359976	86	0	0.108242	0.072766
1344.465000152588	4.162352	82	44	0.190485	0.072766
1346.1370000839233	5.618416	84	0	0.108552	0.072766
1348.0780000686646	5.587848	84	0	0.084519	0.072766
1350.1389999389648	5.681496	84	0	0.111717	0.072766
1352.156000137329	2.272048	86	0	0.437828	0.072766
1354.135999917984	4.905984	84	0	0.169417	0.072766
1356.1370000839233	5.640112	82	0	0.169582	0.072766
1358.0550000667572	4.82456	84	0	0.149308	0.072766
1360.135999917984	4.316872	84	0	0.221467	0.072766
1362.148000240326	2.850256	84	0	0.333683	0.072766
1365.4900000095367	3.046656	142	33	0.197808	0.072766
1368.4970002174377	5.499816	84	0	0.119859	0.072766
1370.0850002765656	5.619224	84	23	0.171307	0.072766
1372.0290002822876	5.668296	86	0	0.174983	0.072766
1373.2699999809265	5.543088	86	46	0.16471	0.072766
1374.6890001296997	5.79412	84	0	0.122285	0.072766
1376.1470000743866	5.679512	82	0	0.157969	0.072766
1378.0670001506805	5.559064	84	0	0.114599	0.072766
1380.135999917984	5.4842	84	0	0.133416	0.072766
1382.145000219345	5.693808	86	0	0.087443	0.072766
1384.1349999904633	5.681064	84	0	0.083173	0.072766
1386.1310000419617	5.618344	84	0	0.127858	0.072766
1388.1370000839233	5.677872	86	0	0.165988	0.072766
1390.1340000629425	5.659608	86	0	0.109387	0.072766
1392.138000011444	1.303328	82	0	0.332804	0.072766
1394.1240003108978	5.032112	188	0	0.364475	0.072766
1396.0820000171661	5.134736	76	0	0.090156	0.072766
1398.1389999389648	5.385864	80	0	0.161889	0.072662
1400.1330001354218	5.452536	88	0	0.126032	0.072662
1402.138000011444	2.43304	82	0	0.393096	0.072662
1404.1510000228882	5.733432	84	0	0.166406	0.072662
1406.1440000534058	5.445096	86	0	0.172957	0.072662
1408.1400003433228	5.683648	84	0	0.121527	0.072662
1410.148000240326	5.614448	84	0	0.098693	0.072662
1412.1440000534058	5.631984	96	0	0.119722	0.072662
1414.3310000896454	5.825792	82	0	0.104	0.072662
1416.1389999389648	1.5378	82	0	0.321247	0.072662
1418.1389999389648	5.709008	86	0	0.145148	0.072662
1420.0720000267029	5.785168	84	0	0.087108	0.072662
1422.1370000839233	5.742144	84	0	0.149109	0.072662
1424.143000125885	5.746472	90	0	0.160164	0.072662
1426.145000219345	5.647512	88	0	0.174394	0.072662
1428.135999917984	5.648888	86	0	0.149816	0.072662
1430.143000125885	5.553472	86	0	0.085275	0.072662
1432.1349999904633	5.620544	90	0	0.159913	0.072662
1434.1400003433228	3.336344	84	0	0.255273	0.072662
1436.135999917984	3.92944	60	25	0.076661	0.072662
1438.1349999904633	5.667552	80	0	0.082972	0.071643
1440.244000196457	5.520488	80	38	0.112179	0.071643
1442.1340000629425	5.311504	88	0	0.10949	0.071643
1444.1440000534058	5.62696	82	0	0.084573	0.071643
1446.138000011444	5.536552	80	0	0.114548	0.071643
1448.1340000629425	5.657976	84	0	0.106998	0.071643
1450.143000125885	5.66768	86	0	0.122333	0.071643
1452.145000219345	5.49576	86	0	0.115509	0.071643
1454.1400003433228	5.56496	86	0	0.082396	0.071643
1456.145000219345	5.6982	84	0	0.11521	0.071643
1458.1389999389648	5.6956	84	0	0.108607	0.071643
1460.1420001983643	5.522192	88	0	0.163219	0.071643
1462.143000125885	5.635336	86	0	0.117032	0.071643
1464.1389999389648	0.720272	84	0	0.408082	0.071643
1466.1349999904633	5.41028	82	0	0.170261	0.071643
1468.1460001468658	5.887848	84	0	0.083189	0.071643
1470.1349999904633	5.274504	82	0	0.113167	0.071643
1472.1460001468658	5.637952	88	0	0.141687	0.071643
1474.1440000534058	5.538472	82	0	0.105493	0.071643
1476.1420001983643	5.139536	82	0	0.107472	0.071643
1478.1440000534058	3.0672	92	0	0.200545	0.071643
1480.1389999389648	5.337472	92	0	0.179884	0.071643
1482.1370000839233	5.321864	84	0	0.130065	0.071643
1484.130000114441	1.14492	86	0	0.398393	0.071643
1486.1370000839233	5.499392	88	0	0.158719	0.071643
1488.1410002708435	5.673304	84	0	0.112885	0.071643
1490.398999929428	5.520112	86	0	0.157296	0.071643
1492.391000032425	5.590752	84	0	0.087125	0.071643
1494.7320001125336	2.75356	82	0	0.353243	0.071643
1498.020000219345	2.568936	44	0	0.139714	0.071643
1500.1620001792908	2.113568	46	28	0.254698	0.071643
1501.848000049591	2.128672	40	0	0.198781	0.071643
1502.5030000209808	2.840632	48	36	0.086933	0.071643
1504.3870000839233	2.74356	52	0	0.218315	0.071643
1506.3890001773834	1.529704	46	33	0.182678	0.071643
1508.7190001010895	1.84988	40	0	0.247408	0.071643
1510.6310000419617	1.440536	34	0	0.216579	0.071643
1512.449000120163	2.018336	38	37	0.183585	0.071643
1514.4430000782013	2.133112	38	0	0.197772	0.071643
1516.391000032425	1.97904	40	32	0.134174	0.071643
1518.3900001049042	2.267088	42	0	0.205318	0.071643
1520.1900000572205	1.845992	40	0	0.240729	0.071643
1522.2930002212524	1.86528	48	24	0.120898	0.071643
1524.3580000400543	2.403232	42	0	0.110432	0.071643
1526.2020001411438	2.18636	40	33	0.144294	0.071643
1528.391000032425	2.609816	44	0	0.165235	0.071643
1530.257000207901	1.675184	44	32	0.281875	0.071643
1532.414999961853	2.12704	38	0	0.114284	0.071643
1534.470999956131	1.701704	54	0	0.280843	0.071643
1536.2900002002716	1.747624	54	42	0.210331	0.071643
1538.3830001354218	2.21564	56	0	0.288544	0.071643
1540.4010002613068	2.092064	40	0	0.123828	0.071643
1542.3850002288818	1.02528	40	0	0.362592	0.071643
1544.50200009346	2.42304	42	0	0.197488	0.071643
1547.3540000915527	1.682528	34	30	0.188919	0.071643
1551.170000076294	0.974864	44	0	0.377584	0.071643
1551.9640002250671	1.481176	44	25	0.268417	0.071643
1554.358999967575	2.105016	46	0	0.283636	0.071643
1556.351000070572	2.521888	44	44	0.172327	0.071643
1558.6630001068115	1.088872	44	0	0.118778	0.071643
1560.087000131607	2.171976	44	0	0.2224	0.071643
1561.4040002822876	2.505056	46	46	0.187007	0.071643
1563.0600001811981	2.14884	44	0	0.253494	0.071643
1564.6949999332428	1.922856	42	26	0.152049	0.071643
1566.851000070572	2.193072	42	0	0.217992	0.071643
1568.3870000839233	2.44272	42	0	0.096915	0.071643
1570.50200009346	1.902696	42	0	0.237239	0.071643
1575.4850001335144	1.345968	46	0	0.144062	0.071643
1579.2090001106262	1.271816	40	27	0.344989	0.071643
1582.6680002212524	2.149616	40	0	0.181909	0.071643
1583.3180000782013	2.184776	42	24	0.142478	0.071643
1585.8500001430511	1.072848	42	0	0.458249	0.071643
1587.478000164032	2.334928	42	0	0.170722	0.071643
1589.6780002117157	2.510728	40	26	0.183558	0.071643
1590.574000120163	2.52248	42	0	0.172589	0.071643
1591.2239999771118	1.69048	42	0	0.093457	0.071643
1593.255000114441	2.374688	46	0	0.176654	0.071643
1595.3029999732971	2.532536	44	0	0.189657	0.071643
1596.739000082016	2.944432	56	27	0.18446	0.071643
1598.4690001010895	0.340184	50	0	0.344498	0.071643
1599.8140001296997	2.72828	48	48	0.200953	0.071643
1601.433000087738	2.379288	46	0	0.195357	0.071643
1602.5860002040863	2.600376	46	46	0.206741	0.071643
1604.3949999809265	2.524424	44	0	0.180637	0.071643
1607.837000131607	1.952512	96	0	0.241632	0.071643
1610.6740000247955	3.310112	110	48	0.271373	0.071643
1613.1019999980927	3.747768	126	0	0.350252	0.071643
1614.9880001544952	2.606792	60	52	0.21681	0.071643
1617.2560000419617	2.910704	52	0	0.09276	0.071643
1619.0570001602173	2.944152	52	0	0.202587	0.071643
1620.710000038147	2.801456	50	28	0.159669	0.071643
1622.2340002059937	2.550928	50	0	0.220757	0.071643
1623.8210000991821	3.07104	52	34	0.120542	0.071643
1625.3270001411438	3.218384	52	0	0.122457	0.071643
1626.8970000743866	2.495112	50	50	0.235239	0.071643
1628.792000055313	1.31332	46	0	0.133811	0.071643
1631.5989999771118	1.395656	44	0	0.366262	0.071643
1633.7829999923706	1.894824	34	34	0.196287	0.071643
1636.891000032425	1.990552	40	0	0.116082	0.071643
1638.1870000362396	1.758888	40	40	0.263775	0.071643
1641.0010001659393	2.141704	40	0	0.139404	0.071643
1643.1630001068115	2.456016	40	0	0.167617	0.071643
1646.66100025177	2.513696	44	27	0.17342	0.071643
1649.494000196457	2.274536	40	0	0.20169	0.071643
1650.8830001354218	2.221656	40	26	0.178045	0.071643
1652.005000114441	2.034344	40	0	0.128824	0.071643
1655.2600002288818	1.888208	36	26	0.213625	0.071643
1658.151999950409	1.869024	38	0	0.232604	0.071643
1660.1330001354218	2.389368	38	0	0.079606	0.071643
1661.2750000953674	5.510784	82	20	0.101426	0.071643
1662.3570001125336	1.665896	82	0	0.366345	0.071643
1663.1570000648499	5.754696	82	26	0.123982	0.071643
1664.891000032425	5.481248	82	0	0.166218	0.071643
1665.2829999923706	5.662336	82	0	0.109883	0.071643
1666.3919999599457	5.680104	86	0	0.11438	0.071643
1668.3850002288818	5.575272	82	0	0.166587	0.071643
1670.3870000839233	5.552952	82	0	0.081327	0.071643
1672.393000125885	2.298776	4	0	0.301405	0.071643
1674.326000213623	5.149064	86	0	0.08456	0.071643
1676.3850002288818	0.308384	84	0	0.237269	0.071643
1678.3999998569489	1.56252	84	0	0.378155	0.071643
1680.3840000629425	5.598744	84	0	0.158703	0.071643
1682.382000207901	5.711784	86	0	0.110477	0.071643
1684.3960001468658	5.345296	82	0	0.08298	0.071643
1686.3949999809265	5.709488	90	0	0.174544	0.071643
1688.3270001411438	24.883992	98	0	0.032466	0.012403
1688.3980000019073	5.61292	90	0	0.138391	0.071643
1688.4539999961853	26.588928	98	0	0.031753	0.012403
1688.7400002479553	16.548264	92	0	0.062657	0.012403
1689.2180001735687	11.859048	62	0	0.056435	0.012403
1689.473000049591	23.282	82	21	0.019063	0.012403
1690.3870000839233	5.535256	84	0	0.130074	0.071643
1692.3919999599457	5.721984	84	0	0.125647	0.071643
1694.3919999599457	5.469232	84	0	0.084387	0.071643
1696.3850002288818	5.236712	84	0	0.094949	0.071643
1698.3850002288818	5.853952	84	0	0.083279	0.071643
1700.3890001773834	5.700208	84	0	0.132386	0.071643
1702.391000032425	5.67836	84	0	0.115571	0.071643
1704.3919999599457	5.614168	86	0	0.143915	0.071643
1706.3949999809265	5.247792	88	0	0.167943	0.071643
1708.382000207901	5.776584	82	0	0.085921	0.071643
1710.3960001468658	5.643248	84	0	0.112246	0.071643
1712.3870000839233	5.282392	82	0	0.086393	0.071643
1714.3970000743866	5.902712	84	0	0.102496	0.071643
1716.382000207901	5.782776	90	0	0.180205	0.071643
1718.3890001773834	0.836896	84	0	0.364674	0.071643
1720.3850002288818	5.682216	84	0	0.146568	0.071643
1722.391000032425	5.47604	84	0	0.08415	0.071643
1724.3949999809265	5.663752	82	0	0.156958	0.071643
1726.391000032425	3.583736	84	0	0.211229	0.071643
1728.3840000629425	5.7504	84	0	0.085356	0.071643
1730.3860001564026	5.703336	84	0	0.105983	0.071643
1732.382000207901	5.593608	84	0	0.083541	0.071643
1734.3850002288818	5.518048	86	0	0.149364	0.071643
1736.3880002498627	5.710584	86	0	0.15638	0.071643
1738.398999929428	5.491552	86	0	0.166424	0.072534
1740.3860001564026	5.725336	84	0	0.111244	0.072534
1742.3960001468658	5.760024	88	0	0.085524	0.072534
1744.393000125885	5.671984	88	0	0.14455	0.072534
1746.393000125885	5.370224	82	0	0.085321	0.072534
1748.6399998664856	5.628552	84	0	0.128564	0.072534
1750.638000011444	5.72604	82	0	0.120163	0.072534
1752.638000011444	5.2986	84	0	0.098157	0.072534
1754.6480000019073	5.52028	84	0	0.152362	0.072534
1756.6340000629425	1.4648	84	0	0.342517	0.072534
1758.6340000629425	5.677464	86	0	0.121242	0.072534
1760.643000125885	1.4516	84	0	0.383763	0.072534
1762.6360001564026	5.318536	84	0	0.087996	0.072534
1766.7509999275208	0.567512	84	0	0.081901	0.072534
1767.590000152588	5.52184	84	52	0.130203	0.072534
1768.4900000095367	2.949536	80	0	0.111333	0.07109
1770.6360001564026	4.082032	82	0	0.094085	0.07109
1772.6370000839233	5.750128	80	0	0.080643	0.07109
1774.6360001564026	5.680792	82	0	0.121291	0.07109
1776.6410002708435	5.657832	84	0	0.156631	0.07109
1778.6370000839233	2.464224	84	0	0.332125	0.07109
1780.6490001678467	5.340016	82	0	0.08157	0.07109
1782.6360001564026	5.65392	84	0	0.092529	0.07109
1784.6370000839233	5.713744	84	0	0.139132	0.07109
1786.6319999694824	5.654488	84	0	0.123844	0.07109
1788.643000125885	1.225624	84	0	0.386364	0.07109
1790.6440002918243	5.861976	84	0	0.129706	0.07109
1792.6399998664856	5.774592	84	0	0.147497	0.07109
1794.6480000019073	5.664528	84	0	0.083933	0.07109
1796.6340000629425	5.666528	82	0	0.106213	0.07109
1798.6389999389648	0.937112	84	0	0.379288	0.07109
1800.6490001678467	5.55196	88	0	0.107097	0.07109
1802.638000011444	5.022784	86	0	0.114308	0.07109
1804.6360001564026	5.388432	86	0	0.085438	0.07109
1806.638000011444	5.744328	86	0	0.137445	0.07109
1808.6460001468658	5.527312	86	0	0.147344	0.07109
1810.6460001468658	5.649216	84	0	0.143736	0.07109
1812.643000125885	4.563168	82	0	0.139001	0.07109
1814.4750001430511	5.641744	84	0	0.117015	0.07109
1816.643000125885	5.57256	82	0	0.116862	0.07109
1818.8140001296997	2.363944	84	42	0.087211	0.07109
1820.7430000305176	5.65496	84	0	0.101934	0.07109
1822.4950001239777	5.842728	84	0	0.087978	0.07109
1824.5250000953674	5.73972	84	0	0.103323	0.07109
1826.6389999389648	5.464112	84	0	0.109258	0.07109
1828.6490001678467	5.77728	84	0	0.086633	0.07109
1830.6530001163483	1.053304	82	0	0.375445	0.07109
1832.6480000019073	5.719432	84	0	0.115527	0.07109
1834.6480000019073	5.505016	84	0	0.082121	0.07109
1836.6330001354218	5.655792	84	0	0.099747	0.07109
1838.643000125885	5.690168	84	0	0.145264	0.07109
1840.6349999904633	5.678544	84	0	0.116798	0.07109
1842.6460001468658	5.653632	84	0	0.08571	0.07109
1844.6420001983643	5.576968	84	0	0.099076	0.07109
1846.6389999389648	5.576968	84	0	0.084566	0.07109
1848.6370000839233	5.22212	86	0	0.096889	0.07109
1850.6399998664856	2.021896	84	0	0.381717	0.07109
1852.6389999389648	5.472664	80	0	0.082422	0.07109
1854.6340000629425	2.093032	82	0	0.211526	0.07109
1856.645000219345	0.989304	84	0	0.401783	0.07109
1858.6460001468658	5.65348	82	0	0.114841	0.07109
1860.645000219345	5.657	84	0	0.125517	0.07109
1862.6420001983643	5.708072	4	0	0.123487	0.07109
1864.645000219345	3.458048	82	0	0.080792	0.07109
1866.6330001354218	5.578728	84	0	0.085446	0.07109
1868.638000011444	2.471128	86	0	0.371464	0.07109
1870.6389999389648	5.463472	84	0	0.122444	0.07109
1872.6360001564026	5.41696	84	0	0.117211	0.07109
1874.6440002918243	5.666968	84	0	0.123273	0.07109
1876.6349999904633	5.753832	84	0	0.083162	0.07109
1878.6420001983643	1.061544	82	0	0.38033	0.07109
1880.638000011444	5.1884	86	0	0.103745	0.07109
1882.6370000839233	3.984328	84	0	0.080036	0.07109
1884.6410002708435	5.601552	86	0	0.097487	0.07109
1886.6360001564026	5.74088	86	0	0.170204	0.07109
1888.643000125885	4.829088	86	0	0.193911	0.07109
1890.645000219345	5.57052	86	0	0.092029	0.07109
1892.643000125885	3.803528	82	0	0.102607	0.07109
1894.6349999904633	5.78212	84	0	0.106564	0.07109
1896.6340000629425	5.627008	86	0	0.115572	0.07109
1898.645000219345	1.250688	86	0	0.401443	0.07109
1900.6360001564026	5.7248	84	0	0.084542	0.07109
1902.6399998664856	0.325288	84	0	0.27313	0.07109
1904.6349999904633	5.744144	84	0	0.169557	0.07109
1906.6370000839233	5.842792	84	0	0.089947	0.07109
1909.199000120163	5.597232	84	0	0.106129	0.07109
1910.6420001983643	5.668232	86	0	0.12349	0.07109
1912.645000219345	5.735192	86	0	0.105122	0.07109
1914.6470000743866	5.611112	86	0	0.087353	0.07109
1916.645000219345	5.49892	88	0	0.117891	0.07109
1918.6319999694824	0.30432	84	0	0.168816	0.07109
1920.645000219345	5.621648	82	0	0.132148	0.07109
1922.6420001983643	5.568576	84	0	0.110675	0.07109
1924.6370000839233	5.180944	84	0	0.085195	0.07109
1926.6490001678467	5.73528	86	0	0.113428	0.07109
1928.6440002918243	5.55776	84	0	0.110154	0.07109
1930.6349999904633	5.48308	86	0	0.139805	0.07109
1932.6340000629425	2.77868	86	0	0.088085	0.07109
1934.6319999694824	5.70028	88	0	0.100012	0.07109
1936.6399998664856	0.358008	84	0	0.325465	0.07109
1938.888000011444	5.710496	84	44	0.167431	0.07109
1940.6410002708435	4.9848	84	0	0.103034	0.07109
1942.8920001983643	1.496328	86	0	0.340708	0.07109
1945.866000175476	3.120808	82	43	0.081762	0.07109
1948.6980001926422	5.594416	84	0	0.171137	0.07109
1949.8150000572205	5.49252	84	54	0.161022	0.07109
1950.643000125885	0.409336	84	0	0.345684	0.07109
1952.6370000839233	5.911768	82	0	0.080525	0.07109
1954.6399998664856	5.492384	84	0	0.118939	0.07109
1956.6370000839233	5.71616	84	0	0.120642	0.07109
1958.643000125885	5.583544	86	0	0.117592	0.07109
1960.6399998664856	5.703384	86	0	0.131969	0.07109
1962.643000125885	5.289912	82	0	0.083089	0.07109
1964.6310000419617	5.12324	84	0	0.094308	0.07109
1966.6460001468658	5.72956	84	0	0.124581	0.07109
1969.279000043869	3.492872	84	50	0.272141	0.07109
1972.0680003166199	5.391208	82	0	0.100215	0.07109
1973.1019999980927	5.626864	82	48	0.096282	0.07109
1976.3540000915527	5.676648	82	0	0.165129	0.07109
1980.5140001773834	5.304688	90	24	0.110225	0.07109
1983.4570002555847	5.632704	84	0	0.093607	0.07109
1985.875	5.47336	86	0	0.141938	0.07109
1988.0390000343323	5.543096	84	16	0.169908	0.07109
1989.9930002689362	5.652352	82	0	0.161912	0.07109
1990.9970002174377	5.697696	86	26	0.119989	0.07109
1991.9320001602173	5.508336	86	0	0.092129	0.07109
1994.031000137329	0.991584	84	0	0.381513	0.07109
1997.4010002613068	5.657184	84	23	0.089577	0.07109
2000.0639998912811	5.672992	84	0	0.147659	0.07109
2002.1850001811981	5.630536	84	17	0.153733	0.07109
2002.8890001773834	2.651104	84	0	0.088106	0.07109
2006.7980000972748	1.408424	84	12	0.349428	0.07109
2008.116000175476	0.548696	84	0	0.288816	0.07109
2010.6440002918243	5.677048	84	0	0.153019	0.07109
2013.4740002155304	5.908152	83	25	0.080663	0.07109
2015.1110000610352	5.581048	86	0	0.1217	0.07109
2016.074000120163	5.475784	84	24	0.161509	0.07109
2017.3860001564026	5.692232	84	0	0.09986	0.07109
2018.8210000991821	5.201944	84	0	0.171475	0.07109
2020.4930002689362	5.582712	84	25	0.096299	0.07109
2021.8860001564026	5.671672	86	0	0.174071	0.07109
2023.6210000514984	2.464848	4	15	0.342942	0.07109
2025.2560000419617	0.596656	84	0	0.401846	0.07109
2025.4120001792908	2.987808	84	43	0.105665	0.07109
2026.9010002613068	2.810208	86	0	0.216591	0.07109
2028.8949999809265	4.955568	86	0	0.16287	0.07109
2030.8959999084473	2.044552	86	0	0.425043	0.07109
2032.8920001983643	5.669376	84	0	0.151785	0.07109
2034.893000125885	0.18424	86	0	0.086767	0.07109
2036.8900001049042	5.966872	84	0	0.103708	0.07109
2038.8959999084473	5.514392	84	0	0.086002	0.07109
2041.6749999523163	5.390416	82	43	0.109069	0.07109
2044.03400015831	5.551272	86	0	0.100086	0.07109
2045.00200009346	5.570824	84	48	0.152292	0.07109
2046.8810002803802	5.749952	84	0	0.142842	0.07109
2048.826000213623	5.60656	86	0	0.088368	0.07109
2050.893000125885	5.60656	84	0	0.082282	0.07109
2052.8870000839233	5.53264	86	0	0.135757	0.07109
2054.8860001564026	5.372584	86	0	0.087479	0.07109
2056.8949999809265	5.372584	86	0	0.081701	0.07109
2059.4079999923706	5.499696	86	43	0.084902	0.07109
2060.8870000839233	5.657976	84	0	0.094236	0.07109
2062.8949999809265	5.674424	84	0	0.084828	0.07109
2064.78200006485	5.688392	84	0	0.104126	0.07109
2066.8890001773834	5.679416	88	0	0.171513	0.07109
2068.765000104904	5.4064	86	0	0.163839	0.072639
2070.8940000534058	5.02048	84	0	0.142709	0.072639
2073.6650002002716	3.813488	86	41	0.262458	0.072639
2075.643000125885	5.734648	84	0	0.109056	0.072639
2077.4509999752045	5.431392	84	0	0.107052	0.072639
2079.3229999542236	5.437864	86	44	0.141102	0.072639
2081.2060000896454	5.549032	88	0	0.174675	0.072639
2082.884000301361	5.706336	84	0	0.099018	0.072639
2084.794000148773	5.520376	84	0	0.170265	0.072639
2086.8959999084473	5.528904	84	0	0.121409	0.072639
2088.8870000839233	5.611552	84	0	0.135574	0.072639
2090.8890001773834	5.44888	82	0	0.127225	0.072639
2092.890000104904	5.61356	84	0	0.104114	0.072639
2094.890000104904	3.215856	84	0	0.108128	0.072639
2096.8330001831055	5.788976	84	0	0.083391	0.072639
2098.891000032425	5.164616	84	0	0.100114	0.072639
2100.9010002613068	5.69712	84	0	0.112441	0.072639
2102.7679998874664	5.636384	84	46	0.089012	0.072639
2105.090000152588	5.607976	88	0	0.161766	0.072639
2106.8860001564026	5.770792	82	0	0.124498	0.072639
2108.8870000839233	0.116872	86	0	0.164735	0.072639
2110.898999929428	5.74468	86	0	0.10885	0.072639
2112.890000104904	5.3144	88	0	0.171817	0.072639
2114.8870000839233	5.46752	86	0	0.086719	0.072639
2116.898999929428	5.55472	86	0	0.084552	0.072639
2118.893000125885	5.774776	84	0	0.10446	0.072639
2120.8250000476837	5.79828	84	0	0.081526	0.072639
2122.8959999084473	5.196472	84	0	0.113797	0.072639
2124.888000011444	5.596752	84	0	0.109785	0.072639
2126.893000125885	5.790872	84	0	0.121513	0.072639
2128.890000104904	5.267	84	0	0.121755	0.072639
2130.898999929428	5.577656	88	0	0.088218	0.072639
2132.8920001983643	5.363328	88	0	0.096815	0.072639
2134.8920001983643	2.650624	86	0	0.087466	0.072639
2136.8920001983643	5.685208	82	0	0.132586	0.072639
2138.8890001773834	5.657976	82	0	0.104322	0.072639
2140.8860001564026	5.678232	84	0	0.081985	0.072639
2142.890000104904	5.672	84	0	0.119782	0.072639
2144.8310000896454	5.840424	84	0	0.083588	0.072639
2146.8920001983643	5.588248	82	0	0.10299	0.072639
2148.8830001354218	5.642616	82	0	0.104823	0.072639
2150.885000228882	0.761672	82	0	0.11972	0.072639
2152.8870000839233	5.2208	84	0	0.102312	0.072639
2154.8980000019073	5.814208	84	0	0.081839	0.072639
2156.893000125885	0.333832	86	0	0.225561	0.072639
2158.8959999084473	5.416488	84	0	0.106668	0.072639
2160.8940000534058	0.694408	84	0	0.398271	0.072639
2162.890000104904	5.49844	84	0	0.122341	0.072639
2164.8860001564026	5.806776	84	0	0.083223	0.072639
2166.8959999084473	5.947224	86	0	0.096119	0.072639
2168.8399999141693	5.515152	86	0	0.086529	0.072639
2170.900000333786	4.845288	86	0	0.187515	0.072639
2172.8890001773834	5.619952	86	0	0.13296	0.072639
2174.900000333786	4.37232	84	0	0.136618	0.072639
2176.893000125885	5.713288	84	0	0.121888	0.072639
2178.885000228882	5.145	82	0	0.08851	0.072639
2180.8920001983643	5.734208	86	0	0.117703	0.072639
2182.9030001163483	5.066296	84	0	0.091159	0.072639
2184.8890001773834	5.884272	84	0	0.125496	0.072639
2186.8890001773834	5.614048	82	0	0.120999	0.072639
2188.888000011444	5.636552	84	0	0.085136	0.072639
2190.8870000839233	5.70496	84	0	0.120435	0.072639
2192.8830001354218	5.6962	86	0	0.083213	0.072639
2194.891000032425	5.706384	84	0	0.11871	0.072639
2196.8860001564026	5.64052	84	0	0.121399	0.072639
2198.885000228882	0.9698	84	0	0.39791	0.072639
2200.893000125885	4.964856	84	0	0.08707	0.072639
2202.885000228882	5.676032	84	0	0.083663	0.072639
2204.8870000839233	4.962744	84	0	0.116189	0.072639
2206.884000301361	5.607832	84	0	0.08433	0.072639
2208.8920001983643	5.687056	84	0	0.086049	0.072639
2210.891000032425	5.46768	86	0	0.131033	0.072639
2212.893000125885	5.644888	86	0	0.099521	0.072639
2214.893000125885	5.672216	88	0	0.12883	0.072639
2216.898999929428	5.606352	90	0	0.086764	0.072639
2218.8949999809265	0.440464	84	0	0.308876	0.072639
2220.8920001983643	5.797424	86	0	0.133533	0.072639
2222.885000228882	5.491384	84	0	0.124752	0.072639
2224.884000301361	5.58492	84	0	0.120353	0.072639
2226.888000011444	5.588512	82	0	0.082866	0.072639
2228.893000125885	5.819848	82	0	0.105637	0.072639
2230.885000228882	3.631512	82	0	0.080881	0.072639
2232.8920001983643	5.248872	84	0	0.087135	0.072639
2234.9010002613068	5.359128	86	0	0.112366	0.072639
2236.8940000534058	5.79064	88	0	0.089049	0.072639
2238.8870000839233	5.555728	88	0	0.118918	0.072639
2240.8949999809265	5.86216	84	0	0.081197	0.072639
2242.8940000534058	5.674656	84	0	0.108657	0.072639
2245.1340000629425	4.784192	84	0	0.098547	0.072639
2247.138000011444	5.65532	84	0	0.125055	0.072639
2249.145000219345	5.08588	86	0	0.114693	0.072639
2251.1340000629425	5.39428	86	0	0.086638	0.072639
2253.1400003433228	5.722056	84	0	0.119355	0.072639
2255.1490001678467	5.698696	84	0	0.091532	0.072639
2257.1420001983643	4.337272	84	0	0.087154	0.072639
2259.1410002708435	5.746112	84	0	0.103512	0.072639
2261.1349999904633	5.316784	86	0	0.100948	0.072639
2263.1370000839233	5.761496	86	0	0.121312	0.072639
2265.1400003433228	5.171168	84	0	0.092136	0.072639
2267.148000240326	5.663128	84	0	0.081503	0.072639
2269.145000219345	5.868536	84	0	0.088836	0.072639
2271.1330001354218	5.647376	84	0	0.113375	0.072639
2273.1530001163483	5.976304	84	0	0.092365	0.072639
2275.1340000629425	5.934184	86	0	0.084711	0.072639
2277.1370000839233	0.782608	86	0	0.353351	0.072639
2279.1410002708435	2.242392	4	0	0.423465	0.072639
2281.145000219345	5.660528	90	0	0.159498	0.072639
2283.1400003433228	4.133048	86	0	0.099382	0.072639
2285.1410002708435	5.73296	86	0	0.087016	0.072639
2287.138000011444	5.636368	88	0	0.129501	0.072639
2289.148000240326	5.419392	84	0	0.087284	0.072639
2291.145000219345	5.577792	84	0	0.112918	0.072639
2293.1420001983643	5.667872	84	0	0.117857	0.072639
2295.146000146866	2.4116	84	0	0.319958	0.072639
2297.1440000534058	2.4116	84	0	0.220463	0.072639
2299.138000011444	5.506048	86	0	0.086832	0.072639
2301.1530001163483	5.067792	88	0	0.142335	0.072639
2303.1400003433228	5.662792	90	0	0.143573	0.072639
2305.1340000629425	5.474944	90	0	0.101899	0.072639
2307.145000219345	5.544296	86	0	0.082001	0.072639
2309.1410002708435	1.848496	82	0	0.364165	0.072639
2311.1420001983643	5.695456	82	0	0.091938	0.072639
2313.1349999904633	5.186168	82	0	0.083404	0.072639
2315.143000125885	5.747688	82	0	0.082617	0.072639
2317.1370000839233	5.647968	82	0	0.109485	0.072639
2319.1349999904633	5.59184	86	0	0.082956	0.072639
2321.146000146866	5.618744	86	0	0.111199	0.072639
2323.1440000534058	5.481552	86	0	0.089268	0.072639
2325.146000146866	5.748128	86	0	0.111444	0.072639
2327.1440000534058	5.252104	86	0	0.110245	0.072639
2329.151999950409	5.789464	84	0	0.129502	0.072639
2331.1420001983643	5.856152	84	0	0.11713	0.072639
2333.1349999904633	5.644536	84	0	0.082318	0.072639
2335.145000219345	5.09996	84	0	0.101809	0.072639
2337.1400003433228	5.115456	84	0	0.091784	0.072639
2339.138999938965	2.086224	84	0	0.32503	0.072708
2341.138000011444	5.48904	84	0	0.097189	0.072708
2343.138000011444	0.829376	84	0	0.303735	0.072708
2345.143000125885	5.617792	84	0	0.094639	0.072708
2347.135999917984	1.638552	84	0	0.329353	0.072708
2349.138000011444	5.695032	84	0	0.112303	0.072708
2351.082999944687	5.752584	86	0	0.082674	0.072708
2353.1440000534058	5.786072	84	0	0.143671	0.072708
2355.1440000534058	1.363176	84	0	0.364576	0.072708
2357.148000240326	5.723928	86	0	0.094396	0.072708
2359.1370000839233	0.389264	86	0	0.373795	0.072708
2361.132000207901	5.634912	84	0	0.085749	0.072708
2363.146000146866	5.571352	84	0	0.11771	0.072708
2365.1500000953674	5.661288	86	0	0.121692	0.072708
2367.138000011444	5.568032	86	0	0.163085	0.072708
2369.1440000534058	5.538104	86	0	0.084163	0.072708
2371.1370000839233	5.640448	82	0	0.096683	0.072708
2373.167999982834	2.439744	82	0	0.243728	0.072708
2375.1440000534058	5.36924	84	0	0.128376	0.072708
2377.1349999904633	5.675	90	0	0.140463	0.072708
2379.356000185013	3.659616	90	0	0.183075	0.072708
2381.146000146866	5.421984	86	0	0.085474	0.072708
2383.190999984741	3.401208	82	0	0.078782	0.072708
2385.1620001792908	5.415384	82	0	0.293957	0.072708
2387.215000152588	2.985608	84	0	0.333533	0.072708
2389.273000240326	5.540096	86	0	0.10947	0.072708
2391.138000011444	2.89752	84	0	0.080813	0.072708
2393.279000043869	3.51004	84	0	0.299352	0.072708
2395.1490001678467	5.033424	88	0	0.087245	0.072708
2397.1780002117157	0.456288	82	0	0.511924	0.072708
2399.287999868393	2.56044	84	0	0.231543	0.072708
2401.1370000839233	3.862096	4	0	0.246338	0.072708
2403.143000125885	5.854576	84	0	0.101822	0.072708
2405.143000125885	5.03472	86	0	0.085532	0.072708
2407.138999938965	1.338368	86	0	0.389131	0.072708
2409.138999938965	5.356648	88	0	0.087035	0.072708
2411.1470000743866	5.701728	86	0	0.13435	0.072708
2413.1440000534058	5.629088	84	0	0.124048	0.072708
2415.138000011444	2.450296	84	0	0.089021	0.072708
2417.135999917984	5.470992	84	0	0.135754	0.072708
2419.138999938965	5.61824	84	0	0.128943	0.072708
2421.1470000743866	5.442888	86	0	0.127218	0.072708
2423.135999917984	2.2698	86	0	0.4431	0.072708
2425.146000146866	5.540616	84	0	0.120491	0.072708
2427.3810002803802	5.645032	82	0	0.107674	0.072708
2429.1420001983643	5.603536	82	0	0.105716	0.072708
2431.4570002555847	5.352632	88	0	0.082338	0.072708
2433.667000055313	5.540888	82	42	0.167648	0.072708
2436.0170001983643	5.599328	86	0	0.176187	0.072708
2437.105000257492	5.523864	84	0	0.133975	0.072708
2439.1589999198914	5.5174	84	45	0.17497	0.072708
2441.1410002708435	5.665808	82	0	0.152266	0.072708
2443.145000219345	5.759224	84	0	0.080656	0.072708
2445.138000011444	5.570192	84	0	0.132978	0.072708
2447.1400003433228	5.624208	84	0	0.101035	0.072708
2449.1340000629425	5.615176	84	0	0.133286	0.072708
2451.132000207901	5.570568	84	0	0.136316	0.072708
2453.138000011444	5.696384	84	0	0.152457	0.072708
2455.1440000534058	5.635976	84	0	0.126819	0.072708
2457.138999938965	2.495096	84	0	0.269739	0.072708
2459.151000022888	5.678056	90	0	0.149704	0.072708
2461.1410002708435	5.3038	84	0	0.17101	0.072708
2463.1490001678467	5.8166	82	0	0.13651	0.072708
2465.148000240326	5.54504	86	0	0.143298	0.072708
2467.231999874115	5.534808	4	0	0.087443	0.072708
2469.1470000743866	1.433656	86	0	0.368503	0.072708
2471.151000022888	5.02868	84	0	0.139401	0.072708
2473.1400003433228	5.564512	86	0	0.135982	0.072708
2475.1470000743866	5.409176	84	0	0.167624	0.072708
2477.1440000534058	5.555032	84	0	0.169179	0.072708
2479.1340000629425	5.658216	86	0	0.116089	0.072708
2481.146000146866	5.523248	86	0	0.086433	0.072708
2483.138000011444	5.625768	84	0	0.113967	0.072708
2485.145000219345	5.789664	86	0	0.168518	0.072708
2487.1410002708435	5.544	86	0	0.165212	0.072708
2489.143000125885	5.528208	84	0	0.135929	0.072327
2491.143000125885	1.994552	84	0	0.300693	0.072327
2493.148000240326	5.67596	84	0	0.130475	0.072327
2495.146000146866	5.931472	84	0	0.088639	0.072327
2497.3890001773834	0.373888	84	0	0.305367	0.072327
2499.146000146866	5.374952	84	0	0.105513	0.072327
2501.393000125885	5.397816	86	0	0.146831	0.072327
2503.3980000019073	5.773136	86	0	0.13617	0.072327
2505.393000125885	5.660144	84	0	0.08447	0.072327
2507.390000104904	5.826488	86	0	0.137307	0.072327
2509.3949999809265	5.74164	84	0	0.098135	0.072327
2511.3940000534058	5.330896	86	0	0.131254	0.072327
2513.3940000534058	5.598048	86	0	0.166742	0.072327
2515.4020001888275	5.675272	82	0	0.16905	0.072327
2517.398999929428	5.716488	84	0	0.107366	0.072327
2519.326000213623	5.768176	86	0	0.084122	0.072327
2521.3940000534058	5.649704	86	0	0.165262	0.072327
2523.396000146866	5.60744	84	0	0.107005	0.072327
2525.393000125885	5.724288	82	0	0.108349	0.072327
2527.3940000534058	5.439184	82	0	0.102793	0.072327
2529.3860001564026	5.544216	86	0	0.08282	0.072327
2531.3870000839233	5.569768	86	0	0.125158	0.072327
2533.393000125885	5.675232	88	0	0.123648	0.072327
2535.399999856949	5.681688	88	0	0.137181	0.072327
2537.3870000839233	5.759688	88	0	0.146158	0.072327
2539.3970000743866	5.750464	88	0	0.124345	0.072327
2541.393000125885	5.64896	88	0	0.107588	0.072327
2543.337000131607	5.092208	86	0	0.08845	0.072327
2545.3919999599457	0.206376	86	0	0.25582	0.072327
2547.385000228882	5.728448	84	0	0.113162	0.072327
2549.398999929428	5.566976	86	0	0.140106	0.072327
2551.3830001354218	1.8906	88	0	0.361786	0.072327
2553.3870000839233	5.317752	88	0	0.09181	0.072327
2555.3890001773834	5.681328	84	0	0.169542	0.072327
2557.385000228882	5.504488	84	0	0.105863	0.072327
2559.3940000534058	2.258008	84	0	0.096072	0.072327
2561.3940000534058	2.258008	84	0	0.093284	0.072327
2563.3890001773834	5.675352	92	0	0.189339	0.072327
2565.3890001773834	2.127904	86	0	0.434588	0.072327
2567.3359999656677	5.384776	86	0	0.084437	0.072327
2569.3860001564026	5.460272	84	0	0.164626	0.072327
2571.396000146866	1.207	84	0	0.341214	0.072327
2573.4280002117157	5.818808	86	49	0.175424	0.072327
2575.2620000839233	5.535576	84	0	0.168445	0.072327
2577.393000125885	5.10236	86	0	0.167985	0.072327
2579.4830000400543	3.646072	84	0	0.115637	0.072327
2581.398999929428	5.522424	86	0	0.158089	0.072327
2583.265000104904	5.685672	84	42	0.16209	0.072327
2585.3949999809265	5.611256	84	0	0.135793	0.072327
2587.3890001773834	5.6988	84	0	0.151079	0.072327
2589.398999929428	5.610216	84	0	0.170371	0.072327
2591.335000038147	5.743336	88	0	0.085166	0.072327
2593.391000032425	5.597272	84	0	0.147169	0.072327
2595.3880002498627	5.614824	84	0	0.084305	0.072327
2597.391000032425	5.515624	84	0	0.089597	0.072327
2599.385000228882	5.63004	84	0	0.096655	0.072327
2601.3880002498627	5.586024	84	0	0.085765	0.072327
2603.393000125885	5.586024	84	0	0.080908	0.072327
2605.391000032425	5.370368	84	0	0.141886	0.072327
2607.3870000839233	5.648992	92	0	0.149155	0.072327
2609.393000125885	5.624968	86	0	0.178014	0.072327
2611.3759999275208	5.611976	84	51	0.101605	0.072327
2614.135999917984	4.621448	74	0	0.14793	0.072327
2617.255000114441	0.594896	74	36	0.127882	0.072327
2619.4830000400543	5.683696	86	0	0.164959	0.072327
2620.956000328064	5.533232	84	0	0.083393	0.072327
2622.6250002384186	5.471912	86	51	0.083503	0.072327
2624.6480000019073	5.57524	84	0	0.170314	0.072327
2627.0570001602173	5.608344	84	47	0.167205	0.072327
2629.4740002155304	5.243608	82	0	0.080087	0.072327
2631.7050001621246	5.774656	84	0	0.166163	0.072327
2633.940000295639	5.734744	86	22	0.17027	0.072327
2636.1130001544952	5.592424	86	0	0.133213	0.072327
2638.2699999809265	5.195568	84	25	0.159228	0.072327
