0.0	27.96228	520	55	0.057373	0.049727
0.11399984359741211	27.96228	518	15	0.060744	0.049727
0.2799999713897705	25.750152	366	0	0.057398	0.049727
0.4479999542236328	34.242496	374	0	0.057342	0.049727
0.6059997081756592	35.478872	386	12	0.056024	0.049727
0.7529997825622559	37.326744	400	0	0.058024	0.049727
0.8939998149871826	39.902664	414	28	0.057365	0.049727
1.238999605178833	47.421304	522	0	0.0571	0.049727
1.5829997062683105	54.713624	652	0	0.058842	0.049727
3.4819998741149902	63.63528	662	0	0.059505	0.049727
5.477999687194824	63.276344	716	0	0.062328	0.049727
7.480999946594238	56.133624	718	0	0.139741	0.049727
9.727999925613403	56.133624	851	0	0.148041	0.049727
11.732999801635742	52.352896	904	0	0.068528	0.049727
13.732999801635742	3.479488	900	0	0.409129	0.049727
15.726999759674072	11.241936	900	0	0.181657	0.049727
17.72000002861023	21.630016	894	0	0.06623	0.049727
19.716999769210815	26.674304	786	0	0.074751	0.049727
21.723999738693237	8.541328	782	0	0.213488	0.049727
23.73099970817566	8.541328	782	0	0.240855	0.049727
25.733999729156494	8.541328	782	0	0.183229	0.049727
27.73199963569641	26.631232	1345	0	0.143977	0.049727
29.721999883651733	70.75772	970	0	0.059674	0.049727
31.723999738693237	77.411816	1030	0	0.05841	0.049727
33.72199988365173	77.411816	1030	0	0.059015	0.049727
35.71899962425232	80.3898	846	0	0.057742	0.049727
37.722999811172485	81.46864	856	0	0.05925	0.049727
39.72099995613098	77.958592	865	0	0.061166	0.049727
41.72199988365173	77.958592	884	0	0.059813	0.049727
43.72999978065491	9.535352	864	0	0.059484	0.049727
45.72599983215332	77.587568	874	0	0.057317	0.049727
47.71499967575073	80.740344	898	0	0.060904	0.049727
49.72199988365173	88.546056	966	0	0.058802	0.049727
51.71899962425232	88.546056	956	0	0.058778	0.049727
53.72599983215332	88.546056	956	0	0.061628	0.049727
55.72199988365173	80.51304	958	0	0.073018	0.049727
57.71899962425232	93.454592	964	0	0.058253	0.049727
59.71499967575073	90.592224	954	0	0.058682	0.049727
61.73099970817566	90.592224	4	0	0.060461	0.049727
63.72000002861023	90.592224	984	0	0.059232	0.049727
65.72499990463257	90.592224	958	0	0.057822	0.049727
67.72499990463257	90.592224	1024	0	0.07223	0.049727
69.71799969673157	90.592224	1024	0	0.057927	0.049727
71.72699975967407	90.592224	1024	0	0.060149	0.049727
73.71899962425232	86.089344	948	0	0.061829	0.049727
75.71599960327148	86.089344	956	0	0.058402	0.049727
77.72000002861023	80.718856	4	0	0.06005	0.049727
79.71899962425232	50.816456	920	0	0.05743	0.049727
81.72099995613098	81.462496	918	0	0.062243	0.049727
83.73099970817566	81.462496	924	0	0.057656	0.049727
85.72199988365173	81.462496	1144	0	0.210213	0.049727
87.71599960327148	79.687568	1180	0	0.059674	0.049727
89.72000002861023	79.687568	1172	0	0.05901	0.049727
91.72499990463257	79.687568	1168	0	0.058702	0.049727
93.7279999256134	79.687568	1050	0	0.162493	0.049727
95.71599960327148	79.687568	1050	0	0.120671	0.049727
97.72699975967407	95.091624	1084	0	0.06048	0.049727
99.73099970817566	95.091624	1084	0	0.060042	0.049727
101.73599982261658	95.091624	1138	0	0.182593	0.049727
103.72599983215332	95.091624	1138	0	0.136322	0.049727
105.72099995613098	95.091624	1138	0	0.057672	0.049727
107.72199988365173	11.981096	1136	0	0.107738	0.049727
109.71899962425232	15.951056	1150	0	0.220039	0.049727
111.72599983215332	1.844048	308	0	0.099288	0.049727
113.72099995613098	10.61416	310	0	0.07599	0.049727
115.74199986457825	15.878104	298	0	0.07449	0.049727
117.71499967575073	7.33308	338	0	0.06164	0.049727
119.71399974822998	20.923136	316	0	0.056527	0.049727
121.7279999256134	20.923136	316	0	0.118202	0.049727
123.72499990463257	22.199568	302	0	0.057874	0.049727
125.73299980163574	27.897176	350	0	0.058033	0.049727
127.72599983215332	16.041048	406	0	0.064067	0.049727
129.73099970817566	27.896696	508	0	0.056547	0.049727
131.72699975967407	12.126536	506	0	0.059839	0.049727
133.72699975967407	27.722248	316	0	0.058784	0.049727
135.7299997806549	27.732096	418	0	0.067299	0.049727
137.71899962425232	29.920816	428	0	0.057072	0.049727
139.72599983215332	33.925056	472	0	0.055882	0.049727
141.71799969673157	6.581792	466	0	0.101008	0.049727
143.72499990463257	32.120552	563	0	0.092923	0.049727
145.72099995613098	22.044112	630	0	0.148791	0.049727
147.72399973869324	32.054616	642	0	0.05837	0.049727
149.72000002861023	30.277888	4	0	0.058151	0.049727
151.7299997806549	21.69296	646	0	0.252564	0.049727
153.72099995613098	15.240632	646	0	0.117797	0.049727
155.73299980163574	17.060032	646	0	0.18267	0.049727
157.73099970817566	4.792208	508	0	0.060175	0.049727
159.7279999256134	34.352936	514	0	0.058421	0.049727
161.7319996356964	34.352936	554	0	0.167076	0.049727
163.72499990463257	34.352936	550	0	0.05775	0.049727
165.7319996356964	34.352936	564	0	0.227002	0.049727
167.71699976921082	34.352936	564	0	0.193664	0.049727
169.73599982261658	30.518784	566	0	0.065521	0.049727
171.71799969673157	30.518784	628	0	0.138613	0.049727
173.72699975967407	34.017792	644	0	0.057169	0.049727
175.71699976921082	44.653296	810	0	0.057941	0.049727
177.7319996356964	45.328584	478	0	0.056958	0.049727
179.71599960327148	45.328584	598	0	0.128226	0.049727
181.72199988365173	45.328584	598	0	0.060162	0.049727
183.73999977111816	45.328584	678	0	0.203172	0.049727
185.71899962425232	42.661192	686	0	0.197402	0.049727
187.72000002861023	44.931952	578	0	0.056526	0.049727
189.7299997806549	52.631608	594	0	0.269982	0.049727
191.72000002861023	52.631608	668	0	0.213356	0.049727
193.73799967765808	40.59924	695	0	0.062128	0.049727
195.71599960327148	54.096672	602	0	0.058824	0.049727
197.73099970817566	57.2706	606	0	0.058622	0.049727
199.71699976921082	24.859224	1042	0	0.126297	0.049727
201.72499990463257	28.222784	1042	0	0.057517	0.049727
203.72599983215332	54.769768	876	0	0.058031	0.049727
205.72099995613098	58.07188	891	0	0.059897	0.049727
207.7299997806549	58.07188	896	0	0.0944	0.049727
209.72099995613098	58.07188	616	0	0.067729	0.049727
211.7319996356964	58.07188	616	0	0.059019	0.049727
213.72199988365173	58.07188	838	0	0.069272	0.049727
215.72199988365173	5.319136	634	0	0.173733	0.049727
217.71899962425232	56.268	650	0	0.057575	0.049727
219.71699976921082	70.214808	762	0	0.058428	0.049727
221.72299981117249	70.026104	784	0	0.06032	0.049727
223.71899962425232	79.18644	860	0	0.057098	0.049727
225.72099995613098	80.852344	902	0	0.059661	0.049727
227.72699975967407	89.10188	950	0	0.057785	0.049727
229.73099970817566	87.69852	958	0	0.061009	0.049727
231.73099970817566	89.960232	984	0	0.060173	0.049727
233.7279999256134	90.586712	992	0	0.056882	0.049727
235.71199989318848	91.231536	1058	0	0.058356	0.049727
237.71699976921082	91.430704	1028	0	0.05858	0.049727
239.72599983215332	90.575152	1036	0	0.062968	0.049727
241.72000002861023	105.95456	1103	0	0.059184	0.049727
243.71899962425232	115.387096	1197	0	0.058745	0.049727
245.72199988365173	118.711928	1203	0	0.058345	0.049727
247.72299981117249	114.79504	1214	0	0.056624	0.049727
249.96699976921082	112.722624	1204	0	0.058544	0.049727
251.96699976921082	8.785792	1204	0	0.058314	0.049727
253.97399973869324	102.849592	1150	0	0.061961	0.049727
255.7279999256134	109.704	1214	0	0.058967	0.049727
257.73299980163574	8.72356	1210	0	0.057354	0.049727
259.9729998111725	123.044856	1314	0	0.059537	0.049727
261.9729998111725	109.69196	1322	0	0.069855	0.049727
263.974999666214	109.69196	1322	0	0.06477	0.049727
265.83399987220764	6.051808	1322	0	0.06729	0.051205
267.98099994659424	73.824896	1026	0	0.058145	0.051205
269.9839999675751	73.824896	1026	0	0.060823	0.051205
271.9689998626709	4.245984	978	0	0.097314	0.051205
273.9689998626709	39.746592	1042	0	0.057039	0.051205
275.9769997596741	39.746592	1048	0	0.187661	0.051205
277.9789996147156	39.746592	1356	0	0.103881	0.051205
279.9769997596741	39.746592	1106	0	0.059576	0.051205
281.9889998435974	5.953488	112	0	0.14475	0.051205
283.96799993515015	1.873808	116	0	0.139397	0.051205
285.96999979019165	5.082736	132	0	0.09088	0.051205
287.98299980163574	4.91508	142	0	0.062101	0.051205
289.85999965667725	8.400728	176	0	0.069728	0.051205
291.97199964523315	12.51812	138	0	0.057181	0.050704
293.97199964523315	17.615016	206	0	0.057124	0.050704
295.9779996871948	20.67152	270	0	0.056667	0.050704
297.97199964523315	26.036384	278	0	0.057318	0.050704
299.981999874115	17.181696	448	0	0.059571	0.050704
301.9689998626709	24.687904	476	0	0.059127	0.050704
303.974999666214	33.799248	390	0	0.057854	0.050704
305.96799993515015	30.923744	442	0	0.057327	0.050704
307.9729998111725	30.923744	398	0	0.104185	0.050704
309.98299980163574	30.923744	406	0	0.187625	0.050704
311.9839999675751	30.923744	410	0	0.163878	0.050704
313.8159999847412	30.923744	465	0	0.095528	0.050704
315.98099994659424	30.923744	426	0	0.057836	0.050704
317.96799993515015	43.252168	484	0	0.056581	0.050704
319.9789996147156	43.252168	634	0	0.059062	0.050704
321.98699975013733	43.252168	634	0	0.075294	0.050704
323.9729998111725	43.252168	634	0	0.061514	0.050704
325.9779996871948	55.859216	678	0	0.058171	0.050704
327.9669997692108	56.0468	666	0	0.059741	0.050704
329.9799995422363	58.236576	666	0	0.058224	0.050704
331.96799993515015	69.672704	752	0	0.05908	0.050704
333.9769997596741	69.672704	718	0	0.058756	0.050704
335.9779996871948	58.021192	768	0	0.059152	0.050704
337.9689998626709	72.014256	756	0	0.05685	0.050704
339.9779996871948	89.802688	990	0	0.056432	0.050704
341.9689998626709	91.8734	994	0	0.058356	0.050704
343.96799993515015	97.232248	1028	0	0.056846	0.050704
345.9689998626709	97.232248	1028	0	0.060374	0.050704
347.9689998626709	97.232248	1184	0	0.116864	0.050704
349.9839999675751	97.232248	1184	0	0.05972	0.050704
351.9859998226166	97.232248	1184	0	0.059751	0.050704
353.974999666214	97.232248	1184	0	0.060438	0.050704
355.981999874115	97.232248	1234	0	0.059362	0.050704
357.98699975013733	97.232248	1232	0	0.076915	0.050704
359.9689998626709	97.232248	1210	0	0.060071	0.050704
361.9779996871948	97.232248	1186	0	0.059767	0.050704
363.98299980163574	97.232248	1186	0	0.060297	0.050704
365.9669997692108	97.232248	1096	0	0.200939	0.050704
367.9799995422363	97.232248	1096	0	0.057157	0.050704
369.9759998321533	97.232248	1096	0	0.234474	0.050704
371.9849998950958	97.232248	1138	0	0.151861	0.050704
373.97399973869324	97.232248	1116	0	0.056465	0.050704
376.0079998970032	96.140888	1174	0	0.061721	0.050704
377.981999874115	109.763616	1124	0	0.058682	0.050704
379.99799966812134	109.763616	1124	0	0.059495	0.050704
381.98099994659424	109.763616	1172	0	0.124972	0.050704
383.98299980163574	109.763616	1172	0	0.061285	0.050704
385.9709997177124	109.763616	1218	0	0.204151	0.050704
387.9769997596741	109.763616	1218	0	0.080438	0.050704
389.9789996147156	109.763616	1323	0	0.067838	0.050704
391.97399973869324	109.763616	1286	0	0.055292	0.050704
393.96999979019165	109.763616	1286	0	0.056801	0.050704
395.98299980163574	109.763616	1286	0	0.179114	0.050704
397.9729998111725	20.116568	320	0	0.057297	0.050704
399.9729998111725	20.28364	324	0	0.057214	0.050704
401.97399973869324	24.248488	352	0	0.058874	0.050704
403.9729998111725	3.74128	462	0	0.204302	0.050704
405.96999979019165	22.628128	480	0	0.116731	0.050704
407.9779996871948	25.726048	312	0	0.056863	0.050704
409.9879996776581	26.305728	406	54	0.068498	0.050704
411.974999666214	26.305728	690	0	0.11233	0.050704
413.98099994659424	19.435848	588	0	0.083566	0.050704
415.974999666214	20.499152	588	0	0.060108	0.050704
417.9779996871948	33.622456	614	0	0.071758	0.050704
419.97199964523315	33.622456	612	0	0.061453	0.050704
421.98699975013733	33.622456	592	0	0.063245	0.050704
423.98099994659424	31.627	592	0	0.074933	0.050704
425.974999666214	31.627	596	0	0.059849	0.050704
427.974999666214	34.4548	656	0	0.058264	0.050704
429.96799993515015	32.606144	447	0	0.088116	0.050704
431.9729998111725	39.428192	450	0	0.058788	0.050704
433.9709997177124	38.897352	498	55	0.055919	0.050704
435.9729998111725	16.300576	606	0	0.185076	0.050704
437.974999666214	27.063536	714	0	0.067106	0.050704
439.9709997177124	30.601936	904	0	0.198127	0.050704
441.96999979019165	51.195752	919	0	0.058733	0.050704
443.9669997692108	44.96924	540	0	0.082265	0.050704
445.97199964523315	44.96924	764	0	0.05948	0.050704
447.9709997177124	51.983144	784	0	0.056874	0.050704
449.98099994659424	47.987	785	0	0.057921	0.050704
451.9889998435974	47.987	788	0	0.058493	0.050704
453.97199964523315	47.987	636	0	0.072417	0.050704
455.9709997177124	44.91012	710	0	0.058579	0.050704
457.97399973869324	44.91012	660	0	0.088763	0.050704
459.97399973869324	44.91012	790	0	0.227825	0.050704
461.98099994659424	58.341256	786	0	0.056852	0.050704
463.9669997692108	59.701856	780	0	0.16479	0.050704
465.9759998321533	59.947392	800	0	0.058791	0.050704
467.98099994659424	59.947392	736	0	0.056992	0.050704
469.9729998111725	59.947392	784	0	0.222065	0.050704
471.974999666214	59.947392	784	0	0.057023	0.050704
473.9689998626709	59.947392	1144	0	0.100045	0.050704
475.981999874115	66.58496	1000	0	0.058449	0.050704
477.98999977111816	66.58496	1006	0	0.057566	0.050704
479.9759998321533	66.58496	1006	0	0.21772	0.050704
481.98099994659424	66.58496	858	0	0.076882	0.050704
483.9859998226166	66.58496	852	0	0.059122	0.050704
485.9709997177124	65.141296	860	0	0.056702	0.050704
487.98099994659424	66.387464	722	0	0.059764	0.050704
489.981999874115	66.387464	722	0	0.059066	0.050704
491.9889998435974	66.387464	726	0	0.182913	0.050704
494.220999956131	66.387464	726	0	0.055881	0.050704
496.0789997577667	66.387464	1128	0	0.091604	0.050704
498.235999584198	66.387464	1334	0	0.10857	0.050704
500.23099970817566	66.387464	1148	0	0.075726	0.050704
502.22499990463257	66.387464	1240	0	0.245947	0.050704
504.2189996242523	66.387464	1024	0	0.057832	0.050704
506.2259998321533	66.387464	1024	0	0.112627	0.050704
508.2169997692108	66.387464	1028	0	0.079185	0.050704
510.21799969673157	11.986128	220	0	0.217665	0.050704
512.220999956131	12.609896	236	0	0.08385	0.050704
514.2229998111725	14.281632	256	0	0.090697	0.050704
516.2179996967316	6.293536	258	0	0.079206	0.050704
518.2179996967316	11.719704	302	0	0.100392	0.050704
520.1229996681213	11.719704	302	0	0.10408	0.050704
522.242999792099	15.648176	230	0	0.060072	0.050704
524.2159998416901	18.717944	306	0	0.077662	0.050704
526.2229998111725	14.446744	308	0	0.056312	0.050704
528.2349996566772	22.0576	344	0	0.057241	0.050704
530.2309997081757	22.0576	458	0	0.07044	0.050704
532.2400000095367	27.283768	486	0	0.059845	0.050704
534.2219998836517	27.283768	486	0	0.168371	0.050704
536.2259998321533	25.01476	500	0	0.058426	0.050704
538.2239999771118	25.01476	746	0	0.171535	0.050704
540.2249999046326	25.01476	488	0	0.153521	0.050704
542.2329998016357	26.142104	480	0	0.057297	0.050704
544.0509996414185	25.75564	314	0	0.05859	0.050704
546.231999874115	26.60636	370	0	0.058111	0.050704
548.2239999771118	26.60636	640	0	0.169286	0.050704
550.2279996871948	35.619176	634	0	0.058058	0.050704
552.2289998531342	35.619176	634	0	0.12532	0.050704
554.2239999771118	23.302112	554	0	0.186512	0.050704
556.231999874115	15.981048	550	0	0.170847	0.050704
558.2259998321533	3.271064	550	0	0.103291	0.050704
560.2379996776581	17.574152	550	0	0.088583	0.050704
562.2289998531342	17.574152	853	0	0.122936	0.050704
564.2289998531342	31.34484	586	0	0.116782	0.050704
566.2219998836517	35.098632	666	0	0.056203	0.050704
568.2299997806549	44.359968	624	55	0.056069	0.050704
570.2299997806549	44.359968	628	0	0.206358	0.050704
572.231999874115	44.359968	624	0	0.057943	0.050704
574.2199995517731	44.359968	620	0	0.070724	0.050704
576.2179996967316	44.359968	620	0	0.079897	0.050704
578.2289998531342	44.359968	628	0	0.080528	0.050704
580.220999956131	44.359968	612	0	0.157408	0.050704
582.2229998111725	44.359968	774	0	0.062614	0.050704
584.2249999046326	44.359968	802	0	0.11332	0.050704
586.231999874115	41.572112	788	0	0.057701	0.050704
588.235999584198	43.065112	792	0	0.057888	0.050704
590.2259998321533	43.065112	788	0	0.079627	0.050704
592.2299997806549	43.605232	810	0	0.057772	0.051753
594.2249999046326	46.269272	484	0	0.05643	0.051753
596.2219998836517	41.563976	520	0	0.059005	0.051753
598.2239999771118	51.032672	524	0	0.058221	0.051753
600.2189996242523	51.032672	524	0	0.058429	0.051753
602.2279996871948	51.032672	1016	0	0.1655	0.051753
604.2199995517731	51.032672	1313	0	0.212418	0.051753
606.220999956131	51.032672	944	0	0.104524	0.051753
608.2400000095367	44.016552	816	0	0.147336	0.051753
610.2299997806549	47.883944	708	0	0.060843	0.051753
612.2379996776581	47.883944	706	0	0.05777	0.051753
614.2259998321533	47.883944	728	0	0.189212	0.051753
616.231999874115	47.883944	762	0	0.078741	0.051753
618.2259998321533	47.883944	762	0	0.06245	0.051753
620.2369997501373	46.638624	762	0	0.069307	0.051753
622.2299997806549	46.638624	778	0	0.109686	0.051753
624.231999874115	46.638624	778	0	0.213893	0.051753
626.2349996566772	46.638624	778	0	0.109307	0.051753
628.2219998836517	46.638624	780	0	0.087164	0.051753
630.2279996871948	37.594208	784	0	0.07871	0.051753
632.2349996566772	17.730232	784	0	0.191586	0.051753
634.231999874115	43.56776	789	0	0.060262	0.051753
636.2229998111725	43.56776	796	0	0.148846	0.051753
638.2199995517731	41.897384	647	0	0.05763	0.051753
640.2259998321533	59.693	834	0	0.056294	0.051753
642.2269997596741	57.143376	912	0	0.057988	0.051753
644.2269997596741	61.235752	708	0	0.05748	0.051753
646.2259998321533	62.72044	888	0	0.058406	0.051753
648.2279996871948	40.139616	909	0	0.058895	0.051753
650.2219998836517	29.449792	1026	0	0.056339	0.051753
652.2279996871948	95.588008	1108	0	0.059958	0.051753
654.2229998111725	13.258344	1102	0	0.057887	0.051753
656.2289998531342	32.452888	1080	0	0.059265	0.051753
658.2389996051788	35.607328	1126	0	0.0614	0.051753
660.2219998836517	37.824264	1134	0	0.088631	0.051753
662.2299997806549	37.824264	1134	0	0.113269	0.051753
664.2239999771118	37.824264	1134	0	0.074233	0.051753
666.2199995517731	37.824264	1313	0	0.107953	0.051753
668.2259998321533	37.824264	1192	0	0.057588	0.051753
670.2329998016357	37.824264	1186	0	0.245308	0.051753
672.2329998016357	37.824264	1186	0	0.140935	0.051753
674.2219998836517	37.824264	1186	0	0.20831	0.051753
676.235999584198	37.824264	1213	0	0.138207	0.051753
678.231999874115	37.824264	1377	0	0.110217	0.051753
680.2279996871948	37.824264	1498	0	0.127402	0.051753
682.2449998855591	37.824264	1498	0	0.228446	0.051753
684.2389996051788	37.824264	1164	0	0.086989	0.051753
686.2349996566772	37.824264	1164	0	0.212535	0.051753
688.2169997692108	46.306336	1316	0	0.117566	0.051753
690.2349996566772	46.443392	1316	0	0.058233	0.051753
692.2289998531342	46.443392	1316	0	0.226923	0.051753
694.2379996776581	46.443392	1316	0	0.056947	0.051753
696.2309997081757	46.443392	1340	0	0.157315	0.051753
698.2229998111725	46.443392	1164	0	0.057991	0.051753
