0.0	5.206128	62	38	0.062077	0.04471
3.0759999752044678	4.405864	58	0	0.127434	0.04471
5.636999845504761	5.605192	52	0	0.095205	0.04471
8.547999858856201	2.60396	50	0	0.142657	0.04471
10.956999778747559	0.241688	60	0	0.138832	0.04471
12.486000061035156	3.700216	64	0	0.106386	0.04471
13.983999967575073	4.75344	58	0	0.147743	0.04471
14.631999969482422	4.937584	62	26	0.125407	0.04471
14.8510000705719	3.620752	62	0	0.08944	0.04471
15.8989999294281	5.043064	68	54	0.153029	0.04471
17.375	2.01176	70	0	0.159535	0.04471
18.861999988555908	4.893712	70	0	0.162987	0.04471
20.860999822616577	4.962928	70	0	0.165568	0.04471
22.86299991607666	4.762824	70	0	0.166058	0.04471
24.861999988555908	1.49336	66	0	0.057868	0.044809
26.861999988555908	5.061728	66	0	0.149844	0.044809
28.86299991607666	5.220168	72	0	0.165399	0.044809
30.860999822616577	5.126904	74	0	0.106028	0.044809
32.86099982261658	1.77548	78	0	0.189468	0.044809
34.86299991607666	1.436848	78	0	0.186863	0.044809
36.86199998855591	4.79172	78	0	0.182952	0.044809
38.86299991607666	6.912592	82	0	0.059359	0.044809
40.86299991607666	2.877552	82	0	0.154765	0.044809
42.86199998855591	4.988168	82	0	0.191993	0.044809
44.86299991607666	4.934488	82	0	0.191425	0.044809
47.335999965667725	1.655936	50	0	0.115328	0.044809
49.37100005149841	4.94888	50	45	0.111542	0.044809
51.59500002861023	4.892056	64	0	0.146634	0.044809
53.51800012588501	3.587408	76	0	0.165455	0.044809
54.859999895095825	4.888664	68	49	0.083627	0.044809
56.86399984359741	2.231968	52	0	0.099994	0.044809
58.86299991607666	1.49696	62	0	0.106439	0.044809
60.86299991607666	4.757496	62	0	0.1133	0.044809
62.86199998855591	7.896384	72	0	0.056672	0.044809
64.86299991607666	5.027888	74	0	0.172818	0.044809
66.86199998855591	4.97964	74	0	0.173547	0.044809
68.86099982261658	4.93212	76	0	0.175679	0.044809
70.86099982261658	4.920376	78	0	0.178195	0.044809
72.86199998855591	7.552528	78	0	0.080379	0.044809
74.86399984359741	1.70036	80	0	0.129434	0.044809
76.86199998855591	4.365528	72	0	0.165912	0.044809
79.91300010681152	4.953688	64	49	0.129029	0.044809
81.46500015258789	4.74212	60	0	0.129702	0.044809
82.86099982261658	4.904552	64	0	0.147759	0.044809
84.86099982261658	4.7704	70	0	0.161715	0.044809
86.86099982261658	7.424416	74	0	0.057682	0.044809
88.86299991607666	4.903352	74	0	0.140437	0.044809
90.86099982261658	4.960856	4	0	0.12794	0.044809
92.86399984359741	4.784904	80	0	0.111456	0.044809
94.86299991607666	5.641496	78	0	0.172864	0.044809
96.86299991607666	4.530992	74	0	0.057122	0.044809
98.86199998855591	0.241648	74	0	0.173341	0.04458
100.86199998855591	4.499176	66	0	0.122666	0.04458
102.86099982261658	4.879328	52	35	0.168991	0.04458
105.5220000743866	3.942264	48	0	0.111116	0.04458
107.90399980545044	4.992512	66	51	0.153531	0.04458
109.5699999332428	2.417544	60	0	0.102303	0.04458
111.10500001907349	2.824872	66	25	0.072566	0.04458
112.85500001907349	4.754304	48	0	0.089785	0.04458
114.86099982261658	5.139632	66	0	0.110278	0.04458
116.86199998855591	7.387184	70	0	0.05015	0.04458
118.86299991607666	7.387184	70	0	0.049331	0.04458
120.86099982261658	4.441144	58	5	0.060177	0.04458
122.86299991607666	5.002024	64	0	0.060299	0.04458
124.86299991607666	3.125136	70	0	0.100221	0.04458
126.96499991416931	4.816848	50	0	0.143776	0.04458
129.63300013542175	3.790552	62	0	0.179593	0.04458
131.65700006484985	4.829448	62	48	0.14353	0.04458
133.7079999446869	4.863984	54	0	0.082863	0.04458
135.89100003242493	5.073928	50	47	0.109487	0.04458
139.37199997901917	5.102896	50	0	0.10816	0.04458
143.3619999885559	5.801128	54	0	0.058305	0.04458
145.0900001525879	3.927704	50	26	0.141253	0.04458
147.0550000667572	4.886504	64	0	0.149172	0.04458
149.1100001335144	7.285992	58	23	0.05486	0.04458
151.0279998779297	5.185936	60	0	0.050534	0.04458
151.09299993515015	5.185936	60	0	0.051085	0.04458
151.50300002098083	1.564384	68	0	0.126049	0.04458
153.1159999370575	0.132552	70	0	0.165856	0.04458
155.11300015449524	1.501744	68	0	0.139504	0.04458
157.11100006103516	5.018088	74	0	0.158314	0.04458
159.114000082016	7.731384	76	0	0.052685	0.04458
161.11300015449524	5.12464	78	0	0.183326	0.04458
163.1119999885559	4.92928	78	0	0.182803	0.04458
165.15599989891052	2.553272	50	1	0.109469	0.04458
167.114000082016	5.595168	58	0	0.051271	0.04458
169.11300015449524	4.878016	64	0	0.148966	0.04458
171.11300015449524	2.668472	70	0	0.152564	0.04458
172.99300003051758	7.316952	76	0	0.053342	0.04458
175.11300015449524	4.861688	76	0	0.176545	0.04458
177.11300015449524	2.328888	76	0	0.22153	0.04458
179.11500000953674	7.144688	78	0	0.053821	0.04458
181.11300015449524	1.290744	78	0	0.139799	0.04458
183.11300015449524	0.231248	78	0	0.148543	0.04458
185.114000082016	4.77496	72	0	0.165804	0.04458
187.11100006103516	4.772336	74	0	0.171421	0.04458
189.1119999885559	4.617856	58	0	0.12751	0.04458
191.1119999885559	5.045408	58	0	0.133438	0.04458
193.114000082016	7.510504	72	0	0.060537	0.04458
195.11100006103516	2.339384	72	0	0.114928	0.04458
196.99199986457825	7.401552	76	0	0.057387	0.04458
199.11300015449524	4.772808	4	0	0.175382	0.04458
201.1100001335144	0.166544	78	0	0.226886	0.04458
203.1119999885559	6.488144	78	0	0.058931	0.04458
205.114000082016	4.974184	80	0	0.181791	0.04458
207.11300015449524	6.606744	80	0	0.060114	0.04458
209.11300015449524	4.903288	80	0	0.186646	0.04458
211.1119999885559	4.62448	82	0	0.190811	0.04458
213.11500000953674	3.907488	82	0	0.132934	0.04458
215.11300015449524	5.066616	78	0	0.170752	0.04458
217.11300015449524	2.368784	78	0	0.124074	0.04458
219.11699986457825	4.814224	74	0	0.16948	0.04458
220.99300003051758	7.179	78	0	0.058036	0.04458
223.11300015449524	4.738152	74	0	0.173666	0.04458
225.114000082016	1.969064	76	0	0.205519	0.04458
227.114000082016	3.502696	78	0	0.083449	0.04458
229.11300015449524	4.818608	78	0	0.18368	0.04458
231.11300015449524	6.563568	78	0	0.062911	0.04458
233.1159999370575	4.885216	78	0	0.181532	0.04458
235.11300015449524	4.787312	58	0	0.133786	0.04458
237.1119999885559	5.063984	62	0	0.140015	0.04458
239.11300015449524	4.663992	48	0	0.141304	0.04458
241.1119999885559	4.627824	62	0	0.08527	0.04458
243.11699986457825	4.865112	66	0	0.06532	0.04458
244.99399995803833	7.441368	70	0	0.052231	0.04458
247.11300015449524	2.612864	74	0	0.172802	0.04458
249.114000082016	0.346504	72	0	0.159159	0.04458
251.1119999885559	0.37808	72	0	0.107028	0.04458
253.11300015449524	4.792008	72	0	0.16708	0.04458
255.11300015449524	7.049472	76	0	0.056002	0.04458
257.114000082016	4.944192	78	0	0.183857	0.04458
259.114000082016	5.221664	78	0	0.177153	0.04458
261.11300015449524	4.97344	76	0	0.177539	0.04458
263.11300015449524	4.790632	60	0	0.141607	0.04458
265.114000082016	6.049552	60	0	0.04982	0.04458
267.11699986457825	4.8722	68	0	0.158683	0.04458
269.1319999694824	0.53464	70	0	0.098078	0.04458
271.114000082016	0.398368	62	0	0.122106	0.04458
273.114000082016	1.553664	64	0	0.18727	0.04458
275.11300015449524	4.866512	4	0	0.1494	0.04458
277.114000082016	4.919016	70	0	0.164929	0.04458
279.1119999885559	6.397512	70	0	0.06195	0.04458
281.114000082016	4.591736	72	0	0.167357	0.04458
283.114000082016	3.392032	72	0	0.176349	0.04458
285.114000082016	1.487152	72	0	0.185689	0.04458
287.114000082016	4.96844	72	0	0.167082	0.04458
289.114000082016	4.936464	76	0	0.175408	0.04458
291.114000082016	4.825048	78	0	0.144512	0.04458
293.11300015449524	6.747816	78	0	0.057727	0.04458
295.1119999885559	4.96792	80	0	0.176928	0.04458
297.114000082016	4.685432	48	0	0.109406	0.04458
299.11500000953674	5.042456	60	0	0.138257	0.04458
301.114000082016	3.336552	64	0	0.170957	0.04458
303.11500000953674	6.953856	76	0	0.055584	0.04458
305.114000082016	4.966608	76	0	0.175696	0.04458
307.1159999370575	4.806608	76	0	0.176717	0.04458
309.114000082016	4.861352	80	0	0.182614	0.04458
311.114000082016	3.82188	76	0	0.122698	0.04458
313.11300015449524	6.983744	76	0	0.059908	0.04458
315.1119999885559	3.147568	78	0	0.111669	0.04458
317.03600001335144	4.855568	56	0	0.065171	0.04458
319.114000082016	5.016704	72	0	0.165966	0.04458
321.114000082016	5.068016	72	0	0.167832	0.04458
323.1210000514984	5.051736	72	0	0.166168	0.04458
325.114000082016	4.998896	74	0	0.169981	0.04458
327.114000082016	6.387088	74	0	0.059335	0.04458
329.114000082016	4.836712	74	0	0.173495	0.04458
331.11699986457825	4.89072	76	0	0.151598	0.04458
333.11300015449524	4.711304	74	0	0.168794	0.04458
335.289999961853	2.752824	38	0	0.210744	0.04458
337.114000082016	4.807368	60	0	0.079612	0.04458
339.11300015449524	4.970008	70	0	0.157638	0.04458
341.11300015449524	7.332712	74	0	0.064324	0.04458
343.114000082016	4.76268	76	0	0.177433	0.04458
345.114000082016	4.995944	78	0	0.178333	0.04458
347.11699986457825	8.245864	76	0	0.055325	0.04458
349.114000082016	4.803872	76	0	0.181752	0.04458
351.11500000953674	5.652752	78	0	0.080019	0.04458
353.11500000953674	5.064856	70	0	0.16062	0.04458
355.114000082016	4.822584	72	0	0.170495	0.04458
357.11500000953674	4.94292	76	0	0.177947	0.04458
359.114000082016	2.918288	80	0	0.110131	0.04458
361.1159999370575	2.815048	78	0	0.109303	0.04458
363.1159999370575	5.125496	78	0	0.108677	0.04458
365.11500000953674	6.758256	80	0	0.060877	0.04458
367.1119999885559	2.889488	80	0	0.168529	0.04458
369.11500000953674	4.804432	70	0	0.157618	0.04458
371.1159999370575	4.703152	74	0	0.16722	0.04458
373.11500000953674	4.568792	68	0	0.14953	0.04458
375.11300015449524	5.0904	74	0	0.171208	0.04458
377.1180000305176	4.84088	68	0	0.089985	0.04458
379.1159999370575	4.483536	74	0	0.171224	0.04458
381.11300015449524	5.09724	62	0	0.076881	0.04458
383.114000082016	4.850288	62	0	0.057433	0.04458
385.1229999065399	7.974664	74	0	0.057586	0.04458
387.11500000953674	4.7876	76	0	0.172608	0.04458
389.1119999885559	6.511384	62	0	0.050395	0.04458
391.5900001525879	3.960416	62	0	0.134211	0.04458
393.11100006103516	0.684048	70	0	0.216355	0.04458
395.11300015449524	7.399752	72	0	0.054068	0.04458
397.114000082016	3.041936	78	0	0.164238	0.04458
399.3639998435974	7.91156	78	0	0.055847	0.044679
401.36499977111816	0.219984	74	0	0.192816	0.044679
403.3659999370575	1.292784	76	0	0.169113	0.044679
405.3639998435974	2.461376	74	0	0.122684	0.044679
407.36499977111816	4.794608	74	0	0.142386	0.044679
409.36499977111816	4.021304	54	0	0.109358	0.044679
411.3639998435974	4.835728	64	0	0.148859	0.044679
413.36499977111816	6.713464	70	0	0.054286	0.044679
415.36499977111816	4.961832	72	0	0.140665	0.044679
417.36499977111816	4.279448	54	0	0.16212	0.044679
419.37000012397766	2.327168	56	0	0.183464	0.044679
421.36699986457825	0.998912	64	0	0.125358	0.044679
423.3639998435974	2.3104	56	0	0.085578	0.044679
425.36499977111816	0.095072	62	0	0.172457	0.044679
427.36499977111816	4.91948	64	0	0.149837	0.044679
429.3619999885559	1.208024	72	0	0.190141	0.044679
431.367999792099	4.508712	74	0	0.188863	0.044679
433.3639998435974	0.159056	74	0	0.109238	0.044679
435.3619999885559	4.881624	68	0	0.101804	0.044679
437.3619999885559	6.767064	74	0	0.060839	0.044679
439.36499977111816	5.044472	74	0	0.113598	0.044679
441.36299991607666	1.126248	76	0	0.205849	0.044679
443.36699986457825	3.125144	76	0	0.099122	0.044679
445.36499977111816	5.045784	78	0	0.151855	0.044679
447.36299991607666	7.468256	76	0	0.073309	0.044679
449.36299991607666	3.27172	4	0	0.207718	0.044679
451.36499977111816	4.9912	78	0	0.174157	0.044679
453.3639998435974	4.797728	74	0	0.183295	0.044679
455.36499977111816	4.774008	76	0	0.177501	0.044679
457.3639998435974	4.966872	76	0	0.150487	0.044679
459.36299991607666	6.392848	78	0	0.06417	0.044679
461.3639998435974	7.71868	78	0	0.115519	0.044679
463.3690001964569	7.494	80	0	0.052481	0.044679
465.36499977111816	2.280208	68	0	0.100827	0.044679
467.3639998435974	4.857736	70	0	0.10873	0.044679
469.3659999370575	4.934792	74	0	0.098455	0.044679
471.367999792099	7.279568	74	0	0.059296	0.044679
473.3639998435974	5.069248	74	0	0.169316	0.044679
475.36499977111816	4.798304	76	0	0.176838	0.044679
477.3639998435974	3.3986	56	0	0.136492	0.044679
479.3690001964569	4.761816	64	0	0.146238	0.044679
481.36299991607666	7.006832	74	0	0.063699	0.044679
483.3639998435974	4.88072	78	0	0.07659	0.044679
485.3659999370575	1.046432	80	0	0.125337	0.044679
487.36299991607666	4.835592	74	0	0.183254	0.044679
489.36499977111816	1.723656	76	0	0.097368	0.044679
491.3659999370575	1.68376	80	0	0.112992	0.044679
493.36499977111816	5.286208	80	0	0.178612	0.044679
495.3690001964569	5.141928	82	0	0.166338	0.044679
497.3639998435974	2.095696	58	0	0.139711	0.044679
499.3639998435974	4.94024	70	0	0.159093	0.044679
501.3639998435974	4.80804	72	0	0.167588	0.044679
503.3639998435974	2.291976	72	0	0.080774	0.044679
505.36699986457825	6.997776	72	0	0.093592	0.044679
507.36699986457825	5.028192	74	0	0.15389	0.044679
509.36499977111816	4.960264	76	0	0.105041	0.044679
511.3659999370575	5.00964	76	0	0.10076	0.044679
513.3639998435974	2.198152	78	0	0.199599	0.044679
515.3659999370575	4.59976	76	0	0.183168	0.044679
517.3649997711182	4.881024	74	0	0.170536	0.044679
519.9359998703003	0.900744	50	22	0.135381	0.044679
522.0159997940063	4.766928	50	0	0.159678	0.044679
524.1789999008179	5.054664	50	46	0.106668	0.044616
526.3940000534058	4.56628	48	0	0.105896	0.044616
527.9130001068115	4.970584	64	0	0.146565	0.044616
529.3639998435974	4.918064	74	0	0.172132	0.044616
531.3649997711182	5.031144	74	0	0.171988	0.044616
533.2909998893738	4.588768	78	0	0.178332	0.044616
535.367999792099	4.09024	76	0	0.188415	0.044616
537.3649997711182	4.521464	48	0	0.151736	0.044616
539.3690001964569	4.937568	50	0	0.15247	0.044616
541.3639998435974	2.871624	50	0	0.121629	0.044616
543.3669998645782	5.987816	68	0	0.062091	0.044616
545.3659999370575	4.82784	72	0	0.159114	0.044616
547.3639998435974	2.280744	74	0	0.112561	0.044616
549.3659999370575	4.854544	74	0	0.169262	0.044616
551.3649997711182	4.857424	76	0	0.150336	0.044616
553.3649997711182	4.946168	78	0	0.182444	0.044616
555.3669998645782	5.102448	78	0	0.181787	0.044616
557.3649997711182	6.864352	80	0	0.06543	0.044616
559.3649997711182	4.70448	80	0	0.187783	0.044616
561.3649997711182	0.483024	82	0	0.174565	0.044616
563.3690001964569	4.860952	74	0	0.169724	0.044616
565.3649997711182	4.771616	74	0	0.164379	0.044616
567.3659999370575	6.745	70	0	0.05478	0.044616
569.3659999370575	4.799608	72	0	0.166927	0.044616
571.3669998645782	6.727168	74	0	0.061583	0.044616
573.3669998645782	4.755888	74	0	0.170144	0.044616
575.4689998626709	4.90392	48	0	0.109777	0.044616
577.3659999370575	4.887232	64	0	0.147837	0.044616
579.3659999370575	4.358672	70	0	0.16886	0.044616
581.4879999160767	4.997536	60	42	0.068433	0.044616
583.6549999713898	1.58512	62	0	0.128249	0.044616
585.3649997711182	4.77312	68	0	0.150936	0.044616
587.3649997711182	4.951304	66	0	0.157623	0.044616
589.3639998435974	5.030656	48	0	0.05862	0.044616
591.367999792099	0.148624	66	0	0.139846	0.044616
593.3659999370575	4.95076	70	0	0.163921	0.044616
595.4509999752045	4.821672	72	36	0.103814	0.044616
597.3669998645782	5.183184	62	0	0.140402	0.044616
599.8090000152588	4.372968	52	0	0.120025	0.044616
602.6870000362396	4.691552	62	46	0.143126	0.044616
604.1809997558594	4.082704	50	0	0.099555	0.044616
605.3659999370575	7.266176	68	0	0.050092	0.044616
607.3669998645782	4.947592	74	0	0.150648	0.044616
609.3649997711182	5.109896	76	0	0.176328	0.044616
611.3639998435974	1.556984	76	0	0.195788	0.044616
613.3700001239777	0.675936	52	0	0.210129	0.044616
615.3669998645782	5.2304	66	0	0.059562	0.044616
617.3669998645782	4.979688	72	0	0.10685	0.044616
619.3659999370575	4.78396	74	0	0.173215	0.044616
621.3669998645782	4.65984	76	0	0.180652	0.044616
623.3669998645782	4.883336	76	0	0.177532	0.044616
625.3659999370575	8.257984	74	0	0.063058	0.044616
627.3649997711182	4.760624	74	0	0.173324	0.044616
629.3729999065399	6.813232	74	0	0.073391	0.044616
631.3649997711182	5.074112	74	0	0.169942	0.044616
633.3659999370575	5.030488	62	0	0.146948	0.044616
635.367999792099	4.823744	64	0	0.150534	0.044616
637.3649997711182	4.962072	68	0	0.157067	0.044616
639.3649997711182	6.428136	76	0	0.060125	0.044616
641.3649997711182	3.300352	76	0	0.094836	0.044616
643.367999792099	5.00688	72	0	0.146375	0.044616
645.3649997711182	4.999936	76	0	0.174734	0.044616
647.3659999370575	4.911096	76	0	0.180054	0.044616
649.6159999370575	4.983832	74	0	0.174218	0.044616
651.6159999370575	4.792448	76	0	0.170177	0.044616
653.6159999370575	7.701752	78	0	0.057153	0.044616
655.6170001029968	4.607144	78	0	0.129768	0.044616
657.6159999370575	4.570752	78	0	0.174833	0.044616
659.6150000095367	4.731672	78	0	0.181953	0.044616
661.6170001029968	4.570296	80	0	0.185763	0.044616
663.6159999370575	4.992528	80	0	0.170682	0.044616
665.6150000095367	0.625696	82	0	0.24028	0.044616
667.4970002174377	7.037352	80	0	0.059226	0.044616
669.6159999370575	4.93248	80	0	0.188706	0.044616
671.6159999370575	4.676592	68	0	0.157312	0.044616
673.6150000095367	1.509488	72	0	0.188078	0.044616
675.6170001029968	1.57516	72	0	0.144656	0.044616
677.6170001029968	6.824424	74	0	0.054976	0.044616
679.6150000095367	4.857848	76	0	0.17769	0.044616
681.6159999370575	3.847136	72	0	0.214011	0.044616
683.6159999370575	4.950912	74	0	0.172513	0.044616
685.6159999370575	3.562864	76	0	0.110031	0.044616
687.6150000095367	5.497504	76	0	0.077485	0.044616
689.6159999370575	4.909648	62	0	0.145364	0.044616
691.4990000724792	7.5944	72	0	0.052579	0.044616
693.6150000095367	4.927088	74	0	0.174368	0.044616
695.6170001029968	0.529888	74	0	0.172278	0.044616
697.614000082016	3.381568	60	0	0.085013	0.044616
699.6159999370575	4.78492	62	0	0.143456	0.044616
701.6150000095367	5.932536	64	0	0.056968	0.044616
703.6159999370575	4.252304	70	0	0.092137	0.044616
705.6189999580383	4.751792	76	0	0.172745	0.044616
707.6159999370575	4.872896	78	0	0.183548	0.044616
709.6170001029968	4.913016	78	0	0.182316	0.044616
711.6159999370575	4.863648	80	0	0.102152	0.044616
713.6159999370575	4.976968	80	0	0.181951	0.044616
715.4949998855591	7.170368	80	0	0.062159	0.044616
717.6159999370575	4.747144	76	0	0.177589	0.044616
719.6180000305176	4.991032	78	0	0.182131	0.044616
721.6170001029968	3.644464	56	0	0.13885	0.044616
723.6129999160767	4.805784	68	0	0.15774	0.044616
725.6170001029968	7.049408	72	0	0.074906	0.044616
727.6159999370575	5.101184	74	0	0.128476	0.044616
729.6170001029968	4.907992	74	0	0.165136	0.044616
731.6180000305176	4.963952	76	0	0.17446	0.044616
733.6170001029968	2.675376	78	0	0.095976	0.044616
735.6150000095367	0.251328	78	0	0.204783	0.044616
737.6159999370575	2.164144	80	0	0.186652	0.044616
739.5039999485016	7.34464	72	0	0.078991	0.044616
741.6150000095367	4.383568	76	0	0.188815	0.044616
743.6159999370575	5.024288	78	0	0.181846	0.044616
745.6150000095367	4.842464	78	0	0.192877	0.044616
747.6150000095367	5.134048	78	0	0.176804	0.044616
749.6159999370575	7.412048	78	0	0.063111	0.044616
751.6159999370575	4.739568	80	0	0.177103	0.044616
753.6170001029968	2.623952	80	0	0.089027	0.044616
755.6150000095367	4.930848	78	0	0.181575	0.044616
757.6159999370575	4.989552	78	0	0.183628	0.044616
759.6159999370575	6.650104	80	0	0.057892	0.044616
761.6170001029968	3.895928	80	0	0.190947	0.044616
763.4980001449585	6.73996	80	0	0.058038	0.044616
765.6159999370575	3.084112	80	0	0.131767	0.044616
767.6170001029968	2.802256	78	0	0.12274	0.044616
769.6159999370575	3.712816	76	0	0.066816	0.044616
771.6170001029968	4.349352	74	0	0.178731	0.044616
773.6170001029968	7.234256	76	0	0.063032	0.044616
775.6170001029968	2.529872	76	0	0.168083	0.044616
777.6170001029968	2.726328	40	0	0.112406	0.044616
779.6170001029968	4.634192	50	0	0.080695	0.044616
781.6170001029968	1.384168	102	0	0.21223	0.044616
783.6159999370575	3.008336	62	0	0.089288	0.044616
785.6170001029968	4.979808	68	0	0.130453	0.044616
787.6159999370575	4.982392	68	5	0.157287	0.044616
789.6189999580383	3.765552	50	0	0.189033	0.044616
791.6170001029968	4.886536	64	0	0.14883	0.044616
793.6199998855591	4.844384	68	0	0.14742	0.044616
795.6180000305176	4.407648	70	0	0.137819	0.044616
797.6170001029968	7.148944	74	0	0.055941	0.044616
799.6180000305176	4.91804	76	0	0.173753	0.044616
801.6159999370575	4.926048	76	0	0.175101	0.044616
803.6170001029968	4.990288	76	0	0.178396	0.044616
805.6159999370575	4.12248	48	0	0.189207	0.044616
807.6159999370575	3.613424	66	0	0.089028	0.044616
809.6170001029968	4.975792	70	0	0.162897	0.044616
811.5499999523163	4.031984	66	0	0.084363	0.044616
813.6180000305176	3.347992	62	0	0.204907	0.044616
815.6170001029968	0.885296	64	0	0.195249	0.044616
817.6180000305176	4.73116	66	0	0.154615	0.044616
819.6180000305176	2.498528	66	0	0.078495	0.044616
821.6180000305176	3.588856	66	0	0.156551	0.044616
823.6180000305176	0.216464	62	0	0.141909	0.044645
825.6189999580383	3.624648	66	0	0.068503	0.044645
827.6170001029968	5.13128	66	0	0.078495	0.044645
829.6159999370575	1.924808	68	0	0.193811	0.044645
831.6159999370575	3.003808	40	0	0.129401	0.044645
833.6180000305176	4.675576	66	0	0.153322	0.044645
835.6170001029968	7.24768	72	0	0.054059	0.044645
837.6170001029968	3.939624	72	0	0.210424	0.044645
839.6170001029968	5.190424	50	0	0.052551	0.044645
841.6180000305176	4.91556	62	0	0.142587	0.044645
843.6180000305176	3.085592	64	0	0.095239	0.044645
845.6170001029968	0.424664	62	0	0.18019	0.044645
847.6159999370575	4.557952	64	0	0.135912	0.044645
849.6180000305176	5.052824	66	0	0.120564	0.044645
851.6180000305176	4.970288	66	0	0.158062	0.044645
853.6189999580383	3.164024	60	0	0.203858	0.044645
855.6269998550415	7.972064	72	0	0.059907	0.044645
857.6170001029968	4.99768	80	0	0.173685	0.044645
859.6150000095367	7.480016	82	0	0.060007	0.044645
861.6170001029968	1.27184	82	0	0.188243	0.044645
863.6159999370575	4.782992	82	0	0.19231	0.044645
865.6209998130798	4.09176	80	0	0.169757	0.044645
867.6199998855591	4.942136	80	0	0.183454	0.044645
869.6170001029968	7.028248	80	0	0.063538	0.044645
871.6180000305176	4.870528	80	0	0.1845	0.044645
873.6159999370575	5.008288	78	0	0.185141	0.044645
875.6189999580383	4.837024	72	0	0.168876	0.044645
877.6180000305176	3.76972	70	0	0.204965	0.044645
879.6170001029968	0.813304	74	0	0.118795	0.044645
881.6170001029968	4.797448	72	0	0.161173	0.044645
883.6170001029968	3.641536	74	22	0.175032	0.044645
885.6180000305176	4.83472	48	0	0.104035	0.044645
887.6170001029968	4.96528	64	0	0.147747	0.044645
889.6170001029968	4.462168	66	0	0.158676	0.044645
891.6170001029968	3.894976	70	0	0.202826	0.044645
893.6180000305176	6.599768	70	0	0.054579	0.044645
895.6170001029968	4.6982	76	0	0.175038	0.044645
897.6170001029968	4.81828	76	0	0.177267	0.044645
899.6170001029968	1.091216	60	0	0.173189	0.044645
901.8700001239777	4.851344	62	0	0.145613	0.044645
903.8669998645782	0.950328	70	0	0.132805	0.044645
905.867999792099	4.973024	72	0	0.166719	0.044645
907.8689999580383	2.093728	23	22	0.221886	0.044645
909.867999792099	4.50164	54	0	0.13464	0.044645
911.8700001239777	5.113592	60	0	0.08262	0.044645
913.8689999580383	4.78196	74	0	0.161516	0.044645
915.867999792099	3.651688	40	0	0.158609	0.044645
917.867999792099	4.96436	66	0	0.154273	0.044645
919.8669998645782	4.907776	72	0	0.164289	0.044645
921.8669998645782	4.55008	72	0	0.14576	0.044645
923.8689999580383	4.87252	50	0	0.110969	0.044645
925.867999792099	4.962752	64	0	0.147579	0.044645
927.8719999790192	1.810624	70	0	0.087025	0.044645
929.867999792099	4.931368	72	0	0.166105	0.044645
931.867999792099	5.216376	50	0	0.05099	0.044645
933.867999792099	5.0052	64	0	0.148652	0.044645
935.867999792099	4.7832	64	0	0.147651	0.044645
937.867999792099	4.19608	66	0	0.171263	0.044645
939.8689999580383	4.688416	48	0	0.092273	0.044645
941.867999792099	7.853704	70	0	0.048265	0.044645
943.8659999370575	0.229408	76	0	0.155857	0.044645
945.8689999580383	4.9438	62	0	0.169175	0.044645
947.8700001239777	4.852752	64	0	0.147298	0.044645
949.867999792099	5.041472	64	0	0.098207	0.044645
951.8700001239777	0.133712	68	0	0.184049	0.044645
953.7230000495911	2.031168	102	0	0.121435	0.044645
955.8669998645782	5.173336	50	0	0.051037	0.044645
957.8689999580383	4.880912	66	0	0.080267	0.044645
959.8669998645782	4.99196	72	0	0.168117	0.044645
961.7020001411438	3.159352	48	0	0.156546	0.044645
963.867999792099	5.024944	54	0	0.103318	0.044645
965.8700001239777	0.31312	66	0	0.051585	0.044645
967.8689999580383	3.60028	70	0	0.085587	0.044645
969.7969999313354	4.738512	52	43	0.081245	0.044645
971.867999792099	1.042848	66	0	0.11691	0.044645
973.8689999580383	5.093872	78	0	0.170158	0.044645
975.8700001239777	0.892536	80	0	0.152215	0.044645
977.8689999580383	4.376688	80	0	0.193572	0.044645
979.8669998645782	6.640992	78	0	0.05808	0.044645
981.867999792099	4.87792	80	0	0.181935	0.044645
983.8669998645782	4.903184	80	0	0.186825	0.044645
985.8669998645782	4.97132	80	0	0.190551	0.044645
987.8689999580383	4.948528	78	0	0.178705	0.044645
989.8689999580383	5.077424	74	0	0.168268	0.044645
991.8719999790192	0.39972	76	0	0.180658	0.044645
993.8669998645782	4.8162	76	0	0.180038	0.044645
995.8700001239777	4.80944	76	0	0.175641	0.044645
997.8700001239777	4.783912	78	0	0.184365	0.044645
999.7699999809265	0.137096	76	0	0.187255	0.044645
1001.8689999580383	4.4362	50	0	0.115876	0.044645
1003.867999792099	6.993936	66	0	0.049178	0.044645
1005.867999792099	4.90032	70	0	0.159403	0.044645
1007.867999792099	0.325664	72	0	0.174365	0.044645
1009.8689999580383	4.87248	70	0	0.166414	0.044645
1011.8689999580383	2.910648	76	0	0.115317	0.044645
1013.8689999580383	6.998152	78	0	0.058169	0.044645
1015.9159998893738	1.144672	78	0	0.163425	0.044645
1017.8700001239777	1.655376	48	0	0.139333	0.044645
1019.867999792099	4.930128	62	0	0.074634	0.044645
1021.867999792099	4.971024	70	0	0.164032	0.044645
1023.8689999580383	4.776472	66	0	0.143857	0.044645
1025.8700001239777	4.508728	58	0	0.127703	0.044645
1027.867999792099	2.347384	60	0	0.121316	0.044645
1029.8710000514984	4.982592	60	0	0.074404	0.044645
1031.8689999580383	4.822464	68	0	0.158089	0.044645
1033.867999792099	4.86696	72	0	0.13347	0.044645
1035.8669998645782	4.93904	74	0	0.17465	0.044645
1037.8740000724792	4.6012	74	0	0.178567	0.044645
1039.867999792099	4.933328	74	0	0.169813	0.044645
1041.867999792099	4.936064	74	0	0.174128	0.044645
1043.8669998645782	4.90036	74	0	0.172478	0.044645
1045.8669998645782	4.98456	74	0	0.171537	0.044645
1047.8700001239777	4.987072	62	0	0.181643	0.044645
1049.867999792099	4.875776	68	0	0.158742	0.044645
1051.8710000514984	7.435296	72	0	0.056602	0.044645
1053.867999792099	0.750848	76	0	0.191945	0.044645
1055.8669998645782	4.879352	76	0	0.175101	0.044645
1057.8689999580383	4.910552	68	0	0.124394	0.044645
1059.8689999580383	4.841992	70	0	0.163958	0.044645
1061.8700001239777	4.939248	48	0	0.111258	0.044645
1063.8710000514984	5.180936	64	0	0.139117	0.044645
1065.8689999580383	4.85344	72	0	0.166816	0.044645
1067.867999792099	4.883096	74	0	0.174925	0.044645
1069.867999792099	1.984752	154	0	0.13893	0.044645
1071.8689999580383	4.929136	78	0	0.170206	0.044711
