0.0	8.878168	260	12	0.127935	0.103606
0.2720000743865967	9.915104	254	0	0.116123	0.103606
0.750999927520752	10.074608	254	7	0.138915	0.103606
1.1470000743865967	9.879608	212	0	0.116211	0.103606
1.500999927520752	10.013728	208	21	0.117069	0.103606
2.1009998321533203	10.230224	208	0	0.129372	0.103606
2.7170000076293945	10.24264	210	1	0.146873	0.103606
3.4220001697540283	4.835392	206	0	0.116534	0.103606
3.8999998569488525	8.469256	208	0	0.120893	0.103606
4.236999988555908	9.889248	206	21	0.114922	0.103606
5.747999906539917	9.696552	206	0	0.111004	0.103606
7.73199987411499	9.805168	274	0	0.125247	0.103606
9.739000082015991	9.049792	272	0	0.116326	0.103606
11.730999946594238	10.437232	276	0	0.112723	0.103606
13.73800015449524	10.437232	276	0	0.107408	0.103606
15.730000019073486	10.27376	4	0	0.11189	0.103606
17.734000205993652	9.603048	276	0	0.115215	0.103606
19.974000215530396	10.246936	272	0	0.131653	0.103606
21.74500012397766	5.994432	288	0	0.109238	0.103606
23.74399995803833	10.294424	210	0	0.127545	0.103606
25.740999937057495	10.150024	212	0	0.138987	0.103606
27.991999864578247	10.098976	246	0	0.155727	0.103606
29.963000059127808	5.225536	230	0	0.156867	0.103606
31.988999843597412	10.157952	210	0	0.127186	0.103606
33.97800016403198	10.156176	262	0	0.145042	0.103606
35.98899984359741	8.895776	256	0	0.131908	0.103606
37.99600005149841	2.413896	210	0	0.138294	0.103606
39.99400019645691	10.162336	210	0	0.143108	0.103606
41.979000091552734	9.83632	210	0	0.109467	0.103606
43.986000061035156	10.309152	206	0	0.128862	0.103606
45.986000061035156	9.907936	250	0	0.139957	0.103606
47.97800016403198	9.997896	286	0	0.123998	0.103606
49.990999937057495	8.947328	290	0	0.14277	0.103606
51.980000019073486	3.467264	274	0	0.142435	0.103606
53.98899984359741	5.79956	234	0	0.137823	0.103606
55.990999937057495	9.276816	266	0	0.108993	0.103606
57.980000019073486	10.037712	250	0	0.118907	0.103606
59.99600005149841	8.820288	268	0	0.13356	0.103606
61.98699998855591	8.77608	208	0	0.144857	0.103606
63.98699998855591	10.33028	208	0	0.142589	0.103606
65.98600006103516	10.21176	212	0	0.139943	0.103606
67.97800016403198	9.994488	252	0	0.133564	0.103606
69.98799991607666	10.196608	240	0	0.120385	0.103606
71.97800016403198	10.196608	240	0	0.124986	0.103606
73.98200011253357	10.196608	240	0	0.114057	0.103606
75.98899984359741	0.102112	244	0	0.11903	0.103606
77.9909999370575	9.68152	282	0	0.130392	0.103606
79.9850001335144	0.188264	280	0	0.137464	0.103606
81.97900009155273	10.022928	282	0	0.12937	0.103606
83.98799991607666	10.153656	276	0	0.131868	0.103606
85.99000000953674	10.04612	274	0	0.12838	0.103606
87.98200011253357	10.184416	272	0	0.128475	0.103606
89.99199986457825	10.267224	270	0	0.114568	0.103606
91.98300004005432	9.673208	270	0	0.133293	0.103606
93.98399996757507	8.029752	270	0	0.111144	0.103606
95.98600006103516	9.72288	250	0	0.138262	0.103606
97.98799991607666	10.174944	212	0	0.111272	0.103606
99.98399996757507	6.433528	210	0	0.136031	0.103606
101.98799991607666	10.07988	256	0	0.134222	0.103606
103.98300004005432	10.07988	254	0	0.118548	0.103606
105.97900009155273	10.396752	240	0	0.130223	0.103606
107.98799991607666	9.079672	208	0	0.124791	0.103606
109.98099994659424	10.145792	236	0	0.132521	0.103606
111.98399996757507	8.97848	228	0	0.12591	0.103606
113.9760000705719	10.179632	234	0	0.108474	0.103606
115.98699998855591	8.891184	234	0	0.123814	0.103606
117.9909999370575	9.174208	252	0	0.133026	0.103606
119.98699998855591	10.066072	268	0	0.140979	0.103606
121.97900009155273	10.297552	264	0	0.11863	0.103606
123.98300004005432	10.176552	274	0	0.141972	0.103606
125.98300004005432	10.013344	280	0	0.122822	0.103606
127.98699998855591	9.156408	262	0	0.112221	0.103606
129.9889998435974	10.197568	262	0	0.122459	0.103606
131.9869999885559	10.197568	250	0	0.12148	0.103606
133.9909999370575	10.197568	250	0	0.111148	0.103606
135.99300026893616	9.734008	250	0	0.115077	0.103606
137.9909999370575	10.053064	208	0	0.109002	0.103606
139.99300026893616	10.183296	238	0	0.13855	0.103606
141.9800000190735	9.998496	288	0	0.123335	0.103606
143.97700023651123	3.50336	230	0	0.156259	0.103606
145.98799991607666	9.30512	206	0	0.137011	0.103606
147.98600006103516	10.180808	236	0	0.128342	0.103606
149.98799991607666	10.08556	278	0	0.124813	0.103606
151.9760000705719	10.179	278	0	0.131342	0.103606
154.0130000114441	10.138808	252	0	0.130497	0.103606
155.97900009155273	9.99452	210	0	0.132293	0.103606
157.99000000953674	10.165776	268	0	0.142097	0.103606
159.98099994659424	10.299528	268	0	0.13645	0.103606
161.98399996757507	10.288992	262	0	0.10894	0.103606
163.98399996757507	9.580264	254	0	0.13297	0.103606
165.98600006103516	9.03712	254	0	0.160761	0.103606
167.97900009155273	9.99952	254	0	0.145452	0.103606
169.97900009155273	10.224952	250	0	0.139664	0.103606
171.9760000705719	9.954768	230	0	0.129449	0.103606
173.99199986457825	9.371376	250	0	0.128044	0.103606
175.98399996757507	10.184576	276	0	0.113096	0.103606
177.97800016403198	9.854752	278	0	0.123828	0.103606
179.97900009155273	10.287896	236	0	0.135099	0.103606
181.9869999885559	10.076328	234	0	0.121754	0.103606
183.99000000953674	10.161848	270	0	0.125462	0.103606
185.9869999885559	10.092312	270	0	0.108908	0.103606
187.97500014305115	9.951504	264	0	0.122897	0.103606
189.97700023651123	8.733296	264	0	0.142409	0.103606
191.98099994659424	10.347128	270	0	0.122493	0.103606
193.97500014305115	10.036168	266	0	0.110402	0.103606
195.98799991607666	10.03548	264	0	0.123608	0.103606
197.99000000953674	10.136008	262	0	0.116435	0.103606
199.98300004005432	8.83152	252	0	0.133335	0.103606
201.9869999885559	10.007336	250	0	0.112238	0.103606
203.9869999885559	9.438824	250	0	0.12635	0.103606
205.9889998435974	9.304976	250	0	0.136365	0.103606
207.97700023651123	10.238608	250	0	0.112634	0.103606
209.97500014305115	10.128672	248	0	0.124221	0.103606
211.9800000190735	10.238248	252	0	0.111985	0.103606
213.98600006103516	9.802888	250	0	0.10918	0.103606
215.9850001335144	10.09624	226	0	0.112574	0.103606
217.98799991607666	10.09624	268	0	0.113174	0.103606
219.98600006103516	10.172672	270	0	0.11276	0.103606
221.98399996757507	10.172672	270	0	0.12064	0.103606
223.99300026893616	10.172672	272	0	0.112659	0.103606
225.9889998435974	9.511936	272	0	0.116535	0.103606
228.08100008964539	9.728968	250	0	0.121074	0.103606
229.97800016403198	5.652064	262	0	0.157362	0.103606
231.98099994659424	9.9622	262	0	0.123187	0.103606
233.9760000705719	10.17196	256	0	0.112958	0.103606
235.97199988365173	9.853992	226	0	0.120031	0.103606
237.98300004005432	9.437536	254	0	0.13568	0.103606
239.98099994659424	9.437536	254	0	0.143906	0.103606
241.98200011253357	9.437536	254	0	0.112797	0.103606
243.98200011253357	10.053584	252	0	0.132022	0.103606
245.97800016403198	10.033904	236	0	0.134527	0.103606
247.9850001335144	10.110112	276	0	0.116152	0.103606
249.9869999885559	10.110112	276	0	0.118305	0.103606
251.9889998435974	10.110112	276	0	0.11126	0.103606
253.9740002155304	10.087792	272	0	0.125317	0.103606
255.9889998435974	9.092704	268	0	0.122718	0.103606
257.9740002155304	9.285768	268	0	0.13241	0.103606
259.9800000190735	9.285768	270	0	0.11115	0.103606
261.98099994659424	10.244176	268	0	0.122143	0.103606
263.9850001335144	2.58688	252	0	0.157244	0.103606
266.2449998855591	3.950856	214	0	0.161552	0.103606
267.9850001335144	3.950856	204	0	0.108225	0.103606
269.978000164032	9.642688	208	0	0.123248	0.104417
272.22300004959106	10.212832	250	0	0.150257	0.104417
273.98200011253357	9.837816	250	0	0.113239	0.104417
275.9839999675751	10.183008	252	0	0.134529	0.104417
278.22699999809265	9.474872	228	0	0.146062	0.104417
280.22899985313416	10.24984	222	0	0.151705	0.104417
282.2239999771118	10.24984	256	0	0.121511	0.104417
284.23600006103516	10.011528	210	0	0.128947	0.104401
286.23600006103516	10.480992	224	0	0.110546	0.104401
288.23800015449524	9.659848	268	0	0.134793	0.104401
290.2369999885559	9.95924	258	0	0.12133	0.104401
292.239000082016	9.746864	260	0	0.120734	0.104401
294.22699999809265	9.193536	260	0	0.122784	0.104401
296.23099994659424	9.951184	268	0	0.118955	0.104401
298.231999874115	9.66128	264	0	0.154913	0.104401
300.15499997138977	10.00976	258	0	0.127964	0.104401
302.23400020599365	8.950376	254	0	0.123182	0.104401
304.24000000953674	10.061328	254	0	0.115947	0.104401
306.2369999885559	10.214328	208	0	0.125489	0.104401
308.2369999885559	10.188256	236	0	0.119231	0.104401
310.22899985313416	10.217824	280	0	0.125866	0.104401
312.2279999256134	10.05836	282	0	0.121339	0.104401
314.23099994659424	10.165688	292	0	0.124176	0.104401
316.2239999771118	9.80972	290	0	0.1424	0.104401
318.2350001335144	8.826752	274	0	0.145411	0.104401
320.2220001220703	10.05148	254	0	0.108805	0.104401
322.23099994659424	10.156608	276	0	0.116282	0.104401
324.14600014686584	10.157712	276	0	0.114865	0.104401
326.2420001029968	9.027056	226	0	0.130255	0.103771
328.2300000190735	9.375368	204	0	0.121895	0.103771
330.23099994659424	9.050784	254	0	0.123095	0.103771
332.2369999885559	10.398496	248	0	0.124594	0.103771
334.22300004959106	9.906376	248	0	0.113659	0.103771
336.22300004959106	1.30336	208	0	0.157441	0.103771
338.25	9.896288	254	0	0.122194	0.103771
340.04499983787537	8.75756	254	0	0.126537	0.103771
342.22899985313416	10.192832	212	0	0.128615	0.103771
344.2300000190735	10.198744	212	0	0.122605	0.103771
346.2279999256134	10.245864	236	0	0.1211	0.103771
348.1850001811981	10.204088	290	0	0.156715	0.103771
350.231999874115	4.278688	212	0	0.155873	0.103771
352.22500014305115	9.38612	268	0	0.141202	0.103771
354.22500014305115	9.945048	252	0	0.144997	0.103771
356.2350001335144	10.313536	268	0	0.146736	0.103771
358.4849998950958	0.938144	210	0	0.109791	0.103771
360.23099994659424	10.278456	228	0	0.141036	0.103771
362.2350001335144	10.316096	218	0	0.144554	0.103771
364.2279999256134	9.722528	244	0	0.121394	0.103771
366.23400020599365	10.124928	212	0	0.137272	0.103771
368.2350001335144	10.155896	246	0	0.142948	0.103771
370.2350001335144	10.204648	222	0	0.146688	0.103771
372.14800000190735	10.1904	238	0	0.118591	0.103771
374.239000082016	10.255112	236	0	0.14066	0.103771
376.22300004959106	10.151872	230	0	0.132626	0.103771
378.220999956131	10.202696	224	0	0.14028	0.103771
380.2279999256134	10.216008	240	0	0.138266	0.103771
382.2330002784729	8.942	274	0	0.109953	0.103771
384.23099994659424	10.059816	272	0	0.126309	0.103771
386.23400020599365	10.099432	272	0	0.155175	0.103771
388.231999874115	0.873288	262	0	0.156521	0.103771
390.22300004959106	10.223088	264	0	0.141536	0.103771
392.24000000953674	9.964896	260	0	0.145313	0.103771
394.22699999809265	9.33028	254	0	0.118161	0.103771
396.1510000228882	9.33028	252	0	0.108596	0.103771
398.2279999256134	9.33028	250	0	0.113061	0.103771
400.2300000190735	9.33028	250	0	0.109681	0.103771
402.23099994659424	10.145736	244	0	0.107947	0.103771
404.22500014305115	10.331608	246	0	0.149163	0.103771
406.2239999771118	10.392208	246	0	0.115812	0.103771
408.22699999809265	10.008648	238	0	0.121351	0.103771
410.2430000305176	10.044664	238	0	0.123732	0.103771
412.3310000896454	10.190712	240	0	0.138304	0.103771
414.2330002784729	9.339184	214	0	0.125562	0.103771
416.23099994659424	10.181328	266	0	0.109713	0.103771
418.22899985313416	10.181328	266	0	0.112484	0.103771
420.17400002479553	10.254856	264	0	0.134465	0.103771
422.2350001335144	10.250296	250	0	0.13235	0.103771
424.220999956131	10.161128	258	0	0.130242	0.103771
426.2300000190735	10.13932	210	0	0.116627	0.103771
428.22500014305115	9.167776	254	0	0.128392	0.103771
430.22699999809265	9.943344	254	0	0.13916	0.103771
432.2369999885559	10.177488	252	0	0.125833	0.103771
434.2260000705719	10.158912	210	0	0.148943	0.103771
436.23400020599365	10.173984	4	0	0.13388	0.103771
438.2180001735687	10.196744	240	0	0.124627	0.103771
440.2300000190735	10.341432	250	0	0.109631	0.103771
442.23400020599365	10.341432	288	0	0.113167	0.103771
444.1600000858307	10.125496	288	0	0.111847	0.103771
446.24000000953674	9.565408	286	0	0.121702	0.103771
448.220999956131	10.196064	228	0	0.114112	0.103771
450.22000002861023	10.196064	276	0	0.130119	0.103771
452.2190001010895	10.133104	276	0	0.116084	0.103771
454.2330002784729	10.107504	252	0	0.12732	0.103771
456.23400020599365	8.922376	254	0	0.12271	0.103771
458.239000082016	9.501128	258	0	0.120287	0.103771
460.22300004959106	10.112328	252	0	0.135602	0.103771
462.2239999771118	8.919544	212	0	0.136551	0.103771
464.23099994659424	10.21544	214	0	0.109701	0.103771
466.2300000190735	9.258632	242	0	0.116748	0.103771
468.22000002861023	10.1504	242	0	0.109736	0.103771
470.2330002784729	10.175272	210	0	0.142826	0.103771
472.23400020599365	10.13392	210	0	0.115046	0.103771
474.22500014305115	9.750536	210	0	0.111371	0.103771
476.2279999256134	9.8702	212	0	0.117835	0.103771
478.22300004959106	10.110952	234	0	0.109667	0.103771
480.22699999809265	10.110952	246	0	0.126005	0.103771
482.2239999771118	10.110952	246	0	0.114781	0.103771
484.2260000705719	2.785352	228	0	0.125914	0.103771
486.22300004959106	10.125128	228	0	0.113822	0.103771
488.217000246048	10.121744	268	0	0.115931	0.103771
490.2350001335144	10.117848	268	0	0.139178	0.103771
492.2279999256134	10.157352	266	0	0.13113	0.103771
494.22699999809265	10.288336	252	0	0.145517	0.103771
496.22300004959106	10.11324	254	0	0.116971	0.103771
498.22899985313416	10.230984	254	0	0.109673	0.103771
500.231999874115	10.287368	254	0	0.116287	0.103771
502.220999956131	10.190792	246	0	0.128614	0.103771
504.2330002784729	10.121848	246	0	0.112842	0.103771
506.220999956131	10.018336	278	0	0.11564	0.103771
508.231999874115	10.109088	208	0	0.140436	0.103771
510.2220001220703	10.164528	274	0	0.146745	0.103771
512.2260000705719	10.167568	234	0	0.148235	0.103771
514.231999874115	10.174304	276	0	0.112767	0.103771
516.2230000495911	10.040808	276	0	0.110306	0.103771
518.2309999465942	9.39856	228	0	0.131365	0.103771
520.2340002059937	10.232672	230	0	0.116419	0.103771
522.4719998836517	9.825696	258	0	0.130116	0.103771
524.2340002059937	10.112472	254	0	0.122956	0.103771
526.2289998531342	3.802424	252	0	0.119171	0.103771
528.4689998626709	9.299624	248	0	0.12741	0.103771
530.231999874115	2.450648	220	0	0.115209	0.103771
532.478000164032	10.255976	216	0	0.133873	0.103771
534.4760000705719	9.815832	210	0	0.117428	0.103771
536.4790000915527	9.360832	250	0	0.136522	0.103771
538.4820001125336	9.097496	250	0	0.122931	0.103771
540.4769999980927	9.840224	252	0	0.139236	0.103771
542.4849998950958	9.840224	282	0	0.113225	0.103771
544.470999956131	9.006464	282	0	0.113854	0.103771
546.4810001850128	10.045928	282	0	0.113505	0.103771
548.4760000705719	9.88052	228	0	0.119086	0.103771
550.4800000190735	10.111952	272	0	0.108244	0.103771
552.478000164032	9.964408	274	0	0.114226	0.103771
554.420000076294	10.248992	274	0	0.137368	0.103771
556.4800000190735	9.703584	268	0	0.13198	0.103771
558.4689998626709	9.987896	260	0	0.120034	0.103771
560.4700000286102	3.650808	250	0	0.110947	0.103771
562.4750001430511	10.372912	260	0	0.123122	0.103771
564.4719998836517	10.126872	260	0	0.118847	0.103771
566.4760000705719	9.931008	260	0	0.111558	0.103771
568.4670000076294	9.221144	256	0	0.114252	0.103771
570.4660000801086	10.46748	256	0	0.114414	0.103771
572.4849998950958	10.278112	254	0	0.126943	0.103771
574.470999956131	10.04872	254	0	0.12809	0.103771
576.4719998836517	10.18524	252	0	0.11794	0.103771
578.3919999599457	9.901432	252	0	0.108937	0.103771
580.4740002155304	10.312928	236	0	0.138056	0.103771
582.4769999980927	10.344568	212	0	0.119761	0.103771
584.478000164032	10.014528	212	0	0.10982	0.103771
586.4670000076294	9.016096	224	0	0.117174	0.103771
588.4679999351501	10.191888	272	0	0.112837	0.103771
590.4730000495911	9.964392	276	0	0.116643	0.103771
592.4830000400543	10.157536	270	0	0.130627	0.103771
594.4740002155304	10.339328	260	0	0.133204	0.103771
596.4700000286102	10.210616	260	0	0.122554	0.103771
598.4700000286102	10.210616	260	0	0.111901	0.103771
600.4760000705719	9.633168	258	0	0.121284	0.103771
602.3989999294281	10.088832	254	0	0.109445	0.103771
604.4800000190735	9.956256	206	0	0.14263	0.103771
606.4760000705719	10.058928	204	0	0.118989	0.103771
608.470999956131	9.027064	236	0	0.108933	0.103771
610.4689998626709	10.246008	234	0	0.124413	0.103771
612.4719998836517	10.124616	252	0	0.138122	0.103771
614.4740002155304	9.932928	284	0	0.128562	0.103771
616.4810001850128	10.123968	282	0	0.124387	0.103771
618.4769999980927	10.146808	272	0	0.124891	0.103771
620.4740002155304	10.229352	268	0	0.130954	0.103771
622.4790000915527	10.3592	266	0	0.110366	0.103771
624.470999956131	10.172264	264	0	0.113005	0.103771
626.4060001373291	10.172264	264	0	0.122409	0.103971
628.4750001430511	10.238792	264	0	0.126767	0.103971
630.4750001430511	10.211064	256	0	0.112205	0.103971
632.4730000495911	10.24052	256	0	0.109237	0.103971
634.4760000705719	9.822776	252	0	0.111277	0.103971
636.4750001430511	9.408184	252	0	0.113447	0.103971
638.4820001125336	9.408184	240	0	0.108288	0.103971
640.470999956131	9.408184	284	0	0.155579	0.103971
642.4810001850128	9.408184	282	0	0.108901	0.103971
644.4689998626709	10.046624	282	0	0.109322	0.103971
646.478000164032	10.046624	282	0	0.122515	0.103971
648.4700000286102	10.046624	282	0	0.109222	0.103971
650.3959999084473	10.046624	266	0	0.109577	0.103971
652.4790000915527	10.150904	264	0	0.111268	0.103971
654.4650001525879	10.299552	264	0	0.110347	0.103971
656.4930000305176	10.299552	266	0	0.124439	0.103971
658.4730000495911	10.299552	266	0	0.159269	0.103971
660.4660000801086	9.31256	270	0	0.109821	0.103971
662.4830000400543	10.180344	218	0	0.141644	0.103971
664.4719998836517	9.044336	212	0	0.129069	0.103971
666.4800000190735	10.059456	212	0	0.136618	0.103971
668.4740002155304	10.235136	242	0	0.13014	0.103971
670.4730000495911	10.172408	238	0	0.110462	0.103971
672.4689998626709	10.172408	238	0	0.109321	0.103971
674.4359998703003	9.383472	250	0	0.146995	0.103971
676.4790000915527	10.134488	250	0	0.108715	0.103971
678.4800000190735	10.314608	270	0	0.136735	0.103971
680.4810001850128	10.193424	270	0	0.109401	0.103971
682.4750001430511	10.26876	272	0	0.121542	0.103971
684.4769999980927	8.961552	266	0	0.136319	0.103971
686.4760000705719	9.344128	264	0	0.122805	0.103971
688.4810001850128	10.223464	266	0	0.146231	0.103971
690.470999956131	10.224568	256	0	0.120866	0.103971
692.478000164032	10.49432	256	0	0.119884	0.103971
694.4820001125336	10.205784	252	0	0.151137	0.103971
696.4670000076294	10.101832	252	0	0.140157	0.103971
698.3989999294281	9.101528	256	0	0.10877	0.103971
700.4639999866486	9.259736	254	0	0.120074	0.103971
702.4790000915527	10.0134	256	0	0.114972	0.103971
704.4670000076294	10.08548	252	0	0.114319	0.103971
706.4740002155304	10.003984	244	0	0.115678	0.103971
708.4769999980927	10.003984	288	0	0.112311	0.103971
710.470999956131	10.227496	286	0	0.121296	0.103971
712.4700000286102	10.2938	286	0	0.115567	0.103971
714.4679999351501	10.280384	4	0	0.118194	0.103971
716.470999956131	9.244936	284	0	0.120078	0.103971
718.4760000705719	10.1566	280	0	0.12636	0.103971
720.4760000705719	9.99668	264	0	0.125454	0.103971
722.4760000705719	10.240392	254	0	0.112322	0.103971
724.4790000915527	10.264712	216	0	0.121017	0.103971
726.4719998836517	8.975672	216	0	0.128033	0.103971
728.4679999351501	10.144376	256	0	0.109769	0.103971
730.4719998836517	10.106072	254	0	0.147908	0.103971
732.4660000801086	10.071944	260	0	0.135141	0.103971
734.4750001430511	9.373048	256	0	0.14486	0.103971
736.4630000591278	10.412368	254	0	0.117645	0.103971
738.4760000705719	9.859128	242	0	0.121385	0.103971
740.4800000190735	10.394816	242	0	0.121815	0.103971
742.4730000495911	9.995408	274	0	0.10986	0.103971
744.4670000076294	9.830408	274	0	0.130044	0.103971
746.4700000286102	8.99728	278	0	0.136158	0.103971
748.4750001430511	10.171032	280	0	0.120478	0.103971
750.470999956131	9.991752	266	0	0.126953	0.103971
752.478000164032	8.873168	264	0	0.109107	0.103971
754.4740002155304	8.978456	262	0	0.127978	0.103971
756.4760000705719	7.984008	254	0	0.166487	0.103971
758.4750001430511	10.021336	260	0	0.143503	0.103971
760.4670000076294	9.96132	252	0	0.114594	0.103971
762.470999956131	8.67816	252	0	0.123093	0.103971
764.4740002155304	10.16124	212	0	0.116636	0.103971
766.462000131607	10.276384	254	0	0.155647	0.104103
768.470999956131	10.068256	254	0	0.152017	0.104103
