0.0	42.516568	314	0	0.031643	0.023262
0.06799983978271484	11.267816	318	0	0.031676	0.023262
0.10700011253356934	11.267816	316	15	0.032368	0.023262
0.17499995231628418	2.602488	316	0	0.035517	0.023262
0.21399974822998047	8.918376	316	0	0.035019	0.023262
0.2849998474121094	32.105144	312	0	0.032564	0.023262
0.3989999294281006	50.403192	316	0	0.03592	0.023262
0.49699997901916504	60.386304	360	0	0.031912	0.023262
1.246999979019165	57.47468	360	0	0.032412	0.023262
3.242000102996826	30.394576	364	0	0.034107	0.023262
5.244999885559082	60.969424	356	0	0.033578	0.023262
7.243000030517578	62.929488	419	0	0.033401	0.023262
9.243000030517578	62.114824	432	0	0.034259	0.023262
11.245999813079834	72.002936	440	0	0.033088	0.023262
13.245999813079834	11.896736	430	0	0.052339	0.023262
15.243000030517578	69.218056	438	0	0.034848	0.023262
17.245999813079834	60.184496	472	0	0.037815	0.023262
19.244999885559082	60.184496	464	0	0.033156	0.023262
21.243000030517578	60.184496	464	0	0.033465	0.023262
23.24399995803833	69.745216	482	0	0.033206	0.023262
25.243000030517578	75.170464	490	0	0.032836	0.023262
27.244999885559082	70.940744	506	0	0.032667	0.023262
29.243000030517578	75.806008	490	0	0.032219	0.023262
31.247999906539917	81.442312	546	0	0.034661	0.023262
33.24899983406067	90.708624	550	0	0.037938	0.023262
35.24300003051758	74.68496	550	0	0.039612	0.023262
37.242000102996826	88.601392	556	0	0.040396	0.023262
39.242000102996826	88.601392	562	0	0.035773	0.023262
41.24300003051758	88.601392	574	0	0.034901	0.023262
43.24300003051758	88.601392	574	0	0.033959	0.023262
45.24799990653992	88.601392	556	0	0.03512	0.023262
47.24399995803833	88.601392	574	0	0.036313	0.023262
49.24799990653992	88.601392	574	0	0.035066	0.023262
51.242000102996826	88.601392	574	0	0.034529	0.023262
53.24300003051758	88.601392	580	0	0.035152	0.023262
55.246999979019165	88.601392	580	0	0.033771	0.023262
57.240999937057495	88.601392	578	0	0.033467	0.023262
59.242000102996826	88.601392	578	0	0.033926	0.023262
61.49399971961975	88.601392	564	0	0.033398	0.023262
63.49199986457825	88.601392	564	0	0.033448	0.023262
65.4980001449585	88.601392	564	0	0.034436	0.023262
67.49199986457825	88.601392	608	0	0.034954	0.023262
69.28599977493286	88.601392	576	0	0.035762	0.023262
71.492999792099	88.601392	576	0	0.033648	0.023262
73.49000000953674	88.601392	576	0	0.03383	0.023262
75.4980001449585	88.601392	576	0	0.035765	0.023262
77.49000000953674	88.601392	576	0	0.034708	0.023262
79.492999792099	88.601392	584	0	0.034088	0.023262
81.49199986457825	88.601392	566	0	0.035842	0.023262
83.49399971961975	81.58524	530	0	0.040923	0.023262
85.49499988555908	86.598408	608	0	0.041615	0.023262
87.49399971961975	90.750808	631	0	0.035103	0.023262
89.49499988555908	77.99376	562	0	0.037364	0.023262
91.4909999370575	81.741616	554	0	0.041834	0.023262
93.28599977493286	77.909632	558	0	0.036463	0.023262
95.49399971961975	77.104992	552	0	0.038739	0.023262
97.4909999370575	62.75228	552	0	0.04831	0.023262
99.492999792099	77.617016	560	0	0.033003	0.023262
101.4909999370575	83.990304	548	0	0.036233	0.023262
103.49399971961975	74.82896	516	0	0.035229	0.023262
105.49199986457825	92.431896	621	0	0.035985	0.023262
107.49199986457825	54.613168	617	0	0.035747	0.023262
109.4909999370575	91.073928	634	0	0.035715	0.023262
111.49499988555908	66.003664	576	0	0.043191	0.023262
113.49199986457825	85.187328	596	0	0.035482	0.023262
115.49499988555908	76.691656	588	0	0.038684	0.023262
117.50399994850159	77.009712	594	0	0.037237	0.023262
119.49199986457825	81.3564	594	0	0.038447	0.023262
121.49199986457825	86.595288	588	0	0.033958	0.023262
123.49499988555908	82.871808	574	0	0.038215	0.023262
125.49699997901917	80.50092	580	0	0.039581	0.023262
127.49199986457825	81.614488	564	0	0.037597	0.023262
129.50099992752075	82.903344	554	0	0.034113	0.023262
131.49699997901917	84.386264	550	0	0.033749	0.023262
133.5019998550415	81.411392	548	0	0.034113	0.023262
135.49699997901917	81.411392	548	0	0.033109	0.023262
137.49199986457825	81.411392	548	0	0.033737	0.023262
139.510999917984	81.411392	554	0	0.036317	0.023262
141.49199986457825	81.411392	564	0	0.034719	0.023262
143.5	81.411392	586	0	0.039875	0.023262
145.49199986457825	81.411392	586	0	0.033071	0.023262
147.51799988746643	81.411392	586	0	0.035064	0.023262
149.49499988555908	81.411392	586	0	0.033253	0.023262
151.50099992752075	81.411392	578	0	0.036054	0.023262
153.49399971961975	81.411392	578	0	0.034693	0.023262
155.49000000953674	81.411392	596	0	0.035628	0.023262
157.492999792099	81.226816	580	0	0.038918	0.023262
159.492999792099	87.362048	582	0	0.035989	0.023262
161.4909999370575	89.380232	584	0	0.033974	0.023262
163.4980001449585	74.74412	584	0	0.037493	0.023262
165.4909999370575	78.581824	576	0	0.034535	0.023262
167.49199986457825	84.551224	576	0	0.040305	0.023262
169.4909999370575	79.501136	576	0	0.0383	0.023262
171.4960000514984	79.501728	562	0	0.037965	0.023262
173.49399971961975	81.26408	566	0	0.038087	0.023262
175.49000000953674	81.26408	572	0	0.034909	0.023262
177.49199986457825	81.26408	580	0	0.034721	0.023262
179.49399971961975	81.26408	580	0	0.035108	0.023262
181.49000000953674	0.163376	58	0	0.065937	0.023262
183.49000000953674	6.908176	50	0	0.037379	0.023262
185.49000000953674	6.46948	56	0	0.03512	0.023262
187.4889998435974	8.282104	64	0	0.03456	0.023262
189.49000000953674	9.537912	68	0	0.033505	0.023262
191.4909999370575	12.23952	86	0	0.03398	0.023262
193.4909999370575	11.2918	4	0	0.034974	0.023262
195.4980001449585	15.385088	104	0	0.034484	0.023262
197.49000000953674	16.7512	110	0	0.034938	0.023262
199.4909999370575	16.510888	112	0	0.032994	0.023262
201.49000000953674	15.89944	110	0	0.03259	0.023262
203.49000000953674	14.499024	112	0	0.03408	0.023262
205.4909999370575	16.752536	118	0	0.033419	0.023262
207.4909999370575	16.338568	118	0	0.034233	0.023262
209.49000000953674	16.88052	126	0	0.035142	0.023262
211.49000000953674	22.395584	4	0	0.031682	0.023262
213.4909999370575	18.75576	140	0	0.036185	0.023262
215.49000000953674	19.959072	142	0	0.034265	0.023262
217.4909999370575	22.930504	142	0	0.032394	0.023262
219.49000000953674	25.111264	146	0	0.032856	0.023262
221.4909999370575	34.75436	182	0	0.032355	0.023262
223.49000000953674	33.37412	216	0	0.034377	0.023262
225.49000000953674	36.000416	228	0	0.032889	0.023262
227.4909999370575	38.0456	226	0	0.033822	0.023262
229.49000000953674	46.64408	252	0	0.033596	0.023262
231.4909999370575	46.358744	292	0	0.032831	0.023262
233.4909999370575	44.336312	270	0	0.032911	0.023262
235.49000000953674	46.253	280	0	0.032446	0.023262
237.4909999370575	45.04508	296	0	0.033413	0.023262
239.4909999370575	42.577168	316	0	0.033583	0.023262
241.5	41.713392	331	0	0.033705	0.023262
243.4909999370575	59.90536	334	0	0.032115	0.023262
245.4909999370575	45.071808	338	0	0.032692	0.023262
247.49000000953674	54.707256	326	0	0.033573	0.023262
249.49399971961975	47.99836	356	0	0.034275	0.023262
251.4909999370575	49.980248	350	0	0.034694	0.023262
253.4889998435974	60.096432	350	0	0.033051	0.023262
255.49000000953674	72.671472	435	0	0.033914	0.023262
257.49000000953674	80.140792	462	0	0.033506	0.023262
259.49199986457825	74.535408	462	0	0.035224	0.023262
261.49000000953674	79.0804	468	0	0.032756	0.023262
263.49199986457825	70.213208	464	0	0.036264	0.023262
265.4909999370575	69.391488	470	0	0.037518	0.023262
267.49000000953674	77.601416	474	0	0.032932	0.023262
269.49199986457825	70.120536	474	0	0.035671	0.023262
271.4909999370575	73.116984	480	0	0.03406	0.023262
273.49199986457825	73.514848	480	0	0.033169	0.023262
275.48799991607666	73.514848	494	0	0.032948	0.023262
277.48799991607666	73.514848	494	0	0.033314	0.023262
279.49699997901917	73.514848	510	0	0.033997	0.023262
281.48799991607666	73.514848	508	0	0.042522	0.023262
283.48799991607666	73.514848	500	0	0.034985	0.023262
285.49000000953674	73.514848	476	0	0.034339	0.023262
287.4909999370575	69.450184	502	0	0.034906	0.023262
289.49199986457825	75.7858	510	0	0.033594	0.023262
291.49000000953674	72.682576	536	0	0.032627	0.023262
293.4889998435974	76.102592	560	0	0.035459	0.023262
295.4889998435974	79.692832	576	0	0.034646	0.023262
297.7590000629425	83.765384	564	0	0.03538	0.023262
299.739000082016	95.21828	578	0	0.035309	0.023985
301.73800015449524	84.400528	564	0	0.040899	0.023985
303.739000082016	87.334496	564	0	0.036691	0.023985
305.74000000953674	84.955032	570	0	0.033448	0.023985
307.739000082016	74.56696	564	0	0.036835	0.023985
309.739000082016	78.066832	562	0	0.035341	0.023985
311.739000082016	79.543864	532	0	0.034745	0.023985
313.7430000305176	83.779512	526	0	0.039573	0.023985
315.739000082016	87.78112	520	0	0.034904	0.023985
317.739000082016	79.485816	520	0	0.035375	0.023985
319.7539999485016	77.681152	562	0	0.03417	0.023985
321.7409999370575	75.94632	560	0	0.03405	0.023985
323.739000082016	76.134872	584	0	0.034451	0.023985
325.739000082016	84.366848	578	0	0.039973	0.023985
327.7430000305176	84.366848	578	0	0.037313	0.023985
329.7430000305176	84.366848	578	0	0.045523	0.023985
331.74000000953674	84.366848	578	0	0.038124	0.023985
333.739000082016	84.366848	654	0	0.034847	0.023985
335.739000082016	81.445576	630	0	0.037283	0.023985
337.739000082016	90.096344	628	0	0.035298	0.023985
339.73800015449524	90.096344	628	0	0.036024	0.023985
341.73800015449524	90.096344	634	0	0.035552	0.023985
343.739000082016	90.096344	598	0	0.033584	0.023985
345.74199986457825	90.096344	598	0	0.036693	0.023985
347.74000000953674	90.096344	598	0	0.034198	0.023985
349.7409999370575	88.174312	574	0	0.03986	0.023985
351.739000082016	12.561008	574	0	0.06284	0.023985
353.739000082016	48.204936	562	0	0.033889	0.023985
355.73800015449524	48.204936	548	0	0.03536	0.023985
357.73800015449524	48.204936	552	0	0.035567	0.023985
359.739000082016	48.204936	558	0	0.034661	0.023985
361.74000000953674	48.204936	566	0	0.033553	0.023985
363.7409999370575	93.697744	580	0	0.034104	0.023985
365.739000082016	93.697744	608	0	0.035047	0.023985
367.73800015449524	93.697744	602	0	0.035337	0.023985
369.74199986457825	93.697744	633	0	0.044878	0.023985
371.7460000514984	93.697744	640	0	0.036621	0.023985
373.74000000953674	76.98524	634	0	0.038235	0.023985
375.74000000953674	77.172112	574	0	0.046234	0.023985
377.739000082016	78.1774	544	0	0.037842	0.023985
379.74000000953674	84.325088	532	0	0.042172	0.023985
381.739000082016	85.222944	518	0	0.035096	0.023985
383.739000082016	80.305208	524	0	0.041855	0.023985
385.739000082016	88.640008	514	0	0.036929	0.023985
387.739000082016	85.313096	504	0	0.034926	0.023985
389.7409999370575	84.354408	570	0	0.032839	0.023985
391.74000000953674	24.400088	602	0	0.03506	0.023985
393.739000082016	81.769568	648	0	0.039257	0.023985
395.73800015449524	88.944552	630	0	0.041229	0.023985
397.74000000953674	83.596504	586	0	0.036248	0.023985
399.7460000514984	90.367504	536	0	0.037969	0.023985
401.74199986457825	37.851544	536	0	0.047374	0.023985
403.7409999370575	73.96752	512	0	0.040763	0.023985
405.74000000953674	63.184512	516	0	0.041805	0.023985
407.739000082016	72.229896	508	0	0.035114	0.023985
409.7359998226166	79.067096	508	0	0.037353	0.023985
411.739000082016	80.784552	514	0	0.034285	0.023985
413.739000082016	90.300416	4	0	0.033799	0.023985
415.74399995803833	88.398	584	0	0.037106	0.023985
417.7369999885559	89.974544	600	0	0.037058	0.023985
419.74000000953674	81.030976	612	0	0.035787	0.023985
421.74000000953674	90.409136	608	0	0.03829	0.023985
423.7369999885559	89.657584	624	0	0.044199	0.023985
425.74000000953674	91.797136	618	0	0.035966	0.023985
427.7369999885559	74.521384	618	0	0.045743	0.023985
429.7409999370575	81.642728	622	0	0.040706	0.023985
431.73800015449524	84.808384	598	0	0.037526	0.023985
433.74000000953674	77.489432	598	0	0.040967	0.023985
435.7369999885559	85.582144	600	0	0.037183	0.023985
437.7369999885559	87.770048	560	0	0.038915	0.023985
439.7359998226166	87.770048	554	0	0.033764	0.023985
441.7369999885559	87.770048	568	0	0.033828	0.023985
443.7409999370575	81.760288	572	0	0.034843	0.023985
445.739000082016	79.053616	566	0	0.042357	0.023985
447.739000082016	75.779024	564	0	0.040331	0.023985
449.739000082016	78.659256	564	0	0.03433	0.023985
451.74399995803833	78.659256	564	0	0.034066	0.023985
453.73800015449524	78.659256	616	0	0.033629	0.023985
455.7369999885559	80.02968	4	0	0.039707	0.023985
457.73800015449524	70.728912	621	0	0.035425	0.023985
459.7409999370575	69.564672	562	0	0.03751	0.023985
461.74000000953674	85.114368	562	0	0.036022	0.023985
463.74000000953674	85.364264	570	0	0.044379	0.023985
465.7369999885559	80.685168	598	0	0.032862	0.023985
467.73800015449524	88.40448	602	0	0.041658	0.023985
469.7409999370575	77.694008	608	0	0.043886	0.023985
471.739000082016	83.767432	602	0	0.039787	0.023985
473.7409999370575	85.483704	574	0	0.037056	0.023985
475.7409999370575	74.591256	502	0	0.038179	0.023985
477.73800015449524	84.277576	510	0	0.03455	0.023985
479.739000082016	76.123192	518	0	0.034926	0.023985
481.739000082016	84.039288	480	0	0.032071	0.023967
483.7479999065399	85.129176	480	0	0.032976	0.023967
485.7369999885559	77.204648	486	0	0.036524	0.023967
487.739000082016	63.39172	462	0	0.033695	0.023967
489.739000082016	71.456472	492	0	0.034483	0.023967
491.7369999885559	83.987288	4	0	0.035148	0.023967
493.7409999370575	82.336624	580	0	0.038687	0.023967
495.7409999370575	78.217008	566	0	0.040653	0.023967
497.739000082016	82.138952	566	0	0.03536	0.023967
499.7349998950958	80.55172	572	0	0.043717	0.023967
501.7369999885559	88.692448	568	0	0.035169	0.023967
503.73800015449524	81.83896	568	0	0.03713	0.023967
505.73800015449524	80.790808	572	0	0.035353	0.023967
507.739000082016	87.941472	630	0	0.033649	0.023967
509.75099992752075	85.956584	642	0	0.039971	0.023967
511.7359998226166	66.822104	504	0	0.035312	0.023967
513.7369999885559	66.822104	504	0	0.036232	0.023967
515.739000082016	93.55532	512	0	0.038198	0.023967
517.7460000514984	74.125112	500	0	0.035115	0.023967
519.7369999885559	79.143552	594	0	0.036572	0.023967
521.7409999370575	79.143552	628	0	0.041573	0.023967
523.7400000095367	79.143552	628	0	0.038916	0.023967
525.7380001544952	79.143552	624	0	0.037175	0.023967
527.7369999885559	87.336832	628	0	0.037562	0.023967
529.7380001544952	92.177672	622	0	0.037604	0.023967
531.7499997615814	94.401688	592	0	0.033932	0.023967
533.9849998950958	81.680152	602	0	0.038031	0.023967
535.9869999885559	89.291024	598	0	0.03854	0.023967
537.9889998435974	86.283296	598	0	0.038599	0.023967
539.779000043869	78.785352	598	0	0.036412	0.023967
541.9869999885559	84.316288	592	0	0.039328	0.023967
543.9889998435974	84.316288	592	0	0.036025	0.023967
545.9869999885559	78.610192	578	0	0.036669	0.023967
547.9869999885559	80.042736	564	0	0.038558	0.023967
549.9869999885559	82.090016	564	0	0.037732	0.023967
551.9849998950958	85.401824	556	0	0.048014	0.023967
553.9869999885559	77.349408	568	0	0.0407	0.023967
555.9960000514984	85.234184	592	0	0.035925	0.023967
557.9889998435974	85.234184	592	0	0.034074	0.023967
559.9879999160767	85.234184	592	0	0.036741	0.023967
561.9869999885559	85.234184	592	0	0.037065	0.023967
563.7819998264313	86.258936	584	0	0.035843	0.023967
565.9839999675751	17.048672	560	0	0.064965	0.023967
567.9860000610352	36.950528	560	0	0.036123	0.023967
569.9909999370575	74.401896	552	0	0.035905	0.023967
571.9889998435974	76.06264	550	0	0.04457	0.023967
573.9879999160767	87.641768	506	0	0.037046	0.023967
575.9879999160767	82.801784	500	0	0.033969	0.023967
577.9869999885559	79.50664	512	0	0.037075	0.023967
579.9849998950958	78.544296	512	0	0.044593	0.023967
581.9899997711182	83.01216	512	0	0.03709	0.023967
583.9909999370575	85.974224	520	0	0.035543	0.023967
585.9849998950958	82.39364	568	0	0.040774	0.023967
587.9869999885559	83.1306	572	0	0.035335	0.023967
589.9990000724792	84.520464	574	0	0.046188	0.023967
591.9889998435974	84.01644	576	0	0.038752	0.023967
593.9899997711182	62.49988	578	0	0.046038	0.023967
595.9860000610352	69.7402	496	0	0.05403	0.023967
597.9899997711182	63.270976	426	0	0.0339	0.023967
599.9869999885559	76.093584	432	0	0.033306	0.023967
601.9899997711182	52.892176	412	0	0.034287	0.023967
603.9869999885559	78.15044	500	0	0.032558	0.023858
605.9889998435974	59.057312	548	0	0.040591	0.023858
607.9860000610352	87.342672	608	0	0.035818	0.023858
609.9860000610352	82.173568	608	0	0.053846	0.023858
611.8480000495911	85.144344	584	0	0.054643	0.023858
613.9889998435974	3.503448	556	0	0.062724	0.023858
615.9889998435974	82.03472	666	0	0.042926	0.023858
617.9869999885559	69.358864	556	0	0.05744	0.023858
619.9849998950958	91.479984	600	0	0.035575	0.023858
621.9869999885559	88.074408	600	0	0.034021	0.023858
623.9860000610352	70.730928	594	0	0.040939	0.023858
625.9860000610352	83.14404	592	0	0.039405	0.023858
627.9879999160767	93.75556	598	0	0.039638	0.023858
629.9899997711182	88.222112	592	0	0.035642	0.023858
631.9860000610352	82.45048	580	0	0.040838	0.023858
633.9879999160767	26.499264	564	0	0.066895	0.023858
635.9939999580383	15.252024	588	0	0.052024	0.023858
637.9889998435974	82.153344	558	0	0.035755	0.023858
639.9899997711182	88.162856	596	0	0.03929	0.023858
641.9860000610352	75.741552	558	0	0.0514	0.023858
643.9860000610352	80.313152	606	0	0.042552	0.023858
645.9869999885559	32.1154	580	0	0.050855	0.023858
647.9889998435974	80.798112	540	0	0.040621	0.023858
649.9849998950958	74.184184	534	0	0.039598	0.023858
651.9849998950958	74.184184	534	0	0.036054	0.023858
653.9919998645782	80.222448	540	0	0.039977	0.023858
655.9879999160767	81.812216	498	0	0.03381	0.023858
657.9879999160767	75.390336	594	0	0.038492	0.023858
659.9860000610352	81.192432	618	0	0.03786	0.023858
661.9849998950958	82.067968	618	0	0.048187	0.023858
663.9849998950958	85.10764	618	0	0.042238	0.023858
665.9869999885559	89.846152	556	0	0.040646	0.023858
667.9849998950958	73.809776	538	0	0.03823	0.023858
669.9839999675751	81.123352	593	0	0.035112	0.023858
671.9919998645782	81.123352	610	0	0.035386	0.023858
673.9839999675751	81.123352	608	0	0.037748	0.023858
675.9839999675751	81.123352	620	0	0.035233	0.023858
677.9839999675751	81.123352	620	0	0.036953	0.023858
679.9849998950958	81.123352	620	0	0.035463	0.023858
681.9849998950958	86.310728	616	0	0.040278	0.023858
683.9860000610352	79.690448	598	0	0.039898	0.023858
685.9899997711182	84.754768	590	0	0.038081	0.023858
687.9839999675751	86.932184	590	0	0.03982	0.023858
689.9960000514984	86.932184	588	0	0.034696	0.023858
691.9839999675751	86.932184	578	0	0.034695	0.023858
693.9839999675751	86.932184	578	0	0.035812	0.023858
695.9849998950958	86.932184	616	0	0.036966	0.023858
697.9860000610352	68.915976	614	0	0.042762	0.023858
699.9839999675751	72.359632	614	0	0.033451	0.023858
701.9849998950958	72.359632	620	0	0.038567	0.023858
703.9869999885559	76.791952	620	0	0.036441	0.023858
705.9860000610352	76.791952	576	0	0.035973	0.023858
707.9830000400543	76.791952	576	0	0.033786	0.023858
709.9839999675751	76.791952	592	0	0.036502	0.023858
711.9860000610352	76.791952	592	0	0.037091	0.023858
713.9839999675751	76.791952	592	0	0.034063	0.023858
715.9839999675751	76.791952	616	0	0.037759	0.023858
717.9839999675751	79.416752	514	0	0.03514	0.023858
719.9830000400543	69.471664	514	0	0.033424	0.023858
721.9849998950958	60.43544	514	0	0.034147	0.023858
723.9830000400543	78.238912	500	0	0.034014	0.023858
725.9839999675751	66.666368	496	0	0.034111	0.023858
727.9839999675751	82.226296	520	0	0.037342	0.023858
729.9839999675751	77.232616	532	0	0.034115	0.023858
731.981999874115	82.172552	532	0	0.034424	0.023858
733.9839999675751	82.064344	534	0	0.036719	0.023858
736.0199999809265	76.614272	4	0	0.034587	0.023858
737.9839999675751	82.244536	538	0	0.032635	0.023858
739.9839999675751	77.139064	524	0	0.035723	0.023858
741.981999874115	77.139064	530	0	0.034031	0.023858
743.9849998950958	77.139064	530	0	0.032907	0.023858
745.981999874115	77.375008	524	0	0.033984	0.023858
747.9969999790192	80.023456	524	0	0.031955	0.023858
749.981999874115	74.82964	520	0	0.03877	0.023858
752.0009999275208	82.049312	546	0	0.03344	0.023858
753.9839999675751	85.783456	552	0	0.03283	0.023858
756.0	69.514368	556	0	0.032904	0.023858
757.9860000610352	72.478368	520	0	0.032969	0.023858
759.9830000400543	66.446816	526	0	0.035991	0.023858
761.9830000400543	83.096496	526	0	0.034502	0.023858
763.9869999885559	69.14152	526	0	0.032863	0.023858
765.981999874115	83.81876	538	0	0.033964	0.023858
767.9830000400543	79.00044	538	0	0.033954	0.023858
770.2339999675751	55.595264	539	0	0.03381	0.023858
772.2329998016357	77.57268	540	0	0.032965	0.023858
774.231999874115	88.884736	590	0	0.033457	0.023858
776.2329998016357	79.50208	582	0	0.035054	0.023858
778.2329998016357	85.3364	576	0	0.036741	0.023858
780.2349998950958	78.484704	576	0	0.035119	0.023858
782.2329998016357	81.725432	576	0	0.035541	0.023858
784.2349998950958	81.58508	576	0	0.035201	0.023858
786.2339999675751	77.147808	618	0	0.034688	0.023858
788.2339999675751	85.458088	624	0	0.036112	0.023858
790.2329998016357	85.580072	584	0	0.03779	0.023858
792.2329998016357	82.71636	584	0	0.039645	0.023858
794.2329998016357	47.127464	578	0	0.035842	0.023858
796.2379999160767	89.283792	566	0	0.035937	0.023858
798.2329998016357	78.889704	574	0	0.040303	0.023858
800.231999874115	75.297792	580	0	0.036472	0.023858
802.2420001029968	79.288456	586	0	0.037229	0.023858
804.2329998016357	80.377144	586	0	0.036442	0.023858
806.2329998016357	86.183616	4	0	0.037397	0.023858
808.2329998016357	76.345272	528	0	0.03423	0.023858
810.2339999675751	88.340544	546	0	0.033572	0.023858
812.2329998016357	80.302	546	0	0.033963	0.023858
814.2339999675751	89.301168	546	0	0.032889	0.023858
816.2339999675751	81.438848	530	0	0.035233	0.023858
818.2329998016357	81.438848	4	0	0.035474	0.023858
820.2339999675751	87.161728	568	0	0.0339	0.023858
822.2329998016357	87.161728	548	0	0.03312	0.023858
824.2339999675751	87.161728	548	0	0.033601	0.023858
826.2339999675751	85.662576	600	0	0.035664	0.023858
828.2339999675751	89.679336	606	0	0.042379	0.023858
830.2339999675751	85.512608	614	0	0.041677	0.023858
832.2329998016357	80.659888	586	0	0.033868	0.023858
834.2329998016357	83.037472	506	0	0.038755	0.023858
836.2339999675751	76.989488	506	0	0.032788	0.023858
838.231999874115	84.823864	520	0	0.03332	0.023858
840.2309999465942	75.533016	526	0	0.03458	0.023858
842.2329998016357	76.466968	526	0	0.034613	0.023858
844.2329998016357	76.80072	528	0	0.035409	0.023858
846.2339999675751	75.089168	528	0	0.037984	0.023858
848.2329998016357	75.089168	524	0	0.032727	0.023858
850.2339999675751	75.089168	520	0	0.032563	0.023858
852.231999874115	75.089168	544	0	0.033908	0.023858
854.2299997806549	75.089168	544	0	0.036353	0.023858
856.2329998016357	72.952952	532	0	0.034873	0.023858
858.2329998016357	83.982296	536	0	0.039288	0.023858
860.2359998226166	83.982296	512	0	0.035351	0.023858
862.2349998950958	80.771008	518	0	0.033469	0.023858
864.2299997806549	80.771008	518	0	0.032843	0.023858
866.2339999675751	80.575168	590	0	0.033792	0.023858
868.2329998016357	59.664376	572	0	0.038216	0.023858
870.2329998016357	77.614528	586	0	0.035744	0.023858
872.2299997806549	77.614528	580	0	0.033179	0.023858
874.231999874115	4.958256	556	0	0.034452	0.023858
876.2299997806549	72.102944	558	0	0.032939	0.023858
878.2369999885559	72.102944	558	0	0.033072	0.023858
880.2339999675751	73.785464	480	0	0.035651	0.023858
882.2349998950958	74.61528	482	0	0.034928	0.023858
884.2309999465942	55.042744	586	0	0.059655	0.023858
886.2309999465942	16.99336	482	0	0.041758	0.023858
888.2309999465942	76.745712	484	0	0.03303	0.023858
890.231999874115	73.603016	526	0	0.032996	0.023858
892.2339999675751	84.993704	530	0	0.033544	0.023858
894.2329998016357	69.378752	549	0	0.036794	0.023858
896.2339999675751	80.77576	552	0	0.033567	0.023858
898.2339999675751	85.985656	504	0	0.0362	0.023858
900.2329998016357	82.771648	526	0	0.034997	0.023858
902.2329998016357	81.3788	528	0	0.034328	0.023858
904.2309999465942	57.21888	528	0	0.035551	0.0279
906.2309999465942	80.9818	564	0	0.033954	0.0279
908.2309999465942	83.795224	564	0	0.037731	0.0279
910.231999874115	87.660224	549	0	0.033285	0.0279
912.2369999885559	87.14044	556	0	0.036727	0.0279
914.2329998016357	89.58424	564	0	0.032994	0.0279
916.2309999465942	82.615848	566	0	0.036901	0.0279
918.2309999465942	71.6352	566	0	0.036719	0.0279
920.2299997806549	71.6352	550	0	0.033685	0.0279
922.2349998950958	84.048704	546	0	0.035446	0.0279
924.2309999465942	84.048704	540	0	0.033397	0.0279
926.2309999465942	84.048704	552	0	0.032632	0.0279
928.239000082016	40.482584	534	0	0.033276	0.0279
930.2309999465942	41.084696	534	0	0.034624	0.0279
932.2309999465942	70.762432	536	0	0.03485	0.0279
934.2329998016357	70.762432	536	0	0.03489	0.0279
936.2299997806549	75.872616	512	0	0.034598	0.0279
938.2299997806549	59.624024	480	0	0.032765	0.0279
940.2309999465942	69.59132	480	0	0.032989	0.0279
942.231999874115	69.59132	4	0	0.032685	0.0279
944.2309999465942	75.41412	470	0	0.034058	0.0279
946.231999874115	1.633448	464	0	0.062972	0.0279
948.2369999885559	78.767528	474	0	0.033594	0.0279
950.2329998016357	77.50244	480	0	0.032691	0.0279
952.2299997806549	77.50244	480	0	0.033166	0.0279
954.231999874115	77.50244	500	0	0.033221	0.0279
956.2329998016357	77.50244	502	0	0.034778	0.0279
958.231999874115	76.807336	498	0	0.033181	0.0279
960.2309999465942	76.807336	498	0	0.032975	0.0279
962.2339999675751	73.541776	492	0	0.03476	0.0279
964.2299997806549	73.541776	490	0	0.032206	0.0279
966.2309999465942	76.23172	492	0	0.035561	0.0279
968.2309999465942	74.278136	488	0	0.033777	0.0279
970.2289998531342	85.478456	516	0	0.033868	0.0279
972.2309999465942	80.584408	516	0	0.032376	0.0279
974.2299997806549	73.277448	522	0	0.03427	0.0279
976.2299997806549	73.277448	528	0	0.034357	0.0279
978.2309999465942	73.277448	536	0	0.03306	0.0279
980.2309999465942	79.46464	534	0	0.035245	0.0279
982.2309999465942	78.249704	550	0	0.034578	0.0279
984.2289998531342	80.027192	566	0	0.033764	0.0279
986.2309999465942	80.027192	574	0	0.033474	0.0279
988.2289998531342	76.268656	574	0	0.034812	0.0279
990.2299997806549	39.792	615	0	0.060425	0.0279
992.2299997806549	86.506048	550	0	0.033053	0.0279
994.2309999465942	86.506048	572	0	0.036462	0.0279
996.231999874115	82.549216	580	0	0.033459	0.0279
998.2309999465942	82.549216	580	0	0.034377	0.0279
1000.231999874115	82.549216	580	0	0.036124	0.0279
1002.2329998016357	82.549216	556	0	0.043937	0.0279
1004.2329998016357	13.809272	635	0	0.064176	0.0279
1006.2299997806549	45.77788	550	0	0.033865	0.0279
1008.2309999465942	45.77788	550	0	0.03669	0.0279
1010.239000082016	45.77788	556	0	0.034294	0.0279
1012.2309999465942	45.77788	556	0	0.034183	0.0279
1014.2289998531342	45.77788	546	0	0.036424	0.0279
1016.2289998531342	45.77788	554	0	0.03421	0.0279
1018.2279999256134	84.108968	498	0	0.035207	0.0279
1020.231999874115	84.108968	508	0	0.034132	0.0279
1022.2309999465942	84.108968	522	0	0.034088	0.0279
1024.2289998531342	84.108968	522	0	0.033823	0.0279
1026.231999874115	75.143784	516	0	0.033865	0.0279
1028.229999780655	80.18168	532	0	0.033959	0.0279
1030.4790000915527	79.510096	526	0	0.032296	0.0279
1032.4790000915527	83.750848	534	0	0.038501	0.0279
1034.4779999256134	75.477616	534	0	0.036735	0.0279
1036.4859998226166	79.004416	534	0	0.033966	0.0279
1038.4849998950958	79.004416	540	0	0.035956	0.0279
1040.4790000915527	74.304032	526	0	0.032861	0.0279
1042.4790000915527	87.18808	568	0	0.035857	0.0279
1044.4809999465942	87.18808	548	0	0.033774	0.0279
1046.4809999465942	86.333536	548	0	0.0336	0.0279
1048.4779999256134	86.333536	548	0	0.037068	0.0279
1050.4790000915527	86.333536	544	0	0.034122	0.0279
1052.4800000190735	86.165728	526	0	0.033183	0.0279
1054.4939997196198	15.522904	520	0	0.033719	0.0279
1056.4779999256134	43.04692	520	0	0.03445	0.0279
1058.4809999465942	76.51848	518	0	0.032634	0.0279
1060.4779999256134	87.103232	524	0	0.033122	0.0279
1062.4790000915527	78.168824	4	0	0.034712	0.0279
1064.4779999256134	73.551632	528	0	0.033793	0.0279
1066.4790000915527	66.772808	534	0	0.034508	0.0279
1068.4790000915527	84.539848	548	0	0.035646	0.0279
1070.4790000915527	83.061384	548	0	0.034647	0.0279
1072.4790000915527	83.061384	554	0	0.035225	0.0279
1074.4779999256134	83.061384	538	0	0.033356	0.0279
1076.4800000190735	83.061384	524	0	0.034585	0.0279
1078.4800000190735	83.061384	546	0	0.033996	0.0279
1080.4790000915527	81.26036	522	0	0.03606	0.0279
1082.4779999256134	81.542888	524	0	0.033821	0.0279
1084.4820001125336	75.13816	524	0	0.034156	0.0279
1086.4800000190735	75.13816	542	0	0.034247	0.0279
1088.4800000190735	16.931992	532	0	0.03385	0.0279
1090.4790000915527	74.761744	536	0	0.033675	0.0279
1092.4809999465942	83.444368	542	0	0.034036	0.0279
1094.4800000190735	87.097016	532	0	0.033487	0.0279
1096.4779999256134	82.255656	560	0	0.033301	0.0279
1098.4830000400543	82.255656	508	0	0.047018	0.0279
1100.476999759674	82.255656	558	0	0.037492	0.0279
1102.4800000190735	80.562792	560	0	0.03442	0.0279
1104.4790000915527	81.590848	558	0	0.03496	0.0279
1106.4779999256134	77.31984	558	0	0.037397	0.0279
1108.4779999256134	88.889432	564	0	0.033504	0.0279
1110.4790000915527	81.520768	566	0	0.033558	0.0279
1112.4779999256134	76.772984	558	0	0.036061	0.0279
1114.4790000915527	76.772984	4	0	0.034899	0.0279
1116.4790000915527	76.772984	576	0	0.03324	0.0279
1118.4809999465942	76.772984	576	0	0.035574	0.0279
1120.4800000190735	76.772984	576	0	0.034068	0.0279
1122.4800000190735	36.0846	526	0	0.064618	0.0279
1124.4790000915527	75.541984	514	0	0.034584	0.0279
1126.486999988556	75.541984	570	0	0.033252	0.0279
1128.4790000915527	74.901184	574	0	0.034101	0.0279
1130.4800000190735	74.901184	562	0	0.031907	0.0279
1132.4779999256134	81.469824	532	0	0.033039	0.0279
1134.4790000915527	83.098808	532	0	0.032272	0.0279
1136.4779999256134	77.621224	562	0	0.032949	0.0279
1138.4779999256134	74.767688	562	0	0.033015	0.0279
1140.4790000915527	76.680752	562	0	0.032692	0.0279
1142.4790000915527	76.680752	552	0	0.034427	0.027616
1144.4779999256134	76.680752	552	0	0.033745	0.027616
1146.4790000915527	76.680752	518	0	0.033229	0.027616
1148.4849998950958	76.680752	518	0	0.034421	0.027616
1150.4830000400543	76.680752	518	0	0.032266	0.027616
1152.4790000915527	76.680752	560	0	0.033571	0.027616
1154.4779999256134	80.041896	588	0	0.038828	0.027616
1156.4790000915527	77.126112	588	0	0.037317	0.027616
1158.4790000915527	77.126112	592	0	0.037258	0.027616
1160.4830000400543	85.677128	592	0	0.0351	0.027616
1162.4779999256134	78.721832	578	0	0.03362	0.027616
1164.4800000190735	78.721832	578	0	0.034187	0.027616
1166.4790000915527	78.721832	580	0	0.035295	0.027616
1168.4820001125336	78.733336	520	0	0.036849	0.027616
1170.476999759674	52.168728	530	0	0.033008	0.027616
1172.4779999256134	79.471392	572	0	0.034926	0.027616
1174.4790000915527	78.130112	552	0	0.033601	0.027138
1176.4779999256134	75.03932	558	0	0.040629	0.027138
1178.4790000915527	78.948768	552	0	0.035093	0.027138
1180.4809999465942	78.046928	536	0	0.048865	0.027138
1182.4779999256134	86.087488	538	0	0.041823	0.027138
1184.4779999256134	66.328176	504	0	0.052338	0.025064
1186.4809999465942	81.661648	502	0	0.035736	0.025064
1188.4790000915527	87.334456	502	0	0.035306	0.025064
1190.4790000915527	31.41712	525	0	0.034231	0.025064
1192.476999759674	82.888472	540	0	0.040846	0.025064
1194.483999967575	92.440368	534	0	0.0371	0.025064
1196.4889998435974	85.905584	628	0	0.041499	0.025064
1198.4790000915527	76.915088	606	0	0.036841	0.025064
1200.4790000915527	66.028616	648	0	0.044803	0.025064
1202.4779999256134	88.650648	636	0	0.038565	0.025064
1204.4790000915527	80.515312	636	0	0.049012	0.025064
1206.4800000190735	85.157792	610	0	0.04183	0.025064
1208.4790000915527	81.122192	616	0	0.03657	0.025064
1210.4779999256134	97.756016	596	0	0.039682	0.025064
1212.476999759674	83.651368	582	0	0.034368	0.025064
1214.4809999465942	74.752408	570	0	0.042153	0.025064
1216.486999988556	90.664952	576	0	0.041885	0.025064
1218.4809999465942	86.520536	582	0	0.040188	0.025064
1220.476999759674	81.861872	578	0	0.039227	0.025064
1222.4809999465942	81.901464	566	0	0.034473	0.025064
1224.4800000190735	81.739168	586	0	0.039281	0.025064
1226.4779999256134	75.935128	588	0	0.035661	0.025064
1228.4800000190735	86.553272	590	0	0.043628	0.025064
1230.4830000400543	65.88252	580	0	0.040476	0.025064
1232.476999759674	85.986984	578	0	0.035273	0.025064
1234.4790000915527	79.428024	578	0	0.036618	0.025064
1236.4779999256134	91.139296	562	0	0.035139	0.025064
1238.476999759674	80.762992	558	0	0.033042	0.025064
1240.4779999256134	81.171952	544	0	0.04043	0.025064
1242.476999759674	73.535896	538	0	0.038725	0.025064
1244.4809999465942	86.440312	540	0	0.03297	0.025064
1246.476999759674	80.92524	518	0	0.032738	0.025064
1248.476999759674	86.584008	572	0	0.035025	0.025064
1250.4779999256134	73.335488	572	0	0.034641	0.025064
1252.4779999256134	73.288736	578	0	0.041799	0.025064
1254.4759998321533	77.154352	572	0	0.039519	0.025064
1256.476999759674	87.938384	562	0	0.035262	0.025064
1258.4790000915527	87.799056	598	0	0.038895	0.025064
1260.4779999256134	80.149544	514	0	0.037111	0.024004
1262.4809999465942	86.405248	520	0	0.04473	0.024004
1264.4779999256134	84.386808	502	0	0.053575	0.024004
1266.4779999256134	70.235656	482	0	0.042886	0.024004
1268.7269999980927	78.985176	492	0	0.035491	0.024004
1270.7269999980927	70.26524	480	0	0.033637	0.024004
1272.7309999465942	81.615576	574	0	0.036572	0.024004
1274.7259998321533	92.561736	576	0	0.033477	0.024004
1276.7269999980927	85.284136	558	0	0.036925	0.024004
1278.7259998321533	78.022712	554	0	0.037125	0.024004
1280.7269999980927	84.07788	554	0	0.03323	0.024004
1282.7259998321533	83.265456	548	0	0.039511	0.024004
1284.7279999256134	79.751512	558	0	0.035333	0.024004
1286.7349998950958	88.775304	584	0	0.045365	0.024004
1288.5190000534058	85.233088	574	0	0.034054	0.024004
1290.7279999256134	84.813272	580	0	0.042767	0.024004
1292.7279999256134	84.810664	574	0	0.037359	0.024004
1294.7279999256134	76.660072	572	0	0.037878	0.024004
1296.7279999256134	86.25648	646	0	0.045697	0.024004
1298.7279999256134	80.07764	646	0	0.040316	0.024004
1300.7300000190735	81.655864	658	0	0.046462	0.024004
1302.7279999256134	79.945568	658	0	0.040952	0.024004
1304.7279999256134	83.053792	624	0	0.040721	0.024004
1306.7279999256134	81.507648	622	0	0.047369	0.024004
1308.7279999256134	82.957328	552	0	0.047336	0.024004
1310.7269999980927	81.62124	516	0	0.053152	0.024004
1312.7269999980927	77.842688	518	0	0.036289	0.024004
1314.7269999980927	83.667192	524	0	0.035917	0.024004
1316.7309999465942	65.885592	519	0	0.037981	0.024004
1318.7269999980927	87.891592	526	0	0.035565	0.024004
1320.7269999980927	76.377848	578	0	0.035844	0.024004
1322.7279999256134	85.593064	560	0	0.035285	0.024004
1324.7269999980927	85.593064	582	0	0.034398	0.024004
1326.7249999046326	80.214496	582	0	0.039097	0.024004
1328.7279999256134	79.520912	574	0	0.033989	0.024004
1330.7249999046326	86.091976	564	0	0.038297	0.024004
1332.7269999980927	87.02548	554	0	0.034719	0.024004
1334.7259998321533	67.644784	544	0	0.036806	0.024004
1336.7269999980927	88.896272	552	0	0.035361	0.024004
1338.7259998321533	70.64356	546	0	0.036957	0.024004
1340.7269999980927	79.622592	554	0	0.036136	0.024004
1342.7249999046326	91.768056	582	0	0.033631	0.024004
1344.7269999980927	91.768056	614	0	0.034509	0.024004
1346.7439999580383	88.843496	578	0	0.035298	0.024004
1348.7259998321533	75.486016	586	0	0.042312	0.024004
1350.7259998321533	83.373216	594	0	0.043134	0.024004
1352.7259998321533	89.253016	596	0	0.042694	0.024004
1354.7279999256134	87.76896	580	0	0.038022	0.024004
1356.7300000190735	85.9056	542	0	0.039959	0.024004
1358.736999988556	7.220336	536	0	0.03858	0.024004
1360.7279999256134	33.777144	602	0	0.035587	0.024004
1362.7279999256134	84.414736	608	0	0.039061	0.024004
1364.7300000190735	71.339776	578	0	0.049473	0.024004
1366.7329998016357	75.136696	522	0	0.036203	0.024004
1368.7279999256134	82.969928	586	0	0.037225	0.024004
1370.7289998531342	87.433456	586	0	0.03824	0.024004
1372.7300000190735	82.794656	592	0	0.038977	0.024004
1374.7300000190735	58.436176	574	0	0.042607	0.024004
1376.731999874115	83.308632	584	0	0.052731	0.024004
1378.736999988556	68.894696	596	0	0.054509	0.024004
1380.7289998531342	80.708392	590	0	0.036555	0.024004
1382.7289998531342	85.4984	616	0	0.057027	0.024004
1384.7300000190735	18.923416	574	0	0.05779	0.024004
1386.7309999465942	2.942104	542	0	0.06072	0.024004
1388.7279999256134	11.72396	553	0	0.06611	0.024004
1390.7309999465942	76.755576	534	0	0.048073	0.023856
1392.7300000190735	88.411464	594	0	0.051032	0.023856
1394.7300000190735	19.452944	592	0	0.059436	0.023856
1396.7309999465942	5.326816	631	0	0.065915	0.023856
1398.7329998016357	85.364096	570	0	0.053555	0.023856
1400.7300000190735	7.515736	566	0	0.064631	0.023856
1402.7300000190735	86.009656	516	0	0.060611	0.023856
1404.7289998531342	79.855664	550	0	0.050273	0.02362
1406.7300000190735	84.674072	550	0	0.059179	0.02362
1408.7329998016357	59.587944	532	0	0.054475	0.02359
1410.7259998321533	86.366032	542	0	0.046475	0.02359
1412.731999874115	13.628296	542	0	0.065131	0.02359
1414.7269999980927	18.318688	464	0	0.058594	0.02359
1416.7269999980927	91.00816	482	0	0.036621	0.02359
1418.7259998321533	87.333584	537	0	0.035597	0.02359
1420.7249999046326	77.016688	576	0	0.038702	0.02359
1422.7269999980927	89.948912	582	0	0.038341	0.02359
1424.7249999046326	86.593848	578	0	0.03538	0.02359
1426.731999874115	89.578656	578	0	0.038103	0.02359
1428.7309999465942	82.134952	594	0	0.043348	0.02359
1430.7289998531342	8.0078	582	0	0.067794	0.02359
1432.7269999980927	31.288456	562	0	0.048325	0.02359
1434.7259998321533	72.781784	554	0	0.035188	0.02359
1436.7269999980927	83.366696	554	0	0.039931	0.02359
1438.7249999046326	56.722128	532	0	0.042555	0.02359
1440.7269999980927	86.49012	646	0	0.04225	0.02359
1442.7279999256134	78.768472	616	0	0.040216	0.02359
1444.7269999980927	81.210336	602	0	0.045636	0.02359
1446.7269999980927	91.871792	606	0	0.043987	0.02359
1448.7259998321533	88.89588	578	0	0.039691	0.02359
1450.7259998321533	79.23004	578	0	0.054161	0.02359
1452.7249999046326	84.02316	530	0	0.040864	0.02359
1454.7289998531342	85.19684	530	0	0.037378	0.02359
1456.7279999256134	84.288024	530	0	0.033613	0.02359
1458.7289998531342	77.079112	614	0	0.040015	0.02359
1460.7289998531342	3.04904	630	0	0.066524	0.02359
1462.7259998321533	61.696464	558	0	0.052061	0.02359
1464.7239999771118	88.91956	552	0	0.0458	0.02359
1466.723000049591	88.91956	552	0	0.037097	0.02359
1468.723000049591	89.210832	524	0	0.0382	0.02359
1470.7269999980927	81.385072	502	0	0.036561	0.02359
1472.7249999046326	82.952832	586	0	0.044443	0.02359
1474.7279999256134	83.810864	592	0	0.037427	0.02359
1476.7269999980927	40.248304	542	0	0.060183	0.02359
1478.7349998950958	82.62532	566	0	0.039558	0.02359
1480.7259998321533	90.45876	584	0	0.037626	0.02359
1482.7259998321533	85.824976	578	0	0.036585	0.02359
1484.7239999771118	89.103616	578	0	0.041417	0.02359
1486.7249999046326	85.974664	562	0	0.036755	0.02359
1488.7259998321533	86.62744	598	0	0.040526	0.02359
1490.7239999771118	84.039088	588	0	0.035654	0.02359
1492.7249999046326	89.537968	604	0	0.035721	0.02359
1494.7239999771118	89.537968	604	0	0.038117	0.02359
1496.723000049591	89.537968	604	0	0.037408	0.02359
1498.7249999046326	76.593512	604	0	0.041943	0.02359
1500.7249999046326	82.869128	593	0	0.035491	0.02359
1502.9749999046326	62.018008	578	0	0.062788	0.02359
1504.9739997386932	75.887376	586	0	0.035367	0.02359
1506.9729998111725	84.152904	572	0	0.038898	0.02359
1508.9739997386932	79.112264	566	0	0.037201	0.02359
1510.9830000400543	90.428888	568	0	0.037403	0.02359
1512.981999874115	78.174552	574	0	0.046718	0.02359
1514.9739997386932	80.843248	578	0	0.039541	0.02359
1516.9749999046326	78.734448	508	0	0.035782	0.02359
1518.9809999465942	71.465744	526	0	0.039656	0.02359
1520.976999759674	81.595592	528	0	0.033159	0.02359
1522.9759998321533	73.141048	528	0	0.036291	0.02359
1524.9759998321533	77.400872	576	0	0.034185	0.02359
1526.976999759674	79.788128	570	0	0.037983	0.02359
1528.9749999046326	88.751544	534	0	0.038075	0.02359
1530.976999759674	86.477264	528	0	0.03444	0.02359
1532.9759998321533	82.77012	530	0	0.040826	0.02359
1534.9749999046326	83.911864	514	0	0.036413	0.02359
1536.9759998321533	88.126232	536	0	0.044856	0.02359
1538.9749999046326	75.452848	546	0	0.051755	0.02359
1540.9739997386932	78.39872	616	0	0.038504	0.02359
1542.9749999046326	79.856792	592	0	0.040228	0.02359
1544.9759998321533	78.166872	590	0	0.037679	0.02359
1546.9739997386932	83.479192	590	0	0.042031	0.02359
1548.9739997386932	71.91284	582	0	0.038252	0.02359
1550.9739997386932	84.404768	592	0	0.039789	0.02359
1552.9729998111725	80.424304	582	0	0.036604	0.02359
1554.9790000915527	89.571016	582	0	0.03486	0.02359
1556.9739997386932	89.571016	574	0	0.034332	0.02359
1558.9719998836517	89.571016	580	0	0.034358	0.02359
1560.9739997386932	5.917544	586	0	0.034164	0.02359
1562.9729998111725	49.559824	612	0	0.034343	0.02359
1564.9729998111725	82.989392	602	0	0.035998	0.02359
1566.9729998111725	87.899496	4	0	0.034801	0.02359
1568.9749999046326	87.899496	590	0	0.031935	0.02359
1570.9749999046326	87.899496	590	0	0.033593	0.02359
1572.9719998836517	87.899496	546	0	0.033862	0.02359
1574.976999759674	87.899496	562	0	0.03355	0.02359
1576.9739997386932	78.575264	582	0	0.034164	0.02359
1578.9729998111725	78.209472	4	0	0.034516	0.02359
1580.9759998321533	78.209472	570	0	0.036604	0.02359
1582.9729998111725	94.901984	594	0	0.033956	0.02359
1584.9739997386932	94.901984	570	0	0.042684	0.02359
1586.9729998111725	94.901984	554	0	0.037077	0.02359
1588.9739997386932	79.529792	554	0	0.037115	0.02359
1590.9729998111725	70.752936	548	0	0.0369	0.02359
1592.9729998111725	81.871064	552	0	0.039641	0.02359
1594.9729998111725	79.777184	562	0	0.038227	0.02359
1596.9729998111725	87.732272	574	0	0.036321	0.02359
1598.9729998111725	74.83568	574	0	0.037424	0.02359
1600.9729998111725	71.019048	576	0	0.0398	0.02359
1602.9719998836517	83.434736	554	0	0.039032	0.02359
1604.9729998111725	82.879016	550	0	0.033396	0.02359
1606.9729998111725	75.5498	522	0	0.036505	0.02359
1608.9729998111725	82.473112	546	0	0.033694	0.02359
1610.9729998111725	80.414152	550	0	0.034513	0.02359
1612.976999759674	81.439624	548	0	0.034119	0.02359
1614.970999956131	77.764184	538	0	0.033791	0.02359
1616.970999956131	77.764184	538	0	0.034182	0.02359
1618.9719998836517	77.764184	538	0	0.034683	0.02359
1620.9739997386932	77.764184	526	0	0.035035	0.02359
