0.0	67.558224	620	0	0.038971	0.025657
0.06000018119812012	12.890296	620	15	0.03484	0.025657
0.12800002098083496	5.8674	572	0	0.033389	0.025657
0.16700005531311035	12.922496	572	0	0.031552	0.025657
0.22900009155273438	26.36052	572	0	0.0373	0.025657
0.3080000877380371	54.252048	402	0	0.043443	0.025657
0.3510000705718994	54.252048	402	0	0.035598	0.025657
0.41100001335144043	54.252048	402	0	0.037898	0.025657
1.2999999523162842	54.252048	402	0	0.033715	0.025657
3.300999879837036	54.252048	402	0	0.035706	0.025657
5.568000078201294	54.252048	402	0	0.043373	0.025657
7.552000045776367	54.252048	418	0	0.036565	0.025657
9.555999994277954	54.252048	418	0	0.033558	0.025657
11.592999935150146	60.684688	479	0	0.039177	0.025657
14.624000072479248	59.708112	554	0	0.044328	0.025657
16.17200016975403	53.569928	590	0	0.052088	0.025657
18.55400013923645	65.418952	621	0	0.059902	0.025657
20.555999994277954	56.434792	616	0	0.059754	0.025657
23.12000012397766	43.282848	610	0	0.079015	0.025657
24.59599995613098	36.404552	784	0	0.08782	0.025657
26.567000150680542	71.467808	800	0	0.058326	0.025657
28.61900019645691	76.447848	848	0	0.069769	0.025657
30.859000205993652	83.00176	992	0	0.082039	0.025657
32.57699990272522	2.779312	1018	0	0.109111	0.025657
34.57000017166138	42.980592	1018	0	0.116647	0.025657
36.56100010871887	45.348616	802	0	0.069757	0.025657
38.56100010871887	3.261576	1055	0	0.236712	0.025657
40.56000018119812	49.205344	1142	0	0.167213	0.025657
42.56599998474121	68.153808	794	0	0.07477	0.025657
44.56500005722046	15.665384	792	0	0.078429	0.025657
46.56000018119812	70.723344	638	0	0.043002	0.025657
48.56100010871887	45.909296	636	0	0.092107	0.025657
50.55900001525879	64.10456	636	0	0.056349	0.025657
52.55799984931946	61.903784	478	0	0.052545	0.025657
54.56100010871887	59.663928	443	0	0.058583	0.025657
56.56100010871887	52.523128	763	0	0.055315	0.025657
58.55900001525879	1.644816	886	0	0.080314	0.025657
60.5620002746582	65.503032	960	0	0.045345	0.025657
62.56000018119812	68.740704	1018	0	0.060702	0.025657
64.55900001525879	85.081016	1124	0	0.07577	0.025657
66.56000018119812	100.205224	1156	0	0.067732	0.025657
68.57200002670288	103.308208	1156	0	0.060758	0.025657
70.56000018119812	98.576512	1150	0	0.039822	0.025657
72.55599999427795	78.954784	1144	0	0.056423	0.025657
74.56000018119812	84.062568	1144	0	0.056644	0.025657
76.58500003814697	79.417704	1022	0	0.064452	0.025657
78.5569999217987	0.251728	1426	0	0.05147	0.025657
80.58100008964539	89.270144	1404	0	0.043127	0.025657
82.5569999217987	101.766984	1228	0	0.066909	0.025657
84.55799984931946	16.57104	758	0	0.058913	0.025657
86.57599997520447	107.897896	953	0	0.082157	0.025657
88.55599999427795	109.201288	1258	0	0.054762	0.025657
90.55799984931946	124.028384	1322	0	0.056033	0.025657
92.56100010871887	79.28244	1344	0	0.055515	0.025657
94.55799984931946	100.031144	984	0	0.041068	0.025657
96.57299995422363	93.410584	1016	0	0.05687	0.025657
98.5569999217987	101.90384	1016	0	0.072404	0.025657
100.5550000667572	121.706152	996	0	0.054798	0.025657
103.57200002670288	97.932224	678	0	0.035787	0.025657
105.5569999217987	104.545192	782	0	0.043073	0.025657
107.55599999427795	89.441968	1038	0	0.093646	0.025657
109.55900001525879	65.641816	1384	0	0.061115	0.025657
111.55400013923645	103.508496	1386	0	0.053045	0.025657
112.59599995613098	90.136344	1422	0	0.036679	0.025657
115.5550000667572	90.136344	1422	0	0.043175	0.025657
117.5550000667572	90.136344	796	0	0.051612	0.025657
119.5569999217987	0.829136	1026	0	0.055119	0.025657
121.55900001525879	90.457488	1331	0	0.060701	0.025657
122.59699988365173	108.532648	1372	0	0.036614	0.025657
125.55599999427795	114.935392	1400	0	0.069073	0.025657
126.58400011062622	0.322384	1392	0	0.07352	0.025657
129.5569999217987	85.012568	984	0	0.042903	0.025657
131.56000018119812	87.093824	974	0	0.053583	0.025657
133.5569999217987	76.647448	918	0	0.060052	0.025657
135.56000018119812	80.095776	912	0	0.061348	0.025657
136.65500020980835	83.260688	4	0	0.047004	0.025657
139.5550000667572	72.283856	777	0	0.068149	0.025657
141.57500004768372	91.059048	772	0	0.049234	0.025657
143.5590000152588	4.862448	994	0	0.097382	0.025657
145.7700002193451	80.406824	994	0	0.050277	0.025657
147.60000014305115	80.406824	1000	0	0.040815	0.025657
149.5569999217987	86.27248	1592	0	0.093537	0.025657
151.5640001296997	98.906336	1312	0	0.080128	0.025657
153.3050000667572	119.702152	1242	0	0.052639	0.025657
155.56000018119812	100.01272	1242	0	0.088484	0.025657
157.55599999427795	97.817448	1318	0	0.049643	0.025657
159.55799984931946	115.92516	1326	0	0.068338	0.025657
160.62400007247925	115.92516	1318	0	0.096902	0.025657
163.55599999427795	106.510176	1292	0	0.097594	0.025657
165.55599999427795	98.0156	1286	0	0.074434	0.025657
167.5550000667572	69.631616	757	0	0.04513	0.025657
169.5569999217987	66.337448	560	0	0.117863	0.025657
171.56000018119812	15.892136	668	0	0.034843	0.025657
173.5590000152588	10.141624	492	0	0.041294	0.025657
175.57000017166138	64.964272	486	0	0.036204	0.025657
177.55799984931946	74.577232	684	0	0.044665	0.025657
179.55799984931946	77.803784	718	0	0.040455	0.025657
181.5899999141693	67.50824	700	0	0.034067	0.025657
183.55599999427795	77.953664	540	0	0.0495	0.025657
185.5569999217987	50.48544	550	0	0.042009	0.025657
187.5550000667572	36.197496	556	0	0.065488	0.025657
189.55799984931946	56.300384	638	0	0.078088	0.025657
191.5569999217987	56.300384	636	0	0.032628	0.025657
193.5620002746582	56.300384	642	0	0.036492	0.025657
195.55799984931946	56.300384	642	0	0.037855	0.025657
196.9960000514984	67.243744	419	0	0.040951	0.025657
199.55799984931946	29.257464	422	0	0.071236	0.025657
201.55400013923645	60.37716	422	0	0.037313	0.025657
203.5569999217987	60.37716	446	0	0.034353	0.025657
205.5550000667572	60.37716	432	0	0.031921	0.025657
207.5620002746582	49.750072	446	0	0.045558	0.025657
209.55799984931946	49.750072	446	0	0.031414	0.025657
211.5569999217987	68.480736	447	0	0.039341	0.025657
213.5550000667572	68.480736	458	0	0.044834	0.025657
215.55400013923645	68.480736	440	0	0.034536	0.025657
217.55599999427795	68.480736	490	0	0.039172	0.025657
219.5590000152588	65.612928	438	0	0.03419	0.025657
221.55599999427795	65.612928	460	0	0.043755	0.025657
223.56000018119812	68.432768	460	0	0.041806	0.025657
225.5590000152588	2.712496	590	0	0.038747	0.025657
227.5550000667572	68.687688	590	0	0.044907	0.025657
229.5550000667572	0.347696	590	0	0.032769	0.025657
231.5569999217987	58.890752	560	0	0.035926	0.025657
233.55599999427795	79.519456	734	0	0.033152	0.025657
235.55599999427795	81.180408	734	0	0.039346	0.025657
237.57800030708313	81.180408	734	0	0.04679	0.025657
239.55799984931946	65.739016	816	0	0.047115	0.025657
241.55599999427795	80.40596	833	0	0.080293	0.025657
242.74900007247925	67.413352	798	0	0.042044	0.025657
245.5590000152588	11.524208	791	0	0.078323	0.025657
247.56000018119812	5.32528	1032	0	0.052409	0.025657
249.5569999217987	65.761224	948	0	0.117157	0.025657
251.55799984931946	76.015496	942	0	0.071652	0.025657
253.61100006103516	2.788384	920	0	0.078753	0.025657
255.58700013160706	76.724944	932	0	0.091958	0.025657
257.5569999217987	15.724728	976	0	0.050894	0.025933
259.2150001525879	82.558632	974	0	0.091849	0.025933
261.5600001811981	54.371728	930	0	0.120226	0.025933
263.5590000152588	5.041224	1002	0	0.078994	0.025933
265.5600001811981	2.218392	854	0	0.122569	0.025933
267.55599999427795	10.269088	1082	0	0.049929	0.025933
269.5569999217987	18.502624	1229	0	0.069821	0.025933
271.5569999217987	32.60324	810	0	0.133108	0.025933
273.55799984931946	42.359192	798	0	0.098641	0.025933
275.5590000152588	44.115432	776	0	0.052293	0.025933
277.55599999427795	59.95452	736	0	0.045907	0.025933
279.5569999217987	65.355672	732	0	0.039966	0.025933
281.55599999427795	66.894416	488	0	0.033131	0.025933
283.5590000152588	51.62456	494	0	0.047036	0.025933
285.55799984931946	34.464072	520	0	0.069143	0.025933
287.5600001811981	64.570368	512	0	0.033505	0.025933
289.5569999217987	57.185432	496	0	0.036967	0.025933
291.55799984931946	52.144136	490	0	0.03414	0.025933
293.55799984931946	44.945496	380	0	0.041108	0.025933
295.5569999217987	56.814088	480	0	0.045797	0.025933
297.55599999427795	60.532712	474	0	0.044474	0.025933
299.55599999427795	60.532712	659	0	0.075062	0.025933
301.5590000152588	54.040728	448	0	0.035538	0.025933
303.55599999427795	51.919392	398	0	0.038806	0.025933
305.5550000667572	51.402992	398	0	0.032021	0.025933
307.55799984931946	50.044168	324	0	0.037798	0.025933
310.3970000743866	55.853168	354	0	0.030935	0.025933
311.55599999427795	52.21052	512	0	0.041566	0.025933
313.5569999217987	63.645304	384	0	0.033333	0.025933
315.56900000572205	74.663944	468	0	0.040236	0.025933
317.5620002746582	24.4694	776	0	0.046947	0.025933
319.5600001811981	72.187136	868	0	0.071142	0.025933
321.5600001811981	56.152208	868	0	0.083977	0.025933
323.5610001087189	70.4	878	0	0.085771	0.025933
325.5590000152588	50.754728	878	0	0.107166	0.025933
327.5860002040863	59.034384	878	0	0.072737	0.025933
329.56700015068054	14.286864	678	0	0.052751	0.025933
331.55799984931946	16.095248	672	0	0.314815	0.025933
333.55799984931946	6.850608	658	0	0.077192	0.025933
335.5569999217987	48.989776	326	0	0.031235	0.025933
337.5590000152588	60.529344	385	0	0.063066	0.025933
339.55799984931946	58.973336	528	0	0.034323	0.025933
341.5569999217987	45.10708	633	0	0.098195	0.025933
343.5590000152588	43.628816	634	0	0.073754	0.025933
345.55599999427795	62.053576	639	0	0.038886	0.025933
347.5569999217987	65.459016	662	0	0.031675	0.025933
349.5610001087189	15.679072	460	0	0.036855	0.025933
351.5600001811981	51.66884	484	0	0.042795	0.025933
353.60200023651123	56.70096	466	0	0.043338	0.025933
355.5700001716614	48.774952	466	0	0.048679	0.025933
357.5590000152588	67.905304	443	0	0.04085	0.025933
359.5750000476837	66.305864	460	0	0.032165	0.025933
361.5750000476837	24.7096	455	0	0.131029	0.025933
364.00800013542175	71.13032	588	0	0.038558	0.025933
365.73800015449524	73.937568	570	0	0.034859	0.025933
367.56900000572205	73.937568	623	0	0.229448	0.025933
369.5680000782013	77.774792	641	0	0.051695	0.025933
371.6100001335144	77.774792	720	0	0.092633	0.025933
373.5600001811981	69.23744	726	0	0.036244	0.025933
375.55799984931946	0.407904	720	0	0.041466	0.025933
377.5600001811981	80.124368	630	0	0.039367	0.025933
379.55799984931946	48.193024	624	0	0.060949	0.025933
381.5610001087189	46.981248	624	0	0.093801	0.025933
383.55799984931946	46.981248	606	0	0.03569	0.025933
385.5590000152588	46.981248	606	0	0.036997	0.025933
387.5590000152588	46.981248	624	0	0.034252	0.025933
389.5569999217987	54.224136	525	0	0.077232	0.025933
391.5590000152588	55.525544	536	0	0.039462	0.025933
393.56500005722046	46.948024	532	0	0.03939	0.025933
395.5590000152588	46.948024	536	0	0.034472	0.025933
397.56300020217896	52.9952	536	0	0.033649	0.025933
399.5590000152588	37.269704	511	0	0.096466	0.025933
401.55799984931946	58.022536	524	0	0.034568	0.025933
403.62000012397766	66.086648	578	0	0.038803	0.025933
405.5620002746582	55.612824	578	0	0.07274	0.025933
407.5739998817444	73.270552	652	0	0.059948	0.025933
409.5600001811981	73.270552	766	0	0.083811	0.025933
411.55799984931946	21.782944	836	0	0.08393	0.025933
413.5590000152588	41.816496	359	0	0.066702	0.025933
415.1899998188019	31.416864	396	0	0.03322	0.025933
417.5590000152588	21.918064	494	0	0.076914	0.025933
419.59100008010864	34.103872	492	0	0.043769	0.025933
421.5590000152588	11.278816	332	0	0.048541	0.025933
423.55799984931946	42.554712	411	0	0.051971	0.025933
425.5620002746582	43.32532	446	0	0.043353	0.025933
427.5610001087189	7.38176	510	0	0.045217	0.025933
429.56300020217896	41.102992	436	0	0.039686	0.025933
431.5600001811981	14.889528	568	0	0.038112	0.025933
433.5590000152588	55.329824	562	0	0.056968	0.025933
435.56300020217896	47.90204	748	0	0.037108	0.025933
437.5600001811981	1.86168	781	0	0.039632	0.025933
439.5810000896454	0.683224	836	0	0.09895	0.025933
441.5659999847412	2.035944	870	0	0.058627	0.025933
443.58300018310547	1.43988	932	0	0.048432	0.025933
445.56900000572205	8.806984	1050	0	0.054672	0.025933
447.5590000152588	46.05012	1050	0	0.128327	0.025933
449.5610001087189	80.573832	784	0	0.050725	0.025933
451.5590000152588	69.375336	864	0	0.060818	0.025933
453.5600001811981	64.6932	942	0	0.082456	0.025933
455.5590000152588	63.0908	571	0	0.069742	0.025933
457.6080000400543	4.415192	651	0	0.06066	0.025933
459.5640001296997	43.486776	842	0	0.033631	0.025933
461.5620002746582	74.079528	844	0	0.068495	0.025933
463.5610001087189	73.303	844	0	0.085583	0.025933
465.5620002746582	65.399048	812	0	0.091805	0.025933
467.5600001811981	71.581112	818	0	0.054961	0.025933
469.5600001811981	41.734016	688	0	0.096955	0.025933
471.56300020217896	65.284968	684	0	0.05086	0.025933
473.5680000782013	59.81336	676	0	0.035366	0.025933
475.56500005722046	69.115136	676	0	0.052502	0.025933
477.7090001106262	50.264968	662	0	0.102759	0.025933
479.5620002746582	5.290128	710	0	0.094385	0.025933
481.56300020217896	26.417168	758	0	0.247599	0.025933
483.56300020217896	31.785376	756	0	0.069185	0.025933
485.5590000152588	34.242528	516	0	0.066997	0.025933
487.5810000896454	40.222056	373	0	0.035106	0.025933
489.56700015068054	38.854648	382	0	0.033313	0.025933
491.58300018310547	38.854648	258	0	0.033244	0.025933
493.5700001716614	49.592488	355	0	0.041915	0.025933
495.5620002746582	23.98252	413	0	0.084784	0.025933
497.5790002346039	56.215896	516	0	0.036501	0.025933
499.5620002746582	51.059992	516	0	0.037365	0.025933
501.5640001296997	60.863424	542	0	0.036938	0.025933
503.5620002746582	56.615912	540	0	0.035444	0.025933
505.5620002746582	55.011936	434	0	0.044682	0.025933
507.61100006103516	68.26836	628	0	0.040588	0.025933
509.56500005722046	64.498856	690	0	0.061179	0.025933
511.5640001296997	66.88816	644	0	0.062437	0.025933
513.5600001811981	60.449816	632	0	0.052736	0.025933
515.5640001296997	57.440224	616	0	0.059985	0.025933
517.5640001296997	34.370784	610	0	0.101808	0.025933
519.563000202179	41.72736	558	0	0.070138	0.025933
521.5640001296997	55.846152	564	0	0.037126	0.025933
523.5650000572205	53.541336	882	0	0.054421	0.025933
525.5610001087189	66.038904	898	0	0.058495	0.025933
527.563000202179	1.420216	904	0	0.0357	0.025933
529.5620002746582	0.310216	646	0	0.042495	0.025933
531.5620002746582	14.86724	606	0	0.037784	0.025933
533.569000005722	0.440216	747	0	0.062564	0.025933
535.5880000591278	39.826848	751	0	0.05432	0.025933
537.5620002746582	58.282056	672	0	0.104644	0.025933
539.5610001087189	52.493648	686	0	0.094386	0.025933
541.5640001296997	63.011456	686	0	0.046736	0.025933
543.5640001296997	73.408168	740	0	0.077362	0.025933
545.5659999847412	56.032384	978	0	0.042172	0.025933
547.563000202179	74.434752	984	0	0.067307	0.025933
549.6119999885559	64.835504	984	0	0.079611	0.025954
551.6150000095367	64.835504	984	0	0.05115	0.025954
553.5940001010895	39.433984	744	0	0.172731	0.025954
555.5640001296997	54.950848	876	0	0.045224	0.025954
557.5750000476837	29.354448	766	0	0.164825	0.025954
559.5620002746582	29.354448	766	0	0.105945	0.025954
561.5640001296997	1.374112	682	0	0.045005	0.025954
563.5659999847412	0.29804	540	0	0.068214	0.025954
565.563000202179	0.390608	582	0	0.059134	0.025954
567.563000202179	74.58188	659	0	0.072798	0.025954
569.5600001811981	15.926872	766	0	0.036827	0.025954
571.5620002746582	82.485352	784	0	0.078928	0.025954
573.5620002746582	42.66056	784	0	0.173429	0.025954
575.5600001811981	3.728752	714	0	0.106202	0.025954
577.5610001087189	2.50664	882	0	0.101948	0.025954
579.5620002746582	57.463088	876	0	0.045984	0.025954
581.5769999027252	65.752536	846	0	0.06388	0.025954
583.5739998817444	71.976648	842	0	0.053426	0.025954
585.5590000152588	71.664256	626	0	0.061714	0.025954
587.5650000572205	75.702096	638	0	0.057188	0.025954
589.5610001087189	22.880504	644	0	0.209561	0.025954
591.5610001087189	65.053904	638	0	0.052957	0.025954
593.5620002746582	74.600112	718	0	0.038419	0.025954
595.563000202179	63.202912	4	0	0.054973	0.025954
597.563000202179	63.202912	784	0	0.041494	0.025954
599.5640001296997	58.9284	594	0	0.04353	0.025954
601.5600001811981	58.9284	594	0	0.043797	0.025954
603.5640001296997	54.32268	594	0	0.042102	0.025954
605.5620002746582	63.443096	534	0	0.057362	0.025954
607.563000202179	61.7936	538	0	0.041295	0.025954
609.5610001087189	64.960504	609	0	0.057384	0.025954
611.5610001087189	62.322736	622	0	0.037709	0.025954
613.563000202179	66.105344	624	0	0.039722	0.025954
615.5600001811981	56.782936	630	0	0.060748	0.025954
617.5610001087189	63.554088	606	0	0.034486	0.025954
620.2139999866486	41.294528	606	0	0.085666	0.025954
621.5650000572205	64.865616	640	0	0.079373	0.025954
623.5610001087189	62.348992	416	0	0.038807	0.025954
625.5620002746582	52.160424	350	0	0.049553	0.025954
627.6040000915527	36.122712	372	0	0.045648	0.025954
629.5620002746582	10.93348	614	0	0.035375	0.025954
631.5769999027252	0.26084	816	0	0.046361	0.025954
633.5659999847412	0.25388	664	0	0.078942	0.025954
635.5810000896454	59.224472	706	0	0.102569	0.025954
637.5940001010895	1.778712	846	0	0.0643	0.025954
639.5640001296997	68.164936	860	0	0.100384	0.025954
641.5640001296997	14.893368	818	0	0.046131	0.025954
643.5610001087189	59.085736	835	0	0.070208	0.025954
645.5659999847412	5.757168	832	0	0.07503	0.025954
647.5610001087189	25.868504	1130	0	0.091903	0.025954
649.563000202179	49.690912	698	0	0.041601	0.025954
651.5620002746582	65.979296	716	0	0.056123	0.025954
653.5620002746582	60.05172	660	0	0.069291	0.025954
655.563000202179	7.114504	804	0	0.076087	0.025954
657.5640001296997	63.20036	798	0	0.09301	0.025954
660.2270002365112	6.150912	1038	0	0.046422	0.025954
661.5620002746582	0.255832	1044	0	0.155966	0.025954
663.563000202179	70.825496	1036	0	0.068396	0.025954
665.563000202179	50.259448	1036	0	0.055371	0.025954
667.563000202179	27.50132	796	0	0.149009	0.025954
669.5650000572205	73.221064	812	0	0.039289	0.025954
671.5610001087189	79.48032	952	0	0.079461	0.025954
673.5620002746582	76.308928	488	0	0.04889	0.025924
675.5720000267029	51.2034	692	0	0.040353	0.025924
677.563000202179	5.25212	846	0	0.070487	0.025924
679.5640001296997	0.268656	1004	0	0.047644	0.025924
681.5610001087189	0.229432	980	0	0.076577	0.025924
683.5610001087189	75.290048	1028	0	0.057815	0.025924
685.563000202179	0.431	604	0	0.036804	0.025924
687.5610001087189	17.742432	604	0	0.036044	0.025924
689.5620002746582	78.376408	686	0	0.046949	0.025924
691.5650000572205	71.356984	686	0	0.069417	0.025924
693.5620002746582	38.660336	992	0	0.074426	0.025924
695.5610001087189	70.485432	4	0	0.093806	0.025924
697.5659999847412	64.240152	970	0	0.083831	0.025924
699.5640001296997	13.88356	878	0	0.042741	0.025924
701.7620000839233	86.851664	730	0	0.059435	0.025924
703.5620002746582	78.988928	1090	0	0.064936	0.025924
705.5820000171661	88.978336	1096	0	0.087617	0.025924
707.6089999675751	70.8902	1136	0	0.072534	0.025924
709.5640001296997	55.064664	1120	0	0.080337	0.025924
711.5670001506805	96.225576	1030	0	0.101832	0.025924
713.5800001621246	60.766568	1050	0	0.052786	0.025924
715.5670001506805	20.648856	910	0	0.041925	0.025924
717.5810000896454	77.680736	957	0	0.139637	0.025924
719.6000001430511	67.751432	864	0	0.130178	0.025924
721.5659999847412	64.73972	864	0	0.109134	0.025924
723.5670001506805	9.315488	688	0	0.078697	0.025924
725.5640001296997	60.411816	4	0	0.091658	0.025924
727.563000202179	60.673104	1200	0	0.081836	0.025924
729.5670001506805	0.36228	1106	0	0.085684	0.025924
731.5800001621246	57.534184	1116	0	0.135243	0.025924
733.5650000572205	16.539296	1016	0	0.06282	0.025924
735.5650000572205	71.456872	958	0	0.106801	0.025924
737.5650000572205	51.102752	980	0	0.047757	0.025924
739.5670001506805	8.917952	992	0	0.048359	0.025924
741.5659999847412	5.93576	1134	0	0.043833	0.025924
743.5750000476837	76.575	1134	0	0.118132	0.025924
745.5659999847412	81.48364	1640	0	0.126597	0.025924
747.5640001296997	82.79748	998	0	0.047846	0.025924
749.5640001296997	2.729624	958	0	0.096651	0.025924
751.5650000572205	85.176456	972	0	0.093223	0.025924
753.563000202179	82.173104	966	0	0.093332	0.025924
755.5659999847412	1.729472	764	0	0.091423	0.025924
757.563000202179	44.33472	764	0	0.087724	0.025924
759.5700001716614	51.385968	4	0	0.048797	0.025924
761.5640001296997	72.86648	1156	0	0.044302	0.025924
763.5640001296997	50.403064	1000	0	0.110869	0.025924
765.563000202179	0.661112	876	0	0.065601	0.025924
767.5620002746582	64.541904	866	0	0.042416	0.025924
769.5640001296997	62.0708	718	0	0.056802	0.025924
771.5670001506805	15.01092	718	0	0.046543	0.025924
773.5620002746582	53.364016	718	0	0.092384	0.025924
775.5720000267029	60.097984	682	0	0.055283	0.025924
777.5620002746582	58.664128	750	0	0.072104	0.025924
779.5750000476837	43.783024	652	0	0.117891	0.025924
781.563000202179	61.572248	650	0	0.066449	0.025924
783.5640001296997	19.61348	888	0	0.059942	0.025924
785.5640001296997	15.094624	894	0	0.053685	0.025924
787.563000202179	42.226472	888	0	0.122237	0.025924
789.5620002746582	58.96184	317	0	0.049013	0.025924
791.5620002746582	2.912864	590	0	0.043492	0.025924
793.5620002746582	55.154232	590	0	0.071829	0.025924
795.5659999847412	28.10252	522	0	0.057217	0.025924
797.563000202179	0.258168	522	0	0.049534	0.025924
799.5610001087189	61.519048	518	0	0.039268	0.025924
801.563000202179	69.622376	587	0	0.055484	0.025924
803.5680000782013	22.117808	936	0	0.044584	0.025924
805.5680000782013	36.798088	948	0	0.066541	0.025924
807.5659999847412	2.205984	942	0	0.051566	0.025924
809.5670001506805	16.163944	846	0	0.057539	0.025924
811.5670001506805	0.33932	642	0	0.052894	0.025924
813.5680000782013	0.298288	668	0	0.055627	0.025924
815.5659999847412	1.54208	924	0	0.040536	0.025924
817.5739998817444	1.512696	732	0	0.069411	0.025924
819.5640001296997	23.759896	726	0	0.049221	0.025924
821.5750000476837	85.58736	792	0	0.047954	0.025924
823.5640001296997	6.428328	1050	0	0.05165	0.025924
825.563000202179	87.20704	1054	0	0.063222	0.025924
827.5620002746582	97.696952	936	0	0.079041	0.025924
829.6000001430511	18.119624	976	0	0.041678	0.025924
831.5620002746582	91.966864	1117	0	0.087354	0.025924
833.5640001296997	63.26336	1124	0	0.055622	0.025924
835.5620002746582	93.717664	1118	0	0.06909	0.025924
837.563000202179	97.420336	1106	0	0.068364	0.025924
839.5640001296997	80.37588	1000	0	0.075993	0.025924
841.5640001296997	38.964672	1000	0	0.076225	0.025924
843.5659999847412	76.68164	1202	0	0.044249	0.025924
845.5650000572205	86.090264	1138	0	0.051395	0.025924
847.563000202179	60.971096	1152	0	0.121794	0.025924
849.5620002746582	60.6482	1150	0	0.097193	0.025924
851.5640001296997	40.183032	964	0	0.080543	0.025924
853.563000202179	59.886024	958	0	0.07127	0.025924
855.5620002746582	48.636168	552	0	0.094918	0.025924
857.5650000572205	53.76208	546	0	0.043408	0.025924
859.5620002746582	6.062528	784	0	0.06034	0.025924
861.6770000457764	64.22936	792	0	0.057652	0.025924
863.563000202179	54.604888	790	0	0.055071	0.025924
865.5620002746582	51.884728	580	0	0.069754	0.025924
867.4950001239777	0.666288	14	0	0.037719	0.031684
867.5620002746582	36.118216	784	0	0.036737	0.025924
867.6449999809265	5.02428	58	0	0.041969	0.026453
867.7130000591278	15.936944	75	14	0.036506	0.026453
867.826000213623	20.903872	213	0	0.042808	0.026453
867.9030001163483	25.875128	213	31	0.043361	0.026453
867.9940001964569	27.194552	214	0	0.042161	0.026453
868.1280000209808	36.051904	331	0	0.051621	0.026453
868.2980000972748	80.103576	755	0	0.039058	0.026453
869.0369999408722	61.601256	755	0	0.044478	0.026453
869.563000202179	47.160152	790	0	0.053366	0.025924
871.029000043869	9.868384	887	0	0.055077	0.026453
871.5659999847412	58.204792	784	0	0.062336	0.025924
873.0299999713898	150.065928	1258	0	0.068574	0.026453
873.563000202179	0.261168	801	0	0.047548	0.025924
875.0340001583099	111.960184	1208	0	0.098019	0.026453
875.5640001296997	0.29332	838	0	0.078392	0.025924
877.0360000133514	11.756488	1202	0	0.043	0.026453
877.5680000782013	33.199632	4	0	0.038615	0.025924
879.037999868393	115.040416	1214	0	0.05647	0.026453
879.5620002746582	50.154448	868	0	0.063814	0.025924
881.0280001163483	8.260704	1434	0	0.058291	0.026453
881.563000202179	24.492424	862	0	0.038039	0.025924
883.0280001163483	100.735104	1434	0	0.063814	0.026453
883.5670001506805	64.190976	617	0	0.058939	0.025924
885.0280001163483	10.35516	852	0	0.050095	0.026453
885.563000202179	63.189672	628	0	0.066174	0.025924
887.0280001163483	80.10944	752	0	0.055987	0.026453
887.5769999027252	54.947648	628	0	0.060189	0.025924
889.029000043869	80.10944	752	0	0.049619	0.026453
889.5800001621246	52.689872	628	0	0.054185	0.025924
891.0280001163483	81.077368	728	0	0.048386	0.026453
891.5830001831055	45.1498	610	0	0.042454	0.025924
893.0280001163483	19.179456	594	0	0.046389	0.026453
893.563000202179	64.862008	592	0	0.053409	0.025924
895.0320000648499	56.664432	594	0	0.052544	0.026453
895.6260001659393	53.977216	608	0	0.079994	0.025924
897.0270001888275	56.664432	818	0	0.056387	0.026453
897.5610001087189	40.753928	629	0	0.089308	0.025924
899.0390000343323	76.519	620	0	0.044956	0.026453
899.5700001716614	61.424344	628	0	0.056332	0.025924
901.0329999923706	11.750144	614	0	0.052437	0.026453
901.5620002746582	13.016	630	0	0.04308	0.025924
903.0270001888275	60.87256	614	0	0.053587	0.026453
903.563000202179	66.066792	634	0	0.053713	0.025924
905.037999868393	50.111696	608	0	0.055101	0.026453
905.563000202179	67.325184	548	0	0.041449	0.025924
907.037999868393	71.503032	617	0	0.04505	0.026453
907.5670001506805	52.544736	554	0	0.062818	0.025924
909.0280001163483	47.543872	618	0	0.044924	0.026453
909.5640001296997	60.330616	574	0	0.059973	0.025924
911.039999961853	72.606248	618	0	0.045188	0.026453
911.563000202179	38.13012	590	0	0.088308	0.025924
913.037999868393	72.606248	618	0	0.052992	0.026453
913.5640001296997	64.5894	584	0	0.043122	0.025924
915.0460000038147	36.168752	632	0	0.045563	0.026453
915.5670001506805	12.349824	572	0	0.085433	0.025924
917.0430002212524	69.358288	754	0	0.041232	0.026453
917.569000005722	3.918	846	0	0.09152	0.025924
919.0480000972748	12.163976	796	0	0.049789	0.026453
919.569000005722	0.198384	920	0	0.081931	0.025924
921.0430002212524	133.653992	1138	0	0.034205	0.026453
921.569000005722	23.842128	918	0	0.093131	0.025924
923.0430002212524	131.374376	1206	0	0.049918	0.026453
923.5680000782013	1.939424	822	0	0.116509	0.025924
925.0420002937317	70.058592	1412	0	0.041947	0.026453
925.569000005722	0.302408	788	0	0.067072	0.025924
927.0480000972748	132.311168	1412	0	0.052981	0.026453
927.5670001506805	5.650384	782	0	0.056537	0.025924
929.0640001296997	11.928336	1572	0	0.050274	0.026453
929.5659999847412	15.44452	886	0	0.035804	0.025924
931.0409998893738	147.665408	1560	0	0.042727	0.026453
931.5659999847412	1.771504	881	0	0.057921	0.025924
933.0360000133514	10.006936	1504	0	0.053042	0.026453
933.5640001296997	60.882296	880	0	0.151563	0.025924
935.037999868393	140.222512	1504	0	0.055815	0.026453
935.5640001296997	47.251896	4	0	0.10235	0.025924
937.0280001163483	23.20788	1476	0	0.052486	0.026453
937.5640001296997	54.915224	858	0	0.068536	0.025924
939.2779998779297	9.038568	1026	0	0.058092	0.026453
939.5640001296997	58.129208	828	0	0.040074	0.025924
941.037999868393	92.965512	1028	0	0.058966	0.026453
941.5640001296997	56.066456	620	0	0.058929	0.025924
943.2769999504089	8.574256	806	0	0.057438	0.026453
943.5640001296997	52.704168	606	0	0.062037	0.025924
945.0460000038147	63.374248	806	0	0.058534	0.026453
945.563000202179	62.284736	626	0	0.053076	0.025924
947.2809998989105	63.374248	806	0	0.049956	0.026453
947.5640001296997	49.69804	558	0	0.062455	0.025924
949.2870001792908	63.374248	778	0	0.051949	0.026453
949.563000202179	49.69804	576	0	0.036512	0.025924
951.2870001792908	63.374248	840	0	0.058556	0.026453
951.5620002746582	49.69804	580	0	0.033946	0.025924
953.2769999504089	63.374248	924	0	0.046553	0.026453
953.563000202179	49.69804	496	0	0.035407	0.025924
955.0369999408722	63.374248	770	0	0.040554	0.026453
955.563000202179	48.198064	496	0	0.045747	0.025924
957.0270001888275	63.374248	770	0	0.04811	0.026453
957.5640001296997	48.198064	496	0	0.037375	0.025924
959.295000076294	63.374248	770	0	0.049473	0.026453
959.5620002746582	29.90944	308	0	0.038	0.025924
961.2900002002716	63.374248	770	0	0.045737	0.026453
961.5620002746582	29.90944	308	0	0.032106	0.025924
963.2769999504089	63.374248	770	0	0.045547	0.026453
963.563000202179	23.332832	324	0	0.042334	0.025924
965.2870001792908	63.374248	770	0	0.044216	0.026453
965.5610001087189	23.332832	328	0	0.03681	0.025924
967.2870001792908	63.374248	886	0	0.045134	0.026453
967.5800001621246	23.332832	328	0	0.035076	0.025924
969.2880001068115	63.374248	880	0	0.045812	0.026453
969.5790002346039	23.38228	204	0	0.035498	0.025924
971.2779998779297	93.185624	934	0	0.053365	0.026453
971.563000202179	30.395808	176	0	0.030213	0.025906
973.2890000343323	92.573856	858	0	0.041803	0.026453
973.5640001296997	14.419328	230	0	0.031535	0.025906
975.2870001792908	110.687792	940	0	0.041415	0.026453
975.5650000572205	0.417176	322	0	0.040687	0.025906
977.2939999103546	55.27364	888	0	0.051935	0.026165
977.5659999847412	15.039896	452	0	0.037541	0.025906
979.279000043869	100.278048	974	0	0.047572	0.026165
979.5640001296997	59.484792	654	0	0.068091	0.025906
981.2880001068115	103.339992	974	0	0.060443	0.026165
981.563000202179	63.925456	316	0	0.035682	0.025906
983.2880001068115	110.96896	958	0	0.049536	0.025097
983.5650000572205	50.971032	600	0	0.04364	0.025906
985.2939999103546	94.282096	958	0	0.056877	0.025097
985.5620002746582	58.352768	600	0	0.061652	0.025906
987.2779998779297	9.990008	734	0	0.049046	0.025097
987.5640001296997	68.891696	638	0	0.043144	0.025906
989.2890000343323	91.5586	694	0	0.040151	0.025097
989.5650000572205	58.149624	638	0	0.062419	0.025906
991.2880001068115	103.411984	684	0	0.053626	0.025097
991.5640001296997	54.61596	638	0	0.069348	0.025906
993.2929999828339	94.143752	856	0	0.044118	0.025097
993.5640001296997	53.379984	726	0	0.079012	0.025906
995.2820003032684	106.040584	924	0	0.049808	0.025097
995.563000202179	74.313512	807	0	0.084229	0.025906
997.2880001068115	10.807016	736	0	0.04728	0.025097
997.5620002746582	9.522936	808	0	0.057652	0.025906
999.2969999313354	102.325776	726	0	0.040231	0.025097
999.569000005722	50.264424	808	0	0.071991	0.025906
1001.2890000343323	102.325776	660	0	0.047223	0.025097
1001.6129999160767	56.236472	808	0	0.039714	0.025906
1003.2779998779297	110.71904	856	0	0.044413	0.025097
1003.5640001296997	50.361792	700	0	0.127771	0.025906
1005.2929999828339	86.623936	850	0	0.047601	0.025097
1005.595999956131	60.296328	647	0	0.084642	0.025906
1007.2779998779297	108.542328	850	0	0.049531	0.025097
1007.5640001296997	52.168664	788	0	0.106048	0.025906
1009.2880001068115	85.394808	1054	0	0.063785	0.025097
1009.5650000572205	58.058336	664	0	0.059238	0.025906
1011.2799999713898	109.694152	1094	0	0.048736	0.025097
1011.5700001716614	63.653384	660	0	0.037569	0.025906
1013.2820003032684	98.776504	1038	0	0.034357	0.025097
1013.5659999847412	46.54328	808	0	0.059493	0.025906
1015.279000043869	121.534864	1028	0	0.067501	0.025097
1015.5750000476837	70.412248	862	0	0.095726	0.025906
1017.2799999713898	134.114432	1044	0	0.042773	0.025097
1017.5659999847412	69.612984	858	0	0.086829	0.025906
1019.279000043869	110.68688	1045	0	0.040417	0.025097
1019.5640001296997	67.344552	858	0	0.121595	0.025906
1021.2900002002716	137.531496	1064	0	0.052938	0.025097
1021.5969998836517	20.712944	800	0	0.140186	0.025906
1023.2880001068115	133.297016	4	0	0.048135	0.025097
1023.5650000572205	33.012744	1956	0	0.145017	0.025906
1025.2890000343323	8.855592	1230	0	0.056115	0.025097
1025.563000202179	60.895448	802	0	0.043384	0.025906
1027.28400015831	87.690632	1222	0	0.069939	0.025097
1027.5640001296997	71.150312	806	0	0.071884	0.025906
1029.2890000343323	10.030408	1214	0	0.052339	0.025097
1029.5659999847412	53.64188	794	0	0.076323	0.025906
1031.279000043869	154.246304	1268	0	0.055571	0.025097
1031.5650000572205	8.31816	874	0	0.077731	0.025906
1033.2890000343323	140.48328	1274	0	0.03669	0.025097
1033.5670001506805	61.441832	928	0	0.099299	0.025906
1035.2779998779297	10.06868	1260	0	0.049294	0.025097
1035.5670001506805	73.9016	938	0	0.04191	0.025906
1037.279000043869	88.629904	4	0	0.06793	0.025097
1037.563000202179	70.1484	938	0	0.068357	0.025906
1039.2779998779297	8.619552	1166	0	0.057141	0.025097
1039.5650000572205	58.360744	942	0	0.05906	0.025906
1041.2799999713898	106.532144	804	0	0.058323	0.025097
1041.563000202179	59.510872	744	0	0.067836	0.025906
1043.2779998779297	106.532144	804	0	0.056638	0.025097
1043.563000202179	59.510872	773	0	0.043504	0.025906
1045.2880001068115	106.532144	800	0	0.055848	0.025097
1045.5640001296997	64.324416	778	0	0.068757	0.025906
1047.279000043869	106.532144	834	0	0.05607	0.025097
1047.5840001106262	53.0264	738	0	0.065937	0.025906
1049.276999950409	106.048576	878	0	0.047571	0.025097
1049.5620002746582	60.285344	708	0	0.040199	0.025906
1051.2779998779297	106.048576	878	0	0.064193	0.025097
1051.5640001296997	56.406744	698	0	0.052458	0.025906
1053.279000043869	106.048576	882	0	0.049654	0.025097
1053.5640001296997	53.7758	698	0	0.059018	0.025906
1055.2779998779297	60.6242	914	0	0.048865	0.025097
1055.563000202179	64.604816	743	0	0.065618	0.025906
1057.2860000133514	107.45988	1008	0	0.042319	0.025097
1057.5650000572205	44.568312	530	0	0.038439	0.025906
1059.2779998779297	107.45988	1008	0	0.047497	0.025097
1059.5640001296997	40.071232	536	0	0.033766	0.025906
1061.2799999713898	107.45988	1008	0	0.050251	0.025097
1061.5659999847412	51.10876	328	0	0.043073	0.025906
1063.2860000133514	112.74568	858	0	0.046967	0.025097
1063.5640001296997	53.918096	512	0	0.041484	0.025906
1065.2850000858307	117.360832	922	0	0.041562	0.025097
1065.5650000572205	53.967552	512	0	0.051246	0.025906
1067.276999950409	117.360832	930	0	0.045363	0.025097
1067.6050000190735	53.967552	512	0	0.040656	0.025906
1069.2779998779297	39.563544	930	0	0.049122	0.025097
1069.5640001296997	52.88484	472	0	0.036595	0.025906
1071.2860000133514	122.3768	928	0	0.039979	0.025097
1071.5680000782013	57.7334	488	0	0.049348	0.025906
1073.2779998779297	121.730112	1018	0	0.047995	0.025097
1073.5759999752045	9.525848	740	0	0.064858	0.025906
1075.2779998779297	110.000216	994	0	0.045021	0.025097
1075.5640001296997	52.312736	734	0	0.081219	0.025906
1077.2870001792908	105.651776	972	0	0.048037	0.025097
1077.5659999847412	60.47548	750	0	0.064813	0.025906
1079.279000043869	105.923096	972	0	0.049468	0.025097
1079.6200001239777	44.75536	404	0	0.048151	0.025906
1081.279000043869	68.737576	990	0	0.055718	0.025097
1081.5640001296997	2.982488	546	0	0.042887	0.025906
1083.2779998779297	52.33908	948	0	0.051679	0.025097
1083.5640001296997	47.864408	576	0	0.035565	0.025906
1085.2850000858307	119.685392	958	0	0.049954	0.025097
1085.5650000572205	55.989888	488	0	0.056604	0.025906
1087.279000043869	96.8566	1000	0	0.052773	0.025097
1087.5680000782013	57.083112	648	0	0.061521	0.025906
1089.2779998779297	36.421648	1001	0	0.065276	0.025097
1089.5659999847412	54.555656	698	0	0.062211	0.025906
1091.279000043869	56.860304	1000	0	0.088775	0.025097
1091.5969998836517	54.8588	724	0	0.062566	0.025906
1093.2779998779297	115.41452	4	0	0.056961	0.025097
1093.5650000572205	8.117024	724	0	0.060816	0.025906
1095.2779998779297	100.527064	1052	0	0.047366	0.025097
1095.5670001506805	57.430808	652	0	0.05722	0.025906
1097.2799999713898	7.729376	1040	0	0.063715	0.025097
1097.569000005722	52.532008	566	0	0.038429	0.025906
1099.279000043869	105.748928	1016	0	0.041364	0.025097
1099.5780003070831	3.834768	796	0	0.046962	0.025906
1101.2890000343323	123.832288	1052	0	0.060157	0.025097
1101.5650000572205	66.114904	896	0	0.087067	0.025906
1103.279000043869	138.50816	1111	0	0.062285	0.025097
1103.5640001296997	67.941112	954	0	0.042085	0.025906
1105.2779998779297	118.975376	1128	0	0.058242	0.025097
1106.5650000572205	80.469832	1012	0	0.068472	0.025906
1107.2779998779297	9.057544	1030	0	0.054856	0.025097
1108.5670001506805	64.192344	890	0	0.05169	0.025906
1109.2910001277924	99.63212	973	0	0.054824	0.025097
1110.5710000991821	91.422216	962	0	0.063444	0.025906
1111.2880001068115	8.277248	1096	0	0.058214	0.025097
1112.5640001296997	46.571112	1020	0	0.03923	0.025906
1113.2880001068115	39.383672	1097	0	0.055377	0.025097
1114.5659999847412	46.571112	1070	0	0.039208	0.025906
1115.2779998779297	84.516536	1108	0	0.049297	0.025097
1115.6050000190735	77.268288	1060	0	0.036433	0.025906
1117.292000055313	100.460216	1108	0	0.050928	0.025097
1118.5650000572205	75.950856	1052	0	0.052546	0.025906
1119.2880001068115	2.722688	928	0	0.055329	0.025097
1120.6020002365112	75.950856	1052	0	0.043703	0.025906
1121.2779998779297	68.220816	736	0	0.045965	0.025097
1122.6129999160767	75.950856	720	0	0.038389	0.025906
1123.2779998779297	80.459552	810	0	0.053575	0.025097
1124.5700001716614	92.639456	718	0	0.049217	0.025906
1125.2850000858307	71.598784	810	0	0.066006	0.025097
1125.6280000209808	88.181	782	0	0.055329	0.025906
1127.2880001068115	71.598784	810	0	0.062372	0.025097
1127.598000049591	52.067048	796	0	0.086902	0.025906
1129.2880001068115	62.941336	674	0	0.063047	0.025097
1130.5950000286102	100.488328	834	0	0.047563	0.025906
1131.2779998779297	82.204096	620	0	0.045534	0.025097
1132.5659999847412	100.488328	772	0	0.043661	0.025906
1133.2880001068115	62.365376	620	0	0.058526	0.025097
1133.5950000286102	75.157096	772	0	0.052767	0.025906
1135.2779998779297	85.243592	664	0	0.052193	0.025097
1135.6360001564026	53.721248	738	0	0.042372	0.025906
1137.2880001068115	70.582592	658	0	0.060586	0.025097
1138.5810000896454	58.923904	774	0	0.071856	0.025906
1139.279000043869	93.505432	646	0	0.032769	0.025097
1139.6139998435974	75.043704	650	0	0.056309	0.025906
1141.2960000038147	94.025656	698	0	0.03434	0.025097
1142.619000196457	72.441376	656	0	0.054214	0.025906
1143.2880001068115	97.398224	710	0	0.041551	0.025097
1144.5840001106262	59.20328	650	0	0.056887	0.025906
1145.2880001068115	74.031496	706	0	0.051023	0.025097
1146.585000038147	70.804112	642	0	0.038862	0.025906
1147.279000043869	81.508288	716	0	0.036966	0.025097
1148.5670001506805	53.175984	648	0	0.059486	0.025906
1149.2890000343323	105.521112	769	0	0.054606	0.025097
1149.6820001602173	66.68664	672	0	0.033603	0.025906
1151.292000055313	114.345456	1054	0	0.036275	0.025097
1152.587000131607	83.524408	792	0	0.054315	0.025906
1153.2910001277924	104.231968	1006	0	0.041045	0.025097
1154.5759999752045	32.620104	890	0	0.180201	0.025906
1155.2799999713898	8.124336	1092	0	0.045695	0.025097
1156.6139998435974	28.797344	1264	0	0.108131	0.025906
1157.2900002002716	148.042288	1208	0	0.031603	0.025097
1158.569000005722	36.806904	942	0	0.313641	0.025906
1159.2890000343323	9.999472	1200	0	0.052131	0.025097
1160.587000131607	73.341432	1032	0	0.042146	0.025906
1161.2799999713898	150.625816	1208	0	0.053066	0.025097
1162.5670001506805	62.013792	882	0	0.102828	0.025906
1163.2799999713898	134.514472	1064	0	0.034044	0.025097
1163.6310000419617	80.272728	1020	0	0.044309	0.025906
1165.2969999313354	147.770856	1080	0	0.0394	0.025097
1166.595999956131	1.631992	1054	0	0.050035	0.025906
1167.2799999713898	167.347416	1406	0	0.033042	0.025097
1168.6050000190735	87.002024	1072	0	0.059504	0.025906
1169.2799999713898	12.13612	1334	0	0.044109	0.025097
1170.5820000171661	96.240184	1040	0	0.045323	0.025906
1171.2799999713898	176.728744	1390	0	0.052982	0.025097
1172.6110000610352	11.008856	818	0	0.040134	0.025787
1173.2799999713898	9.96192	1428	0	0.049984	0.025097
1174.704999923706	45.847368	966	0	0.141532	0.025787
1175.2809998989105	197.96416	1532	0	0.052511	0.025097
1175.6970000267029	44.8668	962	0	0.221947	0.025787
1177.28400015831	210.131096	1608	0	0.053276	0.025097
1178.5659999847412	57.653896	930	0	0.167094	0.025787
1179.2799999713898	9.992424	1728	0	0.053778	0.025097
1180.5670001506805	84.90244	953	0	0.05133	0.025787
1181.2809998989105	145.459808	1698	0	0.070697	0.025097
1182.5680000782013	94.557864	988	0	0.051682	0.025787
1183.2799999713898	9.989608	1648	0	0.049743	0.025097
1184.704999923706	78.096176	1164	0	0.039696	0.025787
1185.279000043869	180.397208	1632	0	0.061122	0.025097
1186.5650000572205	1.034704	1174	0	0.091383	0.025787
1187.2799999713898	132.5004	1538	0	0.060039	0.025097
1187.7670001983643	116.757448	1098	0	0.051068	0.025787
1189.279000043869	136.02408	1554	0	0.07018	0.025097
1190.5650000572205	72.50936	1456	0	0.101944	0.025787
1191.5329999923706	158.61944	1394	0	0.073023	0.025097
1192.5650000572205	102.172656	1456	0	0.073047	0.025787
1193.529000043869	8.88096	1394	0	0.055201	0.025097
1194.5659999847412	10.607968	1456	0	0.053724	0.025787
1195.5339999198914	118.836264	1256	0	0.06043	0.025097
1196.5659999847412	86.51572	1028	0	0.069049	0.025787
1197.279000043869	10.004512	1472	0	0.050496	0.025097
1198.5659999847412	88.083096	978	0	0.046629	0.025787
1199.529000043869	144.898208	1093	0	0.055441	0.025097
1200.5680000782013	100.986864	978	0	0.067075	0.025787
1201.2779998779297	148.625568	1232	0	0.046296	0.025097
1202.5759999752045	84.174896	958	0	0.080559	0.025787
1203.529000043869	10.044824	1244	0	0.052314	0.025097
1204.5640001296997	81.080368	952	0	0.048062	0.025787
1205.529000043869	103.78936	1104	0	0.05023	0.025097
1206.5659999847412	83.111208	958	0	0.05434	0.025787
1207.5280001163483	9.915128	1104	0	0.049513	0.025097
1208.5650000572205	73.881072	816	0	0.039925	0.025787
1209.5280001163483	110.3876	850	0	0.04999	0.025097
1210.5680000782013	91.297584	766	0	0.047323	0.025787
1211.3289999961853	74.010176	850	0	0.046526	0.025097
1212.5659999847412	48.208352	752	0	0.039131	0.025787
1213.529000043869	92.883296	878	0	0.042642	0.025097
1214.5659999847412	90.24	754	0	0.047305	0.025787
1215.529000043869	115.02256	924	0	0.04422	0.025097
1216.5659999847412	88.18976	814	0	0.052524	0.025787
1217.5329999923706	98.023656	924	0	0.045826	0.025097
1218.5670001506805	89.270208	815	0	0.041452	0.025787
1219.529000043869	113.870616	952	0	0.045938	0.025097
1220.5670001506805	64.036768	814	0	0.05811	0.025787
1221.5300002098083	9.993832	1068	0	0.051957	0.025097
1222.5670001506805	60.73352	870	0	0.043498	0.025787
1223.529000043869	131.64036	1440	0	0.056929	0.025097
1224.5659999847412	1.51636	902	0	0.056885	0.025787
1225.529000043869	123.974672	1108	0	0.047221	0.025097
1226.5670001506805	89.79996	914	0	0.049418	0.025787
1227.529000043869	122.737032	1100	0	0.048273	0.025097
1228.5680000782013	71.564632	868	0	0.04545	0.025787
1229.531000137329	121.457576	1156	0	0.040412	0.025097
1230.569000005722	68.487256	874	0	0.09341	0.025787
1231.5300002098083	115.614416	1162	0	0.049423	0.025097
1232.5780003070831	12.128616	816	0	0.084705	0.025787
1233.539999961853	137.28516	1214	0	0.047432	0.025097
1234.569000005722	63.421656	1403	0	0.126866	0.025787
1235.4000000953674	7.62952	1280	0	0.062161	0.025097
1236.5670001506805	51.383336	844	0	0.098198	0.025787
1237.5320000648499	146.696008	1342	0	0.040545	0.025097
1238.5659999847412	24.782368	866	0	0.062806	0.025787
1239.529000043869	133.847128	1340	0	0.043572	0.025097
1240.5670001506805	68.629704	956	0	0.083147	0.025787
1241.529000043869	10.0434	1342	0	0.052895	0.025097
1242.5659999847412	3.088232	957	0	0.103998	0.025787
1243.5390000343323	130.76272	1340	0	0.055347	0.025097
1244.5670001506805	1.462688	696	0	0.051064	0.025787
1245.5300002098083	9.938368	1208	0	0.05234	0.025097
1246.5659999847412	44.653128	720	0	0.059844	0.025787
1247.5360000133514	126.241816	1218	0	0.051044	0.025097
1248.5670001506805	32.473832	682	0	0.167527	0.025787
1249.5329999923706	133.328712	1402	0	0.053552	0.025097
1250.5680000782013	33.359016	674	0	0.208913	0.025787
1251.5440001487732	158.429776	1288	0	0.037456	0.025097
1252.5680000782013	20.076296	580	0	0.054383	0.025787
1253.5300002098083	162.964752	1330	0	0.048276	0.025097
1254.5680000782013	3.910744	379	0	0.037923	0.025787
1255.5430002212524	9.967528	1388	0	0.053335	0.025097
1256.5670001506805	3.10652	776	0	0.061866	0.025787
1257.5300002098083	176.753672	1442	0	0.052414	0.025097
1258.5670001506805	6.823304	970	0	0.054724	0.025787
1259.380000114441	10.128296	1430	0	0.051954	0.025097
1260.5659999847412	13.549944	924	0	0.043948	0.025787
1261.5280001163483	175.596072	1442	0	0.04871	0.025097
1262.5790002346039	61.189296	1072	0	0.154119	0.025787
1263.5390000343323	110.496064	1558	0	0.059093	0.025097
1264.5680000782013	60.530336	1072	0	0.067505	0.025787
1265.5419998168945	9.84156	1438	0	0.053776	0.025097
1266.5670001506805	91.242312	1106	0	0.048421	0.025787
1267.5280001163483	156.316136	1399	0	0.052313	0.025097
1269.1960000991821	86.306768	808	0	0.09274	0.025787
1269.5329999923706	0.987232	1410	0	0.049987	0.025097
1270.5670001506805	55.60572	752	0	0.055843	0.025787
1271.5369999408722	57.901064	1424	0	0.086219	0.025097
1272.5659999847412	74.658368	752	0	0.060957	0.025787
1273.529000043869	76.299112	1426	0	0.069269	0.025097
1274.569000005722	75.338544	836	0	0.068469	0.025787
1275.5460002422333	12.226456	834	0	0.049925	0.025097
1276.5739998817444	13.633168	836	0	0.063631	0.025787
1277.529000043869	69.421008	822	0	0.035334	0.025097
1278.5680000782013	59.912616	770	0	0.07565	0.025787
1279.5360000133514	47.670528	720	0	0.050012	0.025097
1280.5680000782013	67.845056	782	0	0.060032	0.025787
1281.5300002098083	55.83716	796	0	0.075161	0.025097
1282.569000005722	52.022752	768	0	0.087918	0.025787
1283.5350000858307	101.289304	832	0	0.046163	0.027015
1284.5739998817444	15.861176	894	0	0.038859	0.025787
1285.5300002098083	55.10356	972	0	0.051008	0.027015
1286.5769999027252	74.676816	1004	0	0.094782	0.025787
1287.5350000858307	128.592176	1098	0	0.033053	0.027015
1288.5680000782013	76.456472	1016	0	0.117525	0.025787
1289.545000076294	11.06668	1202	0	0.045241	0.027015
1290.5680000782013	7.651136	888	0	0.052631	0.025787
1291.547000169754	125.081392	1210	0	0.073747	0.027015
1292.5680000782013	86.546432	882	0	0.088393	0.025787
1293.5300002098083	9.896736	1056	0	0.050418	0.027015
1294.5710000991821	102.094552	956	0	0.055246	0.025787
1295.5360000133514	150.444864	1170	0	0.044004	0.027015
1296.5720000267029	14.409272	1135	0	0.042325	0.025787
1297.5350000858307	113.938344	4	0	0.039681	0.027015
1298.5680000782013	90.8484	1257	0	0.101183	0.025787
1299.5430002212524	156.342816	1318	0	0.044808	0.027015
1300.5680000782013	7.587008	4	0	0.087935	0.025787
1301.5300002098083	133.775624	1318	0	0.064081	0.027015
1302.5700001716614	0.589824	996	0	0.078577	0.025787
1303.529000043869	7.743736	1360	0	0.06651	0.027015
1304.569000005722	13.596024	1022	0	0.057739	0.025787
1305.529000043869	144.907048	1348	0	0.040355	0.027015
1306.6110000610352	31.138496	1138	0	0.29097	0.025787
1307.3780002593994	9.811968	1312	0	0.049746	0.027015
1308.5710000991821	11.061896	1136	0	0.122591	0.025787
1309.5390000343323	142.440624	1310	0	0.051447	0.027015
1310.585000038147	66.088144	769	0	0.098209	0.025787
1312.619000196457	49.27344	980	0	0.130852	0.025787
1314.5710000991821	7.817216	774	0	0.062874	0.025787
1316.5700001716614	63.630608	736	0	0.072467	0.025787
1318.5700001716614	16.465552	678	0	0.035566	0.025787
1320.5710000991821	58.8802	568	0	0.040192	0.025787
1322.5710000991821	0.322888	680	0	0.067257	0.025787
1324.569000005722	3.007344	680	0	0.051649	0.025787
1326.569000005722	53.41064	800	0	0.074915	0.025787
1328.569000005722	68.119864	808	0	0.032289	0.025787
1330.5680000782013	50.812144	808	0	0.096	0.025787
1332.5680000782013	64.30532	580	0	0.037527	0.025787
1334.736999988556	72.641024	605	0	0.05406	0.025787
1336.569000005722	72.273536	614	0	0.050911	0.025787
1338.7220001220703	6.652376	4	0	0.079309	0.025787
1340.5739998817444	66.49972	629	0	0.059697	0.025787
1342.5710000991821	50.342304	662	0	0.042583	0.025787
1344.5680000782013	59.475304	624	0	0.057409	0.025787
1346.5680000782013	49.653584	900	0	0.13755	0.025787
1348.5720000267029	66.089616	924	0	0.045241	0.025787
1350.569000005722	4.85324	928	0	0.071796	0.025787
1352.5720000267029	71.648144	970	0	0.060808	0.025787
1354.5670001506805	70.040904	994	0	0.051902	0.025787
1356.5700001716614	55.318728	596	0	0.045312	0.025787
1358.5700001716614	31.393296	582	0	0.044073	0.025787
1360.5670001506805	42.13516	683	0	0.102108	0.025787
1362.5670001506805	71.416032	726	0	0.053151	0.025787
1364.569000005722	90.939808	820	0	0.050794	0.025787
1366.569000005722	15.700376	826	0	0.05832	0.025787
1368.063000202179	63.517336	554	0	0.055895	0.025787
1370.569000005722	67.536784	586	0	0.032726	0.025787
1372.5700001716614	74.0238	828	0	0.044249	0.025787
1374.569000005722	47.0812	1010	0	0.119066	0.025787
1376.5720000267029	66.340424	956	0	0.107458	0.025787
1378.569000005722	36.711344	264	0	0.043037	0.025787
1380.5729999542236	13.797848	498	0	0.039632	0.025787
1382.569000005722	3.237304	532	0	0.071921	0.025787
1384.5910000801086	19.488408	683	0	0.064433	0.025787
1386.5710000991821	5.727264	842	0	0.050833	0.025787
1388.5670001506805	2.3214	865	0	0.073773	0.025787
1390.569000005722	54.951416	656	0	0.046299	0.025787
1392.569000005722	0.625744	592	0	0.073708	0.025787
1394.5670001506805	3.908128	816	0	0.060481	0.025787
1396.5670001506805	9.47692	816	0	0.062923	0.025787
1398.5700001716614	55.4296	816	0	0.063242	0.025787
1400.569000005722	3.95592	836	0	0.087334	0.025787
1402.5790002346039	0.420576	746	0	0.094268	0.025787
1404.5950000286102	41.373048	854	0	0.040971	0.025787
1406.5710000991821	51.709496	860	0	0.068118	0.025787
1408.5750000476837	48.5794	862	0	0.142556	0.025787
1410.569000005722	53.387184	870	0	0.077988	0.025787
1412.569000005722	72.678392	882	0	0.098622	0.025787
1414.5899999141693	72.744264	1028	0	0.058268	0.025787
1416.5700001716614	1.042384	1050	0	0.073382	0.025787
1418.569000005722	45.120768	860	0	0.128445	0.025787
1420.6100001335144	72.795352	860	0	0.079318	0.025787
1422.6210000514984	59.422064	894	0	0.129269	0.025787
1424.5710000991821	0.421672	874	0	0.055872	0.025787
1426.5700001716614	71.244648	1268	0	0.075966	0.025787
1428.5710000991821	72.3852	906	0	0.064238	0.025787
1430.5680000782013	3.496336	846	0	0.058792	0.025787
1432.5830001831055	72.807736	848	0	0.056129	0.025787
1433.9530000686646	68.430584	848	0	0.072629	0.025787
1436.5700001716614	47.79068	670	0	0.132143	0.025787
1438.5700001716614	55.540168	670	0	0.051396	0.025787
1440.5710000991821	26.700016	403	0	0.0368	0.025787
1442.5710000991821	6.186808	742	0	0.047185	0.025787
1444.5700001716614	74.35996	911	0	0.058809	0.025787
1446.5700001716614	56.520016	906	0	0.080112	0.025787
1448.5710000991821	11.907264	1038	0	0.110792	0.025787
1450.5720000267029	0.384712	1076	0	0.04984	0.025787
1452.569000005722	14.31824	1262	0	0.041174	0.025787
1454.5700001716614	35.253104	1262	0	0.313466	0.025787
1456.5700001716614	99.790496	1346	0	0.107492	0.025787
1458.5700001716614	8.736384	1347	0	0.172739	0.025787
1460.5710000991821	88.845992	1346	0	0.123306	0.025787
1462.5700001716614	62.958768	1182	0	0.069147	0.025787
1464.5700001716614	60.324256	1218	0	0.095675	0.025787
1466.5810000896454	21.418768	1213	0	0.13659	0.025787
1468.5710000991821	2.403032	1163	0	0.043397	0.025787
1470.5710000991821	62.065784	1218	0	0.188131	0.025787
1472.5700001716614	1.290408	1168	0	0.052846	0.025951
1474.5710000991821	49.1812	1168	0	0.186157	0.025951
1476.5700001716614	80.788728	1168	0	0.055693	0.025951
1478.5710000991821	90.605432	1146	0	0.066628	0.025951
1480.5700001716614	84.706768	1146	0	0.107666	0.025951
1482.5700001716614	10.330008	1146	0	0.076262	0.025951
1484.569000005722	85.121448	1164	0	0.063653	0.025951
1486.569000005722	82.713648	952	0	0.035737	0.025951
1488.5680000782013	71.215768	916	0	0.055845	0.025951
1490.5710000991821	86.460848	680	0	0.046388	0.025951
1492.5680000782013	82.065824	684	0	0.055855	0.025951
1494.569000005722	75.297744	690	0	0.048596	0.025951
1496.5680000782013	72.236816	684	0	0.038874	0.025951
1498.5670001506805	72.92032	789	0	0.06146	0.025951
1500.569000005722	68.681448	406	0	0.034164	0.025951
1502.5729999542236	70.129824	392	0	0.042041	0.025951
1504.569000005722	70.362992	464	0	0.042208	0.025951
1506.5680000782013	70.614912	468	0	0.036318	0.025951
1508.569000005722	43.176096	635	0	0.08856	0.025951
1510.569000005722	69.018568	638	0	0.033946	0.025951
1512.5750000476837	70.208104	650	0	0.050478	0.025951
1514.5700001716614	74.345184	652	0	0.060759	0.025951
1516.5670001506805	60.435688	676	0	0.075287	0.025951
1518.569000005722	73.151064	682	0	0.050894	0.025951
1520.5680000782013	72.13876	676	0	0.035391	0.025951
1522.569000005722	72.095624	694	0	0.038152	0.025951
1524.5680000782013	74.693272	532	0	0.036407	0.025951
1526.569000005722	71.784408	587	0	0.055098	0.025951
1528.5680000782013	65.815328	588	0	0.042187	0.025951
1530.5700001716614	76.503832	646	0	0.040286	0.025951
1532.5700001716614	44.183248	658	0	0.084303	0.025951
1534.5680000782013	43.52136	652	0	0.049749	0.025951
1536.5700001716614	54.404976	652	0	0.076188	0.025951
1538.5680000782013	36.976224	652	0	0.112836	0.025951
1540.569000005722	37.79224	618	0	0.110218	0.025951
1542.569000005722	27.654144	632	0	0.038724	0.025951
1544.5680000782013	45.62984	630	0	0.044777	0.025951
1546.5680000782013	44.053792	630	0	0.071446	0.025951
1548.569000005722	63.15188	652	0	0.033261	0.025951
1550.5700001716614	49.20296	652	0	0.078692	0.025951
1552.569000005722	69.259888	773	0	0.054194	0.025951
1555.1930000782013	14.18448	796	0	0.041629	0.025951
1556.569000005722	64.627872	868	0	0.059872	0.025951
1558.5700001716614	75.4576	813	0	0.051783	0.025951
1560.5700001716614	74.53308	714	0	0.066536	0.025951
1562.5710000991821	2.804592	940	0	0.056075	0.026215
1564.5820000171661	75.126888	940	0	0.063245	0.026215
1566.5680000782013	75.126888	942	0	0.070339	0.026215
1568.5990002155304	64.734168	526	0	0.042936	0.026215
1570.5700001716614	79.3018	531	0	0.050237	0.026215
1572.5710000991821	74.749224	858	0	0.042002	0.026215
1574.5700001716614	73.99928	862	0	0.05384	0.026215
1576.5700001716614	80.372128	870	0	0.056203	0.026215
1578.5700001716614	63.36708	874	0	0.064356	0.026215
1580.5700001716614	58.705016	794	0	0.060638	0.026215
1582.569000005722	85.321728	1060	0	0.034302	0.026215
1584.569000005722	98.35704	1084	0	0.066297	0.026215
1586.569000005722	86.236288	1084	0	0.072277	0.026215
1588.5700001716614	90.331576	1014	0	0.058393	0.026215
1590.5759999752045	90.331576	1020	0	0.063622	0.026215
1592.5920000076294	90.331576	1075	0	0.051361	0.026215
1594.5729999542236	90.331576	1268	0	0.106565	0.026215
1596.6040000915527	90.331576	900	0	0.042872	0.026215
1598.5710000991821	90.331576	900	0	0.078987	0.026215
1600.5739998817444	85.051416	848	0	0.107404	0.026215
1602.5710000991821	12.031064	758	0	0.070051	0.026215
1604.5710000991821	67.02456	855	0	0.108553	0.026215
1606.5720000267029	25.750616	856	0	0.075847	0.026215
1608.569000005722	47.01736	766	0	0.18796	0.026215
1610.5700001716614	44.04556	766	0	0.078584	0.026215
1612.569000005722	20.465312	766	0	0.145926	0.026215
1614.569000005722	22.122832	604	0	0.128986	0.026215
1616.5680000782013	19.990248	596	0	0.046765	0.026215
1618.569000005722	23.281232	460	0	0.105466	0.026215
1620.5680000782013	25.186792	450	0	0.048364	0.026215
1622.5790002346039	25.186792	450	0	0.031331	0.026215
1624.5680000782013	25.186792	450	0	0.05318	0.026215
1626.5759999752045	25.186792	442	0	0.033692	0.026215
1628.7720000743866	25.186792	272	0	0.042613	0.026215
1630.5729999542236	25.186792	272	0	0.030427	0.026215
1632.6299998760223	25.186792	272	0	0.033766	0.026215
1634.5830001831055	26.847056	422	0	0.090061	0.026215
1636.5840001106262	39.312152	256	0	0.030907	0.026215
1638.5700001716614	51.843072	315	0	0.043153	0.026215
1640.5880000591278	10.5614	424	0	0.045458	0.026215
1642.5700001716614	50.54424	438	0	0.042913	0.026215
1644.5700001716614	36.448544	486	0	0.03584	0.026215
1646.5700001716614	55.49044	500	0	0.049649	0.026215
1648.5700001716614	60.2376	558	0	0.066814	0.026215
1650.5700001716614	44.474376	768	0	0.0612	0.026215
1652.5700001716614	67.61076	802	0	0.060281	0.026215
1654.5710000991821	69.249168	722	0	0.036065	0.026215
1656.5700001716614	59.131216	722	0	0.068557	0.026215
1659.3150000572205	56.275696	905	0	0.138991	0.026215
1660.2420001029968	70.821736	1410	0	0.079241	0.026215
1662.5700001716614	70.821736	1404	0	0.138168	0.026215
1664.5700001716614	43.348728	744	0	0.065485	0.026215
1666.587000131607	61.387528	738	0	0.061991	0.026215
1668.569000005722	61.387528	738	0	0.055817	0.026215
1670.5700001716614	71.34196	630	0	0.05196	0.026215
1672.569000005722	43.886728	841	0	0.134109	0.026215
1674.5889999866486	75.793136	862	0	0.042193	0.026215
1676.5710000991821	59.795504	876	0	0.056549	0.026215
1678.5729999542236	38.33892	582	0	0.050273	0.026215
1680.5739998817444	71.922928	884	0	0.095418	0.026215
1682.6329998970032	0.995904	888	0	0.217866	0.026215
1684.96599984169	0.19608	885	0	0.235419	0.026215
1686.5880000591278	54.316632	826	0	0.055701	0.026215
1688.6240000724792	34.532904	914	0	0.083948	0.026215
1690.2710001468658	33.961864	914	0	0.075134	0.026215
