0.0	25.055992	86	79	0.041783	0.017173
0.15600013732910156	13.566776	84	0	0.044867	0.017173
0.22499990463256836	22.128192	84	0	0.039769	0.017173
0.33900022506713867	13.799344	84	0	0.049004	0.017173
0.4289999008178711	23.574304	84	24	0.035819	0.017173
0.5510001182556152	20.757384	84	0	0.035588	0.017173
0.6730000972747803	12.672352	84	0	0.050004	0.017173
0.9769999980926514	7.898808	84	0	0.091918	0.017173
1.4710001945495605	24.874344	90	0	0.041377	0.017173
3.4790000915527344	17.016544	92	0	0.037982	0.017173
5.470000267028809	23.515848	114	0	0.042411	0.017173
7.505000114440918	22.444864	116	0	0.038568	0.017173
9.472000122070312	5.978136	86	0	0.05338	0.017173
11.472000122070312	15.887792	118	0	0.042258	0.017173
13.468000173568726	23.960064	98	0	0.040626	0.017173
15.493000030517578	20.383944	100	0	0.041802	0.017173
17.469000101089478	19.693992	94	0	0.038278	0.017173
19.48199987411499	11.027272	94	0	0.071195	0.017173
21.48199987411499	9.452336	106	0	0.050083	0.017173
23.486000299453735	4.706584	86	0	0.150952	0.017173
25.47100019454956	12.170944	90	0	0.04636	0.017173
27.499000072479248	19.683104	88	0	0.043943	0.017173
29.47100019454956	15.675992	90	0	0.052346	0.017173
31.486000299453735	16.627472	84	0	0.046613	0.017173
33.4760000705719	20.91048	74	0	0.039896	0.017173
35.47200012207031	20.413568	124	0	0.044253	0.017173
37.46900010108948	10.2406	124	0	0.060143	0.017173
39.47200012207031	19.467864	106	0	0.042122	0.017173
41.47000026702881	13.345952	86	0	0.073683	0.017173
43.47200012207031	22.915088	84	0	0.036721	0.017173
45.46900010108948	12.686056	90	0	0.043256	0.017173
47.47100019454956	24.491432	94	0	0.060719	0.017173
49.46900010108948	28.68688	94	0	0.042317	0.017173
51.46900010108948	15.084864	96	0	0.043726	0.017173
53.47200012207031	9.658576	170	0	0.115559	0.017173
55.47000026702881	21.67192	120	0	0.041414	0.017173
57.47699999809265	29.995376	132	0	0.033917	0.017173
59.47699999809265	6.042416	128	0	0.067233	0.017173
61.46900010108948	1.30628	128	0	0.092438	0.017173
63.520999908447266	25.325136	132	0	0.041022	0.017173
65.52400016784668	17.28624	136	0	0.041142	0.017173
67.58000016212463	21.948008	112	0	0.042673	0.017173
69.5	10.033832	72	0	0.053862	0.017173
71.51200008392334	23.432896	94	0	0.030877	0.017173
73.78700017929077	24.769784	124	0	0.043811	0.017173
75.6819999217987	2.259184	90	0	0.042291	0.017173
77.73100018501282	27.316544	118	0	0.03335	0.017173
79.72399997711182	23.1782	118	0	0.050939	0.017173
81.72700023651123	13.034768	156	0	0.036915	0.017173
83.73200011253357	29.592168	132	0	0.04266	0.017173
85.73600006103516	33.806648	126	0	0.044282	0.017173
87.72199988365173	30.545248	138	0	0.04266	0.017173
89.72600030899048	10.703984	104	0	0.053224	0.017173
91.72499990463257	19.581952	130	0	0.045092	0.017173
93.73699998855591	20.208184	106	0	0.039986	0.017173
95.72099995613098	14.802776	116	0	0.047024	0.017173
97.7350001335144	23.853216	136	0	0.043622	0.017173
99.72499990463257	32.918112	138	0	0.042623	0.017173
101.72399997711182	28.530192	122	0	0.0402	0.017173
103.72099995613098	23.546704	120	0	0.048108	0.017173
105.72300004959106	15.906304	74	0	0.027497	0.017173
107.72199988365173	22.387056	106	0	0.042716	0.017173
109.72199988365173	31.32688	124	0	0.044159	0.017173
111.72099995613098	21.418544	102	0	0.044835	0.017173
113.72199988365173	24.695024	98	0	0.046296	0.017173
115.72399997711182	12.239336	108	0	0.046546	0.017173
117.73000001907349	10.849704	72	0	0.038486	0.017173
119.72199988365173	19.111344	84	0	0.035927	0.017173
121.72499990463257	10.563064	92	0	0.047877	0.017173
123.72199988365173	29.240968	108	0	0.036039	0.017173
125.7409999370575	12.775704	112	0	0.040425	0.017173
127.72300004959106	31.981384	128	0	0.042326	0.017173
129.72399997711182	14.3362	100	0	0.090612	0.017173
131.72399997711182	11.77052	92	0	0.036291	0.017173
133.7460000514984	10.905432	114	0	0.039901	0.017173
135.72399997711182	21.225712	108	0	0.03417	0.017173
137.72300004959106	28.106352	122	0	0.039036	0.017173
139.72399997711182	3.878344	122	0	0.332215	0.017173
141.72399997711182	32.25824	146	0	0.041898	0.017173
143.72099995613098	20.500416	140	0	0.05477	0.017173
145.72300004959106	26.884232	146	0	0.038955	0.017173
147.72499990463257	25.530224	164	0	0.059354	0.017173
149.72300004959106	27.923848	162	0	0.053705	0.017173
151.72399997711182	32.25628	144	0	0.044073	0.017173
153.7300000190735	27.329448	144	0	0.055297	0.017173
155.7300000190735	28.023544	138	0	0.044629	0.017173
157.72700023651123	27.976408	114	0	0.039471	0.017173
159.72499990463257	17.066168	66	0	0.027272	0.016295
161.72399997711182	22.28952	92	0	0.034826	0.016295
163.7460000514984	7.133496	112	0	0.040085	0.016295
165.72399997711182	31.433696	118	0	0.033725	0.016295
167.75500011444092	15.64608	118	0	0.044663	0.016295
169.72600030899048	24.52328	100	0	0.032603	0.016295
171.739000082016	28.389984	132	0	0.047647	0.016295
173.72600030899048	11.753992	116	0	0.06187	0.016295
175.7440001964569	21.297968	96	0	0.042171	0.016295
177.9740002155304	8.312024	106	0	0.037351	0.016295
179.97500014305115	13.433968	60	0	0.056839	0.016295
181.97100019454956	20.080224	70	0	0.027363	0.0155
183.9740002155304	24.0	86	0	0.034816	0.0155
185.9740002155304	23.073064	100	0	0.039479	0.0155
187.97300004959106	23.391608	98	0	0.03298	0.0155
189.97300004959106	12.349624	98	0	0.035954	0.0155
191.97500014305115	11.075704	90	0	0.039335	0.0155
193.82200026512146	8.696816	104	0	0.049227	0.0155
195.9800000190735	20.07612	86	0	0.053764	0.0155
197.97300004959106	10.889192	86	0	0.045893	0.0155
199.98800015449524	14.46804	86	0	0.041232	0.0155
201.9740002155304	23.942024	88	0	0.040315	0.0155
203.9740002155304	23.242152	88	0	0.038108	0.0155
205.97500014305115	19.036752	86	0	0.049474	0.0155
207.97699999809265	17.774768	90	0	0.043333	0.0155
209.97300004959106	28.250544	112	0	0.03897	0.0155
211.97500014305115	14.684624	98	0	0.050786	0.0155
213.98300004005432	21.3122	98	0	0.037313	0.0155
215.98099994659424	31.072376	130	0	0.039615	0.0155
218.08100008964539	31.89476	100	0	0.038403	0.0155
219.97699999809265	21.260048	110	0	0.043355	0.0155
221.9980001449585	6.93428	110	0	0.097925	0.0155
223.97699999809265	32.824088	126	0	0.036741	0.0155
225.9760000705719	18.758024	114	0	0.041648	0.0155
227.9779999256134	27.031976	102	0	0.043752	0.0155
229.9760000705719	21.629624	132	0	0.055593	0.0155
231.9779999256134	24.554632	128	0	0.044417	0.0155
233.9760000705719	26.205536	124	0	0.058974	0.0155
235.97500014305115	21.88632	106	0	0.052921	0.0155
237.9760000705719	19.055512	112	0	0.045363	0.0155
239.9850001335144	19.667216	110	0	0.040292	0.0155
241.9740002155304	19.62624	114	0	0.041304	0.0155
243.98399996757507	14.721608	110	0	0.063069	0.0155
245.9850001335144	18.524528	98	0	0.039438	0.0155
247.9800000190735	11.019232	98	0	0.0493	0.0155
250.5420002937317	5.35288	74	0	0.078511	0.0155
253.6489999294281	8.824024	84	0	0.044492	0.0155
254.34800004959106	21.259984	80	0	0.034054	0.0155
255.9800000190735	23.908296	100	0	0.03818	0.0155
257.9760000705719	15.85716	106	0	0.076237	0.0155
259.97699999809265	12.409496	92	0	0.04236	0.0155
261.97500014305115	20.24792	104	0	0.033493	0.0155
263.97500014305115	19.533664	106	0	0.040794	0.0155
265.9839999675751	12.056328	110	0	0.048544	0.0155
267.97500014305115	19.14328	106	0	0.044737	0.0155
269.97699999809265	27.169176	128	0	0.035304	0.0155
271.9760000705719	34.819072	128	0	0.035483	0.0155
273.97699999809265	8.065496	128	0	0.046093	0.0155
275.98099994659424	26.788304	132	0	0.036136	0.0155
277.9779999256134	5.441096	122	0	0.05769	0.0155
279.9779999256134	18.488048	112	0	0.065635	0.0155
281.98600006103516	10.351712	98	0	0.098687	0.0155
283.97699999809265	14.901568	118	0	0.072356	0.0155
285.9760000705719	17.49212	78	0	0.053596	0.0155
287.98099994659424	20.219272	82	0	0.033671	0.0155
289.9910001754761	24.177792	106	0	0.036812	0.0155
291.9800000190735	22.675056	92	0	0.044834	0.0155
293.9930000305176	3.153456	80	0	0.053037	0.0155
295.9900002479553	13.05992	72	0	0.059387	0.0155
297.97900009155273	20.808056	106	0	0.046169	0.0155
299.9800000190735	20.7464	98	0	0.0757	0.0155
301.9779999256134	8.573104	50	0	0.03452	0.0155
303.97699999809265	15.724752	68	0	0.03337	0.0155
305.9760000705719	18.135888	86	0	0.042926	0.0155
307.9910001754761	20.41404	86	0	0.035903	0.0155
309.9760000705719	27.971256	92	0	0.037355	0.0155
311.97500014305115	12.552712	92	0	0.049826	0.0155
313.98800015449524	14.364272	136	0	0.041187	0.0155
315.97500014305115	22.438456	130	0	0.049511	0.0155
318.0	14.457552	122	0	0.082371	0.0155
319.97500014305115	23.064232	122	0	0.052341	0.0155
321.97699999809265	13.723128	114	0	0.039988	0.0155
323.9800000190735	27.807336	100	0	0.035031	0.0155
325.98099994659424	15.227632	84	0	0.056846	0.0155
328.00999999046326	5.879872	80	0	0.105955	0.0155
329.98200011253357	23.567528	82	0	0.034163	0.0155
331.98600006103516	17.88028	98	0	0.047507	0.0155
333.9800000190735	27.367712	108	0	0.041346	0.0155
335.98600006103516	21.107792	108	0	0.045775	0.0155
337.9839999675751	32.221496	126	0	0.036713	0.0155
339.98200011253357	30.467152	130	0	0.037629	0.0155
341.99699997901917	19.398	130	0	0.0518	0.0155
343.9800000190735	14.136152	102	0	0.047164	0.0155
345.98099994659424	17.0778	82	0	0.036398	0.0155
347.9850001335144	19.493056	88	0	0.032751	0.0155
349.97900009155273	14.40916	88	0	0.067446	0.0155
351.98099994659424	4.707952	90	0	0.210805	0.0155
353.9980001449585	23.191392	90	0	0.03271	0.0155
355.9870002269745	20.198872	90	0	0.031888	0.0155
357.98099994659424	15.82168	90	0	0.034576	0.0155
359.98800015449524	11.959784	54	0	0.065024	0.0155
361.9779999256134	12.894904	66	0	0.028905	0.0155
363.9910001754761	6.051088	72	0	0.033418	0.0155
365.9830000400543	24.512064	106	0	0.032214	0.0155
367.9800000190735	27.56236	102	0	0.038231	0.0155
369.98099994659424	18.527184	102	0	0.038689	0.0155
371.98200011253357	22.330152	120	0	0.050067	0.0155
373.9870002269745	17.402016	128	0	0.051632	0.0155
375.98200011253357	21.743832	128	0	0.105086	0.0155
377.9839999675751	16.74752	106	0	0.052256	0.0155
379.9839999675751	21.321792	144	0	0.036098	0.0155
381.97900009155273	19.262336	134	0	0.064731	0.0155
383.97900009155273	29.591272	134	0	0.054353	0.0155
385.9779999256134	31.850808	122	0	0.040384	0.0155
387.9830000400543	20.692184	120	0	0.060588	0.0155
389.9850001335144	26.603752	116	0	0.045364	0.0155
391.97900009155273	16.571984	100	0	0.040073	0.0155
393.98200011253357	26.818808	110	0	0.033566	0.0155
395.97900009155273	24.179016	104	0	0.036634	0.0155
397.9870002269745	23.395088	104	0	0.036114	0.0155
399.98800015449524	24.336384	108	0	0.034399	0.0155
401.98099994659424	21.57152	108	0	0.038334	0.0155
403.97900009155273	28.498984	112	0	0.036178	0.0155
405.97900009155273	18.568	112	0	0.040763	0.0155
407.9800000190735	19.42896	94	0	0.047439	0.0155
410.0	22.417952	108	0	0.04149	0.0155
411.9900002479553	21.1676	112	0	0.036878	0.0155
414.0110001564026	22.343952	110	0	0.049385	0.0155
415.98099994659424	9.637104	112	0	0.089624	0.0155
417.9850001335144	7.353304	92	0	0.042238	0.0155
419.99500012397766	23.031512	104	0	0.031515	0.0155
422.0160000324249	26.656304	100	0	0.037214	0.0155
423.9870002269745	24.268432	104	0	0.044726	0.0155
425.98800015449524	25.266192	110	0	0.041293	0.0155
428.24500012397766	33.018936	136	0	0.041211	0.0155
430.23600006103516	20.9556	136	0	0.052278	0.0155
432.24500012397766	23.488736	136	0	0.060943	0.0155
434.23600006103516	26.96312	138	0	0.044092	0.0155
436.23200011253357	19.36088	130	0	0.048331	0.0155
438.24700021743774	14.854992	110	0	0.045915	0.0155
440.2620003223419	19.975368	106	0	0.040922	0.0155
442.2310001850128	5.640728	100	0	0.167229	0.0155
444.2350001335144	6.97856	58	0	0.036891	0.0155
446.23000025749207	16.257872	62	0	0.030777	0.0155
448.2809998989105	14.20436	78	0	0.028716	0.0155
450.2310001850128	19.486904	80	0	0.038062	0.0155
452.2430000305176	21.498632	76	0	0.039116	0.0155
454.24700021743774	17.229672	72	0	0.040814	0.0155
456.2310001850128	14.9784	80	0	0.032123	0.0155
458.23000025749207	22.554008	90	0	0.033894	0.0155
460.23200011253357	12.367728	90	0	0.033709	0.0155
462.25100016593933	22.94996	86	0	0.033977	0.0155
464.23200011253357	6.66268	82	0	0.126489	0.0155
466.23600006103516	22.717232	78	0	0.032533	0.0155
468.2310001850128	17.441992	84	0	0.029622	0.0155
470.23800015449524	2.243376	88	0	0.033298	0.0155
472.23200011253357	19.574808	88	0	0.032545	0.0155
