0.0	26.031704	282	0	0.046379	0.024783
0.10399985313415527	7.551576	282	16	0.04796	0.024783
0.18799996376037598	7.551576	288	0	0.041121	0.024783
0.2390000820159912	7.551576	288	0	0.04449	0.024783
0.2980000972747803	11.101456	288	0	0.040925	0.024783
0.38299989700317383	13.585504	288	0	0.058981	0.024783
0.47099995613098145	13.585504	288	0	0.061473	0.024783
0.5849997997283936	36.320928	282	0	0.059391	0.024783
1.549999713897705	54.08972	294	0	0.050431	0.024783
3.559999942779541	54.079272	328	0	0.049966	0.024783
5.548999786376953	61.90344	414	0	0.048062	0.024783
7.548999786376953	61.90344	420	0	0.066435	0.024783
9.55299973487854	61.90344	420	0	0.044306	0.024783
11.55400013923645	61.90344	420	0	0.044084	0.024783
13.548999786376953	61.90344	420	0	0.05222	0.024783
15.549999713897705	61.90344	420	0	0.051203	0.024783
17.549999713897705	54.070016	344	0	0.029356	0.024783
19.567999839782715	61.175992	344	0	0.046468	0.024783
21.55999994277954	45.64536	348	0	0.041421	0.024783
23.550999879837036	66.490792	364	0	0.046611	0.024783
25.549999713897705	39.874064	364	0	0.045295	0.024783
27.548999786376953	63.998424	394	0	0.046839	0.024783
29.548999786376953	63.998424	512	0	0.050201	0.024783
31.550999879837036	57.243288	434	0	0.048883	0.024783
33.549999713897705	69.017216	380	0	0.044013	0.024783
35.55900001525879	66.160968	404	0	0.056988	0.024783
37.56499981880188	66.160968	404	0	0.043276	0.024783
39.550999879837036	67.72272	398	0	0.039112	0.024783
41.55900001525879	41.515784	430	0	0.057565	0.024783
43.550999879837036	34.46344	518	0	0.048145	0.024783
45.56099987030029	65.682648	536	0	0.061748	0.024783
47.550999879837036	83.821872	530	0	0.035644	0.024783
49.55400013923645	85.665	548	0	0.04604	0.024783
51.56699991226196	88.6102	548	0	0.055254	0.024783
53.550999879837036	75.434736	548	0	0.044893	0.024783
55.550999879837036	87.954528	4	0	0.038393	0.024783
57.556999921798706	62.289232	612	0	0.044802	0.024783
59.55900001525879	100.389832	620	0	0.045223	0.024783
61.562000036239624	58.045544	620	0	0.046178	0.024783
63.549999713897705	9.732088	620	0	0.054342	0.024783
65.54899978637695	42.620704	578	0	0.076884	0.024783
67.54899978637695	31.53172	296	0	0.057846	0.024783
69.55999994277954	31.172928	344	0	0.042205	0.024783
71.54899978637695	42.247184	344	0	0.054018	0.024783
73.5499997138977	42.247184	348	0	0.045338	0.024783
75.5499997138977	42.109448	356	0	0.047724	0.024783
77.5499997138977	60.322832	386	0	0.0402	0.024783
79.5499997138977	26.06524	400	0	0.050164	0.024783
81.5499997138977	35.668568	424	0	0.054371	0.024783
83.55299973487854	56.343224	436	0	0.044667	0.024783
85.55999994277954	74.168048	460	0	0.044293	0.024783
87.55099987983704	44.770192	408	0	0.052533	0.025573
89.55099987983704	73.812952	428	0	0.039354	0.025573
91.55099987983704	60.816824	422	0	0.045319	0.025573
93.55199980735779	42.257768	442	0	0.05092	0.025573
95.55400013923645	45.502664	454	0	0.062132	0.025573
97.55900001525879	88.186336	552	0	0.046748	0.025573
99.81599998474121	89.64124	648	0	0.039105	0.025573
101.5499997138977	56.938912	648	0	0.054766	0.025573
103.79900002479553	56.938912	654	0	0.055255	0.025573
105.55099987983704	56.938912	654	0	0.055215	0.025573
107.81699991226196	56.938912	654	0	0.047479	0.025573
109.79900002479553	56.938912	903	0	0.054253	0.025573
111.80899977684021	56.938912	788	0	0.047202	0.025573
113.80799984931946	56.938912	788	0	0.057734	0.025573
115.61800003051758	56.938912	754	0	0.055502	0.025573
117.80799984931946	56.938912	754	0	0.066266	0.025573
119.79999995231628	56.938912	730	0	0.055344	0.025573
121.79900002479553	56.938912	730	0	0.057775	0.025573
123.8109998703003	56.938912	726	0	0.053546	0.025573
125.79999995231628	56.938912	726	0	0.048976	0.025573
127.80599975585938	56.938912	726	0	0.046088	0.025573
129.79999995231628	56.938912	726	0	0.056455	0.025573
131.80799984931946	56.938912	726	0	0.042842	0.025573
133.79999995231628	56.938912	918	0	0.05467	0.025573
135.79999995231628	75.075472	738	0	0.047443	0.025573
137.80200004577637	75.075472	738	0	0.055709	0.025573
139.60899996757507	75.075472	738	0	0.050909	0.025573
141.80099987983704	81.28488	596	0	0.059438	0.025573
143.79999995231628	93.431928	622	0	0.044705	0.025573
145.80999994277954	66.858528	680	0	0.046232	0.025573
147.80799984931946	73.255584	568	0	0.047227	0.025573
149.79999995231628	90.947736	576	0	0.046607	0.025573
151.80999994277954	90.947736	568	0	0.06156	0.025573
153.80999994277954	78.75316	568	0	0.050178	0.025573
155.81399989128113	104.679936	598	0	0.043475	0.025573
157.79900002479553	97.011552	4	0	0.04048	0.025573
159.80999994277954	71.46764	714	0	0.061667	0.025573
161.81900000572205	80.562504	710	0	0.053713	0.025573
163.6119999885559	80.562504	704	0	0.04752	0.025573
165.79999995231628	84.48036	662	0	0.059056	0.025573
167.79999995231628	101.648304	669	0	0.047749	0.025573
169.79999995231628	92.338536	666	0	0.051283	0.025573
171.8109998703003	83.473936	4	0	0.045541	0.025573
173.81299996376038	104.170064	722	0	0.046855	0.025573
175.80099987983704	112.288464	606	0	0.028456	0.025573
177.80099987983704	110.60624	634	0	0.037455	0.025573
179.81199979782104	107.240656	644	0	0.05004	0.025573
181.8069999217987	117.019928	654	0	0.041629	0.025573
183.80799984931946	107.740088	646	0	0.066477	0.025573
185.80599975585938	119.65068	672	0	0.046525	0.025573
187.80099987983704	117.891992	798	0	0.047062	0.025573
189.80200004577637	116.506064	788	0	0.042424	0.025573
191.80099987983704	116.165544	798	0	0.042528	0.025573
193.8219997882843	119.951976	798	0	0.047247	0.025573
195.81500005722046	130.982568	818	0	0.051985	0.025573
197.80799984931946	6.68784	886	0	0.069357	0.025573
199.81199979782104	119.956064	990	0	0.053423	0.025573
201.80200004577637	132.995904	734	0	0.029063	0.025573
203.81199979782104	137.426016	772	0	0.035964	0.025573
205.80200004577637	118.92672	832	0	0.044195	0.025573
207.79999995231628	8.77352	824	0	0.049624	0.025573
209.79999995231628	90.672728	832	0	0.068515	0.025573
211.66099977493286	10.019264	884	0	0.052373	0.025573
213.80200004577637	129.943768	1137	0	0.051971	0.025573
215.80599975585938	161.959288	1135	0	0.054476	0.025573
217.80099987983704	9.884112	1179	0	0.050422	0.025573
219.80299997329712	144.2792	1178	0	0.067677	0.025573
221.80999994277954	9.9892	1180	0	0.053377	0.025573
223.80999994277954	104.366288	954	0	0.068569	0.025573
225.79999995231628	83.403488	954	0	0.062474	0.025573
227.79999995231628	91.879872	954	0	0.04266	0.025573
229.79999995231628	104.513976	726	0	0.063524	0.025573
231.80999994277954	75.424136	726	0	0.059073	0.025573
233.80099987983704	78.759728	738	0	0.049252	0.025573
235.79999995231628	106.191392	738	0	0.048408	0.025573
237.8089997768402	111.054112	718	0	0.047901	0.025573
239.81699991226196	111.054112	720	0	0.059733	0.025573
241.79900002479553	111.054112	720	0	0.046803	0.025573
243.8069999217987	63.660584	728	0	0.060667	0.025573
245.79999995231628	8.61192	728	0	0.056217	0.025573
247.79900002479553	64.33184	4	0	0.059321	0.025573
249.79900002479553	64.33184	740	0	0.052353	0.025573
251.79999995231628	9.96212	456	0	0.051593	0.025573
253.79900002479553	63.173592	412	0	0.035287	0.025573
255.8089997768402	67.163872	412	0	0.043839	0.025573
257.7999999523163	70.354904	430	0	0.039075	0.025573
259.79900002479553	59.527488	436	0	0.043954	0.025573
261.79900002479553	45.488848	444	0	0.042076	0.025573
263.7999999523163	45.746128	438	0	0.054954	0.025573
265.8059997558594	48.033672	458	0	0.044757	0.025573
267.80999994277954	57.530744	500	0	0.056249	0.025573
269.79900002479553	49.568104	538	0	0.04541	0.025573
271.7999999523163	53.977176	4	0	0.054529	0.025573
273.8069999217987	53.977176	598	0	0.044651	0.025573
275.80999994277954	81.411584	588	0	0.061606	0.025573
277.7999999523163	71.415016	588	0	0.056497	0.025573
279.8059997558594	85.81368	512	0	0.046761	0.025573
281.7999999523163	72.110912	506	0	0.057299	0.025573
283.7999999523163	79.5984	506	0	0.049255	0.025573
285.8059997558594	63.26916	512	0	0.06061	0.025573
287.80799984931946	41.345408	546	0	0.05423	0.025573
289.80099987983704	9.942752	764	0	0.048521	0.025573
291.7999999523163	38.946688	764	0	0.05451	0.025573
293.79900002479553	9.829664	764	0	0.048979	0.025573
295.7999999523163	56.260496	764	0	0.06472	0.025573
297.7999999523163	53.413304	478	0	0.068389	0.025573
299.8029999732971	66.973144	466	0	0.043555	0.025573
301.80200004577637	66.973144	460	0	0.042087	0.025573
303.80999994277954	77.3316	428	0	0.066599	0.025573
305.80099987983704	72.885072	442	0	0.040245	0.025573
307.7999999523163	81.643864	454	0	0.046341	0.025573
309.80999994277954	77.153744	454	0	0.049806	0.025573
311.7999999523163	70.452808	454	0	0.057607	0.025573
313.7999999523163	89.93444	628	0	0.063693	0.025573
315.7999999523163	93.87016	658	0	0.049408	0.025573
317.7999999523163	83.922992	656	0	0.047115	0.025579
319.80099987983704	85.655632	650	0	0.036538	0.025579
321.80099987983704	64.773872	674	0	0.052452	0.025579
323.8049998283386	103.489456	674	0	0.037874	0.025579
325.7999999523163	106.276752	700	0	0.052415	0.025579
327.8089997768402	73.251	772	0	0.046559	0.025579
329.7999999523163	73.251	712	0	0.05618	0.025579
331.7999999523163	73.251	700	0	0.046008	0.025579
333.7999999523163	73.251	700	0	0.052049	0.025579
335.79900002479553	73.251	700	0	0.053204	0.025579
337.7999999523163	73.251	700	0	0.048469	0.025579
339.80999994277954	73.251	700	0	0.054488	0.025579
341.79900002479553	81.98648	726	0	0.043383	0.025579
343.7999999523163	81.98648	720	0	0.045235	0.025579
345.7999999523163	81.98648	718	0	0.048744	0.025579
347.80999994277954	83.012512	620	0	0.038097	0.025579
349.7999999523163	43.210952	621	0	0.062078	0.025579
351.7999999523163	66.128048	620	0	0.046309	0.025579
353.80099987983704	66.128048	620	0	0.048146	0.025579
356.05999994277954	66.128048	626	0	0.046081	0.025579
357.79900002479553	66.128048	681	0	0.045502	0.025942
360.05999994277954	66.128048	644	0	0.042783	0.025942
362.05099987983704	72.07856	646	0	0.045773	0.025942
364.05999994277954	74.995144	640	0	0.059176	0.025942
366.0639998912811	71.1158	640	0	0.056318	0.025942
368.0590000152588	71.1158	646	0	0.059913	0.025942
370.0499999523163	71.1158	658	0	0.037983	0.025942
372.0590000152588	68.677952	666	0	0.045294	0.025942
374.05999994277954	68.677952	666	0	0.053362	0.025942
376.05999994277954	68.677952	666	0	0.053468	0.025942
378.0499999523163	68.677952	666	0	0.050387	0.025942
380.05999994277954	94.837344	682	0	0.04463	0.025942
382.0609998703003	79.978264	692	0	0.054344	0.025942
384.05099987983704	108.179712	694	0	0.041602	0.025942
386.0609998703003	91.0316	688	0	0.048791	0.025942
388.05999994277954	52.580592	689	0	0.054981	0.025942
390.0629999637604	52.580592	694	0	0.055974	0.025942
392.0609998703003	52.580592	694	0	0.047435	0.025942
394.05999994277954	52.580592	816	0	0.055896	0.025942
396.05999994277954	12.226264	532	0	0.038178	0.025942
398.05999994277954	49.403032	532	0	0.059728	0.025942
400.0590000152588	49.403032	532	0	0.045645	0.025942
402.0569999217987	51.564944	542	0	0.042587	0.025942
404.06699991226196	95.307112	568	0	0.054662	0.025942
406.0659999847412	95.2628	4	0	0.059741	0.025942
408.0609998703003	112.28336	676	0	0.060329	0.025942
410.0499999523163	72.812496	744	0	0.046466	0.025942
412.04899978637695	72.812496	754	0	0.066855	0.025942
414.0499999523163	9.083584	740	0	0.062186	0.025942
416.05099987983704	61.39604	740	0	0.06765	0.025942
418.0499999523163	95.311032	644	0	0.052813	0.025942
420.05099987983704	84.4964	608	0	0.043919	0.025942
422.05999994277954	79.565456	614	0	0.054469	0.025942
424.05099987983704	102.012672	608	0	0.047011	0.025942
426.05299973487854	102.494184	608	0	0.049902	0.025942
428.06899976730347	97.891448	612	0	0.047761	0.025942
430.0649998188019	96.661816	590	0	0.06524	0.025666
432.0499999523163	85.078912	610	0	0.041655	0.025666
434.0499999523163	9.8398	630	0	0.053226	0.025666
436.0499999523163	81.493536	622	0	0.069589	0.025666
438.0499999523163	9.9324	652	0	0.052254	0.025666
440.05099987983704	86.250432	652	0	0.058325	0.025666
442.0550000667572	123.882488	880	0	0.054788	0.025666
444.05099987983704	122.547632	852	0	0.048311	0.025666
446.0569999217987	108.437872	860	0	0.0523	0.025666
448.0499999523163	7.727208	860	0	0.062293	0.025666
450.0499999523163	57.804664	698	0	0.060116	0.025666
452.0499999523163	57.804664	698	0	0.046924	0.025666
454.05999994277954	70.185104	698	0	0.063572	0.025666
456.05599999427795	70.185104	726	0	0.075094	0.025666
458.0590000152588	99.22228	730	0	0.04582	0.025666
460.04899978637695	99.22228	730	0	0.063599	0.025666
