0.0	6.896432	83	58	0.104866	0.080627
0.29400014877319336	0.105608	428	0	0.100305	0.080627
0.4530003070831299	6.319072	428	0	0.11135	0.080627
0.5960001945495605	6.319072	390	0	0.102942	0.080627
1.065000295639038	12.31488	374	0	0.110439	0.080627
1.3300001621246338	13.262008	374	6	0.147747	0.080627
1.4479999542236328	14.134304	374	0	0.129957	0.080627
1.8550000190734863	14.979152	374	1	0.109177	0.080627
2.4770002365112305	15.423472	374	0	0.116709	0.080627
3.6010003089904785	14.797904	386	0	0.107748	0.080627
5.612000226974487	14.797904	386	0	0.113846	0.080627
7.606000185012817	9.896184	405	0	0.181759	0.080627
9.60200023651123	21.271336	436	0	0.104953	0.080627
11.646000146865845	20.890096	526	0	0.137932	0.080627
13.604000329971313	20.890096	526	0	0.128181	0.080627
15.603000164031982	1.217208	524	0	0.097746	0.080627
17.60800004005432	20.447512	508	0	0.131072	0.080627
19.59700036048889	4.427912	540	0	0.149958	0.080627
21.599000215530396	5.557776	541	0	0.121023	0.080627
23.610000133514404	12.241464	542	0	0.136571	0.080627
25.61400008201599	1.33416	452	0	0.118162	0.080627
27.60200023651123	2.798824	410	0	0.103165	0.080627
29.633000135421753	4.376816	410	0	0.117178	0.080627
31.633000135421753	11.848192	411	0	0.154013	0.080627
33.63199996948242	8.067264	436	0	0.107627	0.080627
35.60100030899048	1.719416	436	0	0.125503	0.080627
37.605000257492065	22.720336	418	0	0.126346	0.080627
39.61500000953674	4.77628	418	0	0.11291	0.080627
41.60800004005432	15.593128	420	0	0.150183	0.080627
43.635000228881836	19.700496	408	0	0.134586	0.080627
45.61200022697449	5.710328	444	0	0.117528	0.080627
47.628000259399414	0.411656	445	0	0.132264	0.080627
49.60900020599365	9.367864	486	0	0.090661	0.080627
51.60900020599365	4.006864	487	0	0.109219	0.080627
53.61500000953674	4.599608	506	0	0.131176	0.080627
55.61400008201599	14.10284	440	0	0.10964	0.080627
57.616000175476074	6.883344	432	0	0.108337	0.080627
59.60600018501282	12.361312	456	0	0.146942	0.080627
61.60900020599365	7.490704	456	0	0.116129	0.080627
63.60300016403198	0.116224	432	0	0.088679	0.080627
65.60600018501282	12.935992	402	0	0.102635	0.080627
67.60700011253357	5.402264	402	0	0.104174	0.080627
69.6100001335144	22.824048	457	0	0.114314	0.080627
71.60200023651123	1.008872	480	0	0.092357	0.080627
73.60700011253357	1.493904	334	0	0.17808	0.080627
75.60400032997131	15.252392	340	0	0.106092	0.080627
77.63900017738342	12.877888	342	0	0.14083	0.080627
79.61800026893616	18.090856	412	0	0.103473	0.080627
81.60200023651123	17.280808	422	0	0.103224	0.080627
83.60700011253357	16.26684	426	0	0.124935	0.080627
85.60100030899048	7.321624	369	0	0.126985	0.080627
87.60700011253357	13.949056	398	0	0.110438	0.080627
89.60500025749207	15.792368	406	0	0.100912	0.080627
91.63300013542175	12.321112	406	0	0.102554	0.080627
93.6100001335144	19.27488	394	0	0.109223	0.080627
95.60600018501282	6.30216	394	0	0.139434	0.080627
97.61800026893616	17.147992	394	0	0.111256	0.080627
99.6230001449585	9.620248	394	0	0.098824	0.080627
101.60300016403198	17.214464	412	0	0.104464	0.080627
103.61100006103516	6.270504	415	0	0.125987	0.080627
105.60000014305115	3.169848	442	0	0.091248	0.080627
107.61400008201599	19.422224	470	0	0.120972	0.080627
109.6100001335144	25.295864	494	0	0.105522	0.080627
111.60200023651123	3.940632	494	0	0.101945	0.080627
113.61200022697449	15.632928	484	0	0.117165	0.080627
115.60900020599365	15.357096	500	0	0.127264	0.080627
117.60400032997131	0.5182	492	0	0.119785	0.080627
119.62000036239624	4.646464	476	0	0.136168	0.080627
121.60200023651123	22.466984	500	0	0.114513	0.080627
123.60800004005432	29.225816	550	0	0.114607	0.080627
125.61100006103516	26.300984	560	0	0.144399	0.080627
127.63100004196167	18.001464	561	0	0.098222	0.080627
129.6100001335144	18.001464	754	2	0.149332	0.080627
131.6120002269745	3.047264	578	0	0.099595	0.080627
133.61500000953674	16.631376	578	0	0.101017	0.080627
135.6100001335144	2.597752	442	0	0.143314	0.080627
137.60100030899048	12.412784	442	0	0.101651	0.080627
139.60900020599365	12.714864	402	0	0.099649	0.080627
141.60600018501282	3.288184	400	0	0.101798	0.080627
143.6040003299713	17.18284	401	0	0.112377	0.080627
145.62000036239624	15.72416	406	0	0.118425	0.080627
147.6040003299713	20.347336	424	0	0.105008	0.080627
149.61100006103516	21.239216	426	0	0.109944	0.080627
151.61600017547607	17.587224	392	0	0.129154	0.080627
153.85300016403198	17.581296	392	0	0.100519	0.080627
155.86000037193298	2.111288	414	0	0.133694	0.080627
157.6100001335144	16.08224	434	0	0.118507	0.080627
159.8510000705719	17.38464	438	0	0.102606	0.080627
161.87500023841858	14.821448	437	0	0.160723	0.080627
163.61300015449524	16.07912	438	0	0.10515	0.080627
165.8580002784729	18.31864	438	0	0.10771	0.080627
167.78300023078918	11.954096	354	0	0.11857	0.080627
169.6170003414154	2.465512	353	0	0.132516	0.080627
171.85000014305115	18.076232	458	0	0.11271	0.080627
173.8730001449585	4.46656	458	0	0.128081	0.080627
175.85300016403198	17.19828	466	0	0.131855	0.080627
177.85400009155273	4.545632	388	0	0.101227	0.080627
179.86600017547607	7.906664	385	0	0.118986	0.080627
181.86600017547607	21.158656	482	0	0.108808	0.080627
183.8510000705719	0.113056	482	0	0.0945	0.080627
185.8510000705719	11.181728	482	0	0.212562	0.080627
187.8510000705719	4.439488	422	0	0.125979	0.080627
189.85300016403198	17.362672	452	0	0.151899	0.080627
191.72700023651123	19.323064	454	0	0.094041	0.080627
193.86100029945374	8.918448	450	0	0.108203	0.080627
195.8580002784729	14.372864	450	0	0.153719	0.080627
197.8550000190735	20.424048	422	0	0.101986	0.080627
199.85700035095215	17.512048	430	0	0.158702	0.080627
201.85300016403198	4.878928	426	0	0.108214	0.080627
203.8510000705719	19.064712	438	0	0.161628	0.080627
205.8510000705719	19.626664	448	0	0.13903	0.080627
207.85200023651123	18.118296	448	0	0.15257	0.080627
209.85300016403198	17.940208	426	0	0.18164	0.080627
211.87199997901917	4.636056	434	0	0.106188	0.080627
213.8580002784729	8.006656	378	0	0.131846	0.080627
215.75999999046326	12.294416	302	0	0.116122	0.080627
217.8580002784729	12.27884	302	0	0.15039	0.080627
219.85300016403198	13.544672	358	0	0.139617	0.080627
221.85300016403198	13.714248	402	0	0.092754	0.080627
223.85599994659424	12.497432	403	0	0.09242	0.080627
225.8690001964569	5.139552	342	0	0.099417	0.080627
227.86000037193298	3.648032	338	0	0.115185	0.080627
229.864000082016	14.773416	336	0	0.108449	0.080627
231.8550000190735	11.1292	354	0	0.123887	0.080627
233.85400009155273	17.33564	356	0	0.117744	0.080627
235.86500024795532	14.473032	372	0	0.142034	0.080627
237.92500019073486	8.245368	372	0	0.167064	0.080627
239.75400018692017	17.526152	354	0	0.096707	0.080627
241.86100029945374	17.944264	354	0	0.117466	0.080627
243.85400009155273	12.435264	422	0	0.098286	0.080627
245.86500024795532	4.832744	422	0	0.100866	0.080627
247.85300016403198	0.339352	422	0	0.103633	0.080627
249.85400009155273	17.234488	416	0	0.101764	0.080627
251.864000082016	17.284704	354	0	0.094834	0.080627
253.85400009155273	17.284704	390	0	0.101042	0.080627
255.85900020599365	9.778856	372	0	0.111426	0.080627
257.87400007247925	10.096104	372	0	0.121857	0.080627
259.85400009155273	4.881696	380	0	0.098089	0.080627
261.85400009155273	6.833016	372	0	0.107724	0.080627
263.7590000629425	18.220856	458	0	0.114057	0.080627
265.8550000190735	8.875328	503	0	0.091867	0.080627
267.853000164032	18.359304	504	0	0.124454	0.080627
269.85599994659424	0.721352	480	0	0.093455	0.080627
271.860000371933	5.582688	496	0	0.124923	0.080627
273.860000371933	5.461968	548	0	0.107531	0.080627
