0.0	108.920496	158	0	0.016791	0.005938
0.0840001106262207	59.178792	146	0	0.020911	0.005938
0.14400005340576172	41.568792	152	0	0.014107	0.005938
0.2710001468658447	68.732576	155	0	0.015777	0.005938
0.48000001907348633	92.946416	140	0	0.013555	0.005938
0.7200000286102295	48.564352	146	0	0.015998	0.005938
0.9440000057220459	84.886904	152	0	0.012685	0.005938
1.1119999885559082	81.838224	142	0	0.013336	0.005938
1.376000165939331	78.196472	134	0	0.014529	0.005938
4.422000169754028	52.599144	146	0	0.013027	0.005938
4.503000259399414	54.294008	146	0	0.018308	0.005938
4.564000129699707	84.015136	154	0	0.015648	0.005938
4.718000173568726	110.058888	198	0	0.015606	0.005938
4.832000017166138	125.28668	227	0	0.013423	0.005938
4.920000076293945	73.717344	228	0	0.017091	0.005938
5.108000040054321	112.14124	230	0	0.016558	0.005938
5.273000001907349	78.422752	242	0	0.015789	0.005938
6.487000226974487	107.318968	182	0	0.013229	0.005938
6.5320000648498535	124.40744	186	0	0.008231	0.005938
6.5929999351501465	64.697696	186	0	0.01457	0.005938
6.713000059127808	94.20864	204	0	0.014788	0.005938
6.7890002727508545	55.949544	192	0	0.013245	0.005938
6.968000173568726	74.701728	168	0	0.013905	0.005938
7.172000169754028	86.618072	174	0	0.016808	0.005938
7.396000146865845	74.793744	140	0	0.016027	0.005938
7.656000137329102	62.871656	148	0	0.014687	0.005938
9.66100025177002	44.53	140	0	0.013899	0.005938
12.543000221252441	47.760992	158	0	0.020707	0.005938
14.543000221252441	75.354832	166	0	0.019143	0.005938
16.55400013923645	108.943768	164	0	0.013185	0.005938
18.546000242233276	96.597352	166	0	0.014728	0.005938
20.54700016975403	98.5974	158	0	0.013543	0.005938
22.54700016975403	2.286832	466	0	0.015278	0.005938
24.55400013923645	206.131504	578	0	0.016325	0.005938
26.546000242233276	289.592376	588	0	0.016822	0.005938
28.545000076293945	241.036216	728	0	0.018343	0.005938
30.54700016975403	297.094576	750	0	0.019132	0.005938
32.54700016975403	390.745016	804	0	0.014351	0.005938
34.54900026321411	312.40724	920	0	0.019571	0.005938
36.54700016975403	3.216744	932	0	0.017005	0.005938
38.546000242233276	429.03884	966	0	0.017	0.005938
40.54700016975403	435.065832	4	0	0.019843	0.005938
42.54800009727478	491.540176	1420	0	0.023815	0.005938
44.54700016975403	496.093992	1470	0	0.023845	0.005938
46.54800009727478	35.540096	942	0	0.019455	0.005938
48.55000019073486	404.620056	942	0	0.018831	0.005938
50.54700016975403	462.66884	942	0	0.01745	0.005938
52.54400014877319	450.951952	922	0	0.015903	0.005938
54.54300022125244	481.899128	922	0	0.020317	0.005938
56.54700016975403	532.449952	922	0	0.019329	0.005938
58.54800009727478	406.794224	1528	0	0.019057	0.005938
60.551000118255615	4.420608	1592	0	0.018762	0.005938
62.54900026321411	615.925032	1792	0	0.017991	0.005938
64.55700039863586	533.97552	1792	0	0.025949	0.005938
66.54700016975403	511.363632	1831	0	0.025938	0.005938
68.54600024223328	511.363632	1030	0	0.016442	0.005938
70.54700016975403	1.477728	940	0	0.019476	0.005938
72.54800009727478	330.926624	940	0	0.02601	0.005938
74.54900026321411	440.175744	940	0	0.020957	0.005938
76.54800009727478	466.82856	812	0	0.012924	0.005938
78.54900026321411	331.593424	812	0	0.016066	0.005938
80.54900026321411	384.312576	1350	0	0.02333	0.005938
82.54800009727478	463.272664	1442	0	0.020307	0.005938
84.54800009727478	3.113416	1104	0	0.021831	0.005938
86.54800009727478	461.758928	1104	0	0.019115	0.005938
88.54900026321411	504.288824	1138	0	0.018682	0.005938
90.54600024223328	526.678096	1138	0	0.015038	0.005938
92.54600024223328	461.334024	1138	0	0.021802	0.005938
94.54500007629395	20.4776	1193	0	0.022827	0.005938
96.54600024223328	61.539856	1376	0	0.016504	0.005938
98.54500007629395	523.032344	1376	0	0.025909	0.005938
100.55599999427795	448.128144	1267	0	0.0184	0.005938
102.54600024223328	105.9232	1349	0	0.017218	0.005938
104.55400013923645	627.035872	1420	0	0.01741	0.005938
106.5440001487732	28.56344	1276	0	0.018891	0.005938
108.54500007629395	3.554904	1276	0	0.018281	0.005938
110.54600024223328	463.58888	1210	0	0.019581	0.005938
112.54600024223328	485.0946	1130	0	0.019532	0.005938
114.54500007629395	443.933392	1130	0	0.017691	0.005938
116.54600024223328	357.510024	1111	0	0.02048	0.005938
118.54500007629395	0.706208	1386	0	0.020529	0.005938
120.54500007629395	412.827584	1282	0	0.02062	0.005938
122.54900026321411	384.62636	1282	0	0.022375	0.005938
124.54600024223328	406.701592	1160	0	0.021324	0.005938
126.5440001487732	378.799584	1160	0	0.019031	0.005938
128.55000019073486	410.599248	1164	0	0.016462	0.005938
130.55100011825562	505.637608	1230	0	0.015311	0.005938
132.55200004577637	3.476184	1356	0	0.017552	0.005938
134.54600024223328	519.65176	1356	0	0.020032	0.005938
136.55000019073486	437.750328	1356	0	0.018667	0.005938
138.55200004577637	426.423552	1066	0	0.01456	0.005938
140.54600024223328	518.05676	1060	0	0.021357	0.005938
142.55200004577637	11.65048	1060	0	0.017855	0.005938
144.5620002746582	394.394992	1060	0	0.021194	0.005938
146.5490002632141	322.859464	910	0	0.016481	0.005938
148.55100011825562	351.99296	910	0	0.018853	0.005938
150.5420002937317	227.950984	904	0	0.020672	0.005938
152.55599999427795	278.3372	904	0	0.017308	0.005938
154.55200004577637	436.540224	840	0	0.011752	0.005938
156.55000019073486	5.935384	686	0	0.016286	0.005938
158.54700016975403	326.64952	690	0	0.015918	0.005938
160.55100011825562	254.48824	686	0	0.018972	0.005938
162.5420002937317	255.921528	706	0	0.019718	0.005938
164.55000019073486	245.205752	584	0	0.016534	0.005938
166.55100011825562	54.088376	564	0	0.012359	0.005938
168.55299997329712	212.372656	538	0	0.019256	0.005938
170.56100010871887	147.665904	546	0	0.016196	0.005938
172.56100010871887	250.432064	516	0	0.015275	0.005938
174.5490002632141	306.990712	504	0	0.014189	0.005938
176.54600024223328	264.509104	504	0	0.015277	0.005938
178.5400002002716	214.926872	950	0	0.019755	0.005938
180.54500007629395	66.706552	548	0	0.011315	0.005938
182.55599999427795	227.78628	572	0	0.015158	0.005938
184.55900025367737	352.670312	573	0	0.01552	0.005938
186.54700016975403	281.252144	618	0	0.014882	0.005938
188.55100011825562	216.347008	618	0	0.018352	0.005938
190.5400002002716	33.79792	534	0	0.013277	0.005938
192.53900003433228	280.86684	510	0	0.015087	0.005938
194.5420002937317	209.658064	510	0	0.02003	0.005938
196.54500007629395	229.817056	534	0	0.017966	0.005938
198.54600024223328	352.535624	476	0	0.015882	0.005938
200.55400013923645	229.933488	668	0	0.016804	0.005938
202.54300022125244	367.126792	806	0	0.022386	0.005938
204.54700016975403	29.624976	650	0	0.011927	0.005938
206.55800032615662	287.023816	650	0	0.020401	0.005938
208.54800009727478	225.690912	664	0	0.02282	0.005938
210.54600024223328	228.9896	646	0	0.019553	0.005938
212.5440001487732	296.504488	664	0	0.017084	0.005938
214.55100011825562	3.377672	701	0	0.01616	0.005938
216.54800009727478	90.297144	756	0	0.021786	0.005938
218.55100011825562	380.697768	876	0	0.016207	0.005938
220.5490002632141	334.217928	882	0	0.013083	0.005938
222.54800009727478	39.020832	876	0	0.016516	0.005938
224.5490002632141	370.429008	910	0	0.02162	0.005938
226.5550000667572	284.466456	1310	0	0.028045	0.005938
228.54500007629395	25.146488	730	0	0.013708	0.005938
230.55200004577637	359.065752	730	0	0.017871	0.005938
232.5440001487732	304.54168	730	0	0.015618	0.005938
234.55400013923645	360.165304	730	0	0.018999	0.005938
236.54600024223328	256.007952	688	0	0.026097	0.005938
238.55400013923645	37.580432	759	0	0.012627	0.005938
240.55000019073486	420.184184	770	0	0.020825	0.005938
242.5490002632141	434.779984	806	0	0.017641	0.005938
244.55200004577637	481.807672	806	0	0.01655	0.005938
246.5550000667572	447.854864	806	0	0.01579	0.005938
248.55000019073486	32.338848	788	0	0.019967	0.005938
250.54800009727478	543.509112	1032	0	0.020515	0.005938
252.54800009727478	37.816424	1066	0	0.016467	0.005938
254.54700016975403	306.192112	1066	0	0.019986	0.005938
256.5460002422333	167.365656	1066	0	0.015323	0.005938
258.547000169754	463.76176	1066	0	0.016113	0.005938
260.5460002422333	486.924568	1110	0	0.02026	0.005938
262.54500007629395	16.79916	858	0	0.020631	0.005938
264.5480000972748	386.595536	858	0	0.014951	0.005938
266.55000019073486	382.21844	858	0	0.014762	0.005938
268.5400002002716	441.519656	858	0	0.015632	0.005938
270.547000169754	382.759304	804	0	0.018598	0.005938
272.5460002422333	422.582072	804	0	0.016283	0.005938
274.5400002002716	413.592704	1454	0	0.020948	0.005938
276.5460002422333	11.604568	744	0	0.014133	0.005938
278.547000169754	3.910648	734	0	0.020988	0.005938
280.5510001182556	377.931592	742	0	0.015547	0.005938
282.5510001182556	329.448776	742	0	0.014025	0.005938
284.547000169754	209.167792	698	0	0.019767	0.005938
286.55200004577637	27.289712	680	0	0.015671	0.005938
288.547000169754	333.300912	502	0	0.018364	0.005938
290.55599999427795	259.813304	502	0	0.015018	0.005938
292.5550000667572	357.15644	526	0	0.013971	0.005938
294.54500007629395	240.560272	550	0	0.019065	0.005938
296.547000169754	317.075488	526	0	0.015797	0.005938
298.547000169754	289.634408	1070	0	0.023851	0.005938
300.55200004577637	9.689496	594	0	0.016685	0.006342
302.5490002632141	311.054096	594	0	0.016536	0.006342
304.5510001182556	279.8478	506	0	0.016586	0.006342
306.5460002422333	278.51652	486	0	0.017845	0.006342
308.5510001182556	195.296368	486	0	0.019976	0.006342
310.5490002632141	32.908536	480	0	0.01053	0.006342
312.5490002632141	185.800128	480	0	0.017964	0.006342
314.54500007629395	310.212096	478	0	0.014853	0.006342
316.5420002937317	188.02696	515	0	0.013652	0.006342
318.5480000972748	326.239984	554	0	0.014182	0.006342
320.5550000667572	343.449552	530	0	0.017801	0.006342
322.55000019073486	308.822992	1088	0	0.01922	0.006342
324.5529999732971	6.525864	688	0	0.014426	0.006342
326.547000169754	345.3286	710	0	0.01733	0.006342
328.5529999732971	351.600584	688	0	0.015264	0.006342
330.55200004577637	319.761384	678	0	0.014061	0.006342
332.547000169754	419.902952	698	0	0.017135	0.006342
334.55200004577637	1.900624	805	0	0.015221	0.006342
336.5510001182556	351.818824	868	0	0.017979	0.006342
338.55000019073486	362.376488	872	0	0.018524	0.006342
340.54300022125244	335.50404	916	0	0.021157	0.006342
342.55400013923645	425.798456	839	0	0.014918	0.006342
344.5510001182556	312.66264	842	0	0.02751	0.006342
346.5490002632141	394.922216	842	0	0.01555	0.006342
348.56300020217896	30.205624	736	0	0.012474	0.006342
350.5490002632141	301.934544	736	0	0.021207	0.006342
352.5480000972748	349.180848	736	0	0.016394	0.006342
354.55200004577637	359.326216	736	0	0.014503	0.006342
356.5510001182556	333.487808	648	0	0.016726	0.006342
358.5480000972748	1.226952	717	0	0.018327	0.006342
360.5490002632141	326.848248	1062	0	0.019416	0.006342
362.5480000972748	0.668496	1002	0	0.018605	0.006342
364.547000169754	367.595368	830	0	0.015796	0.006342
366.5440001487732	400.296272	864	0	0.017449	0.006342
368.55599999427795	236.231928	614	0	0.014966	0.006342
370.5510001182556	266.772584	614	0	0.019269	0.006342
372.5529999732971	13.70972	614	0	0.014982	0.006342
374.5550000667572	207.358568	532	0	0.023561	0.006342
376.547000169754	250.391536	556	0	0.021191	0.006342
378.5490002632141	179.07228	532	0	0.021336	0.006342
380.54100036621094	269.189568	556	0	0.017849	0.006342
382.5480000972748	1.904968	506	0	0.016772	0.006342
384.5510001182556	259.945528	4	0	0.019579	0.006342
386.5480000972748	314.910032	610	0	0.018019	0.006342
388.55599999427795	273.196448	610	0	0.012985	0.006342
390.55599999427795	253.856032	610	0	0.019633	0.006342
392.5420002937317	244.405856	562	0	0.018477	0.006342
394.5510001182556	338.296496	578	0	0.012885	0.006342
396.5490002632141	2.359912	794	0	0.016201	0.006342
398.5550000667572	76.146112	804	0	0.017997	0.006342
400.55000019073486	166.336792	822	0	0.021796	0.006342
402.5480000972748	457.11756	846	0	0.014754	0.006342
404.5510001182556	404.86592	872	0	0.0205	0.006342
406.55200004577637	38.318448	736	0	0.015541	0.006342
408.5490002632141	438.065968	734	0	0.015801	0.006342
410.55900025367737	454.782144	766	0	0.015058	0.006342
412.5580003261566	465.09716	766	0	0.017071	0.006342
414.55000019073486	87.325792	766	0	0.017739	0.006342
416.5529999732971	348.301024	766	0	0.025642	0.006342
418.5580003261566	364.425144	1302	0	0.022216	0.006342
420.547000169754	33.453672	806	0	0.018021	0.006342
422.5529999732971	512.980384	806	0	0.01625	0.006342
424.5510001182556	54.66048	738	0	0.020167	0.006342
426.5660002231598	407.416384	780	0	0.014317	0.006342
428.5529999732971	409.104256	780	0	0.016388	0.006342
430.5510001182556	32.550296	836	0	0.020403	0.006342
432.55700039863586	226.164584	954	0	0.025996	0.006342
434.55200004577637	13.486288	866	0	0.024781	0.006342
436.55000019073486	446.835312	912	0	0.015478	0.006342
438.5529999732971	432.765464	962	0	0.016633	0.006342
440.5510001182556	488.840264	998	0	0.018849	0.006342
442.54500007629395	533.380728	1688	0	0.020566	0.006342
444.5550000667572	0.879648	912	0	0.035331	0.006342
446.5610001087189	354.256456	912	0	0.022897	0.006342
448.55700039863586	372.992224	834	0	0.014807	0.006342
450.55900025367737	220.081408	834	0	0.023798	0.006342
452.5580003261566	5.507408	818	0	0.017209	0.006342
454.55000019073486	0.942576	4	0	0.018535	0.006342
456.55700039863586	401.972416	1260	0	0.02292	0.006342
458.5490002632141	475.837816	1346	0	0.015293	0.006342
460.56300020217896	528.01476	1394	0	0.020146	0.006342
462.5440001487732	76.013824	1426	0	0.020458	0.006342
464.5580003261566	109.709048	994	0	0.019754	0.006342
466.5510001182556	2.21856	908	0	0.027095	0.006342
468.547000169754	5.548688	908	0	0.018153	0.006342
470.55400013923645	365.611448	850	0	0.017131	0.006342
472.547000169754	508.762936	856	0	0.016146	0.006342
474.547000169754	25.728	854	0	0.016179	0.006342
476.5529999732971	493.184336	1414	0	0.015747	0.006342
478.55000019073486	24.062624	750	0	0.015229	0.006342
480.5529999732971	282.995592	750	0	0.022545	0.006342
482.5420002937317	320.338616	750	0	0.019083	0.006342
484.55200004577637	372.608544	750	0	0.017891	0.006342
486.5580003261566	372.608544	750	0	0.018098	0.006342
488.54500007629395	353.829504	720	0	0.01885	0.006342
490.5490002632141	375.925112	1180	0	0.017494	0.00645
492.55000019073486	51.687128	574	0	0.012948	0.00645
494.5440001487732	289.075712	574	0	0.018645	0.00645
496.5550000667572	207.554	550	0	0.014561	0.00645
498.55000019073486	267.34808	574	0	0.017704	0.00645
500.55200004577637	340.549392	520	0	0.016388	0.00645
502.5510001182556	19.28188	540	0	0.013588	0.00645
504.5480000972748	147.32668	516	0	0.026597	0.00645
506.55599999427795	191.087984	514	0	0.016936	0.00645
508.5490002632141	317.995416	540	0	0.016583	0.00645
510.547000169754	251.231912	516	0	0.015252	0.00645
512.5500001907349	230.63724	560	0	0.018974	0.00645
514.5500001907349	250.928248	1054	0	0.018546	0.00645
516.5529999732971	25.571968	563	0	0.01549	0.00645
518.5480000972748	301.185456	562	0	0.0137	0.00645
520.5510001182556	209.378504	586	0	0.023505	0.00645
522.5520000457764	104.24888	530	0	0.0287	0.00645
524.545000076294	287.767248	554	0	0.016263	0.00645
526.5490002632141	23.119848	494	0	0.013701	0.00645
528.5540001392365	206.339288	474	0	0.013045	0.00645
530.5510001182556	159.01648	474	0	0.019559	0.006604
532.547000169754	189.698368	4	0	0.019476	0.006604
534.5580003261566	189.698368	596	0	0.017945	0.006604
536.5440001487732	243.220728	400	0	0.016993	0.006604
538.5590002536774	107.2898	382	0	0.028519	0.006604
540.5540001392365	27.393104	400	0	0.018317	0.006604
542.5480000972748	144.569624	382	0	0.019473	0.006604
544.5440001487732	98.307344	274	0	0.022008	0.006604
546.5550000667572	112.297208	274	0	0.021218	0.006604
548.563000202179	130.052392	254	0	0.016096	0.006604
550.5400002002716	56.75028	232	0	0.009296	0.00646
552.5670001506805	117.711312	244	0	0.014654	0.00646
554.5540001392365	145.519656	232	0	0.017901	0.00646
556.5500001907349	80.040984	228	0	0.017486	0.00646
558.5550000667572	61.496528	228	0	0.015884	0.00646
560.5570003986359	168.60204	230	0	0.015442	0.00646
562.5520000457764	143.332248	340	0	0.016501	0.00646
564.5520000457764	40.380288	308	0	0.00976	0.006182
566.5440001487732	152.425632	296	0	0.014793	0.006182
568.547000169754	182.732864	296	0	0.01637	0.006182
570.5540001392365	155.85928	282	0	0.012871	0.006182
572.5480000972748	31.685512	287	0	0.020912	0.006182
574.5480000972748	56.507648	4	0	0.013606	0.006182
576.5550000667572	93.30428	370	0	0.019826	0.006182
578.5490002632141	166.049168	360	0	0.013649	0.006182
580.5480000972748	145.262032	364	0	0.016116	0.006182
582.5550000667572	194.129072	382	0	0.017116	0.006182
584.5430002212524	170.258352	380	0	0.014212	0.006182
586.5500001907349	193.768976	566	0	0.018876	0.006182
588.5490002632141	23.176128	344	0	0.011354	0.006182
590.5500001907349	148.625456	330	0	0.018422	0.006182
592.5570003986359	148.278872	344	0	0.015208	0.006182
594.5500001907349	150.97292	330	0	0.015134	0.006182
596.5500001907349	223.727808	372	0	0.014206	0.006182
598.555999994278	43.225296	4	0	0.01474	0.006182
600.547000169754	192.704992	400	0	0.018997	0.006182
602.5580003261566	164.303056	382	0	0.020283	0.006182
604.5540001392365	162.116568	400	0	0.020486	0.006182
606.5500001907349	248.948128	378	0	0.0145	0.006182
608.555999994278	236.014184	414	0	0.012739	0.006182
610.5600001811981	293.188176	772	0	0.014066	0.006182
612.5430002212524	6.01176	546	0	0.016718	0.006182
614.5550000667572	249.748696	564	0	0.01641	0.006182
616.555999994278	202.025944	598	0	0.021226	0.006182
618.5529999732971	355.693048	666	0	0.015641	0.006182
620.5529999732971	42.144328	694	0	0.015216	0.006182
622.555999994278	5.26212	4	0	0.018261	0.006182
624.5510001182556	232.730552	1050	0	0.016246	0.006182
626.5510001182556	315.492448	1140	0	0.01804	0.006182
628.5540001392365	286.011184	1140	0	0.016693	0.006182
630.5520000457764	253.108008	883	0	0.03614	0.006182
632.5500001907349	327.453272	976	0	0.015547	0.006182
634.5540001392365	320.38516	976	0	0.026745	0.006182
636.5550000667572	5.079912	1010	0	0.018296	0.006182
638.5570003986359	411.441104	1010	0	0.020828	0.006182
640.5510001182556	468.583936	1010	0	0.013612	0.006182
642.545000076294	334.201216	966	0	0.017923	0.006182
644.5529999732971	190.826336	812	0	0.017662	0.006182
646.5529999732971	20.780272	668	0	0.012574	0.006182
648.5610001087189	323.659304	668	0	0.021312	0.006182
650.5610001087189	321.150816	670	0	0.015767	0.006182
652.5500001907349	318.054944	670	0	0.015578	0.006182
654.5529999732971	298.477592	656	0	0.014622	0.006182
656.5510001182556	351.936624	676	0	0.01628	0.006182
658.5510001182556	462.939816	1136	0	0.016493	0.006182
660.5590002536774	18.00972	748	0	0.016019	0.006182
662.5500001907349	418.363568	738	0	0.017598	0.006182
664.5580003261566	451.208152	770	0	0.016019	0.006182
666.5529999732971	299.567888	774	0	0.020056	0.006182
668.5610001087189	314.164576	770	0	0.025424	0.006182
670.5600001811981	2.197688	710	0	0.013365	0.006182
672.5520000457764	208.496296	646	0	0.024406	0.006182
674.555999994278	253.830984	646	0	0.013918	0.006182
676.5610001087189	349.802184	646	0	0.013452	0.006182
678.5520000457764	285.53664	656	0	0.019302	0.006182
680.5540001392365	303.990744	656	0	0.017884	0.006182
682.5550000667572	307.523304	1116	0	0.021649	0.006182
684.563000202179	1.953064	1212	0	0.016947	0.006182
686.5550000667572	469.870152	1214	0	0.018066	0.006182
688.5540001392365	351.978928	1310	0	0.026558	0.006182
690.5550000667572	364.805456	1158	0	0.019413	0.006182
692.5570003986359	39.947096	1158	0	0.022468	0.006182
694.5490002632141	11.138656	860	0	0.011544	0.006182
696.5600001811981	454.006456	860	0	0.016099	0.006182
698.5529999732971	284.46628	848	0	0.013994	0.006182
700.5529999732971	14.71032	848	0	0.020281	0.006182
702.555999994278	71.132112	792	0	0.021459	0.006182
704.555999994278	295.816992	792	0	0.020443	0.006182
706.5660002231598	479.91544	1070	0	0.021278	0.006182
708.5510001182556	21.941136	926	0	0.012289	0.006182
710.5570003986359	230.790904	926	0	0.018014	0.006182
712.5529999732971	282.34284	949	0	0.018399	0.006182
714.555999994278	531.465344	1018	0	0.020157	0.006182
716.5510001182556	515.965848	1018	0	0.019026	0.006182
718.5570003986359	10.633648	1073	0	0.018844	0.006182
720.5540001392365	341.312624	1162	0	0.017641	0.006182
722.5520000457764	362.275144	1214	0	0.021135	0.006182
724.5540001392365	445.773704	1214	0	0.016626	0.006182
726.5610001087189	526.365336	1350	0	0.019201	0.006182
728.5529999732971	652.597456	1350	0	0.018111	0.006182
730.5570003986359	472.980872	4	0	0.024833	0.006182
732.5570003986359	10.402696	1052	0	0.017273	0.006182
734.555999994278	421.630408	1052	0	0.017337	0.006182
736.5540001392365	525.750024	1052	0	0.017662	0.006182
738.555999994278	334.334296	970	0	0.026811	0.006182
740.5700001716614	411.592136	970	0	0.021752	0.006182
742.5550000667572	5.677776	1025	0	0.017491	0.006182
744.5590002536774	523.5878	1554	0	0.022999	0.006182
746.5529999732971	507.094648	1566	0	0.019837	0.006182
748.5580003261566	469.963936	1566	0	0.022948	0.006182
750.5590002536774	557.742304	1788	0	0.017392	0.006182
752.5610001087189	715.332848	1638	0	0.015311	0.006182
754.5620002746582	545.753424	1710	0	0.02592	0.006182
756.555999994278	0.952648	1766	0	0.016741	0.006182
758.555999994278	738.8566	1850	0	0.018841	0.006182
760.5610001087189	711.574	1878	0	0.023373	0.006182
762.5529999732971	728.817752	4	0	0.018848	0.006182
764.555999994278	749.382736	2214	0	0.023713	0.006182
766.5540001392365	67.678208	1164	0	0.015881	0.006182
768.555999994278	399.949264	1118	0	0.020564	0.006182
770.5570003986359	275.789912	1118	0	0.029643	0.006182
772.547000169754	397.40368	1118	0	0.027988	0.006182
774.5550000667572	479.437224	1046	0	0.026457	0.006182
776.569000005722	336.225912	974	0	0.029277	0.006182
778.5550000667572	464.128264	1692	0	0.016532	0.006182
780.5529999732971	1.62432	1492	0	0.020754	0.006182
782.5500001907349	535.07708	1492	0	0.025601	0.006182
784.555999994278	265.393816	1492	0	0.022796	0.006182
786.5529999732971	481.924768	1492	0	0.018909	0.006182
788.5500001907349	377.249008	1350	0	0.019151	0.006182
790.5600001811981	27.054696	1405	0	0.017168	0.006182
792.5600001811981	360.519936	1490	0	0.021324	0.006182
794.5480000972748	284.802264	1278	0	0.021435	0.006182
796.5520000457764	301.76132	1278	0	0.018052	0.006182
798.5580003261566	381.574096	1166	0	0.022442	0.006182
800.5520000457764	398.97732	1244	0	0.020795	0.006182
802.5730001926422	517.35944	1300	0	0.014911	0.006182
804.5540001392365	17.263208	1344	0	0.015178	0.006182
806.5540001392365	570.787824	1500	0	0.01849	0.006182
808.5610001087189	658.143552	1814	0	0.017888	0.006182
810.5570003986359	623.009008	1872	0	0.022345	0.006182
812.5550000667572	783.460096	1950	0	0.017859	0.006182
814.5570003986359	15.152728	1930	0	0.023034	0.006182
816.5550000667572	779.532256	2172	0	0.021416	0.006182
818.5570003986359	891.417176	2218	0	0.017597	0.006182
820.555999994278	670.067288	2219	0	0.013924	0.006182
822.5529999732971	655.618104	2106	0	0.020883	0.006182
824.5580003261566	608.90048	1818	0	0.017761	0.006182
826.5520000457764	642.895168	1818	0	0.019245	0.006182
828.5550000667572	1.77552	1524	0	0.023579	0.006182
830.5540001392365	544.207224	1524	0	0.023022	0.006182
832.5570003986359	763.298544	1394	0	0.016612	0.006182
834.5900001525879	561.759104	4	0	0.022896	0.006182
836.5520000457764	363.553272	1598	0	0.018274	0.006182
838.5529999732971	3.710288	1598	0	0.022344	0.006182
840.5529999732971	583.631232	1550	0	0.022836	0.006182
842.5600001811981	734.9154	1602	0	0.017116	0.006182
844.5570003986359	628.20072	1646	0	0.015197	0.006182
846.5550000667572	716.844984	1646	0	0.019862	0.006182
848.5529999732971	622.621744	2010	0	0.020914	0.006182
850.5570003986359	278.123656	1866	0	0.019539	0.006182
852.5580003261566	28.415032	1866	0	0.016992	0.006182
854.5500001907349	322.706048	1508	0	0.021698	0.006182
856.5500001907349	315.675672	1508	0	0.020647	0.006182
858.5500001907349	314.561224	814	0	0.021513	0.006182
860.5520000457764	168.955576	958	0	0.019858	0.006182
862.5529999732971	29.256416	480	0	0.016551	0.006182
864.5510001182556	221.059392	480	0	0.015325	0.006182
866.555999994278	240.024384	508	0	0.016484	0.006753
868.5520000457764	227.710272	486	0	0.019425	0.006753
870.5610001087189	146.022528	508	0	0.020489	0.006753
872.5550000667572	204.416616	786	0	0.017695	0.006753
874.555999994278	223.116576	780	0	0.01954	0.006753
876.5510001182556	36.77912	516	0	0.01412	0.006753
878.5529999732971	192.421016	540	0	0.019286	0.006753
880.5550000667572	268.661704	516	0	0.016879	0.006753
882.5590002536774	232.967824	584	0	0.016988	0.006753
884.5550000667572	284.21072	556	0	0.019167	0.006753
886.563000202179	38.904512	558	0	0.017295	0.006572
888.5500001907349	284.77024	532	0	0.021405	0.006572
890.5510001182556	135.30556	438	0	0.017955	0.006572
892.5570003986359	271.987632	462	0	0.01343	0.006572
894.555999994278	191.27724	462	0	0.012897	0.006572
896.555999994278	226.514168	462	0	0.014876	0.006572
898.5550000667572	169.094344	826	0	0.021115	0.006572
900.5540001392365	32.666976	454	0	0.011662	0.006413
902.5529999732971	297.663672	408	0	0.013649	0.006413
904.5529999732971	206.706608	428	0	0.01954	0.006413
906.555999994278	255.614392	408	0	0.015996	0.006413
908.5490002632141	197.952888	428	0	0.012053	0.006413
910.5540001392365	119.780744	4	0	0.019942	0.006413
912.5540001392365	119.780744	816	0	0.021201	0.006413
914.5520000457764	274.997288	804	0	0.016172	0.006413
916.5670001506805	296.040216	856	0	0.024581	0.006413
918.5540001392365	297.421048	856	0	0.015162	0.006413
920.5620002746582	354.278192	885	0	0.015305	0.006413
922.5480000972748	230.007112	872	0	0.014828	0.006413
924.563000202179	30.71344	540	0	0.01296	0.006413
926.5610001087189	223.190648	516	0	0.023207	0.006413
928.5510001182556	319.102024	516	0	0.019767	0.006413
930.5510001182556	203.44832	548	0	0.013032	0.006413
932.563000202179	284.342344	576	0	0.017961	0.006413
934.5510001182556	71.120952	520	0	0.010885	0.006413
936.5540001392365	317.796216	544	0	0.018887	0.006413
938.545000076294	284.327664	520	0	0.018944	0.006413
940.5520000457764	94.372064	520	0	0.014325	0.006413
942.545000076294	93.941016	458	0	0.019316	0.006413
944.5570003986359	197.0804	436	0	0.01831	0.006413
946.5540001392365	273.962264	812	0	0.017409	0.006413
949.5529999732971	27.087192	484	0	0.010598	0.006413
951.5570003986359	132.518248	466	0	0.016797	0.006413
952.5750000476837	7.922056	452	0	0.011904	0.006413
955.5529999732971	158.827584	356	0	0.010221	0.006413
957.5540001392365	117.356384	448	0	0.021098	0.006413
959.545000076294	209.8614	426	0	0.016927	0.006413
961.5529999732971	210.044336	448	0	0.022077	0.006413
963.5510001182556	187.478448	426	0	0.024444	0.006413
965.5529999732971	217.017112	682	0	0.013741	0.006413
967.5600001811981	29.765184	402	0	0.011655	0.006413
969.5590002536774	160.756064	384	0	0.01767	0.006413
971.5510001182556	167.901352	398	0	0.016418	0.006413
973.5500001907349	162.21216	380	0	0.014332	0.006413
975.5520000457764	183.284832	398	0	0.017925	0.006413
977.5510001182556	39.281128	400	0	0.013132	0.006413
979.5540001392365	127.498256	374	0	0.026511	0.006413
981.5520000457764	192.8378	390	0	0.014064	0.006413
983.5550000667572	245.530712	398	0	0.010654	0.006413
985.5529999732971	214.801736	398	0	0.014229	0.006413
987.5600001811981	187.215424	398	0	0.015222	0.006413
989.5510001182556	208.771144	682	0	0.018119	0.006413
991.555999994278	14.63544	480	0	0.017977	0.006413
993.5540001392365	202.241824	508	0	0.014772	0.006413
995.563000202179	267.197288	530	0	0.014811	0.006413
997.5529999732971	269.061728	556	0	0.014836	0.006413
999.5500001907349	231.372544	642	0	0.015196	0.006413
1001.5540001392365	3.980912	538	0	0.012983	0.006413
1003.5540001392365	267.338328	558	0	0.015341	0.006413
1005.5540001392365	98.963984	558	0	0.020531	0.006413
1007.5540001392365	212.4414	542	0	0.017707	0.006413
1009.5550000667572	193.139592	552	0	0.018028	0.006413
1011.5529999732971	317.104072	658	0	0.013777	0.006413
1013.565000295639	353.604536	662	0	0.015641	0.006413
1015.5540001392365	0.893	738	0	0.017257	0.006413
1017.5620002746582	1.43104	710	0	0.063719	0.006413
1019.5550000667572	327.008624	636	0	0.015822	0.006413
1021.5529999732971	296.086752	656	0	0.018943	0.006413
1023.555999994278	244.046776	680	0	0.024023	0.006413
1025.5550000667572	11.840504	609	0	0.013306	0.006413
1027.5570003986359	225.933608	651	0	0.018971	0.006413
1029.563000202179	345.081032	638	0	0.018584	0.006413
1031.5570003986359	252.614744	662	0	0.015935	0.006413
1033.5600001811981	271.299592	662	0	0.016375	0.006413
1035.5600001811981	462.54372	671	0	0.014566	0.006413
1037.5580003261566	272.46956	1168	0	0.017739	0.006413
1039.555999994278	5.327856	671	0	0.014572	0.006413
1041.5540001392365	275.760752	670	0	0.014965	0.006413
1043.555999994278	195.52312	634	0	0.013152	0.006413
1045.555999994278	141.311784	629	0	0.041479	0.006413
1047.5640001296997	382.993384	610	0	0.015072	0.006413
1049.5550000667572	14.439192	4	0	0.013782	0.006413
1051.547000169754	323.443976	682	0	0.016024	0.006413
1053.555999994278	334.967984	736	0	0.015489	0.006413
1055.5540001392365	366.363944	738	0	0.014514	0.006413
1057.5550000667572	413.744	764	0	0.016892	0.006413
1059.5510001182556	398.668344	788	0	0.014566	0.006413
1061.5550000667572	425.33356	1072	0	0.013927	0.006413
1063.5540001392365	1.630144	1098	0	0.016126	0.006413
1065.5590002536774	529.374352	1292	0	0.016302	0.006413
1067.5540001392365	531.307168	1292	0	0.016236	0.006413
1069.5540001392365	479.439816	1312	0	0.018307	0.006413
1071.5640001296997	536.938112	1502	0	0.016955	0.006413
1073.5540001392365	15.217808	4	0	0.02051	0.006413
1075.5529999732971	504.429056	1538	0	0.018662	0.006413
1077.5540001392365	495.368512	1538	0	0.020316	0.006413
1079.5720000267029	430.543392	1454	0	0.01527	0.006413
1081.555999994278	285.357008	1454	0	0.017022	0.006413
1083.5570003986359	494.677168	1498	0	0.016567	0.006413
1085.5550000667572	539.853128	1355	0	0.017564	0.006413
1087.5540001392365	31.35472	1670	0	0.016415	0.006413
1089.555999994278	521.464416	1716	0	0.017465	0.006413
1091.5920000076294	612.887856	1886	0	0.022418	0.006413
1093.555999994278	499.62956	1096	0	0.019531	0.006413
1095.5580003261566	429.897304	1142	0	0.016669	0.006413
1097.5580003261566	7.69484	1142	0	0.019866	0.006413
1099.5590002536774	59.225896	1142	0	0.016396	0.006413
1101.5520000457764	104.2354	992	0	0.015764	0.006413
1103.5670001506805	405.368728	4	0	0.01887	0.006413
1105.5610001087189	487.91732	1570	0	0.016613	0.006413
1107.5550000667572	487.91732	1570	0	0.041665	0.006413
1109.574000120163	487.91732	1532	0	0.026442	0.006413
1111.569000005722	4.452344	898	0	0.012755	0.006413
1113.5670001506805	210.69724	318	0	0.03947	0.006413
1115.5620002746582	123.243328	304	0	0.023141	0.006413
1117.5540001392365	121.733752	306	0	0.017376	0.006413
1119.581000328064	82.311232	318	0	0.031077	0.006413
1121.5790002346039	15.887032	346	0	0.013638	0.006413
1123.5620002746582	203.59284	330	0	0.013709	0.006413
1125.5780003070831	146.783064	346	0	0.023933	0.006413
1127.5529999732971	79.25676	322	0	0.041146	0.006413
1129.5700001716614	38.854736	250	0	0.034775	0.006413
1131.5710000991821	55.352688	250	0	0.0217	0.006413
1133.5670001506805	123.816248	310	0	0.034137	0.006413
1135.5730001926422	58.183496	262	0	0.018695	0.006413
1137.5670001506805	121.046544	252	0	0.015164	0.006413
1139.5800001621246	58.650336	196	0	0.008598	0.006413
1141.5700001716614	70.901472	168	0	0.013415	0.006413
1143.5670001506805	83.419256	156	0	0.010131	0.006413
1145.5770001411438	72.02088	124	0	0.015307	0.006413
1147.581000328064	67.39488	102	0	0.017043	0.005954
1149.5600001811981	63.535808	118	0	0.018147	0.005954
1151.5800001621246	51.776872	156	0	0.016774	0.005954
1153.5840001106262	60.771784	146	0	0.01591	0.005954
1155.5710000991821	88.083232	156	0	0.013685	0.005954
1157.5860002040863	94.953408	196	0	0.015747	0.005954
1159.5759999752045	64.6134	186	0	0.009593	0.005923
1161.5670001506805	91.671576	174	0	0.011253	0.005923
1163.5680000782013	40.913664	184	0	0.011929	0.005923
1165.5730001926422	113.489872	206	0	0.014479	0.005923
1167.5790002346039	130.83012	206	0	0.013935	0.005923
1169.5680000782013	73.727568	228	0	0.014039	0.005923
1171.5640001296997	44.139528	178	0	0.026507	0.005923
1173.5640001296997	68.035528	158	0	0.017404	0.005923
1175.5600001811981	92.328944	182	0	0.014764	0.005923
1177.5780003070831	95.925536	204	0	0.021494	0.005923
1179.5730001926422	85.017136	176	0	0.015823	0.005923
1181.5620002746582	111.14128	172	0	0.017999	0.005923
1183.5590002536774	108.020848	164	0	0.011745	0.005923
1185.5620002746582	91.901904	170	0	0.014889	0.005822
1187.5600001811981	83.871168	172	0	0.017765	0.005822
1189.5670001506805	82.816736	186	0	0.024873	0.005822
1191.563000202179	49.73348	194	0	0.030975	0.005822
1193.5620002746582	2.303136	184	0	0.013484	0.005822
1195.5590002536774	56.050512	4	0	0.019098	0.005822
1197.5660002231598	122.510808	270	0	0.022074	0.005822
1199.5610001087189	79.628488	224	0	0.01725	0.005822
1201.5710000991821	97.446232	262	0	0.016572	0.005822
1203.5800001621246	175.22888	288	0	0.015832	0.005822
1205.5670001506805	112.561616	252	0	0.021362	0.005822
1207.5670001506805	49.376448	206	0	0.009902	0.005822
1209.5510001182556	187.770888	264	0	0.012659	0.005822
1211.5640001296997	88.26196	272	0	0.023335	0.005822
1213.555999994278	173.922368	278	0	0.008351	0.005822
1215.5730001926422	120.676736	278	0	0.016106	0.005822
1217.5730001926422	25.263152	276	0	0.010265	0.005822
1219.5720000267029	158.825808	236	0	0.008036	0.005822
1221.5670001506805	135.077976	236	0	0.016035	0.005822
1223.5620002746582	116.813048	238	0	0.012777	0.005822
1225.5720000267029	43.474856	180	0	0.016344	0.005822
1227.574000120163	59.987712	150	0	0.012488	0.005822
1229.5590002536774	79.603464	176	0	0.016386	0.005822
1231.5770001411438	57.092184	202	0	0.009096	0.005822
1233.563000202179	134.967944	184	0	0.007226	0.005822
1235.5700001716614	86.104664	176	0	0.014944	0.005822
1237.5759999752045	141.497792	204	0	0.014758	0.005822
1239.569000005722	72.88156	214	0	0.015051	0.005822
1241.5590002536774	65.149824	205	0	0.010934	0.005822
1243.5759999752045	64.285088	4	0	0.025157	0.005822
1245.5700001716614	112.322688	314	0	0.015292	0.005822
1247.5670001506805	160.269872	328	0	0.02192	0.005822
1249.569000005722	167.159072	324	0	0.01271	0.005822
1251.5660002231598	2.551888	310	0	0.054076	0.005822
1253.5750000476837	170.822664	278	0	0.01583	0.005822
1255.5670001506805	30.796552	282	0	0.010943	0.005822
1257.563000202179	66.820992	292	0	0.04271	0.005822
1259.5600001811981	49.928696	160	0	0.059048	0.005822
1261.5700001716614	40.660128	136	0	0.018058	0.005822
1263.569000005722	48.331032	128	0	0.026115	0.005822
1265.5710000991821	75.97604	122	0	0.008925	0.005822
1267.590000152588	46.521504	84	0	0.008747	0.005822
1269.5510001182556	23.444392	69	0	0.009368	0.005822
1271.5790002346039	71.854808	170	0	0.010829	0.005822
1273.5670001506805	92.039208	154	0	0.012624	0.005822
1275.574000120163	36.351912	176	0	0.01712	0.005822
1277.5540001392365	58.6662	180	0	0.025619	0.005822
1279.563000202179	38.799952	186	0	0.026773	0.005822
1281.5780003070831	26.65028	86	0	0.027012	0.005822
1283.5880000591278	30.562376	76	0	0.026271	0.005822
1285.5770001411438	36.364504	84	0	0.028198	0.005822
1287.5700001716614	7.084512	36	0	0.02529	0.005822
1289.5520000457764	24.517784	42	0	0.008593	0.005822
1291.5790002346039	41.248232	102	0	0.013917	0.005822
1293.5620002746582	21.994848	70	0	0.020319	0.005822
1295.5710000991821	13.790328	4	0	0.058754	0.005822
1297.569000005722	25.732024	62	0	0.013681	0.005822
1299.5680000782013	17.708464	44	0	0.014848	0.005822
1301.5700001716614	26.661288	40	0	0.015805	0.005822
1303.5730001926422	26.9924	50	0	0.009212	0.005822
1305.563000202179	25.714432	50	0	0.015712	0.005822
1307.5710000991821	31.80704	44	0	0.008939	0.005822
1309.555999994278	23.656216	54	0	0.012584	0.005822
1311.5610001087189	24.72284	54	0	0.009906	0.005822
1313.5640001296997	28.575568	60	0	0.012869	0.005822
1315.5759999752045	34.638592	54	0	0.013025	0.005822
1317.574000120163	24.148856	54	0	0.016225	0.005822
1319.5759999752045	37.435896	56	0	0.010403	0.005822
1321.5680000782013	31.446784	60	0	0.013875	0.005822
1323.5680000782013	35.811944	64	0	0.014044	0.005822
1325.5590002536774	13.121752	64	0	0.014385	0.005822
1327.5680000782013	26.969976	64	0	0.013676	0.005822
1329.5710000991821	24.077192	60	0	0.016862	0.005822
1331.569000005722	18.13408	54	0	0.011687	0.005822
1333.5510001182556	27.0858	50	0	0.010082	0.005822
1335.5529999732971	2.096976	50	0	0.03812	0.005822
1337.5540001392365	35.84168	50	0	0.010734	0.005822
1339.5780003070831	29.503224	66	0	0.013121	0.005822
1341.5580003261566	19.089888	54	0	0.017359	0.005822
1343.5570003986359	30.150664	56	0	0.014806	0.005822
1345.5670001506805	25.339584	56	0	0.017285	0.005822
1347.5700001716614	28.427288	72	0	0.018503	0.005822
1349.5759999752045	40.558312	74	0	0.013999	0.005822
1351.5660002231598	33.409608	82	0	0.011521	0.005822
1353.5790002346039	32.967512	82	0	0.01436	0.005822
1355.5580003261566	21.099584	66	0	0.013119	0.005822
1357.5660002231598	34.958096	70	0	0.010304	0.005822
1359.5610001087189	28.4788	69	0	0.012015	0.005822
1361.5590002536774	33.388592	88	0	0.011799	0.005822
1363.5590002536774	39.658192	82	0	0.011142	0.005822
1365.569000005722	35.125176	88	0	0.01431	0.005822
1367.569000005722	38.098104	74	0	0.015445	0.005822
1369.5759999752045	50.65528	68	0	0.009485	0.005822
1371.565000295639	36.69808	70	0	0.012808	0.005822
1373.5520000457764	31.556904	54	0	0.02105	0.005822
1375.5640001296997	28.426032	56	0	0.016405	0.005822
1377.555999994278	33.239392	78	0	0.016547	0.005822
1379.5610001087189	45.890152	90	0	0.013092	0.005822
1381.563000202179	41.451624	86	0	0.017995	0.005822
1383.5570003986359	45.942736	82	0	0.016546	0.005822
1385.5500001907349	48.071488	78	0	0.007967	0.005822
1387.5580003261566	28.878008	78	0	0.02313	0.005822
1389.5590002536774	35.365736	86	0	0.018602	0.005822
1391.5580003261566	43.692304	88	0	0.01602	0.005822
1393.5550000667572	32.29452	76	0	0.02158	0.005822
1395.555999994278	32.88444	78	0	0.019596	0.005822
1397.5610001087189	32.304848	60	0	0.015309	0.005822
1399.5570003986359	25.557984	61	0	0.016223	0.005822
1401.5550000667572	25.829552	62	0	0.018662	0.005822
1403.5640001296997	20.252656	54	0	0.015324	0.005822
1405.555999994278	26.9852	52	0	0.016292	0.005822
1407.555999994278	30.274	50	0	0.01466	0.005822
1409.555999994278	32.08216	56	0	0.015021	0.005822
1411.5580003261566	12.338336	54	0	0.017833	0.005822
1413.555999994278	20.63976	54	0	0.021069	0.005822
1415.5550000667572	26.717904	65	0	0.013958	0.005822
1417.5580003261566	26.403512	62	0	0.02018	0.005822
1419.555999994278	32.951384	58	0	0.016569	0.005822
1421.555999994278	29.81236	54	0	0.014407	0.005822
1423.5580003261566	14.358016	52	0	0.017454	0.005822
1425.555999994278	25.219968	56	0	0.014803	0.005822
1427.5580003261566	23.692848	56	0	0.014717	0.005822
1429.5610001087189	33.3638	110	0	0.021003	0.005822
1431.5580003261566	55.988744	124	0	0.016607	0.005822
1433.5580003261566	37.340152	89	0	0.01801	0.005822
1435.5720000267029	50.87108	86	0	0.014826	0.005822
1437.5570003986359	71.0144	102	0	0.011371	0.005822
1439.5620002746582	46.438088	129	0	0.014942	0.005822
1441.5660002231598	65.037424	140	0	0.016375	0.005822
1443.5620002746582	73.900888	140	0	0.016633	0.005822
1445.5620002746582	52.05632	134	0	0.014516	0.005822
1447.5600001811981	45.731016	140	0	0.018852	0.005822
1449.555999994278	63.946512	142	0	0.011549	0.005822
1451.5590002536774	70.703576	136	0	0.009774	0.005822
1453.5570003986359	82.711584	138	0	0.01124	0.005822
1455.5580003261566	76.80976	172	0	0.01734	0.005822
1457.5590002536774	18.28552	184	0	0.017104	0.005822
1459.5580003261566	73.051056	206	0	0.018117	0.005822
1461.5590002536774	165.088336	242	0	0.014066	0.005822
1463.5640001296997	139.876576	244	0	0.01747	0.005822
1465.5600001811981	144.88348	268	0	0.016237	0.005822
1467.555999994278	115.970984	440	0	0.021299	0.005822
1469.5580003261566	130.04536	481	0	0.016368	0.005822
1471.5570003986359	2.226736	392	0	0.012495	0.005822
1473.5600001811981	188.632176	408	0	0.018761	0.005822
1475.5610001087189	242.10856	488	0	0.017191	0.005822
1477.5590002536774	271.126056	570	0	0.016349	0.005822
1479.5590002536774	299.087056	640	0	0.016306	0.005822
1481.5580003261566	0.986688	10	0	0.020205	0.005822
1483.5610001087189	34.544416	62	0	0.016069	0.005822
1485.5590002536774	13.43764	82	0	0.017244	0.005917
1487.5610001087189	30.63936	86	0	0.020927	0.005917
1489.5600001811981	32.918792	84	0	0.013475	0.005917
1491.5590002536774	19.446192	72	0	0.017022	0.005917
1493.5600001811981	38.921536	68	0	0.013966	0.005917
1495.5590002536774	37.507512	80	0	0.01544	0.005917
1497.5610001087189	39.53032	98	0	0.015685	0.005917
1499.5610001087189	64.184024	92	0	0.017855	0.005917
1501.5600001811981	35.846824	72	0	0.016891	0.005917
1503.5590002536774	35.94636	68	0	0.014239	0.005917
1505.5670001506805	18.619792	68	0	0.017664	0.005917
1507.5610001087189	34.060584	56	0	0.014368	0.005917
1509.5600001811981	59.452808	122	0	0.011931	0.005862
1511.5620002746582	31.94404	95	0	0.015701	0.005862
1513.5610001087189	50.926056	102	0	0.014291	0.005862
1515.5660002231598	35.668784	98	0	0.01851	0.005862
1517.5660002231598	48.576704	92	0	0.017827	0.005862
1519.5590002536774	38.239352	89	0	0.014295	0.005862
1521.5590002536774	35.568864	108	0	0.013792	0.005862
1523.5610001087189	39.693272	111	0	0.017036	0.005862
1525.5660002231598	56.464552	110	0	0.015312	0.005862
1527.5610001087189	69.976552	118	0	0.013993	0.005862
1529.5600001811981	43.253432	104	0	0.01603	0.005862
1531.5610001087189	38.201144	86	0	0.01229	0.005862
1533.5610001087189	35.57876	68	0	0.011713	0.005862
1535.5700001716614	26.420488	76	0	0.01679	0.005862
1537.5620002746582	29.75504	70	0	0.016006	0.005862
1539.5600001811981	36.399896	56	0	0.016531	0.005862
1541.5610001087189	41.35752	96	0	0.013404	0.005862
1543.5600001811981	37.320472	83	0	0.017423	0.005862
1545.5610001087189	45.58604	74	0	0.015594	0.005862
1547.5620002746582	39.41784	68	0	0.013276	0.005862
1549.5600001811981	38.854032	60	0	0.014514	0.005862
1551.5610001087189	37.472448	76	0	0.012678	0.005862
1553.5620002746582	26.204072	100	0	0.015553	0.005862
1555.5610001087189	37.0708	112	0	0.017389	0.005862
1557.5610001087189	29.66288	96	0	0.018585	0.005862
1559.5620002746582	46.372528	84	0	0.015472	0.005862
1561.5600001811981	33.873592	72	0	0.014923	0.005862
1563.5590002536774	49.835184	164	0	0.016213	0.005862
1565.565000295639	78.768392	164	0	0.014477	0.005862
1567.5590002536774	93.917032	168	0	0.013214	0.005862
1569.5670001506805	50.367568	160	0	0.017599	0.005862
1571.5620002746582	77.409728	160	0	0.010876	0.005862
1573.5600001811981	91.106616	186	0	0.019059	0.005862
1575.5570003986359	80.392576	182	0	0.015544	0.005862
1577.5580003261566	81.69376	182	0	0.015187	0.005862
1579.5710000991821	89.011664	210	0	0.017275	0.005862
1581.5600001811981	71.728216	214	0	0.016546	0.005862
1583.5620002746582	80.940936	202	0	0.016682	0.005862
1585.5600001811981	78.519336	186	0	0.018265	0.005862
1587.5610001087189	150.038616	210	0	0.011089	0.005862
1589.5610001087189	119.59844	222	0	0.015196	0.005862
1591.5580003261566	98.849904	182	0	0.016267	0.005862
1593.5580003261566	88.523384	182	0	0.017374	0.005862
1595.5600001811981	87.47596	166	0	0.014367	0.005862
1597.5580003261566	86.065168	272	0	0.019234	0.005862
1599.5670001506805	153.949248	367	0	0.015307	0.005862
1601.5620002746582	25.942944	330	0	0.018586	0.005862
1603.5600001811981	127.910216	356	0	0.018952	0.005862
1605.5600001811981	173.991416	356	0	0.015007	0.005862
1607.5610001087189	119.634136	352	0	0.02174	0.005862
1609.5600001811981	165.043472	352	0	0.01768	0.005862
1611.5710000991821	118.728736	308	0	0.018846	0.005862
1613.5590002536774	193.664504	310	0	0.01246	0.005862
1615.5600001811981	2.002056	324	0	0.017458	0.005862
1617.5590002536774	152.408064	298	0	0.016067	0.005862
1619.5600001811981	134.346648	310	0	0.018676	0.005862
1621.5590002536774	153.327376	298	0	0.010336	0.005862
1623.5610001087189	142.026632	274	0	0.018202	0.005862
1625.5610001087189	22.365088	216	0	0.016769	0.005862
1627.5610001087189	141.628848	210	0	0.012407	0.005862
1629.5710000991821	100.991808	210	0	0.016625	0.005862
1631.5620002746582	100.030488	203	0	0.015868	0.005862
1633.5790002346039	127.743072	232	0	0.015111	0.005862
1635.5610001087189	156.749024	254	0	0.015223	0.005862
1637.5610001087189	117.949632	252	0	0.015767	0.005862
1639.5610001087189	21.346536	238	0	0.017256	0.005862
1641.5620002746582	109.977208	242	0	0.017494	0.005862
1643.563000202179	139.098728	218	0	0.012272	0.005862
1645.5620002746582	179.553024	252	0	0.011763	0.005862
1647.5610001087189	115.546984	278	0	0.015836	0.005862
1649.563000202179	20.797992	280	0	0.016849	0.005862
1651.5620002746582	145.78856	242	0	0.013911	0.005862
1653.5620002746582	130.255448	254	0	0.012733	0.005862
1655.5610001087189	111.326448	238	0	0.018992	0.005862
1657.5600001811981	120.388344	228	0	0.014905	0.005862
1659.5610001087189	124.734864	228	0	0.014543	0.005862
1661.5600001811981	87.542208	228	0	0.016417	0.005862
1663.5780003070831	26.140816	240	0	0.015	0.005862
1665.5610001087189	112.452856	254	0	0.018914	0.005862
1667.5600001811981	101.253152	268	0	0.018268	0.005862
1669.5600001811981	111.114712	292	0	0.020073	0.005862
1671.5610001087189	150.54852	296	0	0.015604	0.005862
1673.5600001811981	1.676112	314	0	0.015224	0.005862
1675.5600001811981	182.267944	458	0	0.014809	0.005862
1677.5610001087189	214.821712	546	0	0.015686	0.005862
1679.563000202179	263.894192	502	0	0.008526	0.005862
1681.5580003261566	255.6928	510	0	0.018142	0.005862
1683.5640001296997	265.338888	546	0	0.018034	0.005862
1685.5590002536774	306.55556	542	0	0.020337	0.005862
1687.5610001087189	1.532808	546	0	0.017135	0.005862
1689.5620002746582	288.033576	4	0	0.016576	0.005862
1691.5610001087189	219.673016	900	0	0.019172	0.005862
1693.5610001087189	295.754592	924	0	0.017679	0.005862
1695.5590002536774	368.931776	978	0	0.017591	0.005862
1697.563000202179	12.668112	692	0	0.016879	0.005862
1699.5580003261566	238.288432	704	0	0.02062	0.005862
1701.5620002746582	253.448664	692	0	0.018571	0.005862
1703.5610001087189	223.549728	682	0	0.022091	0.005862
1705.5600001811981	306.862576	698	0	0.016977	0.005862
1707.565000295639	273.767208	682	0	0.016671	0.005862
1709.5590002536774	303.729112	1162	0	0.019403	0.005862
1711.5580003261566	32.509544	1094	0	0.019348	0.005862
1713.5670001506805	71.556504	1094	0	0.021662	0.005862
1715.5600001811981	63.840304	812	0	0.019404	0.005862
1717.5590002536774	86.469744	242	0	0.018423	0.005862
1719.5590002536774	63.515632	242	0	0.022494	0.005862
1721.5580003261566	73.412632	212	0	0.021691	0.005862
1723.5600001811981	61.956488	212	0	0.018715	0.005862
1725.5600001811981	70.493624	4	0	0.019272	0.005862
1727.5580003261566	86.980544	226	0	0.01749	0.005862
1729.5600001811981	68.322416	226	0	0.018785	0.005862
1731.5580003261566	80.077496	220	0	0.018497	0.005862
1733.563000202179	66.898152	136	0	0.0134	0.005862
1735.5600001811981	83.070416	118	0	0.015271	0.005862
1737.5610001087189	69.336592	112	0	0.015724	0.005862
1739.5620002746582	74.390592	124	0	0.016474	0.005862
1741.5620002746582	49.971056	112	0	0.015166	0.005862
1743.563000202179	32.732576	96	0	0.015477	0.005862
1745.5720000267029	58.492728	88	0	0.015862	0.005862
1747.5620002746582	52.271096	130	0	0.020243	0.005862
1749.5620002746582	72.64348	158	0	0.014984	0.005862
1751.5640001296997	109.814224	182	0	0.016715	0.005862
1753.5620002746582	96.038544	160	0	0.019489	0.005862
1755.5590002536774	73.609928	152	0	0.017894	0.005862
1757.5620002746582	59.856952	158	0	0.016978	0.005862
1759.569000005722	3.941416	232	0	0.015796	0.005862
1761.5610001087189	168.510752	284	0	0.012263	0.005862
1763.565000295639	129.370136	286	0	0.018636	0.005862
1765.5620002746582	126.41412	298	0	0.018011	0.005862
1767.5610001087189	133.380472	292	0	0.015526	0.005862
1769.5610001087189	3.318416	270	0	0.018699	0.005862
1771.5620002746582	102.339392	196	0	0.019597	0.005862
1773.5600001811981	96.136128	186	0	0.017427	0.005862
1775.5610001087189	97.05004	176	0	0.01787	0.005862
1777.5600001811981	89.470304	184	0	0.016096	0.005862
1779.5600001811981	70.402112	178	0	0.019727	0.005862
1781.5610001087189	93.159816	186	0	0.015547	0.005862
1783.5600001811981	108.153176	298	0	0.016424	0.005862
1785.5600001811981	150.47156	284	0	0.01197	0.005862
1787.5620002746582	153.703104	304	0	0.016507	0.005862
1789.5620002746582	200.128176	358	0	0.013313	0.005862
1791.5620002746582	178.201976	426	0	0.018116	0.005862
1793.563000202179	30.625248	458	0	0.016789	0.005862
1795.5620002746582	188.637168	430	0	0.016804	0.005862
1797.5620002746582	209.21876	412	0	0.017595	0.005862
1799.5610001087189	205.178208	410	0	0.015956	0.005862
1801.5620002746582	195.989688	378	0	0.019469	0.005862
1803.5700001716614	164.630888	396	0	0.022676	0.005862
1805.5610001087189	166.169072	378	0	0.018881	0.005862
1807.563000202179	26.812256	572	0	0.01855	0.005862
1809.5610001087189	181.954568	634	0	0.022292	0.005862
1811.565000295639	237.400224	694	0	0.020289	0.006046
1813.5720000267029	335.431056	778	0	0.01632	0.006046
1815.5620002746582	400.660568	865	0	0.018797	0.006046
1817.563000202179	1.59956	994	0	0.016339	0.006046
1819.5620002746582	359.547304	1086	0	0.019169	0.006046
1821.5610001087189	421.854544	1216	0	0.017842	0.006046
1823.563000202179	526.578952	1216	0	0.020286	0.006046
1825.5610001087189	523.35704	1318	0	0.015878	0.006046
1827.5620002746582	32.726072	1390	0	0.020295	0.006046
1829.5620002746582	493.141216	1942	0	0.0218	0.006046
1831.5600001811981	4.370432	842	0	0.017435	0.006036
1833.5600001811981	299.867016	842	0	0.013783	0.006036
1835.563000202179	560.841064	714	0	0.018742	0.006036
1837.5610001087189	280.90176	714	0	0.021423	0.006036
1839.565000295639	345.678656	714	0	0.016024	0.006036
1841.563000202179	2.1422	4	0	0.019792	0.006036
1843.5620002746582	410.386752	1424	0	0.019862	0.006036
1845.5640001296997	369.10112	1430	0	0.019805	0.006036
1847.5620002746582	604.945208	1722	0	0.018371	0.006036
1849.563000202179	559.38512	1722	0	0.023426	0.006036
1851.5750000476837	680.475272	1668	0	0.016074	0.006036
1853.5600001811981	680.475272	1668	0	0.016793	0.006036
1855.5610001087189	6.534464	1668	0	0.021482	0.006036
1857.5610001087189	386.903504	1668	0	0.018744	0.006036
1859.5610001087189	259.754944	998	0	0.023955	0.006036
1861.563000202179	331.110048	1078	0	0.019307	0.006036
1863.5640001296997	316.663184	1220	0	0.018233	0.006036
1865.5620002746582	17.412256	1350	0	0.019086	0.006036
1867.565000295639	498.383336	1432	0	0.019289	0.006036
1869.5620002746582	516.797848	1310	0	0.012537	0.006036
1871.565000295639	648.310448	1350	0	0.016557	0.006036
1873.5640001296997	720.147232	1394	0	0.018102	0.006036
1875.5720000267029	560.4362	1394	0	0.015811	0.006036
1877.5640001296997	509.793248	1432	0	0.018397	0.006036
1879.5620002746582	24.140024	1348	0	0.020743	0.006036
1881.5610001087189	369.405336	1348	0	0.020706	0.006036
1883.574000120163	37.213368	1348	0	0.020273	0.006036
1885.563000202179	282.511488	1348	0	0.023261	0.006036
1887.565000295639	438.223576	1102	0	0.018954	0.006036
1889.5720000267029	6.111976	1102	0	0.018092	0.006036
1891.5640001296997	566.28924	1620	0	0.016421	0.006036
1893.5620002746582	638.170864	1810	0	0.018886	0.006036
1895.563000202179	688.15392	1593	0	0.017559	0.006036
1897.565000295639	399.654744	1646	0	0.029494	0.006036
1899.5620002746582	543.392144	1104	0	0.022568	0.006036
1901.5610001087189	450.366928	1104	0	0.021694	0.006036
1903.5620002746582	29.435064	1082	0	0.019152	0.006036
1905.5620002746582	363.87592	1082	0	0.020693	0.006036
1907.5620002746582	416.65336	1082	0	0.022348	0.006036
1909.5620002746582	339.757064	1082	0	0.021681	0.006036
1911.5660002231598	269.960272	1186	0	0.023056	0.006036
1913.5730001926422	2.26928	1230	0	0.01815	0.006036
1915.5660002231598	453.737328	1284	0	0.017814	0.006036
1917.565000295639	385.883208	1446	0	0.018295	0.006036
1919.5660002231598	578.989944	1500	0	0.023377	0.006036
1921.5660002231598	429.535992	1622	0	0.017738	0.006036
1923.565000295639	557.565424	1708	0	0.019724	0.006036
1925.5640001296997	647.808376	1760	0	0.020067	0.006036
1927.5620002746582	21.536992	1926	0	0.018253	0.006036
1929.5660002231598	831.883184	1992	0	0.023689	0.006036
1931.5640001296997	649.291768	2169	0	0.024293	0.006036
1933.565000295639	723.714488	2230	0	0.022174	0.006036
1935.5620002746582	0.374856	2230	0	0.029225	0.006036
1937.5710000991821	1.37752	2285	0	0.022773	0.006036
1939.563000202179	403.760376	1264	0	0.023141	0.006036
1941.5640001296997	473.315128	1308	0	0.015895	0.006036
1943.563000202179	439.097744	1178	0	0.018333	0.006036
1945.5620002746582	484.56896	1200	0	0.016694	0.006036
1947.5620002746582	37.447008	1212	0	0.015404	0.006036
1950.569000005722	363.09524	1272	0	0.019202	0.006036
1952.563000202179	418.116032	1272	0	0.02508	0.006036
1954.563000202179	616.446208	1596	0	0.022643	0.006036
1955.5960001945496	15.138584	1450	0	0.018254	0.006036
1958.563000202179	278.480152	1450	0	0.020398	0.006036
1960.5610001087189	336.47276	1450	0	0.022244	0.006036
1962.565000295639	256.363632	1450	0	0.015954	0.006036
1964.563000202179	331.121024	1148	0	0.028638	0.006036
1965.5910000801086	1.512168	934	0	0.018962	0.006036
1968.5620002746582	309.41292	912	0	0.018014	0.006036
1970.5720000267029	288.6692	888	0	0.023408	0.006036
1972.5640001296997	407.970608	928	0	0.01457	0.006036
1974.5640001296997	431.906672	1008	0	0.014901	0.006036
1976.5640001296997	334.858848	1048	0	0.019384	0.006036
1978.5660002231598	379.171808	1346	0	0.017268	0.006036
1980.565000295639	17.510272	1392	0	0.01953	0.006036
1982.5620002746582	448.079	1540	0	0.016503	0.006036
1984.5610001087189	555.359568	1382	0	0.0211	0.006036
1986.5620002746582	435.833528	1382	0	0.016208	0.006036
1988.5620002746582	361.010928	1382	0	0.025549	0.006036
1990.5610001087189	25.499168	1314	0	0.021272	0.006036
1992.569000005722	467.998664	1202	0	0.019998	0.006036
1994.563000202179	495.42044	1438	0	0.016441	0.006036
1996.565000295639	442.744496	1438	0	0.025415	0.006036
1998.5720000267029	451.363928	1438	0	0.02212	0.006036
2000.5640001296997	520.678184	1468	0	0.020802	0.006036
2002.5640001296997	548.849568	1558	0	0.018845	0.006036
2004.5830001831055	27.796912	72	0	0.01791	0.006036
2006.563000202179	14.395184	52	0	0.018798	0.006036
2008.5660002231598	47.0688	116	0	0.014755	0.006012
2010.565000295639	94.117008	132	0	0.012573	0.006012
2012.5640001296997	62.133776	110	0	0.015714	0.006012
2014.5670001506805	64.861464	110	0	0.014324	0.006012
2016.5670001506805	83.954432	134	0	0.013756	0.006012
2018.5660002231598	34.941888	108	0	0.020841	0.006012
2020.565000295639	32.73284	116	0	0.017773	0.006012
2022.5620002746582	61.95112	120	0	0.014305	0.006012
2024.5640001296997	47.60736	116	0	0.020428	0.006012
2026.5620002746582	64.46424	122	0	0.012248	0.006012
2028.563000202179	47.967144	108	0	0.017334	0.006012
2030.563000202179	56.702792	112	0	0.011834	0.006012
2032.5610001087189	45.968336	108	0	0.018277	0.006012
2034.5620002746582	75.234912	106	0	0.013362	0.006012
2036.5610001087189	28.435784	114	0	0.01987	0.006012
2038.5610001087189	30.013456	90	0	0.017703	0.006012
2040.5620002746582	39.353408	114	0	0.019624	0.006012
2042.5640001296997	38.150912	114	0	0.018286	0.006012
2044.5610001087189	43.08984	90	0	0.014106	0.006012
2046.5620002746582	39.703952	84	0	0.019264	0.006012
2048.561000108719	48.870288	94	0	0.014868	0.006012
2050.5640001296997	35.497024	96	0	0.014212	0.006012
2052.56600022316	47.398656	96	0	0.012072	0.006012
2054.56600022316	45.086632	110	0	0.019064	0.006012
2056.565000295639	43.834864	88	0	0.012277	0.006012
2058.56600022316	27.447496	108	0	0.019037	0.006012
2060.56600022316	72.026176	108	0	0.013003	0.006012
2062.565000295639	73.463472	122	0	0.013786	0.006012
2064.56600022316	57.53448	140	0	0.018882	0.006012
2066.5670001506805	101.056792	152	0	0.014882	0.006012
2068.565000295639	55.121944	136	0	0.014546	0.006012
2070.56600022316	76.178776	144	0	0.01569	0.006012
2072.56600022316	50.122832	134	0	0.020645	0.006012
2074.56600022316	72.618552	106	0	0.013192	0.006012
2076.56600022316	49.725416	120	0	0.015215	0.006012
2078.56600022316	43.917024	124	0	0.01748	0.006012
2080.5640001296997	45.070152	130	0	0.016993	0.006012
2082.562000274658	56.512752	120	0	0.017591	0.006012
2084.562000274658	36.893736	132	0	0.016414	0.006012
2086.563000202179	123.989736	234	0	0.014123	0.006012
2088.561000108719	118.965784	262	0	0.015374	0.006012
2090.563000202179	124.90088	238	0	0.015409	0.006012
2092.562000274658	98.927888	246	0	0.018309	0.006012
2094.562000274658	104.425832	264	0	0.017834	0.006012
2096.562000274658	90.840688	254	0	0.023222	0.006012
2098.562000274658	150.5034	227	0	0.010857	0.006012
2100.563000202179	29.65484	234	0	0.015902	0.006012
2102.563000202179	107.00028	252	0	0.020241	0.006012
2104.572000026703	166.599304	251	0	0.016961	0.006012
2106.56600022316	122.404504	254	0	0.019817	0.006012
2108.563000202179	145.567416	348	0	0.017403	0.006012
2110.5640001296997	0.865088	406	0	0.016627	0.006012
2112.562000274658	150.195944	430	0	0.021197	0.006012
2114.5640001296997	197.140584	468	0	0.013975	0.006012
2116.562000274658	191.272824	480	0	0.016896	0.006012
2118.5670001506805	148.438448	526	0	0.019696	0.006012
2120.565000295639	214.41376	732	0	0.019229	0.006012
2122.56600022316	245.153504	930	0	0.018174	0.006012
2124.5640001296997	24.71584	952	0	0.016815	0.006012
2126.5640001296997	243.312072	976	0	0.017263	0.006012
2128.565000295639	262.885064	1068	0	0.019137	0.006012
2130.56600022316	329.059816	1065	0	0.015134	0.006012
2132.5680000782013	360.343072	1190	0	0.018483	0.006012
2134.56600022316	1.863032	1258	0	0.018558	0.006012
2136.574000120163	433.833432	1360	0	0.018381	0.006012
2138.565000295639	511.25092	1412	0	0.020825	0.006012
2140.565000295639	6.788136	1650	0	0.03166	0.006012
2142.5670001506805	511.614184	1666	0	0.016704	0.006012
2144.565000295639	608.85396	1704	0	0.025665	0.006012
2146.563000202179	474.329312	1704	0	0.033361	0.006012
2148.565000295639	3.436136	1624	0	0.020145	0.006012
2150.565000295639	467.218816	1624	0	0.019228	0.006012
2152.5640001296997	398.044048	1624	0	0.029853	0.006012
2154.5640001296997	360.365544	1622	0	0.016748	0.006012
2156.601000070572	383.876968	1622	0	0.021113	0.006012
2158.565000295639	4.985056	1164	0	0.018502	0.006012
2160.5640001296997	436.274848	1180	0	0.015006	0.006012
2162.563000202179	359.300432	1190	0	0.022111	0.006012
2164.562000274658	337.078368	1200	0	0.016499	0.006012
2166.5640001296997	335.864712	1200	0	0.021956	0.006012
2168.563000202179	470.17912	1225	0	0.017909	0.006012
2170.5640001296997	470.495632	4	0	0.01861	0.006012
2172.56600022316	7.964784	1366	0	0.017322	0.006012
2174.565000295639	412.46256	1396	0	0.020367	0.006012
2176.569000005722	192.362696	1480	0	0.018534	0.006012
2178.56600022316	423.919384	1480	0	0.038716	0.006012
2180.565000295639	485.485752	1404	0	0.018594	0.006012
2182.562000274658	2.103992	1404	0	0.018453	0.006012
2184.560000181198	252.95036	1374	0	0.018633	0.006012
2186.574000120163	298.686184	1374	0	0.02129	0.006012
2188.563000202179	448.27388	1374	0	0.029805	0.006012
2190.5670001506805	465.032672	1214	0	0.024981	0.006012
2192.5670001506805	526.76012	1296	0	0.016122	0.006012
2194.5700001716614	419.045184	1468	0	0.026187	0.006012
2196.5640001296997	2.206408	1512	0	0.016394	0.006012
2198.5700001716614	501.226536	1512	0	0.025524	0.006012
2200.574000120163	588.456624	1590	0	0.022167	0.006012
2202.5680000782013	401.558992	1590	0	0.042762	0.006012
2204.5680000782013	512.787856	1672	0	0.02962	0.006012
2206.565000295639	10.789208	4	0	0.028819	0.006012
2208.5670001506805	513.132784	1884	0	0.030314	0.006012
2210.56600022316	527.610256	1696	0	0.024956	0.006012
2212.5670001506805	528.412512	1696	0	0.027393	0.006012
2214.5700001716614	492.16008	1696	0	0.030808	0.006012
2216.571000099182	556.93136	1696	0	0.03087	0.006012
2218.5640001296997	469.94244	1696	0	0.0352	0.006012
2220.5700001716614	1.443128	816	0	0.018389	0.006012
2222.565000295639	378.8364	718	0	0.017532	0.006012
2224.571000099182	435.251872	754	0	0.015324	0.006012
2226.56600022316	351.826912	754	0	0.017021	0.006012
2228.579000234604	446.287464	754	0	0.01724	0.006012
2230.5700001716614	1.34748	809	0	0.020215	0.006012
2232.5640001296997	300.650448	1342	0	0.017648	0.006012
2234.5670001506805	482.451696	1277	0	0.01829	0.006012
2236.565000295639	222.902464	1384	0	0.046757	0.006012
2238.5670001506805	483.690584	1240	0	0.01909	0.006012
2240.56600022316	483.690584	1246	0	0.023496	0.006012
2242.5700001716614	420.168256	1322	0	0.020298	0.006012
2244.5670001506805	24.52844	1322	0	0.021502	0.006012
2246.56600022316	553.875928	1378	0	0.017681	0.006012
2248.569000005722	423.954728	1456	0	0.025225	0.006012
2250.5670001506805	0.601496	1456	0	0.018574	0.006012
2252.56600022316	46.769928	1456	0	0.067044	0.006012
2254.569000005722	1.455808	1378	0	0.025175	0.006012
2256.56600022316	482.101312	1302	0	0.029296	0.006012
2258.565000295639	532.337112	2087	0	0.024806	0.006012
2260.565000295639	514.466296	1622	0	0.024918	0.006012
2262.5640001296997	458.50188	1570	0	0.024939	0.006012
2264.563000202179	405.737456	1442	0	0.017833	0.006012
2266.574000120163	180.121776	1348	0	0.024308	0.006012
2268.5640001296997	1.536568	1184	0	0.020003	0.006012
2270.565000295639	179.5126	1170	0	0.026593	0.006012
2272.5640001296997	113.63808	672	0	0.026631	0.006012
2274.5670001506805	318.192336	684	0	0.016824	0.006012
2276.565000295639	298.747776	708	0	0.018547	0.006012
2278.5640001296997	4.30652	614	0	0.017592	0.006012
2280.5640001296997	235.513936	614	0	0.020482	0.006012
2282.588000059128	261.93184	552	0	0.019478	0.006012
2284.563000202179	283.431536	552	0	0.015878	0.006012
2286.565000295639	287.445984	572	0	0.020002	0.006012
2288.56600022316	35.5736	552	0	0.019067	0.006012
2290.565000295639	187.362696	650	0	0.018776	0.006012
2292.56600022316	13.75376	634	0	0.016709	0.006012
2294.56600022316	21.705144	514	0	0.019566	0.006012
2296.5670001506805	243.158648	494	0	0.018007	0.006012
2298.565000295639	264.238256	514	0	0.020204	0.006012
2300.574000120163	199.39168	494	0	0.015932	0.006012
2302.5670001506805	2.292288	512	0	0.014955	0.006012
2304.5640001296997	237.049824	688	0	0.016307	0.006012
2306.565000295639	243.156728	622	0	0.017755	0.006012
2308.5670001506805	282.770328	630	0	0.018545	0.006012
2310.56600022316	256.692608	702	0	0.02118	0.006486
2312.565000295639	314.26248	704	0	0.017778	0.006486
2314.565000295639	360.61968	726	0	0.015022	0.006486
2316.5640001296997	0.85044	952	0	0.020815	0.006486
2318.56600022316	355.337536	966	0	0.017505	0.006486
2320.5670001506805	362.191968	1058	0	0.017774	0.006486
2322.56600022316	250.120896	791	0	0.01709	0.006486
2324.574000120163	250.308632	814	0	0.018459	0.006486
2326.565000295639	18.129608	790	0	0.018559	0.006486
2328.5680000782013	386.359528	832	0	0.016862	0.006486
2330.5670001506805	396.813368	876	0	0.019048	0.006486
2332.56600022316	391.119264	4	0	0.018352	0.006486
2334.5670001506805	440.978752	1324	0	0.028866	0.006486
2336.569000005722	413.071888	1408	0	0.019792	0.006486
2338.56600022316	390.25552	1344	0	0.026726	0.006486
2340.565000295639	12.778168	1368	0	0.015981	0.006486
2342.565000295639	260.389088	1368	0	0.024966	0.006486
2344.56600022316	342.906312	1368	0	0.02019	0.006486
2346.569000005722	392.209856	1368	0	0.01588	0.006486
2348.5670001506805	262.220928	1094	0	0.021893	0.006486
2350.569000005722	19.224896	988	0	0.015449	0.006486
2352.5700001716614	332.977816	988	0	0.027527	0.006486
2354.5700001716614	430.776208	1091	0	0.01723	0.006486
2356.571000099182	406.256344	1120	0	0.019478	0.006486
2358.565000295639	416.474904	1120	0	0.024765	0.006486
2360.5640001296997	400.291384	1188	0	0.019546	0.006486
2362.572000026703	379.916944	1208	0	0.021755	0.006486
2364.5680000782013	1.46672	986	0	0.016856	0.006486
2366.5640001296997	281.075	996	0	0.018351	0.006486
2368.565000295639	321.842624	996	0	0.020077	0.006486
2370.563000202179	49.744016	804	0	0.020314	0.006486
2372.56600022316	311.584024	804	0	0.0192	0.006486
2374.5670001506805	1.271704	836	0	0.017277	0.006486
2376.571000099182	245.418848	836	0	0.021048	0.006486
2378.565000295639	313.596424	836	0	0.017474	0.006486
2380.565000295639	349.443248	847	0	0.017507	0.006486
2382.571000099182	335.454392	894	0	0.020812	0.006486
2384.565000295639	363.847608	952	0	0.019549	0.006894
2386.573000192642	226.146872	982	0	0.01577	0.006894
2388.56600022316	18.604208	944	0	0.01712	0.006894
2390.56600022316	375.26104	1028	0	0.016389	0.006894
2392.56600022316	364.421456	1064	0	0.020317	0.006894
2394.565000295639	306.972288	1064	0	0.016304	0.006894
2396.56600022316	308.575696	1064	0	0.019023	0.006894
2398.565000295639	1.8864	1040	0	0.01919	0.006894
2400.5670001506805	237.577296	820	0	0.018562	0.006894
2402.56600022316	328.583576	658	0	0.019373	0.006894
2404.565000295639	294.181424	636	0	0.017396	0.006894
2406.572000026703	212.530832	636	0	0.018845	0.006894
2408.56600022316	195.0644	636	0	0.015244	0.006894
2410.565000295639	197.420536	658	0	0.019631	0.006894
2412.565000295639	25.478336	704	0	0.019527	0.006894
2414.571000099182	216.167456	690	0	0.017518	0.006894
2416.5680000782013	238.626384	786	0	0.019568	0.006894
2418.56600022316	313.596752	791	0	0.016283	0.006894
2420.5750000476837	295.443392	816	0	0.016679	0.006894
2422.56600022316	0.806432	796	0	0.02117	0.006894
2424.565000295639	201.343592	570	0	0.019988	0.006894
2426.565000295639	305.909208	590	0	0.018624	0.006894
2428.5640001296997	225.6662	590	0	0.019981	0.006894
2430.5680000782013	35.267632	564	0	0.019874	0.006894
2432.565000295639	87.613688	564	0	0.016425	0.006894
2434.565000295639	297.862176	546	0	0.015633	0.006894
2436.569000005722	29.529632	746	0	0.016786	0.006894
2438.573000192642	95.14276	747	0	0.018334	0.006894
2440.574000120163	221.027856	780	0	0.020901	0.006894
2442.5670001506805	223.266232	780	0	0.022413	0.006894
2444.565000295639	249.14272	780	0	0.0183	0.006894
2446.569000005722	15.89656	800	0	0.016498	0.006894
2448.56600022316	223.736256	800	0	0.024367	0.006894
2450.5670001506805	278.244776	800	0	0.019898	0.006894
2452.5670001506805	221.631872	684	0	0.017028	0.006894
2454.5670001506805	324.368568	708	0	0.017494	0.006894
2456.5680000782013	354.957472	778	0	0.017107	0.006894
2458.5680000782013	330.961256	810	0	0.020221	0.006894
2460.572000026703	3.463408	782	0	0.017451	0.006894
2462.579000234604	300.897504	416	0	0.017426	0.006542
2464.5680000782013	175.721896	416	0	0.018511	0.006542
2466.569000005722	219.429048	416	0	0.015703	0.006542
2468.5670001506805	158.889504	436	0	0.021308	0.006542
2470.5670001506805	2.520904	396	0	0.019177	0.006542
2472.565000295639	202.616344	396	0	0.015186	0.006542
2474.5670001506805	242.917376	773	0	0.018858	0.006542
2476.5670001506805	242.917376	846	0	0.018307	0.006542
2478.5680000782013	264.515208	720	0	0.016977	0.006542
2480.56600022316	290.971312	786	0	0.016084	0.006542
2482.5670001506805	254.59976	802	0	0.019208	0.006542
2484.5830001831055	2.33056	842	0	0.017043	0.006542
2486.5680000782013	331.932232	882	0	0.0165	0.006542
2488.5680000782013	308.806384	932	0	0.019253	0.006542
2490.56600022316	328.191584	932	0	0.01798	0.006542
2492.5700001716614	108.81548	956	0	0.018268	0.006542
2494.5640001296997	21.77816	956	0	0.020297	0.006542
2496.5640001296997	56.637168	956	0	0.02144	0.006542
2498.56600022316	57.659144	284	0	0.021324	0.006542
2500.56600022316	93.119032	314	0	0.018108	0.006542
2502.5700001716614	86.633792	262	0	0.018825	0.006542
2504.5940001010895	127.027528	320	0	0.016745	0.006542
2506.569000005722	166.941312	316	0	0.01088	0.006542
2508.5680000782013	2.869072	346	0	0.0167	0.006542
2510.5680000782013	198.854872	358	0	0.017177	0.006542
2512.5670001506805	150.14156	444	0	0.016462	0.006542
2514.571000099182	228.332376	500	0	0.018399	0.006542
2516.5670001506805	191.852824	482	0	0.019599	0.006542
2518.56600022316	32.387392	571	0	0.015102	0.006542
2520.56600022316	301.74656	738	0	0.019194	0.006542
2522.571000099182	280.930232	782	0	0.019264	0.006542
2524.5680000782013	251.03972	782	0	0.020099	0.006542
2526.56600022316	274.90324	832	0	0.019681	0.006542
2528.565000295639	241.311616	824	0	0.01453	0.006542
2530.574000120163	241.311616	824	0	0.022806	0.006542
2532.5700001716614	2.618048	472	0	0.019624	0.006542
2534.56600022316	234.588472	354	0	0.020215	0.006542
2536.5670001506805	111.040424	354	0	0.020216	0.006542
2538.5750000476837	156.666104	338	0	0.018327	0.006542
2540.5640001296997	118.684992	354	0	0.018487	0.006542
2542.565000295639	1.4632	546	0	0.020776	0.006542
2544.573000192642	50.77548	384	0	0.017789	0.006542
2546.569000005722	97.951712	392	0	0.016855	0.006542
2548.565000295639	174.770184	347	0	0.018343	0.006542
2550.565000295639	145.517696	436	0	0.018456	0.006542
2552.5680000782013	161.968088	448	0	0.01811	0.006542
2554.5700001716614	172.114856	534	0	0.017373	0.006542
2556.5680000782013	0.981016	568	0	0.018767	0.006542
2558.56600022316	222.288472	616	0	0.018842	0.006542
2560.5670001506805	228.949464	648	0	0.017078	0.006542
2562.565000295639	281.015488	714	0	0.019601	0.006542
2564.5670001506805	320.356952	763	0	0.0174	0.006542
2566.5700001716614	26.594904	636	0	0.01581	0.006542
2568.565000295639	181.845872	636	0	0.022604	0.006542
2570.569000005722	104.91448	636	0	0.019288	0.006542
2572.571000099182	374.05756	636	0	0.015575	0.006542
2574.574000120163	360.279168	664	0	0.020367	0.006542
2576.5670001506805	348.31428	678	0	0.015354	0.006542
2578.5680000782013	301.232992	1106	0	0.017839	0.006542
2580.571000099182	2.004112	1106	0	0.020635	0.006542
2582.565000295639	251.749128	1106	0	0.018464	0.006542
2584.5700001716614	352.296976	1082	0	0.021667	0.006542
2586.572000026703	343.333328	1152	0	0.017786	0.006542
2588.565000295639	343.333328	1092	0	0.018616	0.006542
2590.5670001506805	3.4202	1092	0	0.018498	0.006542
2592.56600022316	361.399744	1098	0	0.01947	0.006542
2594.571000099182	446.22292	1098	0	0.017449	0.006542
2596.572000026703	508.20444	1209	0	0.019344	0.006542
2598.5759999752045	393.795848	1254	0	0.031067	0.006542
2600.5680000782013	400.471048	972	0	0.017262	0.006542
2602.577000141144	293.286544	1000	0	0.019318	0.006542
2604.565000295639	18.70236	1000	0	0.01625	0.006542
2606.572000026703	333.831072	1000	0	0.016411	0.006542
2608.5670001506805	247.946592	994	0	0.018425	0.006542
2610.569000005722	267.837088	1092	0	0.021342	0.006542
2612.569000005722	281.14564	912	0	0.022966	0.006542
2614.572000026703	2.538576	882	0	0.018802	0.006542
2616.5700001716614	344.88708	912	0	0.014987	0.006542
2618.5680000782013	297.281592	894	0	0.020387	0.006542
2620.5670001506805	272.347392	854	0	0.019117	0.006542
2622.569000005722	204.843984	854	0	0.01851	0.006542
2624.569000005722	337.079496	916	0	0.017288	0.006542
2626.569000005722	293.925792	894	0	0.021394	0.006542
2628.574000120163	6.128416	820	0	0.017511	0.006542
2630.5680000782013	291.015792	842	0	0.017456	0.006542
2632.571000099182	368.294704	844	0	0.015095	0.006542
2634.5680000782013	368.294704	834	0	0.019367	0.006542
2636.569000005722	313.994568	834	0	0.016976	0.006542
2638.5700001716614	0.707144	898	0	0.017047	0.006542
2640.5680000782013	373.685528	1052	0	0.017111	0.006542
2642.569000005722	336.963072	1052	0	0.018962	0.006542
2644.569000005722	325.305808	956	0	0.020456	0.006542
2646.574000120163	236.196968	956	0	0.027831	0.006542
2648.5670001506805	67.265016	630	0	0.015355	0.006542
2650.5680000782013	281.02552	598	0	0.020892	0.006542
2652.569000005722	4.828936	456	0	0.019041	0.006542
2654.569000005722	238.823256	474	0	0.016053	0.006542
2656.5700001716614	184.21252	456	0	0.017153	0.006542
2658.5700001716614	206.835928	492	0	0.01905	0.006542
2660.5680000782013	207.191128	764	0	0.021462	0.006542
2662.5680000782013	2.07484	764	0	0.017611	0.006542
2664.577000141144	259.567592	782	0	0.020098	0.006542
2666.569000005722	203.509296	764	0	0.019455	0.006542
2668.5680000782013	209.242536	794	0	0.016935	0.006542
2670.5700001716614	285.293832	4	0	0.017872	0.006542
2672.569000005722	35.967152	834	0	0.016578	0.006542
2674.5680000782013	309.766912	790	0	0.019155	0.006542
2676.573000192642	1.045888	790	0	0.020136	0.006542
2678.5680000782013	204.631424	790	0	0.021415	0.006542
2680.5680000782013	319.7124	790	0	0.015947	0.006542
2682.5670001506805	329.115856	770	0	0.016775	0.006542
2684.5670001506805	199.440232	1040	0	0.0196	0.006542
2686.5670001506805	4.715	562	0	0.016245	0.006542
2688.574000120163	215.146216	582	0	0.018224	0.006542
2690.5680000782013	299.380312	562	0	0.015113	0.006542
2692.5700001716614	266.938064	522	0	0.018147	0.006542
2694.5700001716614	233.25372	522	0	0.019697	0.006542
2696.5700001716614	267.489144	530	0	0.016523	0.006542
2698.5680000782013	247.977952	490	0	0.019018	0.006542
2700.56600022316	2.493192	469	0	0.018891	0.006542
2702.56600022316	225.281896	468	0	0.018486	0.006542
2704.805000305176	264.204768	464	0	0.017698	0.006542
2706.569000005722	151.661328	464	0	0.016213	0.006542
2708.569000005722	290.00664	908	0	0.016827	0.006542
2710.5670001506805	11.459216	836	0	0.015276	0.006542
2712.5680000782013	229.56588	836	0	0.016107	0.006542
2714.569000005722	220.587032	836	0	0.016298	0.006542
2716.569000005722	253.074584	836	0	0.015976	0.006542
2718.5680000782013	258.151184	826	0	0.018117	0.006542
2720.569000005722	254.159208	816	0	0.016952	0.006542
2722.5750000476837	253.226248	898	0	0.020578	0.006542
2724.5680000782013	15.927896	904	0	0.019327	0.006542
2726.573000192642	267.740056	928	0	0.01988	0.006542
2728.5670001506805	362.045912	974	0	0.015598	0.006542
2730.5670001506805	362.045912	978	0	0.016001	0.006542
2732.5700001716614	319.850968	1050	0	0.018002	0.006542
2734.5680000782013	14.426872	1050	0	0.020799	0.006542
2736.569000005722	315.038808	1050	0	0.01944	0.006542
2738.5680000782013	0.71232	1022	0	0.019265	0.006542
2740.5680000782013	320.076032	946	0	0.018746	0.006542
2742.5680000782013	223.153808	4	0	0.018088	0.006542
2744.5680000782013	223.153808	874	0	0.014596	0.006542
2746.569000005722	274.80648	896	0	0.020192	0.006542
2748.5670001506805	3.259832	808	0	0.016811	0.006542
2750.56600022316	184.161328	808	0	0.025463	0.006542
2752.5700001716614	293.347392	808	0	0.016487	0.006542
2754.811000108719	291.767904	808	0	0.018265	0.006542
2756.5680000782013	4.651792	702	0	0.018417	0.006542
2758.5700001716614	28.474576	4	0	0.017784	0.006542
2760.569000005722	202.253208	736	0	0.017476	0.006542
2762.569000005722	207.737088	736	0	0.018695	0.006542
2764.5700001716614	175.806312	642	0	0.018902	0.007258
2766.5680000782013	249.08048	678	0	0.015625	0.007258
2768.571000099182	210.200336	678	0	0.01985	0.007258
2770.571000099182	78.18244	828	0	0.018819	0.007258
2772.5680000782013	5.378768	722	0	0.01823	0.007258
2774.571000099182	144.755488	722	0	0.022454	0.007258
2776.569000005722	165.043472	722	0	0.01951	0.007258
2778.569000005722	252.802328	790	0	0.019458	0.007258
2780.5680000782013	249.013168	790	0	0.017625	0.007258
2782.577000141144	3.197152	4	0	0.018528	0.007258
2784.577000141144	112.822712	844	0	0.027903	0.007258
2786.569000005722	241.192872	844	0	0.01943	0.007258
2788.5700001716614	305.897936	844	0	0.016428	0.007258
2790.569000005722	149.46624	788	0	0.017725	0.007258
2792.5759999752045	251.18996	812	0	0.018024	0.007258
2794.5750000476837	223.099536	832	0	0.01904	0.007258
2796.5670001506805	0.768824	736	0	0.018978	0.007258
2798.5700001716614	255.2284	736	0	0.018535	0.007258
2800.577000141144	260.39864	826	0	0.017056	0.007258
2802.5700001716614	314.065312	890	0	0.018758	0.007258
2804.5700001716614	375.857928	916	0	0.016664	0.007258
2806.572000026703	2.589336	964	0	0.016381	0.007258
2808.572000026703	410.664504	1154	0	0.017228	0.007258
2810.571000099182	290.510752	1154	0	0.024473	0.007258
2812.5750000476837	341.03168	1222	0	0.021724	0.007258
2814.573000192642	321.524848	1150	0	0.022378	0.007258
2816.577000141144	294.649464	1150	0	0.024328	0.007258
2818.5680000782013	302.6386	1150	0	0.020268	0.007258
2820.569000005722	1.414896	1118	0	0.016648	0.007258
2822.5700001716614	160.751712	1112	0	0.019495	0.007258
2824.579000234604	82.461864	768	0	0.021422	0.007258
2826.571000099182	301.697416	750	0	0.016127	0.007258
2828.5680000782013	297.4696	748	0	0.016845	0.007258
2830.587000131607	2.229	528	0	0.017157	0.007088
2832.5750000476837	242.925576	572	0	0.01819	0.007088
2834.569000005722	263.275664	548	0	0.016706	0.007088
2836.581000328064	252.115448	572	0	0.015736	0.007088
2838.5759999752045	247.951472	548	0	0.017611	0.007088
2840.5700001716614	297.885368	572	0	0.014836	0.007088
2842.574000120163	354.230632	1004	0	0.016438	0.007088
2844.572000026703	10.784296	1030	0	0.020445	0.007088
2846.569000005722	347.552576	1030	0	0.017581	0.007088
2848.572000026703	256.187168	1030	0	0.017367	0.007088
2850.5800001621246	265.635872	922	0	0.022994	0.007088
2852.572000026703	367.505384	892	0	0.018915	0.007088
2854.5700001716614	3.057984	916	0	0.018184	0.007088
2856.5680000782013	240.329216	940	0	0.017873	0.007088
2858.571000099182	215.775504	940	0	0.01958	0.007088
2860.569000005722	322.170864	940	0	0.021531	0.007088
2862.5700001716614	230.147776	830	0	0.019492	0.007088
2864.816999912262	251.48788	830	0	0.020812	0.007088
2866.572000026703	0.690056	833	0	0.015978	0.007088
2868.5700001716614	13.690312	829	0	0.019109	0.007088
2870.569000005722	320.828024	848	0	0.017276	0.007088
2872.5700001716614	333.993688	893	0	0.014704	0.007088
2874.572000026703	289.664496	918	0	0.019226	0.007088
2876.5700001716614	217.169472	876	0	0.023216	0.007088
2878.573000192642	2.095312	920	0	0.015758	0.007088
2880.571000099182	260.374704	756	0	0.015625	0.007088
2882.569000005722	237.293352	756	0	0.019065	0.007088
2884.5700001716614	202.017152	756	0	0.021196	0.007088
2886.573000192642	206.96268	756	0	0.020343	0.007088
2888.579000234604	362.027464	703	0	0.016075	0.007088
2890.5670001506805	296.140664	4	0	0.018568	0.007088
2892.565000295639	4.073232	908	0	0.016715	0.007088
2894.571000099182	238.105688	698	0	0.016054	0.007088
2896.569000005722	295.439144	678	0	0.017146	0.007088
2898.5680000782013	166.998664	640	0	0.017193	0.007088
2900.581000328064	94.745376	640	0	0.020805	0.007088
2902.5680000782013	28.904232	660	0	0.018065	0.007088
2904.569000005722	50.981264	4	0	0.020968	0.007088
2906.5680000782013	50.981264	919	0	0.02418	0.007088
2908.579000234604	0.637272	278	0	0.017668	0.007088
2910.5700001716614	69.79384	228	0	0.017816	0.007088
2912.5700001716614	79.785312	242	0	0.017083	0.007088
2914.5759999752045	100.896152	248	0	0.01627	0.007088
2916.569000005722	78.654744	258	0	0.018455	0.007088
2918.5700001716614	67.94224	258	0	0.020221	0.007088
2920.569000005722	67.94224	4	0	0.019805	0.007088
2922.571000099182	89.92916	252	0	0.013625	0.007088
2924.574000120163	89.92916	252	0	0.019487	0.007088
2926.569000005722	89.92916	252	0	0.016917	0.007088
2928.569000005722	89.92916	252	0	0.01799	0.007088
2930.5759999752045	114.043936	226	0	0.01013	0.007088
2932.572000026703	122.430408	232	0	0.015987	0.007088
2934.5700001716614	105.639216	244	0	0.018136	0.007088
2936.571000099182	130.556416	224	0	0.011805	0.007026
2938.565000295639	102.415712	220	0	0.018333	0.007026
2940.5700001716614	31.753176	221	0	0.014551	0.007026
2942.569000005722	104.843776	220	0	0.008591	0.007026
2944.571000099182	66.066456	221	0	0.017683	0.007026
2946.571000099182	133.252728	413	0	0.018526	0.007026
2948.5700001716614	189.068856	446	0	0.012529	0.007026
2951.572000026703	164.838704	458	0	0.018492	0.007026
2953.5670001506805	153.659552	446	0	0.020619	0.007026
2955.579000234604	73.50212	446	0	0.01827	0.007026
2957.577000141144	186.036312	324	0	0.011731	0.007026
2958.601000070572	3.032184	326	0	0.018105	0.007026
2961.573000192642	115.97368	332	0	0.01816	0.007026
2963.5700001716614	111.48036	352	0	0.016647	0.007026
2965.578000307083	43.058432	353	0	0.017609	0.007026
2967.5680000782013	33.05244	368	0	0.020267	0.007026
2968.6080000400543	20.800064	479	0	0.020402	0.007026
2971.577000141144	131.39508	226	0	0.014105	0.007026
2973.5670001506805	131.39508	226	0	0.019737	0.007026
2975.571000099182	19.668816	226	0	0.020586	0.007026
2977.569000005722	116.095136	218	0	0.01603	0.007026
2979.572000026703	116.095136	188	0	0.018333	0.006359
2981.569000005722	70.172328	168	0	0.012758	0.006359
2983.5700001716614	26.333888	176	0	0.019405	0.006359
2985.5700001716614	53.040304	152	0	0.018297	0.006359
2987.572000026703	84.099632	140	0	0.013479	0.006359
2989.5700001716614	92.096128	216	0	0.014519	0.006359
2991.5700001716614	91.190624	226	0	0.015593	0.006359
2993.569000005722	84.828576	204	0	0.015019	0.006359
2995.569000005722	111.731896	236	0	0.012452	0.006359
2997.5700001716614	87.525224	244	0	0.022307	0.006359
2999.5700001716614	70.884688	236	0	0.021069	0.006359
3001.578000307083	97.952568	234	0	0.01879	0.006359
3003.5700001716614	106.846168	264	0	0.017342	0.006359
3005.572000026703	109.512736	362	0	0.019995	0.006359
3007.571000099182	2.412224	310	0	0.017251	0.006359
3009.5700001716614	103.435096	302	0	0.01881	0.006359
3011.5700001716614	138.52976	302	0	0.016986	0.006359
3013.573000192642	116.02088	256	0	0.012771	0.006359
3015.571000099182	130.710736	256	0	0.014074	0.006359
3017.572000026703	2.2974	292	0	0.015956	0.006359
3019.573000192642	104.79072	306	0	0.021734	0.006359
3021.572000026703	121.797672	298	0	0.016992	0.006359
3023.572000026703	139.253448	4	0	0.016619	0.006359
3025.5750000476837	85.018632	302	0	0.02376	0.006359
3027.574000120163	153.63888	234	0	0.013013	0.006359
3029.571000099182	161.309456	240	0	0.014705	0.006359
3031.5750000476837	33.307248	223	0	0.016614	0.006266
3033.574000120163	121.67348	206	0	0.014532	0.006266
3035.572000026703	107.226224	208	0	0.015867	0.006266
3037.569000005722	62.68244	208	0	0.019592	0.006266
3039.572000026703	107.05828	208	0	0.020691	0.006266
3041.572000026703	118.977648	168	0	0.016518	0.006266
3043.572000026703	67.360816	168	0	0.021083	0.006266
3045.5750000476837	62.5348	160	0	0.019882	0.006266
3047.5700001716614	57.832704	158	0	0.021859	0.006266
3049.5700001716614	68.19584	142	0	0.017726	0.006266
3051.571000099182	60.372736	138	0	0.016069	0.006266
3053.571000099182	89.432608	265	0	0.016058	0.006266
3055.569000005722	97.03504	216	0	0.018999	0.006266
3057.578000307083	67.20368	228	0	0.015863	0.006266
3059.5700001716614	92.650192	244	0	0.018571	0.006266
3061.571000099182	124.107304	244	0	0.011503	0.006266
3063.571000099182	114.799032	260	0	0.016414	0.006266
3065.574000120163	2.341456	4	0	0.019641	0.006266
3067.573000192642	140.358344	454	0	0.014612	0.006266
3069.572000026703	200.782856	542	0	0.016533	0.006266
3071.572000026703	220.387208	554	0	0.016477	0.006266
3073.5700001716614	237.082136	584	0	0.016885	0.006266
3075.571000099182	196.378864	598	0	0.015518	0.006266
3077.573000192642	201.356688	598	0	0.018206	0.006266
3079.571000099182	5.18124	564	0	0.017534	0.006266
3081.572000026703	240.61716	624	0	0.017969	0.006266
3083.5759999752045	263.82052	624	0	0.018598	0.006266
3085.572000026703	27.950008	482	0	0.01815	0.006266
3087.571000099182	191.693768	464	0	0.016743	0.006266
3089.574000120163	30.005928	414	0	0.016504	0.006266
3091.573000192642	193.59116	396	0	0.01852	0.006266
3093.572000026703	209.048272	428	0	0.015689	0.006266
3095.573000192642	32.381144	4	0	0.015699	0.006266
3097.5670001506805	225.321272	710	0	0.017394	0.006266
3099.571000099182	225.321272	682	0	0.018741	0.006266
3101.573000192642	229.423968	682	0	0.019055	0.006266
3103.574000120163	8.451512	440	0	0.017709	0.006266
3105.578000307083	165.959656	424	0	0.018938	0.006266
3107.572000026703	161.447248	424	0	0.022306	0.006266
3109.571000099182	213.985792	322	0	0.015311	0.006266
3111.574000120163	147.404864	336	0	0.018551	0.006266
3113.572000026703	30.09232	306	0	0.019508	0.006266
3115.574000120163	112.524984	284	0	0.019223	0.006266
3117.572000026703	101.072376	296	0	0.020419	0.006266
3119.572000026703	147.953608	366	0	0.017287	0.006266
3121.571000099182	161.816056	366	0	0.018854	0.006266
3123.5750000476837	198.642008	378	0	0.016781	0.006266
3125.573000192642	135.555824	366	0	0.01885	0.006266
3127.5700001716614	1.460088	362	0	0.018005	0.006266
3129.572000026703	176.345904	4	0	0.016604	0.006266
3131.573000192642	155.274896	508	0	0.018518	0.006266
3133.572000026703	197.177784	442	0	0.011997	0.006266
3135.574000120163	163.039936	546	0	0.018881	0.006266
3137.572000026703	11.670656	624	0	0.01635	0.006266
3139.574000120163	220.4124	666	0	0.013805	0.006266
3141.5759999752045	202.946464	582	0	0.014706	0.006266
3143.5750000476837	248.232656	612	0	0.018859	0.006266
3145.573000192642	237.305208	618	0	0.020461	0.006266
3147.5820002555847	233.095264	618	0	0.021287	0.006266
3149.572000026703	247.529864	618	0	0.020802	0.006266
3151.572000026703	172.876496	693	0	0.019612	0.006266
3153.572000026703	260.438392	856	0	0.017657	0.006266
3155.574000120163	280.00584	888	0	0.018016	0.006266
3157.572000026703	298.301192	888	0	0.015415	0.006266
3159.5759999752045	298.301192	888	0	0.019474	0.006266
3161.572000026703	12.725616	886	0	0.035954	0.006266
3163.574000120163	372.517888	908	0	0.016602	0.006266
3165.572000026703	273.422264	766	0	0.014612	0.006266
3167.571000099182	373.842616	794	0	0.017544	0.006266
3169.572000026703	159.392424	794	0	0.020896	0.006266
3171.572000026703	232.429648	688	0	0.017719	0.006266
3173.574000120163	155.067904	688	0	0.021265	0.006266
3175.574000120163	25.90556	564	0	0.016833	0.006266
3177.572000026703	279.343256	544	0	0.014711	0.006266
3179.573000192642	294.118056	564	0	0.018609	0.006266
3181.573000192642	243.58012	4	0	0.018384	0.006266
3183.574000120163	355.203456	980	0	0.01768	0.006266
3185.573000192642	22.450744	1012	0	0.016769	0.006266
3187.577000141144	270.366384	1012	0	0.020858	0.006266
3189.572000026703	318.742336	1112	0	0.021325	0.006266
3191.573000192642	372.529352	1086	0	0.019844	0.006266
3193.571000099182	388.117008	4	0	0.015252	0.006266
3195.571000099182	34.763784	1102	0	0.018963	0.006266
3197.5700001716614	149.207736	1128	0	0.019661	0.006266
3199.573000192642	32.519352	1008	0	0.014743	0.006266
3201.572000026703	172.964648	1008	0	0.021749	0.006266
3203.573000192642	29.295376	586	0	0.01873	0.006266
3205.573000192642	133.58316	586	0	0.016411	0.006266
3207.573000192642	212.10784	620	0	0.017957	0.006266
3209.573000192642	2.163496	550	0	0.018076	0.006266
3211.5750000476837	244.14544	550	0	0.016262	0.006266
3213.574000120163	232.67216	550	0	0.01861	0.006266
3215.574000120163	234.187832	618	0	0.019349	0.006266
3217.573000192642	286.050752	660	0	0.01911	0.006266
3219.5750000476837	166.220056	660	0	0.014526	0.006266
3221.577000141144	285.689856	884	0	0.01635	0.006266
3223.572000026703	29.9144	718	0	0.013853	0.006266
3225.5750000476837	164.956936	742	0	0.020001	0.006266
3227.572000026703	177.49684	742	0	0.018197	0.006266
3229.572000026703	258.62144	544	0	0.014187	0.006266
3231.574000120163	236.333656	392	0	0.020761	0.006266
3233.5830001831055	2.34052	378	0	0.020467	0.006266
3235.573000192642	210.289896	392	0	0.019295	0.006266
3237.574000120163	166.336104	342	0	0.017007	0.006266
3239.572000026703	142.036768	4	0	0.017258	0.006266
3241.574000120163	180.72044	610	0	0.020175	0.006266
3243.579000234604	254.14212	428	0	0.011591	0.006266
3245.572000026703	216.643376	412	0	0.01894	0.006266
3247.573000192642	242.602776	428	0	0.021139	0.006266
