0.0	0.607136	224	0	0.236111	0.044812
0.5039999485015869	2.866656	186	10	0.068339	0.044812
1.0140001773834229	9.784512	152	0	0.073718	0.044812
2.239000082015991	9.719224	176	53	0.082506	0.044812
2.57200026512146	13.233704	182	0	0.074817	0.044812
4.371000051498413	0.18992	134	0	0.436861	0.044812
6.437000274658203	12.405712	148	0	0.079254	0.044812
8.421000242233276	0.642048	148	0	0.31465	0.044812
10.42300009727478	13.223712	158	0	0.051289	0.044812
12.430000066757202	6.736968	230	0	0.204989	0.044812
14.427000045776367	17.668272	234	0	0.057841	0.044812
16.42200016975403	2.844992	246	0	0.135349	0.044812
18.43500018119812	11.729632	272	0	0.090403	0.044812
20.425000190734863	19.216448	308	0	0.12817	0.045044
22.425000190734863	19.216448	308	0	0.08172	0.045044
24.430000066757202	19.216448	308	0	0.059619	0.045044
26.42300009727478	17.780392	324	0	0.056039	0.045044
28.45300030708313	22.124048	286	0	0.089566	0.045044
30.425000190734863	17.441048	310	0	0.055503	0.045044
32.42900013923645	0.845576	272	0	0.180994	0.045044
34.42300009727478	6.298352	370	0	0.073448	0.045044
36.42300009727478	1.173096	218	0	0.110164	0.045044
38.426000118255615	0.029176	218	0	0.052239	0.045044
40.43500018119812	12.937272	224	0	0.094288	0.045044
42.42700004577637	5.397184	228	0	0.065448	0.045044
44.42500019073486	0.112344	222	0	0.077934	0.045044
46.421000242233276	9.755344	248	0	0.163564	0.045044
48.42500019073486	16.430176	240	0	0.084101	0.045044
50.42300009727478	3.823144	240	0	0.118308	0.045044
52.42400002479553	16.704376	242	0	0.051551	0.045044
54.47700023651123	15.82744	256	0	0.062086	0.045044
56.42400002479553	17.742056	268	0	0.054052	0.045044
58.42200016975403	8.624392	274	0	0.104015	0.045044
60.42300009727478	16.953536	334	0	0.139923	0.045044
62.42200016975403	4.867312	334	0	0.15617	0.045044
64.42000031471252	6.561224	346	0	0.081849	0.045044
66.42400002479553	0.02092	342	0	0.164473	0.045044
68.42000031471252	18.822488	222	0	0.080895	0.045044
70.42400002479553	18.004352	254	0	0.102339	0.045044
72.42200016975403	0.432	308	0	0.08177	0.045044
74.42600011825562	5.535896	302	0	0.255321	0.045044
76.42200016975403	1.075976	256	0	0.132778	0.045044
78.42300009727478	0.813952	326	0	0.089552	0.045044
80.42700004577637	2.219528	230	0	0.19438	0.045044
82.43300008773804	16.831296	310	0	0.057612	0.045044
84.42600011825562	1.156608	332	0	0.090639	0.045044
86.20600008964539	4.544504	408	0	0.11096	0.045044
88.44400024414062	0.428872	150	0	0.098809	0.045044
90.42200016975403	17.1696	226	0	0.065132	0.045044
92.22100019454956	20.281824	282	32	0.05346	0.045044
94.42600011825562	20.718192	272	0	0.076397	0.045044
96.4300000667572	1.011384	270	0	0.12544	0.045044
98.43300008773804	0.149736	246	0	0.103953	0.045044
100.4370002746582	0.623088	268	0	0.119695	0.045044
102.42000031471252	1.616328	382	0	0.098861	0.045044
104.42400002479553	0.264064	310	0	0.107843	0.045044
106.44700002670288	0.113048	304	0	0.202011	0.045044
108.42500019073486	2.869008	241	0	0.112178	0.045044
110.49400019645691	4.313776	148	0	0.1206	0.045044
113.0770001411438	0.604384	128	0	0.083353	0.045044
114.42100024223328	10.905432	166	0	0.05118	0.045044
116.4319999217987	5.487528	208	0	0.082386	0.045044
118.37700009346008	14.574424	250	0	0.054424	0.045044
120.42700004577637	1.256256	308	0	0.235072	0.045044
122.9300000667572	9.279704	190	0	0.287486	0.045044
124.4300000667572	0.109248	224	0	0.165514	0.045044
126.42000031471252	0.14624	224	0	0.076014	0.045044
128.42300009727478	1.114312	214	0	0.405897	0.045121
130.43300008773804	0.205824	217	0	0.055598	0.045121
132.44400024414062	2.132152	248	0	0.160712	0.045121
134.42300009727478	4.733424	256	0	0.113724	0.045121
136.42200016975403	2.386776	204	0	0.079482	0.045121
138.4280002117157	21.294384	228	0	0.065954	0.045121
140.4430000782013	10.29892	264	0	0.090302	0.045121
143.45000004768372	2.341672	240	0	0.05387	0.045121
144.20600008964539	13.163576	236	0	0.054432	0.045121
146.42400002479553	13.78536	188	0	0.07055	0.045121
148.43600034713745	12.53012	188	0	0.05816	0.045121
150.4319999217987	0.120352	202	0	0.103602	0.045121
152.4300000667572	7.421616	174	0	0.052208	0.045121
154.42200016975403	7.955528	256	0	0.166755	0.045121
156.42200016975403	15.795648	246	0	0.062809	0.045121
158.45000004768372	14.888312	222	0	0.063756	0.045121
160.4190001487732	14.234584	232	0	0.105522	0.045121
162.42600011825562	14.234584	232	0	0.061577	0.045121
164.42200016975403	14.478944	242	0	0.111192	0.045121
166.42500019073486	16.772216	258	0	0.080226	0.045121
168.42700004577637	23.223936	270	0	0.070456	0.045121
170.42000031471252	0.489136	270	0	0.09255	0.045121
172.42200016975403	16.162864	324	0	0.086687	0.045121
174.43400025367737	16.882216	264	0	0.067476	0.045121
176.42300009727478	12.903504	278	0	0.082914	0.045121
178.43400025367737	0.133408	180	0	0.112433	0.045121
180.41600012779236	12.358288	278	0	0.052145	0.045121
182.42200016975403	20.655336	278	0	0.055458	0.045121
184.42600011825562	0.19072	316	0	0.085185	0.045121
186.43500018119812	0.054376	294	0	0.067074	0.045121
188.4430000782013	0.213584	220	0	0.076776	0.045121
190.42900013923645	0.073048	254	0	0.076727	0.045121
192.42900013923645	1.436912	202	0	0.146169	0.045121
194.42300009727478	1.459128	262	0	0.075623	0.045121
196.42200016975403	22.814104	248	0	0.072676	0.045121
198.4170002937317	4.32104	260	0	0.102551	0.045121
200.42300009727478	0.018056	280	0	0.139044	0.045121
202.42100024223328	10.6522	280	0	0.173723	0.045121
204.4319999217987	6.759216	280	0	0.100108	0.045121
206.42100024223328	0.80772	280	0	0.185335	0.045121
208.43400025367737	0.546704	234	0	0.187519	0.045121
210.42000031471252	10.60092	234	0	0.114733	0.045121
212.42900013923645	6.093792	244	0	0.082686	0.045121
214.42600011825562	23.825544	250	0	0.079474	0.045121
216.42700004577637	17.087624	324	0	0.095787	0.045121
218.42300009727478	2.39012	324	0	0.104283	0.045121
220.42400002479553	0.034384	212	0	0.130466	0.045121
222.45500016212463	16.360176	208	0	0.101051	0.045121
224.42200016975403	16.446392	336	0	0.072731	0.045121
226.42200016975403	14.034696	336	0	0.075864	0.045121
228.42900013923645	0.143496	270	0	0.108111	0.045121
230.42200016975403	5.882504	246	0	0.08203	0.045121
232.42600011825562	1.13376	272	0	0.139831	0.045121
234.41800022125244	1.451328	270	0	0.128031	0.045121
236.42200016975403	20.01296	342	0	0.065126	0.045121
238.4370002746582	23.54516	350	0	0.097279	0.045121
240.50000023841858	22.316856	278	0	0.07918	0.045121
242.43500018119812	0.23224	306	0	0.088095	0.045121
244.42300009727478	0.237272	276	0	0.125265	0.045121
246.42600011825562	2.511872	286	0	0.076993	0.045121
248.42400002479553	3.480472	236	0	0.114699	0.045121
250.4170002937317	10.518792	372	0	0.156407	0.045121
252.42200016975403	2.01384	337	0	0.102157	0.045121
254.4430000782013	20.761984	284	0	0.072448	0.045121
256.4300000667572	4.552648	302	0	0.081269	0.045121
258.4200003147125	2.648904	302	0	0.142042	0.045121
260.4210002422333	7.005576	248	0	0.069577	0.045121
262.42700004577637	4.88804	210	0	0.113522	0.045121
264.4300000667572	14.958088	268	0	0.141439	0.045121
266.41100001335144	20.62976	268	0	0.074173	0.045121
268.422000169754	20.11604	230	0	0.074687	0.045121
270.4140000343323	12.569944	230	0	0.084789	0.045312
272.41800022125244	3.350664	252	0	0.097494	0.045312
274.422000169754	20.236	274	0	0.070763	0.045312
276.41800022125244	1.640032	264	0	0.094995	0.045312
278.4210002422333	0.0864	294	0	0.080948	0.045312
280.42400002479553	9.530272	234	0	0.080105	0.045312
282.4230000972748	0.055272	226	0	0.135218	0.045312
284.42400002479553	8.177664	354	0	0.056113	0.045312
286.4190001487732	0.91196	292	0	0.089063	0.045312
288.4230000972748	1.990688	224	0	0.126369	0.045312
290.4370002746582	10.595384	296	0	0.139929	0.045312
292.2880001068115	1.545024	196	0	0.090261	0.045312
294.4230000972748	19.716512	288	0	0.058488	0.045312
296.414999961853	3.766032	182	0	0.089854	0.045312
298.43099999427795	0.098776	174	0	0.092504	0.045312
300.42500019073486	15.640024	208	0	0.055708	0.045312
302.4470000267029	0.284376	208	0	0.121083	0.045312
304.4319999217987	0.233544	172	0	0.080278	0.045312
306.42400002479553	0.075376	174	0	0.08622	0.045312
308.4230000972748	12.705056	230	0	0.066442	0.045312
310.41800022125244	17.912464	258	0	0.049539	0.045312
312.4200003147125	4.952456	78	0	0.099597	0.045312
314.4260001182556	0.45236	134	0	0.100166	0.045312
316.4230000972748	0.050704	164	0	0.057666	0.045312
317.9810001850128	79.459792	850	0	0.057365	0.052816
318.257000207901	11.746624	850	0	0.057994	0.052816
318.3589999675751	19.828856	824	15	0.058511	0.052816
318.414999961853	0.925048	170	0	0.221761	0.045312
318.4810001850128	63.07288	870	0	0.057539	0.052816
318.603000164032	63.07288	870	0	0.058648	0.052816
318.72699999809265	63.07288	870	29	0.057521	0.052816
319.7669999599457	76.885528	830	0	0.058255	0.052804
320.047000169754	14.17524	830	0	0.05816	0.052804
320.1480002403259	20.94336	830	0	0.057891	0.052804
320.4130001068115	13.117488	148	0	0.055114	0.045312
322.4260001182556	2.819176	180	0	0.129886	0.045312
324.43800020217896	12.848888	192	0	0.05416	0.045312
326.4140000343323	3.034936	155	0	0.299949	0.045312
328.42400002479553	6.864368	214	0	0.06097	0.045312
330.4210002422333	0.186544	224	0	0.067598	0.045312
332.422000169754	9.319088	200	0	0.054432	0.045312
334.422000169754	12.360872	266	0	0.064708	0.045312
336.42400002479553	14.372976	270	0	0.054124	0.045312
338.422000169754	20.106	214	0	0.055687	0.045312
340.43099999427795	19.635304	260	0	0.067727	0.045312
342.43600034713745	5.094336	248	0	0.15992	0.045312
344.4190001487732	0.068184	382	0	0.12034	0.045312
346.4230000972748	11.811352	152	0	0.062181	0.045312
348.422000169754	18.005744	206	0	0.050648	0.045312
350.42700004577637	0.953976	284	0	0.124272	0.045312
352.422000169754	4.088904	250	0	0.079003	0.045312
354.4260001182556	1.552256	204	0	0.086641	0.045312
356.422000169754	1.290952	274	0	0.10307	0.045245
358.4350001811981	11.024192	364	0	0.073481	0.045245
360.4170002937317	0.37432	224	0	0.08995	0.045245
362.4590001106262	14.439944	260	0	0.081312	0.045245
364.4230000972748	13.172968	374	0	0.151289	0.045245
366.42700004577637	0.484432	550	0	0.144163	0.045245
368.414999961853	0.095456	388	0	0.115021	0.045245
370.4200003147125	1.644408	394	0	0.092537	0.045245
372.47500014305115	10.367904	200	0	0.142279	0.045245
374.422000169754	11.05592	342	0	0.149062	0.045245
376.43099999427795	0.572088	1	1	0.105586	0.045245
378.4190001487732	21.660728	266	0	0.052353	0.045245
380.47900009155273	0.128984	268	0	0.08802	0.045245
382.4210002422333	18.711952	346	0	0.07045	0.045245
384.42500019073486	10.3668	350	0	0.203376	0.045245
386.4210002422333	23.882904	280	0	0.086437	0.045245
389.68100023269653	10.332384	148	0	0.134626	0.045245
390.90500020980835	9.071192	168	42	0.177293	0.045245
393.75999999046326	10.132208	220	0	0.264508	0.045245
394.99300026893616	19.777624	243	54	0.06581	0.045245
396.9430000782013	0.051928	268	0	0.152929	0.045245
398.4190001487732	3.878696	356	47	0.145571	0.045245
400.422000169754	0.430776	230	0	0.128527	0.045245
402.42700004577637	3.4136	226	0	0.148969	0.045245
404.4210002422333	18.0488	244	0	0.083671	0.045245
406.4200003147125	0.87848	366	0	0.098581	0.045245
408.42400002479553	18.192832	414	0	0.373791	0.045245
410.5810000896454	6.797768	308	0	0.533755	0.045245
413.7350001335144	8.0216	182	0	0.158727	0.045245
415.91100001335144	12.344544	180	13	0.10321	0.045245
417.53200030326843	13.873192	170	0	0.101751	0.045245
418.59100008010864	12.730728	202	35	0.174234	0.045245
420.41600012779236	5.388336	198	0	0.31304	0.045245
422.4210002422333	14.259016	220	0	0.10562	0.045245
424.414999961853	9.333864	246	0	0.277822	0.045245
426.42400002479553	21.731672	352	0	0.075974	0.045245
428.4230000972748	8.8136	290	0	0.075289	0.045245
430.4170002937317	9.059592	358	0	0.119993	0.045245
432.41800022125244	2.397472	348	0	0.1116	0.045245
434.42900013923645	8.033952	250	0	0.080095	0.045245
436.4190001487732	19.964688	278	0	0.057804	0.045245
438.4140000343323	0.076072	274	0	0.084666	0.045245
440.42700004577637	2.909448	280	0	0.091073	0.045245
442.51200008392334	6.849056	290	0	0.068524	0.045245
445.4200003147125	0.298592	228	0	0.10774	0.045245
446.6250002384186	3.129264	285	0	0.175021	0.045245
449.43400025367737	16.785832	466	0	0.07576	0.045245
451.4450001716614	16.482936	386	0	0.102298	0.045245
453.4230000972748	11.112688	234	0	0.062081	0.045245
455.4440002441406	5.721808	358	0	0.179472	0.045245
457.4200003147125	0.596536	248	0	0.072351	0.045245
459.4170002937317	3.434144	250	0	0.098477	0.045245
461.41800022125244	7.066392	186	0	0.11129	0.045245
463.422000169754	1.2702	4	0	0.085681	0.045245
465.4200003147125	13.29416	242	0	0.116762	0.045245
467.4140000343323	17.609384	220	0	0.058125	0.045245
469.41600012779236	5.230952	220	0	0.077845	0.045245
470.50600004196167	13.38464	344	0	0.057668	0.045245
473.42500019073486	19.842624	344	0	0.085159	0.045245
475.4140000343323	15.53356	370	0	0.070786	0.045245
477.42900013923645	8.97012	230	0	0.055842	0.045245
479.4319999217987	0.114088	290	0	0.074184	0.045245
481.4210002422333	1.4486	252	0	0.083267	0.045245
483.41600012779236	0.240288	254	0	0.146656	0.045245
484.48400020599365	0.446552	258	0	0.100824	0.045245
487.4130001068115	12.417152	240	0	0.081489	0.045245
489.4200003147125	17.605752	282	0	0.091498	0.045245
491.4140000343323	9.3278	294	0	0.066054	0.045245
493.422000169754	0.061368	266	0	0.105376	0.045245
494.7430000305176	0.219384	278	0	0.087126	0.045245
497.4230000972748	0.051448	290	0	0.139601	0.045245
498.7940001487732	16.608944	424	0	0.1206	0.045245
501.4210002422333	0.15184	256	0	0.071219	0.045245
503.4170002937317	12.689832	266	0	0.095517	0.045245
504.8990001678467	13.073464	320	0	0.097411	0.045245
507.42700004577637	21.223192	354	0	0.142028	0.045245
508.8900001049042	0.67416	4	0	0.12283	0.045245
511.4130001068115	22.463736	322	0	0.139425	0.045245
513.4240000247955	5.9172	320	0	0.128703	0.045245
515.4250001907349	21.602816	350	0	0.124664	0.045245
517.1620001792908	0.164648	310	0	0.124009	0.045245
518.5020000934601	10.6674	284	0	0.085732	0.045245
521.4319999217987	15.440816	198	0	0.051746	0.045245
523.4160001277924	14.937128	224	0	0.105345	0.045245
525.4190001487732	12.838712	178	0	0.053622	0.045245
527.4170002937317	19.354384	202	0	0.055573	0.045245
529.4300000667572	7.71296	194	0	0.058005	0.045245
531.4170002937317	19.984008	224	0	0.058291	0.045245
533.4319999217987	9.273656	286	0	0.08813	0.045245
534.8760001659393	0.665664	272	1	0.092043	0.045245
536.5610001087189	9.649296	212	0	0.057938	0.045245
538.5050001144409	19.38584	296	0	0.055679	0.045245
541.4190001487732	0.057944	380	0	0.086921	0.045245
542.5570001602173	22.15204	246	0	0.079857	0.045245
545.4300000667572	1.00156	344	0	0.101572	0.045245
546.8970003128052	15.162832	339	0	0.107042	0.045245
549.4190001487732	20.773936	302	0	0.074274	0.045245
551.4170002937317	27.36744	418	0	0.095998	0.045245
553.4140000343323	0.22768	272	0	0.089871	0.045245
555.4250001907349	7.92756	276	0	0.087919	0.045245
557.4170002937317	0.061888	212	0	0.103868	0.045245
559.4450001716614	18.218192	216	0	0.059909	0.045245
561.4180002212524	0.300936	216	0	0.133129	0.045245
563.4340002536774	1.337816	282	0	0.087827	0.045245
565.4230000972748	15.962488	282	0	0.10421	0.045245
567.4370002746582	7.25184	252	0	0.061578	0.045245
569.0830001831055	0.24712	292	0	0.138834	0.045245
571.422000169754	5.727984	282	0	0.125661	0.045245
573.4190001487732	12.703928	240	0	0.062234	0.045245
575.4280002117157	9.629992	274	0	0.056614	0.045245
577.4240000247955	11.748968	248	0	0.055419	0.045245
579.4270000457764	17.14244	322	0	0.06087	0.045245
581.4140000343323	0.052144	250	0	0.155609	0.045245
583.414999961853	2.531464	268	0	0.082785	0.045245
585.4790000915527	0.073608	298	0	0.119183	0.045245
587.4180002212524	13.201904	264	0	0.050841	0.045245
589.4210002422333	0.38808	222	0	0.107839	0.045245
591.414999961853	6.87936	174	0	0.071329	0.045245
593.4390001296997	4.703088	174	0	0.090676	0.045245
595.4140000343323	11.998936	246	0	0.100723	0.045245
597.4160001277924	0.843456	4	0	0.112892	0.045245
599.4120001792908	14.59488	224	0	0.050264	0.045245
601.414999961853	0.095504	274	0	0.090786	0.045245
603.4130001068115	16.928752	290	0	0.067768	0.045245
605.4170002937317	3.405712	206	0	0.108073	0.045245
607.430999994278	18.939584	280	0	0.077059	0.045245
609.4240000247955	21.290904	334	0	0.068178	0.045245
611.4300000667572	8.4442	272	0	0.078836	0.045245
613.4170002937317	0.111504	272	0	0.101236	0.045245
615.4180002212524	15.073592	196	0	0.053825	0.045245
617.4479999542236	0.781864	174	0	0.151148	0.045245
619.4540002346039	16.923656	254	0	0.053623	0.045245
621.4200003147125	6.326184	260	0	0.078011	0.045245
623.4190001487732	17.190856	268	0	0.071293	0.045245
625.4210002422333	8.188928	260	0	0.053746	0.045245
627.4180002212524	0.05596	260	0	0.190591	0.045245
629.4200003147125	8.297944	250	0	0.118526	0.045245
631.4280002117157	3.97616	252	0	0.126351	0.045245
633.2079999446869	23.362824	306	0	0.067982	0.045245
635.4160001277924	15.05788	370	0	0.084849	0.045245
637.4250001907349	3.476912	166	0	0.093007	0.045245
638.7039999961853	0.132768	276	0	0.074377	0.045245
641.4230000972748	20.78176	248	0	0.06334	0.045245
643.4410002231598	9.023136	232	0	0.127318	0.045245
645.0310001373291	15.696232	248	5	0.093152	0.045245
647.4180002212524	11.91704	396	0	0.162605	0.045245
649.2630000114441	16.46768	162	50	0.057301	0.045208
651.4190001487732	8.611248	234	0	0.080057	0.045208
653.4210002422333	10.803696	206	0	0.071595	0.045208
654.7750000953674	0.09804	230	0	0.100094	0.045208
657.4160001277924	1.981872	262	0	0.157874	0.045208
659.4240000247955	18.655544	266	0	0.074809	0.045208
660.7520000934601	3.422712	338	0	0.105398	0.045208
663.4130001068115	8.023016	370	0	0.05619	0.045208
665.4200003147125	3.922056	272	0	0.115028	0.045208
667.4140000343323	0.676552	224	0	0.100516	0.045208
669.4240000247955	1.690088	138	0	0.107645	0.045208
671.4190001487732	0.0418	194	0	0.07851	0.045208
672.6500000953674	13.283352	228	46	0.05157	0.045208
675.4240000247955	8.500952	249	0	0.054981	0.045208
677.4160001277924	7.385416	168	0	0.115972	0.045208
679.462000131607	16.225544	280	0	0.074496	0.045208
681.1510000228882	12.328744	184	0	0.054951	0.044823
683.4170002937317	19.190048	262	0	0.064062	0.044823
685.4160001277924	10.475104	180	0	0.101879	0.044823
686.7250001430511	0.059912	312	0	0.070677	0.044823
689.4160001277924	11.91384	312	0	0.081159	0.044823
691.4110000133514	22.18508	264	0	0.09293	0.044823
693.422000169754	1.054112	316	0	0.154843	0.044823
695.4110000133514	15.834096	296	0	0.059805	0.044823
696.78600025177	0.719264	294	0	0.088055	0.044823
699.414999961853	22.148696	324	0	0.073151	0.044823
701.4180002212524	4.289728	204	0	0.080086	0.044823
703.4130001068115	0.193456	284	0	0.135815	0.044823
705.4130001068115	23.428656	226	0	0.062255	0.044823
707.4170002937317	23.143584	292	0	0.098615	0.044823
709.4160001277924	2.219224	226	0	0.160878	0.044823
711.430999994278	7.447536	282	0	0.060549	0.044823
713.4170002937317	3.0006	208	0	0.107917	0.044823
715.4190001487732	8.0744	254	0	0.208149	0.044823
717.1300001144409	14.540488	316	43	0.0581	0.044823
719.4319999217987	20.164928	356	0	0.072691	0.044823
721.9460000991821	16.574392	236	0	0.083336	0.044823
724.1100001335144	0.573472	246	0	0.133862	0.044823
725.7140002250671	4.7218	250	0	0.084063	0.044823
727.4210002422333	0.39064	234	0	0.100908	0.044823
729.4190001487732	3.095624	230	0	0.163601	0.044823
731.4280002117157	2.339976	236	0	0.094661	0.044823
733.414999961853	3.647088	252	0	0.098737	0.044823
734.9660000801086	1.645056	268	0	0.066052	0.044823
737.4240000247955	0.107008	236	0	0.132208	0.044823
739.4160001277924	2.626288	236	0	0.084576	0.044823
740.7380001544952	1.122288	242	0	0.084771	0.044823
743.4110000133514	1.877296	280	0	0.094722	0.044823
745.4140000343323	1.577136	4	0	0.071999	0.044823
747.4140000343323	18.937392	288	0	0.089294	0.044823
749.4160001277924	0.951456	210	0	0.118672	0.044823
751.4230000972748	0.848376	238	0	0.075459	0.044823
753.4210002422333	0.77784	272	0	0.087761	0.044823
755.4100000858307	11.00572	248	0	0.084277	0.044823
757.414999961853	5.282976	116	0	0.107923	0.044823
759.414999961853	7.026448	176	0	0.056614	0.044823
761.4160001277924	1.306968	106	0	0.103263	0.044823
763.422000169754	12.809952	168	0	0.067408	0.044823
765.4190001487732	11.63644	168	0	0.061016	0.044823
767.4120001792908	15.853752	173	0	0.053261	0.044731
769.4180002212524	1.15568	166	0	0.081376	0.044731
771.4180002212524	22.284224	304	0	0.058873	0.044731
773.4140000343323	6.601248	186	0	0.081738	0.044731
775.4120001792908	15.419136	197	0	0.060409	0.044731
777.4140000343323	14.263128	242	0	0.067021	0.044731
779.4140000343323	2.105264	242	0	0.09945	0.044731
781.4130001068115	14.083272	166	0	0.070266	0.044731
783.4100000858307	15.563872	240	0	0.157262	0.044731
785.438000202179	1.627664	240	0	0.114112	0.044731
787.4170002937317	7.652808	270	0	0.209026	0.044731
789.4250001907349	0.597904	150	0	0.112389	0.044731
791.4130001068115	1.071944	158	0	0.059466	0.044731
793.4230000972748	14.010368	160	0	0.06777	0.044731
795.4090001583099	17.940392	262	0	0.067205	0.044731
797.4200003147125	1.24108	158	0	0.104858	0.044731
799.4120001792908	1.45476	322	0	0.067615	0.044731
801.4230000972748	5.511056	288	0	0.098952	0.044731
803.4100000858307	4.79388	268	0	0.093617	0.044731
805.4100000858307	3.760136	246	0	0.15106	0.044731
807.414999961853	14.863304	232	0	0.052994	0.044731
809.4300000667572	2.219952	152	0	0.092734	0.044731
811.4120001792908	16.654632	190	0	0.06433	0.044731
813.4140000343323	1.109504	190	0	0.120404	0.044731
815.4100000858307	10.811216	233	0	0.078512	0.044731
817.4170002937317	5.66624	288	0	0.115081	0.044731
819.4140000343323	19.764536	201	0	0.052189	0.044731
821.4160001277924	2.940152	172	0	0.083087	0.044731
823.4230000972748	0.110856	244	0	0.072847	0.044731
825.422000169754	3.142072	204	0	0.119276	0.044731
827.4180002212524	15.579552	194	0	0.060215	0.044731
828.9180002212524	12.435808	386	0	0.063599	0.044731
831.4260001182556	14.133064	252	0	0.063546	0.044731
833.422000169754	0.041272	184	0	0.067625	0.044731
835.4250001907349	21.224792	236	0	0.052576	0.044731
837.4140000343323	0.6674	240	0	0.106514	0.044731
839.414999961853	1.475496	262	0	0.073987	0.044731
841.4500000476837	7.759712	268	0	0.054211	0.044731
843.4200003147125	18.811984	244	0	0.064065	0.044731
845.4170002937317	0.143152	180	0	0.123325	0.044731
847.4110000133514	15.746232	222	0	0.065179	0.044731
849.4520003795624	0.650944	212	0	0.105038	0.044731
851.4090001583099	18.688872	250	0	0.065842	0.044731
853.414999961853	1.236416	240	0	0.080338	0.044731
855.4110000133514	14.451272	268	0	0.070863	0.044731
857.4270000457764	16.060616	166	0	0.144084	0.044731
859.4090001583099	17.397248	220	0	0.080722	0.044731
861.4130001068115	0.278744	218	0	0.10159	0.044731
863.4110000133514	20.953568	294	0	0.070073	0.044731
865.4240000247955	2.688656	196	0	0.117037	0.044731
867.4079999923706	0.73284	234	0	0.094221	0.044731
868.9010002613068	9.563416	282	0	0.065479	0.044731
871.4140000343323	4.648808	352	0	0.142688	0.044731
873.4290001392365	4.779408	330	0	0.07321	0.044731
875.4210002422333	9.886568	326	0	0.102914	0.044731
877.4190001487732	5.76212	198	0	0.108456	0.044731
879.4110000133514	2.847896	296	0	0.155373	0.044731
881.4170002937317	0.266056	172	0	0.105981	0.044731
883.4140000343323	17.997216	218	0	0.062535	0.044731
885.4160001277924	12.03972	226	0	0.086053	0.044731
887.4190001487732	12.380248	212	0	0.051637	0.044731
888.978000164032	0.031392	182	0	0.048142	0.044731
891.414999961853	0.07952	216	0	0.065302	0.044731
893.449000120163	7.695336	150	36	0.048016	0.044731
895.3090002536774	7.53244	150	0	0.04847	0.044717
896.9360001087189	10.601272	204	0	0.056303	0.044717
899.4190001487732	6.60716	290	0	0.08049	0.044717
901.4160001277924	7.37448	174	0	0.116054	0.044717
903.4110000133514	0.068544	236	0	0.060073	0.044717
904.882000207901	12.278912	236	0	0.055536	0.044717
907.4120001792908	12.062952	154	0	0.056251	0.044717
909.4160001277924	0.07276	140	0	0.063515	0.044717
911.414999961853	13.643968	205	0	0.052673	0.044717
913.4160001277924	0.066336	212	0	0.116117	0.044717
915.4140000343323	0.133432	262	0	0.075348	0.044717
917.0450003147125	13.20164	236	1	0.125385	0.044717
919.4140000343323	10.693	268	0	0.092833	0.044717
921.1590001583099	7.121744	92	0	0.054814	0.044717
922.9770002365112	7.045264	122	30	0.052573	0.044717
925.4120001792908	3.339336	132	0	0.068655	0.044717
927.4120001792908	0.220352	136	0	0.070743	0.044717
929.4190001487732	4.125944	134	0	0.081691	0.044717
931.4090001583099	9.768328	172	0	0.143749	0.044717
933.4160001277924	0.0508	174	0	0.135635	0.044717
935.414999961853	13.034488	176	0	0.07282	0.044717
937.4100000858307	4.91072	4	0	0.104604	0.044717
939.4070000648499	11.770512	164	0	0.058005	0.044717
941.4100000858307	0.366272	162	0	0.074406	0.044717
943.4120001792908	2.019376	110	0	0.12289	0.044717
945.4120001792908	0.404288	108	0	0.140373	0.044717
947.4140000343323	12.92772	204	0	0.055883	0.044717
949.4120001792908	11.629864	150	0	0.150143	0.044717
951.4110000133514	8.11884	142	0	0.071616	0.044717
953.4110000133514	13.576848	200	0	0.056912	0.044717
955.422000169754	15.04452	332	0	0.078798	0.044717
957.797000169754	10.363864	180	52	0.063434	0.044717
959.414999961853	7.389456	186	0	0.110037	0.044717
961.414999961853	6.809984	118	0	0.095022	0.044717
963.4070000648499	10.112232	208	0	0.062601	0.044717
965.4160001277924	1.559008	206	0	0.069724	0.044717
967.4190001487732	19.12832	244	0	0.066586	0.044717
969.4090001583099	0.582752	212	0	0.180466	0.044717
971.4140000343323	0.073072	254	0	0.067748	0.044717
973.4170002937317	9.921488	244	0	0.082915	0.044717
975.4030001163483	5.149744	234	0	0.069439	0.044717
977.4100000858307	1.11792	190	0	0.163924	0.044717
979.4079999923706	18.148648	308	0	0.083198	0.044717
981.414999961853	0.142	233	0	0.133707	0.044717
983.4140000343323	22.47492	320	0	0.101737	0.044717
985.4190001487732	14.239528	300	0	0.147593	0.044717
987.4180002212524	23.697632	247	0	0.116514	0.044717
989.0600001811981	0.13144	322	0	0.057917	0.044717
991.414999961853	17.24676	214	0	0.05602	0.044717
993.4110000133514	1.310824	184	0	0.107297	0.044717
995.4140000343323	0.144248	222	0	0.075963	0.044717
997.414999961853	1.126144	206	0	0.107859	0.044717
999.4120001792908	7.988296	246	0	0.05449	0.044717
1001.4170002937317	6.68756	246	0	0.098014	0.044717
1003.4210002422333	13.438784	242	0	0.075623	0.044717
1005.0950000286102	0.079784	254	0	0.088204	0.044717
1007.4110000133514	7.727168	292	0	0.092498	0.044717
1009.2370002269745	15.543352	186	38	0.063873	0.044717
1011.4740002155304	18.42224	280	0	0.050864	0.044717
1013.4140000343323	18.695104	280	0	0.100366	0.044717
1015.4140000343323	2.042808	218	0	0.092198	0.044717
1017.4130001068115	2.193072	202	0	0.089067	0.044717
1019.4820001125336	0.626232	284	0	0.127458	0.044717
1021.433000087738	0.48824	168	0	0.097202	0.044717
1023.4140000343323	18.831896	234	0	0.05384	0.044717
1025.4110000133514	0.05368	206	0	0.098709	0.044717
1027.414999961853	20.681568	252	0	0.074786	0.044717
1029.4110000133514	9.316672	130	0	0.094101	0.044717
1031.4160001277924	11.140016	182	0	0.056586	0.044687
1033.4100000858307	1.760664	156	0	0.115938	0.044687
1035.4079999923706	11.078992	208	0	0.050536	0.044687
1037.4070000648499	2.01276	142	0	0.082925	0.044687
1039.414999961853	17.990904	208	0	0.061013	0.044687
1041.4210002422333	0.02656	4	0	0.101939	0.044687
1043.4200003147125	22.595936	278	0	0.06952	0.044687
1045.3620002269745	1.402888	224	0	0.102124	0.044687
1047.4130001068115	0.091448	330	0	0.064587	0.044687
1049.422000169754	0.265256	290	0	0.119726	0.044687
1051.40900015831	1.137912	238	0	0.090401	0.044687
1053.4140000343323	0.067072	352	0	0.082012	0.044687
1055.4160001277924	0.268256	256	0	0.075487	0.044687
1057.4140000343323	6.860232	222	0	0.068265	0.044687
1059.4120001792908	20.28532	222	0	0.061624	0.044687
1061.4160001277924	18.893088	248	0	0.074898	0.044687
1063.4120001792908	18.258152	254	0	0.084475	0.044687
1065.4170002937317	6.40692	73	0	0.148477	0.044687
1067.4200003147125	9.541752	168	0	0.048543	0.044687
1069.4190001487732	18.643768	198	0	0.048011	0.044687
1071.4170002937317	6.5392	250	0	0.065799	0.044687
1073.4180002212524	9.7796	212	0	0.075481	0.044687
1075.4140000343323	16.939064	298	0	0.090637	0.044687
1077.4140000343323	1.45988	122	0	0.098406	0.044687
1079.4170002937317	14.877936	250	0	0.057576	0.044687
1081.40900015831	1.100104	230	0	0.093576	0.044687
1083.4170002937317	0.453904	362	0	0.08022	0.044687
1085.414999961853	0.636264	296	0	0.141426	0.044687
1087.4120001792908	14.848024	364	0	0.186105	0.044687
1089.4100000858307	5.073448	232	0	0.077221	0.044687
1091.414999961853	12.92376	266	0	0.097921	0.044687
1093.4140000343323	0.807256	174	0	0.106683	0.044687
1095.4120001792908	7.362656	302	0	0.063661	0.044687
1097.4100000858307	1.262144	246	0	0.083533	0.044687
1099.4170002937317	4.818264	252	0	0.086961	0.044687
1101.414999961853	1.253384	334	0	0.114489	0.044687
1103.4180002212524	14.211912	280	0	0.059631	0.044687
1105.4160001277924	0.198064	192	0	0.131646	0.044687
1107.414999961853	16.768944	198	0	0.052011	0.044687
1109.4290001392365	14.093328	178	0	0.055864	0.044687
1111.4130001068115	21.613792	294	0	0.079671	0.044687
1113.4180002212524	10.786992	240	0	0.139884	0.044687
1115.4100000858307	5.295808	298	0	0.07297	0.044687
1117.4110000133514	17.066464	4	0	0.082347	0.044687
1119.4110000133514	7.843632	246	0	0.054448	0.044687
1121.4079999923706	0.472544	228	0	0.12895	0.044687
1123.4110000133514	0.636448	304	0	0.112496	0.044687
1125.414999961853	0.144592	344	0	0.072186	0.044687
1127.4030001163483	0.72292	296	0	0.112607	0.044687
1129.4260001182556	1.475936	180	0	0.094831	0.044687
1131.4170002937317	7.751288	354	0	0.059896	0.044687
1133.4180002212524	0.068736	250	0	0.078729	0.044687
1135.4140000343323	3.789856	238	0	0.099565	0.044687
1137.4140000343323	3.885888	206	0	0.102268	0.044687
1139.4079999923706	14.958864	280	0	0.075264	0.044687
1141.4140000343323	5.730056	200	0	0.104472	0.044687
1143.406000137329	3.597376	314	0	0.059744	0.044687
1145.4130001068115	15.693568	226	0	0.052002	0.044687
1147.4120001792908	16.166576	322	0	0.104496	0.044687
1149.4130001068115	2.172952	170	0	0.074691	0.044687
1151.4120001792908	0.799064	376	0	0.079226	0.044687
1153.4070000648499	4.55828	198	0	0.141423	0.044687
1155.4130001068115	10.649808	216	0	0.077282	0.044687
1157.4070000648499	5.620112	252	0	0.118172	0.044687
1159.4140000343323	13.869928	228	0	0.075651	0.044687
1161.4130001068115	0.736512	4	0	0.083606	0.044687
1163.4200003147125	22.462544	328	0	0.087123	0.044687
1165.4180002212524	0.327088	270	0	0.15261	0.044687
1167.414999961853	7.88436	236	0	0.057182	0.044687
1169.4180002212524	6.802264	224	0	0.080559	0.044687
1171.4130001068115	0.869008	230	0	0.157677	0.044687
1173.4110000133514	18.594552	376	0	0.128466	0.044687
1175.4180002212524	18.594552	278	0	0.095787	0.044687
1177.4120001792908	18.594552	234	0	0.055815	0.044687
1179.4120001792908	22.312336	270	0	0.079714	0.044687
1181.4070000648499	0.068264	254	0	0.092163	0.044687
1183.4079999923706	10.047608	254	0	0.058797	0.044687
1185.4140000343323	19.874104	238	0	0.071021	0.044687
1187.4190001487732	1.33688	230	0	0.137972	0.044687
1189.4190001487732	1.706248	270	0	0.082207	0.044687
1191.4140000343323	2.44988	212	0	0.114372	0.044687
1193.4120001792908	1.738408	244	0	0.099207	0.044687
1195.4100000858307	0.103704	284	0	0.093045	0.044687
1197.4110000133514	0.116744	326	0	0.092098	0.044687
1199.4130001068115	0.990704	330	0	0.092318	0.044687
1201.4140000343323	6.63092	214	0	0.09289	0.044687
1203.4140000343323	2.49308	330	0	0.084946	0.044687
1205.40900015831	5.851728	240	0	0.101414	0.044687
1207.4130001068115	3.186568	322	0	0.123389	0.044687
1209.4120001792908	13.85532	210	0	0.094281	0.044687
1211.4110000133514	0.112064	298	0	0.33328	0.044687
1213.4110000133514	0.028776	240	0	0.086136	0.044687
1215.4100000858307	6.487144	226	0	0.068071	0.044687
1217.4200003147125	4.72844	254	0	0.095325	0.044687
1219.406000137329	22.670416	218	0	0.062665	0.044687
1221.414999961853	0.938144	222	0	0.103854	0.044687
1223.4110000133514	0.837968	274	0	0.136095	0.044687
1225.4170002937317	12.28004	334	0	0.092178	0.044687
1227.40900015831	0.029512	264	0	0.087088	0.044687
1229.4130001068115	1.631312	236	0	0.092484	0.044687
1231.4270000457764	15.290328	266	0	0.091746	0.044687
1233.4170002937317	3.162864	222	0	0.078487	0.044687
1235.4100000858307	0.526592	236	0	0.092894	0.044687
1237.4110000133514	0.119456	216	0	0.072848	0.044687
1239.4140000343323	4.669112	238	0	0.134377	0.044687
1241.4120001792908	17.097688	246	0	0.079	0.044687
1243.4200003147125	9.538104	290	0	0.122779	0.044687
1245.422000169754	0.054008	298	0	0.09989	0.044687
1247.4120001792908	8.766072	256	0	0.094997	0.044687
1249.4130001068115	4.10192	226	0	0.17407	0.044687
1251.4070000648499	17.17496	350	0	0.080998	0.044687
1253.4110000133514	4.040192	336	0	0.119128	0.044687
1255.4120001792908	8.17052	232	0	0.069944	0.044687
1257.4140000343323	1.613376	232	0	0.09901	0.044687
1259.4160001277924	9.379688	258	0	0.126887	0.044687
1261.4100000858307	0.056368	260	0	0.116249	0.044687
1263.4200003147125	21.264384	220	0	0.052345	0.044687
1265.4190001487732	0.080744	308	0	0.165709	0.044687
1267.4110000133514	6.9314	248	0	0.123496	0.044687
1269.4140000343323	16.796088	264	0	0.090479	0.044687
1271.4100000858307	0.102288	362	0	0.077508	0.044687
1273.4110000133514	4.004616	126	0	0.088889	0.044687
1275.4110000133514	0.08704	226	0	0.083192	0.044687
1277.422000169754	7.027448	208	0	0.073125	0.044687
1279.414999961853	17.86676	214	0	0.069662	0.044687
1281.4070000648499	0.382008	220	0	0.094397	0.044687
1283.4110000133514	6.400648	238	0	0.088264	0.044687
1285.4100000858307	24.697032	450	0	0.121039	0.044687
1287.4070000648499	7.734448	210	0	0.102634	0.044687
1289.40900015831	0.132968	282	0	0.16252	0.044687
1291.4110000133514	0.87744	283	0	0.0932	0.044687
1293.4110000133514	2.70352	218	0	0.076787	0.044687
1295.4110000133514	20.097144	236	0	0.080407	0.044687
1297.4100000858307	7.494192	248	0	0.055786	0.044687
1299.4079999923706	21.257416	246	0	0.06843	0.044687
1301.4130001068115	0.4624	230	0	0.078979	0.044687
1303.4240000247955	0.3792	234	0	0.09448	0.044687
1305.4110000133514	0.095848	102	0	0.112832	0.044687
1307.4190001487732	11.772768	228	0	0.075415	0.044687
1309.414999961853	19.493288	258	0	0.056036	0.044687
1311.4110000133514	24.326696	290	0	0.051643	0.044687
1313.4130001068115	0.110416	334	0	0.1096	0.044687
1315.4110000133514	25.168064	261	0	0.075671	0.044687
1317.406000137329	4.32632	178	0	0.102487	0.044687
1319.4110000133514	0.050776	242	0	0.167278	0.044687
1321.4120001792908	1.406344	270	0	0.084305	0.044687
1323.422000169754	0.80808	242	0	0.097053	0.044687
1325.4100000858307	0.174368	230	0	0.138686	0.044687
1327.4130001068115	1.678736	246	0	0.098219	0.044687
1329.4240000247955	15.973712	258	0	0.094753	0.044687
1331.4100000858307	0.185424	250	0	0.129089	0.044687
1333.414999961853	0.26676	220	0	0.110597	0.044834
1335.4120001792908	2.293768	390	0	0.061422	0.044834
1337.4100000858307	0.398392	288	0	0.084495	0.044834
1339.4170002937317	2.682512	284	0	0.097139	0.044834
1341.4120001792908	0.235784	216	0	0.112044	0.044834
1343.4260001182556	14.268304	218	0	0.074649	0.044834
1345.4079999923706	0.130824	240	0	0.076095	0.044834
1347.430999994278	2.115888	228	0	0.18738	0.044834
1349.4070000648499	0.421024	222	0	0.096006	0.044834
1351.4140000343323	1.728528	254	0	0.084188	0.044834
1353.40900015831	9.632928	228	0	0.08977	0.044834
1355.430999994278	17.121864	276	0	0.090411	0.044834
1357.4200003147125	1.163392	262	0	0.078024	0.044834
1359.4079999923706	6.275704	228	0	0.065382	0.044834
1361.4120001792908	8.51604	286	0	0.083747	0.044834
1363.4110000133514	15.110568	292	0	0.094105	0.044834
1365.414999961853	1.893496	232	0	0.11182	0.044834
1367.4180002212524	13.588312	236	0	0.103455	0.044834
1369.4140000343323	0.124656	172	0	0.108706	0.044834
1371.4070000648499	16.134784	256	0	0.066661	0.044834
1373.4230000972748	11.642792	238	0	0.056599	0.044834
1375.4110000133514	0.045824	236	0	0.086083	0.044834
1377.4270000457764	2.418944	238	0	0.079042	0.044834
1379.4070000648499	22.568584	244	0	0.094915	0.044834
1381.4100000858307	22.208888	382	0	0.119265	0.044834
1383.4100000858307	8.65896	276	0	0.070029	0.044834
1385.40900015831	25.756472	270	0	0.164397	0.044834
1387.406000137329	1.870224	344	0	0.140542	0.044834
1389.4140000343323	0.064264	208	0	0.096162	0.044834
1391.4100000858307	2.44072	284	0	0.261179	0.044834
1393.4070000648499	6.90352	252	0	0.069864	0.044834
1395.4190001487732	18.769024	270	0	0.109562	0.044834
1397.4100000858307	3.105768	224	0	0.080668	0.044834
1399.4110000133514	1.07756	242	0	0.103325	0.044834
1401.4100000858307	14.315392	308	0	0.145993	0.044834
1403.4079999923706	3.081512	262	0	0.092847	0.044834
1405.4050002098083	4.701376	124	0	0.083495	0.044834
1407.4130001068115	0.189064	273	0	0.085279	0.044834
1409.4110000133514	5.39632	200	0	0.11363	0.044834
1411.4050002098083	12.445064	290	0	0.10278	0.044834
1413.4100000858307	16.332776	226	0	0.061234	0.044834
1415.4530003070831	0.216672	310	0	0.200278	0.044834
1417.4100000858307	18.733344	324	0	0.054459	0.044834
1419.4100000858307	20.736744	298	0	0.050817	0.044834
1421.4050002098083	0.294848	238	0	0.091793	0.044834
1424.4120001792908	0.674128	310	0	0.137664	0.044834
1425.986999988556	13.780288	226	0	0.093912	0.044834
1428.1330001354218	3.801712	270	0	0.109943	0.044834
1429.7610001564026	0.506464	258	0	0.077062	0.044834
1431.7109999656677	2.535144	220	13	0.10358	0.044834
1434.4160001277924	0.386264	248	0	0.093159	0.044834
1435.4900002479553	7.893832	234	0	0.058819	0.044834
1438.4110000133514	0.326568	234	0	0.11076	0.044834
1440.4140000343323	3.188248	260	0	0.095412	0.044834
1442.4130001068115	0.245144	216	0	0.0681	0.044834
1444.4630000591278	0.241168	259	0	0.080069	0.044834
1445.4390001296997	0.027352	202	0	0.054927	0.044834
1448.4430000782013	2.371184	292	0	0.088031	0.044834
1450.4050002098083	12.056552	318	0	0.079339	0.044834
1452.4050002098083	3.492328	220	0	0.065808	0.044962
1454.414999961853	6.06604	270	0	0.228094	0.044962
1456.4180002212524	0.537856	4	0	0.082702	0.044962
1457.4440002441406	0.148024	296	0	0.196784	0.044962
1459.5000002384186	7.753904	220	0	0.059601	0.044962
1462.4110000133514	0.728024	228	0	0.083555	0.044962
1464.4170002937317	6.839168	228	0	0.091894	0.044962
1466.4350001811981	20.82824	370	0	0.07622	0.044962
1468.4070000648499	11.067864	218	0	0.112122	0.044962
1470.40900015831	7.68272	208	0	0.056391	0.044962
1472.4630000591278	22.085904	280	0	0.107691	0.044962
1474.4079999923706	5.413128	280	0	0.084926	0.044962
1476.4570002555847	16.212992	346	0	0.086406	0.044962
1478.4200003147125	1.953648	346	0	0.167965	0.044962
1480.414999961853	2.61164	240	0	0.1141	0.044962
1482.406000137329	12.20384	250	0	0.126008	0.044962
1483.5080003738403	16.9272	252	0	0.067273	0.044962
1486.4100000858307	3.142632	262	0	0.105492	0.044962
1488.433000087738	8.530632	240	0	0.091373	0.044962
1490.4130001068115	0.811896	272	0	0.07787	0.044962
1492.4430000782013	23.686984	282	0	0.079886	0.044962
1494.4040002822876	4.669032	268	0	0.096028	0.044962
1496.4100000858307	0.377144	276	0	0.097976	0.044962
1498.4070000648499	12.213856	234	0	0.120421	0.044962
1500.433000087738	13.21648	286	0	0.109528	0.044962
1502.4270000457764	26.634056	322	0	0.125907	0.044962
1504.4040002822876	16.848544	274	0	0.110533	0.044962
1506.4120001792908	19.978192	218	0	0.083413	0.044962
1507.4890003204346	16.745712	264	0	0.053164	0.044962
1510.414999961853	1.763672	272	0	0.091429	0.044962
1512.406000137329	18.503832	308	0	0.087362	0.044962
1514.0330002307892	1.04088	260	1	0.215314	0.044962
1516.4200003147125	5.902432	248	0	0.106013	0.044962
1518.4120001792908	8.08828	112	0	0.068675	0.044962
1520.4190001487732	8.04596	118	0	0.048084	0.044962
1522.4079999923706	0.849368	119	0	0.088777	0.044962
1524.4630000591278	15.693048	161	0	0.047706	0.044788
1525.603000164032	1.511408	366	0	0.091091	0.044788
1528.4010002613068	2.708272	270	0	0.097615	0.044788
1530.4030001163483	0.963376	232	0	0.142891	0.044788
1532.40900015831	18.538088	224	0	0.050766	0.044788
1534.4079999923706	0.508576	245	0	0.08615	0.044788
1536.4040002822876	27.178672	352	0	0.065651	0.044788
1538.4070000648499	0.233624	276	0	0.124028	0.044788
1540.4250001907349	1.597096	212	0	0.069392	0.044788
1542.4110000133514	5.327688	172	0	0.167611	0.044788
1544.414999961853	15.7808	246	0	0.062024	0.044788
1546.4120001792908	22.109136	278	0	0.099835	0.044788
1548.4210002422333	1.166408	278	0	0.074507	0.044788
1550.406000137329	17.413608	190	0	0.099862	0.044788
1552.4040002822876	12.0596	296	0	0.105529	0.044788
1554.039999961853	15.641984	184	0	0.054233	0.044788
1556.4030001163483	15.710216	256	0	0.060283	0.044788
1558.406000137329	15.710216	256	0	0.054244	0.044788
1560.4070000648499	0.203088	248	0	0.095968	0.044788
1562.4020001888275	0.376832	246	0	0.106029	0.044788
1564.40900015831	1.949416	246	0	0.107919	0.044788
1566.4079999923706	7.58072	226	0	0.05754	0.044788
1568.4160001277924	0.937152	188	0	0.218606	0.044788
1570.4120001792908	12.591424	206	0	0.058542	0.044788
1572.406000137329	1.193464	220	0	0.119386	0.044788
1574.406000137329	0.16104	202	0	0.095522	0.044788
1575.6080000400543	7.22344	218	0	0.103525	0.044788
1578.40900015831	5.170984	232	0	0.107148	0.044788
1579.770000219345	0.234336	178	0	0.146781	0.044788
1582.4160001277924	3.735976	214	0	0.092075	0.044788
1584.4700000286102	0.177424	194	0	0.152973	0.044788
1585.5999999046326	0.18516	184	0	0.087868	0.044788
1588.4120001792908	0.389104	237	0	0.068093	0.044788
1589.5950000286102	0.144872	126	0	0.126808	0.044788
1592.4050002098083	5.138976	216	0	0.063858	0.044788
1594.414999961853	5.214224	114	0	0.132496	0.044788
1596.4010002613068	9.342936	208	0	0.094622	0.044788
1598.4070000648499	9.423952	208	0	0.061527	0.044788
1600.4030001163483	19.84096	232	0	0.048905	0.044788
1602.4170002937317	19.753512	220	0	0.062856	0.044788
1604.4550001621246	7.569128	268	0	0.052402	0.044788
1606.4050002098083	0.978048	236	0	0.092746	0.044788
1608.414999961853	22.18308	212	0	0.063178	0.044788
1609.869000196457	20.160264	241	48	0.121599	0.044788
1612.4420001506805	12.744016	448	0	0.091679	0.044788
1613.980000257492	0.874632	316	0	0.116352	0.044788
1616.406000137329	0.059336	470	0	0.11012	0.044788
1618.4079999923706	0.641624	486	0	0.197075	0.044788
1620.4180002212524	14.103784	354	0	0.153863	0.044788
1622.4079999923706	2.840872	284	0	0.093129	0.044788
1624.4300000667572	11.556904	170	0	0.057629	0.044788
1626.4079999923706	14.748032	216	0	0.059149	0.044788
1627.6870000362396	0.064616	274	0	0.06832	0.044788
1630.4070000648499	16.62088	274	0	0.071269	0.044788
1632.4110000133514	15.974744	296	0	0.057065	0.044788
1634.40900015831	16.988744	264	0	0.071431	0.044788
1636.4540002346039	16.139952	268	0	0.0627	0.044788
1638.4070000648499	2.018944	248	0	0.080784	0.044788
1640.4070000648499	17.448104	246	0	0.070019	0.044788
1642.4079999923706	12.102496	232	0	0.112737	0.044788
1644.4100000858307	22.554392	300	0	0.067964	0.044788
1646.4180002212524	18.735016	262	0	0.099335	0.044788
1648.4420001506805	20.678872	360	0	0.061762	0.044788
1649.922000169754	0.254464	254	0	0.106479	0.044788
1652.4040002822876	13.135952	280	0	0.143808	0.044788
1654.4020001888275	2.219896	240	0	0.108379	0.044788
1656.4010002613068	17.876464	234	0	0.052568	0.044788
1658.4230000972748	16.902248	214	0	0.095207	0.044788
1660.4690001010895	0.056752	368	0	0.072199	0.044788
1662.4079999923706	0.595472	234	0	0.087852	0.044788
1664.4079999923706	1.864848	248	0	0.099247	0.044788
1666.40900015831	19.613608	236	0	0.060759	0.044788
1668.5960001945496	4.44592	252	0	0.116352	0.044788
1670.6940002441406	2.676112	276	0	0.086064	0.044788
1672.9750001430511	0.232584	112	0	0.06597	0.044788
1675.342000246048	2.448672	170	0	0.652609	0.044788
1676.6860001087189	16.409672	214	32	0.067771	0.044788
1678.4070000648499	14.47448	216	0	0.053383	0.044788
1680.4170002937317	9.461872	210	0	0.193898	0.044788
1682.4040002822876	18.615384	252	0	0.050989	0.044788
1684.4160001277924	17.110072	282	0	0.066789	0.044788
1686.406000137329	0.027968	242	0	0.105119	0.044788
1688.4079999923706	16.9582	234	0	0.055063	0.044788
1690.4020001888275	21.58276	258	0	0.060557	0.044788
1692.40900015831	13.236128	240	0	0.133671	0.044788
1694.40900015831	13.524632	244	0	0.086462	0.044788
1696.406000137329	4.597984	202	0	0.101509	0.044788
1698.4020001888275	22.243936	304	0	0.106208	0.044788
1700.4050002098083	7.125704	182	0	0.083953	0.044788
1702.4479999542236	18.905704	248	0	0.062453	0.044788
1704.4050002098083	2.39828	240	0	0.097306	0.044788
1706.4020001888275	17.459672	326	0	0.053707	0.044788
1708.4070000648499	4.134216	210	0	0.113287	0.044788
1710.4140000343323	2.28068	216	0	0.074353	0.044788
1712.4100000858307	5.570152	334	0	0.089764	0.044788
1714.5400002002716	14.588312	410	0	0.145293	0.044788
1716.4120001792908	0.469536	348	0	0.094673	0.044788
1718.4030001163483	7.275	398	0	0.115103	0.044788
1719.7240002155304	0.900696	23	4	0.130603	0.044788
1722.4420001506805	15.044192	238	0	0.072014	0.044788
1724.4250001907349	3.751664	236	0	0.101077	0.044788
1726.4030001163483	0.115392	278	0	0.088474	0.044788
1728.4130001068115	22.669784	254	0	0.075066	0.044788
1730.4020001888275	21.324768	328	0	0.065354	0.044788
1732.4210002422333	18.901288	250	0	0.088202	0.044788
1734.4079999923706	3.540632	256	0	0.100024	0.044788
1736.4030001163483	3.675288	260	0	0.106701	0.044788
1738.406000137329	15.489456	236	0	0.14693	0.044788
1740.4030001163483	0.598672	240	0	0.096397	0.044788
1742.4100000858307	11.265688	204	0	0.141773	0.044788
1744.1370000839233	9.865704	169	42	0.123227	0.044788
1746.406000137329	4.006728	242	0	0.101361	0.044788
1748.4180002212524	6.300712	220	0	0.074558	0.044788
1750.4070000648499	2.879232	220	0	0.090653	0.044788
1752.422000169754	2.195264	252	0	0.103688	0.044788
1754.4000000953674	8.65296	258	0	0.232386	0.044788
1756.4100000858307	1.701584	312	0	0.083506	0.044788
1758.4050002098083	21.279104	282	0	0.052991	0.044788
1760.4070000648499	16.253432	320	0	0.072153	0.044788
1762.4030001163483	0.4638	326	0	0.076869	0.044788
1764.0079998970032	14.220952	246	0	0.06748	0.044788
1766.4010002613068	4.749456	290	0	0.075652	0.044788
1768.4020001888275	9.131952	158	0	0.069748	0.044788
1770.4120001792908	17.12668	208	0	0.053321	0.044788
1771.755000114441	0.347024	184	0	0.085727	0.044788
1774.4030001163483	18.973352	260	0	0.065344	0.044788
1776.4300000667572	0.307216	284	0	0.097773	0.044788
1778.4230000972748	0.218064	344	0	0.059444	0.044788
1780.406000137329	2.026272	216	0	0.163113	0.044788
1782.406000137329	18.66112	308	0	0.069513	0.044788
1784.4020001888275	19.387936	294	0	0.048523	0.044788
1786.4070000648499	18.749168	300	0	0.068125	0.044788
1788.4010002613068	0.059024	222	0	0.089454	0.044788
1790.4040002822876	0.739552	222	0	0.09684	0.044788
1792.4070000648499	16.724944	298	0	0.093211	0.044788
1794.4160001277924	11.679704	392	0	0.125573	0.044788
1795.8430001735687	5.089712	202	3	0.085561	0.044788
1798.4070000648499	20.174448	358	0	0.065167	0.044788
1800.50200009346	10.495448	150	0	0.053613	0.044788
1801.7940001487732	3.266728	122	0	0.05411	0.044788
1804.406000137329	2.905528	184	0	0.068432	0.044788
1806.4010002613068	9.402936	164	0	0.050505	0.044788
1808.4040002822876	6.94824	176	0	0.067223	0.044788
1810.406000137329	0.177624	188	0	0.054371	0.044788
1812.4079999923706	2.279352	152	0	0.133628	0.044788
1814.4010002613068	0.045424	244	0	0.090113	0.044788
1816.4190001487732	0.202184	150	0	0.104577	0.044788
1818.3960001468658	0.732912	194	0	0.060555	0.044788
1820.4000000953674	0.069632	138	0	0.065399	0.044788
1822.3990001678467	18.261864	304	0	0.059074	0.044788
1824.4070000648499	22.337784	266	0	0.060425	0.044791
1826.4040002822876	3.938736	276	0	0.089596	0.044791
1827.8900001049042	0.13864	234	0	0.0647	0.044791
1830.4000000953674	23.574928	298	0	0.089521	0.044791
1831.922000169754	11.7678	196	0	0.06943	0.044791
1834.4070000648499	16.195408	286	0	0.053627	0.044791
1836.4040002822876	9.055736	246	0	0.104474	0.044791
1838.40900015831	17.720368	232	0	0.054733	0.044791
1840.406000137329	6.016896	232	0	0.063452	0.044791
1842.4010002613068	0.997224	238	0	0.093484	0.044791
1844.406000137329	0.352496	196	0	0.103337	0.044791
1846.4050002098083	17.806408	185	0	0.049884	0.044791
1848.4079999923706	0.603544	192	0	0.167281	0.044791
1850.406000137329	22.3396	232	0	0.059443	0.044791
1852.4030001163483	2.952736	232	0	0.127472	0.044791
1854.4020001888275	17.934704	220	0	0.068639	0.044791
1856.4300000667572	1.278	268	0	0.099323	0.044791
1858.4040002822876	20.19076	326	0	0.056546	0.044791
1860.4020001888275	4.523416	152	0	0.105105	0.044791
1862.3970003128052	15.562104	262	0	0.054889	0.044791
1864.4240000247955	6.667744	170	0	0.098683	0.044791
1866.4110000133514	22.67212	264	0	0.07035	0.044791
1868.4050002098083	6.471072	158	0	0.072304	0.044791
1870.4170002937317	0.254296	198	0	0.05098	0.044791
1872.4020001888275	8.388536	298	0	0.148404	0.044791
1874.4050002098083	10.778888	210	0	0.118893	0.044791
1876.4070000648499	15.432032	248	0	0.053869	0.044791
1878.4030001163483	0.792416	234	0	0.079639	0.044791
1880.4000000953674	3.322712	312	0	0.096318	0.044791
1882.28600025177	7.466712	138	36	0.083314	0.044791
1884.4120001792908	7.3756	138	0	0.049301	0.044791
1886.4030001163483	0.469248	102	0	0.072304	0.044791
1888.4010002613068	8.207352	110	0	0.052886	0.044791
1890.4040002822876	4.354768	132	0	0.097451	0.044791
1892.406000137329	11.197216	144	0	0.052829	0.044791
1894.4070000648499	1.801872	148	0	0.066843	0.044791
1896.4010002613068	10.082536	184	0	0.054019	0.044791
1898.4280002117157	13.58788	202	0	0.050632	0.044791
1900.4030001163483	0.068016	204	0	0.092547	0.044791
1902.4040002822876	4.115112	156	0	0.088778	0.044791
1904.0210001468658	5.300336	302	0	0.112463	0.044791
1906.888000011444	9.79696	162	40	0.048522	0.044791
1909.53400015831	10.14192	166	0	0.056023	0.044791
1911.1780002117157	24.039488	400	0	0.062252	0.044791
1913.4660000801086	2.63676	202	17	0.107143	0.044791
1915.7510001659393	12.303704	4	0	0.117237	0.044791
1918.9450001716614	6.67188	136	22	0.123098	0.044791
1921.930999994278	10.530536	174	0	0.067931	0.044791
1922.5429999828339	0.260464	200	0	0.092524	0.044791
1923.3090002536774	1.039216	188	7	0.111228	0.044791
1924.4120001792908	18.3698	208	0	0.054463	0.044791
1926.4250001907349	13.256056	210	0	0.131733	0.044791
1928.4120001792908	0.499144	210	0	0.134013	0.044791
1930.4100000858307	0.133456	184	0	0.060068	0.044791
1932.4070000648499	6.59056	184	0	0.071785	0.044791
1934.406000137329	16.510864	196	0	0.055774	0.044791
1936.4030001163483	1.36012	184	0	0.114537	0.044791
1938.4030001163483	2.851528	280	0	0.090979	0.044791
1940.4110000133514	17.71496	330	0	0.079896	0.044791
1942.4370002746582	11.903608	306	0	0.091492	0.044791
1944.4020001888275	0.226952	280	0	0.090045	0.044791
1946.3960001468658	0.186752	196	0	0.110424	0.044791
1948.406000137329	22.436456	306	0	0.066918	0.044791
1950.3970003128052	8.18616	240	0	0.072893	0.044791
1952.406000137329	0.505968	162	0	0.098917	0.044791
1954.4000000953674	8.58076	246	0	0.088039	0.044791
1956.3450002670288	9.080496	130	0	0.051347	0.044791
1959.2720000743866	3.335824	178	0	0.110342	0.044791
1960.7269999980927	18.15172	286	29	0.077366	0.044791
1962.398000240326	4.227072	246	0	0.089385	0.044791
1964.406000137329	0.630032	146	0	0.114474	0.044791
1966.3990001678467	1.053176	208	0	0.049548	0.044518
1968.4100000858307	17.844048	272	0	0.088495	0.044518
1970.4140000343323	1.164744	250	0	0.08142	0.044518
1972.4000000953674	19.835048	326	0	0.066322	0.044518
1974.414999961853	0.227744	316	0	0.095244	0.044518
1976.4010002613068	14.565832	256	0	0.071917	0.044518
1978.4210002422333	7.06832	164	0	0.052764	0.044518
1980.4070000648499	20.878992	240	0	0.068076	0.044518
1982.4280002117157	0.139528	156	0	0.132386	0.044518
1984.4030001163483	11.070344	208	0	0.065731	0.044518
1986.4110000133514	0.745336	228	0	0.174182	0.044518
1988.4140000343323	12.414552	232	0	0.054727	0.044518
1990.4010002613068	1.524224	156	0	0.105441	0.044518
1992.3960001468658	15.507696	188	0	0.056558	0.044518
1993.986999988556	0.888352	186	0	0.195213	0.044518
1996.4020001888275	10.896952	212	0	0.06501	0.044518
1998.3990001678467	0.215008	202	0	0.052405	0.044518
2000.4180002212524	2.086288	244	0	0.121292	0.044518
2002.4160001277924	13.608968	330	0	0.115123	0.044518
2004.042000055313	15.61236	212	0	0.049893	0.044518
2006.4000000953674	22.711328	248	0	0.062104	0.044518
2008.4050002098083	2.19384	268	0	0.101999	0.044518
2010.4050002098083	6.136872	214	0	0.11448	0.044518
2012.4240000247955	16.839656	298	0	0.088485	0.044518
2014.4010002613068	1.502312	148	0	0.141746	0.044518
2016.4020001888275	10.652552	218	0	0.049569	0.044518
2018.3990001678467	1.429688	222	0	0.160416	0.044518
2020.4170002937317	16.431768	222	0	0.066111	0.044518
2022.3960001468658	0.320224	130	0	0.153789	0.044518
2024.4020001888275	17.935576	208	0	0.052503	0.044518
2026.4050002098083	19.996136	220	0	0.047883	0.044518
2028.40900015831	0.157376	206	0	0.113452	0.044518
2030.4040002822876	0.816584	266	0	0.072342	0.044518
2032.4020001888275	2.9868	248	0	0.079257	0.044518
2034.4100000858307	21.006648	248	0	0.064931	0.044518
2036.4030001163483	7.950616	280	0	0.060233	0.044518
2038.4010002613068	0.916976	260	0	0.124485	0.044518
2040.4000000953674	14.598536	274	0	0.069552	0.044518
2042.4020001888275	0.519424	258	0	0.144469	0.044518
2044.4020001888275	19.909416	258	0	0.062063	0.044518
2046.4280002117157	2.357816	200	0	0.069239	0.044518
2048.4020001888275	0.22828	240	0	0.10056	0.044518
2050.4040002822876	0.182992	222	0	0.102805	0.044518
2052.4050002098083	2.806112	238	0	0.080535	0.044518
2054.4079999923706	0.686352	250	0	0.090034	0.044518
2056.40900015831	22.204976	250	0	0.06863	0.044518
2058.422000169754	1.442328	232	0	0.107116	0.044518
2060.406000137329	21.9892	218	0	0.050733	0.044518
2062.4040002822876	1.617488	214	0	0.102996	0.044518
2064.4000000953674	0.881432	250	0	0.080364	0.044518
2066.4140000343323	7.026312	230	0	0.080428	0.044518
2068.4140000343323	0.272736	218	0	0.109706	0.044518
2070.4010002613068	15.359224	304	0	0.061515	0.044518
2072.4010002613068	0.073008	308	0	0.068424	0.044518
2074.4010002613068	16.208168	318	0	0.077563	0.044518
2076.4200003147125	0.022312	272	0	0.155696	0.044518
2078.4040002822876	16.396328	300	0	0.199151	0.044518
2080.4010002613068	18.859216	192	0	0.10557	0.044518
2082.4040002822876	20.155424	242	0	0.081366	0.044518
2084.4040002822876	21.629472	284	0	0.081233	0.044518
2086.4030001163483	15.550456	332	0	0.073062	0.044518
2088.4030001163483	1.995272	194	0	0.181772	0.044518
2090.406000137329	1.662328	270	0	0.132563	0.044518
2092.4020001888275	3.884296	220	0	0.091443	0.044518
2094.406000137329	5.818248	260	0	0.067001	0.044518
2096.4050002098083	0.256528	230	0	0.083425	0.044518
2098.4020001888275	17.19456	240	0	0.067073	0.044518
2100.4010002613068	20.57724	240	0	0.072201	0.044518
2102.4180002212524	19.251344	274	0	0.085676	0.044518
2104.406000137329	2.011232	258	0	0.373674	0.044518
2106.422000169754	22.038552	332	0	0.105265	0.044518
2108.4110000133514	20.858936	332	0	0.069311	0.044518
2110.4040002822876	1.659632	258	0	0.125269	0.044518
2112.4040002822876	2.168704	234	0	0.160077	0.044518
2114.4079999923706	1.737736	222	0	0.108669	0.044518
2116.4030001163483	21.138264	278	0	0.064838	0.044518
2118.4140000343323	0.252784	272	0	0.074568	0.044518
2120.4030001163483	18.209088	266	0	0.094493	0.044518
2122.40900015831	1.109536	268	0	0.090963	0.044518
2124.4030001163483	0.129048	212	0	0.085902	0.044518
2126.4000000953674	1.089064	254	0	0.089175	0.044518
2128.4010002613068	18.24724	294	0	0.083932	0.044518
2130.4020001888275	0.860048	252	0	0.10048	0.044518
2132.40700006485	7.492432	292	0	0.063264	0.044518
2134.4200003147125	7.712896	254	0	0.093805	0.044518
2136.423000097275	0.045576	236	0	0.152635	0.044518
2138.4010002613068	0.09892	314	0	0.063084	0.044518
2140.40900015831	0.219672	226	0	0.098437	0.044518
2142.4030001163483	20.664104	268	0	0.09219	0.044518
2144.4000000953674	7.346736	248	0	0.092343	0.044518
2146.4030001163483	1.9808	326	0	0.083111	0.044518
2148.4040002822876	0.387728	678	0	0.169086	0.044518
2149.7439999580383	72.455944	364	0	0.023601	0.016422
2149.7930002212524	31.025416	324	15	0.022909	0.016422
2149.9430000782013	78.763576	356	0	0.026841	0.016422
2150.1330001354218	76.038736	472	0	0.025164	0.016422
2150.265000104904	83.949792	498	0	0.031008	0.016422
2150.382000207901	83.836144	534	0	0.050779	0.016422
2150.4000000953674	0.384456	246	0	0.086501	0.044518
2150.50200009346	101.964656	566	0	0.02723	0.016422
2150.6680002212524	67.602008	566	0	0.043741	0.016422
2151.0220000743866	110.403224	512	0	0.025243	0.016422
2152.4120001792908	0.1426	162	0	0.168493	0.044518
2154.398000240326	13.42028	286	0	0.112374	0.044518
2156.4000000953674	0.092832	224	0	0.131189	0.044518
2158.419000148773	2.015472	246	0	0.091626	0.044518
2160.40700006485	1.979256	208	0	0.112682	0.044518
2162.4000000953674	1.634944	190	0	0.103133	0.044518
2164.4110000133514	9.890848	308	0	0.152472	0.044518
2166.406000137329	7.929008	270	0	0.145467	0.044518
2168.4020001888275	21.778256	250	0	0.074722	0.044518
2170.4040002822876	7.544104	392	0	0.057662	0.044518
2172.406000137329	17.548592	324	0	0.138525	0.044518
2174.322000026703	0.27696	446	0	0.127495	0.044518
2176.4040002822876	1.364184	232	0	0.11546	0.044518
2178.4100000858307	8.3314	306	0	0.147869	0.044518
2180.422000169754	11.598072	234	0	0.059154	0.044518
2182.4030001163483	0.05496	130	0	0.101154	0.044518
2184.397000312805	17.59648	182	0	0.049141	0.044518
2186.406000137329	0.40628	208	0	0.102963	0.044518
2188.4020001888275	9.802392	264	0	0.091968	0.044518
2190.4079999923706	10.038904	238	0	0.084771	0.044518
2192.4079999923706	1.452832	218	0	0.086367	0.044518
2194.4000000953674	9.613744	218	0	0.052239	0.044518
2196.406000137329	11.975336	314	0	0.079601	0.044518
2198.4020001888275	0.125264	311	0	0.061053	0.044518
2200.4509999752045	0.657256	320	0	0.082733	0.044518
2202.406000137329	0.07884	254	0	0.217722	0.044518
2204.4140000343323	20.455128	260	0	0.059566	0.044518
2206.3990001678467	0.020024	260	0	0.102508	0.044518
2208.44100022316	0.151104	280	0	0.076571	0.044518
2210.4120001792908	0.167424	122	0	0.113747	0.044518
2210.936000108719	18.776544	616	0	0.037513	0.01591
2210.9830000400543	69.721584	590	15	0.029202	0.01591
2211.028000354767	69.721584	590	0	0.02618	0.01591
2211.088000059128	32.752368	590	28	0.024689	0.01591
2211.151999950409	75.058656	520	0	0.031274	0.01591
2211.209000110626	75.058656	520	0	0.035165	0.01591
2211.2720000743866	75.058656	520	28	0.038664	0.01591
2211.3440001010895	101.977784	419	0	0.036658	0.01591
2212.263000011444	101.977784	428	0	0.041558	0.01591
2212.4010002613068	0.303392	152	0	0.150194	0.044518
2214.265000104904	79.280128	438	0	0.030008	0.01591
2214.4000000953674	9.657464	148	0	0.052336	0.044518
2216.3990001678467	7.423656	188	0	0.058578	0.044518
2217.9550001621246	106.017904	414	0	0.033677	0.01591
2218.005000114441	52.701328	438	15	0.028153	0.01591
2218.077000141144	99.378144	444	0	0.025585	0.01591
2218.1230001449585	99.378144	450	0	0.024559	0.01591
2218.167000055313	99.378144	450	28	0.023798	0.01591
2218.2510001659393	65.19196	452	0	0.036101	0.01591
2218.3140001296997	65.19196	452	16	0.03311	0.01591
2218.4010002613068	4.077216	188	0	0.091328	0.044518
2218.4100000858307	81.094424	460	0	0.02855	0.01591
2220.4010002613068	3.061032	158	0	0.119079	0.044518
2222.4120001792908	2.460784	150	0	0.094701	0.044518
2224.4240000247955	0.966328	140	0	0.121519	0.044518
2226.414999961853	8.744896	158	0	0.069977	0.044518
2228.4040002822876	4.31768	172	0	0.245777	0.044518
2230.396000146866	0.539544	172	0	0.130738	0.044518
2232.4000000953674	3.144872	172	0	0.127275	0.044518
2234.3990001678467	13.983568	204	0	0.047307	0.044518
2236.391000032425	13.983568	204	0	0.079714	0.044518
2238.396000146866	20.137992	244	0	0.048773	0.044518
2240.4030001163483	18.21416	262	0	0.070424	0.044518
2242.4180002212524	20.262528	262	0	0.061794	0.044518
2244.3949999809265	0.275112	266	0	0.12443	0.044518
2246.4030001163483	15.9686	266	0	0.096303	0.044518
2248.398000240326	9.842008	234	0	0.079826	0.044518
2250.4030001163483	26.725272	376	0	0.102345	0.044518
2252.4030001163483	1.272072	218	0	0.09981	0.044518
2254.4010002613068	19.67724	220	0	0.061862	0.044518
2256.4020001888275	14.798896	310	0	0.157094	0.044518
2258.40900015831	17.25924	288	0	0.082756	0.044518
2260.4040002822876	24.470944	270	0	0.139094	0.044518
2262.3990001678467	7.84248	298	0	0.057654	0.044518
2264.4020001888275	4.644344	274	0	0.084813	0.044518
2266.397000312805	4.810096	318	0	0.08971	0.04497
2268.419000148773	11.331592	190	0	0.093577	0.04497
2270.4280002117157	19.76944	228	0	0.061771	0.04497
2272.4079999923706	0.22248	238	0	0.106422	0.04497
2274.4030001163483	19.727208	254	0	0.073741	0.04497
2276.406000137329	18.645504	254	0	0.065412	0.04497
2278.3990001678467	1.128056	254	0	0.127252	0.04497
2280.4120001792908	18.7274	226	0	0.062804	0.04497
2282.396000146866	23.297288	4	0	0.075611	0.04497
2284.398000240326	18.84328	272	0	0.070245	0.04497
2286.4030001163483	0.059152	344	0	0.072821	0.04497
2288.396000146866	0.532768	326	0	0.094036	0.04497
2290.4050002098083	0.27804	196	0	0.059703	0.04497
2292.4020001888275	18.679912	246	0	0.051162	0.04497
2294.398000240326	21.32044	286	0	0.090587	0.04497
2296.398000240326	0.8196	336	0	0.257183	0.04497
2298.397000312805	23.982984	420	0	0.071788	0.04497
2300.398000240326	6.611528	192	0	0.114426	0.04497
2302.4020001888275	19.761208	214	0	0.061662	0.04497
2304.4050002098083	0.362928	292	0	0.108425	0.04497
2306.4100000858307	18.235904	370	0	0.254608	0.04497
2308.4000000953674	0.472976	370	0	0.092377	0.04497
2310.4110000133514	11.005672	378	0	0.081096	0.04497
2312.4020001888275	15.76212	434	0	0.119114	0.04497
2314.40900015831	1.492384	238	0	0.079394	0.04497
2316.4050002098083	4.949736	254	0	0.09202	0.04497
2318.3990001678467	15.981976	288	0	0.103897	0.04497
2320.406000137329	19.382112	342	0	0.06041	0.04497
2322.3990001678467	21.517368	350	0	0.072666	0.04497
2324.4120001792908	7.855304	354	0	0.058145	0.04497
2326.4200003147125	3.191968	262	0	0.090172	0.04497
2328.4040002822876	0.269032	250	0	0.152372	0.04497
2330.4000000953674	0.560288	252	0	0.078138	0.04497
2332.4130001068115	0.286904	242	0	0.12627	0.04497
2334.4000000953674	7.123672	256	0	0.066432	0.04497
2336.398000240326	13.513424	240	0	0.094613	0.04497
2338.4000000953674	18.64464	258	0	0.050058	0.04497
2340.397000312805	0.075576	264	0	0.088084	0.04497
2342.4000000953674	15.64876	314	0	0.086594	0.04497
2344.4010002613068	5.918568	318	0	0.060693	0.04497
2346.396000146866	0.142408	268	0	0.136939	0.04497
2348.4000000953674	19.594456	230	0	0.059904	0.04497
2350.4020001888275	20.954712	242	0	0.08182	0.04497
2352.3990001678467	6.150464	244	0	0.121866	0.04497
2354.3990001678467	15.475992	304	0	0.123979	0.04497
2356.3940000534058	0.215184	306	0	0.102951	0.04497
2358.4100000858307	12.950896	266	0	0.066188	0.04497
2360.437000274658	0.085064	314	0	0.095066	0.04497
2362.397000312805	0.553832	392	0	0.09322	0.04497
2364.398000240326	0.990184	224	0	0.08173	0.04497
2366.4079999923706	4.484792	410	0	0.093142	0.04497
2368.50200009346	0.4236	244	0	0.140565	0.04497
2370.4100000858307	18.991984	232	0	0.055532	0.04497
2372.4010002613068	8.184336	270	0	0.051455	0.04497
2374.4040002822876	8.113392	262	0	0.085945	0.04497
2376.4270000457764	1.458752	166	3	0.147362	0.04497
2378.4000000953674	14.595312	236	0	0.079067	0.04497
2380.4050002098083	0.048816	270	0	0.12319	0.04497
2382.4000000953674	0.25408	306	0	0.075361	0.04497
2384.4010002613068	7.26552	118	0	0.047936	0.04497
2386.3940000534058	7.666368	118	0	0.051392	0.04497
2388.406000137329	0.839896	100	0	0.075344	0.04497
2390.3990001678467	7.001424	140	0	0.05572	0.04497
2392.4079999923706	9.620672	168	0	0.095661	0.04497
2394.397000312805	15.93384	210	0	0.054474	0.044931
2396.398000240326	0.058936	210	0	0.058553	0.044931
2398.4000000953674	15.192472	220	0	0.072576	0.044931
2400.4130001068115	10.135064	208	0	0.0605	0.044931
2402.4020001888275	2.216392	254	0	0.078681	0.044931
2404.4079999923706	0.138904	160	0	0.090767	0.044931
2406.4010002613068	0.089288	252	0	0.052003	0.044931
2408.4120001792908	14.526984	232	0	0.069426	0.044931
2410.4100000858307	5.099504	240	0	0.088273	0.044931
2412.3990001678467	1.991736	242	0	0.17936	0.044931
2414.4020001888275	2.955864	240	0	0.176546	0.044931
2416.4000000953674	5.62816	218	0	0.09909	0.044931
2418.3990001678467	7.553496	270	0	0.067105	0.044931
2420.4010002613068	8.169608	244	0	0.06711	0.044931
2422.463000059128	7.588784	322	0	0.129433	0.044931
2424.4970002174377	21.858256	232	0	0.055117	0.044931
2426.4180002212524	0.142432	308	0	0.150707	0.044931
2429.4020001888275	2.591344	352	0	0.102122	0.044931
2431.3990001678467	0.1088	320	0	0.059973	0.044931
2432.4800000190735	5.319776	406	0	0.132859	0.044931
2434.5390000343323	15.030992	402	0	0.098068	0.044931
2437.3990001678467	0.149728	238	0	0.107218	0.044931
2438.5110001564026	5.97424	238	0	0.074459	0.044931
2441.3990001678467	18.485512	260	0	0.082097	0.044931
2443.4050002098083	0.394776	344	0	0.096619	0.044931
2445.3949999809265	18.925632	344	0	0.100414	0.044931
2447.4000000953674	18.564744	238	0	0.073174	0.044931
2449.3949999809265	10.802016	340	0	0.05524	0.044931
2451.40900015831	14.841432	334	0	0.182668	0.044931
2453.3949999809265	16.23568	364	0	0.093583	0.044931
2455.4100000858307	10.82852	262	0	0.061846	0.044931
2457.3990001678467	1.169816	256	0	0.081303	0.044931
2459.3720002174377	0.093096	224	0	0.083306	0.044931
2461.1220002174377	20.236664	248	0	0.067989	0.044931
2462.4900002479553	7.009024	220	0	0.066431	0.044931
2465.398000240326	16.115384	298	0	0.078277	0.044931
2467.3949999809265	22.917432	299	0	0.06289	0.044931
2469.4120001792908	3.36124	268	0	0.088913	0.044931
2471.406000137329	21.342512	336	0	0.123027	0.044931
2472.630000114441	4.36792	264	0	0.121156	0.044931
2475.4100000858307	11.62824	150	0	0.086192	0.044931
2477.423000097275	13.14116	202	0	0.056838	0.044931
2479.4020001888275	14.672072	222	0	0.052465	0.044931
2481.4240000247955	13.035648	214	0	0.06521	0.044931
2483.3990001678467	7.129064	154	0	0.183664	0.044931
2485.4160001277924	9.281472	220	0	0.065752	0.044931
2486.9550001621246	8.5628	282	0	0.092517	0.044931
2489.4020001888275	0.819344	166	0	0.165439	0.044931
2491.3949999809265	14.57348	170	0	0.054939	0.044931
2493.3940000534058	18.599656	212	0	0.058434	0.044931
2495.396000146866	7.655336	246	0	0.057678	0.044931
2496.4840002059937	8.0012	230	0	0.061369	0.044931
2499.4000000953674	16.739984	324	0	0.056233	0.044931
2501.397000312805	6.35448	282	0	0.067064	0.044931
2503.406000137329	17.284888	248	0	0.068493	0.044931
2505.3990001678467	0.428184	284	0	0.083384	0.044931
2507.4140000343323	15.867768	318	0	0.085776	0.044931
2509.3919999599457	7.06964	268	0	0.079672	0.044931
2510.742000102997	0.562408	208	0	0.086612	0.044931
2513.393000125885	19.757304	304	0	0.072015	0.044931
2515.4280002117157	0.097616	306	0	0.091888	0.044931
2517.397000312805	0.235272	164	0	0.092103	0.044931
2519.4110000133514	0.290152	240	0	0.097093	0.044931
2520.6340000629425	0.049336	232	1	0.082003	0.044931
2523.3940000534058	22.040424	272	0	0.058288	0.044931
2524.715000152588	20.128992	404	0	0.0742	0.044931
2527.4430000782013	6.79348	244	0	0.095516	0.044931
2529.3949999809265	6.220128	218	0	0.089181	0.044931
2531.4000000953674	1.196408	244	0	0.100746	0.044931
2533.3990001678467	21.200112	252	0	0.099862	0.044931
2534.7510001659393	0.05132	228	0	0.09435	0.044931
2537.40900015831	0.127824	364	0	0.102087	0.044931
2539.4120001792908	20.997288	246	0	0.078935	0.044931
2541.3940000534058	19.975408	272	0	0.076637	0.044931
2543.390000104904	22.416672	374	0	0.060685	0.044931
2545.3949999809265	19.61436	254	0	0.072557	0.044931
2547.385000228882	18.518992	312	0	0.070174	0.044931
2548.9990000724792	0.535152	286	0	0.104265	0.044931
2550.953000307083	17.774856	317	48	0.123446	0.044931
2552.9850001335144	16.1246	310	0	0.055987	0.044931
2555.398000240326	20.683496	286	0	0.095865	0.044931
2556.561000108719	0.223392	176	0	0.105961	0.044931
2559.3940000534058	13.922408	196	0	0.053062	0.044931
2561.4030001163483	2.50156	196	0	0.104305	0.044931
2563.4040002822876	8.754696	213	0	0.063563	0.044931
2565.393000125885	22.55368	250	0	0.066533	0.044931
2567.4170002937317	0.339816	392	0	0.077501	0.044931
2569.398000240326	21.233672	358	0	0.087106	0.044931
2571.4170002937317	0.819096	272	0	0.1195	0.044931
2573.398000240326	16.165528	218	0	0.101674	0.044931
2575.4340002536774	17.677672	306	0	0.071961	0.044931
2577.4030001163483	15.721656	4	0	0.118318	0.044931
2579.397000312805	0.080296	264	0	0.167372	0.044931
2581.571000099182	16.490952	238	0	0.079426	0.044931
2583.4170002937317	14.79296	252	0	0.087333	0.044931
2585.397000312805	19.102792	204	0	0.054799	0.044931
2587.3940000534058	0.821664	223	0	0.117844	0.044931
2589.4100000858307	1.646616	210	0	0.099619	0.044931
2591.398000240326	19.019304	240	0	0.073023	0.044931
2593.4000000953674	7.8296	228	0	0.052772	0.044931
2595.890000104904	6.29784	268	0	0.082087	0.044931
2597.4479999542236	21.441296	318	0	0.088853	0.044931
2599.295000076294	21.441296	328	1	0.680745	0.044931
2601.4100000858307	4.891944	302	0	0.113719	0.044931
2603.3949999809265	19.293712	228	0	0.053078	0.044931
2605.4030001163483	3.87528	204	0	0.090031	0.044931
2607.393000125885	8.131864	240	0	0.048305	0.044931
2609.397000312805	1.204968	206	0	0.162008	0.044931
2611.393000125885	12.233976	198	0	0.059443	0.044902
2613.4200003147125	0.319752	198	0	0.070758	0.044902
2615.4200003147125	0.089344	210	0	0.081353	0.044902
2617.4010002613068	8.614416	210	0	0.061933	0.044902
2619.390000104904	18.662824	254	0	0.09257	0.044902
2621.397000312805	7.73544	310	0	0.086657	0.044902
2623.3919999599457	15.226104	260	0	0.049627	0.044902
2625.4240000247955	5.561072	260	0	0.068238	0.044902
2627.406000137329	2.10164	214	0	0.080865	0.044902
2629.393000125885	18.93292	260	0	0.066027	0.044902
2631.422000169754	6.409864	266	0	0.078435	0.044902
2633.396000146866	11.903632	4	0	0.104617	0.044902
2635.3940000534058	0.224432	225	0	0.074926	0.044902
2637.40700006485	0.23588	222	0	0.069001	0.044902
2639.4260001182556	21.375888	244	0	0.059622	0.044902
2641.4020001888275	1.005288	238	0	0.068927	0.044902
2643.44100022316	10.781096	208	0	0.052601	0.044902
2645.393000125885	0.599248	120	0	0.107135	0.044902
2647.425000190735	0.153688	134	0	0.080078	0.044902
2649.4000000953674	0.111528	134	0	0.077151	0.044902
2651.4050002098083	15.52124	194	0	0.050286	0.044902
2653.396000146866	4.443136	194	0	0.131093	0.044902
2655.4010002613068	7.40104	182	0	0.069359	0.044902
2657.4180002212524	3.531008	182	0	0.119638	0.044902
2659.398000240326	18.333136	286	0	0.068337	0.044902
2661.393000125885	22.547048	310	0	0.068863	0.044902
2663.393000125885	0.625168	310	0	0.081466	0.044902
2665.4010002613068	8.961072	230	0	0.063422	0.044902
2667.3919999599457	1.706368	252	0	0.094532	0.044902
2669.3949999809265	18.299688	238	0	0.114072	0.044902
2671.393000125885	18.379448	222	0	0.058786	0.044902
2673.4270000457764	0.105832	196	0	0.110587	0.044902
2675.3949999809265	17.874336	300	0	0.073788	0.044902
2677.4100000858307	0.408592	300	0	0.105512	0.044902
2679.393000125885	18.064056	276	0	0.05034	0.044902
