0.0	2.42944	20	0	0.038735	0.025566
0.17100000381469727	4.585864	30	12	0.027686	0.025566
0.5559999942779541	7.17196	64	0	0.072621	0.025549
1.0489997863769531	9.64416	64	26	0.069081	0.025549
1.5160000324249268	11.240424	64	0	0.061524	0.025549
2.135999917984009	11.513736	64	0	0.056554	0.025549
3.047999858856201	10.821368	64	26	0.048157	0.025549
3.871000051498413	12.178224	64	0	0.057245	0.025549
4.445000171661377	11.770056	66	26	0.052763	0.025549
5.075999975204468	12.364136	64	0	0.050762	0.025549
6.247999906539917	12.261504	64	0	0.029606	0.025549
8.419999837875366	12.354992	64	0	0.056192	0.025549
10.419999837875366	12.405832	64	0	0.046581	0.025549
12.418999910354614	12.070728	66	0	0.056503	0.025549
14.418999910354614	11.582608	66	0	0.048774	0.025549
16.421000242233276	11.461856	64	0	0.029646	0.025549
18.419999837875366	12.348464	66	0	0.055565	0.025549
20.41699981689453	11.377504	66	0	0.048352	0.025549
22.418999910354614	12.213368	64	0	0.043417	0.025549
24.419999837875366	4.541232	66	0	0.131808	0.025549
26.42200016975403	11.9936	64	0	0.030132	0.02549
28.418999910354614	12.199472	64	0	0.060517	0.02549
30.41699981689453	12.281064	64	0	0.037338	0.02549
32.418999910354614	12.281064	62	0	0.037116	0.024083
34.41799998283386	12.281064	62	0	0.035953	0.024083
36.418999910354614	12.281064	62	0	0.030562	0.024083
38.41799998283386	12.281064	62	0	0.028907	0.024083
40.421000242233276	11.283712	60	0	0.028722	0.024083
42.418999910354614	12.366128	64	0	0.046597	0.024083
44.421000242233276	10.984472	64	0	0.062258	0.024083
46.42200016975403	11.87768	64	0	0.061012	0.024083
48.421000242233276	12.10748	64	0	0.055874	0.024083
50.437000036239624	10.950472	64	0	0.057049	0.024083
52.45300006866455	12.1026	64	0	0.058114	0.024083
55.36500000953674	12.161088	64	44	0.060087	0.024083
56.91700005531311	12.300664	64	0	0.058114	0.024083
58.419999837875366	11.722968	66	0	0.052076	0.024083
60.42200016975403	12.072048	64	0	0.058489	0.024083
62.419999837875366	6.148488	46	0	0.059019	0.024083
64.41899991035461	12.109008	64	0	0.031787	0.024083
66.42200016975403	11.746648	66	0	0.048237	0.024083
68.42300009727478	11.04164	64	0	0.054568	0.024083
70.42200016975403	12.34984	64	0	0.035232	0.024083
72.42200016975403	11.19832	64	0	0.057822	0.024083
74.41999983787537	12.346624	64	0	0.031359	0.024083
76.42100024223328	12.151848	64	0	0.046955	0.024083
78.42200016975403	6.945424	42	0	0.102139	0.024083
80.41899991035461	12.320056	62	0	0.057332	0.024083
82.42200016975403	12.579024	64	0	0.037598	0.024083
84.42200016975403	11.937312	66	0	0.045728	0.024083
86.42200016975403	12.155544	66	0	0.057341	0.024083
88.42100024223328	11.532296	66	0	0.029059	0.024083
90.41899991035461	12.238608	66	0	0.05297	0.024083
92.42200016975403	11.307856	66	0	0.04187	0.024083
94.42100024223328	11.393312	66	0	0.053559	0.024083
96.42100024223328	11.383768	66	0	0.054231	0.024083
98.41999983787537	11.497312	66	0	0.029162	0.024083
100.41899991035461	12.177032	66	0	0.03982	0.024083
102.41999983787537	12.283392	66	0	0.029879	0.024083
104.42100024223328	12.295664	66	0	0.063389	0.024083
106.41899991035461	12.264248	66	0	0.040812	0.024083
108.42100024223328	5.501328	66	0	0.080395	0.024083
110.41999983787537	12.139248	66	0	0.045298	0.024083
112.42100024223328	11.663312	66	0	0.031519	0.024083
114.41999983787537	12.163088	66	0	0.047593	0.024083
116.6710000038147	11.465752	66	0	0.028569	0.024083
118.67199993133545	11.740576	66	0	0.050369	0.024083
120.67000007629395	11.246	64	0	0.046059	0.024083
122.6710000038147	12.252712	64	0	0.028284	0.024083
124.6710000038147	11.41128	64	0	0.050292	0.024083
126.50200009346008	12.520808	64	0	0.031419	0.024083
128.67199993133545	12.352048	64	0	0.055337	0.024083
130.67199993133545	11.467288	64	0	0.060667	0.024083
132.67199993133545	12.388264	64	0	0.057985	0.024083
134.6710000038147	12.28816	64	0	0.045764	0.024083
136.6729998588562	11.421464	64	0	0.029636	0.024083
138.6729998588562	12.254392	66	0	0.040112	0.024083
140.6710000038147	12.527848	66	0	0.038913	0.024083
142.67199993133545	12.361112	66	0	0.041092	0.024083
144.67400002479553	11.445096	66	0	0.041688	0.024083
146.6729998588562	11.399408	66	0	0.06118	0.024083
148.67400002479553	12.23732	66	0	0.063289	0.024083
150.67499995231628	11.48648	66	0	0.028982	0.024083
152.61699986457825	12.402024	66	0	0.061992	0.024083
154.67400002479553	10.934208	66	0	0.061431	0.024083
156.67400002479553	11.682904	66	0	0.061742	0.024083
158.67400002479553	11.602624	64	0	0.054924	0.024083
160.52899980545044	11.467504	64	0	0.05616	0.024083
162.67400002479553	12.08988	66	0	0.0626	0.024083
164.76399993896484	12.391808	64	0	0.057598	0.024083
166.67599987983704	7.439744	64	0	0.097528	0.024083
168.67400002479553	10.380536	64	0	0.058848	0.024083
170.67400002479553	12.013768	64	48	0.060637	0.024083
172.67599987983704	11.800112	64	0	0.060984	0.024083
174.67599987983704	12.014576	64	0	0.059987	0.024083
176.71099996566772	11.665576	64	0	0.055766	0.024083
178.6729998588562	12.340816	64	0	0.057791	0.024083
180.67199993133545	11.676944	66	0	0.038248	0.024083
182.67199993133545	12.205176	66	0	0.062071	0.024083
184.67499995231628	11.455224	66	0	0.02903	0.024083
186.59899997711182	10.860808	66	0	0.057313	0.024083
188.6710000038147	8.762424	60	0	0.059596	0.024083
190.67700004577637	6.07196	66	0	0.06214	0.024083
192.6729998588562	12.311008	66	0	0.062429	0.024083
194.67499995231628	12.33356	66	0	0.035469	0.024083
196.67499995231628	11.801936	64	0	0.04643	0.024083
198.67400002479553	11.441056	64	0	0.029432	0.024083
200.67499995231628	11.372944	64	0	0.058544	0.024083
204.1049997806549	2.946296	58	0	0.22989	0.024083
205.9319999217987	11.63992	62	39	0.034962	0.024083
206.91599988937378	12.287536	66	0	0.0444	0.024083
208.67700004577637	11.62692	66	0	0.065071	0.024083
210.92500019073486	11.29448	64	0	0.057585	0.024083
212.67700004577637	11.22112	66	0	0.05818	0.024083
214.99599981307983	12.162168	66	46	0.061109	0.024083
217.71900010108948	12.264504	66	0	0.062652	0.024083
219.65100002288818	12.1004	66	47	0.060573	0.024083
221.9630000591278	12.130128	66	0	0.063092	0.024083
224.09899997711182	12.224392	66	46	0.063049	0.024083
225.56200003623962	11.27712	64	0	0.055919	0.024083
226.92300009727478	11.688872	66	0	0.063525	0.024083
228.92500019073486	11.841776	66	0	0.029364	0.024083
230.92500019073486	12.277552	66	0	0.057211	0.024083
232.92500019073486	11.923624	66	0	0.031554	0.024083
234.92600011825562	12.271616	64	0	0.051073	0.024083
236.92500019073486	11.957536	64	0	0.060704	0.024083
238.92700004577637	11.489392	64	0	0.050519	0.024083
240.92600011825562	10.96708	64	0	0.05711	0.024083
242.92500019073486	11.752624	66	0	0.060923	0.024083
244.92600011825562	11.422048	66	0	0.048042	0.024083
246.7539999485016	11.933072	66	0	0.032028	0.024083
248.92600011825562	10.522192	66	0	0.042068	0.024083
250.92600011825562	11.831928	66	0	0.057197	0.024083
252.92400002479553	11.706768	66	0	0.061389	0.024083
254.92500019073486	11.51448	66	0	0.056292	0.024083
256.92500019073486	11.731296	66	0	0.03126	0.024083
258.9260001182556	11.64464	66	0	0.047613	0.024083
260.9260001182556	12.429	66	0	0.046136	0.024083
262.9260001182556	11.684432	66	0	0.059649	0.024083
264.9260001182556	12.290688	64	0	0.054287	0.024083
266.9260001182556	12.307608	64	0	0.058134	0.024083
268.9260001182556	12.331632	64	0	0.060429	0.024083
270.9260001182556	11.368632	64	0	0.028274	0.024083
272.9260001182556	10.208544	64	0	0.05554	0.024083
274.92400002479553	12.40176	66	0	0.038132	0.024083
276.92500019073486	11.457624	66	0	0.057193	0.024083
278.9260001182556	12.166632	64	0	0.056414	0.024083
280.9260001182556	11.863776	64	0	0.030922	0.024083
282.92400002479553	5.16772	64	0	0.130043	0.024083
284.9260001182556	11.606968	64	0	0.041495	0.024083
286.92500019073486	12.113304	64	0	0.052474	0.024083
288.92500019073486	11.464096	66	0	0.05976	0.024083
290.92500019073486	11.731032	64	0	0.028883	0.024083
292.92500019073486	11.26236	64	0	0.052512	0.024083
294.9260001182556	11.457568	66	0	0.028808	0.024083
296.9260001182556	11.032944	66	0	0.050105	0.024083
298.92500019073486	12.161328	66	0	0.060464	0.024083
300.9260001182556	12.244552	66	0	0.055436	0.024083
302.92700004577637	12.478416	68	0	0.058154	0.024083
304.92500019073486	11.50172	66	0	0.02934	0.024083
306.9260001182556	12.180936	66	0	0.055425	0.024083
308.9260001182556	12.153424	66	0	0.045211	0.024083
310.92700004577637	12.405408	66	0	0.049028	0.024083
312.9260001182556	11.147352	66	0	0.047162	0.024083
314.92700004577637	11.945344	66	0	0.030764	0.024083
316.9260001182556	12.251696	64	0	0.050031	0.024083
318.9279999732971	11.404808	64	0	0.029189	0.024083
320.9279999732971	11.512928	64	0	0.05958	0.024083
322.9279999732971	11.286472	64	0	0.060636	0.024083
324.9260001182556	11.380224	66	0	0.03807	0.024083
326.9260001182556	12.208776	66	0	0.058794	0.024083
328.92700004577637	12.212672	66	0	0.031924	0.024083
330.92700004577637	12.186808	68	0	0.056819	0.024083
332.92700004577637	12.333104	66	0	0.057297	0.025152
334.92700004577637	12.220016	66	0	0.052947	0.025152
336.9279999732971	5.603384	66	0	0.13634	0.025152
338.9279999732971	11.787872	66	0	0.029068	0.025152
341.1769998073578	12.126696	66	0	0.04284	0.025152
343.17599987983704	12.269064	66	0	0.031413	0.025152
345.1769998073578	12.281408	152	0	0.132122	0.025152
347.17599987983704	12.106088	66	0	0.056622	0.025152
349.1769998073578	10.8064	66	0	0.061383	0.025152
351.1820001602173	11.183	66	0	0.060225	0.025152
353.5900001525879	11.66052	68	40	0.063693	0.025152
356.6270000934601	12.058464	64	0	0.058949	0.025152
359.6640000343323	10.19728	64	0	0.061507	0.025152
360.45699977874756	12.145936	66	25	0.06152	0.025152
361.40500020980835	11.644808	64	0	0.057213	0.025152
363.1799998283386	11.912728	66	0	0.030505	0.025152
365.1799998283386	10.729392	66	0	0.060272	0.025152
367.0789999961853	10.795008	64	41	0.037936	0.025152
369.17599987983704	12.331904	64	0	0.052011	0.025152
371.17899990081787	11.729848	64	0	0.04671	0.025152
373.1840000152588	11.807872	66	0	0.060312	0.025152
375.4839999675751	0.556288	14	0	0.049279	0.038749
375.74699997901917	16.122672	162	0	0.046732	0.034682
376.0460000038147	19.78732	296	0	0.113974	0.034682
376.8880000114441	7.384704	202	0	0.17865	0.034682
377.5	9.215304	64	0	0.041962	0.025152
379.5079998970032	11.822896	64	47	0.059106	0.025152
380.03700017929077	12.284792	64	0	0.055535	0.025152
381.28200006484985	3.183224	64	0	0.058147	0.025152
383.05099987983704	12.298768	64	0	0.060474	0.025152
385.1799998283386	12.30704	64	0	0.036303	0.025152
387.1769998073578	11.1364	64	0	0.057376	0.025152
389.17599987983704	11.3428	64	0	0.032037	0.025152
391.1769998073578	11.789472	64	0	0.032682	0.025152
393.1769998073578	11.707264	64	0	0.045628	0.025152
395.17899990081787	11.455328	64	0	0.036526	0.025152
397.1779999732971	12.097296	64	0	0.052853	0.025152
399.1799998283386	12.182256	66	0	0.052481	0.025152
401.17899990081787	11.80952	66	0	0.02973	0.025152
403.17899990081787	12.104104	64	0	0.040046	0.025152
405.1779999732971	12.413968	64	0	0.044716	0.025152
407.1779999732971	11.633992	64	0	0.047559	0.025152
409.1840000152588	11.594096	4	0	0.059498	0.025152
411.1799998283386	12.30388	66	0	0.062852	0.025152
413.1779999732971	5.647352	66	0	0.115158	0.025152
415.17899990081787	12.184488	66	0	0.032271	0.025152
417.1779999732971	12.301488	66	0	0.052757	0.025152
419.17899990081787	11.835184	66	0	0.047758	0.025152
421.1779999732971	11.607392	66	0	0.053374	0.025152
423.17899990081787	12.188264	66	0	0.040068	0.025152
425.1779999732971	11.386688	66	0	0.028712	0.025152
427.17899990081787	11.344328	64	0	0.034348	0.025152
429.17899990081787	12.117184	64	0	0.045851	0.025152
431.1779999732971	11.348432	64	0	0.04826	0.025152
433.17899990081787	11.089592	64	0	0.044992	0.025152
435.18100023269653	11.29544	64	0	0.028453	0.025152
437.1779999732971	4.85364	4	0	0.12952	0.025152
439.1799998283386	11.643696	66	0	0.028188	0.025152
441.1799998283386	12.119832	66	0	0.058771	0.025152
443.17899990081787	11.582408	66	0	0.04693	0.025152
445.1799998283386	11.261616	66	0	0.061673	0.025152
447.1779999732971	11.503768	68	0	0.03757	0.025152
449.1840000152588	11.90636	66	0	0.030823	0.025152
451.4279999732971	11.75368	68	0	0.059205	0.025152
453.2590000629425	12.418592	66	0	0.031125	0.025152
455.42900013923645	11.665352	66	0	0.047012	0.025152
457.4300000667572	12.192832	66	0	0.039104	0.025152
459.42900013923645	11.776552	64	0	0.029097	0.025152
461.4279999732971	11.641776	64	0	0.040484	0.025152
463.4279999732971	11.365176	64	0	0.029519	0.025152
465.42900013923645	12.412696	64	0	0.034905	0.025152
467.4279999732971	12.273264	64	0	0.03984	0.025152
469.4279999732971	11.082504	64	0	0.028391	0.025152
471.4300000667572	11.7342	66	0	0.037134	0.025152
473.42900013923645	12.135032	66	0	0.030832	0.025152
475.4300000667572	7.650112	66	0	0.105519	0.025152
477.25999999046326	11.665072	66	0	0.028084	0.025152
479.4300000667572	11.21976	66	0	0.038502	0.025152
481.4300000667572	11.347728	66	0	0.035291	0.025152
483.43099999427795	11.525112	66	0	0.031496	0.025152
485.42900013923645	11.219256	66	0	0.056844	0.025152
487.4300000667572	12.316024	66	0	0.029417	0.025152
489.42900013923645	12.2546	66	0	0.0507	0.025152
491.43099999427795	11.062856	64	0	0.040714	0.025152
493.42900013923645	11.7386	64	0	0.050999	0.025152
495.42900013923645	12.297592	64	0	0.038707	0.025152
497.4319999217987	11.467704	64	0	0.028346	0.025202
499.43099999427795	10.586512	64	0	0.042685	0.025202
501.43099999427795	12.32112	64	0	0.033133	0.025202
503.43099999427795	12.33748	64	0	0.04397	0.025202
505.43099999427795	11.220424	64	0	0.048134	0.025202
507.4300000667572	11.739832	64	0	0.029379	0.025488
509.43099999427795	12.36172	64	0	0.036413	0.025488
511.42900013923645	11.347208	68	0	0.028991	0.025488
513.4340000152588	11.772176	64	0	0.028967	0.025488
515.4340000152588	12.07568	64	0	0.056149	0.025488
517.3429999351501	11.902992	64	0	0.060947	0.025488
519.7079999446869	10.248976	64	0	0.061928	0.025488
521.9820001125336	12.20512	64	39	0.039796	0.025488
523.4329998493195	11.2354	64	0	0.060995	0.025488
525.4329998493195	11.159224	64	0	0.055845	0.025488
527.404000043869	10.487176	64	0	0.057071	0.025488
529.6519999504089	12.306944	64	0	0.060713	0.025488
532.0930001735687	12.127368	62	34	0.02823	0.025488
533.7430000305176	11.143984	64	0	0.057052	0.025488
535.4820001125336	11.252904	64	49	0.055497	0.025488
537.4649999141693	12.351408	64	0	0.056741	0.025488
539.4329998493195	10.99228	64	0	0.056804	0.025488
541.4329998493195	11.770888	64	0	0.059937	0.025488
543.430999994278	12.19836	64	0	0.054172	0.025485
545.4329998493195	11.72836	64	0	0.02926	0.025485
547.4329998493195	11.476104	64	0	0.055528	0.025485
549.4319999217987	11.438184	64	0	0.053251	0.025485
551.4319999217987	11.244064	64	0	0.048781	0.025485
553.4319999217987	12.194512	64	0	0.058043	0.025485
555.4329998493195	12.30632	64	0	0.06055	0.025485
557.4329998493195	12.188072	64	0	0.060333	0.025485
559.4329998493195	11.492912	66	0	0.029479	0.025485
561.4340000152588	11.340632	64	0	0.061589	0.025485
563.430999994278	11.58536	64	0	0.058901	0.025485
565.6820001602173	8.98436	104	0	0.101834	0.025485
567.6840000152588	11.130792	66	0	0.064126	0.025485
569.6820001602173	11.30636	64	0	0.058778	0.025485
571.6840000152588	11.342736	66	0	0.041491	0.025485
573.5199999809265	8.751304	66	0	0.030157	0.025485
575.6840000152588	11.80432	66	0	0.041701	0.025485
577.6850001811981	11.3372	66	0	0.040633	0.025485
579.5099999904633	12.114888	64	0	0.058514	0.025485
581.6059999465942	10.704792	66	0	0.063444	0.025485
583.9579999446869	11.317336	64	46	0.058826	0.025485
586.3890001773834	12.17404	64	0	0.029242	0.025485
587.989000082016	12.537504	64	0	0.057849	0.025485
589.6870000362396	12.19412	64	0	0.058704	0.025485
591.8900001049042	3.693896	64	0	0.133376	0.025485
593.683000087738	11.373488	64	0	0.059097	0.025485
595.6850001811981	12.182384	64	0	0.05943	0.025485
597.5650000572205	10.752888	64	48	0.057844	0.025485
599.6840000152588	11.988984	64	0	0.059841	0.025485
601.6850001811981	7.491408	64	0	0.088566	0.025485
603.6850001811981	12.22336	64	0	0.058136	0.025485
605.6860001087189	11.199824	64	0	0.060083	0.025485
607.6850001811981	11.957992	64	0	0.042441	0.025485
609.683000087738	11.536224	64	0	0.056291	0.025485
611.6840000152588	11.302904	64	0	0.056579	0.025485
613.6860001087189	11.789296	64	0	0.056711	0.025485
615.835000038147	10.536776	64	0	0.060204	0.025485
617.9230000972748	11.854736	66	48	0.063823	0.025485
619.683000087738	12.17792	66	0	0.061294	0.025485
621.6840000152588	11.90596	66	0	0.029256	0.025485
623.6850001811981	10.928928	66	0	0.058331	0.025485
625.6870000362396	12.268928	66	0	0.049417	0.025485
627.6850001811981	12.430616	4	0	0.057305	0.025485
629.6840000152588	6.879256	66	0	0.071624	0.025485
631.6860001087189	11.588336	68	0	0.030084	0.025485
633.6840000152588	11.037272	66	0	0.058719	0.025485
635.6850001811981	8.932872	64	0	0.062362	0.025485
637.6850001811981	6.430024	64	0	0.10193	0.025485
639.6840000152588	12.306944	66	0	0.061118	0.025485
641.683000087738	11.781312	64	0	0.028933	0.025485
643.6840000152588	12.269632	66	0	0.05155	0.025485
645.6860001087189	12.161704	64	0	0.030595	0.025485
647.6850001811981	12.078824	64	0	0.059736	0.025485
649.6850001811981	12.131888	64	0	0.06016	0.025485
651.6870000362396	11.640832	64	0	0.057013	0.025485
653.683000087738	11.165872	64	0	0.059568	0.025485
655.6850001811981	11.627224	64	0	0.028706	0.025485
657.6860001087189	12.244616	64	0	0.058405	0.025485
659.6860001087189	10.603728	64	0	0.05289	0.025485
661.6840000152588	11.611392	64	0	0.049398	0.025485
663.6860001087189	7.439712	64	0	0.084387	0.025485
665.6870000362396	12.26712	66	0	0.03731	0.025485
669.1640000343323	3.817696	42	0	0.084102	0.025485
673.5410001277924	12.162312	64	39	0.036104	0.025353
674.5759999752045	11.199824	66	0	0.059674	0.025353
675.4479999542236	10.777968	64	0	0.059874	0.025353
675.936999797821	11.620264	64	52	0.047316	0.025353
677.944000005722	11.913272	64	0	0.059382	0.025353
679.9399998188019	12.154768	64	46	0.042846	0.025353
681.936999797821	12.34044	64	0	0.058354	0.025353
683.936999797821	11.271664	62	0	0.060657	0.025353
685.936999797821	12.06268	66	0	0.061603	0.025353
687.9359998703003	5.509544	66	0	0.132972	0.025353
689.936999797821	12.214096	66	0	0.060146	0.025353
691.9379999637604	11.193032	66	0	0.061189	0.025353
693.936999797821	11.601856	66	0	0.215727	0.025353
696.5079998970032	11.382648	64	0	0.059765	0.025353
697.9010000228882	12.321712	64	0	0.059318	0.025353
699.9379999637604	12.295808	64	0	0.056846	0.025353
701.9349999427795	12.194328	66	0	0.058103	0.025353
703.9379999637604	12.427432	66	0	0.031768	0.025353
705.9379999637604	12.238432	64	0	0.061005	0.025353
707.936999797821	12.292264	64	0	0.057605	0.025353
709.9389998912811	11.73236	64	0	0.057525	0.025353
711.936999797821	10.952072	64	0	0.055982	0.025353
713.9359998703003	12.310496	64	0	0.049083	0.025353
715.936999797821	11.752144	70	0	0.065118	0.025353
717.936999797821	11.323056	64	0	0.029657	0.025353
719.9379999637604	11.538896	64	0	0.040557	0.025353
721.9359998703003	11.134208	64	0	0.056306	0.025353
723.9379999637604	12.346824	66	0	0.04146	0.025353
725.9379999637604	11.459624	66	0	0.059739	0.025353
727.9389998912811	12.010696	66	0	0.028392	0.025353
729.936999797821	6.854256	64	0	0.074488	0.025353
731.936999797821	12.194392	64	0	0.055455	0.025353
733.9359998703003	10.651048	64	0	0.058602	0.025353
735.9359998703003	11.4886	66	0	0.04341	0.025353
737.9379999637604	12.133344	66	0	0.045679	0.025353
739.9399998188019	11.408824	66	0	0.059393	0.025353
742.3150000572205	12.207448	64	46	0.057127	0.025353
743.9379999637604	12.402048	64	0	0.059748	0.025353
745.9379999637604	11.383552	64	0	0.060297	0.025353
747.9389998912811	12.273008	64	0	0.05664	0.025353
749.9379999637604	10.988696	64	0	0.051919	0.025353
751.944000005722	12.189472	66	0	0.059343	0.025353
753.9399998188019	12.12928	64	0	0.060694	0.025353
755.936999797821	12.211248	64	0	0.060127	0.025353
757.9340000152588	6.399504	64	0	0.080871	0.025353
759.9359998703003	6.399504	64	0	0.058506	0.025353
761.9359998703003	11.52676	66	0	0.028882	0.025353
763.9359998703003	10.908784	68	0	0.039875	0.025353
765.9379999637604	12.26944	68	0	0.030186	0.025353
767.9349999427795	12.200072	66	0	0.038421	0.025353
769.9359998703003	11.4	66	0	0.040233	0.025353
771.936999797821	12.326976	64	0	0.031398	0.025353
773.936999797821	11.900032	64	0	0.036445	0.025353
775.9349999427795	11.59976	64	0	0.030507	0.025353
777.9359998703003	11.44304	64	0	0.033607	0.025353
779.9359998703003	11.914504	64	0	0.03621	0.025353
781.9359998703003	12.406768	64	0	0.038398	0.025353
783.936999797821	11.864632	140	0	0.063654	0.025353
785.936999797821	12.386992	66	0	0.03044	0.025353
787.9379999637604	11.955032	66	0	0.0615	0.025353
790.1870000362396	11.481096	64	0	0.028657	0.025353
792.1879999637604	12.238408	64	0	0.059562	0.025353
794.1870000362396	11.83552	66	0	0.03915	0.025353
796.1870000362396	11.107352	66	0	0.057146	0.025353
798.1860001087189	11.367752	64	0	0.035916	0.025353
800.2070000171661	11.530904	64	0	0.028594	0.025353
802.1870000362396	12.057088	68	0	0.041058	0.025353
804.1860001087189	12.111136	68	0	0.05951	0.025353
806.1879999637604	12.169864	68	0	0.042609	0.025353
808.1879999637604	7.0524	66	0	0.061418	0.025353
810.1879999637604	11.514832	64	0	0.02845	0.025353
812.1870000362396	11.099176	64	0	0.037388	0.025353
814.1879999637604	11.50256	64	0	0.028456	0.025353
816.1870000362396	11.062488	64	0	0.028002	0.025353
818.1879999637604	12.35744	64	0	0.035153	0.025353
820.1929998397827	11.606712	64	0	0.030569	0.025353
822.1890001296997	12.378992	68	0	0.042674	0.025353
824.1879999637604	11.354832	66	0	0.030497	0.025353
826.1890001296997	11.875432	66	0	0.063534	0.025353
828.1890001296997	12.33656	66	0	0.060262	0.025353
830.1870000362396	12.193072	66	0	0.058259	0.025353
832.1890001296997	12.141672	66	0	0.042023	0.025353
834.1879999637604	12.136112	66	0	0.030688	0.025353
836.1879999637604	11.078328	66	0	0.055106	0.025353
838.1890001296997	12.212672	66	0	0.031299	0.025353
840.1879999637604	12.064056	66	0	0.046651	0.025353
842.1900000572205	11.535248	66	0	0.05325	0.025353
844.1890001296997	11.744048	66	0	0.059977	0.025353
846.1870000362396	11.070856	66	0	0.051039	0.025353
848.1890001296997	11.317008	66	0	0.028671	0.025353
850.1890001296997	12.45444	66	0	0.051112	0.025353
852.1900000572205	12.140104	64	0	0.060902	0.025353
854.1900000572205	11.789296	64	0	0.058314	0.025353
856.1890001296997	12.191352	64	0	0.057838	0.025353
858.1890001296997	11.626848	64	0	0.029867	0.025353
860.191999912262	11.360112	64	0	0.058	0.025353
862.1909999847412	11.29544	64	0	0.028765	0.025353
864.1879999637604	11.504784	66	0	0.063498	0.025353
866.1879999637604	12.437752	64	0	0.038958	0.025353
868.1900000572205	12.244192	66	0	0.031833	0.025353
870.191999912262	11.32008	64	0	0.062088	0.025353
872.1909999847412	11.770984	64	0	0.029567	0.025353
874.1900000572205	12.231328	66	0	0.062595	0.025353
876.1909999847412	11.339424	64	0	0.060796	0.025353
878.1900000572205	12.420984	64	0	0.044687	0.025353
880.1890001296997	11.295256	64	0	0.045372	0.025353
882.1900000572205	11.031336	64	0	0.056015	0.025353
884.1900000572205	11.225936	66	0	0.060212	0.025353
886.1879999637604	11.571304	66	0	0.02855	0.025353
888.1909999847412	11.465104	66	0	0.029988	0.025353
890.1909999847412	11.465792	66	0	0.057635	0.025353
892.191999912262	11.943808	66	0	0.060637	0.025353
894.1900000572205	11.055	66	0	0.060947	0.025353
896.1909999847412	11.597288	66	0	0.029447	0.025353
898.1890001296997	12.421448	66	0	0.059749	0.025353
900.2699999809265	11.4402	64	0	0.028802	0.025353
902.4409999847412	12.002728	68	0	0.064649	0.025353
904.4420001506805	11.252288	66	0	0.06343	0.025353
906.4399998188019	10.850424	122	0	0.066581	0.025353
908.4420001506805	12.434	66	0	0.030931	0.025353
910.4450001716614	12.29816	66	0	0.0593	0.025353
913.0	12.121504	66	0	0.063021	0.025353
915.2660000324249	11.187512	66	0	0.057055	0.025353
916.4399998188019	11.169896	66	0	0.04587	0.025353
918.4399998188019	11.431984	66	0	0.050497	0.025353
920.4389998912811	12.298008	66	0	0.031169	0.025353
922.4399998188019	11.085528	64	0	0.057955	0.025353
924.2699999809265	12.306568	66	0	0.031821	0.025353
926.4409999847412	11.55768	64	0	0.041762	0.025353
928.4359998703003	12.393424	66	0	0.055127	0.025353
930.4399998188019	11.41468	64	0	0.030425	0.025353
932.4409999847412	11.1	64	0	0.03685	0.025353
934.4450001716614	11.905704	64	0	0.029694	0.025353
936.4430000782013	12.067184	66	0	0.057665	0.025353
938.4420001506805	10.492912	64	0	0.060009	0.025353
940.4409999847412	12.109712	64	0	0.056152	0.025353
942.444000005722	11.613272	64	0	0.061177	0.025353
944.4430000782013	11.907232	64	0	0.057595	0.025353
946.4430000782013	11.143824	64	0	0.059631	0.025353
948.4430000782013	11.44912	64	0	0.030592	0.025353
950.444000005722	10.72596	66	0	0.046525	0.025353
952.4430000782013	11.251992	66	0	0.056339	0.025353
954.444000005722	12.02404	66	0	0.059077	0.025353
956.5460000038147	11.000336	66	0	0.0571	0.025353
958.4450001716614	11.670144	66	0	0.048779	0.025353
960.4300000667572	10.74384	66	0	0.05895	0.025353
962.4420001506805	10.891776	66	0	0.063375	0.025353
964.4430000782013	12.215088	66	0	0.062274	0.025353
966.4430000782013	11.3254	66	0	0.04178	0.025353
968.4430000782013	12.268328	64	0	0.061087	0.025353
970.4430000782013	5.126584	64	0	0.102806	0.025353
972.4430000782013	11.907216	64	0	0.03155	0.025353
974.444000005722	12.26548	64	0	0.05998	0.025463
976.444000005722	11.069656	64	0	0.058972	0.025463
978.444000005722	12.220128	64	0	0.059388	0.025463
980.4420001506805	11.183504	64	0	0.056804	0.025463
982.444000005722	11.442512	64	0	0.029265	0.025463
984.4430000782013	12.055456	66	0	0.060347	0.025463
986.444000005722	10.295144	64	0	0.058592	0.025463
988.4430000782013	12.218264	66	0	0.061834	0.025463
990.4420001506805	11.956568	64	0	0.061467	0.025463
992.4430000782013	11.354072	64	0	0.02901	0.025463
994.444000005722	10.914384	64	0	0.050608	0.025463
996.444000005722	11.318528	64	0	0.05914	0.025463
998.444000005722	11.395552	64	0	0.05394	0.025463
1000.4450001716614	12.156984	64	0	0.055073	0.025463
1002.4450001716614	11.80468	64	0	0.058502	0.025463
1004.4450001716614	12.153864	64	0	0.046804	0.025463
1006.4450001716614	11.843632	64	0	0.054694	0.025463
1008.4430000782013	10.19812	64	0	0.058491	0.025463
1010.4450001716614	12.165936	64	0	0.061575	0.025463
1012.4430000782013	12.413224	64	0	0.056439	0.025463
1014.6949999332428	12.426232	64	0	0.048662	0.025463
1016.6930000782013	11.686872	66	0	0.028571	0.025463
1018.6949999332428	11.529968	66	0	0.061139	0.025463
1020.5289998054504	12.525336	66	0	0.034057	0.025463
1022.6949999332428	11.245952	64	0	0.061968	0.025463
1024.694000005722	12.218448	66	0	0.057676	0.025463
1026.6930000782013	11.847664	66	0	0.061239	0.025463
1028.6949999332428	12.318576	66	0	0.055243	0.025463
1030.694000005722	11.606048	64	0	0.030773	0.025463
1032.6959998607635	11.286712	64	0	0.061164	0.025463
1034.6949999332428	12.222432	64	0	0.055999	0.025463
1036.694000005722	12.199064	64	0	0.051726	0.025463
1038.694000005722	12.543744	66	0	0.045859	0.025463
1040.6959998607635	11.571944	64	0	0.029992	0.025463
1042.6959998607635	10.911632	64	0	0.056593	0.025463
1044.5170001983643	11.30264	64	0	0.028878	0.025463
1046.6930000782013	12.24584	64	0	0.027968	0.025463
1048.6949999332428	10.53312	4	0	0.034141	0.025402
1050.6949999332428	12.156448	64	0	0.045406	0.025402
1052.691999912262	11.19212	64	0	0.045816	0.025402
1054.6930000782013	11.715784	64	0	0.02836	0.025402
1056.694000005722	12.382848	64	0	0.040178	0.025402
1058.6930000782013	12.153928	64	0	0.047407	0.025402
1060.694000005722	12.366056	68	0	0.050015	0.025402
1062.691999912262	11.530184	68	0	0.049099	0.025402
1064.6930000782013	9.98408	66	0	0.034003	0.025402
1066.6930000782013	6.588704	66	0	0.10271	0.025402
1068.694000005722	11.52	64	0	0.031926	0.025402
1070.6949999332428	11.486432	66	0	0.046845	0.025402
1072.694000005722	11.498024	66	0	0.047633	0.025402
1074.6949999332428	11.535248	66	0	0.028967	0.025402
1076.694000005722	12.057704	66	0	0.042723	0.025402
1078.6959998607635	12.038968	66	0	0.030164	0.025402
1080.6949999332428	11.019728	66	0	0.052928	0.025402
1082.694000005722	12.395968	66	0	0.044634	0.025402
1084.694000005722	12.565288	68	0	0.050983	0.025402
1086.6949999332428	9.917528	66	0	0.051266	0.025402
1088.6930000782013	11.309544	66	0	0.029238	0.025402
1090.694000005722	10.807544	66	0	0.044458	0.025402
1092.694000005722	11.771376	66	0	0.030117	0.025402
1094.6930000782013	11.258328	66	0	0.037891	0.025402
1096.6949999332428	12.337296	66	0	0.039161	0.025402
1098.6949999332428	11.427264	66	0	0.029057	0.025402
1100.6949999332428	11.604672	64	0	0.036869	0.025402
1102.6949999332428	12.336072	64	0	0.03123	0.025402
1104.694000005722	10.486824	64	0	0.035464	0.025402
1106.694000005722	10.562272	66	0	0.037746	0.025402
1108.694000005722	11.086536	66	0	0.03569	0.025402
1110.6949999332428	12.362136	66	0	0.040745	0.025402
1112.694000005722	11.188952	66	0	0.030846	0.025402
1114.694000005722	12.206808	66	0	0.039248	0.025402
1116.694000005722	12.316264	64	0	0.031287	0.025402
1118.6959998607635	12.181528	64	0	0.043968	0.025402
1120.6959998607635	12.078552	4	0	0.041762	0.025402
1122.694000005722	11.23704	66	0	0.028253	0.025402
1124.6959998607635	10.404456	66	0	0.037037	0.025402
1126.9430000782013	11.401208	64	0	0.02912	0.025402
1128.9449999332428	12.369288	64	0	0.036159	0.025402
1130.9460000991821	12.248432	64	0	0.03841	0.025402
1132.9460000991821	11.362328	66	0	0.040748	0.025402
1134.9460000991821	12.125856	66	0	0.038463	0.025402
1136.9470000267029	11.454056	66	0	0.028851	0.025402
1138.9470000267029	12.29156	66	0	0.048105	0.025402
1140.9460000991821	11.25968	66	0	0.029624	0.025402
1142.9479999542236	12.23052	64	0	0.046338	0.025402
1144.9470000267029	12.223224	64	0	0.054208	0.025402
1146.9449999332428	11.805488	64	0	0.056344	0.025402
1148.9460000991821	12.415256	64	0	0.055289	0.025402
1150.9449999332428	11.441936	64	0	0.030432	0.025402
1152.9449999332428	12.475296	66	0	0.045236	0.025402
1154.9460000991821	12.285176	64	0	0.049022	0.025402
1156.9470000267029	11.982752	64	0	0.052806	0.025402
1158.9470000267029	12.20488	66	0	0.059101	0.025402
1160.9460000991821	11.58488	64	0	0.031018	0.025402
1162.9500000476837	12.135816	66	0	0.040548	0.025402
1164.9449999332428	11.26976	66	0	0.03165	0.025402
1166.9460000991821	12.391	66	0	0.040914	0.025402
1168.9449999332428	12.295192	66	0	0.049655	0.025402
1170.9470000267029	11.161344	66	0	0.049935	0.025402
1172.9479999542236	11.678112	64	0	0.044967	0.025402
1174.9470000267029	11.71952	66	0	0.029236	0.025402
1176.9460000991821	12.507656	64	0	0.040937	0.025402
1178.9479999542236	11.75732	64	0	0.045455	0.025402
1180.9470000267029	12.12164	64	0	0.040047	0.025402
1182.949000120163	12.058616	64	0	0.048527	0.025402
1184.9479999542236	11.872272	64	0	0.028985	0.025402
1186.9460000991821	12.260464	64	0	0.059834	0.025402
1188.9479999542236	12.06344	64	0	0.031127	0.025402
1190.9460000991821	12.06764	64	0	0.049743	0.025402
1192.949000120163	12.049792	66	0	0.048535	0.025402
1194.9479999542236	11.859408	64	0	0.056905	0.025402
1196.9479999542236	12.099376	64	0	0.054224	0.025402
1198.949000120163	12.274312	64	0	0.056325	0.025402
1200.9460000991821	12.283112	64	0	0.05815	0.025402
1202.9470000267029	11.312448	64	0	0.033178	0.025402
1204.9479999542236	12.425544	64	0	0.042344	0.025402
1206.9470000267029	11.373048	64	0	0.057122	0.025402
1208.9479999542236	11.713384	64	0	0.031271	0.025402
1210.9479999542236	11.682192	64	0	0.039581	0.025402
1212.9509999752045	12.1	68	0	0.031319	0.025402
1215.566999912262	11.928488	66	0	0.062996	0.025402
1219.8599998950958	12.18184	66	0	0.057315	0.025402
1223.664999961853	11.832744	66	13	0.058385	0.025402
1223.8700001239777	8.76772	64	0	0.071302	0.025402
1225.1719999313354	11.82204	64	22	0.061069	0.025402
1229.9790000915527	11.397544	64	0	0.056576	0.025402
1232.6159999370575	11.825448	64	19	0.05636	0.025402
1232.7839999198914	10.82864	64	0	0.037441	0.025402
