0.0	11.907176	68	62	0.059725	0.018309
0.3960001468658447	10.40448	66	15	0.06076	0.018309
0.45200014114379883	7.985976	66	0	0.043038	0.018309
0.5260002613067627	8.486776	62	0	0.035629	0.018309
0.626000165939331	9.980952	68	0	0.030984	0.018302
0.8910002708435059	12.812464	76	0	0.057356	0.018302
1.1810002326965332	12.236976	64	8	0.058143	0.018302
1.377000093460083	12.080536	66	0	0.043016	0.018302
1.8940002918243408	11.153616	68	15	0.060978	0.018302
3.9800000190734863	10.392968	68	0	0.065916	0.018302
5.9079999923706055	13.787872	68	0	0.03868	0.018302
7.927000045776367	11.040344	66	0	0.063935	0.018302
10.010000228881836	10.128728	62	0	0.059167	0.018302
11.842000246047974	12.105416	58	0	0.028929	0.018302
13.939000129699707	11.40724	66	0	0.073534	0.018302
16.021000385284424	9.125528	62	0	0.037084	0.018302
17.84000015258789	10.183912	74	0	0.065627	0.018302
19.92300009727478	10.4338	90	0	0.054164	0.018302
21.992000102996826	12.077264	72	0	0.067074	0.018302
24.070000171661377	11.625856	76	0	0.037084	0.018302
25.868000030517578	8.866392	70	0	0.029627	0.018302
27.948000192642212	9.245928	70	0	0.031588	0.018302
29.84000015258789	8.369888	68	0	0.029155	0.018302
32.092000007629395	11.804792	70	0	0.033185	0.018302
33.92500019073486	11.053712	72	0	0.036097	0.018302
35.98700022697449	10.647992	68	0	0.030028	0.018302
38.03700017929077	10.459216	70	0	0.036747	0.018302
39.84700012207031	9.571152	70	0	0.029563	0.018302
41.926000118255615	11.923296	62	0	0.032987	0.018302
44.021000385284424	11.317096	62	0	0.032037	0.018302
45.85199999809265	9.590944	64	0	0.027982	0.018302
47.93100023269653	10.94024	66	0	0.03091	0.018302
50.02300024032593	12.157456	66	0	0.030047	0.018302
52.11400032043457	12.03788	62	0	0.032336	0.018302
53.9449999332428	9.9426	60	0	0.031443	0.018302
56.02400016784668	9.931728	66	0	0.035292	0.018302
58.10700011253357	10.707456	68	0	0.030989	0.018302
59.93400025367737	7.853176	64	0	0.031057	0.018302
62.01200008392334	10.464384	90	0	0.038842	0.018302
64.10200023651123	12.797272	90	0	0.031731	0.018302
65.93400025367737	11.837624	64	0	0.048481	0.018302
68.01500010490417	10.452504	62	0	0.042336	0.018302
70.11299991607666	10.99044	72	0	0.047518	0.018302
71.92900013923645	11.422024	80	0	0.036279	0.018302
73.99100017547607	9.329072	68	0	0.032417	0.018302
76.0860002040863	11.338936	66	0	0.040106	0.018302
77.91600012779236	13.882464	66	0	0.035692	0.018302
80.0090000629425	11.64024	66	0	0.048599	0.018302
82.10300016403198	10.996096	66	0	0.034792	0.018302
83.92200016975403	9.282664	76	0	0.029745	0.018302
86.01800012588501	10.038856	94	0	0.036737	0.018302
88.10900020599365	9.83536	94	0	0.027432	0.018302
89.94200015068054	8.88508	66	0	0.0322	0.018302
92.02100038528442	9.50476	66	0	0.031226	0.018302
94.09500026702881	11.579512	68	0	0.052723	0.018302
95.92400002479553	10.381024	66	0	0.033092	0.018302
98.00099992752075	9.99144	60	0	0.030235	0.018302
100.09500026702881	9.989936	62	0	0.032387	0.018302
101.99200010299683	9.714784	72	0	0.031396	0.018302
104.01100015640259	10.669016	66	0	0.056352	0.018302
106.10500001907349	10.528344	66	0	0.049122	0.018302
107.93800020217896	9.593552	72	0	0.036115	0.018302
110.01800012588501	10.900336	66	0	0.056607	0.018302
112.09600019454956	9.6124	68	0	0.031962	0.018302
114.17900013923645	9.886912	66	0	0.04034	0.018302
116.007000207901	11.573408	72	0	0.050559	0.018302
118.07400012016296	10.407168	70	0	0.033358	0.018302
120.14900016784668	11.10628	68	0	0.034337	0.018302
121.98600029945374	10.419264	72	0	0.030775	0.018302
124.05900025367737	10.138192	68	0	0.035297	0.018302
125.95500016212463	10.078704	70	0	0.033574	0.018302
127.94100022315979	10.638144	72	0	0.030435	0.018302
130.0350000858307	10.071728	70	0	0.04511	0.018302
132.11800026893616	9.973384	70	0	0.039688	0.018302
134.1930000782013	9.6062	72	0	0.04593	0.018302
136.02500009536743	9.5272	72	0	0.0297	0.018302
138.12000012397766	10.175608	68	0	0.034756	0.018302
140.19700026512146	10.045272	66	0	0.032318	0.018302
141.99700021743774	10.8444	78	0	0.051239	0.018302
144.07400012016296	10.047304	78	0	0.055663	0.018302
146.1560001373291	9.053536	106	0	0.038451	0.018302
147.9870002269745	10.985832	74	0	0.043714	0.018302
150.06700015068054	9.198384	66	0	0.035754	0.018302
152.14800000190735	11.072976	66	0	0.048539	0.018302
154.2290003299713	12.51684	70	0	0.057094	0.018302
156.05599999427795	10.555032	100	0	0.033157	0.018302
158.15100026130676	2.326784	66	0	0.048323	0.018302
160.24300026893616	9.840592	66	0	0.031173	0.018302
162.07500004768372	10.33204	66	0	0.038545	0.018302
164.1670000553131	10.38632	68	0	0.034269	0.018302
165.9870002269745	12.2048	64	0	0.034425	0.018302
168.05800032615662	10.976152	76	0	0.041191	0.018302
170.13500022888184	10.953312	74	0	0.028806	0.018302
172.21900010108948	11.259304	62	0	0.030412	0.018302
174.04500031471252	10.089176	86	0	0.035572	0.018302
176.13900017738342	12.578152	80	0	0.056831	0.018302
178.23100018501282	9.976456	62	0	0.043156	0.018302
180.04500031471252	9.934344	84	0	0.033089	0.018302
182.14000010490417	10.357376	70	0	0.049342	0.018302
184.22000002861023	9.999768	70	0	0.037601	0.018302
186.0350000858307	11.666904	70	0	0.042276	0.018302
188.11100006103516	10.415888	70	0	0.040239	0.018302
190.19400024414062	10.710392	70	0	0.064922	0.018302
192.0290002822876	11.795384	70	0	0.062592	0.018302
194.1050000190735	11.337128	92	0	0.046404	0.018302
196.19000029563904	10.528464	66	0	0.061136	0.018302
198.2530002593994	11.127208	64	0	0.036028	0.018302
200.0880000591278	10.588424	72	0	0.069382	0.018302
202.16799998283386	10.634288	66	0	0.064273	0.018302
204.25200009346008	11.86616	66	0	0.059263	0.018302
206.08100008964539	10.44388	68	0	0.06552	0.018302
208.16400003433228	10.85404	70	0	0.041595	0.018302
210.26300024986267	10.468488	70	0	0.047089	0.018302
212.06700015068054	11.184056	70	0	0.065093	0.018302
214.14900016784668	11.467928	68	0	0.065424	0.018302
216.246000289917	10.831408	66	0	0.051662	0.018302
218.08100008964539	10.719312	70	0	0.036518	0.018302
220.1600000858307	11.224944	74	0	0.05449	0.018302
222.239000082016	9.404184	66	0	0.041692	0.018302
224.07100009918213	9.733048	74	0	0.059231	0.018302
226.1740002632141	11.43536	76	0	0.05148	0.018302
228.2590000629425	10.254296	68	0	0.039088	0.018302
230.08200025558472	10.251192	64	0	0.061216	0.018302
232.17100024223328	11.42824	68	0	0.037945	0.018302
234.2720000743866	11.161008	70	0	0.064667	0.018302
236.08300018310547	12.893224	66	0	0.044414	0.018302
238.18100023269653	10.982128	62	0	0.030315	0.018302
240.27500009536743	10.460632	64	0	0.029196	0.018302
242.09400010108948	10.547768	104	0	0.031843	0.018302
244.17600011825562	9.397216	96	0	0.040432	0.018302
246.22800016403198	12.044784	64	0	0.031636	0.018302
248.2900002002716	10.14564	64	0	0.042194	0.018302
250.10700011253357	10.760144	64	0	0.040473	0.018302
252.2020001411438	10.570128	68	0	0.030176	0.018302
254.2920000553131	11.180288	86	0	0.041158	0.018302
256.11100006103516	9.569408	104	0	0.034438	0.018302
258.1930000782013	10.906368	68	0	0.059291	0.018302
260.2590000629425	9.564832	70	0	0.060703	0.018302
262.0790002346039	10.7894	64	0	0.062139	0.018302
264.15300011634827	9.88236	68	0	0.061224	0.018302
266.2500002384186	9.53736	72	0	0.038906	0.018302
268.33300018310547	10.558112	70	0	0.063058	0.018302
270.14400005340576	11.386888	92	0	0.039204	0.018302
272.2220001220703	10.315176	68	0	0.06347	0.018302
274.2830002307892	11.743696	66	0	0.060421	0.018302
276.1119999885559	11.177824	68	0	0.063712	0.018302
278.1910002231598	12.31796	70	0	0.058392	0.018302
280.28400015830994	11.010552	70	0	0.040742	0.018302
282.1190001964569	11.534792	74	0	0.069912	0.018302
284.2130002975464	11.072168	70	0	0.061219	0.018302
286.3050000667572	10.371528	74	0	0.07147	0.018302
288.3750002384186	10.898288	66	0	0.064947	0.018302
290.1950001716614	10.293216	66	0	0.037968	0.018302
292.26900029182434	10.608384	74	0	0.066907	0.018302
294.3710000514984	9.583368	66	0	0.038111	0.018302
296.20600032806396	10.752776	68	0	0.065544	0.018302
298.2890000343323	10.894656	66	0	0.063959	0.018302
300.3620002269745	11.538512	66	0	0.063518	0.018302
302.1950001716614	4.965472	66	0	0.059097	0.018592
304.27999997138977	10.372048	64	0	0.033323	0.018592
306.32100009918213	9.116832	74	0	0.06001	0.018592
308.15100026130676	11.423632	68	0	0.04289	0.018592
310.24700021743774	11.96016	70	0	0.040146	0.018592
312.3380002975464	1.560176	72	0	0.042005	0.018592
314.1700003147125	10.187096	66	0	0.030493	0.018592
316.24700021743774	11.6834	62	0	0.042626	0.018592
318.3270001411438	9.850488	64	0	0.03219	0.018133
320.1540002822876	11.584424	62	0	0.041309	0.018133
322.2290003299713	10.5324	62	0	0.045428	0.018133
324.3200001716614	11.837832	64	0	0.032527	0.018133
326.38300013542175	11.687008	64	0	0.056557	0.018133
328.20800018310547	9.767728	72	0	0.044148	0.018133
330.279000043869	11.88144	70	0	0.039392	0.018133
332.19200015068054	10.5426	80	0	0.037878	0.018133
334.21200013160706	11.742064	74	0	0.063895	0.018133
336.27100014686584	10.753584	72	0	0.066292	0.018133
338.34600019454956	9.110304	72	0	0.03937	0.018133
340.17700004577637	11.360928	66	0	0.049466	0.018133
342.27300000190735	9.68684	70	0	0.033561	0.018133
344.3670001029968	10.422912	66	0	0.051197	0.018133
346.20099997520447	11.095512	66	0	0.05479	0.018133
348.29300022125244	10.435848	66	0	0.038608	0.018133
350.37600016593933	11.699968	68	0	0.046382	0.018133
352.20800018310547	7.682624	72	0	0.037111	0.018133
354.29699993133545	7.643872	70	0	0.055342	0.018133
356.2130002975464	11.542152	74	0	0.032427	0.018133
358.1930000782013	10.849392	66	0	0.048073	0.018133
360.28700017929077	11.60444	64	0	0.041991	0.018133
362.3670001029968	10.19168	66	0	0.03287	0.018133
364.4279999732971	11.870864	70	0	0.043073	0.018133
366.2590000629425	8.315024	86	0	0.043509	0.018133
368.3540003299713	12.45504	86	0	0.056099	0.018133
370.172000169754	11.249344	68	0	0.044828	0.018133
372.2650001049042	9.632864	68	0	0.032633	0.018133
374.3440001010895	11.776344	66	0	0.040839	0.018133
376.4230000972748	9.305168	86	0	0.037342	0.018133
378.2420001029968	10.516256	66	0	0.05417	0.018133
380.3400001525879	11.496232	70	0	0.065808	0.018133
382.42000007629395	11.168864	72	0	0.066794	0.018133
384.2370002269745	10.653304	80	0	0.074174	0.018133
386.3129999637604	10.649568	68	0	0.033258	0.018133
388.3400001525879	10.713576	88	0	0.081229	0.018133
390.38499999046326	6.934216	86	0	0.056393	0.018133
392.2090001106262	11.56072	98	0	0.061735	0.018133
394.29100012779236	0.562168	64	0	0.083819	0.018133
396.3900001049042	10.175928	68	0	0.064308	0.018133
398.4649999141693	11.293384	68	0	0.059913	0.018133
400.29699993133545	10.185584	70	0	0.039469	0.018133
402.3910002708435	9.741296	70	0	0.050665	0.018133
404.27500009536743	10.471088	66	0	0.036055	0.018133
406.2830002307892	11.641776	66	0	0.059845	0.018133
408.3770000934601	11.236512	66	0	0.061111	0.018133
410.45800018310547	9.992776	66	0	0.038632	0.018133
412.26700019836426	8.520568	68	0	0.033089	0.018133
414.335000038147	10.262008	66	0	0.030774	0.018133
416.43400025367737	12.460328	64	0	0.032958	0.018133
418.2660002708435	10.111704	72	0	0.031195	0.018133
420.3470001220703	10.3356	100	0	0.032735	0.018133
422.42900037765503	10.47768	64	0	0.036656	0.018133
424.26300024986267	9.951712	66	0	0.032402	0.018133
426.3580002784729	11.811072	68	0	0.037934	0.018133
428.268000125885	6.182104	74	0	0.042281	0.018133
430.49900007247925	10.465696	82	0	0.074637	0.018133
432.33900022506714	11.063656	86	0	0.048969	0.018133
434.40500020980835	9.935352	86	0	0.039164	0.018133
436.47500014305115	9.545352	78	0	0.065005	0.018133
438.30400013923645	9.608136	82	0	0.037447	0.018133
440.3970003128052	10.183936	72	0	0.051514	0.018133
442.47900009155273	9.409696	76	0	0.044173	0.018133
444.3129999637604	12.074424	68	0	0.050754	0.018133
446.40500020980835	11.185	66	0	0.03908	0.018133
448.485000371933	9.992056	86	0	0.032636	0.018133
450.2770001888275	11.679808	64	0	0.062775	0.018133
452.3540003299713	12.101304	66	0	0.047487	0.018133
454.41600012779236	9.920288	70	0	0.067013	0.018133
456.5110001564026	11.71072	82	0	0.075901	0.018133
458.3250002861023	11.120496	66	0	0.034835	0.018133
460.4210002422333	10.994296	70	0	0.0347	0.018133
462.47300004959106	10.167624	66	0	0.040343	0.018133
464.30200028419495	10.869696	66	0	0.063878	0.018133
466.37199997901917	10.5058	80	0	0.077386	0.018133
468.45300030708313	10.748096	68	0	0.057416	0.018133
470.53900027275085	11.585976	68	0	0.057303	0.018133
472.3560001850128	9.521648	68	0	0.035964	0.018133
474.529000043869	10.571976	70	0	0.052297	0.018133
476.45500016212463	9.261152	146	0	0.039903	0.018133
478.3600001335144	4.693848	178	0	0.091714	0.018133
480.44400000572205	10.361984	68	0	0.062274	0.018133
482.52099990844727	11.459304	68	0	0.053033	0.018133
484.3560001850128	11.867552	92	0	0.041381	0.018133
486.4350001811981	12.19304	94	0	0.044841	0.018133
488.4910001754761	9.665976	64	0	0.063789	0.018133
490.32100009918213	10.19016	70	0	0.064995	0.018133
492.41600012779236	11.418816	72	0	0.054413	0.018133
494.51000022888184	9.298912	70	0	0.062721	0.018133
496.32800006866455	10.126688	70	0	0.040405	0.018133
498.40899991989136	9.634896	92	0	0.050302	0.018133
500.489000082016	7.663432	84	0	0.035909	0.018133
502.32200026512146	10.61996	66	0	0.059761	0.018133
504.4060001373291	10.676416	104	0	0.080502	0.018133
506.4800000190735	10.973344	70	0	0.067066	0.018133
508.525000333786	11.447072	70	0	0.039164	0.018133
510.3580002784729	11.26536	104	0	0.034416	0.018133
512.4630000591278	10.594712	78	0	0.066686	0.018133
514.5510001182556	11.361192	72	0	0.066178	0.018133
516.3760001659393	11.570352	72	0	0.034076	0.018133
518.4320001602173	11.096656	82	0	0.047906	0.018133
520.507000207901	9.67108	80	0	0.036013	0.018133
522.3220002651215	11.088432	66	0	0.036703	0.018133
524.4180002212524	12.856584	66	0	0.029616	0.018133
526.4950001239777	10.362816	68	0	0.044423	0.018133
528.5759999752045	11.540816	126	0	0.047882	0.018133
530.4100003242493	11.233	68	0	0.063814	0.018133
532.5050001144409	10.769848	68	0	0.060568	0.018133
534.6050002574921	10.932784	68	0	0.028174	0.018133
536.4150002002716	10.627032	74	0	0.062868	0.018133
538.5140001773834	11.494552	66	0	0.063005	0.018133
540.5730001926422	11.080232	62	0	0.061461	0.018133
542.393000125885	11.829008	78	0	0.059024	0.018133
544.4580001831055	10.515008	80	0	0.035069	0.018133
546.525000333786	12.1262	68	0	0.059914	0.018133
548.4180002212524	10.871704	112	0	0.029041	0.018133
550.4350001811981	11.444456	98	0	0.037197	0.018133
552.5020003318787	9.81112	66	0	0.033932	0.018133
554.5900001525879	8.938032	66	0	0.034712	0.018133
556.3950002193451	10.013944	64	0	0.062414	0.018133
558.4830000400543	9.202096	68	0	0.036373	0.018133
560.5610001087189	11.119352	74	0	0.070082	0.018133
562.6520001888275	11.14344	74	0	0.039735	0.018133
564.469000339508	10.525904	96	0	0.034858	0.018133
566.565000295639	9.890192	100	0	0.031962	0.018133
568.6590001583099	11.904072	70	0	0.031989	0.018133
570.489000082016	9.998424	66	0	0.045261	0.018133
572.3980002403259	10.478464	66	0	0.03405	0.018133
574.4170000553131	10.912368	72	0	0.065854	0.018133
576.4800000190735	11.129912	66	0	0.060654	0.018133
578.5590002536774	10.356704	76	0	0.039539	0.018133
580.6560001373291	10.596984	70	0	0.043146	0.018133
582.4790000915527	10.982128	64	0	0.030219	0.018133
584.5759999752045	11.609376	60	0	0.032266	0.018133
586.6400001049042	12.928072	64	0	0.04864	0.018133
588.4570000171661	10.578904	68	0	0.058576	0.018133
590.5529999732971	11.287648	70	0	0.049892	0.018133
592.6160001754761	9.33316	58	0	0.032436	0.018133
594.449000120163	9.699872	66	0	0.037627	0.018133
596.5440001487732	10.017672	74	0	0.03402	0.018133
598.6240000724792	10.876352	76	0	0.05246	0.018133
600.4550001621246	11.232824	76	0	0.052734	0.018133
602.5340001583099	9.04164	60	0	0.032213	0.018133
604.6150002479553	10.846528	64	0	0.035282	0.018133
606.4470002651215	10.204752	68	0	0.034597	0.018133
608.5220003128052	10.45504	66	0	0.064117	0.018133
610.6000001430511	12.651144	74	0	0.051659	0.018133
612.680999994278	12.716648	84	0	0.066601	0.018133
614.4969999790192	10.45424	70	0	0.046069	0.018133
616.5900001525879	11.70376	68	0	0.033879	0.018133
618.6850001811981	11.3398	70	0	0.050389	0.018676
620.4910001754761	10.186632	64	0	0.034021	0.018676
622.5820002555847	10.07852	100	0	0.048997	0.018676
624.66100025177	9.993528	72	0	0.044759	0.018676
626.4639999866486	8.796008	68	0	0.063572	0.018676
628.5260002613068	10.614096	68	0	0.050079	0.018676
630.6020002365112	11.090688	92	0	0.033589	0.018676
632.4370002746582	10.575176	70	0	0.051944	0.018676
634.5170001983643	12.638976	70	0	0.04337	0.018676
636.6070001125336	11.86328	66	0	0.056549	0.018676
638.688000202179	11.708648	66	0	0.03632	0.018676
640.5170001983643	9.97548	68	0	0.029673	0.018676
642.6150002479553	11.340608	58	0	0.039316	0.018331
644.6930003166199	10.0976	74	0	0.035075	0.018331
646.5090003013611	10.469776	62	0	0.047065	0.018331
648.603000164032	11.075	72	0	0.045744	0.018331
650.680999994278	10.509136	64	0	0.033383	0.018331
652.5150001049042	12.095696	4	0	0.042034	0.018331
654.581000328064	9.851752	70	0	0.033764	0.018331
656.672000169754	12.393152	70	0	0.063267	0.018331
658.5030002593994	8.566912	66	0	0.054897	0.018331
660.5730001926422	11.667576	66	0	0.06358	0.018331
662.6489999294281	10.750112	66	0	0.046556	0.018331
664.4809999465942	8.420808	70	0	0.031062	0.018331
666.5660002231598	12.674312	64	0	0.041068	0.018331
668.6390001773834	8.879232	66	0	0.034772	0.018331
670.4750001430511	11.345848	64	0	0.049495	0.018331
672.5700001716614	12.077592	68	0	0.047554	0.018331
674.6690003871918	11.384832	58	0	0.027685	0.018331
676.5020003318787	9.340432	64	0	0.042096	0.018331
678.585000038147	10.040112	66	0	0.034438	0.018331
680.6580002307892	10.812696	62	0	0.051416	0.018331
682.4910001754761	10.378648	64	0	0.054921	0.018331
684.569000005722	12.000296	74	0	0.067881	0.018331
686.6480000019073	12.478632	78	0	0.064537	0.018331
688.7260003089905	9.672184	86	0	0.036262	0.018331
690.5590002536774	12.03288	74	0	0.046626	0.018331
692.6550002098083	9.637984	88	0	0.036279	0.018331
694.7300002574921	11.197888	104	0	0.052289	0.018331
696.5540001392365	10.708272	64	0	0.054552	0.018331
698.6450002193451	11.616832	62	0	0.02847	0.018331
700.7239999771118	10.436744	92	0	0.05464	0.018331
702.5550000667572	8.987288	74	0	0.037866	0.018331
704.6580002307892	11.538424	74	0	0.056286	0.018331
706.7510001659393	11.475768	72	0	0.055147	0.018331
708.5880000591278	10.595424	70	0	0.056722	0.018331
710.6850001811981	10.476216	72	0	0.046881	0.018331
712.760999917984	9.739344	72	0	0.035901	0.018331
714.5929999351501	12.172576	90	0	0.056182	0.018331
716.6630001068115	9.521736	70	0	0.037868	0.018331
718.7510001659393	10.683776	78	0	0.054143	0.018331
720.569000005722	11.993904	74	0	0.056361	0.018331
722.66100025177	8.976328	70	0	0.035896	0.018331
724.7580001354218	10.402784	108	0	0.049114	0.018331
726.5890002250671	11.794136	76	0	0.034894	0.018331
728.6840000152588	12.632528	76	0	0.058765	0.018331
730.760999917984	9.62468	76	0	0.067589	0.018331
732.5780003070831	11.373968	90	0	0.038163	0.018331
734.6750001907349	9.63068	70	0	0.063042	0.018331
736.7650003433228	10.350368	76	0	0.071069	0.018331
738.5929999351501	10.255288	68	0	0.063665	0.018331
740.683000087738	10.958712	70	0	0.040074	0.018331
742.7630002498627	10.560784	64	0	0.043039	0.018331
744.5980002880096	12.676168	64	0	0.050194	0.018331
746.6760001182556	10.571568	68	0	0.060506	0.018331
748.7730002403259	11.422976	82	0	0.077803	0.018331
750.6050002574921	9.182616	64	0	0.039597	0.018331
752.6840000152588	10.744704	68	0	0.065172	0.018331
754.5820002555847	9.479352	80	0	0.037064	0.018331
756.5680000782013	10.61308	70	0	0.063485	0.018331
758.6489999294281	10.613432	72	0	0.057917	0.018331
760.7320001125336	10.041592	68	0	0.039979	0.018331
762.8250000476837	11.44852	76	0	0.071844	0.018331
764.6580002307892	11.342184	68	0	0.040238	0.018331
766.7550001144409	10.921368	76	0	0.052938	0.018331
768.5860002040863	10.418568	72	0	0.061034	0.018331
770.6670000553131	9.313696	76	0	0.037227	0.018331
772.760999917984	11.654984	66	0	0.043041	0.018331
774.826000213623	10.030472	70	0	0.03205	0.018331
776.6270000934601	11.066144	68	0	0.063841	0.018331
778.7070002555847	10.524944	82	0	0.041649	0.018331
780.7990002632141	0.265048	94	0	0.083162	0.018331
782.6170001029968	11.902744	82	0	0.068849	0.018331
784.7000000476837	6.442688	70	0	0.043566	0.018331
786.7900002002716	11.545128	78	0	0.050062	0.018331
788.8700001239777	10.367136	78	0	0.035142	0.018331
790.701000213623	11.263016	74	0	0.043259	0.018331
792.7850000858307	12.781624	66	0	0.046113	0.018331
794.8390002250671	11.860592	62	0	0.050952	0.018331
796.6570000648499	11.71	64	0	0.044666	0.018331
798.7450001239777	11.704536	68	0	0.028517	0.018331
800.8270001411438	11.608976	78	0	0.045515	0.018331
802.6580002307892	11.734616	80	0	0.048696	0.018331
804.7360000610352	10.234952	68	0	0.06364	0.018331
806.8340001106262	9.847944	68	0	0.064068	0.018331
808.6710002422333	10.437256	72	0	0.067476	0.018331
810.7520000934601	12.234416	78	0	0.056508	0.018331
812.8180003166199	9.169096	72	0	0.040451	0.018331
814.6360001564026	11.417576	66	0	0.06354	0.018331
816.7300002574921	11.82608	70	0	0.067497	0.018331
818.8060002326965	2.503272	98	0	0.087659	0.018331
820.8710000514984	12.358928	70	0	0.05656	0.018331
822.6690003871918	10.78512	74	0	0.03495	0.018331
824.7690000534058	11.274856	70	0	0.057746	0.018331
826.6630001068115	11.401736	70	0	0.042355	0.018331
828.677000284195	12.035208	70	0	0.058273	0.018331
830.7720000743866	10.474744	74	0	0.043945	0.018331
832.8660001754761	9.157088	72	0	0.037751	0.018331
834.6950001716614	10.312224	70	0	0.052041	0.018331
836.7710001468658	10.40788	66	0	0.035407	0.018331
838.8370003700256	11.270688	64	0	0.050534	0.018331
840.6670000553131	11.249952	80	0	0.047964	0.018331
842.7630002498627	9.977632	70	0	0.036564	0.018331
844.8570001125336	11.028088	70	0	0.051606	0.018331
846.690000295639	9.635168	68	0	0.03551	0.018331
848.7850000858307	11.26924	68	0	0.043899	0.018331
850.6840000152588	11.325832	72	0	0.032962	0.018331
852.6950001716614	11.98932	76	0	0.049791	0.018331
854.7760000228882	9.790728	74	0	0.053149	0.018331
856.8540003299713	9.339104	68	0	0.034483	0.018331
858.9170002937317	10.64392	70	0	0.053219	0.018331
860.7340002059937	10.645272	66	0	0.035257	0.018331
862.8290002346039	13.63356	72	0	0.037562	0.018331
864.922000169754	10.702944	74	0	0.054075	0.018331
866.757000207901	11.138008	68	0	0.06224	0.018331
868.835000038147	10.553224	78	0	0.056848	0.018331
870.9150002002716	10.794536	78	0	0.031806	0.018331
872.7450001239777	10.852624	70	0	0.050274	0.018331
874.835000038147	10.105656	94	0	0.039528	0.018331
876.9330003261566	10.901696	64	0	0.048772	0.018331
878.7550001144409	9.964824	78	0	0.051202	0.018331
880.8300001621246	9.592024	70	0	0.03934	0.018331
882.9100003242493	9.030776	62	0	0.03299	0.018331
884.7110002040863	10.787656	66	0	0.030965	0.018331
886.7870001792908	12.035216	76	0	0.053587	0.018331
888.8730001449585	11.031552	76	0	0.066647	0.018331
890.699000120163	12.494296	64	0	0.065049	0.018331
892.7630002498627	11.460064	72	0	0.044433	0.018331
894.8380002975464	10.946312	82	0	0.041077	0.018331
896.9010002613068	10.925264	82	0	0.064978	0.018331
898.7820003032684	10.641192	64	0	0.032507	0.018331
900.7830002307892	10.959648	80	0	0.045556	0.018331
902.882000207901	10.765128	80	0	0.059805	0.018331
904.9470002651215	8.587216	66	0	0.036895	0.018331
906.7799999713898	10.45928	64	0	0.044267	0.018331
908.8590002059937	7.988272	60	0	0.03487	0.018331
910.951000213623	10.411304	90	0	0.040933	0.018331
912.7690000534058	10.568712	64	0	0.052954	0.018331
914.8610002994537	10.288024	70	0	0.034713	0.018331
916.9570002555847	12.272296	78	0	0.052191	0.018331
918.7920000553131	11.982464	70	0	0.036637	0.018331
920.8680000305176	11.971	68	0	0.046494	0.018331
922.7769999504089	10.397624	74	0	0.034214	0.018331
924.7780001163483	9.692088	74	0	0.046845	0.018331
926.8690001964569	12.684616	4	0	0.033125	0.018331
928.9660003185272	11.250104	66	0	0.035199	0.018331
930.8040001392365	9.910264	68	0	0.065792	0.018331
932.9000000953674	13.12556	72	0	0.035368	0.018331
934.9950001239777	10.227944	70	0	0.071874	0.018331
936.8150000572205	12.42756	68	0	0.065142	0.018331
938.91100025177	0.15676	62	0	0.06129	0.018331
941.007000207901	11.784608	70	0	0.064213	0.018331
942.8440001010895	0.457696	90	0	0.056779	0.018354
944.920000076294	8.803976	70	0	0.068488	0.018354
946.8190002441406	10.776184	72	0	0.041143	0.018354
948.8380002975464	10.128376	72	0	0.041223	0.018354
950.9330003261566	5.380976	64	0	0.051387	0.018354
953.0030002593994	10.250224	70	0	0.036978	0.018354
954.8050003051758	10.865112	82	0	0.052576	0.018354
956.8970000743866	10.726088	66	0	0.02966	0.018354
958.9810001850128	11.745016	72	0	0.048416	0.018354
960.8110001087189	9.188408	92	0	0.044582	0.018354
962.904000043869	10.71408	70	0	0.048982	0.018354
964.967000246048	12.543448	70	0	0.043907	0.018354
966.7830002307892	9.540032	74	0	0.035735	0.018354
968.8780002593994	11.766064	88	0	0.051984	0.018354
970.944000005722	12.58864	62	0	0.035038	0.018354
973.0350000858307	10.746448	70	0	0.048566	0.018354
974.8650000095367	10.412096	66	0	0.054172	0.018354
976.9630000591278	9.238992	76	0	0.030809	0.018354
979.007000207901	11.924336	82	0	0.050563	0.018354
980.826000213623	10.385712	66	0	0.037077	0.018354
982.9030001163483	11.563296	72	0	0.049957	0.018354
984.9930000305176	11.14816	108	0	0.031966	0.018354
986.8110001087189	11.630152	66	0	0.064372	0.018354
988.9049999713898	13.093392	114	0	0.05138	0.018354
991.0	7.641272	74	0	0.050373	0.018354
992.835000038147	9.523696	66	0	0.057883	0.018354
994.920000076294	5.672576	70	0	0.054158	0.018354
996.9730002880096	10.2644	72	0	0.072741	0.018354
999.0830001831055	9.698848	66	0	0.069939	0.018354
1000.9030001163483	9.316872	76	0	0.036052	0.018354
1002.9910001754761	10.599824	84	0	0.052069	0.018354
1005.0569999217987	9.676048	80	0	0.034319	0.018354
1006.8880000114441	9.046912	64	0	0.068179	0.018354
1008.9810001850128	12.902208	72	0	0.049827	0.018354
1011.0550000667572	9.398008	4	0	0.086987	0.018354
1012.8590002059937	10.823472	80	0	0.056363	0.018354
1014.9390001296997	11.685336	70	0	0.036776	0.018354
1017.0320000648499	11.118584	70	0	0.05846	0.018354
1018.8620002269745	9.672376	66	0	0.036838	0.018354
1020.8910002708435	10.391616	74	0	0.051755	0.018354
1022.9460003376007	10.268672	74	0	0.048847	0.018354
1025.0390002727509	9.75328	72	0	0.034058	0.018354
1026.8710000514984	11.906976	66	0	0.05555	0.018354
1028.9650003910065	11.469488	96	0	0.051875	0.018354
1031.0610003471375	10.033992	100	0	0.050399	0.018354
1032.8730001449585	12.196384	90	0	0.04766	0.018354
1034.9570002555847	11.1256	88	0	0.060137	0.018354
1037.0329999923706	11.18408	70	0	0.034219	0.018354
1039.116000175476	10.047456	68	0	0.035251	0.018354
1040.9490003585815	11.835032	70	0	0.055644	0.018354
1043.0190000534058	10.150632	68	0	0.035676	0.018354
1045.0910000801086	10.751816	66	0	0.054241	0.018354
1046.9230000972748	11.878432	78	0	0.060859	0.018354
1048.9990000724792	13.909776	66	0	0.037207	0.018354
1051.0770003795624	10.9704	70	0	0.060213	0.018354
1052.8940002918243	10.22936	66	0	0.038165	0.018354
1054.978000164032	10.11336	68	0	0.068882	0.018354
1057.0580003261566	10.729656	66	0	0.060576	0.018354
1058.888000011444	11.387288	66	0	0.065338	0.018354
1060.9850001335144	9.722616	70	0	0.065839	0.018354
1063.0840001106262	9.54528	84	0	0.078884	0.018354
1064.9210000038147	10.610016	68	0	0.065207	0.018354
1067.0020003318787	8.451512	78	0	0.040435	0.018354
1069.0990002155304	10.356136	64	0	0.06383	0.018354
1070.9320001602173	9.912592	70	0	0.066843	0.018354
1073.0280001163483	5.822328	66	0	0.056732	0.018354
1075.1129999160767	11.098112	68	0	0.063706	0.018354
1076.9460003376007	10.351544	70	0	0.037618	0.018354
1079.0380001068115	10.255568	156	0	0.056241	0.018354
1081.0860002040863	12.59916	70	0	0.06449	0.018354
1082.9170002937317	9.716872	66	0	0.06474	0.018354
1085.0100002288818	10.453584	86	0	0.05482	0.018354
1087.0910000801086	10.6306	74	0	0.040077	0.018354
1088.9240000247955	9.934568	68	0	0.065222	0.018354
1091.0250000953674	10.297744	72	0	0.041394	0.018354
1093.1180002689362	1.121512	104	0	0.084797	0.018354
1095.1710002422333	8.3444	114	0	0.045645	0.018354
1097.0020003318787	11.579752	68	0	0.06543	0.018354
1099.1000001430511	8.802936	70	0	0.057233	0.018354
1100.9340002536774	10.163216	78	0	0.042053	0.018354
1103.0120000839233	11.013336	64	0	0.05618	0.018354
1105.1080000400543	11.187568	86	0	0.042827	0.018354
1106.9410002231598	10.633	68	0	0.065452	0.018354
1109.0360000133514	9.571024	66	0	0.063176	0.018354
1111.116000175476	10.754024	68	0	0.066961	0.018354
1112.9530000686646	11.462744	72	0	0.060442	0.018354
1115.0510001182556	9.685336	108	0	0.033896	0.018105
1117.1420001983643	8.616016	62	0	0.059473	0.018105
1118.9490003585815	10.446608	62	0	0.060605	0.018105
1121.0320000648499	10.807072	64	0	0.057305	0.018105
1123.1289999485016	9.26236	62	0	0.06018	0.018105
1124.9639999866486	10.227232	60	0	0.039227	0.018105
1127.0610003471375	10.473784	82	0	0.077247	0.018105
1129.1570003032684	10.510224	68	0	0.064391	0.018105
1130.9750001430511	9.783104	76	0	0.075258	0.018105
1133.0590002536774	11.333832	68	0	0.062235	0.018105
1135.1550002098083	10.565512	74	0	0.040269	0.018105
1136.9370000362396	11.258008	74	0	0.05301	0.018105
1139.0320000648499	9.911744	64	0	0.030733	0.018105
1141.12700009346	12.370824	74	0	0.045615	0.018105
1142.9350001811981	11.97812	64	0	0.055047	0.018105
1145.0080001354218	11.173768	72	0	0.058114	0.018105
1147.1040000915527	10.709104	68	0	0.06015	0.018105
1149.1860001087189	12.242424	72	0	0.035783	0.018105
1151.0110001564026	12.864376	70	0	0.051323	0.018105
1153.1010003089905	10.117608	70	0	0.043605	0.018105
1155.1790001392365	6.884504	84	0	0.077264	0.018105
1157.0120000839233	12.630544	70	0	0.056299	0.018105
1159.0889999866486	10.186848	68	0	0.034562	0.018105
1161.1710002422333	10.04404	72	0	0.041268	0.018105
1163.0060002803802	9.285048	92	0	0.036777	0.018105
1165.1050000190735	11.698624	84	0	0.051359	0.018105
1167.1930000782013	11.212904	72	0	0.065111	0.018105
1169.0130002498627	10.183864	68	0	0.062651	0.018105
1171.0950002670288	10.592216	70	0	0.055555	0.018105
1173.1760001182556	10.99368	64	0	0.032016	0.018105
1175.2500002384186	10.190016	68	0	0.039234	0.018105
1177.0840001106262	8.72528	68	0	0.039516	0.018105
1179.167000055313	12.386	68	0	0.042241	0.018105
1181.2590000629425	9.701432	64	0	0.037603	0.018105
1183.0910000801086	9.36748	64	0	0.029788	0.018105
1185.1860001087189	11.0112	64	0	0.03868	0.018105
1187.016000032425	9.39004	68	0	0.033457	0.018105
1189.0910000801086	10.982024	68	0	0.049243	0.018105
1191.1710002422333	11.516632	72	0	0.050318	0.018105
1193.2490000724792	11.333416	68	0	0.033545	0.018105
1195.0840001106262	10.729336	70	0	0.044262	0.018105
1197.1650002002716	10.212088	66	0	0.03142	0.018105
1199.246000289917	9.859784	64	0	0.041144	0.018105
1201.0770003795624	9.20764	80	0	0.041402	0.018105
1203.1730003356934	12.259568	84	0	0.059618	0.018105
1205.2500002384186	13.708616	4	0	0.030803	0.018105
1207.0830001831055	10.978368	86	0	0.081374	0.018105
1209.1780002117157	12.382016	70	0	0.068274	0.018105
1211.2740001678467	11.352792	70	0	0.036611	0.018105
1213.1070001125336	10.896104	70	0	0.066945	0.018105
1215.212000131607	10.229872	66	0	0.063391	0.018105
1217.2940001487732	11.485088	72	0	0.068132	0.018105
1219.1310000419617	10.402184	72	0	0.070312	0.018105
1221.212000131607	10.444288	74	0	0.037242	0.018105
1223.295000076294	10.005512	64	0	0.066823	0.018105
1225.1260001659393	12.230944	68	0	0.062289	0.018105
1227.2190001010895	9.900264	70	0	0.064222	0.018105
1229.2830002307892	11.461728	68	0	0.043735	0.018105
1231.1150002479553	9.39844	66	0	0.037772	0.018105
1233.2130002975464	3.042456	80	0	0.059429	0.018105
1235.2890000343323	9.642992	66	0	0.033039	0.018105
1237.1140003204346	11.16224	64	0	0.038907	0.018105
1239.2030000686646	12.294552	76	0	0.072331	0.018105
1241.0370001792908	10.594832	62	0	0.06178	0.018105
1243.1310000419617	10.212016	84	0	0.056645	0.018105
1245.1940002441406	10.168784	74	0	0.035945	0.018105
1247.2740001678467	10.55396	70	0	0.064812	0.018105
1249.0720000267029	10.669864	78	0	0.072979	0.018105
1251.1620001792908	10.692544	82	0	0.081767	0.018105
1253.2340002059937	11.116608	88	0	0.056	0.018105
1255.3270001411438	9.159048	66	0	0.03049	0.018105
1257.1460001468658	9.103136	78	0	0.06373	0.018105
1259.2330000400543	9.626824	66	0	0.04243	0.018105
1261.2930002212524	1.378968	90	0	0.086258	0.018105
1263.1050000190735	10.53424	70	0	0.066888	0.018105
1265.1810002326965	12.272168	76	0	0.060038	0.018105
1267.2770001888275	10.644744	76	0	0.054348	0.018105
1269.0920000076294	10.886672	66	0	0.04157	0.018105
1271.1760001182556	12.8114	64	0	0.042436	0.018105
1273.0690002441406	9.9276	76	0	0.032535	0.018105
1275.351000070572	11.748568	110	0	0.044934	0.018105
1277.1770000457764	11.062096	100	0	0.06069	0.018105
1279.2650001049042	9.55864	74	0	0.041866	0.018105
1281.3610000610352	9.930584	72	0	0.065312	0.018105
1283.1970002651215	9.712704	76	0	0.043021	0.018105
1285.2799999713898	6.991392	96	0	0.059019	0.018105
1287.3689999580383	10.597456	76	0	0.067853	0.018105
1289.1849999427795	9.854008	70	0	0.043336	0.018105
1291.2470002174377	10.834872	72	0	0.036208	0.018105
1293.3289999961853	10.079712	98	0	0.039609	0.018105
1295.1620001792908	9.731512	80	0	0.062929	0.018105
1297.2430002689362	11.180272	86	0	0.034554	0.018105
1299.3050000667572	10.799912	70	0	0.043987	0.018105
1301.1250002384186	12.178976	80	0	0.05779	0.018105
1303.1849999427795	9.43088	76	0	0.033041	0.018105
1305.2470002174377	10.482784	88	0	0.046892	0.018105
1307.3450000286102	9.627816	78	0	0.035319	0.018105
1309.15900015831	10.908792	76	0	0.043503	0.018105
1311.2530002593994	9.054616	72	0	0.039643	0.018105
1313.3460001945496	10.121968	70	0	0.041762	0.018105
1315.1849999427795	13.34596	70	0	0.036742	0.018105
1317.2750000953674	10.235352	78	0	0.038152	0.018105
1319.3650002479553	10.339472	78	0	0.038287	0.018105
1321.1970002651215	10.7144	78	0	0.032618	0.018105
1323.2930002212524	10.23108	90	0	0.041801	0.018105
1325.3849999904633	10.758504	82	0	0.045551	0.018105
1327.199000120163	10.858184	72	0	0.041752	0.018105
1329.2630002498627	10.774352	90	0	0.049817	0.018105
1331.337000131607	6.410272	68	0	0.040883	0.018105
1333.1449999809265	11.81924	78	0	0.065688	0.018105
1335.215000152588	10.96516	84	0	0.063756	0.018105
1337.292000055313	10.892	88	0	0.0818	0.018105
1339.3719999790192	10.117552	92	0	0.074758	0.018105
1341.1630001068115	9.739088	80	0	0.042073	0.018105
1343.2210001945496	11.03772	80	0	0.076286	0.018105
1345.2980003356934	10.363456	86	0	0.042912	0.018105
1347.3970003128052	11.683832	70	0	0.066911	0.018105
1349.212000131607	10.856752	92	0	0.075153	0.018105
1351.3150000572205	10.071856	72	0	0.065441	0.018105
1353.4089999198914	11.625672	76	0	0.056124	0.018105
1355.2320001125336	12.0814	80	0	0.040781	0.018105
1357.2720000743866	9.204544	70	0	0.064658	0.018105
1359.366000175476	10.109336	82	0	0.0637	0.018105
1361.199000120163	10.208856	76	0	0.054714	0.018105
1363.295000076294	11.545464	74	0	0.04169	0.018105
1365.3590002059937	9.635752	70	0	0.03567	0.018105
1367.422000169754	10.402224	78	0	0.055986	0.018105
1369.2360000610352	11.44576	78	0	0.044611	0.018105
1371.3050000667572	12.323624	68	0	0.064751	0.018105
1373.3830001354218	10.055336	76	0	0.064052	0.018105
1375.2090001106262	8.292176	66	0	0.037965	0.018105
1377.2750000953674	0.92	90	0	0.10298	0.018105
1379.3529999256134	11.147232	78	0	0.039147	0.018105
1381.183000087738	10.174616	70	0	0.059833	0.018105
1383.2640001773834	10.839904	80	0	0.06051	0.018105
1385.3450000286102	11.385376	68	0	0.071223	0.018105
1387.420000076294	11.525128	70	0	0.064384	0.018105
1389.2560000419617	12.521824	72	0	0.066838	0.018105
1391.3500001430511	10.460296	76	0	0.064451	0.018105
1393.4480001926422	9.207856	64	0	0.034662	0.018105
1395.270000219345	10.72588	68	0	0.063169	0.018105
1397.3380002975464	10.6268	80	0	0.065232	0.018105
1399.433000087738	12.136568	72	0	0.068954	0.018105
1401.2630002498627	9.923384	68	0	0.063937	0.018105
1403.3289999961853	9.1378	72	0	0.033301	0.018105
1405.4230000972748	9.81936	72	0	0.036197	0.018105
1407.2510001659393	11.55124	60	0	0.036507	0.018105
1409.3310000896454	10.464432	72	0	0.03288	0.018105
1411.4210002422333	10.511152	82	0	0.053283	0.018105
1413.2290003299713	10.812648	68	0	0.038742	0.018105
1415.3090002536774	11.729192	70	0	0.061848	0.018105
1417.388000011444	9.2778	66	0	0.039424	0.018489
1419.4830000400543	11.47972	68	0	0.061605	0.018489
1421.3060002326965	9.06868	66	0	0.06375	0.018489
1423.395000219345	10.433152	68	0	0.067012	0.018489
1425.478000164032	10.3942	68	0	0.060729	0.018489
1427.2799999713898	10.13036	62	0	0.038676	0.018489
1429.37700009346	11.494784	76	0	0.068321	0.018489
1431.469000339508	12.113808	74	0	0.069303	0.018489
1433.2880001068115	10.762424	80	0	0.075662	0.018489
1435.382000207901	11.733656	86	0	0.078592	0.018489
1437.469000339508	11.387008	68	0	0.066543	0.018489
1439.2710001468658	10.630488	78	0	0.073695	0.018489
1441.355000257492	9.546488	82	0	0.038747	0.018489
1443.4340002536774	10.97852	72	0	0.054536	0.018489
1445.25200009346	11.246656	72	0	0.061497	0.018489
1447.3330001831055	11.038392	72	0	0.067357	0.018489
1449.4300003051758	10.754176	66	0	0.058886	0.018489
1451.262000322342	11.425112	4	4	0.052558	0.018489
1453.358000278473	11.773344	72	0	0.070883	0.018489
1455.4360001087189	11.614912	62	0	0.059269	0.018489
1457.270000219345	9.961968	76	0	0.049361	0.018489
1459.3630001544952	10.264944	78	0	0.059238	0.018489
1461.4630000591278	10.63752	84	0	0.049852	0.018489
1463.2940001487732	12.111072	70	0	0.05691	0.018489
1465.3620002269745	10.701728	106	0	0.043337	0.018489
1467.4500002861023	10.357752	78	0	0.075701	0.018489
1469.523000240326	11.87432	86	0	0.04989	0.018489
1471.358000278473	10.7476	70	0	0.064231	0.018489
1473.4550001621246	11.84784	68	0	0.059766	0.018489
1475.5220003128052	9.13372	68	0	0.034189	0.018489
1477.355000257492	10.23988	72	0	0.071507	0.018489
1479.4409999847412	11.921448	68	0	0.065034	0.018489
1481.5170001983643	10.259536	74	0	0.052073	0.018489
1483.3440001010895	11.538888	68	0	0.066796	0.018489
1485.3840000629425	10.619736	72	0	0.038649	0.018489
1487.4630000591278	10.862224	70	0	0.056925	0.018489
1489.505000114441	8.870384	66	0	0.038684	0.018489
1491.5730001926422	12.012336	4	0	0.052163	0.018489
1493.3719999790192	10.952944	80	0	0.053213	0.018489
1495.460000038147	10.197008	74	0	0.040835	0.018681
1497.5400002002716	11.504168	74	0	0.081927	0.018681
1499.3750002384186	11.257992	72	0	0.041238	0.018681
1501.4350001811981	11.99476	72	0	0.061615	0.018681
1503.5140001773834	10.833048	70	0	0.067372	0.018681
1505.3340001106262	9.831936	78	0	0.069572	0.018681
1507.417000055313	12.22984	76	0	0.073037	0.018681
1509.5100002288818	12.02064	68	0	0.063871	0.018666
1511.5920000076294	12.188248	90	0	0.071949	0.018666
1513.4260001182556	10.278752	66	0	0.036882	0.018666
1515.5220003128052	10.80804	66	0	0.067042	0.018666
1517.358000278473	12.003112	68	0	0.065305	0.018666
1519.4550001621246	9.607232	64	0	0.035043	0.018666
1521.523000240326	10.416216	68	0	0.066003	0.018666
1523.3519999980927	9.393592	66	0	0.035427	0.018666
1525.4279999732971	9.62588	62	0	0.045443	0.018666
1527.505000114441	11.9752	96	0	0.036291	0.018666
1529.597000360489	11.731928	70	0	0.054558	0.018666
1531.4370002746582	9.575144	74	0	0.05518	0.018666
1533.523000240326	10.334976	68	0	0.041238	0.018646
1535.601000070572	11.48336	78	0	0.068142	0.018646
1537.4240000247955	9.901192	92	0	0.035994	0.018646
1539.5	10.167816	70	0	0.054907	0.018646
1541.5790002346039	11.167344	72	0	0.058418	0.018646
1543.4070000648499	11.21876	76	0	0.063373	0.018646
1545.518000125885	11.121192	80	0	0.075418	0.018646
1547.5770001411438	9.801544	66	0	0.034281	0.017701
1549.4089999198914	11.144704	64	0	0.060504	0.017701
1551.4930002689362	11.406592	68	0	0.062484	0.017701
1553.569000005722	10.989832	62	0	0.062316	0.017701
1555.4050002098083	10.663904	64	0	0.065273	0.017701
1557.4870002269745	12.35848	58	0	0.031496	0.017701
1559.563000202179	10.163952	66	0	0.044531	0.017701
1561.4000000953674	9.735736	66	0	0.032243	0.017701
1563.4920001029968	11.328408	64	0	0.050159	0.017701
1565.5920000076294	10.208192	66	0	0.053553	0.017701
1567.4180002212524	10.729912	84	0	0.052968	0.017701
1569.4770002365112	11.66804	60	0	0.038954	0.017701
1571.547000169754	9.94768	70	0	0.031856	0.017701
1573.6350002288818	9.273088	70	0	0.034992	0.017701
1575.467000246048	11.546688	64	0	0.032031	0.017701
1577.5600001811981	9.63088	64	0	0.034924	0.017701
1579.641000032425	9.619104	66	0	0.030531	0.017701
1581.476000070572	8.162488	64	0	0.03059	0.017701
1583.5550000667572	11.117608	72	0	0.035458	0.017701
1585.6400001049042	12.039816	70	0	0.031719	0.017701
1587.451000213623	10.607944	66	0	0.064443	0.017701
1589.541000366211	11.648248	64	0	0.061185	0.017701
1591.6230001449585	11.144528	70	0	0.065447	0.017701
1593.4530003070831	10.621856	74	0	0.061655	0.017701
1595.529000043869	10.422664	70	0	0.039017	0.017701
1597.62700009346	13.332888	70	0	0.063969	0.017701
1599.4630000591278	11.376224	78	0	0.064029	0.017701
1601.5390002727509	11.244944	92	0	0.084425	0.017701
1603.603000164032	7.561352	110	0	0.081378	0.017701
1605.6540002822876	10.021816	68	0	0.051475	0.017701
1607.485000371933	11.141048	68	0	0.032677	0.017701
1609.5800001621246	9.150016	84	0	0.029887	0.017701
1611.6640000343323	9.150016	76	0	0.029101	0.017701
1613.4610002040863	9.150016	74	0	0.027824	0.017701
1615.5369999408722	10.57548	72	0	0.027682	0.017701
1617.5920000076294	13.09172	66	0	0.037191	0.017701
1619.4180002212524	11.36016	64	0	0.040052	0.017701
1621.4860002994537	11.740784	62	0	0.057667	0.017701
1623.5640001296997	9.485192	72	0	0.037403	0.017701
1625.6630001068115	11.209208	64	0	0.063532	0.017701
1627.478000164032	10.492456	66	0	0.063543	0.017701
1629.555999994278	11.758104	72	0	0.029762	0.017701
1631.6510002613068	9.745336	72	0	0.071615	0.017701
1633.4580001831055	9.73484	104	0	0.036647	0.017701
1635.5420002937317	10.945952	66	0	0.067352	0.017701
1637.6220002174377	11.448336	72	0	0.062528	0.017701
1639.4480001926422	11.206488	78	0	0.069529	0.017701
1641.5360000133514	12.043304	70	0	0.068217	0.017701
1643.6460001468658	9.97056	76	0	0.038568	0.017701
1645.4740002155304	9.852376	70	0	0.0549	0.017701
1647.5660002231598	10.967136	62	0	0.038451	0.017701
1649.6679999828339	9.477328	70	0	0.040443	0.017701
1651.489000082016	10.048224	70	0	0.032163	0.017701
1653.5830001831055	8.587032	68	0	0.030137	0.017701
1655.680999994278	10.606232	68	0	0.039074	0.017701
1657.5060002803802	9.566464	66	0	0.030463	0.017701
1659.5700001716614	10.534168	64	0	0.037986	0.017701
1661.6660001277924	11.935064	70	0	0.036766	0.017701
1663.4809999465942	8.449048	90	0	0.05195	0.017701
1665.5750000476837	10.581992	96	0	0.057074	0.017701
1667.6530003547668	10.554416	68	0	0.035994	0.017701
1669.489000082016	12.107016	70	0	0.037124	0.017701
1671.565000295639	11.505288	68	0	0.036914	0.017701
1673.6620001792908	9.770224	68	0	0.067737	0.017701
1675.4950001239777	10.112552	64	0	0.063819	0.017701
1677.5759999752045	10.782008	64	0	0.064246	0.017701
1679.6570000648499	11.633824	62	0	0.034002	0.017701
1681.730000257492	8.172272	64	0	0.029154	0.017701
1683.531000137329	9.85848	64	0	0.032676	0.017701
1685.6280000209808	10.370288	68	0	0.034298	0.017701
1687.7000000476837	11.499936	76	0	0.034105	0.017701
1689.7710001468658	10.93452	76	0	0.030164	0.017701
1691.5920000076294	3.4852	92	0	0.084032	0.017701
1693.690000295639	10.286552	94	0	0.062025	0.017701
1695.5240001678467	11.817496	110	0	0.084209	0.017701
1697.5929999351501	9.35812	94	0	0.057635	0.017701
1699.6870000362396	10.369776	66	0	0.041142	0.017701
1701.7270002365112	10.713064	66	0	0.034965	0.017701
1703.53400015831	12.039776	66	0	0.046751	0.017701
1705.6200001239777	11.05824	66	0	0.031297	0.017701
1707.683000087738	10.729448	64	0	0.05028	0.017701
1709.513000011444	11.234304	66	0	0.054134	0.017701
1711.608999967575	11.421792	66	0	0.063501	0.017701
1713.704999923706	8.913464	68	0	0.059226	0.017701
1715.5390002727509	12.18028	86	0	0.034624	0.017701
1717.6170001029968	11.77864	86	0	0.043945	0.017701
1719.513000011444	11.293112	70	0	0.033515	0.017701
1721.529000043869	10.040552	72	0	0.037326	0.017701
1723.6200001239777	2.722352	74	0	0.042283	0.017701
1725.7140002250671	11.09964	72	0	0.033791	0.017701
1727.8100001811981	11.681688	70	0	0.062183	0.017701
1729.6280000209808	9.605512	70	0	0.030619	0.017701
1731.7070002555847	11.234264	66	0	0.030146	0.017701
1733.516000032425	12.285392	66	0	0.030317	0.017701
1735.5929999351501	11.57544	68	0	0.065165	0.017701
1737.688000202179	10.521464	74	0	0.064882	0.017701
1739.7510001659393	9.325208	66	0	0.032105	0.017701
1741.585000038147	10.755064	72	0	0.036333	0.017701
1743.6460001468658	9.838672	64	0	0.03224	0.017701
1745.728000164032	11.14716	66	0	0.064164	0.017701
1747.8159999847412	11.510784	76	0	0.061215	0.017701
1749.630000114441	11.05284	68	0	0.060555	0.017701
1751.7250003814697	10.009848	94	0	0.065871	0.017701
1753.8220002651215	10.433072	64	0	0.036917	0.017701
1755.6540002822876	11.460672	82	0	0.050897	0.017701
1757.723000049591	9.9302	62	0	0.047314	0.017701
1759.816999912262	11.269496	66	0	0.050881	0.017701
1761.6330001354218	10.48052	72	0	0.057001	0.017701
1763.715000152588	9.850368	72	0	0.032185	0.017701
1765.8090000152588	3.211432	68	0	0.050085	0.017701
1767.6260001659393	8.640232	66	0	0.032552	0.017701
1769.7160000801086	10.453904	56	0	0.032754	0.017701
1771.795000076294	11.024768	78	0	0.03316	0.017701
1773.6290001869202	7.040624	66	0	0.035757	0.017701
1775.6890001296997	10.342384	72	0	0.05523	0.017701
1777.7690000534058	10.406504	62	0	0.039071	0.017701
1779.5730001926422	10.159344	62	0	0.049053	0.017701
1781.641000032425	7.176296	64	0	0.061184	0.017701
1783.7350001335144	11.914384	66	0	0.044641	0.017701
1785.816999912262	10.970048	66	0	0.045092	0.017701
1787.6310000419617	11.224552	64	0	0.035133	0.017701
1789.6970000267029	11.195392	70	0	0.065998	0.017701
1791.608999967575	9.485728	68	0	0.036916	0.017701
1793.6110000610352	12.01356	70	0	0.067164	0.017701
1795.7030000686646	10.120256	66	0	0.061035	0.017701
1797.795000076294	11.737216	68	0	0.037545	0.017701
1799.8730001449585	11.72828	68	0	0.062343	0.017701
1801.6780002117157	10.06504	68	0	0.033821	0.017701
1803.768000125885	10.579704	66	0	0.039775	0.017701
1805.8610002994537	9.89896	70	0	0.036068	0.017701
1807.6890001296997	12.79584	64	0	0.048394	0.017701
1809.770000219345	10.427944	68	0	0.042066	0.017701
1811.832999944687	10.006632	74	0	0.031412	0.017701
1813.6530003547668	10.065848	72	0	0.036316	0.017701
1815.7470002174377	8.073328	66	0	0.028055	0.017701
1817.8450002670288	10.330856	66	0	0.057353	0.017701
1819.677000284195	9.173728	100	0	0.06149	0.017701
1821.773000240326	11.051904	66	0	0.062653	0.017701
1823.8810000419617	10.737728	82	0	0.080398	0.017701
1825.7030000686646	10.01132	64	0	0.03429	0.017701
1827.802000284195	9.922752	82	0	0.073148	0.017701
1829.8810000419617	9.76768	74	0	0.071312	0.017701
1831.6950001716614	11.280856	72	0	0.069277	0.017701
1833.7780001163483	10.295072	72	0	0.06582	0.017701
1835.8730001449585	9.460128	66	0	0.039909	0.017701
1837.7020001411438	13.049344	80	0	0.070274	0.017701
1839.797000169754	9.2714	66	0	0.039393	0.017701
1841.895000219345	12.659248	66	0	0.058051	0.017701
1843.7310001850128	11.336528	92	0	0.079834	0.017701
1845.8340001106262	10.90512	74	0	0.066168	0.017701
1847.6660001277924	11.158616	70	0	0.066174	0.018271
1849.7670001983643	10.424464	68	0	0.037418	0.018271
1851.8630001544952	12.48168	112	0	0.060283	0.018271
1853.6950001716614	3.134944	100	0	0.08686	0.018271
1855.744000196457	10.649064	72	0	0.067026	0.018271
1857.8270001411438	12.4738	84	0	0.064212	0.018271
1859.6600000858307	11.208096	66	0	0.06419	0.018271
1861.7560000419617	10.350184	74	0	0.054291	0.018271
1863.8210003376007	10.095368	80	0	0.04061	0.017954
1865.9170002937317	11.766952	66	0	0.057228	0.017954
1867.739000082016	8.863376	94	0	0.067112	0.017954
1869.8320000171661	10.48908	78	0	0.065281	0.017954
1871.6640000343323	11.120216	70	0	0.057603	0.017954
1873.7360000610352	11.593608	88	0	0.037513	0.017954
1875.832999944687	11.104016	68	0	0.071872	0.017954
1877.9310002326965	11.066672	66	0	0.058641	0.017954
1879.7430002689362	9.99456	72	0	0.06101	0.017954
1881.760999917984	10.604176	112	0	0.058931	0.017954
1883.8540003299713	9.484232	110	0	0.033745	0.017954
1885.9480001926422	9.066456	78	0	0.057912	0.017954
1887.7400000095367	10.432824	84	0	0.040608	0.017954
1889.8360002040863	10.727368	74	0	0.051213	0.017954
1891.9390001296997	9.760736	88	0	0.066859	0.017954
1893.768000125885	10.774368	76	0	0.075353	0.017954
1895.8380002975464	9.995584	76	0	0.064946	0.017954
1897.8910002708435	12.012592	74	0	0.030637	0.017954
1899.7090003490448	10.922688	64	0	0.057869	0.017954
1901.8060002326965	8.321168	74	0	0.053447	0.017954
1903.8860001564026	11.784448	82	0	0.064431	0.017954
1905.7200000286102	9.096304	72	0	0.059596	0.017954
1907.797000169754	5.901144	66	0	0.038544	0.017954
1909.8920001983643	12.778992	68	0	0.054595	0.017954
1911.9740002155304	11.680336	72	0	0.036354	0.017954
1913.8140001296997	12.04636	80	0	0.057327	0.017954
1915.904000043869	10.016592	68	0	0.067121	0.017954
1917.7250003814697	10.661864	68	0	0.069443	0.017954
1919.8000001907349	10.250832	66	0	0.060486	0.017954
1921.8790001869202	10.547152	84	0	0.038688	0.017954
1923.9730002880096	10.378448	70	0	0.038125	0.017954
1925.8090000152588	11.77644	76	0	0.050494	0.017954
1927.9030001163483	11.755496	68	0	0.064191	0.017954
1929.7340002059937	10.268816	64	0	0.061072	0.017954
1931.8500001430511	12.640264	68	0	0.037795	0.017954
1933.9090003967285	10.650296	70	0	0.063573	0.017954
1935.9860002994537	9.805744	70	0	0.031889	0.017954
1937.8040001392365	11.509008	70	0	0.027804	0.017954
1939.8790001869202	9.621776	70	0	0.027018	0.017954
1941.9410002231598	8.961632	66	0	0.027235	0.017954
1943.7690000534058	10.527264	66	0	0.027678	0.017954
1945.8489999771118	9.526912	66	0	0.029075	0.017954
1947.9160001277924	11.203944	68	0	0.045036	0.017954
1949.8120000362396	8.67472	72	0	0.033828	0.017954
1951.8159999847412	12.759792	66	0	0.059825	0.017954
1953.895000219345	11.63952	68	0	0.068923	0.017954
1955.951000213623	11.009088	70	0	0.038006	0.017954
1957.7660002708435	12.166664	74	0	0.068127	0.017954
1959.8630001544952	10.511904	60	0	0.029286	0.017954
1961.951000213623	9.762664	66	0	0.040128	0.017954
1963.7820003032684	13.32572	66	0	0.048798	0.017954
1965.8600001335144	9.833872	74	0	0.034171	0.017954
1967.9400000572205	11.18032	68	0	0.043951	0.017954
1969.7710001468658	9.319312	68	0	0.032841	0.017954
1971.8630001544952	10.900272	66	0	0.058235	0.017954
1973.9270000457764	10.925456	68	0	0.053644	0.017954
1976.0040001869202	9.679016	68	0	0.063018	0.017954
1977.8200001716614	11.54688	70	0	0.066413	0.017954
1979.9150002002716	10.698048	74	0	0.041049	0.017954
1981.9960000514984	11.963488	74	0	0.049601	0.017954
1983.832999944687	9.19188	100	0	0.039807	0.017954
1985.9279999732971	11.483688	74	0	0.070477	0.017954
1988.0090000629425	7.596392	94	0	0.078492	0.017954
1989.8360002040863	11.57016	94	0	0.066827	0.017954
1991.9010002613068	9.292784	72	0	0.055186	0.017954
1993.978000164032	9.250848	70	0	0.032308	0.017954
1995.8110001087189	12.196768	66	0	0.041266	0.017954
1997.8920001983643	9.90076	66	0	0.037734	0.017954
1999.9490003585815	10.235016	62	0	0.047242	0.017954
2002.0290002822876	13.760008	88	0	0.045198	0.017954
2003.8110001087189	10.12584	84	0	0.03858	0.017954
2005.8760001659393	11.976824	74	0	0.05458	0.017954
2007.9740002155304	10.396504	82	0	0.050836	0.017954
2009.8050003051758	10.927936	68	0	0.066531	0.017954
2011.8990001678467	10.190352	72	0	0.061658	0.017954
2013.991000175476	11.039696	70	0	0.052613	0.017954
2016.0430002212524	11.687672	70	0	0.065326	0.017954
2017.8730001449585	10.002064	132	0	0.030472	0.017954
2019.9700002670288	10.31508	108	0	0.059049	0.017954
2021.8410000801086	10.21132	80	0	0.044766	0.017954
2023.853000164032	12.31572	72	0	0.05766	0.017954
2025.9470002651215	11.71208	62	0	0.033454	0.017954
2028.031000137329	10.10492	72	0	0.038933	0.017954
2029.8450002670288	10.388528	66	0	0.063933	0.017954
2031.9270000457764	9.254896	70	0	0.040796	0.017954
2034.0150001049042	10.031936	78	0	0.073338	0.017954
2035.8540003299713	10.123432	64	0	0.032175	0.017954
2037.9240000247955	10.70924	74	0	0.064993	0.017954
2039.9880001544952	12.486184	68	0	0.053522	0.017954
2042.0840001106262	9.875792	66	0	0.035293	0.017954
2043.8920001983643	11.425728	68	0	0.063443	0.017954
2045.9540002346039	9.507392	66	0	0.038607	0.017954
2048.0360000133514	1.644888	90	0	0.060354	0.017954
2049.869000196457	10.639048	70	0	0.048707	0.017954
2051.9609999656677	11.08668	70	0	0.037626	0.017954
2054.055999994278	11.494176	72	0	0.040907	0.017954
2055.8870000839233	8.33936	62	0	0.028083	0.017954
2057.9680001735687	11.268832	62	0	0.031652	0.017954
2060.0569999217987	12.47468	4	0	0.028032	0.017954
2061.8570001125336	10.851896	72	0	0.049434	0.017954
2063.9530000686646	9.79924	72	0	0.037629	0.017954
2066.0510001182556	9.868688	78	0	0.033523	0.017954
2067.867000102997	11.245376	78	0	0.03618	0.017954
2069.9650003910065	9.707216	66	0	0.03529	0.017954
2072.039000272751	9.637456	4	0	0.035826	0.017954
2074.106000185013	9.206072	100	0	0.069682	0.017954
2075.938000202179	11.373528	104	0	0.033176	0.017954
2078.0300002098083	11.105496	76	0	0.059477	0.017954
2080.0930001735687	10.080136	68	0	0.037041	0.017954
2081.925000190735	9.68864	66	0	0.03826	0.017954
2084.0210003852844	11.268176	64	0	0.04605	0.017954
2086.1090002059937	10.106424	85	0	0.062419	0.017954
2087.9260001182556	12.30464	88	0	0.033624	0.017954
2090.0169999599457	9.817568	78	0	0.031694	0.017954
2092.0930001735687	10.557104	74	0	0.042746	0.017954
2093.9270000457764	9.679608	72	0	0.045937	0.017954
2095.9990000724792	13.154848	66	0	0.050222	0.017954
2098.0920000076294	10.660504	72	0	0.044571	0.017954
2100.15900015831	9.38308	68	0	0.036338	0.017954
2101.9820001125336	10.500968	72	0	0.053285	0.017954
2104.071000099182	10.349896	74	0	0.032827	0.017954
2106.1530001163483	11.21492	78	0	0.045788	0.017954
2107.9790000915527	9.410752	70	0	0.04417	0.017954
2110.0460002422333	10.7574	70	0	0.049499	0.017954
2112.1410002708435	10.46036	80	0	0.050907	0.017954
2113.959000110626	9.863792	80	0	0.038014	0.017954
2116.0540001392365	11.215696	80	0	0.06399	0.017954
2117.9650003910065	9.396848	78	0	0.03905	0.017954
2119.981000185013	10.807008	72	0	0.064139	0.017954
2122.074000120163	12.463808	72	0	0.041524	0.017954
2124.1570003032684	10.274016	68	0	0.035542	0.017954
2125.9730002880096	12.599088	92	0	0.057347	0.017954
2128.06600022316	10.299328	98	0	0.037542	0.017954
2130.12700009346	11.059504	72	0	0.058339	0.017954
2131.9500002861023	11.7724	122	0	0.058868	0.017954
2134.0420002937317	8.46064	70	0	0.061154	0.017954
2136.1210000514984	10.759256	76	0	0.05983	0.017954
2138.202000141144	9.7796	98	0	0.036169	0.017954
2140.047000169754	11.570776	78	0	0.060384	0.017954
2141.962000131607	5.78244	86	0	0.056123	0.017954
2143.9500002861023	10.564936	110	0	0.078235	0.017954
2146.0290002822876	9.562792	76	0	0.07222	0.017954
2148.0940001010895	5.91184	88	0	0.113875	0.017954
2150.1600000858307	10.767872	74	0	0.066331	0.017954
2151.9730002880096	10.281952	66	0	0.036497	0.017954
2154.0360000133514	10.215984	70	0	0.054214	0.017954
2156.1250002384186	9.59516	66	0	0.06083	0.017954
2157.9730002880096	10.897552	80	0	0.078633	0.017954
2160.055000066757	11.752904	68	0	0.064112	0.017954
2162.1540002822876	8.877992	122	0	0.068307	0.017954
2163.9870002269745	9.725824	140	0	0.049059	0.018118
2166.0810000896454	10.351544	136	0	0.039563	0.018118
2168.175000190735	2.85704	68	0	0.087488	0.018118
2169.9769999980927	11.412392	72	0	0.055463	0.018118
2172.0580003261566	10.480816	136	0	0.050208	0.018118
2174.1220002174377	11.69896	68	0	0.065861	0.018118
2176.186000108719	10.686856	90	0	0.040719	0.018118
2177.992000102997	13.047704	122	0	0.045749	0.018118
2180.0250000953674	10.27476	124	0	0.056286	0.018118
2182.1020002365112	9.16244	88	0	0.067183	0.018118
2184.198000192642	10.121312	68	0	0.064153	0.018118
2186.016000032425	11.258968	114	0	0.060771	0.018118
2188.1140003204346	10.442696	74	0	0.062377	0.018118
2190.0140001773834	11.714448	68	0	0.039599	0.018118
2192.015000104904	10.646072	104	0	0.053793	0.018118
2194.078000307083	11.216384	74	0	0.065671	0.018118
2196.1650002002716	11.450976	66	0	0.049348	0.018118
2198.255000114441	11.70276	88	0	0.070557	0.018118
2200.0590002536774	9.894448	76	0	0.039025	0.018118
2202.1210000514984	9.273912	75	0	0.059257	0.018118
2204.2190001010895	12.499008	120	0	0.052656	0.018118
2206.055000066757	11.112568	68	0	0.064175	0.018118
2208.150000333786	10.618984	72	0	0.065634	0.018118
2210.236000061035	10.398136	110	0	0.048965	0.018118
2212.072000026703	9.532016	92	0	0.063293	0.018118
2214.1620001792908	10.42284	118	0	0.038778	0.018118
2216.2409999370575	10.261392	66	0	0.075947	0.018118
2218.072000026703	11.695712	68	0	0.063582	0.018118
2220.1510002613068	9.98148	4	0	0.038345	0.018118
2222.2009999752045	0.270488	102	0	0.083401	0.018118
2224.0240001678467	10.506632	80	0	0.041097	0.018118
2226.1070001125336	10.211512	68	0	0.06326	0.018118
2228.1930000782013	1.028744	70	0	0.057695	0.018118
2230.2660002708435	11.202144	76	0	0.065727	0.018118
2232.1010003089905	8.392896	90	0	0.062602	0.018118
2234.2100002765656	10.013472	70	0	0.037029	0.018118
2236.2640001773834	11.428736	70	0	0.064211	0.018118
2238.0700001716614	9.444104	76	0	0.040518	0.018118
2240.1610000133514	2.826744	120	0	0.086673	0.018118
2242.2260003089905	11.631424	88	0	0.069608	0.018118
2244.0590002536774	11.03952	78	0	0.060939	0.018118
2246.158000230789	9.441512	68	0	0.066122	0.018118
2248.2560000419617	8.216344	68	0	0.035997	0.018118
2250.317000389099	10.86136	64	0	0.032053	0.018118
2252.1520001888275	9.188064	64	0	0.028777	0.018118
2254.214000225067	9.080144	64	0	0.028961	0.018118
2256.265000104904	9.62628	64	0	0.028697	0.018118
2258.0980002880096	10.721936	76	0	0.029605	0.018118
2260.1940002441406	11.475408	76	0	0.030434	0.018118
2262.2750000953674	11.227416	66	0	0.027726	0.018118
2264.0940001010895	10.071944	66	0	0.028398	0.018118
2266.1849999427795	9.255368	66	0	0.029979	0.018118
2268.2500002384186	12.421288	98	0	0.032752	0.018118
2270.06600022316	12.526256	98	0	0.030496	0.018118
2272.156000137329	9.380064	58	0	0.029818	0.018118
2274.25200009346	10.527464	76	0	0.064324	0.018118
2276.0920000076294	12.034232	96	0	0.077059	0.018118
2278.190000295639	11.648816	70	0	0.067271	0.018118
2280.358000278473	11.045816	94	0	0.082419	0.018118
2282.1010003089905	0.57896	164	0	0.071651	0.018118
2284.186000108719	5.519336	66	0	0.081115	0.018118
2286.2730000019073	8.765048	76	0	0.03826	0.018118
2288.106000185013	12.160424	68	0	0.064387	0.018118
2290.202000141144	7.614608	72	0	0.049138	0.018118
2292.295000076294	11.47768	66	0	0.062781	0.018118
2294.1289999485016	10.5884	66	0	0.060309	0.018118
2296.214000225067	9.571232	76	0	0.037255	0.018118
2298.28400015831	11.302136	74	0	0.073059	0.018118
2300.1730003356934	9.52928	74	0	0.029047	0.018118
2302.1940002441406	12.046528	68	0	0.064582	0.018118
2304.271000146866	10.569272	68	0	0.066258	0.018118
2306.3529999256134	11.362512	86	0	0.043246	0.018118
2308.183000087738	11.6784	66	0	0.062189	0.018118
2310.246000289917	9.50108	82	0	0.035517	0.018118
2312.311000108719	10.33928	68	0	0.063636	0.018118
2314.1449999809265	11.186336	70	0	0.064964	0.018118
2316.236000061035	2.92432	68	0	0.037716	0.018118
2318.335000038147	6.1614	74	0	0.112356	0.018118
2320.1510002613068	2.10324	82	0	0.08209	0.018118
2322.246000289917	11.132992	78	0	0.074745	0.018118
2324.3450000286102	12.6564	132	0	0.05881	0.018118
2326.15900015831	10.830776	88	0	0.075278	0.018118
2328.225000143051	11.550184	68	0	0.065947	0.018118
2330.310000181198	9.16996	68	0	0.031129	0.018118
2332.1410002708435	11.03696	68	0	0.0397	0.018118
2334.2210001945496	9.561224	64	0	0.029612	0.018118
2336.2969999313354	11.663888	66	0	0.039059	0.018118
2338.393000125885	12.386	76	0	0.033278	0.018118
2340.223000049591	9.539232	68	0	0.038737	0.018118
2342.3090002536774	5.472248	126	0	0.088399	0.018118
2344.3830001354218	10.371504	74	0	0.047973	0.018118
2346.2039999961853	10.238744	80	0	0.063788	0.018118
2348.2850003242493	1.84552	98	0	0.083532	0.018118
2350.374000310898	3.217592	174	0	0.085689	0.018118
2352.175000190735	10.23948	70	0	0.066931	0.018118
2354.2560000419617	10.119336	76	0	0.04444	0.018118
2356.3070001602173	3.755424	78	0	0.151557	0.018118
2358.3870000839233	9.661304	92	0	0.047224	0.018118
2360.206000328064	10.38248	70	0	0.064047	0.018118
2362.3030002117157	10.757248	68	0	0.064902	0.018118
2364.3630001544952	11.291072	136	0	0.109536	0.018118
2366.1790001392365	11.064192	112	0	0.067258	0.018118
2368.2330000400543	12.11228	100	0	0.044496	0.018118
2370.305000066757	11.591848	128	0	0.043196	0.018118
2372.215000152588	10.265256	68	0	0.038072	0.018118
2374.230000257492	11.119376	68	0	0.05373	0.018118
2376.3220002651215	11.11624	68	0	0.043274	0.018118
2378.4089999198914	8.696224	64	0	0.031719	0.018118
2380.2450003623962	6.196936	80	0	0.03113	0.018118
2382.334000110626	10.249952	80	0	0.027976	0.018118
2384.420000076294	9.085528	80	0	0.029236	0.018118
2386.2510001659393	10.134376	70	0	0.029615	0.018118
2388.342000246048	9.633344	70	0	0.028534	0.018118
2390.1790001392365	9.9938	70	0	0.031604	0.018118
2392.271000146866	9.178448	74	0	0.032343	0.018118
2394.367000102997	10.20504	116	0	0.041535	0.018118
2396.2900002002716	11.210312	84	0	0.043642	0.018118
2398.317000389099	11.99548	68	0	0.037456	0.018118
2400.414000272751	11.793448	114	0	0.049065	0.018118
2402.2320001125336	8.9112	66	0	0.044095	0.018118
2404.3129999637604	11.35772	68	0	0.064902	0.018118
2406.393000125885	10.173944	70	0	0.040476	0.018118
2408.2190001010895	2.561776	90	0	0.085586	0.018118
2410.299000263214	10.326224	76	0	0.063812	0.018118
2412.3680000305176	11.209904	64	0	0.063214	0.018118
2414.4430000782013	10.72064	64	0	0.04011	0.018118
2416.2740001678467	9.516648	66	0	0.032184	0.018118
2418.3710000514984	12.319744	68	0	0.027748	0.018118
2420.2880001068115	9.652392	92	0	0.038743	0.018118
2422.2660002708435	4.438216	124	0	0.169491	0.018118
2424.3590002059937	9.965576	186	0	0.052403	0.018118
2426.4950001239777	2.005536	90	0	0.084185	0.018118
2428.28600025177	11.282568	98	0	0.079289	0.018118
2430.37900018692	10.16632	94	0	0.05799	0.018118
2432.4420001506805	9.119168	96	0	0.034773	0.018118
2434.2740001678467	10.033624	72	0	0.035589	0.018118
2436.3689999580383	9.963816	60	0	0.029154	0.018118
2438.451000213623	11.50316	68	0	0.053553	0.018118
2440.270000219345	9.76332	72	0	0.042172	0.018118
2442.351000070572	9.98684	70	0	0.066542	0.018118
2444.41300034523	8.376272	72	0	0.041265	0.018118
2446.476000070572	9.91304	82	0	0.051072	0.018118
2448.3090002536774	1.081144	118	0	0.049976	0.018653
2450.373000383377	9.125664	96	0	0.040489	0.018653
2452.469000339508	10.4486	112	0	0.065492	0.018653
2454.265000104904	10.285528	90	0	0.03359	0.018653
2456.356000185013	10.329808	78	0	0.077683	0.018653
2458.40700006485	10.39548	112	0	0.044629	0.018653
2460.507000207901	11.235672	74	0	0.070414	0.018653
2462.3200001716614	4.489688	92	0	0.082886	0.018653
2464.401000022888	12.131696	74	0	0.046507	0.018653
2466.4790000915527	11.224	66	0	0.064789	0.018653
2468.315999984741	11.123968	82	0	0.060466	0.018653
2470.37700009346	10.161424	80	0	0.05929	0.018653
2472.437000274658	10.345736	72	0	0.058675	0.018653
2474.28400015831	8.043048	76	0	0.043106	0.018653
2476.3330001831055	11.842912	68	0	0.039561	0.018653
2478.4249999523163	11.010008	76	0	0.04356	0.018653
2480.493000268936	11.172184	92	0	0.066838	0.018653
2482.3129999637604	10.33512	72	0	0.078968	0.018653
2484.393000125885	11.60228	68	0	0.062013	0.018653
2486.476000070572	10.801328	66	0	0.065691	0.01839
2488.5520000457764	9.752992	62	0	0.036578	0.01839
2490.382000207901	10.909592	92	0	0.046646	0.01839
2492.459000110626	7.678736	66	0	0.041567	0.01839
2494.555999994278	6.37628	92	0	0.05839	0.01839
2496.3750002384186	9.01716	78	0	0.060875	0.01839
2498.4680001735687	11.757456	132	0	0.048552	0.01839
2500.547000169754	12.240672	90	0	0.081304	0.01839
2502.3590002059937	10.003016	108	0	0.044709	0.01839
2504.4310002326965	9.549736	72	0	0.062543	0.01839
2506.505000114441	11.14764	64	0	0.043154	0.01839
2508.340000152588	12.042464	106	0	0.06431	0.01839
2510.4390001296997	11.313672	70	0	0.066415	0.01839
2512.5300002098083	9.573512	74	0	0.038977	0.01839
2514.3519999980927	12.437816	74	0	0.063946	0.01839
2516.4320001602173	10.716512	72	0	0.032173	0.01839
2518.5240001678467	9.45048	72	0	0.070025	0.01839
2520.3490002155304	10.103648	82	0	0.060239	0.01839
2522.423000097275	10.195744	74	0	0.043147	0.01839
2524.5010001659393	10.309376	84	0	0.057637	0.01839
2526.578000307083	10.319536	76	0	0.033968	0.01839
2528.4150002002716	9.4488	72	0	0.041995	0.01839
2530.4900002479553	12.371544	68	0	0.047293	0.01839
2532.587000131607	11.456872	68	0	0.053925	0.01839
2534.3920001983643	9.790128	72	0	0.04715	0.01839
2536.4840002059937	10.431336	64	0	0.034758	0.01839
2538.565000295639	11.35772	64	0	0.059899	0.01839
2540.4020001888275	11.02016	72	0	0.042061	0.01839
2542.4820001125336	4.946072	102	0	0.046373	0.018313
2544.561000108719	10.932816	102	0	0.035842	0.018313
2546.4210002422333	7.95572	68	0	0.037823	0.018313
2548.4560000896454	8.074496	116	0	0.050623	0.018313
2550.5209999084473	10.122776	138	0	0.072845	0.018313
2552.355000257492	9.750144	72	0	0.040334	0.018313
2554.452000141144	12.015384	74	0	0.04555	0.018313
2556.533000230789	6.895808	88	0	0.101831	0.018313
2558.373000383377	10.591656	86	0	0.049756	0.018313
2560.4249999523163	8.969144	82	0	0.037064	0.018313
2562.4860002994537	10.47164	70	0	0.052929	0.018313
2564.37900018692	11.03076	72	0	0.034814	0.018313
2566.382000207901	6.521936	76	0	0.088041	0.018313
2568.4450001716614	8.994248	80	0	0.067543	0.018313
2570.5270001888275	10.011752	88	0	0.033032	0.018313
2572.617000102997	11.003736	70	0	0.056716	0.018313
2574.4340002536774	9.135832	66	0	0.038711	0.018313
2576.529000043869	11.407144	74	0	0.066478	0.018313
2578.600000143051	11.327768	66	0	0.061863	0.018313
2580.4390001296997	8.444048	96	0	0.078946	0.018313
2582.5110001564026	11.18372	74	0	0.066023	0.018313
2584.590000152588	12.111216	70	0	0.040045	0.018313
2586.4249999523163	10.667896	70	0	0.062069	0.018313
2588.489000082016	10.9686	68	0	0.037341	0.018313
2590.587000131607	10.940968	72	0	0.072763	0.018313
2592.4180002212524	10.586232	74	0	0.071271	0.018313
2594.5170001983643	11.388448	66	0	0.063817	0.018313
2596.611999988556	9.819672	140	0	0.064801	0.018313
2598.430000305176	7.629	88	0	0.052554	0.018313
2600.509000301361	11.603928	94	0	0.07604	0.018313
2602.59299993515	11.803936	66	0	0.07249	0.018313
2604.672000169754	10.69488	66	0	0.0308	0.018313
2606.4740002155304	9.91384	96	0	0.082841	0.018313
2608.5680000782013	10.631064	70	0	0.040811	0.018313
2610.632000207901	0.778288	94	0	0.085587	0.018313
2612.453000307083	10.430176	76	0	0.039912	0.018313
2614.531000137329	10.176504	82	0	0.082735	0.018313
2616.6100001335144	10.623888	90	0	0.068214	0.018313
2618.440999984741	11.092552	74	0	0.071273	0.018313
2620.509000301361	9.708248	82	0	0.079229	0.018313
2622.5980002880096	11.265792	70	0	0.035325	0.018313
2624.6620001792908	7.016928	112	0	0.059298	0.018313
2626.493000268936	11.321264	96	0	0.076558	0.018313
2628.590000152588	10.097248	68	0	0.067907	0.018313
2630.66100025177	9.993328	82	0	0.074673	0.018313
2632.491000175476	11.138312	78	0	0.063021	0.018313
2634.5750000476837	11.489448	68	0	0.06555	0.018313
2636.6640000343323	8.886992	98	0	0.033046	0.018313
2638.467000246048	11.402968	66	0	0.0328	0.018313
2640.531000137329	10.024456	86	0	0.058959	0.018313
2642.608999967575	11.259304	70	0	0.036004	0.018313
2644.444000005722	12.256952	70	0	0.05141	0.018313
2646.509000301361	9.00204	66	0	0.02945	0.018313
2648.6020002365112	10.050432	80	0	0.03605	0.018313
2650.680000066757	10.547768	78	0	0.03094	0.018313
2652.4900002479553	11.089208	70	0	0.029015	0.018313
2654.539000272751	9.437216	68	0	0.027096	0.018313
2656.617000102997	10.09904	62	0	0.036822	0.018313
2658.686000108719	11.014224	66	0	0.050927	0.018313
2660.518000125885	13.529192	72	0	0.03903	0.018313
2662.597000360489	11.147656	68	0	0.065059	0.018313
2664.690000295639	11.675928	72	0	0.06724	0.018313
2666.507000207901	8.655856	104	0	0.053221	0.018313
2668.601000070572	10.066128	94	0	0.047821	0.018313
2670.6790001392365	9.813944	100	0	0.037106	0.018313
2672.510000228882	10.520264	72	0	0.065609	0.018313
2674.606000185013	11.23296	72	0	0.065401	0.018313
2676.674000263214	10.966344	76	0	0.043524	0.018313
2678.505000114441	11.480824	72	0	0.058503	0.018313
2680.5830001831055	9.235168	88	0	0.042273	0.018313
2682.6790001392365	11.032936	66	0	0.069198	0.018313
2684.513000011444	11.316168	88	0	0.036263	0.018313
2686.565000295639	11.210976	68	0	0.069163	0.018313
2688.6620001792908	10.640144	72	0	0.056366	0.018313
2690.7400000095367	11.738688	68	0	0.038223	0.018313
2692.5580003261566	11.347144	70	0	0.045364	0.018313
2694.653000354767	10.502216	86	0	0.035035	0.018313
2696.7450001239777	9.67324	86	0	0.032667	0.018313
2698.578000307083	12.911112	68	0	0.040602	0.018313
2700.672000169754	10.986672	66	0	0.060976	0.018313
2702.7640001773834	11.489328	90	0	0.09222	0.018313
2704.590000152588	12.39004	78	0	0.07303	0.018313
2706.6820001602173	11.595544	70	0	0.058954	0.018313
2708.7630002498627	10.261432	70	0	0.03605	0.018313
2710.579000234604	11.08	66	0	0.063986	0.018313
2712.65900015831	8.623952	66	0	0.036174	0.018313
2714.757000207901	10.295672	62	0	0.029022	0.018313
2716.581000328064	9.438128	66	0	0.030776	0.018313
2718.6790001392365	9.749824	62	0	0.030565	0.018313
2720.7690000534058	9.882224	74	0	0.049399	0.018313
2722.605000257492	11.489136	74	0	0.055425	0.018313
2724.683000087738	12.535544	70	0	0.040572	0.018313
2726.7750000953674	9.109968	70	0	0.03027	0.018313
2728.600000143051	10.45356	64	0	0.030692	0.018313
2730.685000181198	10.009424	80	0	0.042491	0.018313
2732.7820003032684	9.526112	68	0	0.039259	0.018313
2734.616000175476	10.569144	68	0	0.06786	0.018313
2736.6950001716614	11.429528	124	0	0.056198	0.018313
2738.7910001277924	10.735976	72	0	0.072892	0.018313
2740.5940001010895	10.898608	66	0	0.059728	0.018313
2742.6890001296997	10.365464	66	0	0.037346	0.018313
2744.7820003032684	10.62412	4	0	0.037138	0.018313
2746.600000143051	7.826984	70	0	0.035117	0.018313
2748.69300031662	10.647992	70	0	0.04502	0.018313
2750.7870001792908	9.23428	70	0	0.035925	0.018313
2752.5960001945496	11.074344	70	0	0.030164	0.018313
2754.6660001277924	10.417296	66	0	0.032036	0.018313
2756.7450001239777	10.130696	64	0	0.028788	0.018313
2758.578000307083	9.752184	100	0	0.027838	0.018313
2760.65700006485	12.384432	84	0	0.038666	0.018313
2762.7510001659393	10.422728	64	0	0.039783	0.018313
2764.572000026703	10.870088	66	0	0.0557	0.018313
2766.648999929428	9.770552	66	0	0.031182	0.018313
2768.7350001335144	9.815608	64	0	0.033379	0.018056
2770.643000125885	11.569928	78	0	0.038145	0.018056
2772.643000125885	10.853856	60	0	0.058172	0.018056
2774.7190001010895	12.641432	70	0	0.045193	0.018056
2776.824000120163	9.909016	60	0	0.029818	0.018056
2778.650000333786	13.110176	4	0	0.048616	0.018056
2780.7030000686646	10.105392	70	0	0.036049	0.018056
2782.7780001163483	10.575072	72	0	0.057704	0.018056
2784.616000175476	12.007712	64	0	0.061554	0.018056
2786.688000202179	10.742216	70	0	0.068318	0.018056
2788.7640001773834	10.82008	80	0	0.074467	0.018056
2790.5920000076294	10.445528	72	0	0.03956	0.018056
2792.683000087738	11.805176	72	0	0.050669	0.018056
2794.595000267029	11.762992	68	0	0.040434	0.018056
2796.6150002479553	12.906544	118	0	0.054295	0.018056
2798.714000225067	9.651664	66	0	0.06564	0.018056
2800.8040001392365	11.2954	70	0	0.06271	0.018056
2802.6360001564026	11.438544	80	0	0.043236	0.018056
2804.7160000801086	13.239704	94	0	0.037095	0.018056
2806.799000263214	4.286448	106	0	0.049687	0.018056
2808.621000289917	9.538584	86	0	0.067528	0.018056
2810.686000108719	11.658152	126	0	0.080169	0.018056
2812.783000230789	10.682768	64	0	0.062778	0.018056
2814.848000049591	12.431192	70	0	0.035928	0.018056
2816.6630001068115	11.173	84	0	0.076746	0.018056
2818.762000322342	11.398824	94	0	0.035861	0.018056
2820.8410000801086	11.522144	84	0	0.035607	0.018056
2822.641000032425	10.496664	66	0	0.066262	0.018056
2824.723000049591	10.680792	76	0	0.037674	0.018056
2826.809000015259	9.162088	78	0	0.060295	0.018056
2828.641000032425	9.91012	68	0	0.037505	0.018056
2830.7260003089905	8.974816	66	0	0.067586	0.018056
2832.78400015831	11.590032	120	0	0.039485	0.018056
2834.8630001544952	11.192128	68	0	0.063474	0.018056
2836.696000099182	2.163256	92	0	0.087162	0.018056
2838.789000272751	9.92208	70	0	0.039299	0.018056
2840.874000310898	10.107328	68	0	0.066321	0.018056
2842.688000202179	11.124144	68	0	0.061165	0.018056
2844.797000169754	9.947272	70	0	0.039893	0.018056
2846.8430001735687	10.926664	84	0	0.071137	0.018056
2848.6780002117157	12.231528	66	0	0.037225	0.018056
2850.773000240326	11.493464	94	0	0.058506	0.018056
2852.835000038147	9.720808	94	0	0.037674	0.018056
2854.6700003147125	10.702504	68	0	0.033181	0.018056
2856.760999917984	10.469272	74	0	0.030189	0.018056
2858.839000225067	9.128904	70	0	0.029649	0.018056
2860.672000169754	9.319216	70	0	0.029943	0.018056
2862.744000196457	10.296448	92	0	0.042536	0.018056
2864.824000120163	5.770304	96	0	0.055392	0.018056
2866.6510002613068	10.627568	74	0	0.068261	0.018056
2868.7180001735687	11.920648	82	0	0.063748	0.018056
2870.7810003757477	10.046976	68	0	0.062575	0.018056
2872.8440001010895	11.690752	64	0	0.030769	0.018056
2874.938000202179	10.9738	72	0	0.065864	0.018056
2876.741000175476	9.6696	70	0	0.041893	0.018056
2878.795000076294	10.732864	78	0	0.054575	0.018056
2880.8910002708435	10.31108	72	0	0.072138	0.018056
2882.7750000953674	7.638264	84	0	0.067129	0.018056
2884.808000087738	9.430136	72	0	0.054732	0.018056
2886.8750002384186	12.688528	128	0	0.037514	0.018056
2888.7180001735687	11.681768	84	0	0.081581	0.018056
2890.7910001277924	9.267864	112	0	0.056659	0.018056
2892.8590002059937	9.815408	82	0	0.063602	0.018056
2894.9490003585815	11.190288	78	0	0.069007	0.018056
2896.7810003757477	9.693656	80	0	0.079685	0.018056
2898.8650000095367	9.752584	70	0	0.065486	0.018056
2900.9310002326965	9.822312	68	0	0.038949	0.018056
2902.736000061035	7.82752	122	0	0.044077	0.018056
2904.823000192642	11.4392	68	0	0.063173	0.018056
2906.9170002937317	10.926912	72	0	0.051151	0.018056
2908.731000185013	10.459584	68	0	0.05569	0.018056
2910.816999912262	7.375408	64	0	0.036384	0.018056
2912.9079999923706	8.9776	96	0	0.059279	0.018056
2914.9740002155304	9.967928	94	0	0.040581	0.018056
2916.8060002326965	10.978336	72	0	0.066484	0.018056
2918.9049999713898	11.041	70	0	0.064094	0.018056
2920.9950001239777	12.719104	84	0	0.048749	0.018056
2922.8150000572205	9.910568	98	0	0.078807	0.018056
2924.8840000629425	10.034656	78	0	0.035917	0.018056
2926.7180001735687	10.914336	108	0	0.07144	0.018056
2928.813000202179	12.897928	86	0	0.064289	0.018056
2930.8970000743866	11.1192	92	0	0.046409	0.018056
2932.7270002365112	10.597248	68	0	0.058125	0.018056
2934.808000087738	11.097544	70	0	0.035105	0.018056
2936.90700006485	12.615656	68	0	0.047185	0.018056
2938.7799999713898	10.258336	68	0	0.031398	0.018056
2940.799000263214	9.92024	68	0	0.040611	0.018056
2942.874000310898	12.189296	68	0	0.038096	0.018056
2944.9740002155304	10.115608	66	0	0.06399	0.018056
2946.808000087738	11.455224	78	0	0.07746	0.018056
2948.8870000839233	10.70452	86	0	0.05277	0.018056
2950.954000234604	11.399208	66	0	0.070719	0.018056
2952.7799999713898	9.994088	76	0	0.075447	0.018056
2954.8430001735687	11.06612	80	0	0.077933	0.018056
2956.906000137329	10.10416	84	0	0.075273	0.018056
2958.994000196457	5.935352	82	0	0.047484	0.018056
2960.810000181198	11.4496	68	0	0.057315	0.018056
2962.9030001163483	9.914848	98	0	0.032767	0.018056
2964.9550001621246	10.97568	98	0	0.042225	0.018056
2966.776000022888	9.295264	72	0	0.04258	0.018056
2968.8519999980927	11.427328	68	0	0.030036	0.018056
2970.9330003261566	13.195024	76	0	0.039867	0.018056
2973.0250000953674	10.067912	66	0	0.035004	0.018056
2974.8440001010895	9.75692	68	0	0.065572	0.018056
2976.9400000572205	11.647192	68	0	0.062298	0.018056
2979.0260002613068	11.125408	66	0	0.062175	0.018056
2980.8430001735687	11.066408	94	0	0.069928	0.018056
2982.9030001163483	9.94772	72	0	0.039599	0.018056
2984.9990000724792	10.570608	82	0	0.06864	0.018056
2986.8310000896454	9.2292	92	0	0.041926	0.018056
2988.9090003967285	11.206048	64	0	0.04599	0.018056
2990.9890003204346	9.987104	66	0	0.065554	0.018056
2992.823000192642	10.87828	82	0	0.065341	0.018056
2994.919000148773	10.825672	78	0	0.072393	0.018056
2997.0140001773834	11.323152	64	0	0.043102	0.018056
2998.8440001010895	10.462136	68	0	0.06435	0.018056
3000.9370000362396	9.694088	62	0	0.044967	0.018056
3003.0190000534058	11.918576	72	0	0.053851	0.018056
3004.835000038147	10.002272	76	0	0.069815	0.018056
3006.8990001678467	9.486672	64	0	0.038394	0.018056
3008.9870002269745	10.804808	62	0	0.040477	0.018056
3010.823000192642	12.684448	72	0	0.032058	0.018056
3012.919000148773	11.329512	72	0	0.053887	0.018056
3014.9970002174377	10.90156	66	0	0.060112	0.018056
3016.832000017166	9.270256	66	0	0.035732	0.018056
3018.91100025177	11.801112	70	0	0.049287	0.018056
3021.007000207901	10.94688	90	0	0.036085	0.018056
3022.845000267029	12.552504	90	0	0.047294	0.018056
3024.9210000038147	10.428568	94	0	0.039097	0.018056
3026.9730002880096	10.626992	68	0	0.06226	0.018056
3029.0690002441406	12.429792	66	0	0.054087	0.018056
3030.8870000839233	9.34296	72	0	0.036796	0.018056
3032.966000318527	10.127776	66	0	0.055173	0.018056
3035.0450003147125	9.117136	68	0	0.035316	0.018056
3036.871999979019	9.807792	68	0	0.037564	0.018056
3038.9570002555847	8.833072	68	0	0.033623	0.018056
3041.0460002422333	10.927856	70	0	0.031918	0.018056
3042.8650000095367	13.36588	72	0	0.029795	0.018056
3044.9320001602173	10.569616	68	0	0.030369	0.018056
3047.0210003852844	11.360392	68	0	0.027214	0.018056
3049.1010003089905	12.092232	74	0	0.042135	0.018056
3050.9170002937317	10.606048	76	0	0.030432	0.018056
3053.0110001564026	9.832424	66	0	0.063386	0.018056
3055.088000059128	6.532832	88	0	0.060164	0.018056
3056.923000097275	10.683408	84	0	0.080329	0.018056
3059.0030002593994	9.487952	90	0	0.038743	0.018056
3061.090000152588	8.912352	104	0	0.065518	0.018056
3062.9120001792908	11.679264	80	0	0.075631	0.018056
3064.9820001125336	7.184224	84	0	0.082526	0.018056
3067.0640001296997	10.06812	102	0	0.060724	0.018056
3068.895000219345	12.034688	68	0	0.04043	0.018296
3070.981000185013	10.94032	62	0	0.061404	0.018296
3073.0650000572205	2.047864	90	0	0.086836	0.018296
3075.1470000743866	10.503144	70	0	0.068982	0.018296
3076.9430000782013	9.750152	86	0	0.083774	0.018296
3079.0329999923706	10.414296	66	0	0.058471	0.018296
3081.0980002880096	9.839112	76	0	0.054072	0.018296
3082.8990001678467	11.405912	66	0	0.037078	0.018296
3084.9930000305176	11.270504	64	0	0.04827	0.018296
3087.074000120163	10.211928	66	0	0.049947	0.018296
3088.9120001792908	11.053736	66	0	0.064783	0.018296
3090.9960000514984	10.592336	86	0	0.059646	0.018296
3093.0910000801086	10.130888	82	0	0.039978	0.018296
3094.9290001392365	9.577096	66	0	0.062543	0.018296
3096.9960000514984	8.917024	94	0	0.042677	0.018296
3099.095000267029	12.124416	82	0	0.05222	0.018296
3101.1770000457764	9.196976	96	0	0.058232	0.018296
3103.0140001773834	11.108128	64	0	0.055764	0.018296
3105.111999988556	11.249904	74	0	0.067107	0.018296
3106.951000213623	10.493616	72	0	0.038792	0.018296
3109.0360000133514	11.307824	88	0	0.080182	0.018296
3111.111000061035	8.247232	66	0	0.061121	0.018296
3112.9180002212524	12.227536	74	0	0.06423	0.018296
3114.994000196457	10.718648	70	0	0.063976	0.018296
3117.0610003471375	9.979536	102	0	0.039649	0.018296
3119.15900015831	10.40848	68	0	0.064965	0.018296
3120.963000059128	12.653744	92	0	0.052749	0.018296
3123.0580003261566	9.063832	84	0	0.057789	0.018296
3125.1380002498627	11.5708	66	0	0.061878	0.018296
3126.970000267029	11.15668	68	0	0.034614	0.018296
3129.0640001296997	10.531392	68	0	0.029845	0.018296
3131.140000104904	10.532312	74	0	0.028907	0.018296
3132.9740002155304	9.61844	70	0	0.027755	0.018296
3135.0640001296997	11.558632	62	0	0.036809	0.018296
3137.1410002708435	11.076784	72	0	0.069885	0.018296
3138.954000234604	11.494264	64	0	0.057629	0.018296
3141.048000097275	9.907784	66	0	0.032747	0.018296
3143.0800001621246	12.40244	66	0	0.041239	0.018296
3144.9790000915527	10.548656	64	0	0.026939	0.018296
3146.9960000514984	10.807808	62	0	0.039377	0.018296
3149.088000059128	10.807808	62	0	0.035739	0.018296
3151.1760001182556	10.217288	68	0	0.027815	0.018296
3153.0060002803802	7.355024	68	0	0.031655	0.018296
3155.100000143051	10.872296	68	0	0.030496	0.018296
3157.1700003147125	10.872296	68	0	0.028922	0.018296
3159.0009999275208	12.125616	80	0	0.075246	0.018296
3161.0810000896454	9.875	68	0	0.069613	0.018296
3163.1620001792908	10.002576	80	0	0.065432	0.018296
3164.978000164032	8.7728	68	0	0.04253	0.018296
3167.0360000133514	11.829136	82	0	0.069406	0.018296
3169.111000061035	11.875136	72	0	0.06907	0.018296
3171.188000202179	10.982152	96	0	0.075436	0.018296
3173.0199999809265	9.969856	72	0	0.066777	0.018296
3175.116000175476	9.9494	70	0	0.040456	0.018296
3177.202000141144	10.245152	70	0	0.054357	0.018296
3179.0360000133514	9.402616	76	0	0.03361	0.018296
3181.132000207901	12.294736	76	0	0.043047	0.018296
3183.2100002765656	10.917032	76	0	0.072831	0.018296
3185.0430002212524	11.019808	66	0	0.066156	0.018296
3187.12700009346	10.49236	66	0	0.06049	0.018296
3189.183000087738	9.427584	66	0	0.035102	0.018296
3191.0030002593994	9.604104	66	0	0.048822	0.018296
3193.0860002040863	11.483936	68	0	0.053231	0.018296
3195.1480000019073	10.991568	66	0	0.067312	0.018296
3197.2130002975464	10.10084	66	0	0.062425	0.018296
3199.0450003147125	10.234464	64	0	0.03668	0.018296
3201.1410002708435	10.610528	66	0	0.055628	0.018296
3203.2080001831055	9.727928	70	0	0.032959	0.018296
3205.0400002002716	10.88996	66	0	0.051508	0.018296
3207.1040000915527	9.1996	96	0	0.059715	0.018296
3209.1790001392365	11.583288	66	0	0.058301	0.018296
3211.2560000419617	12.375648	74	0	0.044956	0.018296
3213.088000059128	9.934504	62	0	0.035187	0.018296
3215.1810002326965	12.295544	108	0	0.054095	0.018296
3217.015000104904	11.071904	68	0	0.058386	0.018296
3219.0810000896454	11.60196	64	0	0.053691	0.018296
3221.1810002326965	11.312464	62	0	0.026567	0.018296
3223.2730000019073	8.691248	60	0	0.02983	0.018296
3225.087000131607	10.801976	90	0	0.039204	0.018296
3227.180000066757	10.027688	68	0	0.032239	0.018296
3229.228000164032	10.393136	68	0	0.046539	0.018296
3231.0540001392365	10.423632	62	0	0.043964	0.018296
3233.134000301361	9.4572	64	0	0.030909	0.018296
3235.198000192642	10.322696	80	0	0.079833	0.018296
3237.2930002212524	9.381976	70	0	0.035034	0.018296
3239.130000114441	12.119568	68	0	0.061741	0.018296
3241.039000272751	9.911304	82	0	0.043367	0.018296
3243.055000066757	10.31076	66	0	0.064839	0.018296
3245.1470000743866	11.210408	72	0	0.056598	0.018296
3247.2100002765656	10.858768	74	0	0.046294	0.018296
3249.302000284195	11.761016	68	0	0.057623	0.018296
3251.134000301361	11.268864	68	0	0.03193	0.018296
3253.2409999370575	12.09708	64	0	0.03828	0.018296
3255.050000190735	0.488472	180	0	0.267591	0.018296
3257.1490001678467	10.150256	68	0	0.034075	0.018296
3259.231000185013	11.818136	76	0	0.040208	0.018296
3261.3200001716614	9.750136	76	0	0.03329	0.018296
3263.1520001888275	10.507528	68	0	0.042717	0.018296
3265.050000190735	10.303672	72	0	0.040408	0.018296
3267.3289999961853	11.798192	68	0	0.044942	0.018296
3269.134000301361	12.730952	72	0	0.042109	0.018296
3271.2030000686646	10.96108	66	0	0.031399	0.018296
3273.2530002593994	11.178056	94	0	0.067296	0.018296
3275.324000120163	12.17408	88	0	0.051338	0.018296
3277.1220002174377	9.984328	88	0	0.034527	0.018296
3279.2200000286102	10.036864	66	0	0.032169	0.018296
3281.3129999637604	10.092712	66	0	0.036291	0.018296
3283.1550002098083	12.095752	66	0	0.040096	0.018296
3285.2290003299713	9.946552	70	0	0.03642	0.018296
3287.2980003356934	11.370712	70	0	0.046335	0.018296
3289.1310000419617	11.367304	70	0	0.052908	0.018296
3291.223000049591	10.012632	66	0	0.055873	0.018296
3293.3060002326965	11.195912	64	0	0.061921	0.018296
3295.1310000419617	9.835328	70	0	0.03238	0.018296
3297.2160000801086	12.009968	88	0	0.051234	0.018296
3299.295000076294	9.773376	80	0	0.035642	0.018296
3301.1310000419617	11.920056	120	0	0.036847	0.018311
3303.2270002365112	10.755544	114	0	0.055074	0.018311
3305.3120000362396	10.815072	80	0	0.077435	0.018311
3307.12700009346	11.365712	82	0	0.042489	0.018311
3309.2080001831055	9.442456	66	0	0.032268	0.018311
3311.28400015831	10.580424	66	0	0.039316	0.018311
3313.180000066757	9.705672	64	0	0.032896	0.018311
3315.1640000343323	12.238152	66	0	0.048135	0.018311
3317.231000185013	11.19628	68	0	0.063122	0.018311
3319.3129999637604	10.797656	78	0	0.069845	0.018311
3321.12700009346	4.439784	90	0	0.081804	0.018311
3323.205000400543	9.98652	68	0	0.033854	0.018311
3325.299000263214	11.19356	62	0	0.043085	0.018311
3327.134000301361	11.698312	68	0	0.080188	0.018311
3329.230000257492	11.84816	70	0	0.030297	0.018311
3331.2770001888275	11.987232	64	0	0.039371	0.018311
3333.356000185013	10.299304	108	0	0.036307	0.018311
3335.188000202179	9.767392	66	0	0.067109	0.018311
3337.2490000724792	11.321272	74	0	0.03302	0.018311
3339.3280000686646	9.996904	74	0	0.038468	0.018311
3341.414000272751	10.828392	74	0	0.03538	0.018311
