0.0	132.455632	568	0	0.019472	0.012651
0.07599997520446777	9.65152	568	0	0.027537	0.012651
0.0989999771118164	19.002816	568	1	0.018702	0.012651
0.13199996948242188	32.624296	580	0	0.017191	0.012651
0.17599987983703613	10.361352	428	0	0.01825	0.012651
0.21499967575073242	120.689944	437	0	0.018118	0.012651
0.24899983406066895	120.689944	440	28	0.01733	0.012651
0.2839999198913574	120.689944	440	0	0.017107	0.012651
1.8670001029968262	83.731808	440	0	0.018784	0.012651
3.860999822616577	70.582368	434	0	0.018497	0.012651
5.862999677658081	103.025016	432	0	0.019202	0.012651
7.865999698638916	23.335584	328	0	0.018401	0.012651
9.868000030517578	23.335584	422	0	0.113649	0.012651
11.86899995803833	49.395968	432	0	0.017265	0.012651
13.853999853134155	123.323488	504	0	0.016331	0.012651
15.865999698638916	123.323488	420	0	0.018322	0.012651
17.872999906539917	130.13736	524	0	0.021229	0.012651
19.868000030517578	159.315776	656	0	0.018708	0.012651
21.853999853134155	20.665584	884	0	0.021452	0.012651
23.869999885559082	158.849776	866	0	0.030003	0.012651
25.871999979019165	171.635096	866	0	0.025877	0.012651
27.869999885559082	29.284456	660	0	0.022232	0.012651
29.864999771118164	168.089824	706	0	0.017845	0.012651
31.86899995803833	21.841264	862	0	0.021876	0.012651
33.85599994659424	155.338688	1110	0	0.028985	0.012651
35.86800003051758	161.483832	1110	0	0.035589	0.012651
37.86399984359741	27.336872	1134	0	0.026862	0.012651
39.86800003051758	207.298168	1274	0	0.026307	0.012651
41.853999853134155	21.94616	1164	0	0.021667	0.012651
43.870999813079834	177.94896	942	0	0.022103	0.012651
45.85699987411499	22.928288	942	0	0.020265	0.012651
47.85599994659424	147.542144	812	0	0.024028	0.012651
49.86399984359741	100.461104	638	0	0.033857	0.012651
51.870999813079834	19.514376	530	0	0.026533	0.012651
53.87299990653992	117.232808	526	0	0.019346	0.012651
55.88499975204468	20.8584	642	0	0.025121	0.012651
57.871999979019165	102.204576	642	0	0.037505	0.012651
59.864999771118164	124.427968	588	0	0.031682	0.012651
61.85499978065491	11.684704	564	0	0.017222	0.012651
63.86899995803833	103.42572	574	0	0.034871	0.012651
65.86899995803833	165.79132	570	0	0.018494	0.012651
67.86999988555908	168.311136	598	0	0.018153	0.012651
69.85599994659424	126.169232	610	0	0.01979	0.012651
71.86199975013733	151.31712	584	0	0.016454	0.012651
73.86800003051758	151.31712	669	0	0.019642	0.012651
75.85499978065491	151.31712	644	0	0.019627	0.012651
77.86299967765808	182.257064	944	0	0.018092	0.012651
79.87099981307983	197.204848	944	0	0.022576	0.012651
81.87199997901917	132.29592	664	0	0.029977	0.012651
83.86399984359741	233.21552	795	0	0.023403	0.012651
85.86599969863892	13.964272	836	0	0.017831	0.012651
87.86999988555908	212.141048	980	0	0.037948	0.012651
89.86999988555908	28.973168	980	0	0.021618	0.012651
91.86399984359741	176.765	714	0	0.019502	0.012651
93.85599994659424	230.469888	774	0	0.020894	0.012651
95.86899995803833	106.755088	774	0	0.040438	0.012651
97.85599994659424	177.037384	774	0	0.026866	0.012651
99.86899995803833	177.037384	756	0	0.020571	0.012651
101.86899995803833	198.430488	756	0	0.019958	0.012651
103.87299990653992	198.430488	848	0	0.023621	0.012651
105.87199997901917	71.536392	358	0	0.040965	0.012651
107.85799980163574	72.824288	342	0	0.015405	0.012651
109.86399984359741	68.904528	282	0	0.019571	0.012651
111.87399983406067	90.297656	322	0	0.018397	0.012651
113.86899995803833	62.778912	356	0	0.01999	0.012651
115.86800003051758	94.35936	350	0	0.022116	0.012651
117.85399985313416	80.208784	346	0	0.018148	0.012651
119.86999988555908	69.292864	370	0	0.01757	0.012651
121.87399983406067	102.397776	378	0	0.024376	0.012651
123.86499977111816	92.1278	394	0	0.020259	0.012651
125.87099981307983	116.0106	512	0	0.017303	0.012651
127.86899995803833	154.041456	568	0	0.019124	0.012651
129.86899995803833	133.01496	568	0	0.025498	0.012651
131.86700010299683	114.459104	568	0	0.029636	0.012651
133.8639998435974	130.39104	523	0	0.020861	0.012651
135.86499977111816	116.469888	554	0	0.017144	0.012651
137.86899995803833	154.785752	646	0	0.022056	0.012651
139.86800003051758	116.364856	588	0	0.030017	0.012651
141.856999874115	116.364856	588	0	0.018419	0.012651
143.86899995803833	97.526304	424	0	0.02429	0.012651
146.11299991607666	60.877632	424	0	0.020248	0.012651
147.86299967765808	103.47204	424	0	0.017799	0.012651
149.86499977111816	103.794632	4	0	0.017608	0.012651
152.11899971961975	74.501072	310	0	0.017457	0.012651
154.117999792099	110.742504	378	0	0.02015	0.012651
156.10599970817566	111.320128	394	0	0.025589	0.012651
158.10700011253357	119.366456	420	0	0.019297	0.012651
160.1139998435974	98.022104	420	0	0.021508	0.012651
162.117999792099	137.47336	530	0	0.018001	0.012651
164.11699986457825	145.129104	582	0	0.016891	0.012651
166.11899971961975	167.165032	670	0	0.02192	0.012651
168.10899996757507	156.43384	682	0	0.017635	0.012651
170.10599970817566	208.697696	920	0	0.02153	0.012651
172.11500000953674	211.189864	1000	0	0.021918	0.012651
174.11500000953674	211.189864	918	0	0.036883	0.012651
176.11500000953674	219.635744	869	0	0.019768	0.012651
178.11299991607666	215.408056	4	0	0.029538	0.012651
180.11999988555908	88.533656	860	0	0.060161	0.012651
182.12399983406067	210.177816	876	0	0.019372	0.012651
184.1219997406006	250.970256	1032	0	0.019166	0.012651
186.11699986457825	256.833744	1046	0	0.022853	0.012651
188.11999988555908	270.438952	1640	0	0.023574	0.012651
190.11999988555908	174.611688	1658	0	0.026215	0.012651
192.11299991607666	102.3886	1659	0	0.049079	0.012651
194.11500000953674	246.114104	1678	0	0.023795	0.012651
196.11899971961975	241.524008	1016	0	0.022043	0.012651
198.1139998435974	208.294064	842	0	0.026878	0.012651
200.11500000953674	251.78028	1020	0	0.019822	0.012651
202.1219997406006	177.122824	1094	0	0.028134	0.012651
204.11899971961975	177.122824	1112	0	0.037227	0.012651
206.1139998435974	0.619496	956	0	0.021733	0.012651
208.11899971961975	191.259704	956	0	0.022196	0.012651
210.11500000953674	15.33724	604	0	0.023631	0.012651
212.12399983406067	85.235136	574	0	0.018657	0.012651
214.12499976158142	86.0834	574	0	0.021498	0.012651
216.12299990653992	86.0834	578	0	0.035565	0.012651
218.1139998435974	119.920848	984	0	0.025385	0.012651
220.11299991607666	25.092136	984	0	0.021412	0.012651
222.1049997806549	98.185944	972	0	0.041161	0.012651
224.1159999370575	13.217816	555	0	0.019856	0.012651
226.11899971961975	157.226632	584	0	0.025456	0.012651
228.117999792099	156.554832	594	0	0.021473	0.012651
230.11999988555908	103.791512	684	0	0.042366	0.012651
232.11899971961975	170.827264	676	0	0.031615	0.012651
234.1139998435974	67.345824	676	0	0.033413	0.012651
236.117999792099	73.056152	638	0	0.020606	0.012651
238.117999792099	19.988776	546	0	0.021244	0.012651
240.11899971961975	52.833304	266	0	0.020655	0.012651
242.12800002098083	79.46252	334	0	0.020517	0.012651
244.1219997406006	101.399896	358	0	0.018642	0.012651
246.1219997406006	91.795144	352	0	0.020313	0.012651
248.13499975204468	16.5744	460	0	0.030873	0.012651
250.11999988555908	94.094232	450	0	0.028197	0.012651
252.117999792099	123.4742	482	0	0.019701	0.012651
254.11899971961975	149.049496	545	0	0.021103	0.012651
256.10599970817566	148.286304	618	0	0.01777	0.012651
258.1199998855591	148.286304	702	0	0.019609	0.012651
260.11299991607666	167.89008	698	0	0.020776	0.012651
262.11500000953674	190.54732	686	0	0.019502	0.012651
264.11899971961975	190.54732	698	0	0.024213	0.012651
266.10599970817566	205.378504	728	0	0.021052	0.012651
268.1139998435974	19.7408	718	0	0.018213	0.012651
270.117999792099	69.095016	816	0	0.035539	0.012651
272.11500000953674	170.965464	644	0	0.020532	0.012651
274.1199998855591	12.3476	645	0	0.01828	0.012651
276.1319999694824	55.462688	666	0	0.035477	0.012651
278.11899971961975	130.711648	667	0	0.017627	0.012651
280.11899971961975	64.888216	682	0	0.022979	0.012651
282.11500000953674	115.917688	664	0	0.020473	0.012651
284.10599970817566	197.997184	908	0	0.025339	0.012651
286.1199998855591	197.997184	760	0	0.020506	0.012651
288.11500000953674	197.997184	832	0	0.026271	0.012651
290.11899971961975	70.4802	416	0	0.018783	0.012651
292.1159999370575	87.694984	464	0	0.015647	0.012651
294.117999792099	95.645024	332	0	0.016438	0.012651
296.1139998435974	99.738528	392	0	0.017019	0.013427
298.117999792099	127.548272	416	0	0.015032	0.013427
300.11899971961975	158.765144	552	0	0.018226	0.013427
302.11299991607666	183.551328	601	0	0.018165	0.013427
304.11699986457825	3.137248	4	0	0.019479	0.013427
306.12800002098083	59.330232	678	0	0.019465	0.013427
308.1139998435974	190.560592	701	0	0.020139	0.013427
310.1219997406006	213.4664	762	0	0.02616	0.013427
312.11899971961975	195.250632	860	0	0.026344	0.013427
314.1219997406006	246.132224	922	0	0.020655	0.013427
316.11899971961975	230.269336	1060	0	0.022434	0.013427
318.11899971961975	230.269336	992	0	0.019516	0.013427
320.11500000953674	17.248592	822	0	0.033647	0.013427
322.11500000953674	169.456456	836	0	0.040814	0.013427
324.1219997406006	119.312448	716	0	0.049652	0.013427
326.11500000953674	210.100624	838	0	0.019846	0.013427
328.11899971961975	265.037592	708	0	0.017587	0.013427
330.1139998435974	265.037592	906	0	0.018525	0.013427
332.1199998855591	265.037592	976	0	0.035082	0.013427
334.1199998855591	97.424624	524	0	0.021966	0.013427
336.117999792099	113.598888	382	0	0.015683	0.013427
338.1139998435974	123.667288	474	0	0.021229	0.013427
340.1139998435974	137.409256	544	0	0.01863	0.013427
342.1049997806549	127.162336	528	0	0.017724	0.013427
344.1089999675751	149.505272	517	0	0.021452	0.013427
346.12099981307983	144.339888	566	0	0.024937	0.013427
348.1219997406006	159.521648	608	0	0.018368	0.013427
350.11899971961975	133.509256	650	0	0.022533	0.013427
352.11899971961975	184.743712	4	0	0.026226	0.013427
354.1199998855591	21.387376	706	0	0.018852	0.013427
356.1159999370575	184.724536	786	0	0.023347	0.013427
358.12099981307983	21.054696	844	0	0.02149	0.013427
360.11899971961975	152.703344	842	0	0.020692	0.013427
362.11699986457825	152.703344	808	0	0.019304	0.013427
364.1139998435974	22.952352	632	0	0.019502	0.013427
366.1199998855591	204.194424	760	0	0.021509	0.013427
368.11500000953674	21.020928	994	0	0.021209	0.013427
370.1139998435974	157.23616	4	0	0.024474	0.013427
372.1139998435974	189.384192	860	0	0.030663	0.013427
374.12099981307983	190.13804	860	0	0.022678	0.013427
376.11899971961975	190.13804	824	0	0.018617	0.013427
378.1159999370575	28.146496	746	0	0.020297	0.013427
380.1159999370575	60.94128	584	0	0.019233	0.013427
382.1199998855591	177.602	760	0	0.020939	0.013427
384.11299991607666	177.602	760	0	0.031874	0.013427
386.117999792099	177.602	772	0	0.020222	0.013427
388.11299991607666	177.602	572	0	0.018013	0.013427
390.1159999370575	65.9966	232	0	0.01976	0.013427
392.1219997406006	85.862312	298	0	0.017628	0.013427
394.1139998435974	94.934376	378	0	0.016612	0.013427
396.11299991607666	67.20736	386	0	0.01804	0.013427
398.3699998855591	67.20736	394	0	0.01942	0.013427
400.11899971961975	67.20736	394	0	0.020001	0.013427
402.36899995803833	29.59632	382	0	0.024064	0.013427
404.36899995803833	98.754736	398	0	0.018421	0.013427
406.36299991607666	98.754736	454	0	0.019394	0.013427
408.3639998435974	98.754736	424	0	0.020431	0.013427
410.37199997901917	89.770928	314	0	0.018212	0.013427
412.3680000305176	29.83324	320	0	0.018631	0.013427
414.3639998435974	97.147168	360	0	0.023319	0.013427
416.3699998855591	75.47332	388	0	0.017991	0.013427
418.3699998855591	110.543408	424	0	0.01684	0.013427
420.1589996814728	20.945792	418	0	0.02084	0.013427
422.3639998435974	97.765432	410	0	0.022587	0.013427
424.3550000190735	97.765432	410	0	0.021629	0.013427
426.3659996986389	97.765432	402	0	0.017659	0.013427
428.3659996986389	96.910496	408	0	0.022072	0.013427
430.3639998435974	130.072984	466	0	0.018395	0.013427
432.36499977111816	105.041376	476	0	0.036867	0.013427
434.36899995803833	137.230792	560	0	0.017416	0.013427
436.3710000514984	178.73916	626	0	0.019748	0.013427
438.36499977111816	89.978496	616	0	0.06189	0.013427
440.37399983406067	3.231912	620	0	0.016971	0.013427
442.36899995803833	69.840504	594	0	0.01998	0.013427
444.16099977493286	187.133008	712	0	0.019526	0.013427
446.3729999065399	87.290496	700	0	0.041465	0.013427
448.3710000514984	134.313088	810	0	0.027237	0.013427
450.3699998855591	100.35748	626	0	0.020344	0.013427
452.36499977111816	150.12068	594	0	0.032369	0.013427
454.37399983406067	141.296656	612	0	0.01597	0.013427
456.3659996986389	157.528592	622	0	0.034265	0.013427
458.36899995803833	166.122952	656	0	0.021307	0.013427
460.36899995803833	161.405728	630	0	0.020257	0.013427
462.36499977111816	131.363952	642	0	0.036367	0.013427
464.3659996986389	125.562088	626	0	0.021849	0.013427
466.36899995803833	114.3826	518	0	0.030588	0.013427
468.35599994659424	75.489472	466	0	0.020023	0.013427
470.37799978256226	85.918296	466	0	0.019725	0.013427
472.3639998435974	84.912144	420	0	0.021727	0.013427
474.3710000514984	102.494856	422	0	0.018063	0.013427
476.36899995803833	112.257312	458	0	0.017928	0.013427
478.37199997901917	144.934984	519	0	0.023549	0.013427
480.3699998855591	90.2746	584	0	0.034952	0.013427
482.3710000514984	152.355856	624	0	0.017992	0.013427
484.36299991607666	147.848744	624	0	0.022151	0.013427
486.36899995803833	179.374416	652	0	0.026389	0.013427
488.37199997901917	30.23808	666	0	0.019131	0.013427
490.3639998435974	98.931264	676	0	0.024845	0.013427
492.3550000190735	128.307896	692	0	0.021815	0.013427
494.3599998950958	128.307896	692	0	0.023625	0.013427
496.3699998855591	177.612296	682	0	0.021834	0.013427
498.3699998855591	175.3204	716	0	0.022091	0.013427
500.36899995803833	175.3204	728	0	0.023575	0.013427
502.36499977111816	118.942856	646	0	0.019324	0.013427
504.3639998435974	130.754144	582	0	0.019333	0.013427
506.35799980163574	90.877168	386	0	0.022268	0.013427
508.36899995803833	127.073272	416	0	0.016339	0.013427
510.3680000305176	135.956912	508	0	0.017784	0.013427
512.3680000305176	150.288136	620	0	0.021023	0.013427
514.3669996261597	110.830624	620	0	0.026611	0.013427
516.3559999465942	150.580784	480	0	0.02058	0.013427
518.3689999580383	149.0354	528	0	0.016693	0.013427
520.3649997711182	81.995432	528	0	0.030684	0.013427
522.3639998435974	149.464096	702	0	0.019383	0.013427
524.3710000514984	103.6824	736	0	0.022876	0.013427
526.3649997711182	187.685936	654	0	0.02042	0.013427
528.3739998340607	193.172376	710	0	0.018823	0.013427
530.3710000514984	219.767176	808	0	0.019298	0.013427
532.3710000514984	209.900816	810	0	0.018652	0.013427
534.356999874115	148.03032	810	0	0.041245	0.013427
536.3710000514984	21.640104	1186	0	0.021655	0.013427
538.3769998550415	173.853968	1368	0	0.036473	0.013427
540.3619997501373	28.414824	1094	0	0.023688	0.013427
542.3669996261597	228.875928	1192	0	0.021922	0.013427
544.3739998340607	121.43628	1518	0	0.065469	0.013427
546.356999874115	20.050392	824	0	0.027139	0.013427
548.3719999790192	248.278696	1102	0	0.026998	0.013427
550.3669996261597	247.208896	1135	0	0.018703	0.013427
552.3659996986389	248.30008	1250	0	0.021066	0.013427
554.3669996261597	248.532688	1250	0	0.04565	0.013427
556.3729999065399	0.587984	1434	0	0.041995	0.013427
558.3749997615814	310.510424	1694	0	0.026633	0.013427
560.3719999790192	29.133808	1512	0	0.022838	0.013427
562.3739998340607	167.289976	1512	0	0.095184	0.013427
564.356999874115	275.19236	1512	0	0.032844	0.013427
566.3649997711182	298.180808	1439	0	0.032715	0.013427
568.3649997711182	298.180808	1476	0	0.051932	0.013427
570.3719999790192	298.180808	1454	0	0.040291	0.013427
572.3710000514984	185.960152	1640	0	0.08982	0.013427
574.3659996986389	13.505264	1076	0	0.045517	0.013427
576.3579998016357	174.300832	1092	0	0.034238	0.013427
578.3710000514984	228.186928	1170	0	0.020708	0.013427
580.3599998950958	132.885208	1188	0	0.064257	0.013427
582.3649997711182	263.045608	1314	0	0.025043	0.013427
584.3659996986389	19.092792	1359	0	0.020702	0.013427
586.3710000514984	252.365712	1440	0	0.018198	0.013427
588.3579998016357	129.282992	1354	0	0.023155	0.013427
590.3749997615814	329.267984	1543	0	0.02754	0.013427
592.3710000514984	166.168344	1574	0	0.074929	0.013427
594.3739998340607	27.39564	1354	0	0.023303	0.013485
596.3729999065399	355.137632	1642	0	0.023163	0.013485
598.3589997291565	23.836504	1808	0	0.019572	0.013485
600.3659996986389	442.506008	2071	0	0.036061	0.013485
602.3719999790192	442.506008	2266	0	0.030771	0.013485
604.3689999580383	132.976752	2266	0	0.024251	0.013485
606.3729999065399	26.072016	2421	0	0.032647	0.013485
608.3689999580383	29.380296	1488	0	0.022725	0.013485
610.3680000305176	89.748752	470	0	0.025533	0.013485
612.3599998950958	29.463896	492	0	0.020015	0.013485
614.3689999580383	127.378504	484	0	0.029184	0.013485
616.3649997711182	127.757528	484	0	0.023791	0.013485
618.3629999160767	98.909408	462	0	0.02122	0.013485
620.3689999580383	50.031232	430	0	0.022179	0.013485
622.3719999790192	24.25076	380	0	0.020183	0.013485
624.3729999065399	118.99964	578	0	0.016237	0.013367
626.3669996261597	167.064672	638	0	0.021287	0.013367
628.3710000514984	151.829712	626	0	0.021572	0.013367
630.3649997711182	193.155344	664	0	0.018888	0.013367
632.3659996986389	232.992752	844	0	0.021647	0.013367
634.3719999790192	228.845048	844	0	0.019571	0.013367
636.356999874115	14.652608	1070	0	0.023066	0.013367
638.3689999580383	172.374128	986	0	0.021568	0.013367
640.3699998855591	172.374128	986	0	0.031997	0.013367
642.3699998855591	168.067568	752	0	0.020869	0.013367
644.3669996261597	221.23208	954	0	0.033638	0.013367
646.3699998855591	181.836984	954	0	0.023142	0.013367
648.6199998855591	217.65344	810	0	0.024109	0.013367
650.3629999160767	166.042208	820	0	0.041863	0.013367
652.6159999370575	42.291584	820	0	0.021691	0.013367
654.617999792099	164.090808	836	0	0.036844	0.013367
656.6199998855591	31.340832	660	0	0.020082	0.013367
658.6189999580383	136.550728	548	0	0.034184	0.013367
660.6209998130798	20.597936	545	0	0.019666	0.013367
662.6139998435974	134.630504	594	0	0.019719	0.013367
664.6209998130798	48.372744	594	0	0.020932	0.013367
666.6129999160767	166.456456	672	0	0.022758	0.013367
668.6149997711182	187.95948	784	0	0.021259	0.013367
670.6199998855591	22.705624	692	0	0.019191	0.013367
672.617999792099	74.866736	646	0	0.03238	0.013367
674.6189999580383	92.80472	646	0	0.019803	0.013367
676.6069996356964	141.741816	644	0	0.040889	0.013367
678.6189999580383	130.187032	642	0	0.020596	0.013367
680.6159999370575	123.694976	838	0	0.021848	0.013367
682.6199998855591	174.948752	540	0	0.019166	0.013367
684.6209998130798	22.680624	424	0	0.017768	0.013367
686.6199998855591	116.860104	420	0	0.017314	0.013367
688.6089999675751	118.354288	536	0	0.01853	0.013367
690.6159999370575	102.176336	560	0	0.019434	0.013367
692.6229996681213	137.052712	688	0	0.031187	0.013367
694.6280000209808	25.101992	770	0	0.021941	0.013367
696.6229996681213	86.97304	730	0	0.051237	0.013367
698.4119999408722	29.540744	660	0	0.020807	0.013367
700.6149997711182	160.345384	664	0	0.018319	0.013367
702.6249997615814	193.053944	762	0	0.024796	0.013367
704.6239998340607	197.883752	778	0	0.030944	0.013367
706.6080000400543	137.015048	808	0	0.034871	0.013367
708.6219997406006	211.506936	893	0	0.018853	0.013367
710.6189999580383	202.269632	986	0	0.022273	0.013367
712.6199998855591	90.20064	970	0	0.067144	0.013367
714.6149997711182	23.829408	986	0	0.021178	0.013367
716.6080000400543	155.367968	744	0	0.023603	0.013367
718.6149997711182	201.597288	942	0	0.03003	0.013367
720.6139998435974	227.842648	976	0	0.02582	0.013367
722.6159999370575	227.842648	942	0	0.025349	0.013367
724.6189999580383	160.597768	908	0	0.039408	0.013367
726.6199998855591	201.787872	908	0	0.023199	0.013367
728.6149997711182	18.12832	842	0	0.018497	0.013367
730.6149997711182	103.67876	796	0	0.04823	0.013367
732.6280000209808	164.827656	895	0	0.028098	0.013367
734.6199998855591	207.93032	774	0	0.026463	0.013367
736.617999792099	207.93032	770	0	0.032116	0.013367
738.6209998130798	25.925776	722	0	0.023077	0.013367
740.6229996681213	210.126848	730	0	0.024506	0.013367
742.6209998130798	211.811184	788	0	0.021332	0.013367
744.6080000400543	128.108152	802	0	0.044896	0.013367
746.6080000400543	41.103656	752	0	0.032036	0.013367
748.6149997711182	229.463248	4	0	0.018917	0.013367
750.6080000400543	229.463248	892	0	0.027084	0.013367
752.6139998435974	200.588744	944	0	0.021007	0.013367
754.6149997711182	200.588744	942	0	0.023181	0.013367
756.6209998130798	23.106032	690	0	0.02283	0.013367
758.6189999580383	158.115664	682	0	0.032506	0.013367
760.6199998855591	158.115664	708	0	0.027083	0.013367
762.6139998435974	18.413368	598	0	0.019757	0.013367
764.6239998340607	121.380424	598	0	0.020773	0.013367
766.6229996681213	179.654128	642	0	0.018491	0.013367
768.6199998855591	199.30424	701	0	0.021196	0.013367
770.6219997406006	180.207656	694	0	0.026791	0.013367
772.6209998130798	181.7052	4	0	0.022795	0.013367
774.6099998950958	181.7052	804	0	0.020042	0.013367
776.6199998855591	181.7052	688	0	0.020269	0.013367
778.6080000400543	202.546192	700	0	0.018734	0.013367
780.6209998130798	150.661624	672	0	0.023833	0.013367
782.6149997711182	150.661624	676	0	0.022819	0.013367
784.6139998435974	152.86612	676	0	0.021689	0.013367
786.6159999370575	127.089224	654	0	0.020874	0.013367
788.6069996356964	171.211896	636	0	0.031587	0.013367
790.6219997406006	18.813712	636	0	0.01857	0.013367
792.6319999694824	178.526152	646	0	0.019819	0.013367
794.6069996356964	26.734216	614	0	0.021111	0.013367
796.6270000934601	144.062208	626	0	0.027457	0.013367
798.6239998340607	149.266232	642	0	0.019536	0.013367
800.6199998855591	26.560496	850	0	0.02402	0.013367
802.6159999370575	107.613016	848	0	0.027838	0.013367
804.6229996681213	28.618896	668	0	0.021097	0.013367
806.6099998950958	202.664664	850	0	0.022248	0.013367
808.6069996356964	154.74664	798	0	0.027459	0.013367
810.6189999580383	153.67612	776	0	0.019646	0.013367
812.6059997081757	67.55404	752	0	0.041865	0.013367
814.6059997081757	94.789736	624	0	0.017631	0.013367
816.6149997711182	142.685656	578	0	0.02036	0.013367
818.6069996356964	131.672104	582	0	0.019815	0.013367
820.6159999370575	177.714544	574	0	0.019628	0.013367
822.6159999370575	95.267552	562	0	0.034937	0.013367
824.6159999370575	24.769368	678	0	0.021531	0.013367
826.6149997711182	157.085792	760	0	0.025401	0.013367
828.6209998130798	92.814712	692	0	0.023518	0.013367
830.6229996681213	114.075936	632	0	0.031294	0.013367
832.6199998855591	170.4918	656	0	0.021418	0.013367
834.6080000400543	29.99976	666	0	0.019869	0.013367
836.6189999580383	102.829792	586	0	0.023263	0.013367
838.6209998130798	13.53216	586	0	0.019701	0.013367
840.6229996681213	111.92932	402	0	0.025497	0.013367
842.6069996356964	114.63948	432	0	0.018915	0.013367
844.6199998855591	100.88344	370	0	0.021071	0.013367
846.6069996356964	79.058568	402	0	0.033554	0.013367
848.6209998130798	93.598552	454	0	0.016638	0.013367
850.6169998645782	116.064472	498	0	0.041151	0.013367
852.6229996681213	20.766056	554	0	0.019265	0.013367
854.6229996681213	12.115168	552	0	0.019289	0.013367
856.6209998130798	143.428552	590	0	0.033208	0.013367
858.6149997711182	162.557888	527	0	0.03154	0.013367
860.6159999370575	166.533888	638	0	0.040219	0.013367
862.6199998855591	141.040584	628	0	0.020189	0.013367
864.6189999580383	134.950136	616	0	0.038804	0.013367
866.6080000400543	27.890336	636	0	0.018196	0.013367
868.6159999370575	140.45236	648	0	0.019434	0.013367
870.6219997406006	155.32236	774	0	0.034138	0.013367
872.6149997711182	27.986816	712	0	0.022399	0.013367
874.6149997711182	149.711776	724	0	0.027769	0.013367
876.6219997406006	157.532608	710	0	0.022472	0.013367
878.6219997406006	176.93736	778	0	0.019669	0.013367
880.6169998645782	168.454464	790	0	0.037873	0.013367
882.6219997406006	169.389352	1051	0	0.024731	0.013367
884.6069996356964	143.864216	1440	0	0.060428	0.013367
886.6219997406006	186.726328	974	0	0.01915	0.013367
888.6219997406006	76.739432	956	0	0.054489	0.013367
890.6080000400543	19.617656	758	0	0.022597	0.013367
892.6149997711182	182.257032	746	0	0.038591	0.013367
894.6239998340607	115.690136	750	0	0.046884	0.013367
896.8419997692108	28.976456	776	0	0.022625	0.013367
898.8709998130798	213.941544	894	0	0.028448	0.013367
900.6209998130798	18.214496	862	0	0.019756	0.013367
902.8719999790192	190.65792	876	0	0.027361	0.013367
904.8599998950958	87.422744	952	0	0.020941	0.013367
906.8719999790192	159.258256	970	0	0.046929	0.013367
908.8659996986389	159.258256	970	0	0.028576	0.013367
910.8719999790192	191.705528	914	0	0.021085	0.013367
912.8659996986389	220.046576	911	0	0.038572	0.013367
914.8739998340607	119.74644	908	0	0.023909	0.013367
916.8699998855591	183.616952	1222	0	0.02516	0.013367
918.8639998435974	102.31444	1222	0	0.029198	0.013367
920.8659996986389	29.47412	1232	0	0.021423	0.013367
922.8719999790192	181.988184	1228	0	0.017732	0.013367
924.8599998950958	24.871712	1018	0	0.022656	0.01364
926.8659996986389	229.24248	1102	0	0.039812	0.01364
928.8689999580383	146.442504	1102	0	0.039964	0.01364
930.8759999275208	29.750592	1096	0	0.021367	0.01364
932.8689999580383	241.710776	1022	0	0.028855	0.01364
934.8649997711182	241.710776	998	0	0.028907	0.01364
936.8689999580383	30.90012	999	0	0.025925	0.01364
938.6589999198914	38.454624	748	0	0.021216	0.01364
940.8689999580383	5.878408	156	0	0.020498	0.01364
942.8739998340607	16.800576	124	0	0.0163	0.01364
944.8579998016357	38.393592	122	0	0.014926	0.01338
946.8709998130798	37.105904	120	0	0.015216	0.01338
948.8719999790192	38.547872	122	0	0.015566	0.01338
950.8699998855591	38.547872	122	0	0.017008	0.01338
952.8699998855591	38.547872	122	0	0.016017	0.01338
954.8689999580383	39.950024	124	0	0.015215	0.01338
956.8689999580383	39.950024	128	0	0.015275	0.01338
958.8709998130798	37.812592	126	0	0.015085	0.01338
960.875	28.761944	126	0	0.016304	0.01338
962.8709998130798	30.114872	126	0	0.018259	0.01338
964.8579998016357	39.496992	126	0	0.016067	0.01338
966.8649997711182	42.484104	136	0	0.015839	0.01338
968.8670001029968	42.4954	168	0	0.015481	0.013286
970.8709998130798	77.139336	242	0	0.016371	0.013005
972.8649997711182	81.879952	298	0	0.017847	0.013005
974.8699998855591	70.332528	330	0	0.018816	0.013005
976.8649997711182	93.597272	354	0	0.017479	0.013005
978.8699998855591	112.874384	408	0	0.017826	0.013005
980.8659996986389	110.121504	414	0	0.020706	0.013005
982.8649997711182	112.3544	388	0	0.017015	0.013005
984.8579998016357	117.320472	426	0	0.020061	0.013005
986.8689999580383	27.450232	438	0	0.018626	0.013005
988.8579998016357	111.774944	438	0	0.020945	0.013005
990.878999710083	117.03672	450	0	0.024456	0.013005
992.8649997711182	62.672128	468	0	0.017559	0.013005
994.8779997825623	116.463256	512	0	0.018369	0.013005
996.8680000305176	143.903608	548	0	0.020927	0.013005
998.8689999580383	117.761824	548	0	0.04131	0.013005
1000.8709998130798	94.378504	548	0	0.038451	0.013005
1002.8729999065399	173.541288	4	0	0.023073	0.013005
1004.8599998950958	127.543592	864	0	0.034451	0.013005
1006.8659996986389	123.414984	722	0	0.018859	0.013005
1008.8729999065399	99.902848	710	0	0.039103	0.013005
1010.8670001029968	18.606112	743	0	0.01978	0.013005
1012.8739998340607	113.491992	732	0	0.036348	0.013005
1014.8670001029968	176.677416	766	0	0.022152	0.013005
1016.8719999790192	26.136912	684	0	0.021119	0.013005
1018.8689999580383	181.888504	752	0	0.022193	0.013005
1020.8670001029968	18.446536	790	0	0.019236	0.013005
1022.8659996986389	116.912384	924	0	0.040525	0.013005
1024.8579998016357	191.208336	876	0	0.022703	0.013005
1026.8680000305176	10.880568	876	0	0.041798	0.013005
1028.8689999580383	186.663448	910	0	0.025484	0.013005
1030.8709998130798	22.10016	800	0	0.018473	0.013005
1032.8709998130798	42.740608	800	0	0.019789	0.013005
1034.856999874115	19.676336	738	0	0.021574	0.013005
1036.858999967575	198.514864	766	0	0.02275	0.013005
1038.8639998435974	116.25828	678	0	0.030596	0.013005
1040.8670001029968	22.158768	684	0	0.018922	0.013005
1042.8719999790192	160.060056	736	0	0.017609	0.013005
1044.8579998016357	21.829456	830	0	0.025301	0.013005
1046.865999698639	136.288072	842	0	0.022531	0.013005
1048.865999698639	141.010608	638	0	0.025837	0.013005
1050.8709998130798	178.871544	712	0	0.01986	0.013005
1052.865999698639	183.458384	718	0	0.018686	0.013005
1054.8649997711182	183.458384	765	0	0.016698	0.013005
1056.8649997711182	33.733768	768	0	0.021741	0.013005
1058.875	23.110224	610	0	0.019566	0.013005
1060.8680000305176	135.767232	824	0	0.024985	0.013005
1062.8689999580383	111.238592	839	0	0.019714	0.013005
1064.8579998016357	170.506616	846	0	0.02269	0.013005
1066.8579998016357	181.400888	838	0	0.021363	0.013005
1068.865999698639	28.37824	830	0	0.019067	0.013005
1070.865999698639	153.779232	844	0	0.033586	0.013005
1072.8739998340607	153.779232	652	0	0.030876	0.013005
1074.865999698639	161.906936	738	0	0.035034	0.013005
1076.869999885559	216.964552	770	0	0.027403	0.013005
1078.8649997711182	19.487376	786	0	0.026849	0.013005
1080.865999698639	53.226048	925	0	0.022981	0.013005
1082.869999885559	21.671664	896	0	0.019361	0.013005
1084.8579998016357	103.012904	860	0	0.028186	0.013005
1086.865999698639	163.241896	874	0	0.028458	0.013005
1088.8769998550415	19.590208	830	0	0.019968	0.013005
1090.8719999790192	141.233536	626	0	0.033276	0.013005
1092.8709998130798	143.689792	676	0	0.021124	0.013005
1094.8709998130798	143.689792	676	0	0.025607	0.013005
1096.87299990654	163.013832	732	0	0.040268	0.013005
1098.8719999790192	131.78612	732	0	0.029022	0.013005
1100.8709998130798	131.78612	734	0	0.020637	0.013005
1102.8709998130798	150.579824	654	0	0.017875	0.013005
1104.8579998016357	150.579824	654	0	0.023438	0.013005
1106.869999885559	150.579824	666	0	0.019898	0.013005
1108.8649997711182	150.579824	588	0	0.020634	0.013005
1110.869999885559	150.579824	588	0	0.018948	0.013005
1112.865999698639	150.579824	600	0	0.01777	0.013005
1115.1129999160767	21.21704	94	0	0.018716	0.013005
1116.8649997711182	15.00296	94	0	0.016948	0.013005
1118.880999803543	27.735616	100	0	0.015533	0.013005
1120.8689999580383	43.314608	132	0	0.015587	0.013005
1122.87299990654	54.018648	237	0	0.016392	0.013005
1124.856999874115	86.406304	286	0	0.015987	0.013005
1126.8680000305176	86.406304	286	0	0.019801	0.013005
1128.8579998016357	52.584728	368	0	0.029886	0.013005
1130.8609998226166	109.06476	408	0	0.015862	0.013005
1132.8739998340607	77.331032	444	0	0.019765	0.013005
1134.8689999580383	141.3708	540	0	0.026863	0.013005
1136.8709998130798	168.23236	604	0	0.020102	0.013005
1138.8680000305176	110.283824	604	0	0.024928	0.013005
1140.8680000305176	24.483424	686	0	0.023846	0.013005
1142.869999885559	131.830488	700	0	0.035166	0.013005
1144.862999677658	131.830488	700	0	0.020987	0.013005
1146.865999698639	131.830488	700	0	0.088108	0.013005
1149.1259996891022	214.526896	946	0	0.022197	0.013005
1151.1239998340607	141.740584	869	0	0.032399	0.013005
1152.8599998950958	28.300752	863	0	0.064462	0.013005
1155.1159999370575	114.081632	960	0	0.022869	0.013005
1157.1159999370575	210.670752	936	0	0.024305	0.013005
1159.1249997615814	166.036576	936	0	0.025793	0.013005
1161.1209998130798	166.036576	948	0	0.046025	0.013005
1163.1070001125336	166.036576	948	0	0.027659	0.013005
1165.1209998130798	18.944984	324	0	0.019219	0.013005
1167.1209998130798	48.313304	170	0	0.018715	0.013005
1168.8979997634888	65.647832	228	0	0.016793	0.013005
1171.1169998645782	75.796992	268	0	0.018135	0.013005
1173.1189997196198	73.204	278	0	0.016469	0.013005
1175.1169998645782	98.315928	344	0	0.016871	0.013005
1177.1209998130798	107.300224	325	0	0.019022	0.013005
1179.1159999370575	94.695488	372	0	0.020158	0.013005
1181.1169998645782	94.695488	378	0	0.018854	0.013005
1183.1219997406006	26.6822	378	0	0.024483	0.013005
1185.1209998130798	128.892848	450	0	0.022345	0.013005
1187.1209998130798	111.037	450	0	0.023092	0.013005
1189.1280000209808	18.901424	580	0	0.017846	0.013005
1191.1080000400543	110.677064	686	0	0.019318	0.013005
1192.918999671936	172.89552	744	0	0.031518	0.013005
1195.1219997406006	175.6654	788	0	0.019495	0.013005
1197.108999967575	175.6654	788	0	0.020671	0.013005
1199.1219997406006	175.6654	790	0	0.031636	0.013005
1201.1169998645782	200.686952	808	0	0.020052	0.013005
1203.1219997406006	270.514936	1094	0	0.021428	0.013005
1205.117999792099	157.0312	1364	0	0.044651	0.013005
1207.1159999370575	157.0312	1364	0	0.03188	0.013005
1209.1219997406006	157.0312	866	0	0.019324	0.013005
1211.1159999370575	157.0312	866	0	0.0476	0.013005
1213.12299990654	195.988672	982	0	0.021547	0.013005
1215.1209998130798	242.401608	920	0	0.026435	0.013005
1217.108999967575	25.25648	936	0	0.022485	0.013005
1219.1159999370575	103.312296	936	0	0.024431	0.013005
1221.1169998645782	132.536184	1028	0	0.028156	0.013005
1223.1239998340607	17.248592	184	0	0.022234	0.013005
1225.1209998130798	14.324032	90	0	0.017554	0.013005
1227.1219997406006	30.570264	122	0	0.017022	0.013005
1229.119999885559	27.859544	126	0	0.016855	0.013005
1231.1219997406006	39.811704	134	0	0.01517	0.013005
1233.108999967575	49.008232	166	0	0.01759	0.013005
1235.1219997406006	37.281152	206	0	0.017636	0.013005
1237.108999967575	82.278376	284	0	0.016383	0.013005
1239.1169998645782	84.003512	376	0	0.024988	0.013005
1241.108999967575	108.566072	396	0	0.01811	0.013005
1243.12299990654	115.4894	4	0	0.01687	0.013005
1245.1219997406006	98.930176	478	0	0.022619	0.013005
1247.117999792099	139.347008	519	0	0.020486	0.013005
1249.119999885559	139.347008	508	0	0.019392	0.013005
1251.1209998130798	17.872688	486	0	0.020083	0.013005
1253.1269998550415	106.152312	518	0	0.025162	0.013005
1255.1159999370575	45.213808	224	0	0.029855	0.013005
1257.1209998130798	52.863488	192	0	0.015072	0.013005
1259.1169998645782	44.339632	206	0	0.021256	0.013005
1261.117999792099	47.919032	241	0	0.021663	0.013005
1263.348000049591	47.919032	246	0	0.020143	0.013005
1265.1099998950958	78.592232	322	0	0.019136	0.013005
1267.1150000095367	88.399824	376	0	0.015904	0.013005
1269.1080000400543	94.211448	404	0	0.027387	0.013005
1271.117999792099	20.606976	518	0	0.019405	0.013182
1273.1159999370575	154.2258	738	0	0.024966	0.013182
1275.1159999370575	154.2258	740	0	0.022309	0.013182
1277.1169998645782	154.2258	740	0	0.019839	0.013182
1279.1269998550415	154.2258	578	0	0.059128	0.013182
1281.1209998130798	11.799064	140	0	0.039554	0.013182
1283.1310000419617	23.674192	128	0	0.015649	0.012825
1285.1209998130798	63.832392	228	0	0.016777	0.012825
1287.12299990654	51.006656	326	0	0.028195	0.012825
1289.1099998950958	103.989664	342	0	0.021602	0.012825
1291.1249997615814	136.510656	388	0	0.017572	0.012825
1293.119999885559	138.561592	438	0	0.01714	0.012825
1295.1209998130798	138.561592	504	0	0.021328	0.012825
1297.12299990654	138.470968	576	0	0.018587	0.012825
1299.1219997406006	146.915392	569	0	0.017503	0.012825
1301.1169998645782	161.126232	630	0	0.017377	0.012825
1303.1169998645782	9.571224	690	0	0.02066	0.012825
1305.1219997406006	195.214016	698	0	0.025181	0.012825
1307.1169998645782	170.38364	698	0	0.026482	0.012825
1309.1219997406006	169.98588	576	0	0.017059	0.012825
1311.1209998130798	182.46488	594	0	0.024481	0.012825
1313.1070001125336	182.46488	590	0	0.018502	0.012825
1315.1159999370575	20.498864	602	0	0.021565	0.012825
1317.1280000209808	86.411928	550	0	0.02693	0.012825
1319.1239998340607	191.67172	622	0	0.018434	0.012825
1321.1209998130798	175.115232	662	0	0.020576	0.012825
1323.1169998645782	30.328296	730	0	0.020286	0.012825
1325.117999792099	174.569888	740	0	0.017903	0.012825
1327.12299990654	204.759032	714	0	0.020075	0.012825
1329.1209998130798	23.480656	730	0	0.022086	0.012825
1331.117999792099	203.517344	1078	0	0.022247	0.012825
1333.1189997196198	1.434104	1144	0	0.016951	0.012825
1335.12299990654	258.105696	1194	0	0.029929	0.012825
1337.1080000400543	21.61756	1174	0	0.022279	0.012825
1339.1249997615814	156.548848	1148	0	0.035979	0.012825
1341.1159999370575	210.75892	1172	0	0.02929	0.012825
1343.1249997615814	29.756312	1212	0	0.021931	0.012825
1345.1209998130798	164.476776	978	0	0.022171	0.012825
1347.108999967575	166.393608	726	0	0.020916	0.012825
1349.117999792099	166.393608	726	0	0.025308	0.012825
1351.1239998340607	166.393608	726	0	0.029169	0.012825
1353.1159999370575	213.65484	712	0	0.018901	0.012825
1355.1169998645782	213.65484	712	0	0.041025	0.012825
1357.1169998645782	122.576112	778	0	0.018251	0.012825
1359.3469998836517	122.576112	778	0	0.023436	0.012825
1361.1080000400543	101.161	760	0	0.021246	0.012825
1363.117999792099	78.454944	464	0	0.019489	0.012825
1365.1219997406006	110.286952	426	0	0.016849	0.012825
1367.1169998645782	93.083624	364	0	0.01995	0.012825
1369.1239998340607	106.13776	400	0	0.018411	0.012825
1371.1259996891022	80.134576	420	0	0.015709	0.012825
1373.1269998550415	111.052016	434	0	0.016623	0.012825
1375.12299990654	113.228968	436	0	0.026956	0.012825
1377.1209998130798	108.1024	428	0	0.019713	0.012825
1379.108999967575	120.438024	452	0	0.018365	0.012825
1381.1280000209808	135.927728	540	0	0.020944	0.012825
1383.1239998340607	123.520864	540	0	0.020713	0.012825
1385.1129999160767	21.736424	550	0	0.019632	0.012825
1387.1169998645782	52.760672	4	0	0.027872	0.012825
1389.108999967575	89.316208	539	0	0.024411	0.012825
1391.1209998130798	123.586776	538	0	0.019314	0.012825
1393.117999792099	116.256352	528	0	0.020219	0.012825
1395.1219997406006	138.526672	462	0	0.021489	0.012825
1397.1169998645782	142.765584	493	0	0.028707	0.012825
1399.12299990654	142.765584	510	0	0.024083	0.012825
1401.3680000305176	141.251232	576	0	0.017265	0.012825
1403.3680000305176	166.0882	667	0	0.027371	0.012825
1405.3669996261597	16.829976	783	0	0.028474	0.012825
1407.3669996261597	142.884448	846	0	0.020883	0.012825
1409.37299990654	22.488	839	0	0.022434	0.012825
1411.3739998340607	182.389392	838	0	0.024273	0.012825
1413.3669996261597	202.027864	962	0	0.021206	0.012825
1415.3669996261597	152.346936	922	0	0.023946	0.012825
1417.3779997825623	237.291736	906	0	0.02463	0.012825
1419.3680000305176	184.720056	887	0	0.021393	0.012825
1421.3710000514984	207.352928	1008	0	0.034913	0.012825
1423.3680000305176	178.595184	1008	0	0.025865	0.012825
1425.3599998950958	254.25556	1134	0	0.028563	0.012825
1427.37299990654	155.527136	1112	0	0.041143	0.012825
1429.0249998569489	0.09164	14	0	0.568585	0.252801
1429.3680000305176	189.137184	1114	0	0.02809	0.012825
1429.4670000076294	3.11336	24	6	0.048349	0.010924
1429.9219996929169	0.133808	24	0	0.133655	0.010924
1431.37299990654	257.250624	918	0	0.025882	0.012825
1433.3739998340607	15.97492	936	0	0.036206	0.012825
1435.365999698639	136.994496	972	0	0.045692	0.012825
1437.365999698639	157.174672	1018	0	0.02173	0.012825
1439.365999698639	27.46452	676	0	0.021597	0.012825
1441.3599998950958	110.516472	590	0	0.031229	0.012825
1443.3749997615814	26.379048	594	0	0.020932	0.012825
1445.365999698639	127.256616	595	0	0.024876	0.012825
1447.3829996585846	135.443688	594	0	0.029275	0.012825
1449.365999698639	142.53768	634	0	0.021692	0.012825
1451.3739998340607	136.674696	778	0	0.034783	0.012825
1453.365999698639	24.57432	836	0	0.023204	0.012825
1455.3669996261597	154.91288	836	0	0.029723	0.012825
1457.3719999790192	17.370272	776	0	0.022608	0.012825
1459.3749997615814	120.96832	744	0	0.036063	0.012825
1461.3719999790192	141.101072	572	0	0.033705	0.012825
1463.3609998226166	18.177456	550	0	0.025734	0.012825
1465.3680000305176	153.488544	618	0	0.019914	0.012825
1467.3769998550415	17.582992	558	0	0.019356	0.012825
1469.3669996261597	138.990064	584	0	0.029499	0.012825
1471.3710000514984	72.96968	620	0	0.037364	0.012825
1473.3669996261597	171.352768	633	0	0.02243	0.012825
1475.3680000305176	123.396952	624	0	0.041588	0.012825
1477.3579998016357	122.1506	640	0	0.020334	0.012825
1479.3749997615814	72.034544	726	0	0.038328	0.012825
1481.3769998550415	20.670608	568	0	0.020355	0.012825
1483.3680000305176	133.769312	463	0	0.02343	0.012825
1485.3719999790192	97.885696	486	0	0.032011	0.012825
1487.3759999275208	118.2412	510	0	0.018066	0.012825
1489.3749997615814	98.948496	502	0	0.036056	0.012825
1491.3719999790192	139.217728	542	0	0.018017	0.012825
1493.3689999580383	142.354096	522	0	0.027572	0.012825
1495.37299990654	119.2886	620	0	0.025427	0.012825
1497.3669996261597	160.970368	642	0	0.032602	0.012825
1499.3589997291565	125.294688	656	0	0.033301	0.012825
1501.3579998016357	22.535712	696	0	0.017446	0.012825
1503.3749997615814	129.529136	4	0	0.029929	0.012825
1505.3749997615814	110.17684	878	0	0.01895	0.012825
1507.37299990654	190.419576	918	0	0.037789	0.012825
1509.3680000305176	199.682024	952	0	0.03385	0.012825
1511.380999803543	184.298064	878	0	0.023121	0.012825
1513.3669996261597	156.17848	884	0	0.031682	0.012825
1515.3749997615814	124.143408	788	0	0.022431	0.012825
1517.37299990654	140.595528	774	0	0.03646	0.012825
1519.3749997615814	140.595528	713	0	0.0527	0.012825
1521.3680000305176	175.58516	612	0	0.031759	0.012825
1523.369999885559	129.944984	4	0	0.041029	0.012825
1525.37299990654	93.636544	644	0	0.020426	0.012825
1527.3680000305176	93.636544	600	0	0.090402	0.012825
1529.37299990654	116.597488	682	0	0.021142	0.012825
1531.3680000305176	116.10548	536	0	0.030967	0.012825
1533.37299990654	120.048488	520	0	0.021662	0.012825
1535.3710000514984	128.89572	466	0	0.017878	0.012825
1537.3669996261597	128.89572	486	0	0.032476	0.012825
1539.3719999790192	138.430712	520	0	0.018822	0.012825
1541.3669996261597	72.058056	520	0	0.031165	0.012825
1543.3669996261597	111.343952	576	0	0.024735	0.012825
1545.365999698639	53.508192	558	0	0.021636	0.012825
1547.3719999790192	131.319472	496	0	0.022086	0.012825
1549.3710000514984	143.588472	524	0	0.020749	0.012825
1551.3669996261597	119.82428	514	0	0.021879	0.012825
1553.3719999790192	111.759872	545	0	0.027057	0.012825
1555.3719999790192	102.186944	544	0	0.035952	0.012825
1557.3599998950958	145.788208	676	0	0.028955	0.012825
1559.3759999275208	141.817208	546	0	0.022181	0.012825
1561.369999885559	135.125776	672	0	0.036185	0.012825
1563.3710000514984	162.337016	654	0	0.018998	0.012825
1565.3579998016357	90.52464	664	0	0.037236	0.012825
1567.3710000514984	166.52	692	0	0.017195	0.012825
1569.3669996261597	101.8742	542	0	0.034088	0.012825
1571.3719999790192	170.362144	556	0	0.017847	0.012825
1573.365999698639	79.161728	562	0	0.017813	0.012825
1575.3799998760223	89.013416	562	0	0.022919	0.012825
1577.365999698639	157.993248	600	0	0.020868	0.012825
1579.37299990654	157.993248	600	0	0.022141	0.012825
1581.3719999790192	162.821208	600	0	0.0193	0.012825
1583.3589997291565	20.8922	120	0	0.019167	0.013696
1585.3680000305176	14.971928	90	0	0.017812	0.013359
1587.3710000514984	1.980976	92	0	0.041314	0.012913
1589.3619997501373	30.326448	110	0	0.015842	0.012913
1591.3739998340607	30.162112	126	0	0.027637	0.012913
1593.3689999580383	39.047928	146	0	0.016169	0.0129
1595.3669996261597	56.793192	206	0	0.019044	0.0129
1597.3680000305176	59.415456	214	0	0.019228	0.0129
1599.3710000514984	67.042832	246	0	0.01644	0.0129
1601.37299990654	40.6164	270	0	0.017079	0.0129
1603.3680000305176	76.769848	4	0	0.015762	0.0129
1605.3689999580383	62.322392	322	0	0.022122	0.0129
1607.3689999580383	77.888232	346	0	0.021639	0.0129
1609.3769998550415	97.102192	436	0	0.023047	0.0129
1611.37299990654	97.102192	442	0	0.041313	0.0129
1613.369999885559	97.102192	442	0	0.019079	0.0129
1615.3669996261597	97.102192	4	0	0.020864	0.0129
1617.3710000514984	97.102192	450	0	0.020051	0.0129
1619.3719999790192	97.102192	456	0	0.017259	0.0129
1621.3669996261597	97.102192	436	0	0.017699	0.0129
1623.3710000514984	97.102192	436	0	0.017751	0.0129
1625.3739998340607	97.102192	360	0	0.018328	0.0129
1627.3669996261597	27.532592	140	0	0.022212	0.0129
1629.3680000305176	38.752288	124	0	0.015955	0.0129
1631.3669996261597	49.043696	172	0	0.017419	0.0129
1633.3749997615814	38.136624	242	0	0.02144	0.0129
1635.3719999790192	67.806768	260	0	0.0349	0.0129
1637.3680000305176	59.608912	280	0	0.017209	0.0129
1639.3689999580383	75.581432	262	0	0.016399	0.0129
1641.3680000305176	120.129808	527	0	0.02308	0.0129
1643.3749997615814	46.410256	576	0	0.020654	0.0129
1645.365999698639	139.248464	464	0	0.01987	0.0129
1647.3739998340607	139.248464	438	0	0.020831	0.0129
1649.37299990654	137.886616	582	0	0.020363	0.0129
1651.6219997406006	152.08752	664	0	0.019603	0.0129
1653.617999792099	158.62532	652	0	0.022164	0.0129
1655.6219997406006	0.780592	652	0	0.031224	0.0129
1657.6369998455048	129.2656	702	0	0.032152	0.0129
1659.6229996681213	205.81244	870	0	0.02757	0.0129
1661.617999792099	220.552136	910	0	0.022422	0.0129
1663.4110000133514	43.474024	896	0	0.021509	0.0129
1665.62700009346	157.0588	1254	0	0.026108	0.0129
1667.6209998130798	246.186176	1435	0	0.027681	0.0129
1669.6189999580383	139.333448	1458	0	0.021933	0.0129
1671.6289999485016	223.250368	1246	0	0.026701	0.0129
1673.6169998645782	223.250368	1246	0	0.02518	0.0129
1675.6169998645782	156.204712	564	0	0.024671	0.0129
1677.6159999370575	130.4964	552	0	0.0251	0.0129
1679.6239998340607	88.997432	538	0	0.025605	0.0129
1681.6159999370575	135.10288	652	0	0.018118	0.0129
1683.619999885559	135.10288	652	0	0.021745	0.0129
1685.6259996891022	161.659952	962	0	0.036596	0.0129
1687.4139997959137	167.45468	1074	0	0.021968	0.0129
1689.6219997406006	164.0268	1086	0	0.03963	0.0129
1691.617999792099	164.0268	820	0	0.028441	0.0129
1693.6259996891022	19.729064	698	0	0.018962	0.0129
1695.6099998950958	138.445136	758	0	0.034375	0.0129
1697.6189999580383	138.445136	759	0	0.022578	0.0129
1699.617999792099	113.489584	770	0	0.037477	0.0129
1701.6209998130798	177.723384	4	0	0.019857	0.0129
1703.611999988556	177.723384	738	0	0.018986	0.0129
1705.6349999904633	94.682536	738	0	0.028086	0.0129
1707.6169998645782	132.015192	684	0	0.021863	0.0129
1709.6299998760223	132.015192	662	0	0.022862	0.0129
1711.4189999103546	15.931392	448	0	0.024676	0.0129
1713.6209998130798	84.748592	428	0	0.025132	0.0129
1715.617999792099	145.881864	656	0	0.01896	0.0129
1717.6169998645782	26.147504	694	0	0.019709	0.0129
1719.6169998645782	49.135768	674	0	0.018807	0.0129
1721.6169998645782	17.981592	674	0	0.020622	0.0129
1723.6219997406006	142.71868	608	0	0.019323	0.0129
1725.6169998645782	142.71868	608	0	0.028494	0.0129
1727.6189999580383	178.937624	606	0	0.018571	0.0129
1729.6169998645782	178.937624	606	0	0.029497	0.0129
1731.617999792099	178.937624	602	0	0.019936	0.0129
1733.6229996681213	2.322648	602	0	0.023246	0.0129
1735.608999967575	117.659872	432	0	0.02404	0.0129
1737.6239998340607	125.764584	475	0	0.017691	0.0129
1739.6169998645782	136.674528	484	0	0.021547	0.0129
1741.6169998645782	26.130216	466	0	0.021706	0.0129
1743.6249997615814	102.49852	476	0	0.026604	0.0129
1745.6229996681213	118.351016	470	0	0.020251	0.0129
1747.6169998645782	147.0728	460	0	0.018215	0.0129
1749.6099998950958	115.307384	458	0	0.021455	0.0129
1751.6209998130798	115.307384	476	0	0.023209	0.0129
1753.6209998130798	115.307384	476	0	0.023635	0.0129
1755.6169998645782	138.789616	476	0	0.032371	0.0129
1757.6159999370575	138.789616	4	0	0.028299	0.0129
1759.6110000610352	121.050176	378	0	0.018635	0.0129
1761.617999792099	47.916504	392	0	0.040858	0.0129
1763.6219997406006	124.51336	454	0	0.016388	0.0129
1765.6229996681213	95.439072	455	0	0.018964	0.0129
1767.6229996681213	138.063032	484	0	0.024075	0.0129
1769.633999824524	126.097448	514	0	0.037167	0.0129
1771.6169998645782	127.171368	522	0	0.020999	0.0129
1773.6319999694824	139.202288	514	0	0.018765	0.0129
1775.6259996891022	139.202288	496	0	0.021746	0.0129
1777.6209998130798	139.202288	496	0	0.023724	0.0129
1779.617999792099	139.202288	488	0	0.019929	0.0129
1781.6110000610352	102.806512	360	0	0.025632	0.0129
1783.6110000610352	74.352712	366	0	0.026321	0.0129
1785.6189999580383	135.913352	536	0	0.019593	0.0129
1787.6239998340607	146.601456	566	0	0.021706	0.0129
1789.6189999580383	60.185184	586	0	0.020731	0.0129
1791.6169998645782	149.807488	682	0	0.028479	0.0129
1793.619999885559	89.150848	652	0	0.055639	0.0129
1795.6259996891022	21.43496	598	0	0.023293	0.0129
1797.6280000209808	54.304584	498	0	0.018825	0.0129
1799.6169998645782	155.554304	546	0	0.028456	0.0129
1801.6219997406006	157.340504	614	0	0.018102	0.0129
1803.630999803543	75.721752	626	0	0.017595	0.0129
1805.617999792099	135.662712	626	0	0.022396	0.0129
1807.6099998950958	6.295648	592	0	0.019537	0.0129
1809.6189999580383	196.328384	637	0	0.017449	0.0129
1811.619999885559	140.500816	722	0	0.047401	0.0129
1813.6229996681213	19.899976	758	0	0.019231	0.0129
1815.6080000400543	227.521256	801	0	0.020076	0.0129
1817.6080000400543	60.776928	848	0	0.021542	0.0129
1819.6189999580383	168.477984	776	0	0.019235	0.0129
1821.619999885559	170.850912	760	0	0.036506	0.0129
1823.6189999580383	85.9666	760	0	0.018298	0.0129
1825.6229996681213	10.750208	622	0	0.019305	0.0129
1827.6229996681213	138.806728	556	0	0.019916	0.0129
1829.6239998340607	188.40352	4	0	0.016306	0.0129
1831.608999967575	21.213336	517	0	0.022125	0.0129
1833.6099998950958	128.436936	550	0	0.016285	0.0129
1835.6169998645782	75.51532	580	0	0.021739	0.0129
1837.6280000209808	189.33808	616	0	0.020999	0.0129
1839.6239998340607	146.33632	604	0	0.026442	0.0129
1841.6229996681213	18.934432	647	0	0.019689	0.0129
1843.6189999580383	210.22712	774	0	0.018056	0.0129
1845.617999792099	215.438736	972	0	0.036208	0.0129
1847.6189999580383	159.68048	972	0	0.032707	0.0129
1849.6189999580383	210.949936	1000	0	0.023525	0.0129
1851.6229996681213	8.714504	986	0	0.024001	0.0129
1853.6189999580383	145.423104	798	0	0.029596	0.0129
1855.6099998950958	21.209048	748	0	0.0186	0.0129
1857.6169998645782	106.328376	748	0	0.036327	0.0129
1859.6169998645782	125.767168	606	0	0.034066	0.0129
1861.6219997406006	22.199296	614	0	0.019146	0.0129
1863.6239998340607	146.532808	491	0	0.025771	0.0129
1865.617999792099	22.184808	528	0	0.018702	0.0129
1867.617999792099	97.860088	536	0	0.025214	0.0129
1869.6239998340607	137.474072	528	0	0.023445	0.0129
1871.6239998340607	149.344936	550	0	0.017825	0.0129
1873.617999792099	143.064872	600	0	0.020539	0.0129
1875.6099998950958	159.024192	602	0	0.027109	0.0129
1877.6229996681213	151.665792	624	0	0.023921	0.0129
1879.6099998950958	160.082856	678	0	0.021124	0.0129
1881.6110000610352	177.772104	712	0	0.018579	0.0129
1883.617999792099	138.558792	668	0	0.026723	0.0129
1885.6229996681213	25.71564	628	0	0.020651	0.0129
1887.6189999580383	150.885384	728	0	0.031112	0.0129
1889.6169998645782	22.580896	712	0	0.024085	0.0129
1891.617999792099	178.14216	626	0	0.019739	0.0129
1893.617999792099	106.05864	728	0	0.031735	0.012951
1895.6080000400543	128.303792	838	0	0.040423	0.012951
1897.8599998950958	187.054208	754	0	0.016349	0.012951
1899.6189999580383	22.896432	668	0	0.019859	0.012951
1901.8680000305176	110.061752	668	0	0.033429	0.012951
1903.8829998970032	191.393536	806	0	0.021281	0.012951
1905.8680000305176	191.393536	1054	0	0.042084	0.012951
1907.8759999275208	238.123336	1186	0	0.019221	0.012951
1909.87299990654	238.123336	1136	0	0.020383	0.012951
1911.8680000305176	193.981472	848	0	0.020703	0.012951
1913.8680000305176	170.401592	822	0	0.018881	0.012951
1915.8709998130798	184.783576	680	0	0.025943	0.012951
1917.6629996299744	236.026256	816	0	0.020231	0.012951
1919.8639998435974	205.209736	868	0	0.024339	0.012951
1921.87299990654	273.784944	4	0	0.031046	0.012951
1923.8680000305176	244.364824	1214	0	0.027133	0.012951
1925.8680000305176	244.364824	1214	0	0.026839	0.012951
1927.87299990654	163.601928	970	0	0.025991	0.012951
1929.8670001029968	204.852896	794	0	0.043996	0.012951
1931.8689999580383	204.852896	810	0	0.027	0.012951
1933.8689999580383	159.488688	822	0	0.020762	0.012951
1935.8680000305176	143.567192	960	0	0.019761	0.012951
1937.8779997825623	21.188768	1065	0	0.021145	0.012951
1939.87299990654	275.33068	1254	0	0.023369	0.012951
1941.6640000343323	21.535232	1255	0	0.021611	0.012951
1943.8739998340607	129.464608	1274	0	0.035062	0.012951
1945.8619997501373	89.301872	1450	0	0.039623	0.012951
1947.875	18.78232	642	0	0.022091	0.012951
1949.8689999580383	110.756432	586	0	0.023202	0.012951
1951.8739998340607	177.30612	678	0	0.020626	0.012951
1953.8670001029968	181.610632	702	0	0.020831	0.012951
1955.8619997501373	184.101312	702	0	0.021175	0.012951
1957.8689999580383	163.607664	662	0	0.01949	0.012951
1959.87299990654	174.851512	886	0	0.034449	0.012951
1961.8719999790192	170.80552	882	0	0.021514	0.012951
1963.875	168.44488	882	0	0.022691	0.012951
1965.8599998950958	171.307192	730	0	0.019196	0.012951
1967.8689999580383	123.69756	730	0	0.032991	0.012951
1969.8689999580383	157.289536	728	0	0.0249	0.012951
1971.875	184.39836	714	0	0.045051	0.012951
1973.8680000305176	161.48464	690	0	0.026906	0.012951
1975.8680000305176	176.813152	738	0	0.042166	0.012951
1977.869999885559	136.22236	750	0	0.02515	0.012951
1979.8719999790192	165.903456	982	0	0.0226	0.012951
1981.87299990654	206.720416	1118	0	0.019882	0.012951
1983.858999967575	206.720416	1328	0	0.037978	0.012951
1985.875	226.852728	1240	0	0.019538	0.012951
1987.875	202.778264	935	0	0.029029	0.012951
1989.8609998226166	16.580616	936	0	0.022822	0.012951
1991.8689999580383	161.240368	950	0	0.033397	0.012951
1993.8739998340607	138.989688	937	0	0.017643	0.012951
1995.87299990654	255.39104	1106	0	0.022634	0.012951
1997.8689999580383	4.14664	1088	0	0.024405	0.012951
1999.8739998340607	200.918176	1106	0	0.022741	0.012951
2001.8779997825623	221.259936	940	0	0.023035	0.012951
2003.8799998760223	164.791624	878	0	0.031921	0.012951
2005.8709998130798	22.749176	820	0	0.021237	0.012951
2007.8689999580383	231.715424	1046	0	0.038469	0.012951
2009.8599998950958	19.232864	1103	0	0.022483	0.012951
2011.87299990654	262.448104	1282	0	0.020052	0.012951
2013.8619997501373	18.941688	1274	0	0.024499	0.012951
2015.87299990654	221.229056	858	0	0.020206	0.012951
2017.875	217.957248	862	0	0.020821	0.012951
2019.8689999580383	28.10064	682	0	0.023055	0.012951
2021.8609998226166	214.585488	1018	0	0.024778	0.012951
2023.87299990654	246.47836	920	0	0.018445	0.012951
2025.8689999580383	164.406272	872	0	0.029375	0.012951
2027.869999885559	164.406272	872	0	0.020744	0.012951
2029.8599998950958	28.67488	878	0	0.018419	0.012951
2031.8670001029968	177.169912	896	0	0.031485	0.012951
2033.87299990654	18.374176	896	0	0.024304	0.012951
2035.8739998340607	196.661256	784	0	0.025244	0.012951
2037.858999967575	21.150088	622	0	0.024658	0.012951
2039.8680000305176	139.09412	516	0	0.026724	0.012951
2041.8739998340607	124.056024	536	0	0.023136	0.012951
2043.8719999790192	21.499072	660	0	0.020105	0.012951
2045.87299990654	155.04196	716	0	0.021024	0.012951
2047.87299990654	162.136336	632	0	0.020297	0.012951
2049.87299990654	117.238216	632	0	0.029181	0.012951
2051.869999885559	163.348048	632	0	0.0203	0.012951
2053.8769998550415	11.241464	736	0	0.018996	0.012951
2055.869999885559	190.3976	914	0	0.024142	0.012951
2057.8619997501373	16.773136	994	0	0.025664	0.012951
2059.8680000305176	107.592336	1225	0	0.078724	0.012951
2061.8609998226166	150.015504	1106	0	0.023131	0.012951
2063.8680000305176	164.020192	1006	0	0.040849	0.012951
2065.8779997825623	208.723864	1134	0	0.025673	0.012951
2067.8739998340607	199.573216	980	0	0.032565	0.012951
2069.878999710083	199.573216	980	0	0.034474	0.012951
2071.8739998340607	29.002152	860	0	0.02258	0.012951
2073.8739998340607	158.38692	540	0	0.030747	0.012951
2075.87299990654	154.485896	652	0	0.018947	0.012951
2077.87299990654	185.086952	672	0	0.019691	0.012951
2079.880999803543	68.3624	832	0	0.062573	0.012951
2081.871999979019	19.33816	912	0	0.027879	0.012951
2083.87299990654	208.891232	1086	0	0.024708	0.012951
2085.8609998226166	20.1	1086	0	0.022827	0.012951
2087.8689999580383	185.771952	836	0	0.02079	0.012951
2089.8739998340607	162.855296	836	0	0.028955	0.012951
2091.8759999275208	19.965368	926	0	0.019934	0.012951
2093.87299990654	239.385536	942	0	0.025354	0.012951
2095.880999803543	22.688448	906	0	0.019395	0.012951
2097.875	240.362968	906	0	0.020771	0.012951
2099.875	204.67176	906	0	0.024045	0.012951
2101.8739998340607	30.353496	1407	0	0.030171	0.012951
2103.862999677658	137.267536	1410	0	0.060734	0.012951
2105.8759999275208	14.493584	118	0	0.026166	0.012951
2107.878999710083	44.120384	164	0	0.024323	0.012568
2109.862999677658	67.928632	224	0	0.018292	0.012568
2111.869999885559	85.028184	348	0	0.017294	0.012568
2113.8689999580383	117.363536	426	0	0.016657	0.012568
2115.869999885559	20.87036	520	0	0.023866	0.012568
2117.875	138.800832	4	0	0.014997	0.012568
2119.8739998340607	18.62136	868	0	0.018872	0.012568
2121.875	197.298264	1302	0	0.024869	0.012568
2123.875	285.050104	1522	0	0.044343	0.012568
2125.8739998340607	29.036128	1624	0	0.03231	0.012568
2127.8680000305176	242.39816	1648	0	0.040176	0.012568
2129.8799998760223	20.702904	1464	0	0.024214	0.012568
2131.8759999275208	341.138768	1794	0	0.025662	0.012568
2133.8619997501373	147.06972	1770	0	0.022964	0.012568
2135.8609998226166	94.734624	1746	0	0.095755	0.012568
2137.8609998226166	169.370104	1272	0	0.052589	0.012568
2139.8759999275208	169.370104	1272	0	0.023501	0.012568
2141.8689999580383	239.79696	1272	0	0.048651	0.012568
2143.8739998340607	221.145096	1272	0	0.022339	0.012568
2145.8689999580383	212.747496	1318	0	0.02657	0.012568
2148.125999689102	134.71156	1300	0	0.047812	0.012568
2149.8680000305176	134.71156	1332	0	0.026342	0.012568
2151.875	136.044952	1349	0	0.022264	0.012568
2154.12099981308	19.063336	1280	0	0.020251	0.012568
2156.1189997196198	95.155936	1282	0	0.060232	0.012568
2158.12099981308	267.671216	1040	0	0.019415	0.012568
2160.12299990654	276.359728	1172	0	0.020259	0.012568
2162.1189997196198	276.359728	1190	0	0.025104	0.012568
2164.117999792099	212.0476	1190	0	0.024231	0.012568
2166.128000020981	172.947	942	0	0.029352	0.012568
2168.1249997615814	9.032032	718	0	0.023041	0.012568
2170.1219997406006	190.95312	656	0	0.023682	0.012568
2172.1249997615814	171.223296	742	0	0.033083	0.012568
2174.109999895096	165.888968	816	0	0.021411	0.012568
2176.1169998645782	165.888968	816	0	0.02045	0.012568
2178.1139998435974	17.35884	814	0	0.022749	0.012568
2180.1109998226166	1.302544	500	0	0.023747	0.012568
2182.1239998340607	167.186072	700	0	0.018227	0.012568
2184.119999885559	176.413248	712	0	0.029771	0.012568
2186.12299990654	205.9872	769	0	0.022009	0.012568
2188.1169998645782	19.126264	786	0	0.021454	0.012568
2190.117999792099	51.909752	802	0	0.025563	0.012568
2192.12099981308	190.644288	838	0	0.027659	0.012568
2194.12099981308	205.961248	950	0	0.031644	0.012568
2196.1319999694824	199.072792	938	0	0.030274	0.012568
2198.128000020981	225.146832	1134	0	0.018424	0.012568
2200.1239998340607	213.062024	1134	0	0.048873	0.012568
2202.128000020981	16.592488	1094	0	0.020948	0.012568
2204.1189997196198	164.046264	1076	0	0.030911	0.012568
2206.12299990654	241.69052	948	0	0.020714	0.012568
2208.12099981308	152.695024	962	0	0.030596	0.012568
