0.0	41.420984	446	0	0.034655	0.021662
0.09200000762939453	50.048432	446	0	0.037241	0.021662
0.1399998664855957	50.048432	446	10	0.036416	0.021662
0.21699976921081543	92.25272	401	0	0.033512	0.021662
0.2889997959136963	86.21844	424	16	0.041434	0.021662
0.3710000514984131	93.685608	436	0	0.033128	0.021662
0.6100001335144043	105.448832	488	0	0.042629	0.021662
1.1399998664855957	110.166896	548	0	0.049811	0.021662
1.312000036239624	111.257824	548	0	0.047406	0.021662
3.3320000171661377	1.507496	556	0	0.042892	0.021662
5.327999830245972	66.722344	548	0	0.040301	0.021662
7.334000110626221	107.559392	540	0	0.037989	0.021662
9.342999935150146	107.559392	540	0	0.039503	0.021662
11.333000183105469	123.57568	536	0	0.044161	0.021662
13.339999914169312	88.68508	692	0	0.043631	0.021662
15.335999965667725	116.748992	692	0	0.042358	0.021662
17.332000017166138	116.631904	622	0	0.041788	0.021662
19.331000089645386	92.452648	622	0	0.052231	0.021662
21.33400011062622	49.747232	576	0	0.037848	0.021662
23.33899998664856	130.064304	638	0	0.039219	0.021662
25.341000080108643	105.109	620	0	0.049166	0.021662
27.330000162124634	105.109	620	0	0.049593	0.021662
29.355000019073486	87.714184	620	0	0.055361	0.021662
31.33300018310547	75.937696	578	0	0.040427	0.021662
33.33300018310547	80.40208	554	0	0.039718	0.021662
35.33200001716614	92.000136	524	0	0.033907	0.021662
37.34299993515015	3.25912	594	0	0.047175	0.021662
39.33200001716614	104.672352	584	0	0.051609	0.021662
41.33300018310547	88.157992	608	0	0.060517	0.021662
43.33800005912781	74.771912	592	0	0.049744	0.021662
45.331000089645386	93.675008	646	0	0.043687	0.021662
47.3289999961853	1.028816	656	0	0.052045	0.021662
49.33400011062622	111.704496	646	0	0.045636	0.021662
51.33999991416931	99.997104	650	0	0.047547	0.021662
53.331000089645386	116.6848	640	0	0.051828	0.021662
55.33400011062622	108.95552	640	0	0.059053	0.021662
57.33500003814697	105.81368	610	0	0.044642	0.021662
59.33400011062622	87.380864	546	0	0.047285	0.021662
61.32799983024597	17.260272	544	0	0.046893	0.021662
63.330000162124634	73.161048	528	0	0.067658	0.021662
65.33200001716614	110.423384	528	0	0.04659	0.021662
67.33300018310547	109.787936	508	0	0.049091	0.021662
69.33400011062622	86.87728	498	0	0.042099	0.021662
71.33200001716614	58.430128	508	0	0.036357	0.021662
73.32699990272522	77.40284	1144	0	0.077349	0.021662
75.33100008964539	77.40284	786	0	0.054503	0.021662
77.33100008964539	77.40284	792	0	0.059707	0.021662
79.33500003814697	80.299688	786	0	0.07367	0.021662
81.34599995613098	96.59048	582	0	0.033542	0.021662
83.33100008964539	116.17108	604	0	0.041655	0.021662
85.33400011062622	121.19492	604	0	0.039262	0.021662
87.33000016212463	123.524	624	0	0.037614	0.021662
89.3289999961853	124.889696	614	0	0.038849	0.021662
91.33599996566772	98.80164	598	0	0.037044	0.021662
93.33300018310547	104.83628	638	0	0.041101	0.021662
95.33599996566772	5.126416	666	0	0.041469	0.021662
97.33100008964539	135.123808	658	0	0.049517	0.021662
99.33100008964539	135.123808	654	0	0.039672	0.021662
101.3289999961853	144.645992	670	0	0.050141	0.021662
103.58100008964539	34.912592	670	0	0.041861	0.021662
105.5849997997284	107.727248	670	0	0.056932	0.021662
107.57999992370605	129.555496	670	0	0.053831	0.021662
109.5789999961853	128.88832	678	0	0.066623	0.021662
111.5789999961853	108.09748	710	0	0.047607	0.021662
113.37199997901917	108.09748	630	0	0.037151	0.021662
115.5849997997284	114.642712	650	0	0.043863	0.021662
117.58599996566772	141.033504	662	0	0.046341	0.021662
119.58100008964539	119.404096	656	0	0.039338	0.021662
121.5789999961853	124.42764	664	0	0.056391	0.021662
123.58399987220764	124.42764	664	0	0.036597	0.021662
125.57999992370605	124.42764	674	0	0.043476	0.021662
127.58900022506714	122.772552	664	0	0.035453	0.021662
129.58900022506714	122.287176	662	0	0.037941	0.021662
131.5829999446869	132.693936	910	0	0.042596	0.021662
133.5789999961853	3.807288	726	0	0.047147	0.021662
135.5829999446869	156.128784	737	0	0.050911	0.021662
137.3989999294281	140.181536	724	0	0.040581	0.021662
139.57699990272522	77.24036	720	0	0.035875	0.021662
141.58599996566772	111.271136	720	0	0.039677	0.021662
143.5849997997284	92.456264	680	0	0.039995	0.021662
145.58100008964539	124.372464	696	0	0.046514	0.021662
147.57699990272522	5.122072	718	0	0.046152	0.021662
149.5829999446869	47.276192	706	0	0.042471	0.021662
151.58399987220764	122.125888	694	0	0.050029	0.021662
153.57999992370605	130.25804	694	0	0.042005	0.021662
155.57500004768372	130.25804	706	0	0.041485	0.021662
157.58200001716614	130.25804	704	0	0.038037	0.021662
159.58100008964539	114.813184	505	0	0.054654	0.021662
161.39299988746643	123.737832	552	0	0.036424	0.021662
163.58399987220764	108.150256	562	0	0.038087	0.021662
165.58399987220764	154.79732	684	0	0.044729	0.021662
167.5789999961853	128.995536	549	0	0.060867	0.021662
169.58200001716614	113.568624	582	0	0.048127	0.021662
171.57699990272522	105.775472	604	0	0.044137	0.021662
173.57800006866455	116.86376	604	0	0.036194	0.021662
175.58100008964539	122.479096	554	0	0.043279	0.021662
177.58399987220764	134.886672	690	0	0.040185	0.021662
179.5829999446869	113.92132	894	0	0.077118	0.021662
181.58200001716614	4.025712	700	0	0.054606	0.021662
183.5849997997284	126.791656	700	0	0.042668	0.021662
185.57800006866455	13.32364	592	0	0.046818	0.021662
187.58900022506714	85.06228	584	0	0.038342	0.021662
189.57400012016296	134.047088	586	0	0.042597	0.021662
191.58699989318848	23.234728	586	0	0.152789	0.021662
193.5880000591278	95.759568	668	0	0.039836	0.021662
195.57800006866455	91.351384	668	0	0.043469	0.021662
197.5789999961853	131.859096	692	0	0.043517	0.021662
199.58699989318848	124.034352	676	0	0.046019	0.021662
201.58200001716614	113.381648	666	0	0.045673	0.021662
204.0809998512268	37.497872	693	0	0.039245	0.023413
206.08599996566772	5.080696	622	0	0.046966	0.023352
208.07999992370605	128.264608	630	0	0.042179	0.023352
210.0770001411438	83.876688	670	0	0.040293	0.023352
212.07800006866455	118.233944	670	0	0.043378	0.023352
214.07599997520447	114.36776	670	0	0.055332	0.023352
216.07800006866455	133.056728	678	0	0.036116	0.023352
218.0809998512268	97.123472	918	0	0.101567	0.023352
220.0770001411438	131.09276	754	0	0.041685	0.023352
222.0789999961853	85.48228	742	0	0.067587	0.023352
224.07400012016296	128.406424	742	0	0.04749	0.023352
226.08500003814697	80.719888	686	0	0.049771	0.023352
228.08399987220764	48.345072	698	0	0.042847	0.023352
230.08500003814697	4.77428	716	0	0.045093	0.023352
232.07999992370605	121.352648	716	0	0.059788	0.023352
234.01199984550476	121.352648	720	0	0.088731	0.023352
236.07299995422363	121.352648	726	0	0.100044	0.023352
238.07500004768372	121.352648	722	0	0.036508	0.023352
240.07599997520447	121.352648	712	0	0.03822	0.023352
242.07200002670288	121.352648	712	0	0.044174	0.023352
244.07999992370605	121.352648	712	0	0.044222	0.023352
246.07400012016296	121.352648	712	0	0.039032	0.023352
248.08599996566772	121.352648	712	0	0.046693	0.023352
250.07299995422363	121.352648	712	0	0.044104	0.023352
252.07200002670288	121.352648	686	0	0.044031	0.023352
254.07800006866455	121.352648	686	0	0.034498	0.023352
256.0750000476837	121.352648	686	0	0.040724	0.023352
258.07400012016296	121.352648	682	0	0.033812	0.023352
260.0750000476837	121.352648	682	0	0.038234	0.023352
262.07400012016296	121.352648	682	0	0.048306	0.023352
264.0770001411438	121.352648	666	0	0.034611	0.02308
266.08399987220764	101.806552	432	0	0.060864	0.02308
268.0770001411438	91.604352	464	0	0.035113	0.02308
270.08200001716614	112.479256	478	0	0.035685	0.02308
272.0869998931885	115.784168	508	0	0.039455	0.02308
274.08200001716614	115.784168	552	0	0.047551	0.02308
276.07100009918213	113.791744	546	0	0.042302	0.02308
278.07599997520447	115.55884	552	0	0.03494	0.02308
280.0700001716614	81.305968	558	0	0.048211	0.02308
282.07299995422363	13.602768	544	0	0.040287	0.02308
284.0770001411438	93.546392	538	0	0.042239	0.02308
286.2519998550415	93.546392	538	0	0.037042	0.02308
288.07599997520447	93.546392	538	0	0.035188	0.02308
290.0789999961853	111.27304	494	0	0.038358	0.02308
292.0770001411438	114.382592	530	0	0.036049	0.02308
294.07299995422363	118.871328	636	0	0.039008	0.02308
296.07100009918213	121.183592	670	0	0.041972	0.02308
298.0750000476837	130.771248	590	0	0.034677	0.02308
300.0770001411438	111.15776	590	0	0.044083	0.02308
302.07599997520447	119.294	610	0	0.03878	0.02308
304.07299995422363	85.129256	610	0	0.03731	0.02308
306.07400012016296	85.129256	596	0	0.038843	0.02308
308.085000038147	111.5192	594	0	0.042518	0.02308
310.07400012016296	109.602432	600	0	0.038991	0.02308
312.0770001411438	14.41052	608	0	0.031746	0.02308
314.0720000267029	116.090232	600	0	0.039571	0.02308
316.07400012016296	105.865856	544	0	0.045308	0.02308
318.0789999961853	118.489592	642	0	0.046851	0.02308
320.0770001411438	94.64604	662	0	0.035862	0.02308
322.07400012016296	82.325712	662	0	0.04409	0.02308
324.0770001411438	131.074656	634	0	0.045892	0.02308
326.07999992370605	4.811624	662	0	0.04344	0.02308
328.09100008010864	104.09912	724	0	0.05932	0.02308
330.0900001525879	5.097656	758	0	0.047213	0.02308
332.0750000476837	128.115016	770	0	0.060644	0.02308
334.07800006866455	134.83808	758	0	0.051049	0.02308
336.0770001411438	134.83808	748	0	0.040985	0.02308
338.3239998817444	145.134184	724	0	0.042033	0.02308
340.3269999027252	136.611712	712	0	0.046054	0.02308
342.3269999027252	146.008656	724	0	0.046386	0.02308
344.13300013542175	130.27692	712	0	0.037025	0.02308
346.327999830246	130.205632	652	0	0.044666	0.02308
348.3310000896454	153.355416	806	0	0.041407	0.02308
350.32599997520447	137.457712	802	0	0.046102	0.02308
352.327999830246	129.21516	698	0	0.051618	0.02308
354.3269999027252	3.78768	698	0	0.049513	0.02308
356.327999830246	155.813216	712	0	0.047131	0.02308
358.33300018310547	113.465144	712	0	0.062058	0.02308
360.3239998817444	147.054424	740	0	0.039595	0.02308
362.3239998817444	129.369936	730	0	0.041635	0.02308
364.32299995422363	167.74224	752	0	0.039127	0.02308
366.32299995422363	114.227376	916	0	0.056614	0.02308
368.1399998664856	154.057144	870	0	0.04693	0.02308
370.3220000267029	120.916968	826	0	0.071472	0.02308
372.32099986076355	43.024632	740	0	0.045836	0.02308
374.3220000267029	133.11204	742	0	0.046173	0.02308
376.327999830246	130.566064	712	0	0.051552	0.02308
378.31900000572205	142.143144	720	0	0.040159	0.02308
380.32299995422363	115.926088	712	0	0.0566	0.02308
382.3199999332428	153.39052	772	0	0.045256	0.02308
384.3239998817444	13.50188	728	0	0.041642	0.02308
386.32099986076355	127.14124	720	0	0.061699	0.02308
388.3220000267029	129.572528	728	0	0.043621	0.02308
390.3250000476837	153.331968	720	0	0.045869	0.02308
392.1490001678467	119.763784	608	0	0.043207	0.02308
394.3220000267029	101.305632	560	0	0.044896	0.02308
396.31900000572205	117.888712	586	0	0.036696	0.02308
398.3220000267029	118.170768	596	0	0.036147	0.02308
400.3289999961853	97.992696	586	0	0.033662	0.02308
402.3269999027252	109.578704	620	0	0.036751	0.02308
404.3199999332428	104.979856	644	0	0.048635	0.02308
406.32099986076355	129.399616	652	0	0.041226	0.02308
408.3220000267029	14.611168	644	0	0.041173	0.02308
410.32599997520447	139.495456	706	0	0.038425	0.02308
412.31900000572205	139.495456	680	0	0.053122	0.02308
414.32299995422363	113.150904	660	0	0.061392	0.02308
416.3180000782013	122.384056	634	0	0.034348	0.02308
418.3239998817444	124.805376	566	0	0.038202	0.02308
420.32299995422363	123.288176	578	0	0.044719	0.02308
422.3220000267029	113.707632	572	0	0.037846	0.02308
424.3180000782013	113.788592	578	0	0.049811	0.02308
426.32099986076355	116.296168	586	0	0.037872	0.02308
428.3250000476837	91.438432	606	0	0.04342	0.02308
430.31900000572205	99.326384	654	0	0.043928	0.02308
432.32599997520447	87.886688	678	0	0.038847	0.02308
434.3220000267029	124.116112	698	0	0.043996	0.02308
436.3220000267029	4.726872	700	0	0.047415	0.02308
438.3220000267029	103.412448	700	0	0.04613	0.02308
440.32099986076355	116.148936	704	0	0.043242	0.02308
442.31700015068054	73.727016	656	0	0.046372	0.02308
444.32099986076355	110.250808	666	0	0.039153	0.02308
446.3239998817444	152.185464	698	0	0.038344	0.02308
448.32599997520447	121.587336	698	0	0.062886	0.02308
450.3269999027252	128.861264	668	0	0.039001	0.02308
452.3220000267029	133.02332	676	0	0.046446	0.02308
454.32599997520447	102.067304	620	0	0.049449	0.02308
456.32599997520447	66.793216	660	0	0.034096	0.02308
458.31900000572205	120.766504	648	0	0.046179	0.02308
460.3220000267029	3.817304	642	0	0.045373	0.02308
462.32599997520447	143.91608	626	0	0.042191	0.02308
464.32099986076355	4.94004	632	0	0.040456	0.02308
466.32299995422363	118.669416	626	0	0.044854	0.02308
468.3310000896454	117.110168	634	0	0.055339	0.02308
470.32099986076355	3.295584	650	0	0.044715	0.02308
472.3269999027252	122.281904	650	0	0.050884	0.02308
474.31900000572205	134.561992	654	0	0.040542	0.02308
476.3159999847412	134.561992	724	0	0.035523	0.02308
478.3220000267029	134.561992	724	0	0.047493	0.02308
480.3180000782013	134.561992	702	0	0.039214	0.02308
482.32299995422363	113.214904	516	0	0.059037	0.02308
484.32099986076355	109.803784	522	0	0.036573	0.02308
486.32299995422363	117.0298	566	0	0.037089	0.02308
488.33200001716614	107.633848	542	0	0.040976	0.021588
490.3220000267029	121.172216	532	0	0.038307	0.021588
492.3269999027252	4.629368	532	0	0.033565	0.021588
494.32099986076355	83.346688	548	0	0.036027	0.021588
496.31900000572205	89.622928	538	0	0.04775	0.021588
498.3239998817444	116.61644	524	0	0.035007	0.021588
500.327999830246	125.799632	620	0	0.048319	0.021588
502.3250000476837	106.974688	646	0	0.046789	0.021588
504.31900000572205	124.279832	623	0	0.046526	0.021588
506.31500005722046	123.449168	622	0	0.03762	0.021588
508.3199999332428	123.449168	604	0	0.038926	0.021588
510.3199999332428	123.449168	612	0	0.04366	0.021588
512.3159999847412	123.449168	604	0	0.035998	0.021588
514.3259999752045	123.449168	604	0	0.039921	0.021588
516.319000005722	116.819984	454	0	0.03775	0.021588
518.3159999847412	116.819984	580	0	0.032125	0.021588
520.3140001296997	116.819984	580	0	0.090619	0.021588
522.3239998817444	100.922856	552	0	0.035695	0.021588
524.3159999847412	81.580368	536	0	0.055887	0.021588
526.3150000572205	113.93564	472	0	0.037182	0.021588
528.3170001506805	102.219888	518	0	0.038724	0.021588
530.3229999542236	102.219888	508	0	0.039218	0.021588
532.3180000782013	103.032968	508	0	0.056175	0.021588
534.3369998931885	113.22216	500	0	0.035976	0.021588
536.3170001506805	107.859064	536	0	0.031577	0.021588
538.3220000267029	115.379704	534	0	0.034065	0.021588
540.3170001506805	108.53072	560	0	0.038903	0.021588
542.3150000572205	117.973168	536	0	0.033823	0.021588
544.3250000476837	118.9866	536	0	0.03652	0.021588
546.3170001506805	126.598208	568	0	0.045656	0.021588
548.3229999542236	115.530536	562	0	0.040119	0.021588
550.3129999637604	87.14424	562	0	0.042714	0.021588
552.3199999332428	109.295696	576	0	0.034926	0.021588
554.3180000782013	133.273824	865	0	0.048858	0.021588
556.3159999847412	98.7598	602	0	0.038166	0.021588
558.319000005722	110.483824	592	0	0.039864	0.021588
560.3150000572205	133.370336	592	0	0.037005	0.021588
562.3170001506805	112.12036	596	0	0.045076	0.021588
564.3199999332428	124.582752	586	0	0.03808	0.021588
566.3250000476837	117.438464	586	0	0.032828	0.021588
568.3180000782013	113.061488	602	0	0.053137	0.021588
570.3150000572205	130.783688	554	0	0.042087	0.021588
572.3140001296997	51.351304	554	0	0.039426	0.021588
574.3170001506805	105.421072	562	0	0.039632	0.021588
576.3250000476837	133.404384	594	0	0.037621	0.021588
578.3150000572205	14.57684	594	0	0.039552	0.021588
580.3180000782013	71.626296	642	0	0.036109	0.021588
582.3140001296997	105.770936	642	0	0.040227	0.021588
584.3150000572205	105.770936	642	0	0.040196	0.021588
586.574000120163	93.45276	504	0	0.035881	0.021588
588.5679998397827	89.996176	504	0	0.047978	0.021588
590.566999912262	111.18508	510	0	0.039933	0.021588
592.5659999847412	104.549864	504	0	0.033104	0.021588
594.5659999847412	80.452904	510	0	0.03335	0.021588
596.5629999637604	89.94044	504	0	0.045245	0.021588
598.5659999847412	89.94044	504	0	0.040193	0.021588
600.5759999752045	89.94044	510	0	0.038493	0.021588
602.5689997673035	93.054272	536	0	0.045139	0.021588
604.5639998912811	93.054272	536	0	0.036903	0.021588
606.5609998703003	93.054272	536	0	0.045941	0.021588
608.5700001716614	93.054272	536	0	0.045604	0.021588
610.5609998703003	108.207208	461	0	0.043084	0.021588
612.5629999637604	88.402352	490	0	0.030756	0.021588
614.5639998912811	96.467088	490	0	0.041566	0.021588
616.5679998397827	93.448496	472	0	0.0539	0.021588
618.5659999847412	80.1696	472	0	0.037118	0.021588
620.5689997673035	78.732048	472	0	0.041236	0.021588
622.5629999637604	78.732048	478	0	0.039984	0.021588
624.5629999637604	78.732048	510	0	0.033197	0.021588
626.5609998703003	110.762952	526	0	0.035061	0.021588
628.5599999427795	80.297288	526	0	0.034055	0.021588
630.5650000572205	113.377176	550	0	0.035713	0.021588
632.566999912262	77.108152	534	0	0.048443	0.021588
634.5639998912811	96.555008	640	0	0.039104	0.021588
636.5629999637604	126.274232	650	0	0.049899	0.021588
638.5629999637604	110.65728	650	0	0.03892	0.021588
640.5650000572205	141.327832	640	0	0.046339	0.021588
642.5639998912811	141.327832	664	0	0.040793	0.021588
644.574000120163	37.770152	552	0	0.037934	0.021588
646.5639998912811	110.9222	544	0	0.048222	0.021588
648.5659999847412	106.946056	544	0	0.042379	0.021588
650.5700001716614	113.776592	560	0	0.042717	0.021588
652.5659999847412	107.677	552	0	0.038659	0.021588
654.5730001926422	108.903176	572	0	0.040705	0.021588
656.5639998912811	130.743008	608	0	0.035935	0.021588
658.5710000991821	101.570008	598	0	0.033334	0.021588
660.5659999847412	119.523328	626	0	0.038165	0.021588
662.5650000572205	109.712304	616	0	0.034068	0.021588
664.5730001926422	113.401016	600	0	0.045068	0.021588
666.5629999637604	4.85532	658	0	0.039322	0.021588
668.5650000572205	135.189792	732	0	0.048266	0.021588
670.5599999427795	135.189792	654	0	0.038637	0.021588
672.5689997673035	135.189792	661	0	0.033978	0.021588
674.5650000572205	131.184088	654	0	0.034998	0.021588
676.5629999637604	18.771944	650	0	0.043388	0.021588
678.5599999427795	140.92528	650	0	0.042232	0.021588
680.5629999637604	71.037904	658	0	0.045103	0.021588
682.5609998703003	71.037904	658	0	0.046589	0.021588
684.5750000476837	107.1964	658	0	0.045354	0.021588
686.5689997673035	77.484944	530	0	0.039125	0.021588
688.5620000362396	102.44876	774	0	0.051563	0.021588
690.5629999637604	86.180024	536	0	0.042759	0.021588
692.5629999637604	70.961136	494	0	0.031851	0.021588
694.5629999637604	112.320616	516	0	0.03897	0.021588
696.5609998703003	76.403616	522	0	0.052911	0.021588
698.5650000572205	105.273144	516	0	0.036959	0.021588
700.5710000991821	103.45664	556	0	0.035314	0.021588
702.5629999637604	103.45664	614	0	0.038007	0.021588
704.5629999637604	93.713832	580	0	0.034746	0.021588
706.5639998912811	69.055136	594	0	0.038155	0.021588
708.5639998912811	21.695616	594	0	0.038429	0.021588
710.5629999637604	15.36756	588	0	0.031623	0.021588
712.6959998607635	70.043432	588	0	0.034689	0.021588
714.5650000572205	98.5498	554	0	0.037776	0.021588
716.5599999427795	56.468808	548	0	0.032708	0.021588
718.5659999847412	56.468808	548	0	0.033479	0.021588
720.5599999427795	56.468808	548	0	0.037378	0.021588
722.5650000572205	117.882904	716	0	0.037249	0.021588
724.5650000572205	136.674056	744	0	0.041236	0.021588
726.5639998912811	114.190384	744	0	0.047347	0.021588
728.566999912262	4.527208	604	0	0.045177	0.021588
730.5639998912811	100.516768	604	0	0.050234	0.021588
732.558000087738	100.21692	598	0	0.047973	0.021588
734.5639998912811	71.994872	602	0	0.037799	0.021588
736.5639998912811	109.017928	550	0	0.042927	0.021588
738.5639998912811	112.431824	580	0	0.039726	0.021588
740.5659999847412	120.488064	634	0	0.035888	0.021588
742.5650000572205	136.070968	640	0	0.035445	0.021588
744.558000087738	12.010688	654	0	0.038742	0.021588
746.5609998703003	104.881744	614	0	0.030224	0.021588
748.5570001602173	4.375448	614	0	0.046069	0.021588
750.5570001602173	68.110824	614	0	0.041301	0.021588
752.5570001602173	88.634216	622	0	0.038257	0.021588
754.5609998703003	88.634216	622	0	0.039279	0.021588
756.555999994278	96.943576	624	0	0.038515	0.021588
758.5590000152588	96.943576	622	0	0.033249	0.021588
760.558000087738	96.943576	622	0	0.037273	0.021588
762.5599999427795	96.943576	622	0	0.0351	0.021588
764.5629999637604	129.164136	558	0	0.042982	0.021588
766.5609998703003	113.557712	558	0	0.042897	0.021588
768.5629999637604	130.273424	572	0	0.045333	0.021588
770.5590000152588	130.273424	644	0	0.040776	0.021588
772.5599999427795	130.273424	644	0	0.044337	0.021588
774.5609998703003	130.273424	644	0	0.039986	0.021588
776.5599999427795	130.273424	570	0	0.035044	0.021588
778.5609998703003	130.273424	570	0	0.037397	0.021588
780.5570001602173	119.511528	552	0	0.03423	0.021588
782.5639998912811	73.187968	558	0	0.038725	0.021588
784.555999994278	110.901896	552	0	0.047695	0.021588
786.5570001602173	118.68704	558	0	0.04069	0.021588
788.5609998703003	98.238864	782	0	0.044036	0.021588
790.5609998703003	130.706824	624	0	0.039912	0.022913
792.6100001335144	135.439312	638	0	0.044774	0.022913
794.558000087738	19.800256	628	0	0.292792	0.022913
796.5590000152588	14.546672	632	0	0.08341	0.022913
798.5599999427795	37.575216	632	0	0.053687	0.022913
800.5629999637604	111.672304	600	0	0.039808	0.022913
802.5609998703003	124.447416	630	0	0.041719	0.022913
804.5590000152588	131.074792	630	0	0.042698	0.022913
806.5629999637604	131.074792	1008	0	0.05136	0.022913
808.555999994278	144.864944	704	0	0.040402	0.022913
810.5590000152588	144.864944	684	0	0.040698	0.022913
812.5689997673035	144.864944	644	0	0.038372	0.022913
814.5620000362396	144.864944	644	0	0.034391	0.022913
816.5590000152588	121.860872	556	0	0.047142	0.022913
818.5599999427795	115.553104	572	0	0.036355	0.022913
820.558000087738	128.229688	616	0	0.044852	0.022913
822.5570001602173	109.978632	4	0	0.039363	0.022913
824.5609998703003	109.978632	672	0	0.038847	0.022913
826.5599999427795	150.45444	712	0	0.036999	0.022913
828.5609998703003	150.45444	742	0	0.040433	0.022913
830.5599999427795	131.62724	702	0	0.03904	0.022913
832.5599999427795	114.880384	704	0	0.043088	0.022913
834.5540001392365	151.577688	720	0	0.041918	0.022913
836.8100001811981	151.577688	716	0	0.046136	0.022913
838.6290001869202	136.88796	690	0	0.045031	0.022913
840.8039999008179	92.500336	690	0	0.074066	0.022913
842.8100001811981	109.765496	624	0	0.057487	0.022913
844.8100001811981	109.765496	624	0	0.03445	0.022913
846.8089997768402	109.765496	616	0	0.042652	0.022913
848.8069999217987	110.095496	616	0	0.035392	0.022913
850.8120000362396	128.1644	796	0	0.041693	0.022913
852.8100001811981	80.344088	598	0	0.036834	0.022913
854.8100001811981	116.992	624	0	0.040682	0.022913
856.813000202179	122.926336	616	0	0.042202	0.022913
858.8079998493195	133.97296	616	0	0.033999	0.022913
860.8089997768402	133.97296	616	0	0.038526	0.022913
862.6199998855591	124.230736	604	0	0.040964	0.022913
864.8089997768402	109.241632	596	0	0.05325	0.022913
866.819000005722	109.241632	596	0	0.035476	0.022913
868.8089997768402	108.898976	562	0	0.042303	0.022913
870.8140001296997	104.389192	566	0	0.040287	0.023195
872.8199999332428	121.386664	622	0	0.047035	0.023195
874.8199999332428	104.53456	616	0	0.051579	0.023195
876.813000202179	97.731416	662	0	0.065812	0.023195
878.813000202179	102.653496	662	0	0.051007	0.023195
880.819000005722	127.83184	670	0	0.051945	0.023195
882.8100001811981	115.882568	638	0	0.046286	0.023195
884.8150000572205	124.4382	584	0	0.039817	0.023195
886.6210000514984	7.75316	600	0	0.040709	0.023195
888.805999994278	108.91368	606	0	0.056127	0.023195
890.8100001811981	130.990496	606	0	0.050977	0.023195
892.8120000362396	4.416872	638	0	0.049107	0.023195
894.8069999217987	100.505504	836	0	0.047968	0.023195
896.8079998493195	4.015128	742	0	0.044521	0.023195
898.8140001296997	50.585936	696	0	0.045038	0.023195
900.8100001811981	84.296656	672	0	0.052679	0.023195
902.8110001087189	101.879768	594	0	0.045752	0.023195
904.805999994278	94.5258	488	0	0.04661	0.021878
906.8079998493195	41.335824	530	0	0.040898	0.021878
908.8199999332428	107.781232	524	0	0.03951	0.021878
910.8079998493195	129.2076	540	0	0.032703	0.021878
912.8050000667572	35.291584	540	0	0.035447	0.021878
914.8020000457764	96.392216	490	0	0.044797	0.021878
916.805999994278	0.662376	500	0	0.037714	0.021878
918.8089997768402	100.586952	490	0	0.03268	0.021878
920.8039999008179	114.883664	508	0	0.033297	0.021878
922.8029999732971	94.550224	514	0	0.038463	0.021878
924.8220000267029	115.199016	508	0	0.039024	0.021878
926.8039999008179	115.199016	508	0	0.039926	0.021878
928.8159999847412	115.199016	508	0	0.048316	0.021878
930.8039999008179	90.64024	526	0	0.035	0.021878
932.805999994278	90.64024	540	0	0.034675	0.021878
934.8039999008179	90.64024	528	0	0.036569	0.021878
936.8100001811981	116.771008	524	0	0.034347	0.021878
938.805999994278	121.545992	526	0	0.037075	0.021878
940.8089997768402	120.790088	536	0	0.031119	0.021878
942.8029999732971	93.245816	546	0	0.039856	0.021878
944.8020000457764	70.54596	546	0	0.035314	0.021878
946.8029999732971	113.695384	578	0	0.043086	0.021878
948.8039999008179	127.646728	551	0	0.044493	0.021878
950.8100001811981	124.423656	599	0	0.047228	0.021878
952.8050000667572	115.780624	598	0	0.042807	0.021878
954.8020000457764	115.780624	598	0	0.037157	0.021878
956.8039999008179	115.780624	872	0	0.041788	0.021878
958.805999994278	120.435008	590	0	0.039549	0.021878
960.8089997768402	105.564832	534	0	0.041322	0.021878
962.8069999217987	118.811472	554	0	0.038956	0.021878
964.8159999847412	124.731424	584	0	0.041476	0.021878
966.8069999217987	116.653576	578	0	0.040064	0.021878
968.8039999008179	109.989488	578	0	0.036998	0.021878
970.8069999217987	125.335152	860	0	0.040912	0.021878
972.8029999732971	131.39616	830	0	0.043978	0.021878
974.7999999523163	99.688112	618	0	0.034354	0.021878
976.819000005722	99.688112	618	0	0.038831	0.021878
978.805999994278	128.333728	608	0	0.041485	0.021878
980.8050000667572	82.047016	612	0	0.041013	0.021878
982.8039999008179	83.403232	612	0	0.037296	0.021878
984.8020000457764	107.337408	796	0	0.057259	0.021878
986.813000202179	114.149216	796	0	0.074474	0.021878
988.8110001087189	115.741248	646	0	0.044337	0.021878
990.805999994278	110.60396	620	0	0.046919	0.021878
992.8050000667572	4.414632	642	0	0.042052	0.021878
994.7999999523163	108.838872	632	0	0.047252	0.021878
996.8039999008179	74.12888	598	0	0.032495	0.021878
998.7999999523163	106.601968	578	0	0.051157	0.021878
1000.8050000667572	91.588392	526	0	0.062887	0.021878
1002.8039999008179	96.147264	534	0	0.047547	0.021878
1004.8050000667572	106.953232	524	0	0.036058	0.021878
1006.8020000457764	94.189696	554	0	0.035358	0.021878
1008.8079998493195	99.727992	582	0	0.042081	0.021878
1010.8029999732971	93.571096	504	0	0.041144	0.021878
1012.813000202179	105.094272	556	0	0.042381	0.021878
1014.8050000667572	104.818528	584	0	0.046307	0.021878
1016.8050000667572	91.30204	584	0	0.035276	0.021878
1018.8029999732971	137.50672	622	0	0.050011	0.021878
1020.8079998493195	131.896672	1086	0	0.069859	0.021878
1022.7980000972748	131.896672	630	0	0.038536	0.021878
1024.8020000457764	131.896672	630	0	0.039662	0.021878
1026.8050000667572	131.896672	616	0	0.037258	0.021878
1028.8020000457764	125.484448	561	0	0.042099	0.021878
1030.8050000667572	105.936368	564	0	0.040256	0.021878
1032.8069999217987	97.208384	568	0	0.043711	0.021878
1034.7990000247955	108.543608	568	0	0.035399	0.021878
1036.8069999217987	3.73456	578	0	0.044861	0.021878
1038.8020000457764	94.927536	686	0	0.051902	0.021878
1040.8039999008179	130.766072	688	0	0.038766	0.021878
1042.800999879837	107.736096	688	0	0.05686	0.021878
1044.8020000457764	123.63536	642	0	0.046095	0.021878
1046.8050000667572	122.4878	650	0	0.05154	0.021878
1048.8089997768402	124.0076	656	0	0.046229	0.021878
1050.800999879837	131.779832	676	0	0.044426	0.021878
1052.8020000457764	114.340672	688	0	0.05718	0.021878
1054.7999999523163	127.049592	676	0	0.042252	0.021878
1056.8039999008179	126.264728	684	0	0.043959	0.021878
1058.8020000457764	126.264728	684	0	0.046144	0.021878
1060.8020000457764	126.264728	676	0	0.04192	0.021878
1062.8069999217987	79.33528	658	0	0.034237	0.021878
1064.7999999523163	4.266528	646	0	0.052005	0.021878
1066.800999879837	125.287536	636	0	0.050452	0.021878
1068.8039999008179	130.165192	616	0	0.04479	0.021878
1070.7960000038147	0.457104	624	0	0.035227	0.021878
1072.8029999732971	99.7318	616	0	0.050001	0.021878
1074.800999879837	109.87636	620	0	0.040487	0.021878
1076.7999999523163	125.772072	766	0	0.051903	0.021878
1078.800999879837	118.386112	692	0	0.042058	0.021878
1080.8050000667572	99.322608	684	0	0.054578	0.021878
1082.8029999732971	110.999384	692	0	0.063408	0.021878
1084.8100001811981	103.130944	622	0	0.031996	0.021878
1087.0479998588562	117.79412	632	0	0.047297	0.021878
1089.0460000038147	112.949592	690	0	0.038435	0.021878
1091.0510001182556	121.327432	690	0	0.042574	0.021878
1093.1369998455048	114.77096	698	0	0.049564	0.021878
1095.0599999427795	22.43004	652	0	0.036735	0.021878
1097.0530002117157	19.697296	538	0	0.05109	0.021878
1099.048999786377	76.015112	424	0	0.057976	0.021878
1101.0550000667572	86.089376	418	0	0.038691	0.021878
1103.0499999523163	42.02112	424	0	0.033392	0.021878
1105.0469999313354	85.104456	418	0	0.030111	0.021878
1107.0499999523163	94.196784	464	0	0.033201	0.021878
1109.0520000457764	93.166992	412	0	0.033324	0.021878
1111.0510001182556	81.494288	406	0	0.030444	0.021878
1113.0469999313354	100.013528	424	0	0.033328	0.021878
1115.0460000038147	100.013528	430	0	0.032701	0.021878
1117.0460000038147	100.013528	430	0	0.037153	0.021878
1119.045000076294	100.013528	430	0	0.03866	0.021878
1121.0599999427795	103.091328	508	0	0.035202	0.021878
1123.048999786377	109.419568	566	0	0.037156	0.021878
1125.055999994278	113.207776	564	0	0.034008	0.021878
1127.055999994278	89.82936	570	0	0.052014	0.021878
1129.0639998912811	114.50516	650	0	0.050295	0.021878
1131.0510001182556	77.288384	680	0	0.048926	0.021878
1133.0599999427795	104.031976	604	0	0.05527	0.021878
1135.0599999427795	112.245512	652	0	0.054936	0.021878
1137.058000087738	99.755552	596	0	0.044141	0.021878
1139.0540001392365	92.248736	632	0	0.0637	0.021878
1141.0530002117157	103.238008	556	0	0.044313	0.021878
1143.048999786377	88.740248	548	0	0.044144	0.021878
1145.058000087738	111.388784	542	0	0.052337	0.021878
1147.0530002117157	99.126104	542	0	0.035659	0.021878
1149.0499999523163	115.535208	568	0	0.05034	0.021878
1151.0540001392365	15.760544	542	0	0.045556	0.021474
1153.0540001392365	109.449888	540	0	0.047527	0.021474
1155.0499999523163	68.700512	540	0	0.052187	0.021474
1157.0499999523163	93.414488	540	0	0.0467	0.021474
1159.0460000038147	96.160384	504	0	0.049019	0.021474
1161.0550000667572	110.632768	508	0	0.037291	0.021474
1163.0479998588562	121.351608	552	0	0.039807	0.021474
1165.045000076294	98.524128	542	0	0.042335	0.021474
1167.0510001182556	68.717912	542	0	0.041453	0.021474
1169.0479998588562	112.046792	508	0	0.057134	0.021474
1171.0479998588562	118.740504	516	0	0.033938	0.021474
1173.0479998588562	99.041736	606	0	0.048477	0.021474
1175.0479998588562	135.6356	638	0	0.042398	0.021474
1177.0439999103546	119.111728	638	0	0.050798	0.021474
1179.0479998588562	118.68852	638	0	0.05035	0.021474
1181.0510001182556	5.3442	582	0	0.046882	0.021474
1183.0520000457764	94.82128	572	0	0.042702	0.021474
1185.0469999313354	4.186608	596	0	0.038922	0.021474
1187.0590000152588	98.49456	596	0	0.03867	0.021474
1189.0499999523163	103.801104	606	0	0.048876	0.021474
1191.0520000457764	108.027992	596	0	0.049459	0.021474
1193.048999786377	86.53252	850	0	0.051015	0.021474
1195.0469999313354	117.086952	660	0	0.05502	0.021474
1197.0510001182556	120.527408	556	0	0.056143	0.021474
1199.0479998588562	106.043984	540	0	0.046941	0.021474
1201.0610001087189	114.113664	584	0	0.043333	0.021474
1203.0649998188019	91.440184	594	0	0.051005	0.021474
1205.0499999523163	67.269424	512	0	0.064099	0.021474
1207.0469999313354	77.941704	444	0	0.034621	0.021307
1209.045000076294	86.72156	452	0	0.041385	0.021307
1211.0469999313354	59.65568	436	0	0.037791	0.021307
1213.048999786377	74.68492	436	0	0.058772	0.021307
1215.0469999313354	61.7248	436	0	0.040026	0.021307
1217.048999786377	35.303552	456	0	0.040223	0.021307
1219.0439999103546	87.953424	448	0	0.040821	0.021307
1221.0439999103546	91.843448	436	0	0.037316	0.021307
1223.0550000667572	107.289496	476	0	0.039751	0.021307
1225.0499999523163	96.99396	516	0	0.041705	0.021307
1227.0530002117157	86.95992	4	0	0.051904	0.021307
1229.0479998588562	57.97524	566	0	0.082337	0.021307
1231.045000076294	79.982776	570	0	0.069032	0.021307
1233.0479998588562	113.329432	638	0	0.049057	0.021307
1235.0460000038147	75.929144	590	0	0.060429	0.021307
1237.0499999523163	99.550208	580	0	0.04127	0.021307
1239.0460000038147	94.567736	580	0	0.043278	0.021307
1241.0499999523163	107.080824	614	0	0.04937	0.021307
1243.0550000667572	92.341048	614	0	0.043573	0.021307
1245.0520000457764	92.341048	780	0	0.040888	0.021307
1247.0499999523163	88.990432	686	0	0.036175	0.021307
1249.0460000038147	57.062992	616	0	0.043988	0.021307
1251.0429999828339	100.62924	652	0	0.049991	0.021307
1253.0510001182556	8.733664	642	0	0.049622	0.021307
1255.0460000038147	97.431592	642	0	0.043502	0.021307
1257.0439999103546	123.928968	668	0	0.041517	0.021307
1259.0479998588562	129.139744	658	0	0.052434	0.021307
1261.0479998588562	126.593936	658	0	0.051457	0.021307
1263.0460000038147	106.011056	956	0	0.080632	0.021307
1265.0520000457764	138.701992	616	0	0.049325	0.021307
1267.0460000038147	99.003424	616	0	0.040799	0.021307
1269.0439999103546	128.426728	616	0	0.048757	0.021307
1271.0510001182556	144.103752	646	0	0.039401	0.021307
1273.0550000667572	85.012464	638	0	0.064685	0.021307
1275.0409998893738	122.208136	658	0	0.051739	0.021307
1277.0469999313354	92.284248	584	0	0.056245	0.021307
1279.042000055313	85.45744	584	0	0.03429	0.021307
1281.0469999313354	4.495144	618	0	0.044163	0.021307
1283.0460000038147	131.613128	610	0	0.046077	0.021307
1285.0460000038147	102.618056	610	0	0.052606	0.021307
1287.0530002117157	110.994816	620	0	0.053729	0.021307
1289.0540001392365	75.077288	708	0	0.044347	0.021307
1291.0429999828339	98.126056	624	0	0.056713	0.021307
1293.042000055313	79.502832	572	0	0.053064	0.021307
1295.0479998588562	76.67016	582	0	0.044699	0.021307
1297.0429999828339	108.501536	572	0	0.054353	0.021307
1299.0469999313354	103.837192	546	0	0.041864	0.021307
1301.0479998588562	82.031176	546	0	0.036242	0.021307
1303.0469999313354	142.840704	684	0	0.04198	0.021307
1305.0439999103546	4.518968	644	0	0.050312	0.021307
1307.042000055313	112.48648	644	0	0.065498	0.021307
1309.045000076294	134.017424	684	0	0.045531	0.021307
1311.0439999103546	89.087952	684	0	0.078197	0.021307
1313.048999786377	100.992864	684	0	0.059244	0.021307
1315.0429999828339	95.07744	692	0	0.040823	0.021307
1317.0429999828339	101.884056	964	0	0.069287	0.021307
1319.042000055313	95.195096	578	0	0.043426	0.021307
1321.045000076294	8.923904	474	0	0.049261	0.021307
1323.048999786377	71.283416	456	0	0.040491	0.021307
1325.0550000667572	57.935184	526	0	0.039242	0.021307
1327.045000076294	104.192464	526	0	0.042045	0.021307
1329.0429999828339	4.148128	602	0	0.04323	0.021307
1331.045000076294	101.487272	602	0	0.04449	0.021307
1333.0520000457764	92.198032	602	0	0.059347	0.021307
1335.2990000247955	97.777744	602	0	0.063306	0.021307
1337.048999786377	72.296752	579	0	0.038897	0.021307
1339.3029999732971	111.670408	612	0	0.04612	0.021307
1341.2999999523163	133.533136	652	0	0.047404	0.021307
1343.2990000247955	3.368992	594	0	0.050567	0.021307
1345.289999961853	110.195296	578	0	0.050665	0.021307
1347.2940001487732	80.722936	586	0	0.046518	0.021307
1349.2889997959137	90.941224	578	0	0.038797	0.021307
1351.2980000972748	62.85136	578	0	0.052793	0.021307
1353.2940001487732	101.691672	652	0	0.037797	0.021307
1355.292000055313	127.69368	667	0	0.042028	0.021307
1357.0820000171661	46.744512	642	0	0.037608	0.021307
1359.2940001487732	92.78144	650	0	0.067991	0.021307
1361.2940001487732	123.011568	658	0	0.043369	0.021307
1363.295000076294	91.60908	638	0	0.047976	0.021307
1365.2960000038147	144.275976	654	0	0.040374	0.021307
1367.295000076294	5.038888	654	0	0.038887	0.021307
1369.289999961853	55.845728	662	0	0.050828	0.021307
1371.289999961853	119.969408	636	0	0.05253	0.021307
1373.2889997959137	60.358776	636	0	0.093006	0.021307
1375.2960000038147	140.953296	914	0	0.046836	0.021307
1377.2960000038147	113.996448	650	0	0.045524	0.021307
1379.292000055313	101.03484	636	0	0.04387	0.021307
1381.2869999408722	92.111056	612	0	0.054772	0.021307
1383.2909998893738	106.904136	604	0	0.040381	0.021307
1385.292000055313	63.691368	612	0	0.033856	0.021307
1387.3010001182556	105.957528	594	0	0.03651	0.021307
1389.2930002212524	103.075544	604	0	0.05262	0.021307
1391.289999961853	109.976552	594	0	0.036736	0.021307
1393.4030001163483	101.992976	552	0	0.055755	0.021307
1395.3429999351501	11.481432	546	0	0.138966	0.021307
1397.2960000038147	99.2224	472	0	0.048972	0.021307
1399.2960000038147	93.355904	732	0	0.048839	0.021307
1401.2930002212524	133.044136	772	0	0.044386	0.021307
1403.292000055313	120.958568	762	0	0.05568	0.021307
1405.2889997959137	122.568352	696	0	0.045134	0.021307
1407.3069999217987	116.02232	686	0	0.045309	0.021307
1409.2940001487732	107.075792	696	0	0.05712	0.021307
1411.292000055313	106.204232	596	0	0.04809	0.021307
1413.289999961853	106.204232	588	0	0.055002	0.021307
1415.295000076294	116.473848	582	0	0.038511	0.021307
1417.292000055313	91.212592	1070	0	0.093718	0.021307
1419.292000055313	126.751552	742	0	0.03887	0.021307
1421.289999961853	120.852776	742	0	0.052673	0.021307
1423.292000055313	137.892824	754	0	0.05314	0.021307
1425.2889997959137	101.85132	714	0	0.036516	0.021307
1427.2930002212524	94.439304	666	0	0.040169	0.021307
1429.289999961853	117.2154	524	0	0.040828	0.021307
1431.295000076294	76.26376	514	0	0.037402	0.021307
1433.289999961853	91.601096	516	0	0.041103	0.021307
1435.287999868393	84.69028	516	0	0.033198	0.021307
1437.2889997959137	114.079736	516	0	0.046265	0.021307
1439.3010001182556	71.352192	486	0	0.037452	0.021307
1441.295000076294	126.675792	800	0	0.048107	0.021307
1443.292000055313	100.3514	598	0	0.042262	0.021307
1445.2909998893738	130.326664	620	0	0.04977	0.021307
1447.292000055313	116.603336	614	0	0.051088	0.021307
1449.2889997959137	93.378936	614	0	0.038953	0.021307
1451.2930002212524	93.300416	580	0	0.036095	0.021307
1453.2850000858307	88.852952	554	0	0.048811	0.021307
1455.2980000972748	74.203864	546	0	0.039293	0.021307
1457.292000055313	94.784208	556	0	0.038391	0.021307
1459.2969999313354	107.410392	548	0	0.03782	0.021307
1461.2889997959137	89.153408	556	0	0.037781	0.021307
1463.2889997959137	108.017856	568	0	0.034237	0.021307
1465.2930002212524	106.220392	620	0	0.044125	0.021307
1467.2980000972748	100.38824	606	0	0.03877	0.021307
1469.2889997959137	109.775072	598	0	0.041755	0.021307
1471.2980000972748	102.150584	568	0	0.051423	0.021307
1473.289999961853	114.251752	496	0	0.040514	0.021307
1475.292000055313	117.819128	562	0	0.037019	0.021307
1477.2860000133514	4.145032	636	0	0.039964	0.021307
1479.2930002212524	100.579712	632	0	0.03714	0.021307
1481.2869999408722	74.314808	518	0	0.039366	0.021307
1483.2889997959137	107.843376	562	0	0.034244	0.021307
1485.3110001087189	85.307296	562	0	0.048959	0.021307
1487.287999868393	105.647328	568	0	0.045168	0.021307
1489.2930002212524	124.729832	592	0	0.037381	0.021307
1491.2889997959137	91.647328	600	0	0.048951	0.021307
1493.2889997959137	50.588328	642	0	0.039366	0.021307
1495.2829999923706	128.46724	610	0	0.044417	0.021307
1497.2860000133514	97.905296	610	0	0.047835	0.021307
1499.2999999523163	80.654248	596	0	0.041216	0.021307
1501.2860000133514	127.030928	624	0	0.03247	0.021307
1503.2889997959137	126.45756	624	0	0.034498	0.021307
1505.2889997959137	22.13748	622	0	0.034254	0.021307
1507.3039999008179	4.353248	608	0	0.040547	0.021509
1509.2839999198914	76.5014	600	0	0.047164	0.021509
1511.2889997959137	4.28428	662	0	0.039376	0.021509
1513.292000055313	115.812816	662	0	0.057126	0.021509
1515.2889997959137	134.435856	662	0	0.05127	0.021509
1517.2930002212524	108.941768	576	0	0.034651	0.021509
1519.2889997959137	73.877544	586	0	0.066013	0.021509
1521.292000055313	77.677824	586	0	0.034449	0.021509
1523.2930002212524	114.191368	936	0	0.070511	0.021509
1525.2869999408722	111.51388	694	0	0.040548	0.021509
1527.2850000858307	115.22948	676	0	0.044323	0.021509
1529.287999868393	115.177408	668	0	0.045257	0.021509
1531.2860000133514	66.080424	632	0	0.039354	0.021509
1533.2860000133514	66.416136	612	0	0.04455	0.021509
1535.2869999408722	104.286056	564	0	0.040971	0.021509
1537.289999961853	106.589792	564	0	0.045644	0.021509
1539.292000055313	122.646896	542	0	0.033972	0.021509
1539.6690001487732	10.460848	150	49	0.083375	0.072147
1540.0639998912811	11.471176	188	15	0.084814	0.072147
1540.2839999198914	14.149688	194	0	0.084528	0.072147
1540.4670000076294	13.909928	194	0	0.085631	0.072147
1540.595999956131	13.909928	194	0	0.085795	0.072147
1540.9739999771118	13.200176	194	0	0.089061	0.072147
1541.287999868393	116.744392	558	0	0.034868	0.021509
1541.579999923706	15.032008	242	0	0.085312	0.072147
1542.0729999542236	17.925424	290	0	0.086856	0.072147
1543.292000055313	108.093312	558	0	0.045914	0.021509
1543.3490002155304	34.674048	478	0	0.084497	0.072147
1545.2829999923706	53.329456	576	0	0.03295	0.021509
1547.2850000858307	99.108632	618	0	0.038266	0.021509
1549.2889997959137	3.964856	616	0	0.046282	0.021509
1551.2889997959137	104.15328	606	0	0.048756	0.021509
1553.2990000247955	114.031024	606	0	0.04855	0.021509
1555.292000055313	117.337592	620	0	0.039879	0.021509
1557.2940001487732	99.7342	620	0	0.04161	0.021509
1559.2889997959137	3.93924	608	0	0.043877	0.021509
1561.287999868393	81.116592	638	0	0.04659	0.021509
1563.2909998893738	103.251992	638	0	0.050143	0.021509
1565.2860000133514	120.658504	638	0	0.043642	0.021509
1567.2839999198914	143.110688	656	0	0.045062	0.021509
1569.3020000457764	16.5432	628	0	0.04009	0.021509
1571.2860000133514	126.838768	620	0	0.045856	0.021509
1573.2839999198914	95.40072	624	0	0.036343	0.021509
1575.2850000858307	94.868136	493	0	0.052467	0.021509
1577.289999961853	106.20428	550	0	0.040894	0.021509
1579.2839999198914	13.199088	574	0	0.038844	0.021509
1581.287999868393	97.266296	864	0	0.042769	0.021509
1583.287999868393	3.032856	594	0	0.041184	0.021509
1585.2909998893738	103.07824	670	0	0.038072	0.021509
1587.3540000915527	3.627176	664	0	0.048807	0.021509
1589.5319998264313	110.25348	602	0	0.050396	0.021509
1591.5360000133514	83.400048	608	0	0.038937	0.021509
1593.539999961853	77.951576	596	0	0.04064	0.021509
1595.5439999103546	126.9606	596	0	0.04329	0.021509
1597.5330002307892	118.568928	596	0	0.034314	0.021509
1599.5350000858307	100.96804	618	0	0.038685	0.021509
1601.5360000133514	108.934136	618	0	0.036882	0.021509
1603.5350000858307	112.853104	692	0	0.040893	0.021509
1605.5439999103546	116.621	656	0	0.042614	0.021509
1607.5330002307892	4.898608	686	0	0.038556	0.021509
1609.539999961853	116.29224	678	0	0.047728	0.021509
1611.345999956131	88.285592	690	0	0.032805	0.021509
1613.5460000038147	46.09944	697	0	0.058246	0.021509
1615.5330002307892	132.907104	698	0	0.046644	0.021509
1617.5369999408722	132.907104	698	0	0.042517	0.021509
1619.5309998989105	128.89624	650	0	0.043129	0.021509
1621.5380001068115	126.34548	660	0	0.041035	0.021509
1623.5309998989105	133.244976	648	0	0.040788	0.021509
1625.5360000133514	129.44768	648	0	0.046022	0.021509
1627.5369999408722	16.081272	676	0	0.036166	0.021509
1629.5380001068115	142.775704	666	0	0.043152	0.021509
1631.53400015831	3.80312	676	0	0.045277	0.021509
1633.5369999408722	113.765552	1040	0	0.066788	0.021509
1635.3540000915527	117.289552	732	0	0.03709	0.021509
1637.5360000133514	118.71172	700	0	0.048997	0.021509
1639.53400015831	93.682008	686	0	0.048754	0.021509
1641.5380001068115	135.555176	644	0	0.039933	0.021509
1643.53400015831	111.541168	666	0	0.045507	0.021509
1645.542000055313	4.743976	656	0	0.043773	0.021509
1647.5350000858307	116.631344	656	0	0.038451	0.021509
1649.5390000343323	118.412704	658	0	0.048658	0.021509
1651.5360000133514	118.00152	614	0	0.047248	0.021509
1653.5369999408722	145.447488	704	0	0.041168	0.021509
1655.5360000133514	134.559904	638	0	0.041818	0.021509
1657.53400015831	92.07896	638	0	0.035388	0.021509
1659.5510001182556	126.68232	640	0	0.037482	0.021509
1661.5350000858307	94.211952	630	0	0.038133	0.021509
1663.5319998264313	120.24028	608	0	0.055182	0.021509
1665.5309998989105	101.629832	572	0	0.034616	0.021509
1667.5350000858307	84.897056	788	0	0.076668	0.021509
1669.53400015831	109.131784	632	0	0.044349	0.021509
1671.5360000133514	111.709168	604	0	0.046539	0.021509
1673.5309998989105	111.709168	594	0	0.061464	0.021509
1675.5319998264313	32.618416	606	0	0.033473	0.021509
1677.5410001277924	118.254456	598	0	0.051891	0.021509
1679.5350000858307	92.473992	606	0	0.044509	0.021509
1681.542000055313	100.87364	538	0	0.057185	0.021509
1683.5429999828339	105.20456	502	0	0.042875	0.021509
1685.5369999408722	97.33912	502	0	0.038557	0.021509
1687.5380001068115	95.350568	492	0	0.037932	0.021509
1689.5369999408722	110.760496	498	0	0.034045	0.021509
1691.5360000133514	67.026752	546	0	0.037198	0.021509
1693.5989999771118	22.986712	570	0	0.046457	0.021509
1695.5330002307892	18.376608	534	0	0.267244	0.021509
1697.5369999408722	76.105984	534	0	0.067993	0.021509
1699.5350000858307	96.186712	577	0	0.036252	0.021509
1701.5299999713898	127.94744	570	0	0.043412	0.021509
1703.5309998989105	88.280472	570	0	0.049202	0.021509
1705.5510001182556	98.629088	546	0	0.046328	0.021509
1707.5289998054504	3.650224	646	0	0.046342	0.021509
1709.5330002307892	121.256552	638	0	0.045995	0.021509
1711.5360000133514	115.814416	646	0	0.050695	0.021509
1713.53400015831	122.511664	560	0	0.036061	0.021509
1715.5369999408722	110.314592	566	0	0.038533	0.021509
1717.5289998054504	111.885504	586	0	0.037568	0.021509
1719.5369999408722	11.189496	660	0	0.0346	0.021509
1721.5350000858307	104.791928	652	0	0.0459	0.021509
1723.5299999713898	136.615496	662	0	0.055903	0.021509
1725.5319998264313	111.05348	682	0	0.045026	0.021509
1727.5279998779297	111.05348	672	0	0.041026	0.021509
1729.5279998779297	115.761544	670	0	0.05144	0.021509
1731.5299999713898	123.519272	700	0	0.041614	0.021867
1733.5350000858307	99.224176	690	0	0.066746	0.021867
1735.5369999408722	129.281032	690	0	0.051964	0.021867
1737.5319998264313	107.13188	688	0	0.043165	0.021867
1739.5299999713898	120.656464	618	0	0.049443	0.021867
1741.5330002307892	108.883376	614	0	0.037837	0.021867
1743.5309998989105	140.97684	641	0	0.042376	0.021867
1745.5380001068115	104.35008	642	0	0.041619	0.021867
1747.5369999408722	128.566624	666	0	0.041168	0.021867
1749.5330002307892	118.328064	726	0	0.065893	0.021867
1751.5360000133514	151.070904	762	0	0.05408	0.021867
1753.5309998989105	103.915968	756	0	0.052302	0.021867
1755.5279998779297	4.655792	690	0	0.051444	0.021867
1757.5289998054504	104.525336	682	0	0.053152	0.021867
1759.5289998054504	123.252728	596	0	0.039861	0.021194
1761.5330002307892	74.094408	512	0	0.043812	0.021194
1763.5380001068115	89.790816	484	0	0.033046	0.021194
1765.5299999713898	106.907232	484	0	0.038623	0.020759
1767.526999950409	105.462712	460	0	0.033687	0.020759
1769.526999950409	97.979768	460	0	0.044142	0.020759
1771.5289998054504	11.981616	466	0	0.040753	0.020759
1773.5299999713898	98.830216	460	0	0.038154	0.020759
1775.5299999713898	122.716344	472	0	0.034293	0.020759
1777.5289998054504	88.672272	630	0	0.038226	0.020759
1779.526999950409	124.488216	650	0	0.036822	0.020759
1781.5260000228882	124.488216	650	0	0.035263	0.020759
1783.5279998779297	124.488216	650	0	0.045001	0.020759
1785.5380001068115	16.593824	604	0	0.035921	0.020759
1787.5299999713898	135.419688	614	0	0.037694	0.020759
1789.5309998989105	130.053608	618	0	0.038411	0.020759
1791.5279998779297	130.048048	612	0	0.041115	0.020759
1793.5289998054504	106.192312	612	0	0.040131	0.020759
1795.5309998989105	109.103808	620	0	0.035701	0.020759
1797.53400015831	109.103808	616	0	0.035262	0.020759
1799.5260000228882	109.103808	616	0	0.03316	0.020759
1801.5309998989105	133.739152	616	0	0.036824	0.020759
1803.523999929428	78.840912	640	0	0.03482	0.020759
1805.5260000228882	121.204752	652	0	0.043017	0.020759
1807.5350000858307	145.33188	4	0	0.039187	0.020759
1809.53400015831	131.43236	708	0	0.046709	0.020759
1811.5289998054504	121.147504	716	0	0.046227	0.020759
1813.5260000228882	5.239096	686	0	0.051094	0.020759
1815.5390000343323	2.600472	584	0	0.047186	0.020759
1817.5279998779297	56.442528	592	0	0.051177	0.020759
1819.526999950409	86.7054	584	0	0.040483	0.020759
1821.5289998054504	97.28212	584	0	0.06295	0.020759
1823.5279998779297	15.396344	468	0	0.045085	0.020759
1825.5250000953674	92.82432	570	0	0.037777	0.020759
1827.5230000019073	103.259792	550	0	0.035903	0.020759
1829.526999950409	111.622144	594	0	0.040739	0.020759
1831.5299999713898	111.622144	586	0	0.055101	0.020759
1833.5260000228882	111.622144	586	0	0.041732	0.020759
1835.5260000228882	74.08644	584	0	0.048976	0.020759
1837.7799999713898	74.08644	594	0	0.045636	0.020759
1839.7760000228882	89.71196	494	0	0.04486	0.020759
1841.7829999923706	98.23148	520	0	0.035875	0.020759
1843.7750000953674	97.921952	482	0	0.043411	0.020759
1845.7780001163483	93.0478	474	0	0.037858	0.020759
1847.7750000953674	105.716152	498	0	0.034778	0.020759
1849.7780001163483	106.18052	499	0	0.039312	0.020759
1851.776999950409	106.18052	506	0	0.037238	0.020759
1853.7780001163483	106.18052	500	0	0.050507	0.020759
1855.7799999713898	93.729168	492	0	0.037002	0.020759
1857.7750000953674	106.454128	526	0	0.032753	0.020759
1859.771999835968	102.688992	516	0	0.044381	0.020759
1861.7760000228882	95.636208	516	0	0.035129	0.020759
1863.779000043869	100.047832	516	0	0.037833	0.020759
1865.776999950409	100.047832	634	0	0.036746	0.020759
1867.7929999828339	100.047832	506	0	0.036157	0.020759
1869.7820000648499	71.445888	528	0	0.046571	0.020759
1871.7740001678467	108.544552	528	0	0.03821	0.020759
1873.7829999923706	108.544552	528	0	0.038095	0.020759
1875.781000137329	108.544552	518	0	0.037866	0.020759
1877.7780001163483	107.142168	512	0	0.034208	0.020759
1879.7820000648499	88.743192	504	0	0.033985	0.020759
1881.7829999923706	94.493792	540	0	0.034911	0.020759
1883.7760000228882	96.572992	592	0	0.055882	0.020759
1885.7820000648499	107.253568	582	0	0.048771	0.020759
1887.7760000228882	119.985152	578	0	0.043608	0.020759
1889.779000043869	99.619624	594	0	0.054057	0.020759
1891.7780001163483	84.409864	594	0	0.046233	0.020759
1893.7839999198914	118.90636	922	0	0.069329	0.020759
1895.7860000133514	4.296864	668	0	0.066916	0.020759
1897.776999950409	96.641792	638	0	0.063207	0.020759
1899.7740001678467	4.494856	618	0	0.04183	0.020759
1901.776999950409	115.316048	628	0	0.05058	0.020759
1903.7740001678467	137.936032	610	0	0.046886	0.020759
1905.7760000228882	124.681832	620	0	0.041528	0.020759
1907.7750000953674	92.336448	614	0	0.062655	0.020759
1909.7760000228882	117.421456	620	0	0.038344	0.020759
1911.781000137329	102.93692	566	0	0.053453	0.020759
1913.7740001678467	88.702768	566	0	0.044869	0.020759
1915.7750000953674	116.101632	566	0	0.032355	0.020759
1917.7799999713898	119.675096	526	0	0.041794	0.020759
1919.792000055313	108.861072	540	0	0.041781	0.020759
1921.7750000953674	123.477896	598	0	0.047221	0.020759
1923.7820000648499	16.3558	628	0	0.042629	0.020759
1925.7760000228882	133.906488	884	0	0.049083	0.020759
1927.7740001678467	123.023016	722	0	0.046951	0.020759
1929.7799999713898	113.184232	650	0	0.037188	0.020759
1931.7820000648499	105.973496	650	0	0.050575	0.020759
1933.7740001678467	4.397176	540	0	0.041172	0.020759
1935.7780001163483	109.851936	534	0	0.03757	0.020759
1937.7799999713898	88.278768	534	0	0.041511	0.020759
1939.7740001678467	90.573648	530	0	0.040984	0.020759
1941.773000240326	109.076808	530	0	0.054892	0.020759
1943.7780001163483	63.034624	530	0	0.031996	0.020759
1945.7760000228882	96.558008	530	0	0.047419	0.020759
1947.7780001163483	100.23084	522	0	0.03756	0.020759
1949.7780001163483	102.91852	520	0	0.044734	0.020759
1951.781000137329	103.137072	520	0	0.037503	0.020759
1953.7740001678467	120.191168	576	0	0.038625	0.020759
1955.7750000953674	79.1296	512	0	0.038437	0.020759
1957.773000240326	14.353904	522	0	0.038412	0.020759
1959.7760000228882	75.910232	522	0	0.036754	0.020759
1961.779000043869	120.565672	518	0	0.034599	0.020759
1963.7760000228882	98.818208	518	0	0.033581	0.020759
1965.7780001163483	112.162792	528	0	0.041107	0.020759
1967.773000240326	100.412512	662	0	0.037027	0.020759
1969.7740001678467	111.325144	692	0	0.055312	0.020759
1971.7740001678467	109.608072	720	0	0.042593	0.020759
1973.7760000228882	113.675648	730	0	0.050682	0.020759
1975.7750000953674	130.625544	610	0	0.048364	0.020759
1977.7760000228882	125.051808	600	0	0.034861	0.020759
1979.771999835968	80.946424	620	0	0.036679	0.020759
1981.7750000953674	4.780848	630	0	0.048887	0.020759
1983.7750000953674	138.195256	648	0	0.044641	0.020759
1985.7760000228882	119.959496	782	0	0.038257	0.020759
1987.779000043869	127.2122	772	0	0.054697	0.020759
1989.7780001163483	114.694808	814	0	0.064097	0.020759
1991.776999950409	4.695416	674	0	0.047036	0.020759
1993.8850002288818	114.542792	674	0	0.048222	0.020759
1995.819000005722	21.63296	674	0	0.099082	0.020759
1997.773000240326	119.894456	640	0	0.050531	0.020759
1999.773000240326	120.647472	628	0	0.043713	0.020759
2001.7799999713898	99.532984	638	0	0.038609	0.020759
2003.7860000133514	131.45544	734	0	0.049474	0.020759
2005.7750000953674	142.525416	670	0	0.042287	0.020759
2007.7750000953674	103.41292	660	0	0.046547	0.020759
2009.7780001163483	116.096368	660	0	0.054244	0.020759
2011.773000240326	111.762184	682	0	0.052129	0.020759
2013.795000076294	133.90272	652	0	0.040713	0.020759
2015.7799999713898	4.821472	622	0	0.040671	0.020759
2017.7780001163483	131.242232	598	0	0.045051	0.020759
2019.7750000953674	4.831864	566	0	0.042876	0.020759
2021.773000240326	69.020576	468	0	0.046446	0.020759
2023.7760000228882	102.794616	468	0	0.041177	0.020759
2025.7740001678467	66.411576	436	0	0.040232	0.020759
2027.7750000953674	107.769456	622	0	0.045935	0.020759
2029.779000043869	53.19268	538	0	0.079751	0.020759
2031.7750000953674	70.036664	448	0	0.05897	0.020759
2033.7750000953674	87.463776	474	0	0.03515	0.020759
2035.7780001163483	99.918712	488	0	0.059302	0.020759
2037.7740001678467	120.961832	516	0	0.037079	0.020759
2039.7760000228882	120.575888	594	0	0.056338	0.020759
2041.773000240326	129.223368	626	0	0.049362	0.020759
2043.7929999828339	97.361304	606	0	0.038015	0.020759
2045.7679998874664	132.752152	634	0	0.04352	0.020759
2047.7699999809265	125.429096	654	0	0.044224	0.020759
2049.773000240326	97.972296	640	0	0.04169	0.020759
2051.7740001678467	97.972296	640	0	0.044375	0.020759
2053.771999835968	97.972296	650	0	0.037346	0.020759
2055.789999961853	97.972296	650	0	0.040355	0.020759
2057.7709999084473	97.972296	650	0	0.044042	0.020759
2059.7740001678467	108.09132	650	0	0.038371	0.020759
2061.78200006485	108.09132	610	0	0.037414	0.020759
2063.7679998874664	108.09132	606	0	0.044905	0.020759
2065.7709999084473	108.09132	606	0	0.03783	0.020759
2067.771999835968	88.0446	384	0	0.035832	0.022538
2069.773000240326	88.0446	378	0	0.035965	0.022538
2071.768999814987	80.992728	378	0	0.039957	0.022538
2073.7679998874664	89.892856	394	0	0.033302	0.022538
2075.768999814987	94.80952	492	0	0.034911	0.022538
2077.773000240326	102.19184	516	0	0.033883	0.022538
2079.7699999809265	100.338952	466	0	0.037201	0.022538
2081.7799999713898	102.142432	474	0	0.039043	0.022538
2083.7679998874664	94.116672	482	0	0.035275	0.022538
2086.0199999809265	94.116672	482	0	0.034088	0.022538
2088.023999929428	93.138072	482	0	0.03446	0.022538
2090.0230000019073	93.138072	608	0	0.035095	0.022538
2092.0329999923706	109.78884	574	0	0.036785	0.022538
2094.0199999809265	109.78884	526	0	0.034671	0.022538
2096.0169999599457	109.78884	526	0	0.035164	0.022538
2098.018000125885	112.175592	520	0	0.034733	0.022538
2100.021000146866	112.175592	520	0	0.040638	0.022538
2102.018000125885	112.572768	538	0	0.035138	0.022538
2104.0190000534058	112.572768	544	0	0.041091	0.022538
2105.883999824524	112.572768	544	0	0.053158	0.022538
2108.0220000743866	120.429496	539	0	0.039056	0.022538
2110.0230000019073	124.92612	638	0	0.033144	0.022538
2112.0309998989105	98.725008	648	0	0.040607	0.022538
2114.0199999809265	115.093112	668	0	0.04373	0.022538
2116.015000104904	115.093112	668	0	0.051184	0.022538
2118.0199999809265	104.683216	668	0	0.063294	0.022538
2120.0230000019073	104.683216	4	0	0.056982	0.022538
2122.0319998264313	104.683216	582	0	0.043622	0.022538
2124.0169999599457	117.566464	574	0	0.054352	0.022538
2126.0319998264313	96.301376	520	0	0.045183	0.022538
2128.0169999599457	111.772776	514	0	0.04288	0.022538
2129.845999956131	4.474744	536	0	0.041053	0.022538
2132.0190000534058	92.135624	526	0	0.053283	0.022538
2134.0169999599457	113.219944	762	0	0.058604	0.022538
2136.0190000534058	92.2706	758	0	0.053974	0.022538
2138.0380001068115	121.7334	755	0	0.047309	0.022538
2140.0199999809265	95.7186	578	0	0.039666	0.022538
2142.0190000534058	102.046976	578	0	0.038145	0.022538
2144.016000032425	102.046976	578	0	0.057463	0.022538
2146.021000146866	102.046976	578	0	0.038998	0.022538
2148.0190000534058	102.046976	570	0	0.047179	0.022538
2150.018000125885	102.046976	530	0	0.045638	0.022538
2152.016000032425	102.046976	530	0	0.046859	0.022538
2153.853000164032	102.046976	530	0	0.050634	0.022538
2156.0190000534058	105.66044	530	0	0.046054	0.022538
2158.0169999599457	105.66044	522	0	0.052002	0.022538
2160.0190000534058	111.709608	478	0	0.035992	0.022538
2162.0169999599457	98.5516	650	0	0.04834	0.022538
2164.0190000534058	16.260112	542	0	0.034876	0.022538
2166.018000125885	66.140288	542	0	0.050794	0.022538
2168.026999950409	94.46812	542	0	0.040072	0.022538
2170.0190000534058	81.633392	568	0	0.067768	0.022538
2172.0199999809265	110.690128	546	0	0.054104	0.022538
2174.0230000019073	63.244528	552	0	0.039938	0.022538
2176.021000146866	92.575192	528	0	0.052164	0.022538
2178.0199999809265	112.93776	570	0	0.040668	0.022538
2180.0199999809265	123.87636	604	0	0.050948	0.022538
2182.021000146866	83.12784	604	0	0.053822	0.022538
2184.0279998779297	78.297072	628	0	0.04846	0.022538
2186.016000032425	102.188344	640	0	0.046901	0.022538
2188.018000125885	67.937872	640	0	0.058457	0.022538
2190.0199999809265	67.937872	640	0	0.058233	0.022538
2192.024999856949	100.132416	648	0	0.063578	0.022538
2194.018000125885	117.91888	610	0	0.046372	0.022538
2196.0230000019073	83.023624	610	0	0.055799	0.022538
2198.015000104904	92.16156	530	0	0.048947	0.022538
2200.018000125885	109.899544	512	0	0.039419	0.022538
2202.0140001773834	107.627488	512	0	0.046733	0.022538
2204.016000032425	74.990184	512	0	0.058281	0.022538
2206.015000104904	106.756208	512	0	0.040213	0.022538
2207.0220000743866	16.907112	72	4	0.046846	0.017167
2207.651000022888	16.620728	64	0	0.043355	0.017167
2207.7999999523163	18.085856	68	0	0.035977	0.017167
2207.888999938965	14.246792	68	0	0.038636	0.017167
2208.015000104904	16.708608	74	0	0.039708	0.017167
2208.016000032425	113.437968	514	0	0.033612	0.022538
2208.098000049591	16.708608	74	0	0.041638	0.017167
2208.2770001888275	10.194448	76	0	0.038721	0.017167
2208.8259999752045	5.87392	72	0	0.040954	0.017167
2209.345999956131	9.25724	70	0	0.045106	0.017167
2210.0140001773834	63.395672	506	0	0.032958	0.022538
2210.8959999084473	12.799408	66	0	0.044357	0.017167
2212.0169999599457	15.14428	590	0	0.041373	0.022538
2212.898999929428	17.98988	74	0	0.042661	0.017167
2214.0190000534058	92.997048	578	0	0.057074	0.022538
2214.898999929428	11.160352	72	0	0.055854	0.017167
2216.0220000743866	109.639408	550	0	0.045005	0.022538
2216.899999856949	15.008024	80	0	0.048693	0.017167
2218.016000032425	125.822696	552	0	0.044991	0.022538
2218.898999929428	8.176304	78	0	0.040283	0.017167
2220.015000104904	107.924616	562	0	0.045473	0.022538
2221.0329999923706	13.609808	76	0	0.036554	0.017167
2222.0190000534058	97.771512	538	0	0.047361	0.022538
2222.898999929428	19.56252	66	0	0.030531	0.017167
2224.023999929428	100.56632	610	0	0.039788	0.022538
2224.8980000019073	20.20156	74	0	0.037814	0.017167
2226.010999917984	92.466416	542	0	0.042369	0.022538
2226.898999929428	17.086008	74	0	0.045552	0.017167
2228.021000146866	115.97688	532	0	0.048803	0.022538
2228.896999835968	20.817808	74	0	0.039971	0.017167
2230.015000104904	102.816568	498	0	0.042068	0.022538
2230.898999929428	14.272584	68	0	0.036191	0.017167
2232.021000146866	83.401504	474	0	0.039643	0.022538
2232.928999900818	18.227208	74	0	0.039316	0.017167
2234.0169999599457	85.1884	480	0	0.034218	0.022538
2234.896999835968	14.4294	72	0	0.040066	0.017167
2236.0169999599457	82.652192	408	0	0.03469	0.022538
2236.901000022888	15.414048	64	0	0.038408	0.017167
2238.016000032425	78.146144	470	0	0.033446	0.022538
2238.9020001888275	11.958752	66	0	0.040344	0.017167
2240.0119998455048	105.094304	446	0	0.038069	0.022258
2240.898999929428	5.89096	68	0	0.045808	0.017167
2242.0199999809265	77.41668	488	0	0.053293	0.022258
2242.899999856949	9.71252	70	0	0.047078	0.017167
2244.016000032425	87.99924	500	0	0.036582	0.022258
2245.1490001678467	17.26556	66	0	0.044572	0.017167
2246.015000104904	4.485864	548	0	0.037576	0.022258
2247.061000108719	9.962504	44	0	0.039808	0.017167
2248.016000032425	113.054632	538	0	0.042959	0.022258
2249.1470000743866	13.50112	64	0	0.039547	0.017167
2250.023999929428	10.965024	598	0	0.046279	0.022258
2251.1490001678467	15.232472	68	0	0.035137	0.017167
2252.016000032425	121.126032	644	0	0.043672	0.022258
2253.1480000019073	13.939976	62	0	0.042646	0.017167
2254.0119998455048	99.146704	644	0	0.059276	0.022258
2255.1500000953674	18.532968	70	0	0.040436	0.017167
2256.0190000534058	124.956632	628	0	0.048408	0.022258
2257.1480000019073	4.882024	64	0	0.049684	0.017167
2258.0119998455048	139.454448	628	0	0.04486	0.022258
2259.1470000743866	12.501064	68	0	0.035984	0.017167
2260.015000104904	73.11444	634	0	0.045949	0.022258
2261.1470000743866	18.698984	80	0	0.039985	0.017167
2262.018000125885	94.634384	634	0	0.05358	0.022258
2263.1529998779297	16.880392	70	0	0.034576	0.017167
2264.0190000534058	105.033784	626	0	0.063037	0.022258
2265.1589999198914	14.362056	72	0	0.04368	0.017167
2266.024999856949	104.761392	558	0	0.053369	0.022258
2267.1490001678467	12.938784	66	0	0.057501	0.017167
2268.0140001773834	113.604888	558	0	0.040504	0.022258
2269.1559998989105	11.213968	74	0	0.063563	0.017167
2270.0169999599457	105.97484	568	0	0.036905	0.022258
2271.1630001068115	3.471712	82	0	0.049641	0.017167
2272.023999929428	73.717432	586	0	0.042108	0.022258
2273.1549999713898	6.677928	72	0	0.039838	0.017167
2274.0099999904633	92.195488	586	0	0.04851	0.022258
2275.1549999713898	2.218576	62	0	0.041271	0.017167
2276.0140001773834	66.556952	548	0	0.049336	0.022258
2277.1620001792908	12.996632	64	0	0.039629	0.017167
2278.0199999809265	99.880496	480	0	0.04303	0.022258
2279.151000022888	15.76536	62	0	0.034018	0.017167
2280.0220000743866	88.480856	474	0	0.03763	0.022258
2280.9900000095367	3.59132	60	0	0.043026	0.017167
2282.0380001068115	104.538352	472	0	0.045749	0.022258
2282.9700000286102	11.34576	74	2	0.05315	0.017167
2284.018000125885	114.9736	524	0	0.038354	0.022258
2285.151999950409	1.493832	64	0	0.041831	0.017167
2286.0199999809265	106.064656	952	0	0.079314	0.022258
2287.151999950409	17.86036	84	0	0.048581	0.017167
2288.0220000743866	97.983456	938	0	0.073866	0.022258
2289.135999917984	18.771232	74	0	0.044951	0.017167
2290.0169999599457	93.818984	710	0	0.071384	0.022258
2291.154000043869	20.639256	72	0	0.047146	0.017167
2292.018000125885	125.369792	684	0	0.059411	0.022258
2293.128000020981	15.617424	70	0	0.036858	0.017167
2294.0690002441406	120.181552	638	0	0.088881	0.022258
2295.160999774933	12.539696	70	0	0.043564	0.017167
2296.026999950409	13.509248	562	0	0.456496	0.022258
2297.0940001010895	15.039832	70	0	0.040517	0.017167
2298.0169999599457	80.985552	418	0	0.056042	0.022258
2299.1529998779297	14.105712	64	0	0.050297	0.017167
2300.0099999904633	87.866624	414	0	0.044784	0.022258
2301.0299999713898	7.84528	70	6	0.04831	0.017167
2302.0140001773834	78.59068	408	0	0.048161	0.022258
2303.151999950409	15.537304	60	0	0.035109	0.017167
2304.018000125885	73.067896	400	0	0.051897	0.022258
2305.1549999713898	10.1286	60	0	0.047516	0.017167
2306.0319998264313	75.020056	426	0	0.037466	0.022258
2307.1549999713898	13.715664	62	0	0.040355	0.017167
2308.016000032425	68.382024	414	0	0.046797	0.022258
2309.8229999542236	19.459968	76	0	0.036374	0.017167
2310.018000125885	52.320584	430	0	0.066986	0.022258
2312.015000104904	113.428968	478	0	0.048044	0.022258
2312.2400000095367	16.915088	66	0	0.042367	0.017167
2314.0319998264313	106.915184	544	0	0.038472	0.022258
2314.383999824524	5.00808	70	0	0.064921	0.017167
2316.0230000019073	118.64432	538	0	0.045692	0.022258
2316.1900000572205	14.251424	76	0	0.049803	0.017167
2317.654000043869	9.959456	66	0	0.046448	0.017167
2318.015000104904	56.903096	544	0	0.034022	0.022258
2319.151000022888	5.17864	66	0	0.083695	0.017167
2320.024999856949	120.812376	538	0	0.043783	0.022258
2321.151999950409	10.937504	62	0	0.045102	0.017167
2322.010999917984	94.046032	538	0	0.033794	0.022258
2323.167999982834	3.839224	58	0	0.040228	0.017167
2324.0119998455048	28.04156	552	0	0.03665	0.022258
2325.1500000953674	13.53104	72	0	0.032248	0.017167
2326.016000032425	110.67732	562	0	0.050998	0.022258
2327.151999950409	10.386128	78	0	0.044697	0.017167
2328.026000022888	69.928904	552	0	0.044341	0.022258
2329.1500000953674	13.565616	72	0	0.039318	0.017167
2330.0439999103546	97.784056	524	0	0.049774	0.022258
2331.160999774933	12.866768	70	0	0.037676	0.017167
2332.010999917984	102.770192	579	0	0.034083	0.022258
2333.1500000953674	13.474208	64	0	0.034824	0.017167
2334.0169999599457	84.18804	602	0	0.048119	0.022258
2335.151000022888	15.157408	84	0	0.050394	0.017167
2336.0299999713898	105.058024	602	0	0.039831	0.022258
2337.151000022888	13.353248	78	0	0.05798	0.017167
2338.2590000629425	100.660736	596	0	0.035805	0.022258
2339.154000043869	8.68504	70	0	0.041661	0.017167
2340.266000032425	120.888888	608	0	0.042693	0.022258
2341.1490001678467	11.980248	64	0	0.05131	0.017167
2342.2599999904633	14.194096	530	0	0.040013	0.022258
2343.151000022888	9.658808	62	0	0.051121	0.017167
2344.263999938965	115.113944	546	0	0.039076	0.022258
2345.154000043869	11.84604	68	0	0.051174	0.017167
2346.2610001564026	98.367328	546	0	0.047078	0.022258
2347.151000022888	12.168168	68	0	0.056745	0.017167
2348.2599999904633	104.075	546	0	0.034804	0.022258
2349.1529998779297	11.776472	62	0	0.03941	0.017167
2350.2599999904633	104.075	546	0	0.046967	0.022258
2351.516000032425	16.89292	74	0	0.048862	0.017167
2352.2649998664856	17.175936	518	0	0.03817	0.022258
2353.1589999198914	2.845448	76	0	0.104532	0.017167
2354.2620000839233	102.902776	774	0	0.055808	0.022258
2355.1559998989105	11.405136	64	0	0.043004	0.017167
2356.263000011444	124.025064	622	0	0.032768	0.022258
2357.1549999713898	9.018024	74	0	0.043449	0.017167
2358.2809998989105	118.544704	622	0	0.040302	0.022258
2359.1559998989105	15.996272	72	0	0.040286	0.017167
2360.0530002117157	51.854864	568	0	0.040219	0.022258
2361.1559998989105	6.753288	70	0	0.045019	0.017167
2362.263999938965	100.409024	578	0	0.039027	0.022258
2363.1719999313354	17.531936	66	0	0.04474	0.017167
2364.263000011444	97.816856	574	0	0.036717	0.022258
2365.1549999713898	13.730168	70	0	0.048754	0.017167
2366.2610001564026	115.209376	582	0	0.039415	0.022258
2367.151000022888	17.727184	64	0	0.036676	0.017167
2368.2620000839233	115.209376	574	0	0.045493	0.022258
2369.1650002002716	10.242072	72	0	0.042775	0.017167
2370.263000011444	98.349816	629	0	0.041479	0.022258
2371.151999950409	16.165792	80	0	0.043963	0.017167
2372.2620000839233	126.639896	800	0	0.037317	0.022258
2373.151000022888	14.375176	56	0	0.050556	0.017167
2374.263000011444	126.639896	628	0	0.035221	0.022258
2375.151000022888	10.392608	54	0	0.032376	0.017167
2376.2649998664856	16.439152	594	0	0.034898	0.022258
2377.151000022888	11.967888	54	0	0.033737	0.017167
2378.2599999904633	11.877752	594	0	0.035091	0.022258
2379.160999774933	8.714968	52	0	0.038475	0.017167
2380.2599999904633	37.68596	594	0	0.033225	0.022258
2381.1500000953674	8.714968	52	0	0.046171	0.017167
2382.2610001564026	118.12684	562	0	0.037549	0.022258
2383.151000022888	11.304832	50	0	0.044464	0.017167
2384.263000011444	125.149408	598	0	0.036449	0.022258
2385.1549999713898	0.749784	54	0	0.071247	0.017167
2386.2610001564026	120.14392	590	0	0.037522	0.022258
2387.154000043869	11.506088	64	0	0.053804	0.017167
2388.2679998874664	133.142352	592	0	0.033859	0.022258
2389.151000022888	11.02604	64	0	0.04223	0.017167
2390.266000032425	132.62656	630	0	0.035254	0.022258
2391.151000022888	9.35092	64	0	0.063594	0.017167
2392.271999835968	144.659664	644	0	0.039073	0.022258
2393.154000043869	12.657744	66	0	0.037821	0.017167
2394.2580001354218	14.411216	678	0	0.042166	0.022258
2395.1719999313354	2.690528	66	0	0.043874	0.017167
2396.2569999694824	110.521168	670	0	0.068058	0.022258
2397.151000022888	13.87108	62	0	0.038278	0.017167
2398.2599999904633	132.517096	670	0	0.050523	0.022258
2399.1650002002716	9.002264	60	0	0.045404	0.017167
2400.263000011444	103.179472	594	0	0.037075	0.022258
2401.1529998779297	10.461152	64	0	0.040287	0.017167
2402.2590000629425	128.463656	790	0	0.03964	0.022258
2403.154000043869	10.670512	62	0	0.044686	0.017167
2404.2599999904633	94.392032	696	0	0.041088	0.022258
2405.151000022888	13.959648	60	0	0.032663	0.017167
2406.2560000419617	94.392032	696	0	0.040338	0.022258
2407.151999950409	10.365104	56	0	0.044131	0.017176
2408.25400018692	17.946024	486	0	0.034043	0.022258
2409.151000022888	15.243384	60	0	0.036111	0.017176
2410.2580001354218	75.387032	450	0	0.034263	0.022258
2411.154000043869	10.872856	60	0	0.045775	0.017176
2412.263000011444	107.329856	514	0	0.031888	0.022258
2413.151999950409	12.744232	76	0	0.05719	0.017176
2414.2599999904633	96.083392	530	0	0.036968	0.022258
2415.151000022888	16.082968	66	0	0.03624	0.017176
2416.2590000629425	115.650928	554	0	0.036258	0.022258
2417.1630001068115	13.443	74	0	0.033525	0.017176
2418.263000011444	112.951448	560	0	0.038666	0.022258
2419.151000022888	14.817928	72	0	0.04108	0.017176
2420.2599999904633	117.087648	574	0	0.033325	0.022258
2421.151999950409	14.563584	72	0	0.040983	0.017176
2422.2569999694824	116.37492	582	0	0.041564	0.022258
2423.1529998779297	8.660312	58	0	0.041459	0.017176
2424.2620000839233	123.225744	592	0	0.032834	0.022258
2425.151000022888	14.214368	64	0	0.039736	0.017176
2426.2580001354218	112.823576	622	0	0.032331	0.022258
2427.1589999198914	14.788968	76	0	0.040633	0.017176
2428.2569999694824	133.201992	630	0	0.040411	0.022258
2429.1630001068115	1.531688	54	0	0.073716	0.017176
2430.2569999694824	134.670728	652	0	0.036439	0.022258
2431.151999950409	8.271824	58	0	0.069996	0.017176
2432.2750000953674	15.18068	72	0	0.032889	0.022258
2433.1549999713898	11.518992	62	0	0.046674	0.017176
2434.255000114441	25.948408	104	0	0.03124	0.021
2435.1589999198914	5.676064	62	0	0.033973	0.017176
2436.2610001564026	33.611064	110	0	0.030567	0.020084
2437.159999847412	10.942728	66	0	0.045003	0.017176
2438.2580001354218	33.611064	126	0	0.028646	0.020084
2439.154000043869	11.702008	64	0	0.038234	0.017176
2440.2610001564026	41.585544	164	0	0.031202	0.020084
2441.1559998989105	11.027272	64	0	0.040709	0.017176
2442.2610001564026	40.224984	202	0	0.029555	0.020084
2443.1620001792908	16.278744	72	0	0.038252	0.017176
2444.2560000419617	56.866296	250	0	0.02967	0.020084
2445.1529998779297	9.480792	72	0	0.060839	0.017176
2446.2590000629425	66.406704	264	0	0.030887	0.020084
2447.1549999713898	11.513056	64	0	0.045326	0.017176
2448.2590000629425	72.793008	398	0	0.031431	0.020084
2449.15700006485	16.365416	76	0	0.037185	0.017176
2450.2610001564026	88.73908	418	0	0.032121	0.020084
2451.15700006485	14.873144	68	0	0.046225	0.017176
2452.2569999694824	81.90488	452	0	0.031786	0.020084
2453.1559998989105	13.426928	72	0	0.039074	0.017176
2454.2610001564026	97.607456	454	0	0.03229	0.020084
2455.1630001068115	10.84756	86	0	0.050739	0.017176
2456.25400018692	85.75668	476	0	0.03242	0.020084
2457.1589999198914	16.05328	74	0	0.033164	0.017176
2458.25400018692	32.54432	492	0	0.033807	0.020084
2459.1529998779297	8.094848	74	0	0.047705	0.017176
2460.2580001354218	97.139632	508	0	0.033223	0.020084
2461.1579999923706	8.575776	70	0	0.042585	0.017176
2462.2599999904633	98.79688	508	0	0.036124	0.020084
2463.151999950409	13.578936	70	0	0.050415	0.017176
2464.2560000419617	97.282832	514	0	0.035058	0.020084
2465.1579999923706	13.895608	68	0	0.043892	0.017176
2466.2620000839233	98.855688	604	0	0.036231	0.020084
2467.1579999923706	15.70228	74	0	0.038535	0.017176
2468.2610001564026	96.940744	596	0	0.033432	0.020084
2469.5510001182556	19.4206	66	0	0.040857	0.017036
2470.2569999694824	127.122376	624	0	0.035921	0.020084
2471.1529998779297	12.23956	60	0	0.044554	0.017036
2472.2580001354218	4.997768	604	0	0.043614	0.020084
2473.1640000343323	0.90552	54	0	0.060436	0.017036
2474.2620000839233	139.470544	608	0	0.040053	0.020084
2475.1529998779297	5.996112	60	0	0.040612	0.017036
2476.2750000953674	4.684184	686	0	0.041219	0.020084
2477.15700006485	20.315984	68	0	0.034123	0.017036
2478.2569999694824	135.481704	676	0	0.046845	0.020084
2479.1549999713898	13.965496	68	0	0.043595	0.017036
2480.2560000419617	135.481704	676	0	0.042695	0.020084
2481.1529998779297	3.470168	70	0	0.038215	0.017036
2482.2590000629425	117.602784	676	0	0.045544	0.020084
2483.154000043869	16.835304	74	0	0.037722	0.017036
2484.2560000419617	105.4534	706	0	0.048917	0.020084
2485.154000043869	17.196064	82	0	0.046255	0.017036
2486.25400018692	125.348384	664	0	0.041384	0.020084
2487.1620001792908	18.981576	74	0	0.048381	0.017036
2488.253000020981	114.685304	642	0	0.036753	0.020084
2489.151999950409	12.571352	68	0	0.044043	0.017036
2490.2569999694824	125.232432	628	0	0.034128	0.020084
2491.154000043869	16.042112	70	0	0.040512	0.017036
2492.2560000419617	139.607288	640	0	0.034562	0.020084
2493.1529998779297	15.70164	70	0	0.041536	0.017036
2494.2580001354218	129.360328	632	0	0.040104	0.020084
2495.1549999713898	14.655256	72	0	0.038797	0.017036
2496.2610001564026	14.567736	654	0	0.038774	0.020084
2497.406000137329	16.377384	64	0	0.041357	0.017036
2498.2580001354218	114.977248	696	0	0.052552	0.020084
2499.40700006485	12.480576	64	0	0.039771	0.017036
2500.2560000419617	4.790568	718	0	0.04478	0.020084
2501.4130001068115	18.520536	74	0	0.034901	0.017036
2502.2569999694824	113.308048	714	0	0.046986	0.020084
2503.289999961853	15.232264	78	19	0.043463	0.017036
2504.2580001354218	4.840952	672	0	0.046834	0.020084
2505.4169998168945	17.13808	70	0	0.052087	0.017036
2506.2580001354218	88.902048	688	0	0.042234	0.020084
2507.2669999599457	6.568352	80	0	0.053725	0.017036
2508.2560000419617	122.212816	688	0	0.051846	0.020084
2509.406000137329	8.208488	70	0	0.066407	0.017036
2510.255000114441	144.637816	688	0	0.040612	0.020084
2511.4030001163483	13.1258	76	0	0.045337	0.017036
2512.2569999694824	120.115392	688	0	0.03822	0.020084
2513.4089999198914	15.422784	66	0	0.037202	0.017036
2514.2569999694824	12.69068	636	0	0.042457	0.020084
2515.40700006485	13.06244	68	0	0.045661	0.017036
2516.2679998874664	128.215344	682	0	0.037421	0.020084
2517.4050002098083	14.753176	70	0	0.043647	0.017036
2518.2580001354218	128.42832	696	0	0.049088	0.020084
2519.4089999198914	9.632896	68	0	0.040959	0.017036
2520.263999938965	128.42832	650	0	0.043868	0.020084
2521.404000043869	17.357752	70	0	0.035459	0.017036
2522.255000114441	128.42832	650	0	0.035243	0.020084
2523.4030001163483	14.660864	72	0	0.050445	0.017036
2524.2580001354218	143.099584	642	0	0.037034	0.020084
2525.4130001068115	12.601376	74	0	0.044392	0.017036
2526.2569999694824	131.926056	648	0	0.046702	0.020084
2527.404000043869	17.415664	72	0	0.040132	0.017036
2528.25	130.901504	674	0	0.042802	0.020084
2529.404000043869	11.514888	66	0	0.053601	0.017036
2530.255000114441	130.901504	674	0	0.044383	0.020084
2531.25	10.506888	82	0	0.039549	0.017036
2532.266000032425	1.177864	802	0	0.035328	0.020084
2533.4079999923706	13.37508	78	0	0.038373	0.017036
2534.2569999694824	121.316016	690	0	0.049655	0.020084
2535.4110000133514	10.998784	70	0	0.05608	0.017036
2536.25400018692	69.28804	636	0	0.045246	0.020084
2537.6969997882843	9.018104	54	0	0.050394	0.017036
2538.2580001354218	106.38116	644	0	0.041836	0.020084
2539.4110000133514	10.734944	62	0	0.047472	0.017036
2540.2560000419617	49.318888	636	0	0.036908	0.020084
2541.4089999198914	13.91964	66	0	0.039058	0.017036
2542.25400018692	128.84724	636	0	0.049486	0.020084
2543.4050002098083	15.326072	58	0	0.0406	0.017036
2544.2560000419617	105.314504	588	0	0.039715	0.020084
2545.4079999923706	5.749328	64	0	0.045473	0.017036
2546.2580001354218	129.009264	820	0	0.042315	0.020084
2547.40700006485	10.54476	60	0	0.045243	0.017036
2548.2560000419617	122.422456	678	0	0.03752	0.020084
2549.4079999923706	12.011904	58	0	0.035933	0.017036
2550.255000114441	122.422456	678	0	0.049394	0.020084
2551.406000137329	10.07556	54	0	0.032265	0.017036
2552.25400018692	122.422456	676	0	0.032762	0.020084
2553.404000043869	5.22132	56	0	0.058062	0.017036
2554.2580001354218	122.422456	684	0	0.040178	0.020084
2555.2930002212524	7.897552	46	0	0.060328	0.017036
2556.263999938965	139.394456	724	0	0.041093	0.020084
2557.4079999923706	3.98236	52	0	0.041068	0.017036
2558.2569999694824	113.90612	658	0	0.050818	0.020084
2559.2599999904633	14.980264	56	0	0.034955	0.017036
2560.2569999694824	117.386056	668	0	0.064963	0.020084
2562.0169999599457	13.616944	72	13	0.04318	0.017036
2562.253000020981	4.969712	608	0	0.041996	0.020084
2564.25	120.651112	604	0	0.044327	0.020084
2564.5599999427795	13.458264	72	0	0.041315	0.017036
2566.2590000629425	143.127728	622	0	0.044445	0.020084
2566.5540001392365	10.949912	54	18	0.050859	0.017036
2567.547999858856	13.611536	54	0	0.054729	0.017036
2568.2569999694824	103.160832	622	0	0.044026	0.020084
2569.40700006485	10.186632	66	0	0.043725	0.017036
2570.253000020981	134.626992	668	0	0.045688	0.020084
2571.40700006485	12.85808	62	0	0.044898	0.017036
2572.2519998550415	123.577592	676	0	0.0429	0.020084
2573.4079999923706	11.719904	68	0	0.036713	0.017036
2574.2580001354218	118.095424	634	0	0.039592	0.020084
2575.4169998168945	9.713024	72	0	0.048964	0.017036
2576.2509999275208	124.023496	630	0	0.038357	0.020084
2577.414999961853	13.649992	68	0	0.036323	0.017036
2578.255000114441	128.402568	620	0	0.051211	0.020084
2579.415999889374	9.989888	74	0	0.041585	0.017036
2580.2569999694824	128.590736	620	0	0.044401	0.020084
2581.4050002098083	12.0334	64	0	0.041446	0.017036
2582.25400018692	15.524832	596	0	0.037538	0.020084
2583.4079999923706	17.186296	70	0	0.037931	0.017036
2584.2519998550415	63.742512	596	0	0.042189	0.020084
2585.4110000133514	15.32808	62	0	0.038353	0.017036
2586.253000020981	63.742512	606	0	0.038409	0.020084
2587.4050002098083	16.706168	66	0	0.037012	0.017036
2588.5099999904633	68.4878	606	0	0.037274	0.020084
2589.4050002098083	16.440704	66	0	0.038645	0.017036
2590.5049998760223	68.4878	606	0	0.038674	0.020084
2591.417999982834	6.808672	76	0	0.0399	0.017036
2592.503000020981	68.4878	606	0	0.037905	0.020084
2593.4050002098083	17.17824	74	0	0.03914	0.017036
2594.5140001773834	77.000376	608	0	0.038944	0.020084
2595.406000137329	11.24324	72	0	0.046279	0.017036
2596.5	0.881256	24	0	0.202505	0.020084
2597.406000137329	17.272992	78	0	0.035063	0.017036
2598.5099999904633	9.441528	52	0	0.028971	0.020084
2599.4050002098083	13.151944	80	0	0.044061	0.017036
2600.503000020981	12.768152	64	0	0.031464	0.020084
2601.4050002098083	17.119248	80	0	0.045348	0.017036
2602.5090000629425	17.225584	84	0	0.031647	0.020084
2603.417999982834	18.170904	80	0	0.047062	0.017036
2604.5	27.64036	108	0	0.031496	0.020084
2605.40700006485	6.124424	68	0	0.051029	0.017036
2606.5049998760223	25.477736	124	0	0.030321	0.020084
2607.40700006485	13.538712	72	0	0.04232	0.017036
2608.5039999485016	31.918944	132	0	0.031591	0.020084
2609.4089999198914	14.633736	72	0	0.040274	0.017036
2610.5220000743866	33.748256	138	0	0.033541	0.020084
2611.406000137329	14.279776	72	0	0.038568	0.017036
2612.5069999694824	36.546936	160	0	0.032875	0.020084
2613.414999961853	15.314352	76	0	0.036166	0.017036
2614.5069999694824	42.432232	214	0	0.0307	0.020084
2615.4100000858307	13.325184	66	0	0.038072	0.017036
2616.507999897003	68.310832	324	0	0.032487	0.020084
2617.4110000133514	8.230776	80	0	0.045511	0.017036
2618.503000020981	97.058536	406	0	0.031314	0.020084
2619.4169998168945	10.507816	66	0	0.042791	0.017036
2620.5060000419617	69.873016	426	0	0.039298	0.020084
2621.4079999923706	14.645616	66	0	0.044388	0.017036
2622.5049998760223	87.262376	446	0	0.036769	0.020084
2623.4140000343323	13.64332	72	0	0.040931	0.017036
2624.503000020981	85.521712	586	0	0.034068	0.020084
2625.411999940872	8.759176	74	0	0.045142	0.017036
2626.5090000629425	109.237632	648	0	0.048265	0.020084
2627.4189999103546	9.109984	60	0	0.047339	0.017036
2628.50200009346	129.501144	656	0	0.054391	0.020084
2629.4110000133514	13.721648	64	0	0.037948	0.017036
2630.5049998760223	132.160032	684	0	0.039431	0.020084
2631.423000097275	17.912816	74	0	0.04149	0.017036
2632.5010001659393	137.388264	718	0	0.043503	0.020084
2633.422000169754	18.53968	84	0	0.038905	0.017036
2634.50200009346	137.388264	664	0	0.036375	0.020084
2635.4260001182556	1.966712	66	0	0.040839	0.017036
2636.507999897003	137.388264	640	0	0.03616	0.020084
2637.4079999923706	12.390896	74	0	0.039725	0.017036
2638.5090000629425	86.647296	632	0	0.045734	0.020084
2639.4199998378754	15.229032	74	0	0.042053	0.017036
2640.5049998760223	22.938608	642	0	0.041306	0.020084
2641.4089999198914	5.03116	68	0	0.040409	0.017036
2642.5039999485016	64.103296	652	0	0.033289	0.020084
2643.4079999923706	11.936128	66	0	0.046601	0.017036
2644.5069999694824	4.44384	498	0	0.052182	0.020084
2645.4100000858307	19.240024	68	0	0.042442	0.017036
2646.50200009346	54.7838	494	0	0.060475	0.020084
2647.4110000133514	17.098776	68	0	0.04596	0.017036
2648.50200009346	94.784504	506	0	0.038451	0.020084
2649.4089999198914	6.43992	80	0	0.062016	0.017036
2650.503000020981	90.26104	514	0	0.038821	0.020084
2651.4909999370575	11.42796	78	0	0.040953	0.017036
2652.5	94.506024	506	0	0.040859	0.020084
2653.4140000343323	16.548504	96	0	0.037979	0.017036
2654.5039999485016	84.029328	506	0	0.035362	0.020084
2655.4110000133514	12.50876	82	0	0.053439	0.017036
2656.5060000419617	77.388696	540	0	0.043851	0.020084
2657.430000066757	8.897424	64	0	0.05073	0.017036
2658.5049998760223	36.15752	588	0	0.042425	0.020084
2659.4110000133514	16.103176	82	0	0.048787	0.017036
2660.5039999485016	102.39064	588	0	0.043503	0.020084
2661.4100000858307	1.940568	72	0	0.053794	0.017036
2662.503000020981	125.801712	626	0	0.045004	0.020084
2663.4189999103546	11.619136	70	0	0.047607	0.017036
2664.5039999485016	35.31164	658	0	0.033613	0.020084
2665.4079999923706	17.658888	76	0	0.039985	0.017036
2666.5010001659393	132.667304	630	0	0.03997	0.020084
2667.4110000133514	7.926536	72	0	0.055091	0.017036
2668.496999979019	120.967984	630	0	0.054568	0.020084
2669.4089999198914	12.591088	74	0	0.041559	0.017036
2670.503000020981	120.967984	638	0	0.046278	0.020084
2671.406000137329	19.6444	88	0	0.035925	0.017036
2672.5060000419617	122.292896	630	0	0.046796	0.020084
2673.4089999198914	5.746304	88	0	0.048864	0.017036
2674.503000020981	139.423712	648	0	0.044767	0.020084
2675.417999982834	17.16992	88	0	0.046315	0.017036
2676.5049998760223	94.314832	734	0	0.045509	0.020084
2677.4140000343323	3.553488	92	0	0.053744	0.017036
2678.5039999485016	110.084656	640	0	0.038842	0.020084
2679.414999961853	19.413544	82	0	0.042009	0.017036
2680.50200009346	98.820848	610	0	0.052332	0.020084
2681.582000017166	18.23704	74	0	0.032938	0.017036
2682.5010001659393	19.179528	612	0	0.049047	0.020084
2684.2799999713898	16.193416	76	0	0.037838	0.017036
2684.510999917984	110.429176	550	0	0.054993	0.020084
2686.510999917984	95.255344	542	0	0.044213	0.020084
2686.891000032425	11.353832	66	3	0.066764	0.017036
2688.523999929428	129.3898	552	0	0.042776	0.020084
2689.167999982834	9.987936	68	0	0.038816	0.017036
2690.5060000419617	71.64916	578	0	0.044835	0.020084
2691.0789999961853	16.646696	82	0	0.044642	0.017036
2692.5039999485016	67.793544	568	0	0.045823	0.020084
2693.1480000019073	17.309224	70	0	0.043627	0.017036
2694.5060000419617	108.631976	606	0	0.048844	0.020084
2695.4370000362396	4.194496	64	0	0.043372	0.016819
2696.5060000419617	95.880888	614	0	0.049582	0.020084
2697.8399999141693	13.155576	64	0	0.047788	0.016819
2698.503000020981	132.759976	596	0	0.037193	0.020084
2700.5060000419617	113.525216	538	0	0.04039	0.020084
2700.766000032425	10.976224	52	0	0.042267	0.016819
2702.5060000419617	93.241312	586	0	0.044431	0.020084
2703.955999851227	18.916736	68	0	0.037425	0.016819
2704.5060000419617	127.753024	540	0	0.051802	0.020084
2706.5049998760223	4.374064	530	0	0.041473	0.020084
2706.7190001010895	15.777352	86	0	0.044083	0.016819
2708.5119998455048	104.33004	552	0	0.040082	0.020084
2709.016000032425	13.528952	58	0	0.045768	0.016819
2710.5049998760223	106.447904	556	0	0.045637	0.020084
2711.3229999542236	11.048712	74	0	0.047771	0.016819
2712.5049998760223	85.347376	566	0	0.040818	0.020084
2712.8540000915527	13.238816	72	0	0.051411	0.016819
2714.319000005722	9.035072	76	0	0.042046	0.016819
2714.5060000419617	110.928768	552	0	0.055737	0.020084
2715.226000070572	8.886424	58	0	0.037604	0.016819
2716.503000020981	10.439992	648	0	0.040334	0.020084
2717.383999824524	17.117864	74	0	0.045128	0.016819
2718.515000104904	127.37752	648	0	0.043292	0.020084
2720.0869998931885	7.451088	68	0	0.032421	0.016819
2720.5049998760223	3.893992	630	0	0.053287	0.020084
2722.0199999809265	17.775344	78	0	0.048774	0.016819
2722.50200009346	93.871648	566	0	0.044775	0.020084
2724.3519999980927	17.532624	76	0	0.040888	0.016819
2724.4990000724792	69.03356	566	0	0.055387	0.020084
2726.496999979019	4.182448	576	0	0.044652	0.020084
2726.6930000782013	6.871888	74	0	0.059635	0.016819
2728.496999979019	35.849608	500	0	0.049378	0.020084
2729.87700009346	5.274752	68	0	0.040161	0.016819
2730.4980001449585	72.30184	506	0	0.040185	0.020084
2732.5	114.026368	486	0	0.039051	0.020084
2733.0009999275208	17.378128	66	0	0.044993	0.016819
2733.1490001678467	15.715264	66	0	0.042937	0.016819
2733.59299993515	9.896208	64	0	0.043675	0.016819
2734.470999956131	6.115	60	0	0.054216	0.016819
2734.5	99.2972	865	0	0.043282	0.020084
2735.6070001125336	14.31912	78	9	0.054156	0.016819
2736.4009997844696	9.480712	72	0	0.04331	0.016819
2736.4980001449585	121.749816	864	0	0.053418	0.020533
2737.414999961853	12.352864	70	0	0.037042	0.016819
2738.5010001659393	79.1288	739	0	0.04799	0.020533
2739.4140000343323	13.984976	80	0	0.047002	0.016819
2740.5010001659393	4.807464	578	0	0.04437	0.020533
2741.4130001068115	13.154544	78	0	0.038877	0.016819
2742.5010001659393	119.342376	586	0	0.042866	0.020533
2743.4100000858307	14.51296	84	0	0.043062	0.016819
2744.5209999084473	142.694664	606	0	0.034496	0.020533
2746.5049998760223	122.162992	606	0	0.049152	0.020533
2748.496999979019	110.26016	616	0	0.054262	0.020533
2750.503000020981	58.189784	604	0	0.036058	0.020533
2752.4990000724792	119.244776	682	0	0.059017	0.020533
2754.50200009346	116.791536	666	0	0.037085	0.020533
2756.5	135.235768	635	0	0.054701	0.020533
2757.3759999275208	4.565968	60	0	0.047576	0.016819
2757.5129997730255	13.9276	60	0	0.03798	0.016819
2757.6870000362396	15.774784	4	0	0.034623	0.016819
2758.0169999599457	11.255192	78	10	0.034206	0.016819
2758.114000082016	15.508952	72	0	0.037571	0.016819
2758.1660001277924	15.508952	72	8	0.037376	0.016819
2758.3300001621246	14.814704	72	0	0.056257	0.016819
2758.5099999904633	139.983392	674	0	0.055465	0.020533
2758.763000011444	9.900008	78	0	0.041341	0.016819
2759.039999961853	9.045784	78	0	0.090173	0.016819
2760.50200009346	108.819248	675	0	0.040906	0.020533
2762.5060000419617	107.122184	674	0	0.051479	0.020533
2764.4990000724792	128.796024	678	0	0.044013	0.020533
2766.5090000629425	128.796024	672	0	0.038788	0.020533
2768.5	91.182472	616	0	0.038149	0.020533
2770.4990000724792	89.664496	586	0	0.04842	0.020533
2772.5099999904633	113.21008	518	0	0.041907	0.020533
2774.5060000419617	112.036232	522	0	0.034432	0.020533
2776.496999979019	119.186384	526	0	0.035658	0.020533
2778.5250000953674	96.688752	579	0	0.037442	0.020533
2780.4960000514984	90.244728	500	0	0.036154	0.020533
2782.5010001659393	28.435624	500	0	0.041231	0.020533
2784.4980001449585	105.44196	514	0	0.04452	0.020533
2786.4990000724792	81.59592	514	0	0.033063	0.020533
2788.4960000514984	114.31004	514	0	0.034778	0.020533
2790.4980001449585	86.736072	574	0	0.039372	0.020533
2792.5060000419617	123.330176	600	0	0.04129	0.020533
2794.4960000514984	136.100008	700	0	0.050834	0.020533
2796.496999979019	128.64228	714	0	0.049233	0.020533
2798.515000104904	15.466888	672	0	0.040146	0.020533
2800.4990000724792	109.116384	672	0	0.05545	0.020533
2802.4919998645782	115.910872	682	0	0.044997	0.020533
2804.5	97.796536	586	0	0.049518	0.020533
2806.5250000953674	128.051472	586	0	0.042122	0.020533
2808.4990000724792	107.847544	586	0	0.037115	0.020533
2810.4960000514984	94.058312	614	0	0.053473	0.020533
2812.496999979019	57.351712	614	0	0.04436	0.020533
2814.503000020981	87.414808	612	0	0.05221	0.020533
2816.5060000419617	108.570912	624	0	0.045873	0.020533
2818.503000020981	102.260536	620	0	0.062677	0.020533
2820.496999979019	90.530304	638	0	0.060832	0.020533
2822.5049998760223	89.844592	630	0	0.040255	0.020533
2824.4950001239777	114.37024	566	0	0.048887	0.020533
2826.496999979019	114.37024	576	0	0.038794	0.020533
2828.4960000514984	87.08748	624	0	0.049126	0.020533
2830.496999979019	87.08748	634	0	0.03978	0.020533
2832.4960000514984	67.36912	624	0	0.078231	0.020533
2834.4980001449585	68.296472	624	0	0.043185	0.020533
2836.5	11.176312	634	0	0.047772	0.020533
2838.74799990654	127.239688	624	0	0.04065	0.020533
2840.746999979019	113.490872	618	0	0.034876	0.020533
2842.7460000514984	113.490872	628	0	0.043411	0.020533
2844.510999917984	113.490872	586	0	0.058278	0.020533
2846.7430000305176	13.460512	586	0	0.039397	0.020533
2848.7490000724792	95.888104	428	0	0.048342	0.020533
2850.7430000305176	90.734624	422	0	0.033903	0.020533
2852.744999885559	83.745016	438	0	0.034457	0.020533
2854.5250000953674	83.745016	493	0	0.032421	0.020533
2856.744999885559	1.068072	474	0	0.030672	0.020533
2858.760999917984	32.099224	474	0	0.033063	0.020533
2860.746999979019	62.05632	474	0	0.037141	0.020533
2862.74799990654	109.600432	592	0	0.031922	0.020533
2864.7460000514984	60.039824	592	0	0.037285	0.020533
2866.7439999580383	60.039824	614	0	0.039079	0.020533
2868.7529997825623	129.874384	644	0	0.043549	0.020533
2870.744999885559	60.873984	630	0	0.050344	0.020533
2872.741000175476	60.873984	638	0	0.042237	0.020533
2874.74799990654	70.18264	638	0	0.034486	0.020533
2876.7490000724792	70.449784	628	0	0.039066	0.020533
2878.5469999313354	79.802816	372	0	0.043254	0.020533
2880.7460000514984	76.818952	396	0	0.033162	0.020533
2882.741000175476	87.854968	414	0	0.040091	0.020533
2884.746999979019	44.399872	400	0	0.03269	0.020533
2886.763000011444	90.126936	472	0	0.034028	0.020533
2888.7439999580383	86.016968	472	0	0.034739	0.020533
2890.7460000514984	106.732744	494	0	0.03554	0.020533
2892.7460000514984	106.732744	494	0	0.034689	0.020533
2894.7439999580383	106.732744	494	0	0.034262	0.020533
2896.821000099182	106.732744	747	0	0.151261	0.020533
2898.7430000305176	106.732744	536	0	0.033843	0.020533
2900.7460000514984	106.732744	524	0	0.034511	0.020533
2902.7460000514984	106.732744	524	0	0.03135	0.020896
2904.7460000514984	81.050192	395	0	0.041457	0.020896
2906.746999979019	80.359312	392	0	0.035099	0.020896
2908.7430000305176	73.741104	412	0	0.034133	0.020896
2910.7529997825623	69.437104	442	0	0.033503	0.020896
2912.741000175476	69.437104	442	0	0.034615	0.020896
2914.7460000514984	81.264672	448	0	0.037994	0.020896
2916.744999885559	81.264672	448	0	0.033149	0.020896
2918.741000175476	81.264672	438	0	0.033182	0.020896
2920.7430000305176	81.264672	438	0	0.038794	0.020896
2922.7460000514984	83.03488	456	0	0.037466	0.020896
2924.741000175476	65.18064	474	0	0.032224	0.020896
2926.739000082016	102.502368	526	0	0.034504	0.020896
2928.7430000305176	50.609352	510	0	0.044641	0.020896
2930.7439999580383	95.565224	427	0	0.055999	0.020896
2932.7439999580383	81.766256	396	0	0.032751	0.020896
2934.746999979019	98.510632	500	0	0.038689	0.020896
2936.7460000514984	123.722304	548	0	0.039041	0.020896
2938.75	123.118632	548	0	0.041735	0.020896
2940.7529997825623	118.415536	548	0	0.043956	0.020896
2942.7430000305176	105.748776	628	0	0.03851	0.020896
2944.744999885559	69.18384	576	0	0.042162	0.020896
2946.746999979019	119.357296	530	0	0.043612	0.020896
2948.7519998550415	119.357296	530	0	0.054505	0.020896
2950.739000082016	106.74068	538	0	0.038401	0.020896
2952.7430000305176	128.187032	543	0	0.033331	0.020896
2954.7430000305176	128.42236	566	0	0.041533	0.020896
2956.742000102997	128.42236	566	0	0.049884	0.020896
2958.7430000305176	105.074056	706	0	0.042187	0.020896
2960.746999979019	53.202784	576	0	0.038879	0.020896
2962.7400000095367	121.76068	576	0	0.043918	0.020896
2964.7460000514984	106.549512	546	0	0.035317	0.020896
2966.7439999580383	88.64568	494	0	0.035673	0.020896
2968.7430000305176	101.365168	494	0	0.039138	0.020896
