0.0	102.918944	2614	0	0.141821	0.141
2.7090003490448	102.918944	2614	0	0.141671	0.141
4.468000173568726	102.918944	2614	0	0.141769	0.141
5.561000108718872	102.918944	2614	0	0.14176	0.141
6.4730000495910645	102.918944	2602	0	0.146413	0.141
7.14300012588501	102.918944	2602	0	0.141684	0.141
7.820000171661377	102.918944	2602	0	0.141675	0.141
10.766000270843506	102.918944	2790	0	0.141662	0.141
11.95900011062622	102.918944	2790	0	0.141683	0.141
14.758000135421753	102.918944	2790	0	0.141643	0.141
16.757000207901	102.918944	2790	0	0.141695	0.141
18.76099991798401	102.918944	2790	0	0.141613	0.141
20.759000062942505	102.918944	2790	0	0.141773	0.141
22.758000135421753	102.918944	2790	0	0.141704	0.141
24.77400016784668	102.918944	2584	0	0.141596	0.141
26.586000204086304	102.918944	2584	0	0.141831	0.141
27.909000396728516	102.918944	2584	0	0.141688	0.141
30.755000114440918	102.918944	2584	0	0.141754	0.141
32.312000036239624	102.918944	2578	0	0.141584	0.141
34.76200032234192	14.86688	504	0	0.141627	0.141
36.59299993515015	18.710368	674	0	0.14161	0.141
38.79299998283386	23.293256	588	0	0.14158	0.141
40.0050003528595	29.542272	808	0	0.141666	0.141
42.16100001335144	30.220688	822	0	0.1416	0.141
44.79900026321411	37.436936	992	0	0.141708	0.141
46.75500011444092	47.097032	1204	0	0.141664	0.141
48.76099991798401	57.6278	1582	0	0.147868	0.141
50.76099991798401	60.719952	1624	0	0.141789	0.141
52.7720000743866	62.701712	1612	0	0.147047	0.141
54.76700019836426	70.258048	1798	0	0.14163	0.141
56.75999999046326	80.909088	2076	0	0.141695	0.141
58.759000062942505	86.187688	2208	0	0.141625	0.141
60.76400017738342	92.983248	2368	0	0.141908	0.141
63.783000230789185	103.479576	2642	0	0.141703	0.141
65.16100001335144	110.775616	2816	0	0.141636	0.141
67.16400003433228	2.778024	2868	0	0.14715	0.141
69.76099991798401	79.191728	2869	0	0.141512	0.141
71.7590000629425	79.191728	2938	0	0.141658	0.141
73.86300015449524	79.191728	2938	0	0.142031	0.141
75.86600017547607	79.191728	2938	0	0.141661	0.141
79.68200016021729	79.191728	2920	0	0.141607	0.141
82.34400010108948	37.604016	2930	0	0.141705	0.141
84.45800018310547	47.365776	1204	0	0.141696	0.141
85.77699995040894	49.738984	1274	0	0.141685	0.141
86.56600022315979	49.738984	1274	0	0.1417	0.141
87.75600004196167	49.738984	1268	0	0.141888	0.141
89.77100014686584	49.738984	1268	0	0.147175	0.141
91.757000207901	49.738984	1268	0	0.141881	0.141
93.91100025177002	49.738984	1268	0	0.141901	0.141
95.75000023841858	49.738984	1256	0	0.141933	0.141
97.76300024986267	49.738984	1256	0	0.141931	0.141
99.76500034332275	49.738984	1256	0	0.141691	0.141
101.7590000629425	49.738984	1256	0	0.141603	0.141
103.7660002708435	49.738984	1256	0	0.141796	0.141
106.73699998855591	49.738984	1266	0	0.141589	0.141
108.01600003242493	49.738984	1332	0	0.141866	0.141
109.76200032234192	49.738984	1332	0	0.141823	0.141
111.75999999046326	54.46868	1436	0	0.141849	0.141
113.76200032234192	27.733272	1438	0	0.141485	0.141
115.75999999046326	27.733272	1428	0	0.141737	0.141
117.75999999046326	27.733272	1428	0	0.141668	0.141
119.75800013542175	27.733272	1428	0	0.141682	0.141
121.76900005340576	27.733272	1434	0	0.141802	0.141
123.7590000629425	27.733272	1426	0	0.141692	0.141
125.80000019073486	27.733272	1430	0	0.141628	0.141
127.76700019836426	27.733272	1430	0	0.141703	0.141
129.76300024986267	58.80244	1464	0	0.141757	0.141
131.7590000629425	62.797872	1590	0	0.141747	0.141
133.76300024986267	62.797872	1590	0	0.141731	0.141
136.75800013542175	62.797872	1590	0	0.141561	0.141
138.75999999046326	62.797872	1590	0	0.141796	0.141
140.75800013542175	65.0068	1644	0	0.141604	0.141
142.76700019836426	67.175984	1685	0	0.141669	0.141
144.78200030326843	71.478464	1800	0	0.141695	0.141
146.7660002708435	58.53744	1920	0	0.142759	0.141
148.757000207901	78.88716	1934	0	0.141664	0.141
150.75999999046326	78.88716	1992	0	0.141767	0.141
152.7590000629425	78.88716	1996	0	0.141785	0.141
154.78400015830994	78.88716	1996	0	0.147257	0.141
156.757000207901	78.88716	1996	0	0.14163	0.141
158.76200032234192	78.88716	4	0	0.141648	0.141
160.760999917984	78.88716	1990	0	0.141604	0.141
162.75999999046326	78.88716	1996	0	0.141705	0.141
164.35000014305115	78.88716	1996	0	0.141571	0.141
166.757000207901	78.88716	1968	0	0.141572	0.141
168.757000207901	82.948688	2092	0	0.14168	0.141
170.7790002822876	82.948688	2086	0	0.141812	0.141
173.14900040626526	82.948688	2086	0	0.141644	0.141
175.05599999427795	82.948688	2092	0	0.147493	0.141
177.26200032234192	82.948688	2092	0	0.141666	0.141
178.76900005340576	82.948688	2084	0	0.141893	0.141
180.75800013542175	82.948688	2084	0	0.147376	0.141
182.76400017738342	3.184768	114	0	0.141689	0.141
184.48800015449524	6.096208	162	0	0.141741	0.141
186.75800013542175	9.82056	256	0	0.141639	0.141
188.78100037574768	8.26556	282	0	0.146993	0.141
190.75999999046326	13.606504	350	0	0.141626	0.141
192.76300024986267	14.478768	374	0	0.1416	0.141
194.7960000038147	15.753432	400	0	0.141604	0.141
196.75999999046326	17.35632	440	0	0.141673	0.141
198.75800013542175	18.67444	474	0	0.141577	0.141
200.7590000629425	19.462472	492	0	0.141611	0.141
202.76200032234192	19.462472	492	0	0.14163	0.141
204.8600001335144	21.056792	536	0	0.141634	0.141
206.768000125885	21.056792	536	0	0.141633	0.141
208.760999917984	21.056792	536	0	0.141604	0.141
210.75999999046326	21.922408	556	0	0.141617	0.141
212.75800013542175	21.922408	556	0	0.141597	0.141
214.85900020599365	22.932816	580	0	0.141645	0.141
216.768000125885	22.932816	578	0	0.141604	0.141
219.7720000743866	24.746376	622	0	0.14167	0.141
221.76200032234192	24.746376	622	0	0.147449	0.141
223.76400017738342	24.746376	622	0	0.141613	0.141
225.7660002708435	24.746376	622	0	0.141642	0.141
227.02200031280518	25.479912	648	0	0.141665	0.141
229.768000125885	25.479912	648	0	0.147449	0.141
231.760999917984	25.479912	648	0	0.141604	0.141
233.75800013542175	25.479912	4	0	0.141777	0.141
235.78200030326843	25.479912	648	0	0.141572	0.141
237.76300024986267	26.341272	666	0	0.141731	0.141
239.7960000038147	26.341272	666	0	0.141605	0.141
241.75999999046326	26.341272	666	0	0.141694	0.141
243.76300024986267	26.341272	666	0	0.141626	0.141
245.76300024986267	26.341272	666	0	0.14165	0.141
247.768000125885	26.341272	666	0	0.141629	0.141
249.7660002708435	26.341272	666	0	0.147642	0.141
251.75800013542175	27.117328	682	0	0.141647	0.141
253.78300023078918	33.085704	840	0	0.141623	0.141
255.76700019836426	35.83244	914	0	0.141817	0.141
257.7590000629425	35.83244	914	0	0.141896	0.141
259.76500034332275	35.83244	914	0	0.141815	0.141
261.7660002708435	35.83244	914	0	0.141593	0.141
265.76500034332275	37.40796	949	0	0.141615	0.141
267.768000125885	38.42284	4	0	0.141716	0.141
269.7990002632141	39.418008	992	0	0.141752	0.141
272.7620003223419	39.418008	994	0	0.142127	0.141
274.86300015449524	39.418008	994	0	0.141758	0.141
276.77699995040894	39.418008	994	0	0.141834	0.141
278.14600014686584	39.418008	994	0	0.142114	0.141
