0.0	0.142288	14	0	0.187656	0.164168
0.4480001926422119	0.905016	39	0	0.159944	0.150555
0.6810002326965332	0.906376	40	0	0.157892	0.144548
1.1480004787445068	2.421024	86	2	0.158977	0.131811
1.6740002632141113	4.068776	164	0	0.107518	0.084617
2.013000249862671	17.22956	278	0	0.106833	0.082481
2.582000255584717	3.27456	200	0	0.113265	0.033428
3.308000326156616	2.863104	186	0	0.107375	0.033428
3.7300002574920654	1.027488	191	0	0.153716	0.033428
4.189000368118286	1.31512	192	0	0.109242	0.033428
5.736000061035156	0.82928	160	0	0.123091	0.033428
7.6610002517700195	8.751912	206	0	0.118912	0.033428
9.482000350952148	0.633176	206	0	0.174873	0.033428
12.031000137329102	14.66132	220	0	0.097553	0.033428
13.707000255584717	14.68756	220	0	0.081222	0.033428
16.045000314712524	0.594904	279	0	0.184593	0.033428
17.665000200271606	0.661888	344	0	0.089116	0.033428
19.67300033569336	3.62432	336	0	0.130683	0.033428
21.717000246047974	0.146176	306	0	0.112136	0.033428
23.730000257492065	0.289424	378	0	0.114846	0.033428
25.707000255584717	0.069016	378	0	0.13508	0.033428
27.615000247955322	4.168288	352	0	0.13058	0.033428
29.599000215530396	7.893072	182	0	0.05253	0.032098
31.580000400543213	3.037088	140	0	0.105904	0.032098
33.58200025558472	14.381664	152	0	0.054504	0.031852
35.58000040054321	5.5594	188	0	0.078098	0.031768
37.60200023651123	0.850896	188	0	0.09929	0.031768
39.58200025558472	15.345544	156	0	0.086995	0.031768
41.59500026702881	10.719528	164	0	0.088352	0.031768
43.623000144958496	16.418352	180	0	0.073979	0.031768
45.622000217437744	12.721264	276	0	0.101604	0.031768
47.62600016593933	1.378776	276	0	0.143542	0.031768
49.58000040054321	0.91644	250	0	0.128728	0.031768
51.581000328063965	3.510928	204	0	0.104371	0.031768
53.60700011253357	14.720512	208	0	0.090066	0.031768
55.58800029754639	0.160112	202	0	0.103267	0.031768
57.634000301361084	0.568984	196	0	0.085156	0.031768
59.593000411987305	1.192656	186	0	0.109212	0.031768
61.61400032043457	1.800032	204	0	0.10119	0.031768
63.60100030899048	0.519464	174	0	0.109964	0.031768
65.59600043296814	0.215208	190	0	0.086273	0.031768
67.60000014305115	13.57644	190	0	0.098387	0.031768
69.60400032997131	2.162272	196	0	0.130243	0.031768
71.61400032043457	0.40424	218	0	0.098591	0.031768
73.60300016403198	6.622488	192	0	0.073074	0.031768
75.57900023460388	2.590912	192	0	0.086994	0.031768
77.5920000076294	14.708232	200	0	0.046941	0.031768
79.59600043296814	14.781952	200	0	0.109383	0.031768
81.60400032997131	7.17188	204	0	0.062354	0.031768
83.68200016021729	1.706928	197	0	0.099848	0.031768
85.85600018501282	1.864816	324	0	0.130301	0.031398
87.58900022506714	11.095144	290	1	0.103283	0.031398
90.54800033569336	0.324136	196	0	0.062651	0.031398
91.58200025558472	0.555576	178	0	0.060903	0.031398
93.58900022506714	14.059824	170	0	0.070062	0.031398
95.58500027656555	11.866424	171	0	0.114725	0.031398
97.58200025558472	0.37632	204	0	0.096805	0.031398
99.60200023651123	0.31452	222	0	0.102597	0.031398
101.5920000076294	9.631808	156	0	0.036168	0.031398
103.60200023651123	8.3184	200	0	0.108385	0.031398
105.6170003414154	6.15084	200	0	0.07192	0.031398
107.60100030899048	11.58984	212	0	0.102383	0.031398
109.6170003414154	1.228696	188	0	0.090708	0.031398
111.58900022506714	16.51116	180	0	0.086047	0.031398
113.59500026702881	15.704592	210	0	0.082451	0.031398
115.60300016403198	4.641328	204	0	0.104276	0.031398
117.6870002746582	1.16052	202	0	0.10285	0.031398
119.66800045967102	0.543832	282	0	0.138456	0.031398
121.57600021362305	0.261408	264	0	0.107482	0.031398
123.59600043296814	4.281848	180	0	0.125124	0.031398
125.65100026130676	5.124928	182	0	0.096167	0.031398
127.5930004119873	0.590544	204	0	0.10431	0.031398
129.64900040626526	12.143896	259	0	0.123206	0.031398
131.57700037956238	17.592032	250	0	0.086991	0.031398
133.57600021362305	16.33036	252	0	0.099754	0.031398
135.6170003414154	15.533288	224	0	0.070539	0.031398
137.61600017547607	5.175768	180	0	0.081247	0.031398
139.5970003604889	21.3612	182	0	0.071498	0.031398
141.5880002975464	1.85752	174	0	0.097081	0.031398
143.59800028800964	1.365424	178	0	0.104927	0.031398
145.6100001335144	0.154232	302	0	0.116874	0.031398
147.5900001525879	9.091496	240	0	0.103801	0.031398
149.59800028800964	18.671624	192	0	0.079668	0.031398
151.60300016403198	0.171424	198	0	0.09446	0.031398
153.60500025749207	6.211912	196	0	0.0502	0.031398
155.60800004005432	0.495784	158	0	0.100746	0.031398
157.5970003604889	3.435448	146	0	0.10239	0.031398
159.5800004005432	3.32452	130	0	0.054424	0.031398
161.5880002975464	2.340632	106	0	0.054331	0.031398
163.58500027656555	9.115288	148	0	0.041118	0.031398
165.83100008964539	3.87636	148	0	0.090109	0.031398
167.58700013160706	19.803048	134	0	0.053725	0.031398
169.83600044250488	19.500816	134	0	0.068356	0.031398
171.58900022506714	19.766696	134	0	0.065468	0.031398
173.84100031852722	8.861784	134	0	0.042046	0.031398
175.8380002975464	15.840952	142	0	0.046843	0.031398
177.83300042152405	0.19372	86	0	0.078267	0.031398
179.8340003490448	5.26096	94	0	0.070062	0.031398
181.83200001716614	0.177992	108	0	0.045943	0.031398
183.82800030708313	18.928816	120	0	0.037626	0.030906
185.83600044250488	20.166376	128	0	0.050148	0.030906
187.83600044250488	19.010064	128	0	0.040452	0.030906
189.84400033950806	4.994352	128	0	0.059443	0.030906
191.65900015830994	20.961752	130	0	0.038953	0.030906
193.8400001525879	19.40756	130	0	0.035596	0.030906
195.83500027656555	19.071608	150	0	0.047557	0.030906
197.83500027656555	18.368112	146	0	0.043127	0.030906
199.83000016212463	10.32416	146	0	0.054067	0.030906
201.83100008964539	19.457008	144	0	0.043341	0.030906
203.83500027656555	1.477168	144	0	0.05379	0.030906
205.8340003490448	13.277848	136	0	0.04763	0.030906
207.83500027656555	19.445752	140	0	0.052653	0.030906
209.83600044250488	13.506792	144	0	0.057879	0.030906
211.8340003490448	19.220248	142	0	0.042803	0.030906
213.83100008964539	13.781464	132	0	0.054384	0.030906
215.6650002002716	8.736712	130	0	0.042537	0.030906
217.84100031852722	17.46612	146	0	0.04047	0.030906
219.84100031852722	18.419624	146	0	0.0396	0.030906
221.8400001525879	0.490296	152	0	0.052941	0.030906
223.8380002975464	19.037296	134	0	0.047758	0.030906
225.8380002975464	13.239864	142	0	0.041487	0.030906
227.83700037002563	15.508992	142	0	0.053466	0.030906
229.8380002975464	17.461088	142	0	0.054559	0.030906
231.82900023460388	2.177344	132	0	0.070691	0.030906
233.84100031852722	16.692784	144	0	0.064656	0.030906
235.83700037002563	8.841056	148	0	0.043446	0.030906
237.83700037002563	18.9656	134	0	0.062644	0.030906
239.8400001525879	10.008088	134	0	0.035372	0.030906
241.83900022506714	19.431208	170	0	0.067415	0.030906
243.83500027656555	14.914952	133	0	0.060795	0.030906
245.83100008964539	19.933112	176	0	0.036944	0.030906
247.83000016212463	19.8826	176	0	0.066818	0.030906
249.82800030708313	20.175872	176	0	0.051028	0.030906
251.84200024604797	19.496112	134	0	0.05428	0.030906
253.84400033950806	19.25128	134	0	0.062205	0.030906
255.83700037002563	0.436376	138	0	0.071008	0.030906
257.83000016212463	20.209496	144	0	0.043608	0.030906
259.8290002346039	20.20484	138	0	0.048835	0.030906
261.83000016212463	18.633104	134	0	0.03593	0.030906
263.8270001411438	9.228424	146	0	0.043683	0.030906
265.8430001735687	17.512472	144	0	0.0408	0.030906
267.83700037002563	18.32588	142	0	0.036373	0.030906
269.83900022506714	19.4522	130	0	0.035907	0.030906
271.83200001716614	18.967992	128	0	0.054252	0.030906
273.83200001716614	18.550984	172	0	0.042341	0.030906
275.842000246048	20.294488	156	0	0.085767	0.030906
277.83500027656555	15.50316	163	0	0.081687	0.030906
279.83900022506714	0.654912	152	0	0.071314	0.030906
281.83200001716614	2.95908	119	0	0.071887	0.030906
283.8430001735687	19.920296	132	0	0.053603	0.030906
285.83300042152405	20.108984	156	0	0.06917	0.030906
287.8400001525879	2.35104	34	2	0.073392	0.030906
289.83200001716614	14.563584	134	0	0.07811	0.030906
291.84600019454956	0.16232	158	0	0.072282	0.030906
293.94700026512146	16.252712	158	2	0.080643	0.030906
297.40300011634827	2.185112	138	0	0.074208	0.030906
298.9260003566742	7.395064	108	5	0.070679	0.030906
300.9570002555847	12.115536	104	0	0.053972	0.030906
303.1190001964569	3.501448	94	0	0.083573	0.030906
305.91000032424927	9.828888	112	30	0.035549	0.030906
307.65700030326843	12.024072	104	0	0.061885	0.030906
309.1630001068115	10.9472	94	3	0.069804	0.030906
311.4900002479553	9.44252	132	0	0.102171	0.030906
313.3380002975464	12.748072	186	45	0.072587	0.030906
315.0760004520416	12.06012	118	0	0.069964	0.030906
317.27500009536743	7.65988	184	0	0.090942	0.030906
319.0600004196167	6.608928	108	0	0.091117	0.030906
321.0640001296997	0.322784	96	0	0.072991	0.030906
322.62200021743774	6.608112	86	5	0.07173	0.030906
325.9390001296997	0.958552	96	0	0.085453	0.030906
326.40300011634827	7.11536	100	0	0.088237	0.030906
327.83200001716614	0.452912	110	0	0.07846	0.030906
329.8430001735687	0.598776	70	0	0.084753	0.030906
334.03600025177	8.173048	88	46	0.07445	0.030906
334.62400007247925	0.247096	86	0	0.076796	0.030906
335.83900022506714	8.956608	78	0	0.039371	0.030906
337.8310000896454	14.961672	122	0	0.043692	0.030906
339.8450002670288	1.782448	139	0	0.080362	0.030906
342.1100001335144	9.411264	140	6	0.05685	0.030906
343.83300042152405	1.77524	130	0	0.053131	0.030906
345.8310000896454	0.499288	132	0	0.052349	0.030906
347.8450002670288	1.620704	4	0	0.052806	0.030906
349.83300042152405	18.142424	144	0	0.06543	0.030906
351.83700037002563	4.009552	128	0	0.070556	0.030906
353.84400033950806	8.91352	108	0	0.045729	0.030906
355.83900022506714	0.706192	70	0	0.072536	0.030906
357.8360004425049	17.774184	122	0	0.062579	0.030838
359.8360004425049	6.387552	126	0	0.062396	0.030838
361.83900022506714	0.531328	88	0	0.085585	0.030838
363.8410003185272	0.328656	124	0	0.053321	0.030838
365.8410003185272	10.94804	90	0	0.073208	0.030838
367.842000246048	11.7478	94	0	0.032898	0.03077
369.83900022506714	10.276256	92	0	0.043563	0.03077
371.8430001735687	12.070368	96	0	0.036139	0.03077
373.8360004425049	13.874912	118	0	0.043286	0.03077
375.8340003490448	3.328144	140	0	0.045253	0.03077
377.8580002784729	7.321456	134	0	0.063553	0.03077
379.8380002975464	19.213784	152	0	0.047526	0.03077
381.85900020599365	3.562264	146	0	0.086205	0.03077
383.8410003185272	10.3152	102	0	0.045361	0.03077
385.8450002670288	3.96604	92	0	0.074507	0.03077
387.8430001735687	12.935616	92	0	0.03976	0.03077
389.83900022506714	12.985672	100	0	0.046143	0.030642
391.8360004425049	0.935592	86	0	0.051127	0.030642
393.8450002670288	12.624168	88	0	0.037396	0.030642
395.842000246048	14.373608	100	0	0.037976	0.030642
397.83700037002563	18.50412	126	0	0.042951	0.030579
399.83500027656555	19.716232	124	0	0.044688	0.030579
401.84600019454956	17.743792	162	0	0.071413	0.030579
403.83900022506714	19.956152	126	0	0.038816	0.030579
405.83300042152405	19.196712	162	0	0.064248	0.030579
407.8470001220703	8.22756	134	0	0.048045	0.030579
409.8450002670288	18.528744	136	0	0.049663	0.030579
411.8400001525879	16.023968	154	0	0.052333	0.030579
414.0900001525879	19.475256	138	0	0.079315	0.030579
415.8470001220703	0.842456	144	0	0.074975	0.030579
417.8510000705719	8.075928	144	0	0.049853	0.030579
420.09200048446655	15.20076	128	0	0.047597	0.030579
421.92900037765503	15.03872	106	0	0.046845	0.030579
424.0860002040863	19.964592	194	0	0.034161	0.030579
426.08500027656555	20.58624	130	0	0.072358	0.030579
428.09200048446655	19.97776	128	0	0.060221	0.030579
430.09400033950806	15.407064	130	0	0.05156	0.030579
432.0840003490448	18.097544	128	0	0.03774	0.030579
434.09200048446655	18.366816	126	0	0.058368	0.030579
436.09600019454956	19.751376	152	0	0.056329	0.030579
438.08700013160706	19.594088	156	0	0.060199	0.030579
440.0990002155304	19.490552	140	0	0.059266	0.030579
442.0880000591278	20.00652	156	0	0.034893	0.030579
444.0860002040863	17.185296	142	0	0.053887	0.030579
445.904000043869	17.377904	111	0	0.035338	0.030579
448.09200048446655	19.95584	128	0	0.051443	0.030579
450.09100008010864	19.902408	126	0	0.051707	0.030579
452.08900022506714	8.25312	126	0	0.045713	0.030579
454.09100008010864	19.51384	150	0	0.053072	0.030579
456.0970003604889	8.041552	160	0	0.051104	0.030579
458.0990002155304	10.730736	154	0	0.079063	0.030579
460.09200048446655	1.720176	114	0	0.079972	0.030579
462.08500027656555	16.322144	108	0	0.052943	0.030579
464.0880000591278	13.604776	150	0	0.055706	0.030579
466.09100008010864	19.100016	142	0	0.050317	0.030579
468.09100008010864	18.701176	130	0	0.061976	0.030579
469.9190001487732	18.322936	134	0	0.039192	0.030579
472.0900001525879	16.803152	122	0	0.084152	0.030579
474.0900001525879	13.853192	96	0	0.060583	0.030579
476.08500027656555	20.58964	130	0	0.03429	0.030579
478.0950002670288	0.88496	126	0	0.069487	0.030579
480.0930004119873	20.678168	132	0	0.035969	0.030579
482.0880000591278	1.92576	166	0	0.084531	0.030579
484.09800028800964	1.536232	132	0	0.070387	0.030579
486.0990002155304	20.203728	126	0	0.041362	0.030579
488.0990002155304	18.812376	134	0	0.038694	0.030579
490.0970003604889	9.4794	134	0	0.038827	0.030579
492.0930004119873	18.489632	130	0	0.045049	0.030579
493.9230000972748	19.203176	128	0	0.050468	0.030579
496.0860002040863	8.094248	128	0	0.053791	0.030579
498.0900001525879	12.503056	188	0	0.075715	0.030579
500.0860002040863	20.01172	134	0	0.041856	0.030579
502.0950002670288	18.854712	130	0	0.044623	0.030579
504.08700013160706	20.097616	132	0	0.034757	0.030579
506.09800028800964	5.147344	132	0	0.052191	0.030579
508.0990002155304	18.569152	130	0	0.054058	0.030579
510.0930004119873	18.939952	139	0	0.066514	0.030579
512.0910000801086	20.229984	132	0	0.070325	0.030579
514.0930004119873	1.893416	128	0	0.052971	0.030579
516.0990002155304	20.368392	130	0	0.063739	0.030579
518.1000003814697	15.787704	134	0	0.041172	0.030579
520.0990002155304	2.674656	132	0	0.054046	0.030579
522.0910000801086	19.97652	154	0	0.058855	0.030579
524.0930004119873	8.047136	134	0	0.065436	0.030579
526.1010003089905	19.113072	148	0	0.047464	0.030579
528.0960001945496	19.335952	150	0	0.035428	0.030579
530.0950002670288	3.691248	140	0	0.055133	0.030579
532.0950002670288	14.530712	140	0	0.07738	0.030579
534.1000003814697	9.755912	80	0	0.063772	0.030579
536.0910000801086	0.623016	76	0	0.05335	0.030579
538.0890002250671	7.705064	92	0	0.049457	0.030579
540.1020002365112	8.525176	118	0	0.034139	0.030579
542.0960001945496	12.41848	114	0	0.041099	0.030579
544.1010003089905	17.59036	134	0	0.041143	0.030579
546.0970003604889	2.881864	138	0	0.053312	0.030579
548.0970003604889	5.74792	122	0	0.054052	0.030579
550.0980002880096	1.7258	120	0	0.051968	0.030579
552.0920004844666	8.943712	132	0	0.039034	0.030579
554.0970003604889	10.837776	138	0	0.053103	0.030579
556.0930004119873	18.950784	138	0	0.058531	0.030579
558.0960001945496	20.35476	172	0	0.060998	0.030579
560.0910000801086	19.979048	172	0	0.056893	0.030579
562.087000131607	18.934056	134	0	0.04709	0.030579
564.0950002670288	17.907456	132	0	0.051315	0.030579
566.0990002155304	18.594936	132	0	0.050344	0.030579
568.1010003089905	17.381576	132	0	0.052093	0.030579
570.1000003814697	20.296136	130	0	0.041236	0.030579
572.0910000801086	11.436688	130	0	0.052365	0.030579
574.0920004844666	19.475848	170	0	0.066082	0.030579
576.094000339508	18.57548	166	0	0.033647	0.030579
578.0900001525879	20.005232	128	0	0.04196	0.030579
580.0920004844666	19.440968	130	0	0.050329	0.030579
582.0930004119873	9.524072	158	0	0.047251	0.030579
584.0990002155304	20.232784	136	0	0.050281	0.030579
586.0910000801086	9.075496	136	0	0.040261	0.030579
588.094000339508	19.128448	140	0	0.068364	0.030579
590.0960001945496	8.416088	172	0	0.046556	0.030579
592.0950002670288	18.541536	136	0	0.073821	0.030579
594.1010003089905	18.80808	130	0	0.061825	0.030579
596.094000339508	18.618848	130	0	0.048465	0.030579
598.094000339508	19.19812	152	0	0.048949	0.030579
600.0930004119873	20.24452	130	0	0.036263	0.030579
602.1040000915527	20.054944	130	0	0.053146	0.030579
604.0950002670288	11.95772	152	0	0.056308	0.030579
606.1000003814697	20.218368	128	0	0.074796	0.030579
608.0910000801086	18.549584	128	0	0.064334	0.030579
610.1020002365112	17.268224	126	0	0.047671	0.030579
612.1010003089905	2.837528	126	0	0.07754	0.030579
614.0990002155304	19.844456	128	0	0.043776	0.030579
616.1020002365112	17.914104	128	0	0.050019	0.030579
618.1010003089905	1.82048	128	0	0.052198	0.030579
620.0990002155304	19.019848	132	0	0.034131	0.030579
622.1020002365112	5.8614	132	0	0.076292	0.030579
624.1010003089905	20.118608	152	0	0.034076	0.030579
626.1020002365112	17.588904	154	0	0.041805	0.030579
628.1020002365112	19.594024	154	0	0.053295	0.030579
630.0990002155304	1.495736	133	0	0.054535	0.030579
632.0970003604889	20.16364	158	0	0.04131	0.030579
634.0970003604889	9.182248	134	0	0.039534	0.030579
636.0900001525879	19.10076	140	0	0.047748	0.030579
638.0990002155304	9.902424	130	0	0.034932	0.030579
640.0990002155304	16.284368	130	0	0.07823	0.030579
642.094000339508	15.253448	134	0	0.074213	0.030579
644.0910000801086	19.66724	140	0	0.073596	0.030579
646.0980002880096	6.136216	134	0	0.06062	0.030579
648.103000164032	1.11448	86	0	0.052459	0.030579
650.4170002937317	15.344704	100	0	0.047292	0.030579
652.478000164032	0.874784	102	0	0.073809	0.030579
654.1050002574921	0.629584	128	0	0.053146	0.030579
656.0970003604889	19.963608	130	0	0.054199	0.030579
658.1080002784729	12.634928	136	0	0.034553	0.030579
660.1050002574921	19.748592	128	0	0.071791	0.030579
662.103000164032	20.049496	132	0	0.037274	0.030579
664.1020002365112	0.88844	136	0	0.063416	0.030579
666.1060001850128	11.360792	136	0	0.060635	0.030579
668.3540003299713	16.545416	122	0	0.042199	0.030579
670.3500001430511	1.61664	130	0	0.051846	0.030579
672.3500001430511	18.083232	116	0	0.032757	0.030579
674.3480002880096	20.304496	138	0	0.07004	0.030579
676.3530004024506	20.010952	132	0	0.07102	0.030579
678.3560004234314	2.648416	134	0	0.054216	0.030579
680.3440001010895	3.04144	124	0	0.053344	0.030579
682.3490002155304	9.99572	198	0	0.034321	0.030579
684.3430001735687	4.339184	182	0	0.084768	0.030579
686.3430001735687	8.549824	148	0	0.049254	0.030579
688.3510000705719	17.872984	117	0	0.0538	0.030579
690.3550002574921	2.048096	4	0	0.083052	0.030579
692.342000246048	1.452192	70	0	0.068919	0.030579
694.3440001010895	0.466184	50	0	0.070747	0.030579
696.3519999980927	8.543304	66	0	0.041805	0.030579
698.3490002155304	14.664368	106	0	0.032571	0.030583
700.3430001735687	13.749904	120	0	0.047844	0.030583
702.3530004024506	17.521008	118	0	0.049737	0.030583
704.3490002155304	18.514728	126	0	0.032691	0.030583
706.3450002670288	2.320032	122	0	0.0532	0.030583
708.3480002880096	4.941208	192	0	0.056259	0.030583
710.3560004234314	18.148752	148	0	0.034886	0.030583
712.3530004024506	0.59084	126	0	0.064256	0.030583
714.3450002670288	0.137952	134	0	0.071596	0.030583
716.3470001220703	19.552528	150	0	0.074005	0.030583
718.3450002670288	19.853392	130	0	0.065255	0.030583
720.3600001335144	8.065672	124	0	0.047917	0.030583
722.3460001945496	0.905048	132	0	0.070026	0.030583
724.3510000705719	15.369496	142	0	0.080712	0.030583
726.3470001220703	20.388384	132	0	0.063915	0.030583
728.3600001335144	19.930696	132	0	0.075389	0.030583
730.3580002784729	19.539032	140	0	0.066667	0.030583
732.3590002059937	0.660408	128	0	0.052975	0.030583
734.3510000705719	20.050424	130	0	0.049347	0.030583
736.3550002574921	12.24132	128	0	0.054167	0.030583
738.3510000705719	19.923032	128	0	0.046487	0.030583
740.3580002784729	3.06688	180	0	0.056689	0.030583
742.3480002880096	18.999152	132	0	0.060835	0.030583
744.3490002155304	8.174712	124	0	0.047934	0.030583
746.3550002574921	19.72564	132	0	0.061821	0.030583
748.3560004234314	18.343144	128	0	0.061095	0.030583
750.3590002059937	2.111688	144	0	0.055947	0.030583
752.3560004234314	19.998808	128	0	0.066869	0.030583
754.3560004234314	12.648152	130	0	0.047056	0.030583
756.3519999980927	19.146016	130	0	0.035529	0.030583
758.3519999980927	17.88844	130	0	0.039212	0.030583
760.3470001220703	15.448056	128	0	0.04122	0.030583
762.3560004234314	15.619144	126	0	0.042359	0.030583
764.3530004024506	19.739304	148	0	0.048225	0.030583
766.3530004024506	18.56088	148	0	0.048767	0.030583
768.3510000705719	8.062552	128	0	0.049082	0.030583
770.3519999980927	3.401808	129	0	0.054436	0.030583
772.3519999980927	19.401296	142	0	0.054714	0.030583
774.3560004234314	1.955936	128	0	0.053733	0.030583
776.3570003509521	0.875064	146	0	0.057446	0.030583
778.3500001430511	3.502312	106	0	0.053155	0.030583
780.3470001220703	14.923432	118	0	0.047235	0.030583
782.3600001335144	3.340896	142	0	0.052657	0.030583
784.3570003509521	1.403984	138	0	0.052674	0.030583
786.3519999980927	20.219952	142	0	0.059127	0.030583
788.3460001945496	4.788376	142	0	0.053455	0.030583
790.3560004234314	0.95792	162	0	0.05286	0.030583
792.3550002574921	0.441776	120	0	0.052839	0.030583
794.3519999980927	0.213984	104	0	0.052988	0.030583
796.3540003299713	12.066624	88	0	0.047285	0.030583
798.3550002574921	3.32044	82	0	0.052339	0.030583
800.3550002574921	0.475904	122	0	0.051936	0.030583
802.3530004024506	7.021832	128	0	0.046714	0.030583
804.3500001430511	3.988232	132	0	0.052967	0.030583
806.3510000705719	9.007936	154	0	0.048153	0.030583
808.3519999980927	20.213544	140	0	0.059484	0.030583
810.3600001335144	19.32444	136	0	0.058284	0.030583
812.3490002155304	3.700832	142	0	0.053309	0.030583
814.3560004234314	18.401472	160	0	0.04859	0.030583
816.3470001220703	1.681824	170	0	0.056545	0.030583
818.3530004024506	19.05868	134	0	0.063631	0.030583
820.3490002155304	7.65764	126	0	0.052299	0.030583
822.3620002269745	5.110136	134	0	0.052896	0.030583
824.3560004234314	13.231104	132	0	0.049089	0.030583
826.3590002059937	19.319328	148	0	0.057765	0.030583
828.3580002784729	3.376696	102	0	0.052837	0.030583
830.3610002994537	11.204536	110	0	0.04541	0.030583
832.3530004024506	0.612856	108	0	0.091147	0.030583
834.3590002059937	0.168256	100	0	0.053089	0.030583
836.3519999980927	9.959104	112	0	0.050145	0.030583
838.3610002994537	1.784704	148	0	0.052633	0.030583
840.3480002880096	7.485312	108	0	0.047724	0.030583
842.3519999980927	4.465936	166	0	0.05236	0.030583
844.3610002994537	3.79532	144	0	0.053132	0.030583
846.3519999980927	9.738544	164	0	0.050846	0.030583
848.3600001335144	20.412816	136	0	0.053175	0.030583
850.3610002994537	0.937152	110	0	0.053359	0.030583
852.3620002269745	19.944912	152	0	0.054015	0.030583
854.3510000705719	8.859584	138	0	0.041753	0.030583
856.3519999980927	2.693208	128	0	0.054108	0.030583
858.3500001430511	1.750784	177	0	0.056055	0.030583
860.3519999980927	1.569616	192	0	0.054302	0.030583
862.3530004024506	8.748736	124	0	0.052337	0.030583
864.3460001945496	0.635432	130	0	0.069194	0.030583
866.3500001430511	13.182288	126	0	0.046804	0.030583
868.3600001335144	2.001176	126	0	0.052734	0.030583
870.3530004024506	0.037432	86	0	0.053926	0.030583
872.3570003509521	14.039016	106	0	0.049422	0.030583
874.3590002059937	2.01468	70	0	0.052447	0.030583
876.3480002880096	10.752864	94	0	0.039193	0.030583
878.3530004024506	2.567512	70	0	0.052589	0.030583
880.3630001544952	11.8138	82	0	0.045318	0.030583
882.3480002880096	18.73648	118	0	0.049308	0.030583
882.813000202179	0.2804	14	0	0.062313	0.051123
882.9590001106262	2.988304	49	0	0.054475	0.049388
883.03600025177	2.988304	51	0	0.053515	0.049388
883.2130002975464	11.790064	150	17	0.054483	0.047608
883.3700001239777	11.761456	230	0	0.057972	0.047608
883.4710001945496	25.03804	440	33	0.063554	0.047608
883.6060001850128	55.297632	680	0	0.067618	0.047608
883.7550001144409	79.460608	960	0	0.082981	0.047608
884.3540003299713	8.155216	122	0	0.048459	0.030583
886.3550002574921	19.818624	126	0	0.053438	0.030583
888.3550002574921	1.787568	128	0	0.052932	0.030583
890.3490002155304	12.470448	4	0	0.052008	0.030583
892.3570003509521	20.15456	194	0	0.053484	0.030583
894.3500001430511	0.885384	178	0	0.053206	0.030583
896.3510000705719	8.841	138	0	0.0467	0.030583
898.3560004234314	2.131928	100	0	0.0558	0.030583
900.3590002059937	12.794704	100	0	0.049432	0.030583
902.3540003299713	13.47748	96	0	0.038301	0.030583
904.3530004024506	10.709128	90	0	0.039012	0.030583
906.3519999980927	0.860528	90	0	0.053232	0.030583
908.3510000705719	12.931472	112	0	0.042652	0.030583
910.3550002574921	18.604256	120	0	0.042828	0.030583
912.3600001335144	9.216112	130	0	0.035644	0.030583
914.3540003299713	3.593288	122	0	0.052462	0.030583
916.3650002479553	16.408968	122	0	0.044052	0.030583
918.6060001850128	0.668152	128	0	0.053681	0.030583
920.6130003929138	2.90168	142	0	0.053447	0.030583
922.6070001125336	2.792808	90	0	0.050659	0.030583
924.6060001850128	13.154632	120	0	0.05354	0.030583
926.6100001335144	9.167792	90	0	0.050998	0.030583
928.6050002574921	20.089192	128	0	0.049461	0.030583
930.6140003204346	3.854856	128	0	0.054973	0.030583
932.6020002365112	8.2902	124	0	0.052297	0.030583
934.6140003204346	3.735208	100	0	0.05309	0.030583
936.6020002365112	0.92288	114	0	0.051921	0.030583
938.6090002059937	0.673608	144	0	0.053572	0.030583
940.5360000133514	2.026992	152	0	0.053484	0.030583
942.6100001335144	4.63404	132	0	0.053666	0.030583
944.6040003299713	3.944976	128	0	0.054208	0.030583
946.6070001125336	13.335864	118	0	0.055535	0.030583
948.6020002365112	3.7078	134	0	0.053536	0.030583
950.6110000610352	9.979768	116	0	0.049578	0.030583
952.6050002574921	14.8378	116	0	0.038925	0.030583
954.6140003204346	0.337576	116	0	0.05332	0.030583
956.6050002574921	0.623784	96	0	0.052892	0.030583
958.6110000610352	1.293048	98	0	0.052615	0.030583
960.7000002861023	14.227432	98	0	0.051378	0.030583
962.6060001850128	0.814808	192	0	0.099664	0.030583
964.5670001506805	1.052944	118	0	0.053307	0.030583
966.603000164032	1.2012	110	0	0.05286	0.030583
968.6140003204346	2.617608	110	0	0.053072	0.030583
970.5990002155304	1.588152	116	0	0.052392	0.030583
972.5990002155304	5.231488	116	0	0.047771	0.030583
974.6090002059937	15.004464	112	0	0.047536	0.030583
976.6020002365112	2.872688	112	0	0.053263	0.030583
978.6120004653931	4.460768	110	0	0.053385	0.030583
980.6090002059937	2.890648	92	0	0.053351	0.030583
982.6110000610352	12.073936	88	0	0.049267	0.030583
984.6010003089905	1.774232	128	0	0.053027	0.030583
986.603000164032	0.820912	134	0	0.05374	0.030583
988.4480001926422	6.91488	116	0	0.048562	0.030583
990.6000001430511	3.725328	92	0	0.053829	0.030583
992.603000164032	15.747512	130	0	0.052807	0.030583
994.6010003089905	13.612776	144	0	0.047132	0.030583
996.6080000400543	5.330792	134	0	0.05267	0.030583
998.6150002479553	7.208152	98	0	0.050523	0.031129
1000.6090002059937	1.528704	106	0	0.089948	0.031129
1002.6050002574921	4.246048	116	0	0.053189	0.031129
1004.6190001964569	4.952584	96	0	0.052422	0.031129
1006.6150002479553	2.861176	92	0	0.052125	0.031129
1008.6020002365112	0.324896	100	0	0.052258	0.031129
1010.6190001964569	5.248816	84	0	0.052205	0.031129
1012.6090002059937	11.435232	118	0	0.046607	0.031129
1014.5890002250671	0.03504	112	0	0.052851	0.030787
1016.6150002479553	7.313568	136	0	0.05381	0.030787
1018.6100001335144	8.311984	134	0	0.048462	0.030787
1020.6020002365112	19.420664	124	0	0.054577	0.030787
1022.6090002059937	7.991336	120	0	0.048082	0.030787
1024.6150002479553	2.259752	100	0	0.052965	0.030787
1026.6080000400543	18.47524	126	0	0.045468	0.030787
1028.6060001850128	2.813632	122	0	0.08483	0.030787
1030.6040003299713	2.828928	104	0	0.052877	0.030787
1032.6100001335144	0.745088	108	0	0.074463	0.030787
1034.9820003509521	13.723584	154	0	0.051345	0.030787
1036.6020002365112	0.470936	33	1	0.053051	0.030787
1038.6040003299713	1.093912	106	0	0.052832	0.030787
1040.6100001335144	1.470904	104	0	0.052559	0.030787
1042.6090002059937	3.497656	118	0	0.052337	0.030787
1044.6090002059937	0.034808	100	0	0.053554	0.030787
1046.9180002212524	7.435032	166	6	0.052811	0.030787
1048.972000360489	1.133472	124	0	0.0529	0.030787
1050.612000465393	0.432096	126	0	0.051976	0.030787
1052.6100001335144	2.204432	140	0	0.052202	0.030787
1054.6130003929138	3.444	146	0	0.054553	0.030787
1056.6060001850128	0.702352	144	0	0.052414	0.030787
1058.6070001125336	1.809232	158	0	0.052384	0.030787
1060.6070001125336	7.945672	164	0	0.047214	0.030787
1062.6150002479553	3.730432	180	0	0.052723	0.030787
1064.6180002689362	7.630312	172	0	0.052513	0.030787
1066.6170003414154	19.461312	200	0	0.05987	0.030787
1068.6090002059937	2.463944	156	0	0.053005	0.030787
1070.6100001335144	0.653712	140	0	0.052829	0.030787
1072.621000289917	16.465688	128	0	0.046272	0.030787
1074.6170003414154	1.26264	138	0	0.052603	0.030787
1076.6150002479553	6.688168	94	0	0.051372	0.030787
1078.6200003623962	13.091128	108	0	0.047295	0.030787
1080.6150002479553	2.520648	128	0	0.053248	0.030787
1082.605000257492	19.008264	142	0	0.056404	0.030787
1084.6060001850128	8.244032	128	0	0.0459	0.030787
1086.6040003299713	0.294744	144	0	0.058507	0.030787
1088.6140003204346	2.623832	130	0	0.053628	0.030787
1090.6080000400543	10.853	134	0	0.047194	0.030787
1092.6060001850128	0.437928	98	0	0.053553	0.030787
1094.6170003414154	16.183104	132	0	0.047409	0.030787
1096.6080000400543	2.210064	126	0	0.053575	0.030787
1098.6040003299713	0.020272	116	0	0.052821	0.030787
1100.612000465393	0.849376	128	0	0.055173	0.030787
1102.6080000400543	0.87968	148	0	0.053412	0.030787
1104.6090002059937	0.452976	122	0	0.052618	0.030787
1106.612000465393	1.114776	146	0	0.052669	0.030787
1108.6060001850128	7.60668	120	0	0.047954	0.030787
1110.6170003414154	16.290752	120	0	0.046549	0.030787
1112.6150002479553	3.17576	110	0	0.052593	0.030787
1114.6100001335144	8.29684	128	0	0.04355	0.030787
1116.616000175476	2.462664	128	0	0.053469	0.030787
1118.6060001850128	0.838472	126	0	0.052126	0.030787
1120.6100001335144	3.117872	110	0	0.053119	0.030787
1122.6060001850128	1.61504	108	0	0.052296	0.030787
1124.605000257492	0.502752	162	0	0.052539	0.030787
1126.6200003623962	6.703776	152	0	0.052074	0.030787
1128.621000289917	0.240752	170	0	0.052529	0.030787
1130.6220002174377	8.039152	168	0	0.052955	0.030787
1132.616000175476	0.915856	132	0	0.05309	0.030787
1134.6140003204346	2.944632	122	0	0.051883	0.030787
1136.6170003414154	2.394288	132	0	0.053541	0.030787
1138.6150002479553	2.220064	146	0	0.052991	0.030787
1140.6060001850128	1.345408	160	0	0.053353	0.030787
1142.612000465393	17.983616	166	0	0.05006	0.030787
1144.619000196457	3.439968	156	0	0.053347	0.030787
1146.6140003204346	0.635368	126	0	0.053898	0.030787
1148.6070001125336	1.122536	112	0	0.052894	0.030787
1150.621000289917	0.881504	128	0	0.052489	0.030787
1152.6150002479553	7.247152	152	0	0.051004	0.030787
1154.616000175476	1.789376	148	0	0.052307	0.030787
1156.6140003204346	4.637544	148	0	0.052782	0.030787
1158.6070001125336	1.071656	154	0	0.052923	0.030787
1160.616000175476	5.634128	170	0	0.051677	0.030787
1162.6220002174377	2.218376	152	0	0.052895	0.030787
1164.616000175476	1.318184	144	0	0.054144	0.030787
1166.8650002479553	0.642496	154	0	0.053066	0.030787
1168.6200003623962	0.039584	136	0	0.053518	0.030787
1170.78400015831	2.526944	127	0	0.053045	0.030787
1172.8720002174377	1.805952	148	0	0.051683	0.030787
1174.8630001544952	16.25576	136	0	0.048923	0.030787
1176.8650002479553	0.327688	120	0	0.053117	0.030787
1178.8620002269745	1.553128	96	0	0.052774	0.030787
1180.8670001029968	2.830192	94	0	0.052165	0.030787
1182.855000257492	2.3842	96	0	0.052886	0.030787
1184.8650002479553	7.296008	110	0	0.050954	0.030787
1186.8750002384186	0.900328	88	0	0.051833	0.030787
1189.7140002250671	2.05224	86	0	0.052278	0.030787
1191.7500002384186	9.568536	35	30	0.053026	0.030787
1192.8620002269745	11.662872	104	0	0.046516	0.030787
1194.8320000171661	0.537248	130	0	0.052831	0.030787
1196.871000289917	0.17236	112	0	0.052985	0.030787
1198.8560001850128	2.933368	108	0	0.052728	0.030787
1200.8620002269745	11.630504	95	0	0.04705	0.030787
1202.858000278473	1.958632	96	0	0.052544	0.030787
1204.871000289917	12.455	100	0	0.059323	0.030787
1206.8620002269745	1.135408	86	0	0.052183	0.030787
1208.8590002059937	0.42896	88	0	0.056675	0.030787
1210.866000175476	13.552912	98	0	0.040913	0.030787
1212.8700001239777	0.9112	104	0	0.052524	0.030787
1214.866000175476	15.649016	124	0	0.037441	0.030787
1216.866000175476	17.514696	118	0	0.047233	0.030787
1218.7690002918243	0.323664	118	0	0.052139	0.030787
1220.8720002174377	0.890104	92	0	0.052245	0.030787
1222.860000371933	11.284168	92	0	0.049373	0.030787
1224.8720002174377	12.006904	88	0	0.049371	0.030787
1226.864000082016	2.014944	90	0	0.053452	0.030787
1228.8570003509521	7.424152	88	0	0.051647	0.030787
1230.869000196457	11.588872	86	0	0.049093	0.030787
1232.8590002059937	6.357832	90	0	0.051464	0.030787
1234.8680002689362	0.177392	101	0	0.052096	0.030787
1236.869000196457	3.569488	116	0	0.053902	0.030787
1238.8670001029968	17.42164	126	0	0.033258	0.030787
1240.866000175476	6.350904	132	0	0.051584	0.030787
1242.8610002994537	18.2182	130	0	0.04449	0.030787
1244.873000383377	1.457992	124	0	0.053599	0.030787
1246.8650002479553	20.214536	128	0	0.038583	0.030787
1248.866000175476	2.456872	138	0	0.053241	0.030787
1250.866000175476	17.696208	138	0	0.046839	0.030787
1252.866000175476	8.575848	128	0	0.042173	0.030787
1254.871000289917	18.938232	158	0	0.068751	0.030787
1256.869000196457	0.5508	130	0	0.066207	0.030787
1258.8650002479553	19.329112	130	0	0.054105	0.030787
1260.864000082016	19.360248	146	0	0.055653	0.030787
1262.860000371933	8.925488	146	0	0.039614	0.030787
1264.873000383377	19.874808	130	0	0.048191	0.030787
1266.8650002479553	18.7954	128	0	0.047031	0.030787
1268.8630001544952	4.02704	128	0	0.052709	0.030787
1270.873000383377	1.5552	126	0	0.053665	0.030787
1272.876000404358	19.955464	126	0	0.069552	0.030787
1274.8750002384186	6.117248	126	0	0.062306	0.030787
1276.866000175476	19.345632	130	0	0.046764	0.030787
1278.866000175476	6.188776	144	0	0.053356	0.030787
1280.8700001239777	19.5494	174	0	0.051928	0.030787
1282.8610002994537	3.549744	180	0	0.052768	0.030787
1284.8720002174377	3.016256	180	0	0.084919	0.030787
1286.8680002689362	11.867256	150	0	0.050348	0.030787
1288.869000196457	13.814696	154	0	0.048094	0.030787
1290.7890002727509	1.300664	112	0	0.052568	0.030787
1292.8610002994537	0.301808	104	0	0.052639	0.030787
1294.8700001239777	17.4976	134	0	0.046652	0.030787
1296.8700001239777	2.521624	162	0	0.05908	0.030787
1298.869000196457	11.881576	178	0	0.061859	0.030787
1300.8610002994537	19.424248	172	0	0.046882	0.030787
1302.866000175476	2.48592	170	0	0.052548	0.030787
1304.864000082016	19.897136	136	0	0.060807	0.030787
1306.8700001239777	3.26048	152	0	0.095565	0.030787
1308.8630001544952	4.020192	150	0	0.068201	0.030787
1310.869000196457	1.62776	136	0	0.060007	0.030787
1312.869000196457	15.447256	116	0	0.045986	0.030787
1314.808000087738	0.2292	130	0	0.068794	0.030974
1316.8680002689362	0.15388	158	0	0.060037	0.030974
1318.8630001544952	16.0214	190	0	0.03918	0.030974
1320.873000383377	19.560664	190	0	0.041394	0.030974
1322.8700001239777	19.664968	126	0	0.057753	0.030974
1324.8700001239777	18.968928	128	0	0.033884	0.030974
1326.8630001544952	18.894416	144	0	0.073915	0.030974
1328.860000371933	11.190856	126	0	0.052144	0.030974
1330.8720002174377	1.80724	124	0	0.053404	0.030974
1332.8740003108978	14.637424	108	0	0.049949	0.030974
1334.869000196457	3.095848	130	0	0.052992	0.030974
1336.8630001544952	3.821248	86	0	0.052701	0.030974
1338.8680002689362	9.234184	100	0	0.040803	0.030673
1340.8780002593994	3.3784	112	0	0.058129	0.030673
1342.8670001029968	2.870384	86	0	0.060355	0.030673
1344.866000175476	11.258624	110	0	0.047552	0.030673
1346.8620002269745	3.043192	136	0	0.053215	0.030673
1348.8720002174377	1.823288	134	0	0.09228	0.030673
1350.8680002689362	18.1204	152	0	0.0493	0.030673
1352.8620002269745	0.896752	164	0	0.059852	0.030673
1354.873000383377	19.296184	184	0	0.070385	0.030673
1356.873000383377	19.754552	188	0	0.086616	0.030673
1358.876000404358	0.328448	206	0	0.05516	0.030673
1360.864000082016	20.149928	228	0	0.059777	0.030673
1362.876000404358	8.294272	166	0	0.059145	0.030673
1364.8650002479553	18.29532	168	0	0.058224	0.030673
1366.8770003318787	15.791216	172	0	0.069887	0.030673
1368.8700001239777	12.64616	172	0	0.046568	0.030673
1370.866000175476	17.77544	166	0	0.055684	0.030673
1372.8750002384186	8.729712	156	0	0.041955	0.030673
1374.876000404358	0.884288	194	0	0.07185	0.030673
1376.871000289917	6.724232	312	0	0.08296	0.030673
1378.8700001239777	1.207936	282	0	0.08086	0.030673
1380.8780002593994	2.656152	216	0	0.053997	0.030673
1382.876000404358	8.795616	150	0	0.046829	0.030673
1384.876000404358	14.371864	182	0	0.053001	0.030673
1386.8720002174377	8.7194	206	0	0.058833	0.030673
1388.871000289917	4.193592	196	0	0.080688	0.030673
1390.8650002479553	1.567488	164	0	0.080139	0.030673
1392.8750002384186	6.94944	174	0	0.060998	0.030673
1394.869000196457	19.49336	234	0	0.061202	0.030673
1396.8680002689362	17.801256	204	0	0.06217	0.030673
1398.8780002593994	17.942864	196	0	0.053057	0.030673
1400.866000175476	18.379704	192	0	0.051381	0.030673
1402.876000404358	17.823488	176	0	0.038267	0.030673
1404.8740003108978	18.6638	158	0	0.046106	0.030673
1406.8780002593994	16.255144	216	0	0.052665	0.030673
1408.8750002384186	16.230336	246	0	0.089004	0.030673
1410.876000404358	7.840744	232	0	0.064718	0.030673
1412.8720002174377	2.560816	292	0	0.091168	0.030673
1414.8740003108978	18.27356	242	0	0.07178	0.030673
1416.8780002593994	10.161424	252	0	0.040573	0.030673
1419.121000289917	16.660784	262	0	0.096814	0.030673
1421.119000196457	9.984832	262	0	0.038914	0.030673
1422.8780002593994	1.434216	228	0	0.086037	0.030673
1425.119000196457	2.739776	215	0	0.074185	0.030673
1427.1260001659393	20.818904	228	0	0.066489	0.030673
1429.1140003204346	17.832288	246	0	0.068001	0.030673
1431.1160004138947	23.173696	242	0	0.048148	0.030673
1433.1130003929138	5.298576	236	0	0.109646	0.030673
1435.1230001449585	6.132456	238	0	0.079374	0.030673
1437.1240003108978	1.160424	250	0	0.114681	0.030673
1439.1280000209808	18.736176	226	0	0.081357	0.030673
1441.1260001659393	1.317192	222	0	0.087482	0.030673
1443.1240003108978	0.872152	182	0	0.085543	0.030673
1445.1180002689362	17.726064	172	0	0.062782	0.030673
1447.1280000209808	18.569784	218	0	0.055063	0.030673
1449.1310002803802	4.807432	198	0	0.060943	0.030673
1451.1260001659393	2.456848	174	0	0.084722	0.030673
1453.1280000209808	19.590168	212	0	0.053599	0.030673
1455.1170003414154	17.369408	170	0	0.052053	0.030673
1457.1230001449585	21.14248	162	0	0.050302	0.030673
1459.1160004138947	18.834176	170	0	0.055012	0.030673
1461.1240003108978	15.160504	170	0	0.066783	0.030673
1463.1170003414154	18.6086	156	0	0.053724	0.030673
1465.1180002689362	20.075984	192	0	0.058828	0.030673
1467.121000289917	15.700872	168	0	0.040871	0.030673
1469.1290004253387	8.809288	172	0	0.044667	0.030673
1471.119000196457	0.944976	154	0	0.057447	0.030673
1473.1180002689362	17.30008	180	0	0.060264	0.030673
1475.1240003108978	17.6396	160	0	0.042242	0.030673
1477.1300003528595	19.21052	198	0	0.051369	0.030673
1479.121000289917	6.434408	198	0	0.067719	0.030673
1481.1200001239777	4.37384	136	0	0.055145	0.030673
1483.1180002689362	14.152072	154	0	0.04713	0.030673
1485.1300003528595	12.991344	140	0	0.042365	0.030673
1487.12700009346	15.645112	190	0	0.061534	0.030673
1489.1180002689362	9.016384	188	0	0.043076	0.030673
1491.1240003108978	16.591336	152	0	0.032371	0.030673
1493.1170003414154	7.677136	152	0	0.046799	0.030673
1495.1180002689362	15.873696	160	0	0.040684	0.030673
1497.1200001239777	19.686688	158	0	0.049823	0.030673
1499.1680002212524	15.695672	178	0	0.04246	0.030673
1501.2030000686646	19.196632	206	0	0.120478	0.030673
1503.2110002040863	19.052544	196	0	0.124755	0.030673
1505.222000360489	16.613912	462	0	0.130319	0.030673
1507.1240003108978	21.824296	418	0	0.108508	0.030673
1509.1260001659393	18.511152	194	0	0.053341	0.030673
1511.119000196457	3.749728	178	0	0.082605	0.030673
1513.1250002384186	4.044208	254	0	0.075125	0.030673
1515.1310002803802	17.094992	194	0	0.085371	0.030673
1517.12700009346	9.791864	202	0	0.048279	0.030673
1519.1200001239777	17.817344	194	0	0.059468	0.030673
1521.134000301361	12.780224	200	0	0.078892	0.030673
1523.1330003738403	2.557424	178	0	0.080355	0.030673
1525.12700009346	19.89368	228	0	0.063312	0.030673
1527.1300003528595	17.485296	170	0	0.05435	0.030673
1529.1310002803802	4.465464	164	0	0.057335	0.030673
1531.1170003414154	8.524864	172	0	0.046825	0.030673
1533.121000289917	17.663816	196	0	0.051389	0.030673
1535.1160004138947	20.243328	178	0	0.047513	0.030673
1537.1280000209808	8.088432	162	0	0.052834	0.030673
1539.1240003108978	13.861808	152	0	0.048029	0.030673
1541.1170003414154	0.883416	178	0	0.062544	0.030673
1543.1260001659393	19.538008	178	0	0.058929	0.030673
1545.1230001449585	19.730856	186	0	0.059543	0.030673
1547.1300003528595	19.617856	198	0	0.076168	0.030673
1549.1220002174377	1.244456	204	0	0.07513	0.030673
1551.12700009346	10.05572	172	0	0.043088	0.030673
1553.1230001449585	21.585096	198	0	0.070757	0.030673
1555.1260001659393	20.710128	202	0	0.047762	0.030673
1557.1290004253387	0.490128	170	0	0.070833	0.030673
1559.119000196457	18.491144	156	0	0.07297	0.030673
1561.121000289917	15.96072	182	0	0.0367	0.030673
1563.1260001659393	12.994768	160	0	0.065732	0.030673
1565.1300003528595	17.823672	194	0	0.045606	0.030673
1567.1230001449585	19.860952	168	0	0.04468	0.030673
1569.1300003528595	18.75712	176	0	0.070281	0.030673
1571.121000289917	0.907672	174	0	0.085677	0.030673
1573.1220002174377	5.093656	224	0	0.052268	0.030673
1575.1310002803802	19.178976	166	0	0.046284	0.030673
1577.1300003528595	2.078192	167	0	0.057264	0.030673
1579.1220002174377	19.716592	150	0	0.041342	0.030673
1581.1180002689362	17.217048	150	0	0.047723	0.030673
1583.1290004253387	17.37556	156	0	0.043592	0.030673
1585.1280000209808	20.843824	156	0	0.049109	0.030673
1587.12700009346	17.425592	168	0	0.058253	0.030673
1589.1200001239777	9.118792	168	0	0.040508	0.030673
1591.1290004253387	5.767896	220	0	0.064001	0.030673
1593.1240003108978	15.37672	182	0	0.057543	0.030673
1595.1330003738403	4.373024	182	0	0.063234	0.030673
1597.1250002384186	14.642832	184	0	0.056729	0.030673
1599.1300003528595	9.265696	172	0	0.053981	0.030673
1601.119000196457	2.128392	222	0	0.073483	0.030673
1603.1280000209808	18.196888	164	0	0.050705	0.030673
1605.1290004253387	15.693168	177	0	0.071968	0.030673
1607.1260001659393	17.828008	178	0	0.044354	0.030673
1609.1290004253387	19.840856	178	0	0.060483	0.030673
1611.12700009346	14.000296	250	0	0.079891	0.030673
1613.1200001239777	14.645072	232	0	0.048801	0.030673
1615.12700009346	0.24324	206	0	0.066232	0.030673
1617.1320004463196	19.28228	182	0	0.055048	0.030673
1619.1350002288818	17.769768	184	0	0.064067	0.030673
1621.1240003108978	20.318296	188	0	0.08649	0.030673
1623.1330003738403	2.652512	180	0	0.09054	0.030673
1625.1320004463196	0.577144	162	0	0.084883	0.030673
1627.1330003738403	10.04644	156	0	0.04199	0.030673
1629.1300003528595	16.926992	172	0	0.074954	0.030673
1631.1300003528595	15.488144	210	0	0.086437	0.030673
1633.1330003738403	18.988032	192	0	0.054723	0.030673
1635.1260001659393	1.276816	192	0	0.060773	0.030673
1637.1240003108978	9.327048	180	0	0.042182	0.030673
1639.134000301361	17.383608	184	0	0.081224	0.030855
1641.1220002174377	19.50012	176	0	0.078756	0.030855
1643.1240003108978	18.166704	192	0	0.068645	0.030855
1645.1290004253387	11.576024	194	0	0.057349	0.030855
1647.1330003738403	6.956288	190	0	0.062049	0.030855
1649.1280000209808	3.988944	194	0	0.081831	0.030855
1651.1250002384186	8.256536	206	0	0.057947	0.030855
1653.1290004253387	18.243792	214	0	0.091984	0.030855
1655.12700009346	18.319992	216	0	0.067855	0.030855
1657.1290004253387	14.74652	208	0	0.077039	0.030855
1659.1320004463196	0.479536	230	0	0.101392	0.030855
1661.1280000209808	9.958808	196	0	0.064473	0.030855
1663.1320004463196	4.06716	230	0	0.086239	0.030855
1665.1350002288818	3.030352	174	0	0.089379	0.030855
1667.134000301361	18.7996	158	0	0.062867	0.030855
1669.3790001869202	18.839456	210	0	0.072752	0.030855
1671.3860001564026	9.408976	170	0	0.064306	0.030855
1673.134000301361	18.6488	162	0	0.064655	0.030855
1675.3840000629425	20.502936	162	0	0.052898	0.030855
1677.373000383377	21.026888	171	0	0.047507	0.030855
1679.3760001659393	15.939368	179	0	0.058899	0.030855
1681.5000004768372	12.630016	252	0	0.16322	0.030855
1683.4160001277924	3.633568	252	0	0.115665	0.030855
1685.4310002326965	8.012304	302	0	0.091502	0.030855
1687.4570002555847	2.304232	340	0	0.122376	0.030855
1689.2070002555847	8.605664	250	0	0.095579	0.030855
1691.3830001354218	8.472288	210	0	0.077941	0.030855
1693.3750002384186	4.166184	201	0	0.067776	0.030855
1695.3830001354218	9.525504	214	0	0.063166	0.030855
1697.382000207901	15.807064	200	0	0.064503	0.030855
1699.3740003108978	17.022056	192	0	0.045104	0.030855
1701.3720004558563	17.035144	192	0	0.049827	0.030855
1703.3850002288818	15.339792	160	0	0.053304	0.030855
1705.3810002803802	2.73648	157	0	0.057534	0.030855
1707.3770003318787	19.57616	164	0	0.051086	0.030855
1709.3780002593994	11.9656	164	0	0.038101	0.030855
1711.389000415802	19.202544	162	0	0.052502	0.030855
1713.1960003376007	17.936512	156	0	0.040105	0.030855
1715.3850002288818	0.24096	150	0	0.063846	0.030855
1717.3860001564026	20.078584	168	0	0.069979	0.030855
1719.3720004558563	18.458488	168	0	0.058777	0.030855
1721.3800003528595	19.2654	164	0	0.055693	0.030855
1723.3830001354218	20.276456	162	0	0.038866	0.030855
1725.3860001564026	20.275448	186	0	0.056977	0.030855
1727.3860001564026	19.873056	194	0	0.052762	0.030855
1729.3740003108978	2.224376	194	0	0.05549	0.030855
1731.3760001659393	2.781816	166	0	0.058396	0.030855
1733.3790001869202	11.295568	152	0	0.036607	0.030855
1735.3860001564026	20.048056	140	0	0.052212	0.030855
1737.2050004005432	18.457424	154	0	0.055756	0.030855
1739.3740003108978	19.416872	154	0	0.052301	0.030855
1741.3880004882812	19.189592	162	0	0.055432	0.030855
1743.382000207901	18.290192	168	0	0.039468	0.030855
1745.382000207901	3.653728	158	0	0.054882	0.030855
1747.3760001659393	0.180144	174	0	0.050492	0.030855
1749.3870000839233	18.423744	168	0	0.0442	0.030855
1751.3810002803802	20.180296	162	0	0.055034	0.030855
1753.382000207901	2.461224	170	0	0.066674	0.030855
1755.3870000839233	20.461208	218	0	0.046528	0.030855
1757.3830001354218	18.662368	200	0	0.054083	0.030855
1759.3750002384186	14.554512	192	0	0.045608	0.030855
1761.3870000839233	13.784016	184	0	0.049124	0.030855
1763.3870000839233	18.206232	170	0	0.037779	0.030855
1765.3860001564026	12.445496	166	0	0.048329	0.030855
1767.3770003318787	19.042936	150	0	0.038427	0.030855
1769.3750002384186	1.877384	151	0	0.059966	0.030855
1771.3870000839233	17.25948	148	0	0.046532	0.030855
1773.3830001354218	2.88696	147	0	0.054839	0.030855
1775.389000415802	16.608424	174	0	0.05763	0.030855
1777.3850002288818	18.993888	174	0	0.06489	0.030855
1779.3760001659393	17.808176	176	0	0.058682	0.030855
1781.3840000629425	20.040824	168	0	0.047335	0.030855
1783.3910002708435	18.939168	202	0	0.075636	0.030855
1785.2960000038147	1.671104	160	0	0.055909	0.030855
1787.3800003528595	19.548272	156	0	0.060028	0.030855
1789.3790001869202	3.052944	154	0	0.066721	0.030855
1791.3840000629425	17.287272	158	0	0.04646	0.030855
1793.3760001659393	18.971304	158	0	0.046277	0.030855
1795.3810002803802	19.85096	156	0	0.05291	0.031104
1797.3860001564026	6.440728	156	0	0.058916	0.031104
1799.3870000839233	20.011208	176	0	0.050804	0.031453
1801.3780002593994	18.626552	168	0	0.072244	0.031453
1803.382000207901	9.90428	253	0	0.06521	0.031453
1805.3920001983643	8.551648	202	0	0.058253	0.031453
1807.3900003433228	18.466792	196	0	0.091347	0.031453
1809.3880004882812	19.030408	232	0	0.043876	0.031453
1811.3780002593994	18.547912	188	0	0.084112	0.031453
1813.3910002708435	18.133272	172	0	0.065373	0.031453
1815.3850002288818	17.239368	174	0	0.076607	0.031453
1817.3750002384186	20.656544	176	0	0.052336	0.031453
1819.382000207901	18.641224	180	0	0.047386	0.031453
1821.3830001354218	2.771152	192	0	0.055196	0.031453
1823.3900003433228	20.290984	190	0	0.045705	0.031453
1825.3840000629425	20.049256	166	0	0.052213	0.031453
1827.3760001659393	16.239024	160	0	0.065692	0.031453
1829.3840000629425	9.916824	194	0	0.044237	0.031453
1831.389000415802	18.812616	176	0	0.063986	0.031453
1833.3810002803802	19.673152	172	0	0.051167	0.031453
1835.3870000839233	14.95792	182	0	0.070522	0.031453
1837.3780002593994	2.47392	194	0	0.074248	0.031453
1839.3840000629425	2.918048	168	0	0.052073	0.031453
1841.3830001354218	18.692568	178	0	0.073087	0.031453
1843.3770003318787	19.068136	166	0	0.049159	0.031453
1845.3770003318787	18.3672	172	0	0.064685	0.031453
1847.382000207901	17.941104	164	0	0.059718	0.031453
1849.389000415802	19.451064	190	0	0.071801	0.031453
1851.3830001354218	14.764656	196	0	0.075441	0.031453
1853.3800003528595	13.175736	188	0	0.078538	0.031453
1855.3800003528595	15.87792	174	0	0.084612	0.031453
1857.3920001983643	7.884264	180	0	0.04561	0.031453
1859.3920001983643	0.4896	186	0	0.084212	0.031453
1861.389000415802	18.709112	190	0	0.075905	0.031453
1863.3870000839233	13.45204	182	0	0.058816	0.031453
1865.3910002708435	19.7618	182	0	0.076526	0.031453
1867.3870000839233	18.680176	214	0	0.054241	0.031158
1869.3860001564026	18.48852	224	0	0.067032	0.031158
1871.3800003528595	19.773096	180	0	0.066564	0.031158
1873.3930003643036	0.966256	166	0	0.083605	0.031158
1875.3850002288818	4.740104	188	0	0.075912	0.031158
1877.3910002708435	19.01552	196	0	0.053269	0.031158
1879.3800003528595	5.337592	170	0	0.069463	0.031158
1881.3810002803802	7.902928	174	0	0.053434	0.031158
1883.3850002288818	11.644696	174	0	0.063059	0.031158
1885.3940002918243	0.402336	186	0	0.064657	0.031158
1887.3900003433228	2.654584	150	0	0.056619	0.031158
1889.3780002593994	18.737152	166	0	0.080913	0.031158
1891.3880004882812	19.448632	168	0	0.040041	0.031158
1893.3880004882812	0.314848	167	0	0.066247	0.031158
1895.3910002708435	2.1844	170	0	0.063753	0.031158
1897.3910002708435	18.656832	168	0	0.05469	0.031158
1899.3850002288818	15.156712	164	0	0.071763	0.031158
1901.3780002593994	18.93144	158	0	0.056933	0.031158
1903.3900003433228	19.197136	174	0	0.042967	0.031158
1905.3850002288818	8.15704	162	0	0.055622	0.031158
1907.395000219345	1.265336	148	0	0.061479	0.031158
1909.3940002918243	17.980952	144	0	0.042597	0.031158
1911.3830001354218	0.1406	162	0	0.059806	0.031158
1913.6280002593994	15.757552	156	0	0.043228	0.031158
1915.722000360489	8.65272	212	0	0.121526	0.031158
1917.5110001564026	13.115952	212	0	0.137634	0.031158
1919.7580001354218	15.92228	556	0	0.153032	0.031158
1921.7250003814697	0.111264	426	0	0.149475	0.031158
1923.643000125885	18.832552	302	0	0.055794	0.031158
1925.6300003528595	7.849456	170	0	0.050826	0.031158
1927.632000207901	19.738064	170	0	0.044188	0.031158
1929.6330003738403	13.633016	164	0	0.053618	0.031158
1931.6330003738403	3.663184	140	0	0.061904	0.031158
1933.632000207901	19.040736	192	0	0.048116	0.031158
1935.645000219345	20.235704	212	0	0.08211	0.031158
1937.6330003738403	5.767824	212	0	0.09709	0.031158
1939.6440002918243	24.901632	234	0	0.053842	0.031158
1941.637000322342	4.03208	234	0	0.082636	0.031158
1943.6360003948212	18.479864	172	0	0.068555	0.031158
1945.6420001983643	1.546928	152	0	0.061384	0.031158
1947.6390001773834	18.928384	160	0	0.052769	0.031158
1949.6440002918243	8.064336	174	0	0.0526	0.031158
1951.6360003948212	18.475632	182	0	0.061937	0.031158
1953.634000301361	10.128176	172	0	0.045495	0.031158
1955.6400001049042	14.482952	176	0	0.072308	0.031158
1957.6460001468658	20.321408	160	0	0.063236	0.031158
1959.6460001468658	19.837088	186	0	0.08391	0.031158
1961.6330003738403	17.074264	182	0	0.072498	0.031158
1963.6400001049042	9.163576	166	0	0.055279	0.031158
1965.6440002918243	1.515696	148	0	0.061531	0.031158
1967.6400001049042	16.86292	230	0	0.062946	0.031158
1969.6410002708435	16.241448	190	0	0.044993	0.031158
1971.6310002803802	0.40196	162	0	0.05773	0.031158
1973.632000207901	0.036392	172	0	0.055336	0.031158
1975.6390001773834	19.410048	186	0	0.079177	0.031158
1977.632000207901	13.065032	212	0	0.048101	0.031158
1979.6400001049042	19.360576	180	0	0.074225	0.031158
1981.6420001983643	18.835424	160	0	0.080722	0.031158
1983.6400001049042	15.499568	200	0	0.07905	0.031158
1985.6390001773834	4.650472	166	0	0.058913	0.031158
1987.6360003948212	19.992504	152	0	0.04227	0.031158
1989.6440002918243	6.318064	220	0	0.069977	0.031158
1991.6350002288818	0.985744	196	0	0.058966	0.031158
1993.6480000019073	19.221888	204	0	0.054251	0.031158
1995.6330003738403	20.769272	226	0	0.069838	0.031158
1997.632000207901	7.436904	208	0	0.084867	0.031158
1999.6420001983643	1.17044	174	0	0.085524	0.031158
2001.6400001049042	9.66228	182	0	0.057012	0.031158
2003.6420001983643	20.414768	176	0	0.057833	0.031158
2005.6350002288818	2.02008	208	0	0.091642	0.031158
2007.632000207901	3.304464	171	0	0.083173	0.031158
2009.6480000019073	1.204384	186	0	0.078069	0.031158
2011.6400001049042	10.105072	208	0	0.050644	0.031158
2013.6440002918243	3.077224	194	0	0.074039	0.031158
2015.6460001468658	14.855024	172	0	0.066894	0.031158
2017.6350002288818	14.060304	170	0	0.050185	0.031158
2019.6470000743866	13.650752	178	0	0.048207	0.031158
2021.6440002918243	19.575976	190	0	0.048045	0.031158
2023.6360003948212	19.315904	252	0	0.065093	0.031158
2025.6420001983643	9.165872	180	0	0.05042	0.031158
2027.6410002708435	19.967816	188	0	0.07939	0.031158
2029.6420001983643	18.295776	188	0	0.078832	0.031158
2031.6400001049042	19.569952	180	0	0.061378	0.031158
2033.6330003738403	5.202392	172	0	0.056715	0.031158
2035.643000125885	19.493336	178	0	0.051428	0.031158
2037.6480000019073	16.986104	194	0	0.081203	0.031158
2039.6390001773834	5.855408	170	0	0.065702	0.031158
2041.6410002708435	1.838928	178	0	0.08896	0.031158
2043.6350002288818	16.613264	162	0	0.062538	0.031158
2045.6330003738403	18.37032	174	0	0.040344	0.031158
2047.6360003948212	2.042104	160	0	0.079758	0.031158
2049.636000394821	18.282712	194	0	0.054777	0.031158
2051.640000104904	0.234344	186	0	0.079432	0.031158
2053.6380002498627	20.212904	168	0	0.077355	0.031158
2055.643000125885	8.087968	198	0	0.055302	0.031158
2057.6420001983643	19.361448	196	0	0.064218	0.031158
2059.636000394821	18.740656	192	0	0.052759	0.031158
2061.646000146866	18.662032	188	0	0.055502	0.031158
2063.6390001773834	18.240584	166	0	0.060147	0.031158
2065.6380002498627	8.484928	170	0	0.062463	0.031158
2067.6420001983643	19.455104	186	0	0.054827	0.031158
2069.634000301361	17.720808	186	0	0.050138	0.031158
2071.640000104904	19.373856	192	0	0.066576	0.031158
2073.6420001983643	19.513728	190	0	0.044741	0.031158
2075.640000104904	0.154592	160	0	0.05939	0.031158
2077.6490004062653	16.4198	178	0	0.072968	0.031158
2079.6410002708435	18.7342	176	0	0.070699	0.031158
2081.635000228882	18.46384	166	0	0.069436	0.031158
2083.634000301361	18.319992	186	0	0.06427	0.031158
2085.733000278473	15.146568	186	0	0.101222	0.031158
2087.7100002765656	18.620256	238	0	0.047013	0.031158
2089.712000131607	22.521936	238	0	0.102149	0.031158
2091.687000274658	21.465136	474	0	0.124121	0.031158
2093.6470000743866	0.665808	358	0	0.118014	0.031158
2095.645000219345	3.961944	264	0	0.091549	0.031158
2097.6380002498627	17.42776	178	0	0.043382	0.031158
2099.634000301361	2.809576	156	0	0.082966	0.031158
2101.646000146866	8.997264	156	0	0.061122	0.031158
2103.6390001773834	9.068192	150	0	0.046803	0.031158
2105.634000301361	16.99572	162	0	0.052776	0.031158
2107.643000125885	19.60804	164	0	0.033174	0.031158
2109.6440002918243	15.149152	172	0	0.040944	0.031158
2111.6390001773834	13.803	162	0	0.058284	0.031158
2113.6380002498627	18.134168	166	0	0.06628	0.031158
2115.646000146866	16.039248	166	0	0.055821	0.031158
2117.637000322342	19.662152	160	0	0.03537	0.031158
2119.640000104904	20.222792	200	0	0.050881	0.031158
2121.6440002918243	7.579736	204	0	0.0655	0.031158
2123.6490004062653	1.023168	180	0	0.095312	0.031158
2125.6470000743866	1.41344	198	0	0.081547	0.031158
2127.6470000743866	13.8352	214	0	0.070282	0.031158
2129.640000104904	17.750176	214	0	0.082121	0.031158
2131.637000322342	17.299864	160	0	0.042499	0.031158
2133.6510002613068	2.05436	194	0	0.05865	0.031158
2135.6390001773834	18.969792	174	0	0.067176	0.031158
2137.6490004062653	18.479224	190	0	0.058545	0.031158
2139.640000104904	19.328144	210	0	0.053975	0.031158
2141.645000219345	9.285992	194	0	0.048875	0.031158
2143.6410002708435	9.702392	205	0	0.04287	0.031158
2143.8770003318787	0.283032	14	0	0.065934	0.060352
2144.5140001773834	2.894448	54	6	0.112598	0.060352
2144.6630001068115	3.471816	58	0	0.078067	0.058495
2145.6480000019073	9.323208	196	0	0.048026	0.031158
2147.640000104904	11.888808	182	0	0.081916	0.031158
2149.6380002498627	8.899376	192	0	0.0653	0.031158
2151.650000333786	5.385504	192	0	0.046647	0.031158
2153.6420001983643	18.65948	192	0	0.077614	0.031158
2155.6490004062653	16.761984	204	0	0.057893	0.031158
2157.6470000743866	7.586872	194	0	0.072395	0.031158
2159.640000104904	10.834128	204	0	0.082489	0.031158
2161.650000333786	15.590424	158	0	0.055054	0.031158
2163.653000354767	19.850072	182	0	0.066585	0.031158
2165.8930003643036	7.774416	180	0	0.055095	0.031158
2167.8930003643036	20.06712	160	0	0.067931	0.031349
2169.8990001678467	16.55816	168	0	0.039217	0.031349
2171.895000219345	18.496736	164	0	0.045276	0.031349
2173.896000146866	18.620352	168	0	0.063408	0.031349
2175.898000240326	0.604536	186	0	0.078011	0.031349
2177.8930003643036	13.017952	194	0	0.070478	0.031349
2179.8910002708435	20.94152	188	0	0.047673	0.031349
2181.898000240326	15.650288	194	0	0.064369	0.031349
2183.7380001544952	5.421504	198	0	0.053363	0.031349
2185.895000219345	4.8046	208	0	0.078765	0.031349
2187.8930003643036	20.522912	178	0	0.064166	0.031349
2189.896000146866	2.085312	186	0	0.057222	0.031349
2191.896000146866	17.219552	174	0	0.080157	0.031349
2193.900000333786	9.610864	190	0	0.051042	0.031349
2195.8910002708435	6.84232	190	0	0.098455	0.031349
2197.8930003643036	0.49884	222	0	0.073701	0.031349
2199.8900003433228	17.804872	240	0	0.067265	0.031349
2201.8900003433228	18.63092	220	0	0.080925	0.031349
2203.892000436783	19.101272	236	0	0.046631	0.031349
2205.8990001678467	19.093472	236	0	0.06279	0.031349
2207.7190001010895	20.474784	252	0	0.046219	0.031349
2209.9020001888275	6.463752	188	0	0.074891	0.031349
2211.892000436783	19.63496	210	0	0.086596	0.031349
2213.8910002708435	14.040232	210	0	0.048953	0.031349
2215.8990001678467	19.20872	170	0	0.04172	0.031349
2217.896000146866	19.20872	170	0	0.039373	0.031349
2219.8940002918243	20.48476	152	0	0.054029	0.031349
2221.896000146866	1.787064	162	0	0.071335	0.031349
2223.897000312805	18.485376	174	0	0.076458	0.031349
2225.900000333786	16.696312	208	0	0.072228	0.031349
2227.8900003433228	19.996792	200	0	0.054765	0.031349
2229.8910002708435	17.044752	172	0	0.061177	0.031349
2231.895000219345	18.7546	176	0	0.044531	0.031349
2233.9010002613068	12.438544	214	0	0.07771	0.031349
2235.892000436783	19.956024	168	0	0.068838	0.031349
2237.896000146866	12.979112	166	0	0.056943	0.031349
2239.900000333786	11.366704	206	0	0.072794	0.031349
2241.898000240326	8.82008	192	0	0.051399	0.031349
2243.8990001678467	4.90656	168	0	0.075296	0.031349
2245.8900003433228	18.325104	196	0	0.067002	0.031349
2247.9020001888275	18.163312	196	0	0.056774	0.031349
2249.8990001678467	17.546816	174	0	0.061555	0.031349
2251.8930003643036	18.681256	190	0	0.041811	0.031349
2253.9010002613068	20.039568	184	0	0.064332	0.031349
2255.8900003433228	19.937144	184	0	0.037113	0.031349
2257.8910002708435	18.81456	156	0	0.055966	0.031349
2259.8930003643036	17.598312	168	0	0.058343	0.031349
2261.9010002613068	18.834608	168	0	0.052362	0.031349
2263.898000240326	20.337872	174	0	0.051106	0.031349
2265.8990001678467	20.686448	156	0	0.043887	0.031349
2267.896000146866	19.088664	188	0	0.077053	0.031349
2269.8910002708435	0.45632	196	0	0.070987	0.031349
2271.898000240326	18.341704	178	0	0.058096	0.031349
2273.892000436783	22.78792	210	0	0.076155	0.031349
2275.900000333786	9.077288	174	0	0.055928	0.031349
2277.9030001163483	1.62096	172	0	0.077803	0.031349
2279.897000312805	18.112736	168	0	0.059498	0.031349
2281.9050002098083	18.873096	162	0	0.047744	0.031349
2283.8990001678467	15.043376	174	0	0.060288	0.031349
2285.8940002918243	18.996	180	0	0.056397	0.031349
2287.906000137329	19.869624	202	0	0.064108	0.031349
2289.9030001163483	17.701912	168	0	0.060717	0.031349
2291.9050002098083	7.794208	184	0	0.073111	0.031349
2293.897000312805	0.63516	240	0	0.060765	0.031349
2295.897000312805	0.932376	230	0	0.091218	0.031349
2297.895000219345	5.366336	162	0	0.086062	0.031349
2299.895000219345	18.168224	174	0	0.06446	0.031349
2301.9050002098083	17.645112	214	0	0.070199	0.031349
2303.817000389099	2.1098	208	0	0.05958	0.031349
2305.8940002918243	3.520872	180	0	0.053468	0.031349
2307.9030001163483	0.155584	142	0	0.055732	0.031349
2309.9050002098083	20.133728	170	0	0.047011	0.031326
2311.8930003643036	0.563984	168	0	0.061823	0.031326
2313.9010002613068	18.20016	166	0	0.036489	0.031326
2315.897000312805	19.851864	166	0	0.056956	0.031326
2317.896000146866	19.949192	150	0	0.043956	0.031326
2319.906000137329	19.267632	174	0	0.035217	0.031326
2319.9680001735687	44.276296	174	0	0.02945	0.008737
2319.9980001449585	18.809112	174	0	0.02488	0.008737
2320.022000312805	18.809112	174	0	0.022448	0.008737
2320.0770003795624	37.616472	184	0	0.012867	0.008737
2320.1440000534058	59.98264	168	0	0.017955	0.008737
2320.201000213623	55.522224	212	23	0.015417	0.008737
2320.2760002613068	53.196152	206	0	0.020257	0.008737
2320.3620002269745	55.010728	184	0	0.019408	0.008737
2321.3470001220703	56.350152	166	0	0.022689	0.008737
2321.895000219345	16.82952	162	0	0.062933	0.031326
2323.209000349045	55.616088	306	0	0.014866	0.008737
2323.9020001888275	22.354064	166	0	0.042497	0.031326
2325.2110002040863	55.431336	318	0	0.014168	0.008737
2325.897000312805	19.61736	170	0	0.050421	0.031326
2327.8990001678467	17.734352	178	0	0.047541	0.031326
2329.896000146866	17.199352	186	0	0.049528	0.031326
2331.904000043869	18.411696	194	0	0.053201	0.031326
2333.900000333786	19.474696	170	0	0.045688	0.031326
2335.9050002098083	19.978616	178	0	0.064359	0.031326
2337.900000333786	19.47532	180	0	0.05	0.031326
2339.8940002918243	19.350328	178	0	0.062187	0.031326
2341.904000043869	19.387728	178	0	0.06677	0.031326
2343.906000137329	2.545472	172	0	0.073199	0.031326
2345.9020001888275	19.85652	166	0	0.049632	0.031326
2347.9050002098083	8.613568	164	0	0.047828	0.031326
2349.9050002098083	19.3094	196	0	0.074719	0.031326
2351.895000219345	7.806592	176	0	0.0561	0.031326
2354.052000284195	20.79216	246	0	0.063042	0.031326
2355.9860002994537	0.695016	280	0	0.085417	0.031326
2357.9310002326965	5.797992	270	0	0.11863	0.031326
2359.959000110626	12.56364	222	0	0.104308	0.031326
2361.951000213623	21.051528	208	0	0.117038	0.031326
2363.900000333786	16.555632	434	0	0.116224	0.031326
2365.90700006485	15.946792	258	0	0.080314	0.031326
2367.900000333786	14.661344	188	0	0.081154	0.031326
2369.9050002098083	18.590232	192	0	0.079357	0.031326
2371.9080004692078	11.22488	210	0	0.040939	0.031326
2373.9050002098083	17.545768	192	0	0.070196	0.031326
2375.900000333786	19.762528	186	0	0.05161	0.031326
2377.91100025177	2.412072	170	0	0.076519	0.031326
2379.9050002098083	1.130984	170	0	0.089191	0.031326
2381.9090003967285	3.643168	148	0	0.061871	0.031326
2383.904000043869	3.316016	154	0	0.053587	0.031326
2385.90700006485	19.5542	140	0	0.05147	0.031326
2387.904000043869	13.138352	160	0	0.049745	0.031326
2389.8990001678467	18.911032	166	0	0.07878	0.031326
2391.904000043869	12.545984	184	0	0.079773	0.031326
2393.896000146866	19.181864	166	0	0.068724	0.031326
2395.904000043869	0.904456	170	0	0.05818	0.031326
2397.9020001888275	2.112072	156	0	0.059656	0.031326
2399.9010002613068	15.436536	150	0	0.051775	0.031326
2401.91100025177	1.418616	170	0	0.071298	0.031326
2403.898000240326	1.72364	178	0	0.061694	0.031326
2405.9030001163483	19.231304	176	0	0.073514	0.031326
2407.895000219345	1.527192	186	0	0.072705	0.031326
2409.8990001678467	1.313488	184	0	0.064499	0.031326
2411.9020001888275	13.615832	158	0	0.095533	0.031326
2413.9100003242493	12.323856	166	0	0.091789	0.031326
2416.1520001888275	18.638176	158	0	0.047571	0.031326
2417.9100003242493	1.44372	196	0	0.085815	0.031326
2420.1540002822876	0.15984	254	0	0.05994	0.031326
2422.1510002613068	18.282432	162	0	0.065804	0.031326
2424.1520001888275	18.716184	176	0	0.055782	0.031326
2426.1570003032684	17.196992	198	0	0.064622	0.031326
2428.1490004062653	1.704016	199	0	0.068952	0.031326
2430.1480004787445	5.291088	170	0	0.069148	0.031326
2432.382000207901	21.185936	194	0	0.064882	0.031326
2434.2410004138947	0.242944	346	0	0.058549	0.031326
2436.230000257492	3.502512	326	0	0.121404	0.031326
2438.0190002918243	6.451152	288	0	0.07019	0.031326
2440.2260003089905	17.126096	252	0	0.09582	0.031326
2442.1470000743866	1.073592	248	0	0.119475	0.031326
2444.1600000858307	17.250336	172	0	0.062675	0.031326
2446.1620001792908	3.568704	152	0	0.058208	0.031326
2448.1520001888275	18.524976	180	0	0.048863	0.031326
2450.1600000858307	4.51488	160	0	0.055904	0.031326
2452.1490004062653	19.928392	160	0	0.064617	0.031326
2454.1520001888275	19.04388	168	0	0.060118	0.031326
2456.150000333786	1.063432	168	0	0.086467	0.031326
2458.1520001888275	14.531816	152	0	0.042255	0.031326
2460.15900015831	18.487216	168	0	0.054807	0.031326
2461.992000102997	20.448824	174	0	0.047528	0.031326
2464.15900015831	21.130704	172	0	0.058486	0.031326
2466.1520001888275	17.444296	172	0	0.065026	0.031326
2468.150000333786	8.144216	184	0	0.054627	0.031326
2470.1540002822876	18.825008	142	0	0.050633	0.031326
2472.1490004062653	15.849648	152	0	0.039229	0.031326
2474.1550002098083	16.414704	154	0	0.043676	0.031326
2476.1480004787445	21.5714	188	0	0.060349	0.031326
2478.1550002098083	0.482328	176	0	0.065038	0.031326
2480.1540002822876	14.768248	4	0	0.063269	0.031326
2482.146000146866	11.014248	164	0	0.037092	0.031326
2484.1560003757477	18.42852	156	0	0.060078	0.031326
2485.985000371933	17.81692	168	0	0.058049	0.031326
2488.150000333786	17.87016	184	0	0.070934	0.031326
2490.150000333786	19.427632	174	0	0.069964	0.031326
2492.1550002098083	19.469592	186	0	0.047295	0.031326
2494.150000333786	2.954888	182	0	0.054973	0.031326
2496.1490004062653	19.236272	158	0	0.066928	0.031326
2498.158000230789	2.652688	198	0	0.064345	0.031326
2500.1630001068115	7.645848	172	0	0.055073	0.031326
2502.1470000743866	2.804744	206	0	0.08286	0.031326
2504.1520001888275	19.014992	214	0	0.072346	0.031326
2506.1510002613068	6.881232	216	0	0.067743	0.031326
2508.1550002098083	2.647552	200	0	0.103068	0.031326
2510.150000333786	7.88772	150	0	0.053286	0.031326
2512.1560003757477	13.768088	152	0	0.060304	0.031326
2514.3430001735687	10.978672	206	0	0.066565	0.031326
2516.299000263214	3.285808	206	0	0.174408	0.031326
2518.190000295639	11.507384	206	0	0.139187	0.031326
2520.222000360489	0.354808	263	0	0.10549	0.031326
2522.1620001792908	1.954944	272	0	0.133267	0.031326
2524.153000354767	18.231128	150	0	0.044484	0.031326
2526.175000190735	17.990056	176	0	0.056266	0.031326
2528.2100002765656	16.234504	166	0	0.094814	0.031326
2530.1850004196167	18.244336	182	0	0.078509	0.031326
2532.2340002059937	3.349112	178	0	0.124612	0.031326
2534.1000003814697	19.004192	356	0	0.105438	0.031326
2536.1600000858307	1.113248	306	0	0.053658	0.031326
2538.1490004062653	19.91548	232	0	0.054482	0.031326
2540.16100025177	16.921064	164	0	0.041874	0.031326
2542.150000333786	0.666184	164	0	0.055944	0.031326
2544.1570003032684	7.947736	164	0	0.050428	0.031326
2546.1480004787445	4.167744	148	0	0.054971	0.031326
2548.1620001792908	19.663592	174	0	0.049337	0.031326
2550.1520001888275	17.4508	180	0	0.051158	0.031326
2552.158000230789	18.5158	166	0	0.06351	0.031326
2554.1520001888275	3.84748	172	0	0.056664	0.031326
2556.150000333786	20.588888	220	0	0.054963	0.031326
2558.164000272751	20.238696	174	0	0.048604	0.031326
2560.1520001888275	19.550912	196	0	0.067455	0.031326
2562.1550002098083	9.952008	196	0	0.060635	0.031326
2564.1620001792908	8.973248	172	0	0.048918	0.031326
2566.164000272751	2.510432	160	0	0.052897	0.031326
2568.1570003032684	20.019632	166	0	0.050812	0.031326
2570.164000272751	19.80852	186	0	0.054329	0.031326
2572.1560003757477	18.74436	206	0	0.057687	0.031326
2574.1560003757477	18.656112	212	0	0.073416	0.031326
2576.1560003757477	7.547608	186	0	0.084643	0.031326
2578.16100025177	0.344776	168	0	0.0484	0.031326
2580.15900015831	0.923192	218	0	0.054457	0.031326
2582.158000230789	9.607304	166	0	0.043349	0.031326
2584.1570003032684	18.491032	172	0	0.063584	0.031326
2586.164000272751	18.825408	194	0	0.06464	0.031326
2588.158000230789	9.575624	238	0	0.048738	0.031326
2590.1540002822876	1.65932	174	0	0.074952	0.031326
2592.1550002098083	6.407088	182	0	0.068663	0.031326
2594.16100025177	10.6222	186	0	0.085314	0.031326
2596.174000263214	0.706624	236	0	0.128249	0.031326
2598.2030000686646	14.813096	184	0	0.094697	0.031326
2600.2320001125336	15.11272	194	0	0.110991	0.031326
2602.2260003089905	16.886536	196	0	0.07949	0.031326
2604.1970002651215	19.948928	498	0	0.119398	0.031326
2606.1570003032684	16.211624	236	0	0.046814	0.031326
2608.1650002002716	20.704408	176	0	0.075225	0.031326
2610.16100025177	10.438632	168	0	0.089771	0.031357
2612.1680002212524	17.421128	218	0	0.070704	0.031357
2614.15900015831	18.359896	180	0	0.085663	0.031357
2616.1570003032684	19.885512	174	0	0.049487	0.031357
2618.1660001277924	19.963008	176	0	0.073822	0.031357
2620.1630001068115	16.050408	174	0	0.067	0.031357
2622.1650002002716	16.050408	174	0	0.045459	0.031357
2624.1600000858307	5.804688	170	0	0.065405	0.031357
2626.16100025177	20.064336	170	0	0.045375	0.031357
2628.1570003032684	19.2262	170	0	0.065836	0.031357
2630.158000230789	8.321344	160	0	0.052571	0.031357
2632.1660001277924	20.342864	202	0	0.069094	0.031357
2634.158000230789	19.620616	168	0	0.048533	0.031357
2636.1630001068115	20.332648	160	0	0.050593	0.031357
2638.1600000858307	20.332648	160	0	0.047845	0.031357
2640.164000272751	17.5624	158	0	0.044949	0.031357
2642.16100025177	20.192944	174	0	0.05773	0.031357
2644.1660001277924	18.652608	164	0	0.067152	0.031357
2646.158000230789	19.735144	170	0	0.08232	0.031357
2648.1670002937317	19.735144	170	0	0.040972	0.031357
2650.1560003757477	19.518648	170	0	0.057912	0.031357
2652.1660001277924	3.383448	170	0	0.074514	0.031357
2654.1510002613068	16.403896	166	0	0.053924	0.031357
2656.1570003032684	13.674936	152	0	0.057652	0.031357
2658.164000272751	17.9338	150	0	0.048335	0.031357
2660.1570003032684	9.355656	156	0	0.041539	0.031357
2662.1620001792908	19.504888	166	0	0.065074	0.031357
2664.406000137329	8.52724	182	0	0.058212	0.031357
2666.1650002002716	8.52724	182	0	0.051881	0.031357
2668.4120004177094	18.447152	204	0	0.082857	0.031357
2670.164000272751	0.823504	190	0	0.094237	0.031357
2672.41300034523	17.17212	154	0	0.04837	0.031357
2674.4100003242493	17.558472	198	0	0.044862	0.031357
2676.4100003242493	16.723168	166	0	0.083753	0.031357
2678.4020001888275	18.917936	184	0	0.047987	0.031357
2680.4170002937317	18.893472	184	0	0.040549	0.031357
2682.4090003967285	1.911576	152	0	0.054613	0.031357
2684.4210002422333	2.918328	194	0	0.05695	0.031357
2686.414000272751	0.10672	188	0	0.087274	0.031357
2688.4170002937317	9.119552	182	0	0.058113	0.031357
2690.4120004177094	20.544208	182	0	0.061149	0.031357
2692.41100025177	19.7612	172	0	0.080814	0.031357
2694.408000230789	16.238032	184	0	0.082914	0.031357
2696.4100003242493	17.796928	210	0	0.059232	0.031357
2698.40700006485	20.191416	210	0	0.047036	0.031357
2700.419000148773	18.736296	188	0	0.067591	0.031357
2702.4040002822876	16.381032	162	0	0.063024	0.031357
2704.4100003242493	13.091232	200	0	0.070356	0.031357
2706.4050002098083	19.093344	180	0	0.077698	0.031357
2708.406000137329	3.0046	190	0	0.081201	0.031357
2710.40700006485	1.666104	170	0	0.090398	0.031357
2712.414000272751	0.632832	162	0	0.053599	0.031357
2714.4150002002716	19.142712	182	0	0.063525	0.031357
2716.41300034523	19.568408	166	0	0.069643	0.031357
2718.4050002098083	16.486256	180	0	0.054592	0.031357
2720.4050002098083	17.391648	180	0	0.048181	0.031357
2722.40700006485	14.449544	230	0	0.046757	0.031357
2724.4180002212524	17.91516	188	0	0.074828	0.031357
2726.4210002422333	8.748344	200	0	0.048667	0.031357
2728.41300034523	0.027992	172	0	0.088797	0.031357
2730.408000230789	21.384048	186	0	0.071443	0.031357
2732.4150002002716	13.875808	174	0	0.073352	0.031357
2734.419000148773	10.94184	202	0	0.058666	0.031357
2736.414000272751	15.235512	188	0	0.048895	0.031357
2738.414000272751	18.838144	196	0	0.064074	0.031357
2740.406000137329	8.46724	188	0	0.065444	0.031357
2742.41100025177	2.012904	200	0	0.07804	0.031357
2744.4090003967285	1.64664	170	0	0.073766	0.031357
2746.4150002002716	16.002856	174	0	0.080068	0.031357
2748.4120004177094	14.58244	174	0	0.047143	0.031357
2750.41300034523	14.58244	166	0	0.039715	0.031357
2752.4120004177094	19.352664	184	0	0.048231	0.031357
2754.40700006485	9.624608	174	0	0.078108	0.031357
2756.41100025177	18.420568	156	0	0.054089	0.031357
2758.408000230789	19.892776	164	0	0.041233	0.031357
2760.4120004177094	20.049776	174	0	0.045187	0.031357
2762.419000148773	17.307976	174	0	0.061981	0.031357
2764.4170002937317	21.637216	176	0	0.052428	0.031357
2766.4160001277924	20.045616	176	0	0.040264	0.031357
2768.4170002937317	17.798352	176	0	0.063039	0.031357
2770.422000169754	10.053392	180	0	0.040362	0.031357
2772.4120004177094	19.0018	194	0	0.070862	0.031357
2774.4170002937317	18.061592	174	0	0.048178	0.031357
2776.4200003147125	2.724056	184	0	0.083551	0.031357
2778.4200003147125	3.50728	194	0	0.078182	0.031357
2780.41300034523	2.940208	180	0	0.089595	0.031357
2782.408000230789	19.675824	184	0	0.072667	0.031357
2784.4160001277924	19.545104	182	0	0.042714	0.031357
2786.4160001277924	19.8008	182	0	0.0755	0.031357
2788.4170002937317	18.094144	182	0	0.064635	0.031357
2790.4210002422333	3.434408	172	0	0.081201	0.031357
2792.4180002212524	16.797696	198	0	0.063242	0.031357
2794.414000272751	17.56768	182	0	0.044567	0.031357
2796.408000230789	21.473496	174	0	0.077296	0.031357
2798.4210002422333	10.2164	186	0	0.045283	0.031357
2800.4200003147125	7.982824	168	0	0.068532	0.031357
