0.0	47.781592	890	142	0.078467	0.062593
0.3410000801086426	44.694128	1018	0	0.080143	0.062593
0.5400002002716064	44.694128	1018	0	0.078372	0.062593
0.9720001220703125	53.972752	1250	0	0.078848	0.062593
1.4320001602172852	85.816936	1336	0	0.078441	0.062593
2.3289999961853027	82.244736	1462	0	0.080585	0.062593
2.865999937057495	9.387352	1774	0	0.108327	0.062593
3.246000051498413	108.221264	1774	0	0.087239	0.062593
3.575000286102295	90.155336	1780	0	0.084662	0.062593
4.005000114440918	68.738136	1622	0	0.084243	0.062593
5.999000072479248	86.063624	1574	0	0.097752	0.062593
7.996000051498413	23.187952	1510	0	0.126063	0.062593
9.994999885559082	81.04768	1746	0	0.095416	0.062593
12.0	84.039464	1918	0	0.096364	0.062593
13.999000072479248	109.885216	1908	0	0.096903	0.062593
16.002000093460083	2.187304	1900	0	0.152917	0.062593
17.996999979019165	55.320272	1890	0	0.142107	0.062593
19.994999885559082	104.72076	1780	0	0.097298	0.062593
21.994999885559082	68.896424	1770	0	0.192127	0.062593
23.999000072479248	83.80824	1770	0	0.124147	0.062593
25.999000072479248	83.80824	1780	0	0.125111	0.062593
28.241999864578247	100.158344	1868	0	0.096899	0.062593
30.248000144958496	4.856672	1668	0	0.101586	0.062593
31.996999979019165	67.159496	1690	0	0.17255	0.062593
33.99799990653992	43.945032	1696	0	0.098146	0.062593
36.24900007247925	84.07012	1620	0	0.104759	0.062593
37.99300003051758	79.387856	1532	0	0.162709	0.062593
40.00200009346008	93.014104	1526	0	0.118536	0.062593
41.99900007247925	44.812168	1836	0	0.116251	0.062593
43.996999979019165	83.378584	1634	0	0.123907	0.062593
46.25	49.695272	1570	0	0.26299	0.062593
47.996999979019165	62.967312	1490	0	0.155951	0.062593
49.996999979019165	5.922456	1524	0	0.097371	0.062593
51.99799990653992	53.10604	1430	0	0.126129	0.062593
54.24900007247925	87.452704	1638	0	0.124581	0.062593
56.248000144958496	51.176472	1580	0	0.170413	0.062593
57.991000175476074	42.9468	1724	0	0.083211	0.062593
60.24199986457825	73.055912	1778	0	0.079658	0.062593
62.247000217437744	73.055912	1372	0	0.183535	0.062593
64.2480001449585	94.559296	1418	0	0.099545	0.062593
66.24700021743774	83.33024	1612	0	0.095125	0.062593
68.24400019645691	73.096384	1667	0	0.129441	0.062593
70.24900007247925	73.096384	1684	0	0.205962	0.062593
72.24400019645691	98.228824	1670	0	0.082602	0.062593
74.25099992752075	78.210128	1666	0	0.141261	0.062593
76.24700021743774	90.495736	1668	0	0.096606	0.062593
78.24700021743774	14.951512	1452	0	0.133127	0.062593
80.24500012397766	91.014576	1536	0	0.09581	0.062593
82.09099984169006	83.358312	1784	0	0.108405	0.062593
84.2480001449585	111.260528	2003	0	0.097257	0.062593
86.24500012397766	110.81224	2028	0	0.115744	0.062593
88.24600005149841	110.81224	2082	0	0.134631	0.062593
90.24500012397766	85.409592	2270	0	0.130603	0.062593
92.2480001449585	1.019384	1896	0	0.149483	0.062593
94.25	82.459336	1532	0	0.143278	0.062593
96.2480001449585	82.459336	1262	0	0.170995	0.062593
98.24500012397766	82.459336	1263	0	0.112017	0.062593
100.24600005149841	82.459336	1268	0	0.164662	0.062593
102.24600005149841	82.459336	1220	0	0.103554	0.062593
104.24900007247925	82.459336	1645	0	0.161146	0.062593
106.11500000953674	82.459336	1754	0	0.108667	0.062593
108.24500012397766	82.459336	1482	0	0.093358	0.062593
110.25200009346008	82.459336	1482	0	0.107545	0.062593
112.24400019645691	82.459336	1410	0	0.110341	0.062593
114.23900008201599	82.459336	1410	0	0.106431	0.062593
116.24300003051758	56.682816	892	0	0.138287	0.062593
118.24400019645691	59.1226	892	0	0.104895	0.062593
120.24300003051758	60.723512	944	0	0.08923	0.062593
122.24900007247925	6.733312	1146	0	0.136876	0.062593
124.24500012397766	69.227576	1094	0	0.081358	0.062593
126.24600005149841	6.048184	1094	0	0.153943	0.062593
128.2480001449585	65.520528	1098	0	0.078928	0.062593
130.19900012016296	65.520528	1092	0	0.220935	0.062593
132.24900007247925	70.704472	1046	0	0.095448	0.062593
134.25500011444092	70.704472	1046	0	0.087318	0.062593
136.2460000514984	54.392432	1096	0	0.101411	0.062593
138.2480001449585	54.392432	1106	0	0.156135	0.062593
140.24300003051758	61.62392	1096	0	0.106141	0.062593
142.2460000514984	61.62392	1090	0	0.214533	0.062593
144.25	61.62392	1090	0	0.117137	0.062593
146.24500012397766	63.027464	4	0	0.145349	0.062593
148.24199986457825	72.168704	1300	0	0.086228	0.062593
150.2460000514984	72.168704	1260	0	0.088635	0.062593
152.24199986457825	72.168704	1266	0	0.235721	0.062593
154.11500000953674	72.168704	1064	0	0.109361	0.062593
156.24500012397766	72.168704	1028	0	0.079325	0.062593
158.25999999046326	72.168704	1028	0	0.114711	0.062593
160.24900007247925	72.168704	1022	0	0.140752	0.062593
162.24500012397766	57.075024	788	0	0.084237	0.062593
164.24500012397766	57.075024	794	0	0.106166	0.062593
166.24700021743774	47.935784	888	0	0.076635	0.062593
168.24700021743774	56.680656	990	0	0.128895	0.062593
170.2460000514984	56.680656	996	0	0.093863	0.062593
172.25099992752075	56.680656	1461	0	0.139803	0.062593
174.24500012397766	55.432408	1030	0	0.111778	0.062593
176.24199986457825	55.432408	1044	0	0.17483	0.062593
178.24199986457825	68.097344	1046	0	0.09665	0.062593
180.24000000953674	68.682232	1046	0	0.082008	0.062593
182.2460000514984	0.585656	1022	0	0.085123	0.062593
184.2460000514984	69.119776	1077	0	0.106919	0.062593
186.2480001449585	69.119776	1639	0	0.190783	0.062593
188.2460000514984	74.390768	1208	0	0.085114	0.062593
190.25	74.390768	1224	0	0.1795	0.062593
192.25200009346008	86.825808	1262	0	0.088568	0.062593
194.24900007247925	52.958448	1376	0	0.184842	0.062593
196.24000000953674	71.013024	1376	0	0.094374	0.062593
198.24500012397766	71.013024	1382	0	0.159559	0.062593
200.2460000514984	72.398488	1198	0	0.093395	0.062593
202.18300008773804	72.398488	2081	0	0.170152	0.062593
204.24700021743774	22.539136	1166	0	0.083619	0.062593
206.24500012397766	30.597592	1172	0	0.151943	0.062593
208.2409999370575	72.656664	1166	0	0.105491	0.062593
210.2460000514984	72.656664	1166	0	0.085175	0.062593
212.2480001449585	72.656664	1042	0	0.14094	0.062593
214.24900007247925	61.694296	4	0	0.094874	0.062593
216.2480001449585	61.694296	1190	0	0.179007	0.062593
218.2480001449585	61.694296	1132	0	0.101607	0.062593
220.24500012397766	61.694296	1132	0	0.136223	0.062593
222.24300003051758	61.694296	1132	0	0.102448	0.062593
224.24900007247925	61.694296	1132	0	0.118021	0.062593
226.24199986457825	61.694296	1064	0	0.092423	0.062593
228.24500012397766	61.2526	1082	0	0.087633	0.062593
230.24500012397766	67.8516	1174	0	0.091374	0.062593
232.24500012397766	67.8516	1162	0	0.138507	0.062593
234.25099992752075	75.10584	1164	0	0.0926	0.062593
236.24300003051758	75.10584	1218	0	0.134399	0.062593
238.24500012397766	75.10584	1218	0	0.118734	0.062593
240.24700021743774	75.10584	1218	0	0.140771	0.062593
242.2409999370575	75.860336	1222	0	0.104597	0.062593
244.24500012397766	67.516168	1396	0	0.100699	0.062593
246.24300003051758	67.516168	1328	0	0.121656	0.062593
248.24500012397766	67.516168	1284	0	0.104933	0.062593
250.1930000782013	67.516168	1218	0	0.173161	0.062593
252.24900007247925	67.516168	1174	0	0.128851	0.062593
254.25	67.516168	1174	0	0.176948	0.062593
256.2539999485016	69.568	1134	0	0.091426	0.062593
258.2569999694824	12.642752	1134	0	0.089181	0.063579
260.2480001449585	70.11404	1136	0	0.084635	0.063579
262.2460000514984	70.11404	1142	0	0.174465	0.063579
264.42599987983704	64.092232	1094	0	0.100155	0.063579
266.24700021743774	66.272296	4	0	0.107437	0.063579
268.49699997901917	53.69116	1124	0	0.110813	0.063579
270.24500012397766	53.69116	1124	0	0.109997	0.063579
272.5020000934601	53.69116	1030	0	0.092663	0.063579
274.4960000514984	53.69116	972	0	0.110191	0.063579
276.24700021743774	48.135472	1024	0	0.08032	0.063579
278.24700021743774	63.863472	1306	0	0.095754	0.063579
280.49699997901917	27.910928	1306	0	0.19767	0.063579
282.2550001144409	74.835816	1256	0	0.09967	0.063579
284.2409999370575	63.81952	1466	0	0.11778	0.063579
286.2460000514984	13.411344	1268	0	0.112604	0.063579
288.24500012397766	66.387472	1276	0	0.183347	0.063579
290.24900007247925	73.152184	1270	0	0.089259	0.063579
292.2460000514984	64.716544	1380	0	0.151317	0.063579
294.25099992752075	78.92408	1360	0	0.11591	0.063579
296.2460000514984	38.049184	4	0	0.187352	0.063579
298.2409999370575	39.921968	1242	0	0.094048	0.063579
300.4979999065399	43.752016	1194	0	0.141124	0.063579
302.49399995803833	43.752016	1194	0	0.156645	0.063579
304.4979999065399	43.752016	1194	0	0.093093	0.063579
306.5	43.752016	1162	0	0.133429	0.063579
308.50800013542175	71.179	1302	0	0.094401	0.063579
310.49399995803833	71.179	1404	0	0.1718	0.063579
312.4500000476837	65.566304	1410	0	0.151203	0.063579
314.2480001449585	65.566304	1410	0	0.099358	0.063579
316.4930000305176	65.566304	1410	0	0.090636	0.063579
318.49699997901917	65.566304	1395	0	0.116021	0.063579
320.4979999065399	65.566304	1472	0	0.161878	0.063579
322.2460000514984	58.948096	994	0	0.152762	0.063579
324.49899983406067	73.369576	1268	0	0.077489	0.063579
326.4960000514984	82.785608	1314	0	0.105496	0.063579
328.5020000934601	65.064416	1308	0	0.161242	0.063579
330.5	68.100712	1268	0	0.093764	0.063579
332.49399995803833	27.588016	976	0	0.239758	0.063579
334.49699997901917	29.658216	1118	0	0.102327	0.063579
336.4130001068115	61.925632	1112	0	0.134896	0.063579
338.4979999065399	64.717456	1212	0	0.07783	0.063579
340.49699997901917	0.531008	1184	0	0.125279	0.063579
342.49500012397766	38.271384	1278	0	0.107534	0.063579
344.49500012397766	38.271384	1278	0	0.138534	0.063579
346.52300000190735	58.022088	1282	0	0.113978	0.063579
348.4979999065399	72.29016	1608	0	0.12613	0.063579
350.5020000934601	69.282408	1312	0	0.112464	0.063579
352.4960000514984	69.282408	1224	0	0.087038	0.063579
354.49399995803833	69.282408	1224	0	0.161603	0.063579
356.49699997901917	69.282408	1098	0	0.135323	0.063579
358.4979999065399	59.856704	1132	0	0.199468	0.063579
360.34800004959106	57.800552	1148	0	0.084961	0.063579
362.49699997901917	79.763528	1234	0	0.096161	0.063579
364.49699997901917	82.88152	1326	0	0.090858	0.063579
366.50600004196167	68.741136	1288	0	0.158262	0.063579
368.5030002593994	93.685672	1334	0	0.116387	0.063579
370.5090000629425	82.0116	1340	0	0.143509	0.063579
372.4979999065399	76.809888	1334	0	0.085038	0.063579
374.50800013542175	40.90676	1434	0	0.151107	0.063579
376.4960000514984	61.19176	1394	0	0.160692	0.063579
378.49500012397766	78.109424	1602	0	0.10955	0.063579
380.49699997901917	60.707848	1544	0	0.097383	0.063579
382.4979999065399	64.848696	1312	0	0.098714	0.063579
384.44000005722046	64.848696	1344	0	0.180815	0.063579
386.4920001029968	64.848696	1344	0	0.096903	0.063579
388.4930000305176	64.848696	1344	0	0.128317	0.063579
390.5020000934601	82.425056	1320	0	0.099306	0.063579
392.5	36.819008	1368	0	0.166784	0.063579
394.4979999065399	76.091768	1426	0	0.12191	0.063579
396.49699997901917	41.361968	1474	0	0.170283	0.063579
398.5110001564026	84.021688	1412	0	0.100969	0.063579
400.49500012397766	20.120368	1418	0	0.240752	0.063579
402.49899983406067	8.45256	1314	0	0.094747	0.063579
404.50400018692017	70.932536	1320	0	0.143381	0.063579
406.5020000934601	71.985936	1442	0	0.117047	0.063579
408.49000000953674	15.161664	1442	0	0.119138	0.063579
410.5	17.777408	1404	0	0.078327	0.063579
412.49500012397766	80.985952	1312	0	0.096148	0.063579
414.5020000934601	4.8008	1250	0	0.097693	0.062194
416.4960000514984	45.544416	1250	0	0.077561	0.062194
418.49899983406067	12.342056	1506	0	0.102176	0.062194
420.4979999065399	70.506528	1500	0	0.122607	0.062194
422.49699997901917	70.506528	1500	0	0.17432	0.062194
424.49899983406067	4.8406	1506	0	0.10195	0.062194
426.49899983406067	37.329808	2550	0	0.183485	0.062194
428.4979999065399	66.27052	1398	0	0.093991	0.062194
430.4979999065399	66.27052	1402	0	0.181025	0.062194
432.4930000305176	66.96376	1342	0	0.094286	0.062194
434.49699997901917	62.615552	1340	0	0.082277	0.062194
436.4920001029968	59.182992	1234	0	0.109933	0.062194
438.49899983406067	59.182992	1234	0	0.143886	0.062194
440.4960000514984	64.60972	1204	0	0.110404	0.062194
442.50099992752075	70.342816	1226	0	0.089517	0.062194
444.5020000934601	70.342816	1226	0	0.175404	0.062194
446.4930000305176	65.816712	1212	0	0.087417	0.062194
448.50099992752075	65.816712	1212	0	0.134332	0.062194
450.4960000514984	65.816712	1212	0	0.106754	0.062194
452.49699997901917	65.816712	1072	0	0.09028	0.062194
454.49399995803833	65.816712	1096	0	0.149951	0.062194
456.42900013923645	65.816712	1194	0	0.170563	0.062194
458.4930000305176	65.816712	1194	0	0.091894	0.062194
460.49699997901917	65.816712	1198	0	0.158489	0.062194
462.49699997901917	73.309616	1330	0	0.091147	0.062194
464.4979999065399	73.309616	1310	0	0.174263	0.062194
466.49500012397766	76.222184	1290	0	0.098638	0.062194
468.49899983406067	76.222184	1290	0	0.158188	0.062194
470.4930000305176	76.222184	1290	0	0.108518	0.062194
472.5	2.850912	1284	0	0.175512	0.062194
474.49399995803833	71.520528	1174	0	0.11217	0.062194
476.49399995803833	62.08392	1168	0	0.1099	0.062194
478.49500012397766	62.08392	1168	0	0.087158	0.062194
480.4930000305176	62.08392	1080	0	0.08045	0.062194
482.5	58.896808	1020	0	0.08497	0.062194
484.4930000305176	58.896808	1000	0	0.082413	0.062194
486.49399995803833	58.896808	1040	0	0.113662	0.062194
488.49399995803833	58.896808	1040	0	0.092277	0.062194
490.4930000305176	58.896808	1040	0	0.148931	0.062194
492.49399995803833	1.046232	850	0	0.084804	0.062194
494.4920001029968	19.263824	1197	0	0.131384	0.062194
496.4979999065399	25.057464	856	0	0.094102	0.062194
498.4960000514984	25.99076	844	0	0.130456	0.062194
500.50099992752075	25.99076	844	0	0.102794	0.062194
502.4960000514984	25.99076	844	0	0.126157	0.062194
504.45099997520447	26.96	834	0	0.116541	0.062194
506.49699997901917	26.96	834	0	0.098467	0.062194
