0.0	4.29	46	20	0.126927	0.038816
1.687000036239624	4.246464	44	0	0.118054	0.038816
1.804999828338623	4.277776	44	2	0.060625	0.038816
2.0189998149871826	4.271648	52	0	0.059169	0.038816
2.5769999027252197	4.205552	52	27	0.130082	0.038816
4.93399977684021	4.268704	44	0	0.057484	0.038816
6.972999811172485	3.589264	54	0	0.133341	0.038816
9.525999784469604	3.386648	50	21	0.132693	0.038816
11.581999778747559	4.269648	58	0	0.125922	0.038816
13.045999765396118	4.233416	60	27	0.153932	0.038816
14.931999921798706	4.358112	4	0	0.14021	0.038816
17.030999898910522	4.271784	46	0	0.119051	0.038816
18.735999822616577	2.422544	46	0	0.130545	0.038816
20.312000036239624	4.356512	44	0	0.126725	0.038816
21.937999725341797	4.180448	44	42	0.118884	0.038816
24.471999883651733	3.364936	52	0	0.145848	0.038816
26.941999673843384	4.068016	48	48	0.1244	0.038816
28.193999767303467	4.08624	48	0	0.114058	0.038816
28.62399983406067	4.254208	48	0	0.098771	0.038816
30.565999746322632	2.665368	56	0	0.140994	0.038816
32.81500005722046	3.77472	46	0	0.113413	0.038816
34.80499982833862	4.246128	44	0	0.050066	0.038816
37.05799984931946	3.995856	46	0	0.121132	0.038816
38.82599973678589	4.313544	46	0	0.073681	0.038816
40.799999952316284	4.242808	46	0	0.097663	0.038816
42.80999970436096	4.205784	44	0	0.111266	0.039248
44.89799976348877	4.203048	50	42	0.118482	0.039248
47.61699986457825	3.84012	58	0	0.125399	0.039248
51.09099984169006	4.155384	52	30	0.068997	0.039248
53.992999792099	3.865352	52	0	0.147817	0.039248
57.061999797821045	4.07024	46	0	0.117657	0.039248
57.664000034332275	4.147056	48	25	0.081181	0.039248
59.40999984741211	4.285616	64	0	0.087649	0.039248
61.664000034332275	4.07352	46	20	0.123389	0.039248
65.00699996948242	4.233456	46	0	0.085825	0.039248
66.87399983406067	4.178152	48	0	0.124843	0.039248
68.29399967193604	4.27156	46	25	0.118072	0.039248
71.53399968147278	4.261536	46	0	0.118566	0.039248
73.90699982643127	4.261824	46	27	0.121985	0.039248
74.82499980926514	4.28004	46	0	0.055638	0.039168
78.58299994468689	4.250504	44	26	0.116277	0.039168
80.52299976348877	4.159432	48	0	0.105045	0.039168
83.06499981880188	3.971256	48	0	0.129734	0.039168
84.76199984550476	3.719984	4	28	0.133849	0.039168
88.36599969863892	3.792288	48	0	0.115372	0.039168
89.51600003242493	4.219792	52	20	0.119926	0.039168
91.59999990463257	1.362512	64	0	0.162312	0.039168
92.51099991798401	4.0954	46	0	0.117025	0.039168
93.65799975395203	4.044656	46	26	0.089533	0.039168
94.95099997520447	4.204824	46	0	0.124045	0.039168
97.21399974822998	4.235168	42	24	0.112657	0.039045
99.42699980735779	3.648008	46	0	0.118564	0.039045
101.50399994850159	4.2536	46	26	0.116732	0.039045
104.08799982070923	4.02484	42	0	0.109392	0.039045
105.80599975585938	4.197984	44	0	0.051833	0.039045
107.52099990844727	4.218808	48	23	0.136484	0.039045
108.54499983787537	3.705704	48	0	0.132043	0.039045
111.28299975395203	3.708736	46	0	0.10871	0.039045
113.61299991607666	4.017392	44	0	0.115983	0.039045
116.17399978637695	2.713416	42	0	0.051678	0.039045
117.56899976730347	4.221936	48	24	0.130611	0.039045
118.89599990844727	4.15476	48	0	0.125664	0.039045
120.85699987411499	4.124832	44	23	0.120054	0.039045
122.6949999332428	4.055072	46	0	0.116877	0.039045
125.21699976921082	2.962624	52	24	0.15902	0.039045
126.13099980354309	4.303408	4	0	0.132203	0.039045
127.00299978256226	3.119792	44	0	0.121623	0.039045
127.71299982070923	3.802224	44	28	0.118894	0.039045
128.83200001716614	4.247176	48	0	0.142298	0.039045
130.81200003623962	3.896272	48	0	0.054599	0.039045
132.80599975585938	4.420248	48	0	0.12179	0.039045
134.82499980926514	4.29512	44	0	0.118137	0.039045
136.81299996376038	3.454128	56	0	0.175336	0.039045
138.80499982833862	4.1636	50	0	0.135511	0.039045
140.79900002479553	4.154128	48	0	0.127537	0.039045
142.81299996376038	3.867912	50	0	0.123127	0.039045
144.92299962043762	4.174376	50	49	0.13318	0.039045
146.80999970436096	4.314768	48	0	0.123043	0.039045
148.8019998073578	4.186312	48	0	0.126546	0.039045
150.753999710083	3.742312	50	0	0.147283	0.039045
152.80799984931946	4.136104	48	0	0.121748	0.039045
154.80799984931946	4.25552	44	3	0.11713	0.039045
156.95899987220764	3.821776	46	0	0.117933	0.039045
158.96999979019165	4.418024	52	0	0.116194	0.039045
161.51199984550476	3.833552	44	44	0.119056	0.039045
163.9559998512268	3.660288	46	0	0.119264	0.039045
166.98999977111816	4.177248	50	48	0.148201	0.038842
170.2039999961853	4.31104	44	0	0.118631	0.038842
172.80799984931946	4.220328	50	25	0.099234	0.038842
175.71499967575073	4.2026	48	0	0.059678	0.038842
177.28199982643127	4.149504	44	0	0.117333	0.038842
180.4029996395111	4.029744	48	25	0.131087	0.038842
182.15399980545044	3.749488	46	0	0.133221	0.038842
183.72399997711182	3.955888	50	26	0.122833	0.038842
185.48399996757507	4.225688	46	0	0.123697	0.038842
186.8899998664856	4.202136	46	0	0.115254	0.038842
189.09699988365173	3.707464	46	23	0.111782	0.038842
191.29899978637695	4.163352	48	0	0.118298	0.038842
193.8349997997284	4.465944	46	23	0.120121	0.038842
195.25899982452393	4.2306	50	0	0.126677	0.038842
196.3459997177124	4.24792	46	27	0.124563	0.038842
198.07699990272522	4.148704	42	0	0.049058	0.038842
199.55399990081787	4.03036	46	0	0.126342	0.038842
201.19799971580505	4.182632	46	26	0.12202	0.038842
202.89799976348877	4.229136	48	0	0.132532	0.038813
204.23799967765808	4.307064	46	45	0.12494	0.038813
206.6049997806549	4.336912	72	0	0.101208	0.038813
209.69799971580505	4.381056	46	0	0.115939	0.038813
212.39699983596802	4.188408	44	25	0.095821	0.038813
215.51499962806702	3.853424	46	0	0.113796	0.038813
217.03600001335144	4.197328	46	23	0.119183	0.038813
220.31799983978271	4.020296	50	0	0.132162	0.038813
221.42999982833862	4.44672	46	28	0.119224	0.038813
222.3199999332428	4.092976	46	0	0.063503	0.038813
222.62699961662292	3.896552	46	0	0.067955	0.038813
223.07499980926514	4.304576	48	28	0.077036	0.038813
225.17999982833862	4.407352	48	0	0.117956	0.038813
227.1219997406006	4.243512	48	44	0.121577	0.038813
229.09699988365173	4.229288	48	0	0.11193	0.038813
231.11999988555908	3.8144	54	52	0.154393	0.038813
233.96999979019165	3.941848	44	0	0.111301	0.038813
234.80499982833862	4.262352	46	0	0.078611	0.038813
237.80499982833862	4.078608	54	50	0.146524	0.038813
239.90699982643127	4.208072	52	0	0.140186	0.038813
241.56199979782104	3.503944	52	38	0.125116	0.038813
241.90499997138977	0.318456	14	0	0.069902	0.068472
242.1529998779297	4.846248	69	15	0.07152	0.068472
242.3089997768402	10.461888	131	0	0.085462	0.068472
242.4630000591278	10.461888	187	20	0.105289	0.068472
242.64999985694885	10.461888	187	0	0.12953	0.068472
242.97499990463257	4.357872	188	0	0.073986	0.068472
243.34199976921082	11.333352	199	1	0.10593	0.068472
243.86499977111816	2.414336	154	0	0.077463	0.068472
244.05999994277954	4.085544	44	0	0.117153	0.038813
244.96599984169006	10.582776	158	0	0.102508	0.068472
245.7829999923706	11.09368	162	0	0.105504	0.068472
246.44599986076355	4.406672	44	0	0.119413	0.038813
247.66899991035461	9.6892	158	0	0.104078	0.068472
248.19299983978271	4.262872	46	42	0.117803	0.038813
249.6619997024536	7.534512	250	0	0.159792	0.068472
250.08599972724915	4.176376	46	0	0.121403	0.038813
251.6049997806549	10.306344	250	0	0.111468	0.068472
252.60899996757507	4.112888	42	42	0.112868	0.038813
253.6049997806549	4.776696	250	0	0.364113	0.068472
254.83200001716614	4.304112	46	0	0.109499	0.038813
255.60399985313416	0.118424	250	0	0.309238	0.068472
256.38599967956543	4.098624	46	46	0.124942	0.038813
258.69399976730347	4.292752	48	0	0.119397	0.038813
259.8349997997284	4.425112	44	0	0.118459	0.038813
262.35399985313416	4.196216	44	43	0.129353	0.038813
264.8109996318817	3.986064	44	0	0.120576	0.038813
266.71399974823	4.122072	44	44	0.117135	0.038813
268.80399990081787	4.198056	44	0	0.116203	0.038813
270.30799984931946	3.878104	44	0	0.118794	0.038813
273.20899987220764	3.105752	56	52	0.131955	0.038813
276.4279999732971	4.2968	60	0	0.156535	0.038813
277.2009997367859	3.869192	54	27	0.128776	0.038813
278.5809998512268	4.345432	50	0	0.134989	0.038813
279.5	4.17068	46	41	0.094142	0.038813
281.0550000667572	4.433368	46	0	0.122098	0.038813
283.05599999427795	4.171328	48	0	0.120657	0.038813
285.05599999427795	4.314736	44	0	0.108865	0.038813
287.0769999027252	3.605896	56	0	0.12317	0.038813
288.8839998245239	3.979872	46	0	0.116226	0.038813
291.06199979782104	4.3234	52	0	0.140083	0.038813
293.0649998188019	4.301264	48	0	0.127486	0.038813
295.05099964141846	4.11656	48	0	0.119371	0.038813
297.0639998912811	4.367192	48	0	0.10187	0.038813
299.05299973487854	4.3092	48	0	0.131022	0.038813
301.05599999427795	4.215704	50	0	0.07728	0.038813
302.9949996471405	4.292312	46	0	0.066205	0.038813
305.0519998073578	4.292784	46	0	0.120946	0.038813
307.05399990081787	4.4596	48	0	0.076192	0.038813
309.04699993133545	4.27476	54	0	0.13554	0.038813
311.06599974632263	4.048832	48	0	0.087549	0.038813
313.47199988365173	4.3032	48	46	0.103513	0.038813
315.78799986839294	3.193608	46	0	0.101633	0.038813
317.85399985313416	3.765824	46	0	0.136255	0.038813
319.49399971961975	4.287032	54	54	0.14421	0.038813
321.0809998512268	4.326232	49	0	0.129625	0.038813
323.05599999427795	4.576144	50	0	0.06257	0.038813
325.05299973487854	4.189448	54	0	0.12818	0.038813
327.0199999809265	3.996928	46	0	0.071893	0.038813
329.0519998073578	4.235992	48	0	0.126998	0.038813
331.0499997138977	4.185424	48	0	0.117132	0.038813
333.0589997768402	4.381912	44	0	0.052698	0.038813
335.05399990081787	4.275208	44	0	0.10124	0.038813
337.05599999427795	4.441672	46	0	0.0623	0.038813
339.7059998512268	2.360648	48	0	0.162376	0.038813
341.81899976730347	4.298384	4	0	0.122979	0.038813
343.82299995422363	4.312728	46	46	0.120497	0.038813
345.0629999637604	3.862768	46	0	0.123679	0.038813
347.0499997138977	4.379648	46	0	0.067567	0.038813
349.0550000667572	4.14988	52	0	0.11382	0.038813
351.00099992752075	4.074056	48	0	0.059536	0.038813
353.0550000667572	3.657096	54	0	0.075137	0.038813
355.05999994277954	4.095984	56	0	0.132775	0.038813
357.06199979782104	2.467952	48	0	0.14362	0.038813
359.06199979782104	4.073	48	0	0.128336	0.038813
361.05299973487854	3.597224	54	0	0.05307	0.038813
363.05799984931946	3.935496	48	0	0.126452	0.038813
365.08599972724915	3.778656	52	0	0.129955	0.038813
367.231999874115	3.93364	56	52	0.157222	0.038813
370.0169999599457	4.198448	48	0	0.131427	0.038813
371.0720000267029	4.15352	50	45	0.120353	0.038813
373.05299973487854	4.107448	50	0	0.129958	0.038813
374.99900007247925	4.20252	48	0	0.065914	0.038813
377.0609998703003	4.292672	48	0	0.121306	0.038813
379.0649998188019	4.147016	46	0	0.126534	0.038813
381.0429997444153	2.857728	68	0	0.06006	0.038813
383.0550000667572	4.260344	68	0	0.085277	0.038813
385.05399990081787	4.25304	44	0	0.06269	0.038813
387.05099964141846	4.174408	46	0	0.122917	0.038813
389.0589997768402	4.146888	44	0	0.076213	0.038813
391.0609998703003	4.262392	50	0	0.058559	0.038813
393.05599999427795	4.189232	52	0	0.140579	0.038813
395.0629999637604	4.502048	54	0	0.065895	0.038813
397.06199979782104	4.25616	48	0	0.128473	0.038813
398.9979999065399	4.142384	52	0	0.065341	0.038813
401.05399990081787	4.023672	48	0	0.088327	0.038813
403.0569999217987	4.008744	46	0	0.118393	0.038813
405.05399990081787	4.420088	44	0	0.064087	0.038813
407.96999979019165	3.430048	58	0	0.067007	0.038813
409.89299988746643	2.375384	49	26	0.163903	0.038813
411.50499987602234	4.261312	64	0	0.126576	0.038813
413.28599977493286	4.348904	46	0	0.110363	0.038813
415.0479998588562	3.823848	42	0	0.117011	0.038813
417.07999992370605	4.448336	48	0	0.103005	0.038813
419.0519998073578	4.267528	48	0	0.104439	0.038813
421.05399990081787	3.984696	54	0	0.100115	0.038813
423.00099992752075	4.15008	60	0	0.062428	0.038813
425.06199979782104	4.159072	56	0	0.068599	0.038813
427.0550000667572	3.910744	48	0	0.132052	0.038813
429.0550000667572	4.038944	44	0	0.122297	0.038813
431.05299973487854	4.11596	46	0	0.121684	0.038813
433.04899978637695	4.392312	44	0	0.052469	0.038813
435.05599999427795	4.255704	46	0	0.077572	0.038813
437.06199979782104	4.28852	54	0	0.145774	0.038813
439.0589997768402	4.098184	48	0	0.12969	0.038813
441.0679998397827	4.359176	46	0	0.112661	0.038813
443.06599974632263	4.147584	46	0	0.11814	0.038813
445.06199979782104	1.03796	4	0	0.14231	0.038813
447.0069999694824	4.010368	48	0	0.070247	0.038813
449.0589997768402	4.377208	46	0	0.07992	0.038813
451.04899978637695	4.313392	46	0	0.084445	0.038813
453.05599999427795	4.260304	50	0	0.130339	0.038813
455.0519998073578	4.032312	50	0	0.091573	0.038813
457.0519998073578	4.44532	44	0	0.062522	0.038813
459.06599974632263	4.480672	46	0	0.077268	0.038813
461.05999994277954	4.266416	54	0	0.135943	0.038813
463.0550000667572	4.131904	48	0	0.127868	0.038813
465.06199979782104	4.255248	52	0	0.137347	0.038813
467.06199979782104	4.002944	46	0	0.067939	0.038813
469.0609998703003	4.211736	48	0	0.080758	0.038813
471.64099979400635	3.957912	48	48	0.11867	0.038813
473.33899974823	4.21772	54	0	0.146197	0.038813
475.0519998073578	4.352952	48	0	0.127933	0.038813
477.0519998073578	4.260232	54	0	0.145891	0.038813
479.8639998435974	4.1666	46	0	0.052122	0.038813
481.91499972343445	4.203752	48	48	0.126687	0.038813
484.1159999370575	4.317	46	0	0.111799	0.038813
485.7889997959137	4.33108	52	0	0.099121	0.038813
487.02899980545044	4.01664	44	0	0.106171	0.038813
489.05099964141846	4.06292	48	0	0.121479	0.038813
491.05999994277954	4.041568	52	0	0.078428	0.038813
493.0499997138977	3.965928	50	0	0.130848	0.038813
495.0589997768402	3.725568	48	0	0.060922	0.038813
497.0519998073578	3.917936	50	0	0.081905	0.038813
499.2519998550415	3.436944	46	0	0.124796	0.038813
502.50300002098083	3.79652	46	45	0.114347	0.039012
504.1819996833801	4.097888	60	0	0.147929	0.039012
505.26399993896484	2.60544	53	18	0.155297	0.039012
507.06199979782104	4.237176	48	0	0.136887	0.039012
509.0589997768402	4.207528	56	0	0.111405	0.039012
511.0550000667572	4.082272	48	24	0.056457	0.039012
513.048999786377	4.08668	48	0	0.122772	0.039012
515.0539999008179	4.511208	56	2	0.075442	0.039012
517.0599999427795	4.364384	46	0	0.104057	0.039012
519.0609998703003	4.451824	46	0	0.061369	0.039012
521.0629999637604	4.10296	48	0	0.129992	0.039012
523.3499999046326	4.254688	60	0	0.087049	0.039012
525.827999830246	4.298288	44	30	0.067517	0.039012
528.0899996757507	4.313936	50	0	0.108382	0.039012
530.2729997634888	4.234352	46	46	0.126077	0.039012
531.2019999027252	4.061896	44	0	0.106661	0.039012
533.0609998703003	4.214832	54	0	0.114999	0.039012
535.0649998188019	4.167488	46	0	0.123621	0.039012
537.309999704361	4.299616	48	0	0.132526	0.039012
539.3019998073578	4.247136	46	0	0.123822	0.039012
541.7400000095367	3.995856	44	0	0.119492	0.039012
544.7949998378754	4.213912	44	44	0.115126	0.039012
545.8049998283386	4.129736	4	0	0.124031	0.039012
547.3179998397827	3.986528	52	0	0.151014	0.039012
549.3109998703003	3.983936	50	0	0.12227	0.039012
551.298999786377	3.731376	56	0	0.10438	0.039012
553.3029999732971	4.381384	50	0	0.06683	0.039012
555.3239998817444	1.774296	46	0	0.112638	0.039012
557.300999879837	4.1442	46	0	0.093423	0.039012
559.3049998283386	4.243192	48	0	0.123168	0.039012
561.3139998912811	4.221752	50	0	0.13387	0.039012
563.3049998283386	4.082512	52	0	0.136961	0.039012
565.2999999523163	4.259048	48	0	0.116345	0.039012
567.298999786377	3.820936	46	0	0.049177	0.039012
569.3089997768402	4.355056	52	0	0.132426	0.039012
571.3059997558594	4.054664	48	0	0.12439	0.039012
573.3019998073578	4.15692	44	0	0.115931	0.039012
575.3089997768402	4.184944	48	0	0.119759	0.039012
577.3069996833801	4.302832	46	0	0.109031	0.039012
579.3069996833801	4.316624	44	0	0.117735	0.039012
581.3109998703003	4.21456	44	0	0.113603	0.039012
583.3109998703003	4.20848	46	0	0.123018	0.039012
585.309999704361	4.23404	46	0	0.12167	0.039012
587.3089997768402	4.00984	46	0	0.098031	0.039012
589.2969999313354	4.361304	46	0	0.115612	0.039012
591.300999879837	4.40216	46	0	0.061185	0.039012
593.3019998073578	1.266576	48	0	0.10687	0.039012
595.3059997558594	4.222344	50	0	0.139786	0.039012
597.1840000152588	4.435104	46	0	0.081535	0.039012
599.300999879837	4.02832	50	0	0.134049	0.039012
601.3039999008179	4.34004	48	0	0.118061	0.039012
603.309999704361	3.528936	48	0	0.129667	0.039012
605.3069996833801	4.324632	60	0	0.13773	0.039012
607.3019998073578	4.5794	44	0	0.052717	0.039012
609.3079998493195	3.895496	50	0	0.127788	0.039012
612.6799998283386	3.411944	54	50	0.136033	0.039012
613.4759998321533	2.656384	54	0	0.155822	0.039012
615.2999999523163	2.166888	66	0	0.118752	0.039012
617.3109998703003	2.687008	68	0	0.146912	0.039012
619.309999704361	1.392864	58	0	0.168626	0.039012
621.3109998703003	4.239616	52	0	0.142499	0.039012
623.3239998817444	0.94316	56	0	0.144057	0.039012
625.2999999523163	3.917368	48	0	0.106889	0.039012
627.3019998073578	4.073336	50	0	0.122816	0.039012
629.3129999637604	3.969232	54	0	0.143891	0.039012
631.3019998073578	4.276688	48	0	0.128384	0.039012
635.1229996681213	4.293864	50	0	0.128278	0.039012
638.5129997730255	4.2982	46	42	0.12566	0.039012
643.2379996776581	4.135856	50	0	0.132941	0.039012
643.452999830246	3.79556	50	28	0.073455	0.039012
643.7590000629425	4.306288	46	0	0.085876	0.039012
644.6989996433258	4.286008	48	0	0.12888	0.039012
645.2269997596741	4.295696	4	0	0.088876	0.039012
647.3039999008179	4.111968	46	0	0.085019	0.039012
649.3109998703003	3.67796	46	0	0.066929	0.039012
651.3120000362396	4.173632	50	0	0.131128	0.039012
653.309999704361	4.26648	48	0	0.10296	0.039012
655.2979998588562	4.357784	44	0	0.121528	0.039012
657.2969999313354	4.339984	4	0	0.046314	0.039012
659.3039999008179	4.31356	46	0	0.05118	0.039012
661.2999999523163	4.242424	46	0	0.062276	0.039012
663.300999879837	4.418712	44	0	0.052464	0.039012
665.3759999275208	3.731528	50	0	0.134577	0.039012
668.9859998226166	4.033296	50	0	0.067601	0.039012
672.1229996681213	4.255992	44	21	0.10962	0.039012
675.3219997882843	4.328128	48	0	0.127478	0.039012
678.5469996929169	4.310848	4	28	0.111125	0.039012
682.7309997081757	4.022032	46	0	0.120492	0.039012
684.7669999599457	4.054016	50	27	0.119138	0.039012
685.335000038147	4.370352	46	0	0.101972	0.039012
685.5989999771118	3.74432	46	0	0.065099	0.039012
686.4800000190735	4.218448	44	26	0.101817	0.039012
687.7949998378754	4.096712	46	0	0.117424	0.039012
688.5519998073578	4.136912	50	38	0.09783	0.039012
689.3929998874664	4.243136	44	0	0.058702	0.039012
691.3049998283386	3.954936	46	0	0.121129	0.039012
693.309999704361	0.200032	46	0	0.107702	0.039012
695.3120000362396	4.14424	46	0	0.12259	0.039012
697.7009997367859	4.031168	48	48	0.124412	0.039012
700.3680000305176	3.995552	46	0	0.095776	0.039012
702.8839998245239	4.106112	48	45	0.108077	0.039012
705.0529997348785	4.31	50	0	0.108374	0.039012
707.0669996738434	3.982328	50	0	0.109846	0.039012
710.2909996509552	3.846824	48	24	0.065298	0.039012
714.1059997081757	4.25376	44	0	0.11319	0.039027
717.3719999790192	4.216464	46	24	0.122715	0.039027
717.8789999485016	4.20972	56	0	0.10582	0.039027
719.8349997997284	3.967056	4	0	0.112059	0.039027
720.2449998855591	4.057664	44	22	0.049781	0.039027
720.3629996776581	4.272472	44	0	0.063189	0.039027
721.298999786377	3.959224	48	0	0.113844	0.039027
723.6229999065399	3.480224	44	0	0.114733	0.039165
725.3039999008179	4.321936	46	0	0.117668	0.039165
727.300999879837	4.261056	46	0	0.136325	0.039165
729.300999879837	3.918896	48	0	0.115479	0.039165
731.3129999637604	3.846728	46	0	0.067487	0.039165
733.2979998588562	4.360272	46	0	0.065647	0.039165
735.298999786377	4.217688	48	0	0.052868	0.039165
737.7369997501373	4.183112	46	0	0.121388	0.039165
739.2969999313354	4.315896	46	0	0.098455	0.039165
741.3079998493195	4.256	44	0	0.102616	0.039165
743.3059997558594	4.299808	46	0	0.114044	0.039165
745.300999879837	4.411984	48	0	0.063687	0.039165
747.309999704361	4.238768	48	0	0.097684	0.039165
749.298999786377	4.278272	52	0	0.109778	0.039165
751.3029999732971	4.357752	50	0	0.112033	0.039165
753.3120000362396	4.296952	60	0	0.101305	0.039165
755.3089997768402	4.31356	64	0	0.065363	0.039165
757.3069996833801	4.413864	50	0	0.121418	0.039165
759.3139998912811	4.513296	48	0	0.060033	0.039165
761.2999999523163	4.095712	44	0	0.115762	0.039165
763.3029999732971	4.07376	48	0	0.114612	0.039165
765.3039999008179	1.756096	58	0	0.157023	0.039165
767.510999917984	4.39796	44	0	0.116655	0.039165
770.1629996299744	3.961688	46	46	0.115285	0.039165
772.0109996795654	4.282832	4	0	0.110673	0.039165
773.6259996891022	3.006768	70	47	0.098733	0.039165
775.430999994278	3.284784	46	0	0.13411	0.039165
777.3109998703003	4.085672	52	0	0.143234	0.039165
779.5590000152588	4.430152	46	0	0.056492	0.039165
781.561999797821	3.806672	46	0	0.062821	0.039165
783.3179998397827	4.145032	54	0	0.057973	0.039165
785.5609998703003	4.145168	54	0	0.09086	0.039165
787.5609998703003	4.381304	46	0	0.124961	0.039165
789.5579998493195	4.314696	48	0	0.097045	0.039165
791.5529997348785	4.549304	46	0	0.084113	0.039165
793.3199999332428	4.380696	48	0	0.063197	0.039165
795.5609998703003	4.008608	48	0	0.088796	0.039165
797.4909996986389	4.128432	48	0	0.049771	0.039165
799.550999879837	4.33792	46	0	0.074921	0.039165
801.561999797821	4.256056	46	0	0.075904	0.039165
803.550999879837	4.2112	50	0	0.12811	0.039165
805.5590000152588	4.19988	50	0	0.084578	0.039165
807.5579998493195	4.19088	48	0	0.053108	0.039165
809.5590000152588	3.98016	48	0	0.07312	0.039165
811.555999994278	4.062368	50	0	0.129346	0.039165
813.5499997138977	4.2538	52	0	0.137981	0.039165
815.5629997253418	4.070544	46	0	0.102979	0.039165
817.5549998283386	4.283	46	0	0.094798	0.039165
819.5590000152588	4.290464	52	0	0.140376	0.039165
821.4909996986389	4.508384	50	0	0.055723	0.039165
823.5529997348785	4.413528	52	0	0.096201	0.039165
826.3149998188019	4.29828	48	0	0.123414	0.039165
827.561999797821	4.00876	48	0	0.12577	0.039165
829.561999797821	4.359968	50	0	0.094352	0.039165
831.550999879837	3.90328	46	0	0.056482	0.039165
833.5609998703003	4.229776	50	0	0.104294	0.039165
835.561999797821	4.297568	46	0	0.108424	0.039165
837.5579998493195	4.41132	46	0	0.072629	0.039165
839.5599999427795	4.388136	46	0	0.049193	0.039165
842.4959998130798	4.178712	48	43	0.122759	0.039165
846.4769997596741	4.342232	46	0	0.133259	0.039165
850.8949999809265	4.216352	48	44	0.116091	0.039165
852.3880000114441	3.656512	46	0	0.113949	0.039165
853.9689998626709	3.844096	48	0	0.131471	0.039165
855.1969997882843	4.221272	46	26	0.123978	0.039165
856.7519998550415	4.142248	48	0	0.126417	0.039165
858.7489998340607	3.98268	46	22	0.121073	0.039165
859.8369998931885	4.295792	48	0	0.122094	0.039165
861.6879999637604	3.906352	48	0	0.119242	0.039165
863.0929999351501	4.20736	44	26	0.124484	0.039165
864.2639999389648	4.378904	48	0	0.129606	0.039165
865.4559998512268	4.034872	48	0	0.128818	0.039165
867.6549999713898	0.96628	58	0	0.160589	0.039165
869.5049998760223	3.894856	54	0	0.060907	0.039165
871.5599999427795	4.3054	50	0	0.144639	0.039165
873.5659997463226	4.027232	44	0	0.110151	0.039165
877.4470000267029	3.564032	44	44	0.115674	0.039165
878.8109996318817	4.30304	46	0	0.123651	0.039165
879.936999797821	4.085104	48	47	0.11181	0.039165
881.4899997711182	4.305384	50	0	0.13846	0.039165
883.5629997253418	3.79464	46	0	0.12707	0.039165
885.561999797821	4.072208	4	0	0.125509	0.039165
887.5579998493195	4.21408	54	0	0.134918	0.039369
889.5499997138977	4.400904	48	0	0.068463	0.039369
891.5499997138977	4.14696	46	0	0.076892	0.039369
893.4909996986389	3.922232	46	0	0.050778	0.039369
895.5549998283386	4.230968	52	0	0.128392	0.039369
897.561999797821	4.097024	52	0	0.151259	0.039369
899.555999994278	4.201048	48	0	0.118545	0.039369
901.5569999217987	4.32188	46	0	0.106978	0.039369
903.5479998588562	4.31012	70	0	0.059997	0.039369
905.5639998912811	4.288896	48	0	0.123419	0.039369
907.5549998283386	4.328152	48	0	0.126263	0.039369
909.561999797821	4.26952	46	0	0.10924	0.039369
911.5519998073578	4.332104	52	0	0.110961	0.039369
913.5539999008179	4.32552	46	0	0.051916	0.039369
915.5499997138977	4.29264	50	0	0.122326	0.039369
917.5049998760223	4.177392	46	0	0.074954	0.039369
919.5539999008179	4.239416	46	0	0.118053	0.039369
921.5609998703003	4.209832	44	0	0.115124	0.039369
923.5529997348785	4.34116	46	0	0.126737	0.039369
925.6679999828339	3.982584	50	0	0.136511	0.039369
927.7279999256134	4.107504	44	44	0.113585	0.039369
929.5499997138977	4.33592	46	0	0.122986	0.039369
931.5699996948242	4.266584	52	0	0.133822	0.039369
934.1249997615814	4.139808	44	44	0.119179	0.039369
936.2649998664856	3.538368	50	0	0.134698	0.039369
938.1429998874664	4.295128	46	45	0.124674	0.039369
940.0299997329712	4.30232	46	0	0.119193	0.039369
941.4839999675751	4.1534	48	48	0.122868	0.039369
943.5609998703003	3.968736	46	0	0.121009	0.039369
945.6529998779297	4.192488	48	0	0.121233	0.039369
947.5569999217987	4.068904	46	0	0.113709	0.039369
949.5689997673035	4.202096	46	0	0.12505	0.039369
951.8550000190735	4.22124	48	48	0.106802	0.039369
954.0119998455048	4.228712	44	0	0.120504	0.039369
956.1670000553131	3.968384	44	0	0.11699	0.039369
957.9689998626709	4.250488	48	47	0.133588	0.039369
960.0899996757507	3.699608	44	0	0.130286	0.039369
962.9169998168945	4.062896	44	44	0.128046	0.039369
964.9839999675751	3.699952	48	0	0.132316	0.039369
966.7729997634888	4.122864	46	46	0.125381	0.039369
967.9089999198914	4.135384	48	0	0.114224	0.039369
969.5059998035431	4.284896	46	0	0.113126	0.039369
972.0479998588562	4.040688	54	51	0.12617	0.039369
975.1309998035431	4.365744	46	0	0.119352	0.039369
977.8719999790192	3.791376	46	46	0.112659	0.039369
980.3589999675751	3.997624	46	0	0.111925	0.039369
981.6929998397827	4.211376	50	0	0.07005	0.039369
983.2569999694824	3.82396	52	26	0.137555	0.039369
984.8479998111725	4.317208	50	0	0.132715	0.039369
985.550999879837	4.369808	46	0	0.094415	0.039369
987.561999797821	4.202568	44	0	0.116519	0.039369
989.555999994278	4.196352	48	0	0.05041	0.039369
992.3289997577667	4.336744	48	0	0.096852	0.039185
995.2799999713898	3.490008	50	0	0.134857	0.039185
997.8399999141693	4.296784	46	46	0.117048	0.039185
999.912999868393	3.910304	42	0	0.106686	0.039185
1003.0939998626709	4.318456	46	46	0.123055	0.039185
1003.7299997806549	1.53184	48	0	0.125399	0.039185
1004.5269999504089	4.346384	48	0	0.103462	0.039185
1005.5689997673035	4.103712	52	52	0.139744	0.039185
1007.5590000152588	4.261384	48	0	0.119973	0.039185
1009.5599999427795	4.11116	48	0	0.130286	0.039185
1011.561999797821	3.654216	46	0	0.121229	0.039185
1013.925999879837	4.313584	48	48	0.126472	0.039185
1016.0019998550415	4.19884	50	0	0.130715	0.039185
1017.7709996700287	3.689576	46	0	0.127404	0.039185
1019.5590000152588	4.272624	48	0	0.127079	0.039185
1021.5629997253418	4.282336	46	0	0.122668	0.039185
1023.6640000343323	3.904872	46	46	0.125044	0.039185
1026.1209998130798	4.096152	48	0	0.124603	0.039185
1029.7119998931885	4.235256	46	0	0.116177	0.039185
1033.9599997997284	4.119424	48	22	0.126064	0.039185
1035.3249998092651	4.317888	58	0	0.10811	0.039185
1039.414999961853	4.207168	58	24	0.158483	0.039121
1040.2689998149872	3.691496	44	0	0.12966	0.039121
1041.5289998054504	4.055696	42	25	0.116379	0.039121
1043.8769998550415	3.974432	44	0	0.113425	0.039121
1046.5599999427795	4.018056	74	0	0.080896	0.039121
1047.0459997653961	4.294832	56	26	0.090337	0.039121
1047.5179998874664	4.240992	46	0	0.116072	0.039121
1048.8509998321533	3.90132	46	19	0.062288	0.039121
1051.7339997291565	1.343648	46	0	0.152126	0.039121
1053.6939997673035	4.225584	46	43	0.125554	0.039121
1056.0259997844696	3.655864	44	0	0.120024	0.039121
1058.09099984169	4.234168	70	0	0.135516	0.039121
1059.8129999637604	4.331424	48	29	0.117698	0.039121
1060.1159999370575	3.979176	48	0	0.094971	0.039121
1061.8109996318817	4.63468	50	0	0.059478	0.039121
1063.8019998073578	4.031416	48	0	0.07017	0.039121
1065.8069999217987	4.176536	48	0	0.130771	0.039121
1067.7979998588562	4.220592	44	0	0.087976	0.039121
1069.8079998493195	4.114344	48	0	0.124254	0.039121
1071.8120000362396	4.409128	52	0	0.056063	0.039121
1073.7739996910095	3.819744	48	0	0.132229	0.039121
1075.7549996376038	3.956384	46	0	0.055208	0.039121
1078.4329998493195	3.94232	50	0	0.08933	0.039121
1081.6679999828339	4.313312	48	0	0.12638	0.039121
1083.7119998931885	4.253608	44	44	0.110937	0.039121
1085.5259997844696	4.313144	46	0	0.123833	0.039121
1087.08899974823	4.346248	48	47	0.130787	0.039121
1088.5569999217987	4.229952	52	0	0.112062	0.039121
1089.8129999637604	4.297328	48	0	0.069787	0.039121
1091.6840000152588	4.113736	48	0	0.124724	0.039121
1093.8120000362396	4.171984	46	0	0.12583	0.039121
1095.7829999923706	3.773544	44	44	0.120357	0.039121
1097.8079998493195	4.16032	42	0	0.114998	0.039121
1099.8029997348785	4.197848	48	0	0.11822	0.039121
1101.7990000247955	4.144072	52	0	0.137845	0.039121
1103.8109996318817	4.298176	50	0	0.128678	0.039121
1105.7999999523163	4.264528	48	0	0.105752	0.039121
1107.7709996700287	4.278592	46	0	0.124543	0.039121
1109.6689999103546	4.24992	48	46	0.124081	0.039121
1111.7979998588562	4.300296	46	0	0.115801	0.039121
1113.8109996318817	4.117112	46	0	0.081391	0.039121
1115.8120000362396	4.105008	46	0	0.12177	0.039121
1119.2409999370575	1.974152	46	0	0.124343	0.039121
1122.4729998111725	4.091496	50	37	0.127113	0.039121
1123.561999797821	4.119744	50	0	0.129945	0.039121
1125.5069997310638	4.194512	48	46	0.111866	0.039121
1127.2799999713898	4.230376	48	0	0.126719	0.039121
1128.800999879837	3.894512	46	0	0.058273	0.039121
1130.4139997959137	4.009392	46	46	0.123553	0.039121
1132.2899997234344	4.266912	44	0	0.119153	0.039121
1133.7430000305176	4.302688	44	44	0.117188	0.039121
1135.8109996318817	3.615184	52	0	0.140322	0.039121
1138.1529998779297	4.343616	52	0	0.136795	0.039121
1140.7200000286102	4.046776	44	40	0.118859	0.038942
1142.293999671936	3.742192	44	0	0.114618	0.038942
1143.909999847412	4.250696	46	46	0.124517	0.038942
1145.8299996852875	3.956256	46	0	0.117389	0.038942
1147.8039999008179	3.96652	44	5	0.073119	0.038942
1150.4409997463226	4.308936	60	0	0.102155	0.038942
1152.7289998531342	4.041256	46	0	0.11891	0.038942
1155.135999917984	4.321192	46	46	0.123636	0.038942
1157.8029997348785	4.191024	48	0	0.122015	0.038942
1160.101999759674	4.006352	46	46	0.124258	0.038942
1162.6539998054504	3.953648	48	0	0.118904	0.038942
1163.8619997501373	4.2578	46	0	0.12278	0.038942
1164.5479998588562	4.196824	46	26	0.092004	0.038942
1165.9909999370575	4.298344	48	0	0.106927	0.038942
1167.8639998435974	4.12056	50	50	0.12145	0.038942
1169.7909998893738	4.259352	48	0	0.120755	0.038484
1171.7990000247955	3.694456	42	0	0.111644	0.038484
1174.769999742508	4.34308	42	0	0.113774	0.038484
1177.061999797821	4.313592	46	0	0.122027	0.038484
1180.2649998664856	3.830984	46	40	0.112751	0.038484
1182.3819997310638	3.988056	48	0	0.125442	0.038484
1183.4079999923706	4.096936	52	49	0.123459	0.038484
1184.7999999523163	3.930192	50	0	0.122386	0.038484
1186.141999721527	4.306944	48	0	0.128173	0.038484
1187.8449997901917	4.144952	44	43	0.118828	0.038484
1189.809999704361	4.376656	50	0	0.103876	0.038484
1191.7809998989105	2.5578	44	0	0.121005	0.038484
1193.8120000362396	4.016328	44	0	0.108806	0.038484
1198.6470000743866	4.240632	44	39	0.116939	0.038484
1202.9249999523163	4.406816	48	0	0.108682	0.038484
1204.9019997119904	4.143488	46	0	0.112749	0.038484
1206.0609998703003	4.279712	46	28	0.122302	0.038484
1207.5879998207092	4.108024	50	0	0.133163	0.038484
1209.2189996242523	4.059688	4	25	0.119534	0.038484
1210.6439998149872	4.24352	42	0	0.112229	0.038468
1211.6640000343323	4.344496	48	0	0.116529	0.038468
1212.452999830246	4.224528	50	28	0.124123	0.038468
1213.7400000095367	4.114968	46	0	0.124513	0.038468
1215.8120000362396	4.199152	44	0	0.115209	0.038468
1217.8019998073578	4.149656	46	0	0.117673	0.038468
1220.3049998283386	4.219192	48	33	0.076813	0.038468
1223.0179998874664	4.288504	46	0	0.114965	0.038468
1224.6679999828339	4.254192	44	0	0.119515	0.038468
1227.9489998817444	4.174544	44	40	0.118392	0.038468
1229.0099997520447	3.827368	46	0	0.107967	0.038468
1230.7579998970032	3.901336	44	31	0.084108	0.038468
1232.6929998397827	4.255184	46	0	0.118075	0.038468
1234.8359999656677	0.835768	44	0	0.114101	0.038468
1236.226999759674	4.214472	46	46	0.125149	0.038468
1237.8089997768402	3.9666	48	0	0.128927	0.038468
1239.8069999217987	4.250224	50	0	0.117472	0.038468
1241.8109996318817	4.345536	50	0	0.098899	0.038468
1243.8109996318817	4.33532	46	0	0.065092	0.038468
1245.8069999217987	3.969992	48	0	0.119501	0.038468
1247.7979998588562	4.374064	46	0	0.122885	0.038468
1249.8089997768402	4.285176	48	0	0.119855	0.038468
1251.800999879837	4.154392	42	0	0.064292	0.038468
1253.8019998073578	4.083536	46	0	0.051448	0.038468
1255.8089997768402	3.95904	46	0	0.121376	0.038468
1257.7960000038147	4.24712	48	0	0.11415	0.038468
1259.8129999637604	4.20664	46	0	0.114569	0.038468
1262.1619997024536	4.099936	46	0	0.104411	0.038468
1263.8399999141693	3.97508	48	0	0.118709	0.038468
1265.9679999351501	4.270536	44	0	0.138995	0.038468
1268.0629999637604	3.741992	44	44	0.127616	0.038468
1270.0979998111725	4.326568	46	0	0.114609	0.038468
1272.2579998970032	4.402776	46	0	0.099687	0.038468
1273.7999999523163	4.288096	56	0	0.145127	0.038468
1276.0529997348785	3.870368	54	0	0.115998	0.038468
1278.0539999008179	4.182976	44	0	0.065294	0.038468
1280.2649998664856	2.764168	48	0	0.119491	0.038468
1282.5169999599457	4.059288	46	0	0.124531	0.038468
1284.2400000095367	3.931304	46	46	0.126326	0.038468
1286.362999677658	2.285736	64	0	0.064922	0.038468
1287.9849998950958	4.043976	74	30	0.102477	0.038468
1290.0659997463226	3.530224	76	0	0.059453	0.038468
1291.8459997177124	4.03944	46	46	0.119099	0.038468
1294.0509996414185	4.281152	46	0	0.11761	0.038468
1296.0609998703003	4.317056	46	0	0.125457	0.038468
1298.0689997673035	4.01536	44	0	0.129311	0.038468
1299.8769998550415	3.948496	50	0	0.135321	0.038468
1304.0759999752045	4.237528	46	46	0.129341	0.038468
