0.0	11.697408	414	0	0.045879	0.039345
0.10899996757507324	32.356488	422	0	0.053029	0.039345
0.1940000057220459	32.356488	422	0	0.052697	0.039345
0.27300000190734863	32.356488	422	1	0.045976	0.039345
0.38000011444091797	50.454992	420	0	0.047621	0.039345
0.48399996757507324	48.486744	434	29	0.047052	0.039345
0.5830001831054688	52.036216	443	0	0.047734	0.039345
0.7049999237060547	49.107712	450	30	0.05002	0.039345
1.4720001220703125	50.720472	462	0	0.05021	0.039345
3.4790000915527344	38.126728	462	0	0.060626	0.039345
5.486000061035156	50.18976	488	0	0.052184	0.039345
7.49399995803833	49.375	462	0	0.050345	0.039345
9.495000123977661	19.326968	484	0	0.069608	0.039345
11.503000259399414	19.80164	484	0	0.074453	0.039345
13.51200008392334	19.80164	480	0	0.05393	0.039345
15.51799988746643	19.80164	476	0	0.044917	0.039345
17.526000022888184	12.008288	540	0	0.090984	0.039345
19.52999997138977	11.114704	626	0	0.050943	0.039345
21.53500008583069	14.550352	688	0	0.084298	0.039345
23.353999853134155	50.46156	688	0	0.046322	0.039345
25.54699993133545	50.46156	688	0	0.101174	0.039345
27.554999828338623	22.589168	628	0	0.157851	0.039345
29.557999849319458	26.904656	600	0	0.050174	0.039345
31.564000129699707	24.660344	522	0	0.162989	0.039345
33.57099986076355	50.151496	504	0	0.048353	0.039345
35.60000014305115	44.40724	480	0	0.045803	0.039345
37.581000089645386	44.40724	486	0	0.165578	0.039345
39.33500003814697	20.74768	494	0	0.131887	0.039345
41.34400010108948	47.957928	493	0	0.044522	0.039224
43.35199999809265	37.770944	524	0	0.057572	0.039224
45.35900020599365	51.561784	536	0	0.045317	0.039224
47.473999977111816	51.561784	540	0	0.07767	0.039224
49.365999937057495	51.561784	540	0	0.04726	0.039224
51.37600016593933	51.561784	564	0	0.046687	0.039224
53.37899994850159	51.561784	548	0	0.050225	0.039224
55.38800001144409	51.561784	466	0	0.0482	0.039224
57.396000146865845	51.561784	466	0	0.077079	0.039224
59.40000009536743	51.561784	466	0	0.052143	0.039224
61.40599989891052	51.561784	466	0	0.084271	0.039224
63.4210000038147	51.561784	466	0	0.044806	0.039224
65.43100023269653	51.561784	480	0	0.062549	0.039224
67.43300008773804	28.053128	418	0	0.050936	0.039224
69.44000005722046	32.462128	418	0	0.043739	0.039224
71.45000004768372	24.00772	474	0	0.085847	0.039224
73.46300005912781	42.380984	494	0	0.043336	0.039224
75.46699976921082	42.321912	566	0	0.044854	0.039224
77.47399997711182	37.712168	626	0	0.051499	0.039224
79.4760000705719	26.306448	644	0	0.079674	0.039224
81.48199987411499	28.638072	602	0	0.049523	0.039224
83.4909999370575	29.246688	644	0	0.092609	0.039224
85.49399995803833	5.15312	636	0	0.095577	0.039224
87.49300003051758	14.938456	648	0	0.091804	0.039224
89.50600004196167	2.808224	755	0	0.124882	0.039224
91.50699996948242	7.454064	646	0	0.068994	0.039224
93.51200008392334	52.985776	694	0	0.08648	0.039224
95.52700018882751	10.345672	694	0	0.055016	0.039224
97.52700018882751	0.281552	700	0	0.090286	0.039224
99.56900000572205	26.450096	690	0	0.160565	0.039224
101.53500008583069	39.169416	686	0	0.058951	0.039224
103.54100012779236	12.045496	548	0	0.092619	0.039224
105.54200005531311	39.51796	434	0	0.056975	0.039224
107.54999995231628	34.725088	520	0	0.046719	0.039224
109.55900025367737	29.106344	590	0	0.085915	0.039224
111.56599998474121	4.7914	589	0	0.094229	0.039224
113.57399988174438	41.958112	492	0	0.044482	0.039224
115.57699990272522	23.938592	602	0	0.048981	0.039224
117.58500003814697	36.416672	632	0	0.0534	0.039224
119.61899995803833	46.280032	650	0	0.057308	0.039224
121.60599994659424	12.485688	645	0	0.093371	0.039224
123.6509997844696	49.986416	610	0	0.056327	0.039224
125.6340000629425	12.800664	616	0	0.045531	0.039224
127.61899995803833	13.336216	312	0	0.094586	0.039093
129.63199996948242	29.462368	482	0	0.044757	0.039093
131.63900017738342	4.001984	336	0	0.09268	0.039093
133.64299988746643	23.358792	544	0	0.055601	0.039093
135.6509997844696	20.045824	492	0	0.095324	0.039093
137.65500020980835	37.542568	452	0	0.052682	0.039093
139.6579999923706	11.854488	448	0	0.046055	0.039093
141.66400003433228	26.45472	396	0	0.091158	0.039093
143.47900009155273	24.53108	614	0	0.054233	0.039093
145.67900013923645	13.194624	234	0	0.093693	0.039093
147.43300008773804	37.911416	376	0	0.04382	0.039093
149.4390001296997	28.11184	540	0	0.04884	0.039093
151.69400000572205	31.082192	536	0	0.072883	0.039093
153.44900012016296	50.40572	576	0	0.047666	0.039093
155.4520001411438	7.15148	482	0	0.0984	0.039093
157.46099996566772	33.165584	562	0	0.074223	0.039093
159.47000002861023	22.581528	590	0	0.052075	0.039093
161.47399997711182	32.768528	522	0	0.113913	0.039093
163.4800000190735	49.1138	526	0	0.048894	0.039093
165.4870002269745	47.229784	450	0	0.05177	0.039093
167.51699995994568	40.618072	582	0	0.076892	0.039093
169.49799990653992	48.812928	582	0	0.061855	0.039093
171.50600004196167	43.215088	586	0	0.050963	0.039093
173.51399993896484	23.859192	580	0	0.051409	0.039093
175.52300000190735	49.240736	572	0	0.044839	0.039093
177.52400016784668	20.399872	466	0	0.069365	0.039093
179.5350000858307	37.887168	524	0	0.061281	0.039093
181.55599999427795	49.007096	524	0	0.044299	0.039093
183.54800009727478	50.4574	580	0	0.055669	0.039093
185.5569999217987	46.904376	586	0	0.046152	0.039093
187.5640001296997	53.723968	594	0	0.055369	0.039093
189.5680000782013	0.130016	637	0	0.067452	0.039093
191.59600019454956	61.199848	680	0	0.056347	0.039093
193.58400011062622	33.898872	682	0	0.102542	0.039093
195.5899999141693	55.676696	726	0	0.059362	0.039093
197.59299993515015	61.776672	618	0	0.052261	0.039093
199.59499979019165	63.123672	794	0	0.068129	0.039093
201.6010000705719	65.676752	818	0	0.051994	0.039093
203.60899996757507	49.48316	810	0	0.06826	0.039093
205.61600017547607	47.336808	654	0	0.077633	0.039093
207.6230001449585	53.491376	734	0	0.051119	0.039093
209.62599992752075	52.873344	728	0	0.068198	0.039093
211.63199996948242	67.198416	720	0	0.04696	0.039093
213.64199995994568	45.200136	676	0	0.076033	0.039093
215.64999985694885	61.741664	676	0	0.076076	0.039093
217.6579999923706	41.708904	670	0	0.091341	0.039093
219.66300010681152	41.708904	670	0	0.102814	0.039093
221.67200016975403	61.150408	680	0	0.046772	0.039093
223.67700004577637	61.150408	654	0	0.104061	0.039093
225.68700003623962	57.58964	640	0	0.055528	0.039093
227.6930000782013	8.84612	620	0	0.091633	0.039093
229.70000004768372	29.006488	583	0	0.095599	0.039093
231.7039999961853	11.397664	604	0	0.045389	0.039093
233.71200013160706	17.99188	740	0	0.068546	0.039093
235.7170000076294	54.420888	746	0	0.047716	0.039093
237.72900009155273	6.314152	744	0	0.094581	0.039093
239.73300004005432	10.577624	562	0	0.050547	0.039093
241.7409999370575	5.617192	542	0	0.090979	0.039093
243.75200009346008	14.400216	762	0	0.093094	0.039093
245.75	0.284536	482	0	0.071256	0.039093
247.760999917984	41.133648	608	0	0.100154	0.039093
249.76600003242493	8.852864	668	0	0.062824	0.039093
251.77500009536743	19.300568	670	0	0.095138	0.039093
253.5350000858307	27.688528	646	0	0.092517	0.039093
255.5329999923706	9.694392	262	0	0.132684	0.039093
257.79100012779236	29.2272	352	0	0.045741	0.039093
259.54300022125244	25.086744	450	0	0.050873	0.039093
261.55200004577637	31.011312	442	0	0.062927	0.039093
263.55399990081787	27.845592	440	0	0.070518	0.038945
265.55599999427795	37.781904	448	0	0.048008	0.038945
267.5640001296997	15.578992	370	0	0.168192	0.038945
269.5720000267029	28.856072	376	0	0.049012	0.038945
271.58200001716614	40.579024	416	0	0.049416	0.038945
273.5880000591278	40.579024	434	0	0.063842	0.038945
275.6109998226166	36.746944	448	0	0.047058	0.038945
277.59800004959106	25.76184	456	0	0.073889	0.038945
279.60400009155273	41.472376	458	0	0.044815	0.038945
281.6029999256134	37.750144	480	0	0.063026	0.038945
283.61299991607666	26.810656	448	0	0.052666	0.038945
285.6210000514984	46.369288	458	0	0.048212	0.038945
287.6269998550415	14.621328	428	0	0.049203	0.038945
289.63499999046326	36.497688	478	0	0.052676	0.038945
291.6410000324249	46.364	526	0	0.048674	0.038945
293.64599990844727	51.146128	478	0	0.044321	0.038945
295.6560001373291	50.422464	476	0	0.048095	0.038945
297.6600000858307	51.933272	482	0	0.063506	0.038945
299.66100001335144	38.73896	490	0	0.061014	0.038945
301.6710002422333	30.758232	559	0	0.095493	0.038945
303.6730000972748	38.024984	554	0	0.086409	0.038945
305.6859998703003	42.905024	558	0	0.058772	0.038945
307.6859998703003	46.039688	484	0	0.046305	0.038945
309.6930000782013	46.353152	494	0	0.047968	0.038945
311.70099997520447	51.3738	524	0	0.065827	0.038945
313.70099997520447	44.702168	516	0	0.052164	0.038945
315.710000038147	34.259704	633	0	0.135581	0.038945
317.72499990463257	46.959504	628	0	0.067822	0.038945
319.720999956131	55.668304	638	0	0.051685	0.038945
321.74000000953674	11.571864	512	0	0.047336	0.038945
323.7369999885559	38.355464	552	0	0.124538	0.038945
325.74199986457825	30.67508	566	0	0.142264	0.038945
327.74500012397766	57.745984	586	0	0.047671	0.038945
329.7520000934601	48.576056	697	0	0.063543	0.038945
331.76199984550476	36.314776	694	0	0.072232	0.038945
333.7779998779297	57.359424	700	0	0.054327	0.038945
335.7739999294281	32.812056	598	0	0.089659	0.038945
337.78400015830994	32.812056	598	0	0.050939	0.038945
339.78600001335144	47.333136	598	0	0.062972	0.038945
341.7939999103546	35.463416	582	0	0.048583	0.038945
343.8029999732971	62.176712	543	0	0.049884	0.038945
345.8120000362396	62.176712	596	0	0.063586	0.038945
347.82400012016296	21.930272	502	0	0.094491	0.038945
349.8329999446869	30.775704	706	0	0.108854	0.038945
351.8359999656677	12.065192	788	0	0.092165	0.038945
353.84500002861023	44.498568	641	0	0.078648	0.038945
355.8509998321533	28.363824	508	0	0.050611	0.038945
357.85700011253357	14.61856	495	0	0.100441	0.038945
359.6390001773834	9.801416	526	0	0.048899	0.038945
361.625	8.02936	512	0	0.092686	0.038945
363.89400005340576	40.71824	514	0	0.073358	0.038945
365.64299988746643	14.170392	632	0	0.096906	0.038945
367.6509997844696	4.821984	394	0	0.091467	0.038945
369.6579999923706	45.627392	540	0	0.054541	0.038945
371.65899991989136	30.324672	540	0	0.117252	0.038945
373.66999983787537	40.367576	546	0	0.055176	0.038945
375.6800000667572	40.367576	546	0	0.071991	0.038945
377.67900013923645	13.610832	546	0	0.094975	0.038945
379.6859998703003	5.399152	520	0	0.054909	0.038945
381.6930000782013	31.524624	646	0	0.088739	0.038945
383.69799995422363	51.942616	538	0	0.060649	0.038945
385.70699977874756	55.54484	520	0	0.048486	0.038945
387.7090001106262	28.89632	521	0	0.092231	0.038945
389.7369999885559	29.098456	624	0	0.049226	0.038945
391.7239999771118	29.098456	624	0	0.051685	0.038945
393.7369999885559	7.717008	440	0	0.062312	0.038945
395.74900007247925	34.605208	402	0	0.044564	0.038945
397.74699997901917	14.199952	366	0	0.108013	0.038945
399.75100016593933	14.199952	366	0	0.068993	0.038945
401.7939999103546	25.210464	370	0	0.065801	0.038945
403.7920000553131	11.644328	312	0	0.046676	0.038945
405.7809998989105	36.049568	388	0	0.043114	0.038945
407.77999997138977	38.675368	410	0	0.066084	0.038945
409.78200006484985	41.005904	390	0	0.044283	0.038945
411.8090000152588	28.548104	388	0	0.077366	0.038945
413.7939999103546	28.103408	418	0	0.044386	0.038945
415.8159999847412	39.536088	463	0	0.047652	0.038945
417.8070001602173	11.395056	452	0	0.044749	0.038945
419.82999992370605	37.751864	398	0	0.054409	0.038945
421.8220000267029	4.65424	394	0	0.111971	0.038945
423.82400012016296	47.563632	444	0	0.048026	0.038945
425.8529999256134	30.202456	456	0	0.129063	0.038945
427.8420000076294	35.605344	518	0	0.047933	0.038945
429.84800004959106	49.624664	718	0	0.08099	0.038945
431.89800000190735	51.384224	706	0	0.065524	0.038945
433.87399983406067	35.419192	706	0	0.079424	0.038945
435.8659999370575	14.777312	590	0	0.093861	0.038945
437.875	47.605784	482	0	0.044436	0.038945
439.8819999694824	45.744384	570	0	0.071619	0.038945
441.8919999599457	10.40016	562	0	0.054316	0.038945
443.89600014686584	48.997336	646	0	0.07972	0.038945
445.9190001487732	11.165488	439	0	0.049843	0.038945
447.90199995040894	43.732656	574	0	0.05309	0.038945
449.9210000038147	55.946592	584	0	0.048742	0.038945
451.9480001926422	12.283112	546	0	0.045204	0.038945
453.9229998588562	43.163448	644	0	0.088664	0.038945
455.93099999427795	43.163448	642	0	0.057093	0.038945
457.95499992370605	51.711184	642	0	0.050466	0.038945
459.94599986076355	8.519176	540	0	0.091683	0.038945
461.7019999027252	4.895104	552	0	0.092567	0.038945
463.9619998931885	4.874352	640	0	0.091833	0.038945
465.9649999141693	17.810232	640	0	0.057759	0.038945
467.720999956131	9.10856	622	0	0.092739	0.038945
469.7259998321533	51.220288	622	0	0.052633	0.038945
472.0050001144409	18.388272	711	0	0.10643	0.038945
473.73200011253357	14.713656	404	0	0.101165	0.038945
475.9979999065399	37.08688	366	0	0.04579	0.038945
477.7480001449585	4.097976	304	0	0.092157	0.038945
479.7520000934601	43.82608	452	0	0.066578	0.038945
481.760999917984	40.496944	480	0	0.049228	0.038945
483.7699999809265	56.299744	610	0	0.066639	0.038945
485.7760000228882	2.299272	618	0	0.084942	0.038945
487.78200006484985	53.815816	602	0	0.049752	0.038945
489.7830002307892	55.4012	544	0	0.045386	0.038945
491.79299998283386	55.4012	564	0	0.068016	0.038945
493.79900002479553	37.528472	563	0	0.076284	0.038945
495.8070001602173	28.536728	564	0	0.102575	0.038945
497.80800008773804	39.020392	584	0	0.103811	0.038945
499.8159999847412	39.020392	584	0	0.050616	0.038945
501.8269999027252	44.037968	523	0	0.060147	0.038945
503.82800006866455	29.93704	534	0	0.050007	0.038945
505.8400001525879	41.051848	504	0	0.049595	0.038945
507.84500002861023	41.051848	500	0	0.047917	0.038945
509.8529999256134	42.466832	516	0	0.049833	0.038945
511.864000082016	40.117456	528	0	0.049673	0.038945
513.8710000514984	24.31428	484	0	0.050056	0.038945
515.8800001144409	44.826856	510	0	0.046215	0.038945
517.8849999904633	43.846632	582	0	0.046969	0.038945
519.8899998664856	43.846632	570	0	0.048016	0.038945
521.904000043869	37.240888	572	0	0.074595	0.038945
523.904000043869	27.326168	566	0	0.046989	0.038945
525.9089999198914	45.78428	522	0	0.052756	0.038945
527.944000005722	30.777544	514	0	0.058539	0.038945
529.925999879837	30.777544	514	0	0.055282	0.038945
531.930999994278	43.167128	560	0	0.056562	0.038945
533.941999912262	32.370416	560	0	0.0997	0.038945
535.9480001926422	47.145152	614	0	0.054954	0.038945
537.949000120163	30.89368	594	0	0.054384	0.038945
539.9570000171661	44.951336	572	0	0.057244	0.038945
541.7750000953674	45.166656	554	0	0.050382	0.038945
543.9700000286102	42.330704	536	0	0.045278	0.038945
545.9730000495911	41.839984	538	0	0.052688	0.038945
547.9779999256134	27.560376	516	0	0.048084	0.038945
549.9869999885559	42.246792	528	0	0.05733	0.038945
551.9990000724792	52.114432	534	0	0.048673	0.038945
554.0029997825623	44.643064	618	0	0.073361	0.038945
556.0120000839233	30.7134	620	0	0.090793	0.038945
558.0150001049042	52.588184	620	0	0.046846	0.038945
560.0230002403259	45.022088	572	0	0.048124	0.038945
562.0339999198914	36.496352	572	0	0.044899	0.038945
564.0369999408722	42.352936	552	0	0.06454	0.038945
565.7929999828339	4.049728	514	0	0.196298	0.039011
568.0529999732971	11.7244	522	0	0.045799	0.039011
569.8090000152588	17.899512	522	0	0.099522	0.039011
571.8159999847412	54.205792	610	0	0.048016	0.039011
574.0729999542236	29.277864	548	0	0.126321	0.039011
575.8310000896454	9.264832	548	0	0.062283	0.039011
577.8359999656677	22.141608	250	0	0.092179	0.039011
579.8480000495911	17.34156	266	0	0.073902	0.039011
581.8550002574921	12.752256	300	0	0.047655	0.039011
583.8580000400543	12.752256	300	0	0.079541	0.039011
585.8659999370575	7.536344	302	0	0.061129	0.039011
587.8729999065399	24.004496	300	0	0.042985	0.03873
589.8819999694824	17.41756	332	0	0.079144	0.03873
591.8840000629425	30.964568	438	0	0.047481	0.03873
593.8870000839233	31.912848	438	0	0.050052	0.03873
595.8980000019073	21.570584	440	0	0.052251	0.03873
597.9019999504089	14.311152	472	0	0.113244	0.03873
599.9059998989105	22.257264	264	0	0.062693	0.03873
601.9270000457764	22.7786	292	0	0.04616	0.03873
603.9240000247955	14.50896	292	0	0.121463	0.03873
605.9279999732971	24.841552	346	0	0.047247	0.03873
607.9300000667572	29.95896	354	0	0.051797	0.03873
609.9350001811981	28.047272	366	0	0.050662	0.03873
611.9579999446869	26.86644	340	0	0.042918	0.03873
613.9769999980927	14.674152	340	0	0.072013	0.03873
615.9570000171661	32.448544	376	0	0.056805	0.03873
617.9619998931885	25.731576	394	0	0.060313	0.03873
619.9939999580383	36.051744	348	0	0.048785	0.03873
621.9830000400543	4.507592	244	0	0.092499	0.03873
623.9869999885559	12.087768	312	0	0.051044	0.03873
626.029000043869	31.74684	336	0	0.041837	0.03873
628.0029997825623	18.468552	336	0	0.097933	0.03873
630.0130000114441	17.262496	394	0	0.04703	0.03873
632.0120000839233	0.778568	391	0	0.092883	0.03873
634.0250000953674	26.788672	390	0	0.053002	0.03873
636.0349998474121	10.423376	379	0	0.095755	0.03873
638.0320000648499	12.82764	144	0	0.048266	0.03873
640.0410001277924	17.863008	178	0	0.041565	0.03873
642.0490000247955	17.94844	230	0	0.058874	0.03873
644.055999994278	15.847736	244	0	0.046906	0.03873
646.0550000667572	20.332824	244	0	0.043634	0.03873
648.0610001087189	15.430704	282	0	0.047544	0.03873
650.0680000782013	22.547576	4	0	0.04344	0.03873
652.0739998817444	12.046568	286	0	0.104184	0.03873
654.077999830246	26.121248	298	0	0.043648	0.03873
656.0880000591278	6.488384	280	0	0.094046	0.03873
658.0929999351501	17.937264	280	0	0.054464	0.03873
660.1010000705719	4.422048	276	0	0.118287	0.03873
662.1080000400543	28.882904	298	0	0.050762	0.03873
664.1170001029968	11.63636	352	0	0.099505	0.03873
666.1200001239777	3.274512	346	0	0.095287	0.03873
668.1549999713898	27.09304	420	0	0.048284	0.03873
669.8899998664856	9.9432	420	0	0.095156	0.03873
672.1440000534058	25.953008	488	0	0.053046	0.03873
674.154000043869	33.302144	464	0	0.047113	0.03873
675.9120001792908	27.98944	494	0	0.072971	0.03873
677.914999961853	40.094088	582	0	0.072354	0.03873
679.9219999313354	40.578688	601	0	0.049846	0.03873
681.930999994278	13.517096	598	0	0.056531	0.03873
683.9370000362396	30.485016	600	0	0.074142	0.03873
685.9389998912811	25.95912	530	0	0.066171	0.03873
687.944000005722	46.313312	542	0	0.044902	0.03873
689.951000213623	48.997448	589	0	0.062229	0.03873
691.954999923706	49.91696	602	0	0.049379	0.03873
693.967000246048	56.521224	658	0	0.05058	0.03873
695.9680001735687	35.75276	588	0	0.057415	0.03873
697.9769999980927	36.964024	590	0	0.082118	0.03873
699.9849998950958	32.91176	588	0	0.091533	0.03873
701.9969999790192	49.895904	588	0	0.045057	0.03873
704.0019998550415	27.862208	514	0	0.094924	0.03873
706.0050001144409	48.857544	514	0	0.044643	0.03873
708.0099999904633	39.67216	540	0	0.070169	0.03873
710.0240001678467	45.408168	632	0	0.068565	0.03873
712.0269999504089	51.90124	620	0	0.045077	0.03873
714.0329999923706	33.315264	598	0	0.079693	0.03873
716.0410001277924	43.873624	666	0	0.045967	0.03873
718.0460000038147	49.07628	668	0	0.086879	0.03873
720.045000076294	40.889784	686	0	0.044408	0.03873
722.055999994278	52.252744	612	0	0.052641	0.03873
724.066999912262	27.157328	836	0	0.142836	0.03873
726.0769999027252	43.337184	626	0	0.073983	0.03873
728.0810000896454	49.758904	624	0	0.06238	0.03873
730.085000038147	14.267824	510	0	0.047425	0.03873
732.1259999275208	57.376968	558	0	0.048714	0.03873
734.1050000190735	38.348416	590	0	0.050646	0.03873
736.1040000915527	8.920048	590	0	0.096858	0.03873
738.1110000610352	28.657512	256	0	0.074089	0.03873
740.1190001964569	28.823296	280	0	0.0424	0.03873
742.125	32.045256	310	0	0.041734	0.03873
744.1309998035431	28.741992	406	0	0.051733	0.03873
746.1370000839233	34.846488	434	0	0.044286	0.03873
748.143000125885	37.738408	444	0	0.044145	0.03873
750.1489999294281	27.176448	442	0	0.072792	0.03873
752.1610000133514	46.818688	446	0	0.047717	0.03873
754.162999868393	39.402216	614	0	0.045765	0.03873
756.1670000553131	38.425216	672	0	0.07283	0.03873
758.210000038147	28.42896	602	0	0.051642	0.03873
760.180999994278	49.294808	604	0	0.056724	0.03873
762.1849999427795	46.859744	620	0	0.050995	0.03873
764.1910002231598	53.526472	622	0	0.045749	0.03873
766.194000005722	48.759472	733	0	0.074062	0.03873
768.2019999027252	48.759472	694	0	0.04628	0.03873
770.2039999961853	48.759472	694	0	0.071305	0.03873
772.021999835968	36.497736	520	0	0.053248	0.03873
774.2160000801086	54.612672	702	0	0.063958	0.03873
776.2230000495911	28.678664	702	0	0.080553	0.03873
777.9779999256134	50.608848	704	0	0.067631	0.03873
780.2379999160767	55.942952	738	0	0.053882	0.03873
781.9900000095367	51.619392	694	0	0.05016	0.03873
784.2480001449585	65.678072	712	0	0.062036	0.03873
786.0060000419617	32.421232	712	0	0.150752	0.03873
788.0060000419617	17.214992	666	0	0.049229	0.03873
790.0420000553131	53.566024	719	0	0.0807	0.03873
792.0390000343323	11.900384	626	0	0.046324	0.03873
794.0420000553131	10.26752	632	0	0.094184	0.03873
796.0320000648499	13.361064	462	0	0.115193	0.03873
798.0349998474121	32.047048	402	0	0.090771	0.03873
800.0550000667572	37.199408	446	0	0.044733	0.03873
802.0499999523163	38.521728	460	0	0.051861	0.03873
804.0520000457764	37.221728	462	0	0.048965	0.03873
806.0610001087189	0.384288	456	0	0.064718	0.03873
808.0659999847412	41.207072	470	0	0.046759	0.03873
810.0729999542236	44.53752	409	0	0.044373	0.03873
812.0769999027252	38.637216	536	0	0.046582	0.03873
814.1240000724792	6.145496	536	0	0.105481	0.03873
816.0939998626709	38.84464	538	0	0.043174	0.03873
818.1010000705719	40.231912	436	0	0.044062	0.03873
820.1089999675751	43.994008	418	0	0.04389	0.03873
822.1449999809265	34.111312	570	0	0.044572	0.03873
824.1190001964569	44.268448	634	0	0.047709	0.03873
826.1270000934601	44.268448	592	0	0.052798	0.03873
828.1299998760223	2.68416	402	0	0.129382	0.03873
830.1360001564026	25.302168	438	0	0.064203	0.03873
832.1819999217987	27.338944	482	0	0.053308	0.03873
834.1530001163483	3.174048	440	0	0.10027	0.03873
836.1600000858307	42.309576	438	0	0.047	0.03873
838.1710000038147	16.959272	432	0	0.099251	0.03873
840.1779999732971	20.811912	424	0	0.053745	0.03873
842.1800000667572	2.011736	425	0	0.092344	0.03873
844.1879999637604	25.871664	366	0	0.08736	0.03873
846.1979999542236	26.381312	398	0	0.072999	0.03873
848.2000000476837	25.42524	402	0	0.065662	0.03873
850.2080001831055	35.031832	428	0	0.043278	0.03873
852.2130000591278	41.48516	422	0	0.044045	0.03873
854.2379999160767	39.983576	460	0	0.064904	0.03873
856.2310001850128	21.843048	460	0	0.123496	0.03873
858.2349998950958	44.08472	442	0	0.04839	0.03873
860.2409999370575	43.41156	542	0	0.047639	0.03873
862.2490000724792	29.666736	552	0	0.130523	0.03873
864.2560000419617	43.645984	542	0	0.056297	0.03873
866.2730000019073	38.344888	542	0	0.06438	0.03873
868.0859999656677	11.406088	526	0	0.059517	0.03873
870.2739999294281	36.475264	506	0	0.0967	0.03873
872.2820000648499	45.13708	526	0	0.09795	0.03873
874.316999912262	45.773928	648	0	0.046682	0.03873
876.2939999103546	45.773928	648	0	0.069253	0.03873
878.3099999427795	45.773928	648	0	0.044692	0.03873
880.3120000362396	42.88008	537	0	0.059614	0.03873
882.3129999637604	45.67356	544	0	0.045183	0.03873
884.316999912262	50.191128	680	0	0.081131	0.03873
886.3309998512268	27.504872	680	0	0.08677	0.03873
888.0810000896454	54.943728	714	0	0.047148	0.038921
890.3430001735687	53.465224	620	0	0.047843	0.038921
892.0989999771118	30.95716	626	0	0.087627	0.038921
894.1059999465942	36.884712	630	0	0.085437	0.038921
896.1110000610352	7.995032	616	0	0.094855	0.038921
898.1190001964569	29.259296	564	0	0.04931	0.038921
900.1219999790192	14.750112	556	0	0.095123	0.038921
902.1210000514984	32.472104	600	0	0.048434	0.038921
904.1340000629425	46.15572	578	0	0.050004	0.038921
906.1350002288818	50.992504	540	0	0.045635	0.038921
908.1449999809265	45.15664	544	0	0.050281	0.038921
910.1449999809265	3.873568	543	0	0.175136	0.038921
912.1520001888275	53.107304	546	0	0.044411	0.038921
914.162999868393	39.4716	586	0	0.051963	0.038921
916.1920001506805	12.1708	520	0	0.046135	0.038921
918.1730000972748	28.733624	538	0	0.099999	0.038921
920.1819999217987	66.071088	550	0	0.051724	0.038921
922.1930000782013	66.071088	584	0	0.052009	0.038921
924.1979999542236	13.079072	542	0	0.092433	0.038921
926.2039999961853	20.888048	500	0	0.055735	0.038921
928.2130000591278	58.9008	632	0	0.05501	0.038921
930.220999956131	60.288928	586	0	0.05382	0.038921
932.2259998321533	44.171144	605	0	0.070164	0.038921
934.2300000190735	48.63196	649	0	0.05716	0.038921
936.2379999160767	50.924816	650	0	0.046107	0.038921
938.2419998645782	56.48664	650	0	0.048985	0.038921
940.2530000209808	41.469232	620	0	0.056429	0.038921
942.2569999694824	43.428944	568	0	0.057844	0.038921
944.2630002498627	24.049176	550	0	0.155188	0.038921
946.2669999599457	57.715424	580	0	0.050087	0.038921
948.2710001468658	48.503	580	0	0.085439	0.038921
950.2820000648499	48.503	580	0	0.048057	0.038921
952.289999961853	48.503	562	0	0.072726	0.038921
954.2969999313354	48.503	608	0	0.086269	0.038921
956.3030002117157	48.503	608	0	0.058532	0.038921
