0.0	0.107872	14	0	0.203588	0.197509
0.939000129699707	0.89564	71	0	0.20212	0.197509
1.4240000247955322	3.730112	156	0	0.204482	0.197509
2.0239999294281006	1.249648	222	0	0.202514	0.197509
2.329000234603882	4.83532	349	0	0.222844	0.197509
3.7260000705718994	1.135	543	0	0.252835	0.197
4.397000074386597	7.027912	858	0	0.41091	0.197
5.03600001335144	7.25196	858	1	0.21508	0.197
5.440000057220459	4.094144	858	0	0.250293	0.197
6.026000261306763	1.46312	858	0	0.210201	0.197
7.071000099182129	9.896552	858	0	0.284521	0.197
9.07200002670288	9.896552	858	0	0.273282	0.197
11.075000047683716	0.689352	312	0	0.208479	0.197
13.086000204086304	6.531808	316	0	0.205838	0.197
15.073000192642212	3.909336	322	0	0.642266	0.197
18.086000204086304	0.426152	322	0	1.206348	0.197
19.825000286102295	0.104792	274	0	0.842161	0.197
21.039000034332275	0.048704	274	0	0.600167	0.197
23.073000192642212	2.760704	184	0	0.374329	0.197
25.073000192642212	2.032472	182	38	0.20381	0.197
27.07200002670288	5.421592	234	0	0.207085	0.197
29.07200002670288	5.653664	236	0	0.202625	0.197
31.07200002670288	2.666672	234	0	0.210368	0.197
33.07100009918213	3.909248	266	0	0.203196	0.197
35.075000047683716	4.463056	268	0	0.204818	0.197
37.07000017166138	6.248496	340	0	0.218622	0.197
39.07000017166138	7.418248	342	0	0.203508	0.197
41.07599997520447	4.15496	344	0	0.20612	0.197
43.07300019264221	4.15496	322	0	0.205556	0.197
45.07100009918213	2.20912	322	0	0.20864	0.197
47.07100009918213	6.435776	314	0	0.203908	0.197
49.075000047683716	5.100032	328	20	0.205963	0.197
51.07000017166138	6.805728	340	0	0.20071	0.197
53.069000005722046	6.805728	428	0	0.206993	0.197
55.074000120162964	6.2952	428	0	0.208357	0.197
57.069000005722046	0.525512	494	0	0.220585	0.196574
59.074000120162964	4.515024	472	0	0.205273	0.196574
61.074000120162964	1.314416	480	0	0.203036	0.196574
63.07100009918213	7.509536	480	0	0.200707	0.196574
65.07300019264221	1.209184	481	0	0.204089	0.196574
67.07100009918213	4.139352	492	0	0.20348	0.196574
69.07000017166138	13.92868	574	0	0.206499	0.196574
71.07200002670288	3.910992	566	0	0.209133	0.196574
73.07300019264221	11.442856	562	0	0.205195	0.196574
75.07400012016296	11.442856	562	0	0.203653	0.196574
77.07100009918213	11.353672	670	0	0.236475	0.196574
79.07200002670288	0.050864	672	0	0.200628	0.196406
81.07400012016296	17.512144	716	0	0.215186	0.196406
83.07599997520447	3.853592	724	0	0.211262	0.196406
85.07300019264221	8.909088	725	0	0.210727	0.196406
87.07100009918213	18.699056	834	0	0.217106	0.196406
89.07000017166138	19.87828	4	0	0.210481	0.196406
91.07400012016296	0.789104	936	0	0.207379	0.196406
93.07100009918213	1.138776	942	0	0.206485	0.196406
95.07400012016296	11.027224	942	0	0.210108	0.196406
97.07100009918213	6.501856	4	2	0.206136	0.196406
99.07300019264221	0.58484	992	0	0.208493	0.196406
101.07200002670288	7.85888	931	0	0.207818	0.196406
103.07200002670288	1.857056	979	0	0.211292	0.196406
105.07200002670288	25.76064	1074	0	0.209269	0.196406
107.07500004768372	0.344688	1052	0	0.212083	0.196406
109.07200002670288	12.135352	1060	0	0.212427	0.196406
111.06900000572205	2.818384	1056	0	0.237243	0.196406
113.07300019264221	1.089848	210	0	0.203731	0.196406
115.03999996185303	5.444	272	0	0.211153	0.196086
117.07200002670288	5.975864	332	0	0.203825	0.196086
119.07400012016296	8.207312	338	0	0.202771	0.196086
121.07100009918213	1.576504	350	23	0.205774	0.196086
123.07000017166138	10.182376	430	0	0.202563	0.196086
125.07999992370605	2.69596	516	0	0.21648	0.196086
127.07200002670288	0.506832	550	0	0.201696	0.196086
129.07000017166138	0.47116	558	0	0.205353	0.196086
131.07100009918213	0.072776	530	0	0.204186	0.196086
133.07200002670288	0.131112	516	0	0.207946	0.196086
135.07200002670288	10.497072	517	0	0.205063	0.196086
137.07200002670288	0.465296	562	0	0.206156	0.196086
139.07000017166138	13.687584	574	0	0.203476	0.196086
141.07100009918213	2.50404	554	0	0.207219	0.196086
143.07599997520447	13.890696	562	0	0.208234	0.196086
145.07400012016296	2.70328	586	15	0.209838	0.196086
147.07200002670288	9.565208	587	0	0.20476	0.196086
149.07200002670288	0.033328	696	0	0.209406	0.196086
151.07500004768372	0.050728	670	0	0.21949	0.196086
153.07500004768372	0.174872	669	0	0.205932	0.196086
155.32200026512146	0.078576	690	0	0.217487	0.196086
157.07200002670288	5.550712	690	0	0.208993	0.196086
159.32900023460388	0.1886	691	0	0.218265	0.196086
161.32200026512146	0.039824	725	0	0.211029	0.196086
163.32200026512146	14.971816	746	0	0.236635	0.196086
165.3199999332428	17.50852	884	0	0.209116	0.196086
167.31900000572205	1.363984	880	0	0.207836	0.196086
169.3199999332428	2.690856	874	0	0.20645	0.196086
171.32200026512146	0.243416	816	0	0.20725	0.196086
173.3230001926422	17.120984	816	0	0.267091	0.196086
175.32200026512146	4.198224	693	0	0.210364	0.196086
177.3180000782013	3.673904	865	0	0.219412	0.196086
179.32500004768372	3.356608	890	0	0.319907	0.196086
181.3210003376007	4.207392	890	0	0.4677	0.196086
183.3230001926422	16.13064	782	0	0.30083	0.196086
185.32200026512146	11.206456	670	0	0.382326	0.196086
187.3210003376007	11.649304	675	0	0.259028	0.196086
189.3210003376007	0.081248	736	0	0.206569	0.196086
191.32200026512146	4.734776	736	0	0.264169	0.196086
193.32200026512146	0.25304	14	1	0.243236	0.196086
195.3210003376007	0.05272	538	0	0.304716	0.196086
197.3230001926422	11.398744	512	0	0.225295	0.196086
199.32600021362305	2.308968	530	0	0.211268	0.196086
201.32200026512146	0.034752	530	0	0.270162	0.196086
203.32400012016296	8.048008	522	0	0.211651	0.196086
205.3199999332428	9.941464	523	0	0.260272	0.196086
207.3230001926422	4.619816	524	0	0.204225	0.196086
209.32600021362305	6.717464	538	0	0.203866	0.196086
211.3230001926422	12.795104	576	0	0.209387	0.196086
213.3210003376007	8.035584	576	0	0.206813	0.196086
215.32500004768372	0.37144	577	0	0.205235	0.196086
217.3210003376007	12.283928	580	1	0.210557	0.196086
219.32200026512146	1.176576	567	0	0.210061	0.196086
221.3230001926422	13.189544	598	0	0.209891	0.196086
223.32200026512146	0.327128	598	0	0.236763	0.196086
225.32400012016296	9.838392	570	0	0.398684	0.196086
227.31900000572205	4.284952	560	0	0.253553	0.196086
229.3199999332428	0.036344	526	0	0.330055	0.196086
231.3199999332428	13.217	514	0	0.268239	0.196086
233.3199999332428	5.562328	572	0	0.236832	0.196086
235.3199999332428	2.14352	572	0	0.240347	0.196086
237.32200026512146	7.734944	546	0	0.209791	0.196086
239.3199999332428	7.734944	546	0	0.204688	0.196086
241.31900000572205	5.779408	558	0	0.209348	0.196086
243.3199999332428	10.578472	478	0	0.309521	0.196086
245.3210003376007	1.394344	464	0	0.240198	0.196086
247.3210003376007	0.090952	456	0	0.219905	0.196086
249.3230001926422	5.486368	456	0	0.242112	0.196086
251.32200026512146	5.486368	432	0	0.228363	0.196086
253.4869999885559	1.08612	500	0	0.370272	0.196086
255.3230001926422	0.068712	518	0	0.24683	0.196086
257.75600004196167	0.224808	528	0	0.223634	0.196086
259.3210003376007	6.821296	504	0	0.225763	0.196086
261.32200026512146	6.127728	504	0	0.219268	0.196086
263.3210003376007	6.127728	504	0	0.309493	0.196086
265.3230001926422	5.549008	464	2	0.218701	0.196086
267.32800006866455	0.03676	488	0	0.242915	0.196086
269.3199999332428	9.738616	510	0	0.293703	0.196086
271.3230001926422	0.191776	488	0	0.214565	0.196
273.3230001926422	11.600752	524	0	0.23557	0.196
275.3230001926422	2.484408	524	0	0.209768	0.196
277.3199999332428	0.111232	522	0	0.383154	0.196
279.32600021362305	0.130472	528	0	0.246767	0.196
281.3230001926422	4.916096	4	0	0.317522	0.196
283.32400012016296	0.675784	528	0	0.486191	0.196
285.3210003376007	8.948184	504	0	0.234053	0.196
287.3210003376007	0.192392	412	0	0.222562	0.196
289.3230001926422	8.642112	400	0	0.229457	0.196
291.44799995422363	0.137376	396	0	0.242931	0.196
293.3199999332428	1.019352	399	0	0.420541	0.196
295.32200026512146	4.514104	402	0	0.496901	0.196
297.31900000572205	2.498616	362	0	1.160124	0.196
299.3230001926422	0.085864	380	0	0.208117	0.196
301.3230001926422	6.626224	380	0	0.30008	0.196
303.3230001926422	4.669744	380	0	0.298775	0.196
305.3199999332428	0.212808	402	0	0.209625	0.196
307.3210003376007	0.208248	402	0	0.234461	0.196
309.3230001926422	5.702464	374	0	0.224657	0.196
311.3199999332428	0.887296	382	0	0.595767	0.196
313.3230001926422	4.654816	354	0	0.228819	0.196
315.32200026512146	3.904432	258	0	0.452914	0.196
317.3210003376007	4.716048	248	0	0.301066	0.196
319.31900000572205	1.41576	248	0	0.265145	0.196
321.32400012016296	0.31624	246	0	0.221466	0.196
323.3199999332428	0.187216	237	0	0.204077	0.196
325.3199999332428	0.558544	276	0	0.20789	0.196
327.31900000572205	3.309344	281	0	0.202738	0.196
329.32400012016296	8.22692	344	0	0.20411	0.196
331.3210003376007	7.032928	352	0	0.205693	0.196
333.52100014686584	0.109024	402	0	0.210941	0.196
335.3210003376007	7.534176	410	0	0.217478	0.196
337.32200026512146	1.00792	30	1	0.210283	0.196
339.3230001926422	2.87052	342	0	0.233998	0.196
341.3230001926422	3.877752	352	0	0.249959	0.196
343.32800006866455	0.01576	372	0	0.23608	0.196
345.31900000572205	0.198064	4	0	0.221665	0.196
347.3270001411438	2.685296	398	0	0.241255	0.196
349.3250000476837	0.158384	344	0	0.280663	0.196
351.3290002346039	1.722624	326	0	0.278507	0.196
353.3230001926422	6.921024	335	0	0.256727	0.196
355.32200026512146	4.056584	344	0	0.42025	0.196
357.3199999332428	0.231144	344	0	0.261727	0.196
359.4330003261566	0.009648	339	0	0.344049	0.196
361.33000016212463	7.148264	15	1	0.237425	0.196
363.3230001926422	1.20672	392	0	0.324861	0.196
365.3270001411438	4.635416	400	0	0.414881	0.196
367.3230001926422	4.544944	400	0	0.464739	0.196
370.1820001602173	0.006584	400	0	0.63969	0.196
372.3970000743866	2.791824	402	1	0.502455	0.196
374.74500012397766	0.055864	314	0	0.438856	0.196
375.875	2.137552	358	0	0.233946	0.196
377.32200026512146	1.045584	358	0	0.308409	0.196
379.3250000476837	1.273896	358	0	0.323533	0.196
381.3230001926422	4.929016	328	0	0.262587	0.196
383.3199999332428	0.107856	346	0	0.235404	0.196
385.31900000572205	2.198608	348	0	0.210653	0.196
387.32400012016296	5.29796	348	0	0.507659	0.196
390.5199999809265	0.180448	270	0	0.377597	0.196
392.1909999847412	4.780784	136	2	0.276303	0.196
393.5720000267029	5.181296	310	0	0.340142	0.196
395.6400001049042	1.133944	58	3	0.364863	0.196
397.85000014305115	4.298992	302	0	0.363452	0.196
399.96600008010864	0.9504	324	1	0.273322	0.196
401.4060001373291	0.2936	325	0	0.320157	0.196
403.40700006484985	5.103008	328	0	0.405334	0.196
405.61500000953674	2.501584	328	0	0.376113	0.196
408.1390001773834	3.612328	292	0	0.278043	0.196
411.5390000343323	0.063784	292	0	0.460838	0.196
414.04100012779236	0.101808	302	0	0.511025	0.196
415.643000125885	5.445264	316	0	0.370735	0.196
416.3910000324249	1.19696	296	0	0.27344	0.196
417.6319999694824	1.881792	296	0	0.26411	0.196
419.4470000267029	2.631	276	2	0.419515	0.196
421.5820002555847	0.14112	297	0	0.28961	0.196
423.5409998893738	2.462304	312	0	0.245313	0.196
425.6190001964569	0.745144	318	0	0.362099	0.196
427.6210000514984	0.823632	318	0	0.589846	0.196
429.6410002708435	0.672576	318	0	0.401319	0.196
431.8600001335144	2.143432	318	0	0.411061	0.196
434.0480000972748	4.5772	308	1	0.406083	0.196
436.6250002384186	0.01904	286	0	0.490989	0.196
438.4960000514984	2.657688	291	0	0.29065	0.196
439.4740002155304	0.035216	294	0	0.298207	0.196
441.6540002822876	0.1432	294	0	0.543402	0.196
443.6670000553131	0.771832	282	0	0.430247	0.196
445.6080000400543	1.338632	286	0	0.343432	0.196
447.5750000476837	1.9906	326	0	0.283114	0.196
449.643000125885	1.9906	326	0	0.277737	0.196
451.6190001964569	0.0818	306	0	0.353033	0.196
453.62400007247925	1.841336	290	0	0.628869	0.196
455.64600014686584	4.251184	288	0	0.334367	0.196
457.6560001373291	2.072008	304	0	0.299764	0.196
459.6340000629425	0.045384	274	0	0.206786	0.196
461.6780002117157	0.033056	275	0	0.334511	0.196
463.5820002555847	5.153144	292	0	0.342877	0.196
465.5750000476837	3.275688	297	0	0.221417	0.196
467.62000012397766	6.563424	318	0	0.210955	0.196
469.57999992370605	6.035328	328	0	0.290259	0.196
471.5720000267029	1.915656	329	59	0.231014	0.196
473.5720000267029	3.087864	332	0	0.389721	0.196
475.5860002040863	0.046288	332	0	0.355884	0.196
477.57100009918213	0.072488	310	0	0.361182	0.196
479.57299995422363	0.175768	251	0	0.305415	0.196
481.5720000267029	4.466952	258	0	0.256788	0.196
483.57100009918213	0.016256	239	0	0.215982	0.196
485.5700001716614	5.108864	271	0	0.232468	0.196
487.57299995422363	0.924832	282	0	0.232293	0.196
489.57100009918213	1.459552	276	0	0.247897	0.196
491.5720000267029	0.762256	272	0	0.207811	0.196
493.5720000267029	4.72932	250	0	0.351591	0.196
495.46399998664856	5.55184	278	0	0.212193	0.196
497.59100008010864	1.22524	272	0	0.239142	0.196
499.57599997520447	0.092584	254	0	0.215839	0.196
501.5720000267029	5.219616	280	0	0.266782	0.196
503.5720000267029	5.321888	280	0	0.298189	0.196
505.57100009918213	0.506752	272	0	0.247808	0.196
507.5720000267029	0.019392	236	0	0.429973	0.196
509.5720000267029	1.281488	267	0	0.215999	0.196
511.5720000267029	2.552744	286	0	0.230443	0.196
513.5720000267029	0.231024	278	0	0.228142	0.196
515.5710000991821	0.051496	280	0	0.354281	0.196
517.5710000991821	0.013504	326	0	0.261409	0.196
519.5820002555847	3.765336	326	34	0.273454	0.196
521.5720000267029	0.105112	288	0	0.259317	0.196
523.5770001411438	0.14852	243	0	0.277875	0.196
525.5720000267029	0.043832	251	0	0.21596	0.196
527.5729999542236	0.886336	280	0	0.301332	0.196
529.5620002746582	0.049128	224	0	0.262418	0.196
531.574000120163	3.158696	240	0	0.220389	0.196
533.5710000991821	5.663472	244	0	0.208737	0.196
535.574000120163	5.62684	292	0	0.207511	0.196
537.5710000991821	0.328592	293	0	0.205832	0.196
539.5710000991821	0.131232	324	0	0.213594	0.196
541.5720000267029	0.064336	336	0	0.261351	0.196
543.5789999961853	1.24028	286	35	0.212869	0.196
545.5710000991821	4.349352	219	0	0.283848	0.196
547.5720000267029	0.052376	230	0	0.228221	0.196
549.5729999542236	4.542056	242	0	0.301483	0.196
551.5729999542236	5.428504	256	0	0.298519	0.196
553.4720001220703	0.068144	274	0	0.229588	0.196
555.5700001716614	1.900336	254	0	0.21608	0.196
557.5729999542236	0.27504	228	0	0.321982	0.196
559.5729999542236	0.14968	250	0	0.241685	0.196
561.5770001411438	1.697328	251	0	0.22936	0.196
563.5729999542236	0.152472	252	0	0.207052	0.196
565.5700001716614	4.167376	264	0	0.209896	0.196
567.5710000991821	1.122584	274	33	0.205091	0.196
569.5710000991821	0.415712	247	0	0.208875	0.196
571.5700001716614	4.550136	290	0	0.273706	0.197
573.5720000267029	1.766664	338	0	0.208987	0.197
575.574000120163	5.438352	4	0	0.229445	0.197
577.5710000991821	5.278776	322	0	0.211186	0.197
579.5729999542236	0.080488	344	0	0.208205	0.197
581.5720000267029	1.77032	366	0	0.236659	0.197
583.5729999542236	7.896416	370	0	0.233343	0.197
585.574000120163	4.185424	358	0	0.245253	0.197
587.574000120163	0.31872	334	0	0.271255	0.197
589.5710000991821	4.993216	368	0	0.519168	0.197
591.6900000572205	0.642488	342	1	0.291239	0.197
593.5750000476837	0.077176	342	0	0.219846	0.197
595.5710000991821	4.194568	366	0	0.237804	0.197
597.5710000991821	4.807312	366	0	0.31383	0.197
599.5710000991821	4.715488	366	0	0.425649	0.197
601.6580002307892	5.370424	320	1	0.508062	0.197
604.1670000553131	0.118336	274	0	0.419789	0.197
606.063000202179	2.38848	288	3	0.254977	0.197
607.574000120163	3.957928	288	0	0.239232	0.197
609.5710000991821	1.28876	286	0	0.221629	0.197
611.5729999542236	0.98012	314	0	0.222717	0.197
613.5720000267029	0.03676	327	0	0.2576	0.197
615.5810000896454	0.988024	346	37	0.21023	0.197
617.5720000267029	3.184736	324	0	0.242	0.197
619.5720000267029	1.550296	353	0	0.220112	0.197
621.5729999542236	0.051648	352	0	0.276538	0.197
623.5700001716614	5.126512	340	0	0.330771	0.197
625.5720000267029	0.049528	326	0	0.300744	0.197
627.5750000476837	0.031848	326	0	0.449887	0.197
629.5710000991821	3.454496	276	0	0.435179	0.197
631.5830001831055	6.715224	286	0	0.203693	0.197
633.5710000991821	6.885	318	0	0.206388	0.196731
635.5710000991821	2.117656	316	0	0.214095	0.196731
637.5710000991821	5.668024	358	0	0.20808	0.196731
639.5690002441406	7.959184	360	20	0.205944	0.196731
641.5720000267029	2.291936	454	0	0.208142	0.196731
643.5720000267029	10.354832	4	0	0.228579	0.196731
645.5759999752045	0.104144	464	0	0.207195	0.196731
647.5710000991821	10.591488	486	0	0.208125	0.196731
649.5720000267029	2.40844	486	0	0.208428	0.196731
651.5720000267029	5.644696	482	0	0.20662	0.196731
653.5710000991821	6.621728	457	0	0.206582	0.196731
655.8220002651215	0.089304	522	0	0.224267	0.196731
657.8209998607635	0.043152	554	0	0.211625	0.196731
659.8220002651215	0.71832	532	0	0.225732	0.196731
661.824000120163	11.681328	4	0	0.214341	0.196731
663.8270001411438	1.372584	30	2	0.207784	0.196731
665.8209998607635	0.261192	545	0	0.222874	0.196731
667.819000005722	9.460104	555	0	0.228319	0.196731
669.8220002651215	0.077504	586	0	0.220175	0.196731
671.8199999332428	0.49112	584	0	0.210044	0.196731
673.8199999332428	7.850536	578	0	0.213617	0.196731
675.824000120163	7.324664	544	0	0.221552	0.196731
677.8270001411438	1.714536	538	30	0.222361	0.196731
679.8230001926422	1.93732	526	0	0.207343	0.196731
681.824000120163	0.49416	546	0	0.206821	0.196731
683.824000120163	8.086904	550	0	0.211907	0.196731
685.8199999332428	3.414344	550	0	0.217809	0.196731
687.8250002861023	2.44188	528	0	0.205409	0.196731
689.8220002651215	1.842648	529	0	0.206194	0.196731
691.8289999961853	11.0232	616	0	0.213837	0.196731
693.8270001411438	11.552856	602	0	0.206425	0.196731
695.8220002651215	3.531072	604	0	0.209783	0.196731
697.6500000953674	0.16596	612	0	0.20376	0.196731
699.8209998607635	6.711864	612	0	0.203108	0.196731
701.8330001831055	1.7934	636	16	0.222361	0.196731
703.8209998607635	0.043536	662	0	0.209439	0.196731
705.824000120163	2.416928	662	0	0.231263	0.196731
707.8250002861023	8.361144	644	0	0.211475	0.196731
709.8230001926422	1.175888	626	0	0.209563	0.196731
711.8220002651215	3.275856	638	1	0.219673	0.196731
713.8199999332428	11.619304	666	0	0.211668	0.196731
715.826000213623	0.327256	664	0	0.20358	0.196731
717.8230001926422	0.134488	664	0	0.213644	0.196731
719.8180000782013	13.35028	585	0	0.203511	0.196731
721.8220002651215	0.079504	676	0	0.209586	0.196731
723.8230001926422	8.07408	674	0	0.203145	0.196731
725.8199999332428	3.157848	674	0	0.217805	0.196731
727.8250002861023	0.051936	614	0	0.20779	0.196731
729.8250002861023	0.278656	614	0	0.242844	0.196731
731.8220002651215	8.992768	584	0	0.207284	0.196731
733.8270001411438	2.776904	4	0	0.215174	0.196731
735.8209998607635	2.031456	586	59	0.245917	0.196731
737.8209998607635	0.37284	633	0	0.206636	0.196731
739.8209998607635	9.529544	738	0	0.25338	0.196731
741.8280000686646	12.663464	758	0	0.251404	0.196731
743.819000005722	10.379936	758	0	0.316313	0.196731
745.8230001926422	2.65704	706	0	0.211663	0.196731
747.8250002861023	0.055296	598	0	0.302	0.196731
749.8270001411438	8.401544	576	12	0.21654	0.196731
751.8230001926422	10.288136	586	0	0.254484	0.196731
753.8220002651215	0.09712	572	0	0.253818	0.196731
755.8230001926422	0.253152	597	0	0.205405	0.196731
757.8270001411438	3.946944	598	0	0.211421	0.196731
759.8250002861023	2.38584	640	0	0.225918	0.196731
761.8199999332428	14.221232	632	0	0.216457	0.196731
763.8320000171661	0.12164	633	0	0.21288	0.196731
765.8270001411438	0.146856	635	0	0.226989	0.196731
767.826000213623	10.442232	638	0	0.253467	0.196731
769.824000120163	11.54332	630	0	0.215152	0.196731
771.8209998607635	0.55116	538	0	0.212462	0.196731
773.8300001621246	7.85252	536	12	0.218743	0.196731
775.826000213623	8.858808	555	0	0.282529	0.196731
777.8199999332428	6.186296	592	0	0.222607	0.196731
779.8220002651215	0.044464	594	0	0.212319	0.196731
781.8230001926422	4.61712	615	0	0.208996	0.196731
783.8300001621246	2.513848	674	0	0.210943	0.196731
785.8199999332428	2.82044	675	0	0.203167	0.196731
787.8199999332428	0.698784	698	0	0.203129	0.196731
789.8270001411438	15.816864	648	0	0.201602	0.196731
791.826000213623	2.3422	649	0	0.203369	0.196731
793.8209998607635	2.618576	754	0	0.211936	0.196731
795.8209998607635	0.606896	812	0	0.285967	0.196731
797.8180000782013	2.635728	770	0	0.226426	0.196731
799.8860001564026	1.905704	786	0	0.219422	0.196731
801.8220002651215	1.905704	799	0	0.215857	0.196731
803.8250002861023	0.04888	764	0	0.221557	0.196731
805.8220002651215	0.252672	764	0	0.289479	0.196731
807.826000213623	1.073472	30	29	0.269742	0.196731
809.824000120163	3.235584	572	0	0.214498	0.196731
811.8199999332428	1.518464	448	0	0.340188	0.196731
813.824000120163	0.124464	506	0	0.258241	0.196731
815.8209998607635	0.046864	506	0	0.502193	0.196731
817.824000120163	2.114088	474	0	0.249983	0.196731
819.8199999332428	2.114088	474	0	0.307698	0.196731
821.835000038147	11.479168	473	59	0.228917	0.196731
823.8220002651215	0.590512	491	0	0.239693	0.196731
825.8289999961853	3.154664	500	0	0.205588	0.196731
827.824000120163	0.05056	464	0	0.214835	0.196731
829.824000120163	1.873688	465	0	0.211106	0.196731
831.8220002651215	5.828768	474	0	0.21177	0.196731
833.8230001926422	0.157072	481	0	0.204822	0.196731
835.826000213623	0.125168	484	0	0.204294	0.196602
837.824000120163	0.082312	558	0	0.205728	0.196602
839.819000005722	6.790032	558	0	0.204677	0.196602
841.8230001926422	6.790032	558	0	0.220074	0.196602
843.8250002861023	0.785584	518	0	0.229758	0.196602
845.8209998607635	1.405744	334	27	0.213609	0.196602
847.8270001411438	0.034368	342	0	0.248332	0.196602
849.8230001926422	2.359496	382	0	0.207543	0.196602
851.824000120163	0.194856	397	0	0.225872	0.196602
853.824000120163	10.066112	460	0	0.210516	0.196602
855.8209998607635	6.738704	480	0	0.207062	0.196602
857.824000120163	3.568912	481	0	0.244446	0.196602
859.8199999332428	5.43852	487	0	0.205563	0.196602
861.8220002651215	1.119008	130	0	0.523822	0.196602
864.1370003223419	0.105776	156	0	0.203172	0.196409
865.824000120163	0.090928	184	0	0.203551	0.196409
867.960000038147	0.0404	251	0	0.204174	0.196101
869.8199999332428	7.326176	308	33	0.203272	0.196101
871.8250002861023	7.326176	308	0	0.209695	0.196101
873.8320000171661	0.033672	402	0	0.210365	0.196101
875.819000005722	8.300344	488	0	0.216427	0.196101
877.8270001411438	9.305576	488	0	0.229072	0.196101
879.8220002651215	2.224232	460	0	0.22402	0.196101
881.8199999332428	2.713224	461	0	0.206182	0.196101
883.8220002651215	1.281032	480	0	0.208996	0.196101
885.8220002651215	4.018776	483	0	0.218147	0.196101
887.824000120163	5.582144	495	0	0.218725	0.196101
889.8230001926422	9.827384	522	0	0.22849	0.196101
891.8220002651215	0.016696	498	0	0.214961	0.196101
893.8300001621246	4.995264	488	16	0.217388	0.196101
895.826000213623	5.433904	490	0	0.236928	0.196101
897.8209998607635	5.433904	490	0	0.225016	0.196101
899.8220002651215	0.050248	504	0	0.20423	0.196101
901.8209998607635	1.464648	488	0	0.207056	0.196101
903.8230001926422	11.298576	502	0	0.208953	0.196101
906.0700001716614	0.682936	544	0	0.203606	0.196072
908.0710000991821	0.125664	544	0	0.203026	0.196072
910.0730001926422	3.523712	545	0	0.207468	0.196072
912.0710000991821	3.326616	564	0	0.21556	0.196072
914.0769999027252	5.601832	564	0	0.2101	0.196072
916.074000120163	5.79508	558	0	0.202679	0.196072
917.8380000591278	2.525152	556	0	0.207909	0.196072
920.074000120163	0.04608	552	0	0.203412	0.196072
922.0720000267029	5.52332	548	0	0.210253	0.196072
924.0720000267029	10.757816	549	0	0.202347	0.196072
926.0720000267029	0.839024	580	0	0.232685	0.196072
928.0720000267029	6.233832	580	0	0.219835	0.196072
930.1580002307892	11.671192	582	0	0.242119	0.196072
932.0750000476837	3.209576	590	0	0.210429	0.196072
934.0720000267029	1.31692	582	0	0.223957	0.196072
936.0730001926422	4.309376	583	0	0.214108	0.196072
938.0750000476837	13.660488	636	0	0.20758	0.196072
940.0730001926422	2.903816	655	0	0.204856	0.196072
942.0720000267029	13.709264	632	0	0.205912	0.196072
944.0710000991821	9.73272	658	0	0.204448	0.196072
946.0700001716614	0.448208	678	0	0.201979	0.196072
948.0710000991821	5.39972	678	0	0.205293	0.196072
950.0720000267029	15.658528	701	0	0.23178	0.196072
952.074000120163	2.679864	682	0	0.204082	0.196072
954.0700001716614	10.310584	689	0	0.219625	0.196072
956.0730001926422	0.083576	780	0	0.208812	0.196072
958.0710000991821	0.049208	780	0	0.213902	0.196072
960.0750000476837	0.040152	742	0	0.208201	0.196072
962.0720000267029	5.850224	742	0	0.205053	0.196072
964.0710000991821	0.114552	728	0	0.213908	0.196072
966.0769999027252	6.870112	728	0	0.205658	0.196072
968.0720000267029	16.103192	758	0	0.21391	0.196072
970.0720000267029	0.044936	776	0	0.217595	0.196072
972.0769999027252	0.050912	780	0	0.213906	0.196072
974.0769999027252	10.008272	764	0	0.228048	0.196072
976.0759999752045	0.039568	742	0	0.214584	0.196072
978.0730001926422	3.783992	747	0	0.20311	0.196
980.0750000476837	4.879232	788	0	0.203888	0.196
982.0720000267029	2.257432	788	0	0.278111	0.196
984.0720000267029	6.1008	788	0	0.206136	0.196
986.0710000991821	0.353528	766	0	0.208367	0.196
988.0730001926422	0.353528	766	0	0.208341	0.196
990.0520000457764	0.603936	763	0	0.222823	0.196
992.0700001716614	0.659504	768	0	0.233784	0.196
994.0720000267029	1.61692	769	0	0.215493	0.196
996.079999923706	0.155496	780	0	0.209746	0.196
998.0700001716614	11.365952	796	0	0.231432	0.196
1000.0720000267029	14.808904	802	0	0.237723	0.196
1002.0720000267029	0.666056	684	0	0.212377	0.196
1004.074000120163	0.290456	684	0	0.261432	0.196
1006.0750000476837	0.78164	686	0	0.296096	0.196
1008.2740001678467	0.036256	687	0	0.227898	0.196
1010.0700001716614	11.553072	728	0	0.211721	0.196
1012.0780000686646	4.827288	658	0	0.208756	0.196
1014.074000120163	1.414848	17	17	0.265845	0.196
1016.0700001716614	0.117624	468	0	0.220217	0.196
1018.0860002040863	0.036672	496	0	0.24148	0.196
1020.0789999961853	8.023224	497	0	0.26511	0.196
1022.0720000267029	6.633632	498	0	0.237916	0.196
1024.0720000267029	2.516336	496	0	0.230127	0.196
1026.0720000267029	0.156096	512	0	0.21308	0.196
1028.074000120163	7.428472	516	0	0.207328	0.196
1030.0710000991821	7.376544	514	0	0.202048	0.196
1032.079999923706	0.122224	522	0	0.203766	0.196
1034.074000120163	1.649064	541	0	0.212802	0.196
1036.0750000476837	10.781016	568	0	0.204842	0.196
1038.074000120163	2.134648	530	0	0.243779	0.196
1040.0750000476837	10.129888	548	0	0.251966	0.196
1042.0720000267029	10.129888	582	0	0.230645	0.196
1044.0720000267029	4.463568	575	0	0.234559	0.196
1046.0750000476837	8.659984	577	0	0.224216	0.196
1048.0730001926422	2.234648	596	0	0.255073	0.196
1050.0710000991821	0.074312	596	0	0.224558	0.196
1052.0710000991821	4.360064	546	0	0.213418	0.196
1054.074000120163	2.727992	587	0	0.21246	0.196
1056.0720000267029	4.174704	600	0	0.206007	0.196
1058.0720000267029	3.028352	570	0	0.202841	0.196
1060.069000005722	1.36196	570	0	0.207569	0.196
1062.0720000267029	14.139432	606	0	0.217526	0.196
1064.0710000991821	13.252088	574	0	0.20386	0.196
1066.0720000267029	0.24288	564	0	0.234783	0.196
1068.0710000991821	0.277472	636	0	0.284881	0.196
1070.0710000991821	2.813024	636	0	0.253592	0.196
1072.0730001926422	2.335472	654	0	0.214979	0.196
1074.0769999027252	2.306576	636	0	0.207743	0.196
1076.0720000267029	4.12144	636	0	0.212663	0.196
1078.0759999752045	11.281872	644	0	0.285267	0.196
1080.074000120163	4.650072	614	0	0.215112	0.196
1082.0759999752045	7.667208	606	0	0.229966	0.196
1084.0730001926422	4.078472	592	0	0.245452	0.196
1086.0730001926422	2.323464	592	0	0.227881	0.196
1088.0720000267029	0.24144	598	0	0.257935	0.196
1090.0730001926422	3.970528	598	0	0.254635	0.196
1092.074000120163	0.03476	586	0	0.205073	0.196
1094.0710000991821	10.4296	587	0	0.222567	0.196
1096.074000120163	0.168768	608	0	0.238099	0.196
1098.0769999027252	6.133216	608	0	0.213167	0.196
1100.0750000476837	0.320376	604	0	0.208565	0.196
1102.0920000076294	0.317192	605	0	0.235354	0.196
1104.074000120163	0.243528	646	0	0.257879	0.196
1106.0710000991821	0.044208	616	0	0.260622	0.196
1108.0710000991821	0.113096	616	0	0.282528	0.196
1110.0720000267029	1.949784	608	0	0.27078	0.196
1112.0720000267029	0.37004	554	0	0.279383	0.196
1114.0820002555847	1.49476	596	0	0.247677	0.196
1116.074000120163	0.048744	596	0	0.235814	0.196
1118.0769999027252	0.16268	597	0	0.277032	0.196
1120.0759999752045	0.137384	610	0	0.231137	0.196
1122.0759999752045	1.751776	578	0	0.284357	0.196
1124.0730001926422	13.332112	579	0	0.284513	0.196
1126.074000120163	0.154992	596	0	0.265301	0.196
1128.0720000267029	4.89028	617	0	0.25174	0.196
1130.074000120163	2.66032	666	0	0.231868	0.196
1132.0700001716614	7.101136	654	0	0.391285	0.196
1134.0720000267029	4.909512	646	0	0.23422	0.196
1136.0769999027252	0.07736	646	0	0.223235	0.196
1138.0710000991821	9.821488	646	0	0.323504	0.196
1140.0720000267029	2.682912	646	0	0.238259	0.196
1142.0710000991821	1.31204	628	0	0.235722	0.196
1144.090000152588	2.39048	612	0	0.22483	0.196
1146.0710000991821	4.45692	612	0	0.210186	0.196
1148.0759999752045	0.653824	522	0	0.231071	0.196
1150.0730001926422	12.742224	528	0	0.217198	0.196
1152.074000120163	1.265144	528	0	0.252232	0.196
1154.0730001926422	0.631272	538	0	0.220236	0.196
1156.3230001926422	12.845584	549	0	0.259386	0.196
1158.3230001926422	1.145616	612	0	0.21224	0.196
1160.3210003376007	0.04296	588	0	0.249795	0.196
1162.3220002651215	6.538968	584	0	0.209881	0.196
1164.3250000476837	14.668344	628	0	0.241361	0.196
1166.3250000476837	0.856248	630	0	0.231764	0.196
1168.108999967575	2.896192	620	0	0.221537	0.196
1170.324000120163	0.282112	621	0	0.229161	0.196
1172.324000120163	2.550464	614	0	0.206933	0.196
1174.3210003376007	13.654888	618	0	0.213851	0.196
1176.324000120163	13.654888	602	0	0.209866	0.196
1178.3210003376007	0.508416	602	0	0.211268	0.196
1180.3220002651215	14.259712	622	0	0.206999	0.196
1182.3210003376007	14.573288	652	0	0.213672	0.196
1184.3220002651215	2.19316	4	0	0.216407	0.196
1186.3230001926422	15.615656	664	0	0.20918	0.196
1188.3250000476837	9.56396	642	0	0.201081	0.196
1190.3220002651215	8.036832	638	0	0.205941	0.196
1192.3230001926422	0.117504	640	0	0.221259	0.196
1194.3270001411438	6.351696	640	0	0.231041	0.196
1196.3210003376007	2.590168	622	0	0.205732	0.196
1198.3210003376007	9.3962	4	0	0.210102	0.196
1200.326000213623	6.443616	618	0	0.214519	0.196
1202.3210003376007	0.046208	618	0	0.206266	0.196
1204.3220002651215	0.15792	648	0	0.216202	0.196
1206.3199999332428	0.883136	648	0	0.206335	0.196
1208.3220002651215	0.090392	648	0	0.204214	0.196
1210.3210003376007	15.346584	644	0	0.208233	0.196
1212.3210003376007	2.107848	662	0	0.212453	0.196
1214.3199999332428	5.6112	656	0	0.211269	0.196
1216.3220002651215	16.941384	678	0	0.208986	0.196
1218.4300000667572	14.0806	679	0	0.215084	0.196
1220.3210003376007	2.728072	702	0	0.210331	0.196
1222.324000120163	0.406992	703	0	0.206607	0.196
1224.3210003376007	1.409016	732	0	0.211446	0.196
1226.3210003376007	0.366112	762	0	0.207909	0.196
1228.3230001926422	9.326912	762	0	0.212082	0.196
1230.3220002651215	0.1544	540	0	0.214728	0.196
1232.324000120163	8.227768	540	0	0.203387	0.196
1234.3270001411438	1.37936	538	0	0.204924	0.196
1236.3210003376007	12.668056	544	0	0.206611	0.196
1238.3280000686646	0.09676	545	0	0.204757	0.196
1240.340000152588	3.788728	606	0	0.210277	0.196
1242.3310000896454	14.959296	614	0	0.207944	0.196
1244.1909999847412	7.608456	726	0	0.205581	0.196
1246.326000213623	2.87856	740	0	0.212504	0.196
1248.3220002651215	6.983104	740	0	0.218077	0.196
1250.3210003376007	8.821112	740	0	0.215556	0.196
1252.3250000476837	4.72228	722	0	0.205642	0.196
1254.3250000476837	10.872208	782	0	0.21447	0.196
1256.3250000476837	0.052904	814	0	0.205283	0.196
1258.3199999332428	9.036032	805	0	0.213864	0.196
1260.3300001621246	0.0508	832	0	0.223447	0.196
1262.324000120163	9.347376	832	0	0.294754	0.196
1264.3230001926422	2.722816	832	0	0.205674	0.196
1266.3250000476837	7.478192	830	0	0.236248	0.196
1268.3230001926422	2.272992	21	7	0.215834	0.196
1270.3210003376007	4.424512	805	0	0.210522	0.196
1272.3220002651215	0.202136	820	0	0.232348	0.196
1274.3230001926422	0.04116	830	0	0.209118	0.196
1276.3230001926422	0.186592	830	0	0.220507	0.196
1278.326000213623	7.65944	862	0	0.211664	0.196
1280.324000120163	14.954464	858	0	0.227164	0.196
1282.3270001411438	0.348072	864	0	0.20358	0.196
1284.3199999332428	7.299248	890	0	0.21077	0.196
1286.3320000171661	17.022088	891	0	0.21423	0.196
1288.3220002651215	17.362152	888	0	0.212488	0.196
1290.3230001926422	7.69276	884	0	0.245417	0.196
1292.3159999847412	5.383064	834	0	0.2088	0.196
1294.324000120163	2.151232	835	0	0.222727	0.196
1296.3220002651215	2.413616	848	0	0.228419	0.196
1298.324000120163	6.84868	848	0	0.216201	0.196
1300.324000120163	0.252896	818	0	0.213097	0.196
1302.3250000476837	20.38296	882	0	0.218439	0.196
1304.3230001926422	0.26244	932	0	0.23919	0.196
1306.3230001926422	1.099968	1082	0	0.199728	0.195747
1308.3290002346039	0.202008	1060	0	0.225148	0.195747
1310.324000120163	1.690656	1025	0	0.215691	0.195747
1312.324000120163	2.765264	1024	0	0.212282	0.195747
1314.324000120163	2.077592	1085	0	0.210853	0.195747
1316.3100001811981	8.180576	1108	0	0.20174	0.195747
1318.324000120163	20.880408	1109	0	0.207935	0.195747
1320.3250000476837	0.102456	1078	0	0.207841	0.195747
1322.3230001926422	10.621408	1182	0	0.210541	0.195747
1324.3230001926422	11.250704	1178	0	0.258164	0.195747
1326.3210003376007	25.376072	1040	0	0.209248	0.195747
1328.3230001926422	9.907904	1018	0	0.205819	0.195747
1330.324000120163	0.080056	1054	0	0.208002	0.195747
1332.3210003376007	2.721072	1054	0	0.209535	0.195747
1334.3250000476837	5.244632	1054	0	0.211583	0.195747
1336.3230001926422	0.11904	918	0	0.206942	0.195747
1338.3220002651215	11.088456	918	0	0.206479	0.195747
1340.3389999866486	11.088456	954	35	0.235906	0.195747
1342.3250000476837	9.331704	934	0	0.535504	0.195747
1344.3230001926422	0.231776	708	0	0.255988	0.195747
1346.3210003376007	0.082976	672	0	0.206703	0.195747
1348.3230001926422	15.074688	734	0	0.287394	0.195747
1350.324000120163	7.139624	734	0	0.211315	0.195747
1352.3220002651215	10.57312	712	0	0.204748	0.195747
1354.324000120163	10.753968	676	0	0.376881	0.195747
1356.3280000686646	6.483256	4	0	0.388996	0.195747
1358.3230001926422	6.483256	702	0	0.220961	0.195747
1360.3210003376007	2.535928	690	0	0.225831	0.195747
1362.3290002346039	9.912832	504	0	0.353918	0.195747
1364.324000120163	1.25924	472	30	0.217602	0.195747
1366.3210003376007	10.897616	476	0	0.268544	0.195747
1368.3210003376007	0.058512	488	0	0.304964	0.195747
1370.3230001926422	2.007864	490	0	0.281654	0.195747
1372.324000120163	7.768504	490	0	0.329308	0.195747
1374.3230001926422	2.340288	438	0	0.225416	0.195747
1376.3230001926422	0.015112	396	0	0.23971	0.195747
1378.3210003376007	6.428864	396	0	0.290551	0.195747
1380.3270001411438	0.16048	370	0	0.285821	0.195747
1382.3230001926422	0.076184	371	0	0.24941	0.195747
1384.3320000171661	7.188416	4	0	0.254496	0.195747
1386.324000120163	0.032432	436	0	0.307987	0.195747
1388.3280000686646	0.329552	436	59	0.284778	0.195747
1390.3210003376007	8.665712	416	0	0.230634	0.195747
1392.3210003376007	0.300024	417	0	0.259306	0.195747
1394.3230001926422	3.42116	418	0	0.266719	0.195747
1396.3230001926422	3.051672	418	0	0.248204	0.195747
1398.324000120163	2.5314	432	0	0.210368	0.195747
1400.3280000686646	8.576736	433	0	0.292956	0.195747
1402.3220002651215	8.11368	444	0	0.30926	0.195747
1404.3210003376007	8.048088	448	0	0.336428	0.195747
1406.3270001411438	8.048088	448	0	0.225869	0.195747
1408.5729999542236	1.180368	418	0	0.242296	0.195747
1410.5750000476837	4.880672	410	0	0.216028	0.195747
1412.5710000991821	0.742328	28	3	0.201636	0.195747
1414.5710000991821	2.669888	370	0	0.232901	0.195747
1416.5770001411438	4.599064	356	0	0.246757	0.195747
1418.5720000267029	7.134656	358	0	0.212388	0.195747
1420.5780000686646	7.134656	364	0	0.205765	0.195747
1422.5729999542236	8.608168	404	0	0.214722	0.195747
1424.5729999542236	0.245872	400	0	0.216942	0.195747
1426.5750000476837	1.724128	398	19	0.20544	0.195747
1428.5729999542236	5.598648	402	0	0.218777	0.195747
1430.5729999542236	0.468032	402	0	0.206778	0.195747
1432.5720000267029	0.051032	422	0	0.213173	0.195747
1434.5720000267029	8.264488	422	0	0.261239	0.195747
1436.5750000476837	0.492824	4	2	0.230247	0.195747
1438.5759999752045	0.104536	424	0	0.242939	0.195747
1440.5700001716614	6.10504	430	0	0.205472	0.195747
1442.5729999542236	10.009568	511	0	0.203897	0.195747
1444.5729999542236	0.20412	538	0	0.214112	0.195747
1446.5720000267029	0.160728	546	0	0.205821	0.195747
1448.5729999542236	4.427824	546	0	0.20846	0.195747
1450.5759999752045	2.380952	572	3	0.20542	0.195747
1452.5750000476837	1.495144	573	0	0.201387	0.195747
1454.5720000267029	11.273048	576	0	0.253215	0.195747
1456.5729999542236	0.20896	576	0	0.205258	0.195747
1458.574000120163	0.097736	576	0	0.262538	0.195747
1460.5750000476837	3.923304	542	0	0.214663	0.195747
1462.5729999542236	9.989696	518	0	0.222457	0.195747
1464.5710000991821	9.6518	574	0	0.278393	0.195747
1466.5729999542236	4.810728	555	0	0.245081	0.195747
1468.587000131607	5.950008	568	0	0.232602	0.195747
1470.5720000267029	9.734952	554	0	0.241483	0.195747
1472.5759999752045	0.051592	522	0	0.263162	0.195747
1474.574000120163	5.137312	522	54	0.26589	0.195747
1476.574000120163	4.15616	512	0	0.292363	0.195747
1478.574000120163	1.72892	512	0	0.281019	0.195747
1480.5729999542236	2.402504	492	0	0.215838	0.195747
1482.5729999542236	0.077296	534	0	0.215657	0.195747
1484.5720000267029	1.242424	29	3	0.216639	0.195747
1486.5720000267029	11.594664	554	0	0.25823	0.195747
1488.5700001716614	11.594664	554	0	0.205079	0.195747
1490.5720000267029	11.594664	554	0	0.217913	0.195747
1492.5720000267029	13.056664	556	0	0.235441	0.195747
1494.574000120163	4.6962	556	0	0.215339	0.195747
1496.5759999752045	12.11576	544	0	0.20713	0.195747
1498.574000120163	13.213112	546	29	0.224692	0.195747
1500.5729999542236	5.672008	541	0	0.213829	0.195747
1502.5720000267029	9.06572	588	0	0.265121	0.195747
1504.5729999542236	3.034728	588	0	0.217447	0.195747
1506.5729999542236	13.12696	4	0	0.284061	0.195747
1508.574000120163	11.613536	578	0	0.217468	0.195747
1510.5729999542236	0.133768	579	0	0.233424	0.195747
1512.5729999542236	6.934744	588	0	0.278856	0.195747
1514.5729999542236	0.04952	548	0	0.30666	0.195747
1516.574000120163	6.188128	526	0	0.22739	0.195747
1518.5720000267029	0.3538	518	0	0.20995	0.195747
1520.574000120163	1.063216	372	0	0.24801	0.195747
1522.5789999961853	8.692728	379	59	0.234298	0.195747
1524.5710000991821	0.015688	406	0	0.234041	0.195747
1526.5759999752045	5.323704	407	0	0.22825	0.195747
1528.5720000267029	8.873432	436	0	0.228284	0.195747
1530.574000120163	0.206824	4	0	0.20489	0.195747
1532.5770001411438	9.3398	460	0	0.211885	0.195747
1534.5720000267029	11.119032	476	0	0.218289	0.195747
1536.5750000476837	4.604752	478	0	0.237978	0.195747
1538.5750000476837	0.61348	460	0	0.253976	0.195747
1540.5780000686646	7.219368	460	0	0.237234	0.195747
1542.5720000267029	2.455336	498	0	0.218723	0.195747
1544.5720000267029	10.314824	505	0	0.218672	0.195747
1546.5759999752045	1.986752	27	13	0.207875	0.195747
1548.5729999542236	10.701352	513	0	0.240605	0.195747
1550.574000120163	10.347112	552	0	0.221672	0.195747
1552.5750000476837	0.046616	566	0	0.210793	0.195747
1554.5720000267029	5.36564	566	0	0.240248	0.195747
1556.574000120163	2.414216	566	0	0.220397	0.195747
1558.5710000991821	11.982064	524	0	0.235553	0.195747
1560.5729999542236	3.787128	533	0	0.205982	0.195747
1562.5759999752045	10.319856	534	0	0.23214	0.195747
1564.574000120163	8.856192	4	0	0.238298	0.195747
1566.574000120163	2.628568	560	0	0.237457	0.195747
1568.5789999961853	1.190392	561	0	0.226798	0.195747
1570.5750000476837	4.158248	552	9	0.209059	0.195747
1572.574000120163	0.205536	552	0	0.208657	0.195747
1574.5720000267029	9.652608	553	0	0.221507	0.195747
1576.5710000991821	5.500416	554	0	0.212367	0.195747
1578.5770001411438	4.84952	548	0	0.253783	0.195747
1580.5750000476837	12.44528	598	0	0.216117	0.195747
1582.574000120163	0.502152	582	0	0.284813	0.195747
1584.574000120163	3.697976	583	0	0.249501	0.195747
1586.574000120163	0.047848	602	0	0.310802	0.195747
1588.5780000686646	0.20772	515	0	0.214982	0.195747
1590.5720000267029	0.016672	1	1	0.215523	0.195747
1592.574000120163	1.627376	586	0	0.246641	0.195747
1594.5789999961853	4.111744	576	25	0.227995	0.195747
1596.5720000267029	13.385336	566	0	0.230528	0.195747
1598.5720000267029	1.158448	581	0	0.24317	0.195747
1600.574000120163	0.04896	584	0	0.220322	0.195747
1602.5729999542236	11.910568	580	0	0.244596	0.195747
1604.5750000476837	11.749544	622	2	0.263881	0.195747
1606.5759999752045	0.31932	622	0	0.211772	0.195747
1608.5729999542236	11.24572	618	0	0.232955	0.196
1610.5840001106262	0.156088	625	0	0.223386	0.196
1612.5710000991821	5.59176	4	0	0.235936	0.196
1614.5750000476837	6.38764	652	0	0.229011	0.196
1616.574000120163	12.851072	668	0	0.245327	0.196
1618.5759999752045	3.893416	668	36	0.247505	0.196
1620.5720000267029	10.544016	626	0	0.271082	0.196
1622.5750000476837	0.03236	623	0	0.336381	0.196
1624.5720000267029	0.123376	582	0	0.209915	0.196
1626.5840001106262	1.14312	582	0	0.227223	0.196
1628.574000120163	2.03524	542	1	0.259613	0.196
1630.5700001716614	7.759704	542	0	0.26834	0.196
1632.574000120163	12.838952	552	0	0.233244	0.196
1634.5720000267029	7.94372	552	0	0.231894	0.196
1636.5729999542236	6.474728	572	0	0.222703	0.196
1638.5729999542236	3.786696	572	0	0.240461	0.196
1640.5729999542236	12.017328	577	0	0.222717	0.196
1642.5780000686646	7.081656	600	35	0.241155	0.196
1644.574000120163	7.081656	582	0	0.228013	0.196
1646.5750000476837	8.997056	4	0	0.251502	0.196
1648.5729999542236	11.510928	626	0	0.239776	0.196
1650.5729999542236	8.584872	672	0	0.240024	0.196
1652.5729999542236	8.584872	672	0	0.252433	0.196
1654.5759999752045	0.193432	644	0	0.212453	0.196
1656.574000120163	14.985312	645	0	0.235184	0.196
1658.8220002651215	4.378264	639	0	0.206775	0.196
1660.8250002861023	0.039976	672	0	0.22081	0.196
1662.824000120163	5.595928	672	0	0.225346	0.196
1664.826000213623	3.869152	670	0	0.211741	0.196
1666.7829999923706	0.41012	756	0	0.208615	0.196
1668.8209998607635	7.959208	756	0	0.229737	0.196
1670.826000213623	0.015896	682	0	0.221441	0.196
1672.8220002651215	11.456552	682	0	0.217373	0.196
1674.824000120163	0.342504	652	0	0.24151	0.196
1676.8230001926422	16.18052	668	0	0.237892	0.196
