0.0	6.945512	440	0	0.482908	0.208263
0.46399998664855957	5.88908	312	0	0.290655	0.208263
0.996999979019165	5.88908	312	13	0.376687	0.208263
1.4739997386932373	5.88908	310	0	0.264982	0.208263
2.3229997158050537	0.360984	310	0	0.229837	0.208263
2.794999837875366	2.684432	310	0	0.280915	0.208263
3.920999765396118	4.016152	292	0	0.56233	0.208263
5.717999696731567	4.936232	312	19	0.619367	0.208263
7.318999767303467	0.579904	325	0	0.229027	0.208263
8.60099983215332	4.801152	364	17	0.484735	0.208263
9.497999906539917	3.957432	326	0	0.510996	0.208263
11.715999603271484	0.008288	338	0	0.676053	0.208263
13.34499979019165	4.595928	236	6	0.807283	0.208263
14.84499979019165	5.391064	258	0	0.263687	0.208263
18.400999784469604	0.012344	4	0	1.135092	0.208263
19.687999963760376	5.791952	294	0	0.21782	0.208263
20.863999843597412	7.4944	310	9	0.224879	0.208263
22.143999814987183	0.509264	394	0	0.227073	0.208263
23.074999809265137	9.624416	402	0	0.247533	0.208263
23.71299982070923	9.25836	452	0	0.228625	0.208263
25.753999710083008	10.785896	456	0	0.227827	0.208263
27.80299973487854	2.161256	462	0	0.240471	0.208305
29.848000049591064	5.379552	512	0	0.26821	0.208305
31.922999620437622	9.474912	560	0	0.221451	0.208305
34.89699983596802	0.257056	560	0	1.054488	0.208305
35.913999795913696	5.293864	508	0	0.481962	0.208305
37.805999755859375	0.049856	458	0	0.477412	0.208305
39.864999771118164	0.015432	484	0	0.361599	0.208305
41.919999837875366	6.074672	494	40	0.370524	0.208305
43.9689998626709	5.820464	476	0	0.511132	0.208305
45.810999631881714	0.011704	424	0	0.591456	0.208305
47.834999799728394	0.027552	476	0	0.25532	0.208305
49.89299988746643	0.548832	502	0	0.342395	0.208305
51.91499972343445	0.02548	496	0	0.246915	0.208305
53.793999910354614	5.623224	462	0	0.806586	0.208305
55.77499985694885	0.024256	412	0	0.582806	0.208305
57.913999795913696	8.235648	458	0	0.556817	0.208305
59.95799970626831	3.11032	458	0	0.371659	0.208305
62.01799988746643	4.816848	474	0	0.332022	0.208305
63.817999839782715	6.567888	494	0	0.449261	0.208305
65.89299988746643	9.496216	502	45	0.351696	0.208305
67.95199990272522	6.29376	502	0	0.468073	0.208305
69.97399973869324	0.09936	490	0	0.228908	0.208305
71.77399969100952	4.671928	494	0	0.324144	0.208305
73.82999968528748	4.671928	494	0	0.236878	0.208305
75.88399958610535	7.067424	494	0	0.223354	0.208305
77.95099973678589	0.050216	476	0	0.228684	0.208305
79.99199986457825	0.345272	498	0	0.310174	0.208305
82.03199982643127	11.56964	514	0	0.252948	0.208305
83.8529999256134	11.684512	558	0	0.224568	0.208305
85.92099976539612	11.65528	542	0	0.230719	0.208305
87.97599983215332	5.55704	542	0	0.613159	0.208305
90.03299975395203	7.087256	526	38	0.356337	0.208305
92.07200002670288	8.9858	558	0	0.434989	0.208305
94.30999970436096	3.690408	428	0	0.759615	0.208305
96.93199968338013	0.330944	418	0	0.68583	0.208305
99.17699980735779	0.608256	452	0	0.363153	0.208305
100.02199983596802	4.424656	452	0	0.241977	0.208305
102.09999966621399	5.761488	400	0	0.412248	0.208305
103.8769998550415	5.761488	416	0	0.252832	0.208305
105.93099975585938	4.726744	380	0	0.617567	0.208305
107.98499989509583	6.851032	380	0	0.468719	0.208305
110.03399991989136	6.851032	376	0	0.221978	0.208305
111.85099983215332	5.992968	396	0	0.346899	0.208305
113.90499997138977	6.818792	396	32	0.268669	0.208793
115.98099994659424	6.818792	4	0	0.25941	0.208793
118.06999969482422	6.941616	424	0	0.347377	0.208793
119.84499979019165	9.59368	440	0	0.251546	0.208793
121.8899998664856	7.85828	440	0	0.290035	0.208793
123.9379997253418	5.792072	422	0	0.236902	0.208793
126.00499987602234	0.025176	428	0	0.229776	0.208793
128.07499980926514	8.455616	432	0	0.334393	0.208793
129.89099979400635	7.182432	444	0	0.305392	0.208793
131.94400000572205	10.056112	490	0	0.267221	0.208793
133.9799997806549	6.196184	480	0	0.226141	0.208793
136.0299997329712	9.225288	480	0	0.234101	0.208793
138.0849997997284	9.870432	480	16	0.223045	0.208793
139.856999874115	9.870432	480	0	0.264071	0.208793
141.9399995803833	9.691048	454	0	0.230053	0.208793
144.02099990844727	9.338384	450	0	0.230186	0.208793
146.05399990081787	9.457656	442	0	0.239464	0.208793
147.8459997177124	9.818152	452	0	0.224716	0.208793
149.92299962043762	9.758616	492	0	0.248149	0.208793
151.96399974822998	5.100328	510	0	0.531368	0.208793
153.96099996566772	0.4404	566	0	0.742301	0.208793
156.05999970436096	13.17592	638	0	0.256825	0.208793
158.30699968338013	0.009632	638	1	0.718821	0.208793
159.88899993896484	7.266224	602	0	0.586659	0.208793
161.9269998073578	0.982656	596	36	0.243525	0.208793
163.96699976921082	4.166856	588	0	0.392142	0.208793
166.01799988746643	8.011896	452	0	0.552813	0.208793
168.07699990272522	8.011896	452	0	0.233114	0.208793
170.1139998435974	8.614888	424	0	0.428005	0.208793
171.90899991989136	8.430656	400	0	0.225674	0.208793
173.94400000572205	7.853272	406	0	0.323463	0.208793
175.9889998435974	9.357576	410	0	0.22515	0.208793
178.03099966049194	8.22904	452	0	0.447874	0.208793
180.0849997997284	10.09	458	0	0.232501	0.208793
181.8919997215271	6.326016	4	0	0.662281	0.208793
183.94999980926514	12.108144	514	0	0.276915	0.208793
186.01399970054626	8.247248	514	20	0.243832	0.208793
188.0829997062683	11.342248	562	0	0.340288	0.208793
189.91299986839294	11.342248	562	0	0.322445	0.208793
191.9689998626709	11.342248	562	0	0.237256	0.208793
194.04399967193604	9.45464	564	0	0.235291	0.208793
196.09599995613098	11.23252	536	0	0.225463	0.208793
198.12800002098083	10.371648	570	0	0.235549	0.208793
200.16599988937378	5.086408	570	0	0.33015	0.208793
201.98799967765808	13.278704	622	0	0.292104	0.208793
204.02499985694885	7.488144	622	0	0.233601	0.208793
206.07899975776672	12.605736	588	0	0.232982	0.208793
208.135999917984	1.164496	576	0	0.231411	0.208793
209.9579997062683	13.085	652	39	0.236533	0.208793
211.9649999141693	13.322776	670	0	0.243066	0.208793
214.04299974441528	14.057424	608	0	0.246208	0.208793
216.0939998626709	14.057424	608	0	0.238225	0.208793
217.90799975395203	14.057424	620	0	0.281722	0.208793
219.98499989509583	12.068232	670	0	0.230979	0.208793
222.03799986839294	12.542464	670	0	0.284477	0.208793
224.0899999141693	14.087184	686	0	0.283267	0.208793
226.1309998035431	15.819496	752	0	0.294104	0.208793
227.92899990081787	13.182192	752	0	0.352992	0.208793
229.98599982261658	14.16108	752	0	0.227249	0.208793
232.04099988937378	14.648592	754	0	0.256739	0.208793
234.0899999141693	14.648592	754	47	0.24341	0.208793
236.22399997711182	3.888408	754	0	0.833832	0.208793
238.20099997520447	0.704392	682	0	0.294588	0.208793
240.003999710083	6.293936	727	0	0.260811	0.208793
242.06199979782104	14.662088	736	0	0.288204	0.208793
244.15199995040894	14.662088	712	0	0.232102	0.208793
245.97199964523315	14.662088	710	0	0.229776	0.208793
248.0609998703003	14.662088	710	0	0.220497	0.208793
250.11099982261658	14.662088	630	0	0.275018	0.208793
252.1619997024536	14.662088	630	0	0.2452	0.208793
254.21299982070923	14.662088	630	0	0.229184	0.208793
256.003999710083	14.662088	644	0	0.239304	0.208793
258.04699969291687	14.662088	656	2	0.22419	0.208793
260.1009998321533	14.662088	656	0	0.256749	0.208793
262.1259996891022	11.7416	489	0	0.312561	0.208793
264.1809997558594	0.576688	502	0	0.481223	0.208793
266.235999584198	1.610592	502	0	0.240395	0.208793
268.01099967956543	2.069072	490	0	0.254065	0.208793
270.09499979019165	3.721888	504	0	0.239437	0.208793
272.146999835968	4.657136	500	0	0.23028	0.208793
274.2000000476837	4.657136	498	0	0.229141	0.208793
275.99899983406067	4.657136	498	0	0.238454	0.208793
278.0639998912811	4.657136	498	0	0.220205	0.208793
280.12999987602234	10.199672	588	0	0.23324	0.208793
282.16999983787537	14.207912	656	0	0.237945	0.208793
284.21299982070923	11.830664	700	0	0.255912	0.208793
285.992999792099	15.332384	710	0	0.275614	0.208793
288.05099964141846	0.811744	712	0	0.267242	0.208793
290.12099981307983	7.216536	712	0	0.249919	0.208793
292.16699981689453	12.3702	712	0	0.239869	0.208793
294.253999710083	14.295424	692	0	0.249142	0.208793
296.0549998283386	0.985992	782	0	0.264702	0.208793
298.1269998550415	4.639872	762	0	0.252883	0.208793
300.1840000152588	0.091776	780	0	0.235732	0.208793
302.24199986457825	14.976144	758	0	0.248146	0.208793
304.05599999427795	14.870432	758	0	0.358452	0.208793
306.0979998111725	14.168864	754	36	0.244371	0.208793
308.14599990844727	6.912144	682	0	0.257601	0.208793
310.220999956131	14.651056	682	0	0.303009	0.208793
312.0169999599457	10.296216	656	0	0.549026	0.208793
314.09099984169006	11.571104	656	0	0.389723	0.208793
316.1769998073578	11.263768	656	0	0.248834	0.208793
318.1879997253418	9.695184	580	0	0.36747	0.208793
320.235999584198	0.281544	534	0	0.439922	0.208793
322.04399967193604	4.874344	534	0	0.249067	0.210529
324.0939998626709	11.311024	538	0	0.333342	0.210529
326.1689999103546	11.311024	538	0	0.235596	0.210529
328.2389998435974	11.311024	538	0	0.224377	0.210529
330.05999970436096	11.311024	540	0	0.22948	0.210529
332.06199979782104	11.311024	540	0	0.23195	0.210529
334.11699986457825	0.045296	598	0	0.291018	0.210529
336.1769998073578	4.325776	599	0	0.329236	0.210529
338.2629997730255	7.040128	604	0	0.679362	0.210529
340.03399991989136	12.858016	606	0	0.237902	0.210529
342.0739998817444	0.45296	586	0	0.72633	0.210529
344.15599966049194	11.76212	586	0	0.264619	0.210529
346.2099997997284	13.15308	606	0	0.24961	0.210529
348.25600004196167	13.013472	627	0	0.260536	0.210529
350.0589997768402	13.294496	638	0	0.233859	0.210529
352.1099998950958	12.888704	658	0	0.280992	0.210529
354.164999961853	15.452592	702	0	0.224533	0.210529
356.2509996891022	15.585872	774	0	0.298961	0.210529
358.0519995689392	13.641424	774	0	0.26329	0.210529
360.1139998435974	13.641424	774	0	0.241328	0.210529
362.16299962997437	13.094216	764	0	0.293879	0.210529
364.253999710083	13.65232	682	0	0.245258	0.210529
366.3139998912811	14.130224	620	0	0.287582	0.210529
368.0939998626709	12.898912	620	0	0.274282	0.210529
370.1449999809265	13.531528	638	0	0.2442	0.210529
372.18499994277954	13.423984	638	0	0.249625	0.210529
374.2569999694824	13.771856	636	0	0.226047	0.210529
376.0699996948242	14.247648	635	0	0.247344	0.210529
378.12800002098083	12.541248	616	0	0.235084	0.210529
380.1769998073578	13.872584	620	0	0.259637	0.210529
382.220999956131	13.872584	620	0	0.246616	0.210529
