0.0	48.787616	1190	0	0.137538	0.025769
0.26999998092651367	88.725448	1217	55	0.083199	0.025769
2.4600000381469727	63.383704	1210	0	0.079731	0.025769
4.461999893188477	63.383704	1210	0	0.092115	0.025769
6.460999965667725	59.454616	1208	0	0.06315	0.025769
8.461999893188477	75.906208	1208	0	0.093598	0.025769
10.536999940872192	58.913568	1186	0	0.053273	0.025769
12.461999893188477	58.913568	1186	0	0.141955	0.025769
14.461999893188477	1.63676	1076	0	0.071173	0.025769
16.472000122070312	2.993608	4	0	0.061224	0.025769
18.460000038146973	7.71224	1338	0	0.066263	0.025769
20.460999965667725	98.924936	1346	0	0.046548	0.025769
22.45800018310547	81.066456	1125	0	0.056802	0.025769
24.461999893188477	77.90036	1126	0	0.091113	0.025769
26.491000175476074	77.77088	1310	0	0.155121	0.025769
28.139000177383423	36.067368	1310	0	0.116604	0.025769
30.460999965667725	61.080544	1165	0	0.06584	0.025769
32.895999908447266	75.1506	1054	0	0.039438	0.025769
34.48300004005432	46.322776	580	0	0.037662	0.025769
36.474000215530396	50.88092	784	0	0.143017	0.025769
38.45800018310547	76.356232	860	0	0.049786	0.025769
40.80299997329712	0.411448	875	0	0.043358	0.025769
42.46000003814697	71.499168	1062	0	0.089131	0.025769
44.45800018310547	73.901672	1054	0	0.04285	0.025769
46.45900011062622	65.214536	1018	0	0.05854	0.025769
48.46000003814697	76.6082	786	0	0.048232	0.026245
50.45800018310547	76.455816	832	0	0.067148	0.026245
52.45900011062622	60.757792	824	0	0.033372	0.026245
54.46000003814697	66.722888	828	0	0.044498	0.026245
57.17500019073486	66.377936	834	0	0.062951	0.026245
58.460999965667725	72.104616	804	0	0.043796	0.026245
60.46000003814697	2.66648	870	0	0.041955	0.026245
62.460999965667725	56.989736	980	0	0.113219	0.026245
64.46099996566772	50.394384	681	0	0.045342	0.026117
66.48799991607666	71.241872	774	0	0.07866	0.026117
68.45900011062622	72.435496	770	0	0.0452	0.026117
70.46000003814697	65.458176	764	0	0.058132	0.026117
72.48200011253357	56.282248	706	0	0.080524	0.026117
74.4779999256134	69.67828	720	0	0.036558	0.026117
76.45900011062622	47.940896	728	0	0.065444	0.026117
78.45900011062622	47.456944	728	0	0.043934	0.026117
80.46199989318848	23.785	562	0	0.047154	0.026117
82.46000003814697	61.369248	686	0	0.039534	0.026117
84.45900011062622	73.327928	967	0	0.047079	0.026117
86.71300005912781	65.210816	970	0	0.058594	0.026117
88.57500004768372	76.60444	986	0	0.041599	0.026117
90.64499998092651	60.574016	986	0	0.080824	0.026117
92.45900011062622	60.574016	992	0	0.067791	0.026117
94.45900011062622	84.16344	770	0	0.068693	0.026117
96.46000003814697	51.849704	818	0	0.103683	0.026117
98.46199989318848	0.419728	824	0	0.041524	0.026117
100.45900011062622	78.415136	818	0	0.041831	0.026117
102.46000003814697	92.262104	924	0	0.03439	0.026117
104.49699997901917	61.623832	924	0	0.059419	0.026117
106.46099996566772	66.449568	924	0	0.036011	0.026117
108.46499991416931	67.565464	924	0	0.066054	0.026117
110.46099996566772	95.288008	818	0	0.037246	0.026117
112.45900011062622	60.04156	870	0	0.050953	0.026117
114.46000003814697	73.749672	852	0	0.061129	0.026117
116.46199989318848	85.6972	850	0	0.046324	0.026117
118.45900011062622	74.350848	865	0	0.078361	0.026117
120.46000003814697	64.52128	866	0	0.069029	0.026117
122.47200012207031	68.440384	866	0	0.053981	0.026117
124.46000003814697	71.955432	862	0	0.053106	0.026117
126.46099996566772	68.078376	812	0	0.056245	0.026117
128.47699999809265	9.879016	1200	0	0.067915	0.026117
130.46199989318848	63.8172	1192	0	0.053119	0.026117
132.46000003814697	49.539624	1192	0	0.123459	0.026117
134.46000003814697	40.061416	864	0	0.146287	0.026117
136.46099996566772	0.24168	924	0	0.03607	0.026117
138.45800018310547	67.756464	920	0	0.059498	0.026117
140.46000003814697	60.84052	650	0	0.04465	0.026117
142.46099996566772	69.806712	660	0	0.040078	0.026117
144.45900011062622	71.881184	674	0	0.0369	0.026117
146.45900011062622	59.057872	800	0	0.070335	0.026117
148.46099996566772	62.62864	531	0	0.086483	0.026117
150.45900011062622	19.249824	826	0	0.042889	0.026117
152.46000003814697	47.112096	766	0	0.128904	0.026117
154.46000003814697	55.411	724	0	0.03593	0.026117
156.46000003814697	50.041872	716	0	0.14059	0.026117
158.46099996566772	0.407448	672	0	0.053615	0.026117
160.46099996566772	3.755032	556	0	0.059183	0.026117
162.46000003814697	0.348528	520	0	0.035653	0.026117
164.46000003814697	70.255264	496	0	0.033881	0.026117
166.46099996566772	9.627976	780	0	0.037133	0.026117
168.4760000705719	77.27608	786	0	0.05427	0.026117
170.46099996566772	51.733352	624	0	0.087439	0.026117
172.46000003814697	34.874072	796	0	0.135535	0.026117
174.46099996566772	78.659888	922	0	0.054505	0.026117
176.46000003814697	89.355336	944	0	0.059199	0.026117
178.46000003814697	89.355336	996	0	0.058818	0.026117
180.45900011062622	84.209896	990	0	0.050762	0.026117
182.46099996566772	90.257664	1002	0	0.050742	0.026117
184.45900011062622	63.359144	946	0	0.050584	0.026117
186.46199989318848	67.14736	940	0	0.058353	0.026117
188.60899996757507	15.728208	956	0	0.046753	0.026117
191.08599996566772	85.765464	924	0	0.07113	0.026117
192.22699999809265	56.672648	930	0	0.128278	0.026117
194.46000003814697	88.856744	874	0	0.049905	0.026117
196.49100017547607	22.764264	846	0	0.066477	0.026117
198.4689998626709	33.468328	1062	0	0.105949	0.026117
200.45900011062622	41.605848	1056	0	0.084942	0.026117
202.46000003814697	10.058808	1057	0	0.077519	0.026117
204.5110001564026	42.808512	586	0	0.159885	0.026117
206.46000003814697	33.581352	616	0	0.035365	0.026117
208.5110001564026	28.899088	563	0	0.112909	0.026117
210.47100019454956	33.001544	564	0	0.17295	0.026117
212.46099996566772	39.430936	564	0	0.073439	0.026117
214.48200011253357	56.827888	636	0	0.030828	0.026117
216.46199989318848	67.073528	650	0	0.058831	0.026117
218.46099996566772	2.3882	908	0	0.050641	0.026117
220.50600004196167	72.373824	1018	0	0.040003	0.026117
222.46199989318848	24.806664	916	0	0.092417	0.026117
224.46199989318848	59.314192	1008	0	0.078307	0.026117
226.46000003814697	23.855416	1008	0	0.049479	0.026117
228.49500012397766	8.245224	637	0	0.040463	0.026117
230.4630000591278	60.992712	810	0	0.095733	0.026117
232.46099996566772	76.0162	810	0	0.037061	0.026117
234.46399998664856	29.694488	836	0	0.050236	0.026117
236.46000003814697	47.189424	832	0	0.074421	0.026117
238.46099996566772	75.065352	832	0	0.054909	0.026117
240.46099996566772	89.709464	905	0	0.048086	0.026117
242.46199989318848	89.859344	938	0	0.035775	0.026117
244.49300003051758	97.272392	936	0	0.057778	0.026117
246.46099996566772	78.749912	870	0	0.036185	0.026117
248.4889998435974	92.55092	864	0	0.049671	0.026117
250.46000003814697	98.302528	872	0	0.035911	0.026117
252.52800011634827	86.695648	838	0	0.054963	0.026117
254.46000003814697	88.912168	854	0	0.039349	0.026117
256.4609999656677	104.101384	574	0	0.037586	0.026117
259.1940002441406	99.042544	570	0	0.052918	0.026117
260.4619998931885	97.214	760	0	0.033976	0.026117
262.460000038147	76.365032	766	0	0.043268	0.026117
264.460000038147	77.787192	824	0	0.058533	0.026117
266.4619998931885	1.005968	824	0	0.038996	0.026117
268.4619998931885	95.272008	870	0	0.040879	0.026117
270.4619998931885	90.443808	870	0	0.039972	0.026117
272.46799993515015	100.634496	696	0	0.040058	0.026117
274.4670000076294	80.949608	676	0	0.041736	0.026117
276.4630000591278	77.558776	674	0	0.050404	0.026117
278.46399998664856	86.881272	696	0	0.047311	0.026117
280.4609999656677	85.285408	666	0	0.042741	0.026117
282.4619998931885	32.79188	667	0	0.169998	0.026117
284.4619998931885	94.148328	928	0	0.053693	0.026117
286.4609999656677	32.163048	930	0	0.061713	0.026117
288.48799991607666	59.689104	892	0	0.078939	0.026117
290.4609999656677	59.046152	954	0	0.089635	0.026117
292.48099994659424	76.711032	834	0	0.057455	0.026117
294.460000038147	95.15324	814	0	0.041049	0.026117
296.460000038147	83.795448	820	0	0.056281	0.026117
298.4609999656677	56.75528	814	0	0.050116	0.026117
300.4630000591278	17.489224	755	0	0.116552	0.026117
302.4670000076294	87.529744	746	0	0.044404	0.026117
304.460000038147	87.529744	934	0	0.133206	0.026117
306.460000038147	83.464008	940	0	0.039815	0.026117
308.4619998931885	85.855368	934	0	0.037016	0.026117
310.4619998931885	96.54872	648	0	0.041198	0.026117
312.47100019454956	11.253632	80	0	0.031522	0.026117
314.4630000591278	21.058856	124	0	0.030117	0.02566
316.4910001754761	30.556808	238	0	0.034257	0.02566
318.4839999675751	40.264632	234	0	0.030696	0.02566
