0.0	14.318144	316	0	0.093882	0.076865
0.192000150680542	6.688912	316	0	0.094458	0.076865
0.33100008964538574	6.688912	316	0	0.097035	0.076865
0.4609999656677246	6.688912	316	0	0.096216	0.076865
0.625999927520752	8.525184	282	0	0.094495	0.076865
0.8139998912811279	8.826088	282	0	0.089933	0.076865
1.0360000133514404	18.021704	296	0	0.087385	0.076865
1.7809998989105225	18.09872	292	0	0.092432	0.076865
2.296999931335449	16.40348	376	0	0.087258	0.076865
3.51200008392334	23.19644	404	0	0.093641	0.076652
5.510999917984009	24.913776	534	0	0.088327	0.076652
7.509000062942505	30.643416	646	0	0.090796	0.076652
9.513999938964844	42.371128	716	0	0.092946	0.076652
11.509999990463257	46.848136	802	0	0.091322	0.076652
13.50599980354309	40.957544	912	0	0.093583	0.076652
15.516999959945679	40.957544	930	0	0.094631	0.076652
17.51799988746643	35.586712	1016	0	0.099333	0.076652
19.513000011444092	55.789896	1036	0	0.098377	0.076652
21.500999927520752	62.75196	1116	0	0.091707	0.076652
23.516000032424927	67.27736	1126	0	0.087912	0.076616
25.507000207901	78.073328	1320	0	0.091827	0.076616
27.509999990463257	88.041728	1380	0	0.09351	0.076616
29.518999814987183	89.927688	1490	0	0.093753	0.076616
31.51099991798401	102.284032	1560	0	0.091274	0.076616
33.50399994850159	102.284032	1650	0	0.091885	0.076616
35.513999938964844	102.284032	1650	0	0.092907	0.076616
37.50800013542175	102.284032	1650	0	0.103353	0.076616
39.5239999294281	102.284032	1650	0	0.092149	0.076616
41.51200008392334	102.284032	1650	0	0.090766	0.076616
43.507000207901	102.284032	4	0	0.095444	0.076616
45.50800013542175	102.284032	1590	0	0.092716	0.076616
47.51200008392334	102.284032	1590	0	0.090381	0.076616
49.51799988746643	86.732368	1482	0	0.091809	0.076616
51.513999938964844	92.499192	1488	0	0.090906	0.076616
53.50800013542175	92.499192	1488	0	0.091272	0.076616
55.50499987602234	92.499192	1488	0	0.090887	0.076616
57.513999938964844	89.355472	1436	0	0.089841	0.076616
59.507000207901	89.355472	4	0	0.111054	0.076616
61.509000062942505	89.355472	1430	0	0.093454	0.076616
63.51099991798401	89.355472	1450	0	0.090818	0.076616
65.51200008392334	74.378008	1424	0	0.091182	0.076616
67.50800013542175	87.199744	1424	0	0.092796	0.076616
69.507000207901	89.507184	1438	0	0.090581	0.076616
71.50399994850159	89.507184	1444	0	0.090063	0.076616
73.50800013542175	79.717712	1458	0	0.092397	0.076616
75.51699995994568	79.717712	1458	0	0.091297	0.076616
77.51099991798401	79.717712	1458	0	0.091543	0.076616
79.51600003242493	79.717712	1458	0	0.096295	0.076616
81.51399993896484	87.158968	1458	0	0.092485	0.076616
83.507000207901	87.158968	1552	0	0.094271	0.076616
85.51600003242493	87.158968	1488	0	0.092435	0.076616
87.50999999046326	87.158968	1488	0	0.092691	0.076616
89.50800013542175	87.158968	1488	0	0.090369	0.076616
91.50599980354309	87.158968	1488	0	0.091889	0.076616
93.51300001144409	66.441384	1450	0	0.093615	0.076616
95.50399994850159	66.441384	1450	0	0.092122	0.076616
97.52300000190735	66.441384	1450	0	0.09552	0.076616
99.51699995994568	80.36352	1378	0	0.095539	0.076616
101.51300001144409	77.896056	1378	0	0.088719	0.076616
103.5090000629425	66.548816	1370	0	0.098485	0.076616
105.50399994850159	71.210472	1394	0	0.094718	0.076616
107.75099992752075	71.210472	1394	0	0.09361	0.076616
109.50800013542175	71.210472	1446	0	0.124177	0.076616
111.51699995994568	71.210472	1428	0	0.092243	0.076616
113.7739999294281	86.774888	1428	0	0.092996	0.076616
115.75699996948242	86.774888	1410	0	0.091034	0.076616
117.75699996948242	86.774888	1472	0	0.100597	0.076616
119.75799989700317	86.774888	1472	0	0.092881	0.076616
121.75300002098083	78.646056	1434	0	0.107799	0.076616
123.75500011444092	86.077168	1534	0	0.093501	0.076616
125.76300001144409	68.054912	1532	0	0.102334	0.076616
127.62000012397766	80.422528	1454	0	0.092182	0.076616
129.760999917984	87.332056	1548	0	0.095416	0.076616
131.75099992752075	85.84264	1548	0	0.09414	0.076616
133.75300002098083	80.648896	1548	0	0.092207	0.076616
135.75699996948242	86.568072	1597	0	0.09839	0.076616
137.75300002098083	92.100352	1624	0	0.090563	0.076616
139.75600004196167	92.100352	1624	0	0.098027	0.076616
141.7649998664856	92.100352	1630	0	0.09487	0.076616
143.7699999809265	92.100352	1566	0	0.092411	0.076616
145.75300002098083	98.160808	1780	0	0.091816	0.076616
147.76399993896484	103.171872	1922	0	0.100378	0.076616
149.75099992752075	97.939832	1910	0	0.094042	0.076616
151.69200015068054	0.121992	1838	0	0.094598	0.076616
153.75500011444092	45.784752	1814	0	0.093334	0.076616
155.74900007247925	111.710024	1836	0	0.096716	0.076616
157.76399993896484	111.972704	1864	0	0.09697	0.076616
159.768000125885	108.305624	1864	0	0.094539	0.076616
161.760999917984	0.118008	1866	0	0.099226	0.076616
163.74599981307983	44.647816	1920	0	0.098028	0.076616
165.75300002098083	33.32876	1814	0	0.09797	0.076616
167.7480001449585	25.709736	1714	0	0.096833	0.076616
169.75300002098083	27.278352	782	0	0.09982	0.076616
171.75799989700317	44.954608	710	0	0.089292	0.076616
173.75799989700317	35.220096	766	0	0.091885	0.076616
175.64699983596802	50.494728	842	0	0.091059	0.076616
177.760999917984	62.268168	946	0	0.090771	0.076616
179.75799989700317	62.268168	956	0	0.091686	0.076514
181.76199984550476	62.268168	956	0	0.089597	0.076514
183.75200009346008	61.544472	1068	0	0.116655	0.076514
185.75699996948242	53.280928	1080	0	0.095002	0.076514
187.75300002098083	59.264448	1170	0	0.09639	0.076514
189.76399993896484	62.103376	998	0	0.093209	0.076514
191.75300002098083	49.213832	1272	0	0.091825	0.076514
193.76699995994568	67.654008	1272	0	0.094686	0.076514
195.76399993896484	77.037872	1284	0	0.090902	0.076514
197.77100014686584	66.281816	1308	0	0.088664	0.076514
199.6159999370575	81.720768	1398	0	0.092908	0.076514
201.76199984550476	81.720768	1404	0	0.093874	0.076514
203.7649998664856	77.662392	1410	0	0.091429	0.076514
205.76199984550476	89.188856	1842	0	0.105235	0.076514
207.76600003242493	63.688912	1884	0	0.104935	0.076514
209.80999994277954	83.914704	1820	0	0.092357	0.076514
211.75600004196167	76.83708	1786	0	0.106441	0.076514
213.7699999809265	86.797912	1970	0	0.14925	0.076514
215.75799989700317	100.413408	1998	0	0.092755	0.076514
217.760999917984	96.004696	2040	0	0.092206	0.076514
219.75600004196167	0.11896	1864	0	0.09472	0.076514
221.76399993896484	29.213328	1864	0	0.096151	0.076514
223.70700001716614	3.7712	1878	0	0.095253	0.076514
225.7720000743866	64.229976	1826	0	0.101852	0.076514
227.75799989700317	34.368344	4	0	0.102508	0.076514
229.75799989700317	3.128424	1762	0	0.09221	0.076514
231.75600004196167	36.632448	1088	0	0.094715	0.076514
233.75799989700317	65.370912	1052	0	0.091185	0.076514
235.75699996948242	65.294896	1130	0	0.090636	0.076514
237.75099992752075	65.294896	1146	0	0.092308	0.076514
239.75300002098083	60.22032	1126	0	0.094132	0.076514
241.75	72.765888	1128	0	0.089119	0.076514
243.75699996948242	72.765888	1183	0	0.090099	0.076514
245.75500011444092	72.765888	1130	0	0.088508	0.076514
247.75300002098083	72.765888	1124	0	0.088249	0.076514
249.75899982452393	72.765888	1124	0	0.093398	0.076514
251.75600004196167	66.2854	1184	0	0.08807	0.076514
253.75799989700317	68.681304	1208	0	0.088251	0.076514
255.75799989700317	71.32992	1222	0	0.097928	0.076514
257.7539999485016	65.559584	1442	0	0.090471	0.076514
259.7550001144409	89.030712	1442	0	0.090788	0.076514
261.7579998970032	83.861936	1698	0	0.093475	0.076514
263.7579998970032	6.558664	1698	0	0.093347	0.076514
265.7589998245239	49.383912	1698	0	0.105717	0.076514
267.7649998664856	79.385856	1753	0	0.101399	0.076514
269.7579998970032	103.20564	1816	0	0.095821	0.076514
271.6899998188019	0.123752	1864	0	0.095001	0.076514
273.75600004196167	114.347008	1994	0	0.098659	0.076514
275.74599981307983	114.347008	1994	0	0.095437	0.076514
277.7539999485016	114.347008	1994	0	0.093236	0.076514
279.76199984550476	114.347008	1994	0	0.097125	0.076514
281.75600004196167	0.127176	1978	0	0.099408	0.076514
283.7669999599457	37.95352	1978	0	0.098381	0.076514
285.75099992752075	9.5286	742	0	0.096757	0.076514
287.7569999694824	34.47336	750	0	0.088644	0.076514
289.7480001449585	36.019752	752	0	0.089034	0.076514
291.74900007247925	32.654568	674	0	0.092159	0.076514
293.75	32.654568	676	0	0.089154	0.076514
295.74700021743774	32.654568	676	0	0.090051	0.076514
297.7449998855591	32.654568	656	0	0.090097	0.076514
299.77300000190735	32.654568	656	0	0.093164	0.076514
301.74700021743774	42.869752	682	0	0.093287	0.076514
303.7520000934601	41.577544	688	0	0.087107	0.076514
305.74900007247925	41.577544	688	0	0.096716	0.076514
307.7520000934601	41.577544	688	0	0.09233	0.076514
309.75300002098083	45.621936	866	0	0.091424	0.076514
311.75300002098083	49.140152	882	0	0.092546	0.076514
313.74900007247925	48.24408	890	0	0.089403	0.076514
315.74700021743774	47.50484	962	0	0.092428	0.076514
317.75099992752075	56.711208	1040	0	0.09222	0.076514
319.7550001144409	58.530064	1040	0	0.09259	0.076514
321.7520000934601	59.115208	4	0	0.091801	0.076514
323.75999999046326	59.115208	1034	0	0.09127	0.076514
325.74599981307983	59.115208	1038	0	0.096594	0.076514
327.74599981307983	59.115208	1030	0	0.094237	0.076514
329.7539999485016	59.115208	1030	0	0.09186	0.076514
331.7520000934601	59.115208	1030	0	0.091061	0.076514
333.74700021743774	59.115208	1096	0	0.097521	0.076514
335.74599981307983	59.115208	1040	0	0.094562	0.076514
337.76199984550476	59.115208	1016	0	0.091902	0.076514
339.7539999485016	45.194696	1200	0	0.092612	0.076514
341.7480001449585	55.844728	1206	0	0.091228	0.076514
343.76399993896484	57.699952	1172	0	0.089217	0.076514
345.74900007247925	62.316632	1214	0	0.092963	0.076514
348.0	65.95964	1254	0	0.09758	0.076514
349.99899983406067	75.18332	1250	0	0.092389	0.076514
351.7569999694824	72.415864	1290	0	0.089724	0.076514
353.99699997901917	80.821272	1401	0	0.089903	0.076514
356.0069999694824	80.821272	1412	0	0.088318	0.076514
358.00499987602234	79.463392	1410	0	0.092139	0.076514
360.0039999485016	73.536088	1406	0	0.097748	0.076514
361.99399995803833	76.68488	1378	0	0.09776	0.076514
364.00099992752075	74.166424	1410	0	0.092955	0.076514
366.0039999485016	71.776288	1500	0	0.097085	0.076514
368.01200008392334	87.606096	1506	0	0.093485	0.076514
370.01399993896484	82.761056	1582	0	0.090135	0.076514
371.99699997901917	89.610712	1590	0	0.115047	0.076514
373.9979999065399	61.796504	1562	0	0.107471	0.076514
376.00099992752075	86.582472	1656	0	0.09199	0.076514
377.99500012397766	94.768144	1668	0	0.091325	0.076514
380.01200008392334	101.143088	1724	0	0.094188	0.076514
382.0069999694824	99.958128	1718	0	0.093566	0.076514
384.0019998550415	99.958128	1700	0	0.093172	0.076514
386.01200008392334	99.958128	1700	0	0.103896	0.076514
388.0019998550415	99.958128	1682	0	0.102089	0.076514
389.99699997901917	99.958128	1724	0	0.103381	0.076514
392.00499987602234	99.958128	1724	0	0.097854	0.076514
394.0110001564026	103.702048	1718	0	0.095146	0.076514
395.99399995803833	90.055288	1970	0	0.095565	0.076514
397.99699997901917	0.118672	2014	0	0.100838	0.076514
400.0090000629425	98.594248	1932	0	0.109766	0.076514
402.0069999694824	2.653392	1884	0	0.096076	0.076514
403.99399995803833	64.522368	1864	0	0.111149	0.076514
406.0059998035431	95.122112	1610	0	0.101492	0.076514
408.0090000629425	83.933248	1614	0	0.130088	0.076514
409.9920001029968	85.72392	1566	0	0.105083	0.076514
412.0059998035431	85.72392	1566	0	0.104691	0.076514
413.99899983406067	85.72392	1572	0	0.098583	0.076514
415.9979999065399	85.72392	1572	0	0.10464	0.076514
418.01900005340576	85.72392	4	0	0.09859	0.076514
419.98800015449524	85.72392	1592	0	0.106569	0.076514
421.99500012397766	85.72392	1528	0	0.093111	0.076514
423.9920001029968	85.72392	1594	0	0.10665	0.076514
426.0149998664856	85.72392	1594	0	0.093442	0.076514
428.00999999046326	85.666192	1770	0	0.098547	0.076514
429.9960000514984	92.90456	1770	0	0.094155	0.076514
431.99699997901917	92.90456	1770	0	0.09313	0.076514
434.00300002098083	78.068792	1768	0	0.095233	0.076514
436.0019998550415	86.140152	1598	0	0.099243	0.076514
438.0	86.140152	1598	0	0.092528	0.076514
440.0039999485016	91.182152	1690	0	0.10015	0.076514
441.9930000305176	91.182152	1690	0	0.092639	0.076514
444.0160000324249	86.485912	1684	0	0.109148	0.076514
445.99899983406067	99.244288	1616	0	0.094007	0.076514
447.9930000305176	99.244288	1810	0	0.100837	0.076514
450.0239999294281	76.530352	1654	0	0.09674	0.076514
452.00099992752075	69.130816	1638	0	0.103691	0.076514
453.9979999065399	54.591632	1690	0	0.118024	0.076514
456.03600001335144	54.591632	1700	0	0.102654	0.076514
458.00300002098083	54.591632	1700	0	0.100346	0.076514
460.0019998550415	66.340048	1700	0	0.12322	0.076514
462.0039999485016	101.234736	1658	0	0.094808	0.076514
464.00099992752075	94.22676	1658	0	0.098417	0.076514
466.0069999694824	94.22676	1658	0	0.094545	0.076514
468.0039999485016	94.22676	1668	0	0.109533	0.076514
470.00499987602234	94.22676	1668	0	0.095466	0.076514
471.99899983406067	95.577016	1746	0	0.104774	0.076514
474.00499987602234	87.962888	1638	0	0.09449	0.076514
476.0019998550415	79.557664	1628	0	0.104282	0.076514
478.0019998550415	83.37768	1634	0	0.10077	0.076514
480.0	84.248512	1660	0	0.122872	0.076917
482.0	101.387608	1714	0	0.091584	0.076917
484.00499987602234	105.769048	1930	0	0.09823	0.076917
486.00099992752075	89.233008	1924	0	0.109107	0.076917
487.9960000514984	89.233008	1924	0	0.107101	0.076917
490.00300002098083	89.233008	1738	0	0.101517	0.076917
491.9979999065399	89.233008	4	0	0.12585	0.076917
494.00099992752075	89.233008	1784	0	0.094874	0.076917
496.0069999694824	89.233008	1782	0	0.095177	0.076917
497.99899983406067	1.860016	1812	0	0.093592	0.076917
500.00099992752075	83.767584	1850	0	0.101081	0.076917
502.00300002098083	65.707272	1840	0	0.112101	0.076917
504.0130000114441	94.197568	1840	0	0.139288	0.076917
505.99699997901917	108.777048	1804	0	0.094695	0.076917
507.99699997901917	81.401952	1800	0	0.097538	0.076917
510.00300002098083	81.401952	1800	0	0.093422	0.076917
512.0039999485016	76.774136	1794	0	0.106631	0.076917
513.9930000305176	110.567656	1728	0	0.089413	0.076917
516.0130000114441	104.485904	4	0	0.098139	0.076917
518.0120000839233	108.172984	1722	0	0.092037	0.076917
519.9979999065399	108.172984	1722	0	0.09712	0.076917
522.0039999485016	108.172984	1732	0	0.093715	0.076917
524.0030000209808	83.556456	1774	0	0.126101	0.076917
525.9939999580383	68.644896	1774	0	0.105581	0.076917
527.9950001239777	48.482024	2558	0	0.214807	0.076917
529.9979999065399	48.482024	1892	0	0.120662	0.076917
531.9979999065399	48.482024	1804	0	0.112466	0.076917
533.9950001239777	89.783016	1588	0	0.104171	0.076917
536.0030000209808	60.083688	1582	0	0.101461	0.076917
537.9920001029968	92.795824	1600	0	0.092238	0.076917
540.0009999275208	92.88196	1548	0	0.090576	0.076917
542.0030000209808	92.88196	1548	0	0.093341	0.076917
544.0030000209808	53.767776	1548	0	0.11438	0.076917
546.0039999485016	88.355176	1678	0	0.091477	0.076917
547.9939999580383	77.37416	1764	0	0.100209	0.076917
550.0039999485016	98.64492	1814	0	0.094023	0.076917
551.9939999580383	97.39768	1976	0	0.091623	0.076917
553.9930000305176	101.787704	1976	0	0.09823	0.076917
555.9939999580383	113.223032	1982	0	0.093112	0.076917
557.9859998226166	97.32644	1982	0	0.103199	0.076917
560.0009999275208	3.049952	1814	0	0.09319	0.076917
562.0049998760223	38.036328	1744	0	0.090726	0.076917
563.9950001239777	115.044648	1864	0	0.093447	0.076917
565.9979999065399	0.90876	1864	0	0.094442	0.076917
568.0	76.683096	1864	0	0.095164	0.076917
570.0080001354218	118.711352	1884	0	0.099874	0.076917
571.989000082016	114.103496	1922	0	0.093863	0.076917
574.0049998760223	114.103496	1922	0	0.093761	0.076917
575.9909999370575	114.103496	1922	0	0.103462	0.076917
577.9909999370575	114.103496	1904	0	0.101604	0.076917
580.0030000209808	4.89732	1904	0	0.09644	0.076917
582.0080001354218	64.82976	4	0	0.095765	0.076917
583.9950001239777	64.82976	1842	0	0.095405	0.076917
586.0039999485016	61.669312	1078	0	0.097197	0.076917
588.2439999580383	63.30976	1086	0	0.089991	0.076917
590.0039999485016	55.132992	1164	0	0.090874	0.076917
592.2409999370575	72.28264	1210	0	0.088989	0.076917
593.9950001239777	72.28264	1194	0	0.089969	0.076917
596.0080001354218	72.28264	4	0	0.090412	0.076917
598.0920000076294	59.910672	1212	0	0.090363	0.076917
599.9989998340607	68.1376	1234	0	0.094541	0.076917
602.2449998855591	81.23128	1330	0	0.090507	0.076917
604.2590000629425	81.23128	1330	0	0.09652	0.076917
606.2369999885559	81.531016	1368	0	0.092553	0.076917
608.25	81.531016	1368	0	0.092082	0.076917
610.2539999485016	81.531016	1282	0	0.091827	0.076917
612.2400000095367	81.531016	1282	0	0.090819	0.076917
614.2469997406006	81.531016	1282	0	0.091879	0.076917
616.2400000095367	81.531016	1282	0	0.090371	0.076917
618.2520000934601	81.531016	1348	0	0.091549	0.076917
620.2369999885559	81.531016	1318	0	0.091277	0.076917
622.1259999275208	81.531016	1320	0	0.099944	0.076917
624.2439999580383	81.531016	1322	0	0.093755	0.076917
626.2369999885559	81.531016	1322	0	0.092259	0.076917
628.2629997730255	81.531016	1322	0	0.096835	0.076917
630.2409999370575	81.531016	1344	0	0.094968	0.076917
632.2419998645782	81.531016	1344	0	0.092769	0.076917
634.2379999160767	81.531016	1362	0	0.089749	0.076917
636.2530000209808	81.531016	1352	0	0.08819	0.076917
638.25	69.368616	1466	0	0.095786	0.076917
640.2520000934601	88.269272	1592	0	0.090978	0.076917
642.2400000095367	100.100112	1610	0	0.093662	0.076917
644.2490000724792	100.100112	1610	0	0.092288	0.07731
646.1010000705719	100.100112	1610	0	0.092537	0.07731
648.2430000305176	100.100112	1610	0	0.095496	0.07731
650.2459998130798	100.100112	1564	0	0.093306	0.07731
652.2480001449585	100.100112	1660	0	0.097917	0.07731
654.2360000610352	100.100112	1616	0	0.09252	0.07731
656.2530000209808	100.100112	1616	0	0.094689	0.07731
658.2430000305176	100.100112	1616	0	0.096189	0.07731
660.2469997406006	100.100112	1616	0	0.092843	0.07731
662.2510001659393	100.100112	1616	0	0.092231	0.07731
664.25	100.100112	4	0	0.09089	0.07731
666.2510001659393	100.100112	1598	0	0.096943	0.07731
668.2439999580383	100.100112	1598	0	0.092833	0.07731
670.1109998226166	100.100112	1598	0	0.094718	0.07731
672.2379999160767	100.100112	1598	0	0.10427	0.07731
674.2510001659393	100.100112	1598	0	0.09462	0.07731
676.2459998130798	100.100112	1650	0	0.093179	0.07731
678.2430000305176	100.100112	1640	0	0.092742	0.07731
680.2449998855591	100.100112	1640	0	0.091621	0.07731
682.2449998855591	100.100112	1630	0	0.090583	0.07731
684.2419998645782	100.100112	1630	0	0.091363	0.07731
686.2480001449585	100.100112	1582	0	0.09214	0.07731
688.2409999370575	100.100112	1582	0	0.095174	0.07731
690.2419998645782	100.100112	1546	0	0.090918	0.07731
692.2379999160767	100.100112	1568	0	0.099121	0.07731
694.2510001659393	100.100112	1626	0	0.090163	0.07731
696.2469997406006	100.100112	1612	0	0.089752	0.07731
698.2430000305176	100.100112	1612	0	0.093821	0.07731
700.2469997406006	100.100112	1612	0	0.091409	0.07731
702.2439999580383	100.100112	1612	0	0.092309	0.07731
704.2430000305176	100.100112	1612	0	0.097669	0.07731
706.2350001335144	100.100112	4	0	0.095099	0.07731
708.2409999370575	100.100112	1582	0	0.094998	0.07731
710.25	100.100112	1558	0	0.091692	0.07731
712.2459998130798	100.100112	1558	0	0.109035	0.07731
714.2439999580383	100.100112	1562	0	0.097808	0.07731
716.2409999370575	100.100112	1562	0	0.092622	0.07731
718.2430000305176	100.100112	1566	0	0.093585	0.07731
720.2439999580383	100.100112	1566	0	0.092869	0.07731
722.2419998645782	100.100112	1590	0	0.092819	0.07731
724.2430000305176	100.100112	1645	0	0.091918	0.07731
726.2400000095367	100.100112	1666	0	0.091583	0.07731
728.2419998645782	100.100112	1624	0	0.095355	0.07731
730.2510001659393	100.100112	1630	0	0.096402	0.07731
732.2439999580383	100.100112	1630	0	0.092247	0.07731
734.2430000305176	100.100112	1550	0	0.097179	0.07731
736.2409999370575	100.100112	1646	0	0.093643	0.07731
738.2379999160767	100.100112	1646	0	0.091576	0.07731
740.2459998130798	100.100112	1646	0	0.092091	0.07731
742.2459998130798	100.100112	1646	0	0.092753	0.07731
744.2439999580383	100.100112	4	0	0.091174	0.07731
746.2409999370575	100.100112	1684	0	0.113672	0.07731
748.2400000095367	100.100112	1684	0	0.101169	0.07731
750.2379999160767	100.100112	1684	0	0.104103	0.07731
752.2439999580383	100.100112	1684	0	0.095231	0.07731
754.2449998855591	100.100112	1678	0	0.091635	0.07731
756.2560000419617	100.100112	1652	0	0.09407	0.07731
758.2400000095367	100.100112	1652	0	0.094798	0.07731
760.2379999160767	100.100112	1652	0	0.094578	0.07731
762.2389998435974	100.100112	1604	0	0.093893	0.07731
764.2480001449585	100.100112	4	0	0.085061	0.07731
766.180999994278	0.248104	12	0	0.105441	0.07731
768.2549998760223	2.212248	56	0	0.101557	0.07731
770.2360000610352	2.212248	56	0	0.095934	0.07731
772.2469997406006	2.054712	56	0	0.094377	0.077258
774.2379999160767	2.440632	52	0	0.089843	0.077258
776.2430000305176	3.07888	64	0	0.091201	0.077258
778.2350001335144	3.51012	70	0	0.090941	0.077258
780.2409999370575	3.51012	70	0	0.088412	0.077258
782.2430000305176	4.554736	82	0	0.090317	0.077258
784.2379999160767	11.793496	220	0	0.091417	0.076921
786.2389998435974	19.089752	356	0	0.107177	0.076233
788.2369999885559	23.862936	398	0	0.088771	0.076233
790.2350001335144	24.75836	456	0	0.090349	0.076233
792.2480001449585	38.017768	622	0	0.09201	0.076233
794.2400000095367	41.068912	866	0	0.087922	0.076233
796.2539999485016	39.739456	920	0	0.095339	0.076233
798.2419998645782	53.602352	914	0	0.090304	0.076233
800.2339999675751	57.375	932	0	0.091386	0.076233
802.2379999160767	57.375	978	0	0.095497	0.076233
804.2430000305176	51.91372	978	0	0.091962	0.076233
806.2579998970032	55.558984	972	0	0.097613	0.076233
808.2379999160767	47.070824	924	0	0.099085	0.076233
810.2369999885559	44.45624	928	0	0.095476	0.076233
812.2419998645782	43.227712	944	0	0.087404	0.076233
814.2379999160767	51.2524	1082	0	0.093911	0.076233
816.2430000305176	58.620912	1142	0	0.089526	0.076233
818.2379999160767	64.495168	1164	0	0.092091	0.076233
820.2330000400543	53.55792	1060	0	0.098272	0.076233
822.2320001125336	53.55792	1062	0	0.103955	0.076233
824.2339999675751	65.21968	1102	0	0.091711	0.076233
826.2430000305176	51.456096	1102	0	0.132281	0.076233
828.2490000724792	45.006856	1330	0	0.143803	0.076233
830.2520000934601	0.089392	1577	0	0.166921	0.076233
832.2530000209808	70.280888	1580	0	0.106651	0.076233
834.25	68.286384	1450	0	0.106635	0.076233
836.25	65.859376	1522	0	0.099448	0.076233
838.4949998855591	84.408456	1700	0	0.104894	0.076233
840.5	85.96924	1722	0	0.098563	0.076233
842.4910001754761	85.96924	1722	0	0.115394	0.076233
844.4789998531342	85.96924	1594	0	0.105034	0.076233
846.4839999675751	85.96924	1684	0	0.107482	0.076233
848.4930000305176	85.96924	1684	0	0.099091	0.076233
850.4869997501373	85.96924	1684	0	0.12923	0.076233
852.4869997501373	85.96924	1582	0	0.114211	0.076233
854.4910001754761	85.96924	1582	0	0.102737	0.076233
856.4979999065399	85.96924	1588	0	0.102106	0.076233
858.4920001029968	85.96924	1536	0	0.09232	0.076233
860.4969999790192	85.96924	1536	0	0.097677	0.076233
862.4939999580383	85.96924	1574	0	0.10132	0.076233
864.4880001544952	85.96924	1574	0	0.10121	0.076233
866.4969999790192	85.96924	1574	0	0.095879	0.076233
868.4920001029968	73.021048	1528	0	0.08926	0.076233
870.5019998550415	79.590384	1432	0	0.092582	0.076233
872.4900000095367	79.590384	1432	0	0.093173	0.076233
874.4979999065399	79.590384	1432	0	0.10041	0.076233
876.4939999580383	15.253872	1424	0	0.086853	0.076233
878.6510000228882	45.124776	4	0	0.08937	0.076233
880.4880001544952	45.124776	1494	0	0.09672	0.076233
882.481999874115	75.391296	1470	0	0.090042	0.076233
884.4880001544952	75.391296	1470	0	0.090974	0.076233
886.4930000305176	75.391296	1470	0	0.104156	0.076233
888.5009999275208	37.44932	1466	0	0.087437	0.076233
890.4900000095367	37.44932	1466	0	0.093004	0.076233
892.4900000095367	37.44932	1506	0	0.103001	0.076233
894.4979999065399	37.44932	1494	0	0.098968	0.076233
896.4969999790192	37.44932	1494	0	0.096157	0.076233
898.4849998950958	37.44932	1500	0	0.096022	0.076233
900.5019998550415	37.44932	1500	0	0.096061	0.076233
902.4960000514984	37.44932	1500	0	0.098153	0.076233
904.4910001754761	42.588464	4	0	0.091835	0.076233
906.4830000400543	42.588464	1470	0	0.091752	0.076233
908.4910001754761	42.588464	1470	0	0.097867	0.076233
910.4930000305176	42.588464	1458	0	0.089591	0.076233
912.4910001754761	42.588464	1494	0	0.092433	0.076233
914.481999874115	42.588464	1494	0	0.09707	0.076233
916.4969999790192	42.588464	1494	0	0.093409	0.076233
918.4839999675751	42.588464	1494	0	0.093608	0.076233
920.4910001754761	87.85804	1434	0	0.102637	0.076233
922.4949998855591	76.522408	1434	0	0.090429	0.076233
924.4880001544952	76.522408	4	0	0.089649	0.076233
926.4979999065399	76.522408	1448	0	0.097952	0.076233
928.5080001354218	76.522408	1448	0	0.09584	0.076233
930.5120000839233	76.522408	1448	0	0.102298	0.076233
932.4880001544952	76.522408	1448	0	0.094887	0.076233
934.4979999065399	76.522408	1384	0	0.096744	0.076233
936.5029997825623	76.522408	1384	0	0.094975	0.076233
938.4779999256134	76.522408	1384	0	0.095103	0.076233
940.4900000095367	76.522408	1372	0	0.098369	0.076233
942.4900000095367	76.522408	1372	0	0.096997	0.076233
944.4830000400543	76.522408	1402	0	0.096753	0.076233
946.4869997501373	76.522408	1408	0	0.103024	0.076233
948.4839999675751	76.522408	1450	0	0.101745	0.076233
950.4930000305176	88.245952	1468	0	0.094867	0.076233
952.4960000514984	83.873632	1640	0	0.089157	0.076233
954.4839999675751	80.683336	1644	0	0.092503	0.076233
956.4960000514984	98.581416	1710	0	0.087671	0.076233
958.566999912262	98.581416	1548	0	0.098106	0.076233
960.4969999790192	98.581416	1548	0	0.125083	0.076233
962.4849998950958	98.581416	1548	0	0.125963	0.076233
964.4930000305176	98.581416	1603	0	0.11061	0.076233
966.4859998226166	98.581416	1658	0	0.096706	0.076233
968.4839999675751	100.151704	1662	0	0.088309	0.076233
970.4930000305176	100.151704	1662	0	0.09586	0.076233
972.489000082016	100.151704	1662	0	0.095324	0.076233
974.4910001754761	100.151704	1662	0	0.091705	0.076233
976.4900000095367	84.914808	1662	0	0.100423	0.076233
978.4859998226166	92.561016	1678	0	0.088057	0.076233
980.4809999465942	92.561016	1676	0	0.089953	0.076233
982.4939999580383	92.561016	1676	0	0.093418	0.076233
984.4809999465942	92.561016	1628	0	0.099889	0.076233
986.4789998531342	92.561016	1628	0	0.092017	0.076233
988.4859998226166	92.561016	1628	0	0.108742	0.076233
990.489000082016	92.561016	4	0	0.097474	0.076233
992.4930000305176	90.995056	1642	0	0.088353	0.076233
994.4849998950958	90.995056	1642	0	0.093497	0.076233
996.489000082016	90.995056	1642	0	0.095417	0.076233
998.4779999256134	90.995056	1642	0	0.089777	0.076233
1000.4869997501373	90.995056	1642	0	0.09058	0.076233
1002.4910001754761	90.995056	1682	0	0.090131	0.076233
1004.5099999904633	58.552632	1614	0	0.127329	0.076233
1006.4930000305176	53.46872	1438	0	0.148342	0.076233
1008.5230000019073	71.026408	1448	0	0.09888	0.076233
1010.5	71.026408	1448	0	0.10516	0.076233
1012.9839999675751	68.926184	1374	0	0.112618	0.076233
1015.2469997406006	47.84848	1378	0	0.126841	0.076233
1016.9779999256134	87.817312	1706	0	0.111716	0.076233
1018.9809999465942	16.32488	1706	0	0.103945	0.076233
1020.9880001544952	16.32488	1706	0	0.105561	0.076233
1022.9849998950958	17.565344	1712	0	0.112001	0.076233
1024.9900000095367	21.962312	1712	0	0.092836	0.076233
1027.0430002212524	27.16452	1722	0	0.09097	0.076233
1028.9870002269745	32.141296	1364	0	0.103136	0.076233
1030.976000070572	34.852184	1480	0	0.099102	0.076233
1032.9849998950958	34.852184	1480	0	0.089138	0.076233
1034.9779999256134	34.852184	1480	0	0.095353	0.076233
1036.9950001239777	34.852184	1594	0	0.098361	0.076233
1038.9920001029968	34.852184	1532	0	0.10311	0.076233
1040.989000082016	89.175328	1496	0	0.08759	0.076233
1042.983999967575	84.45532	1584	0	0.090869	0.076233
1044.983999967575	97.22596	1612	0	0.092844	0.076233
1046.9790000915527	97.22596	1612	0	0.090621	0.076233
1049.0110001564026	97.22596	1618	0	0.096097	0.076233
1050.9829998016357	97.22596	1618	0	0.095347	0.076233
1052.9960000514984	97.22596	1618	0	0.090087	0.076233
1054.981999874115	97.22596	1562	0	0.091778	0.076233
1056.9800000190735	97.22596	1562	0	0.115195	0.076233
1058.9809999465942	97.22596	1562	0	0.092319	0.076233
1060.9930000305176	97.22596	1562	0	0.101633	0.076233
1062.981999874115	97.22596	1556	0	0.099586	0.076233
1064.9950001239777	97.22596	1666	0	0.094894	0.076233
1066.9859998226166	82.187872	1458	0	0.092511	0.076233
1068.9969999790192	91.016584	1818	0	0.107973	0.076233
1070.9920001029968	94.564144	1906	0	0.086897	0.076233
1072.9870002269745	94.564144	1906	0	0.090202	0.076233
1074.9930000305176	94.564144	1906	0	0.099198	0.076233
1076.981999874115	94.564144	1906	0	0.098522	0.076233
1078.9809999465942	94.564144	1761	0	0.098337	0.076233
1080.9800000190735	94.564144	1870	0	0.102232	0.076233
1082.9920001029968	94.564144	1870	0	0.098411	0.076233
1084.9849998950958	94.564144	1686	0	0.094719	0.076233
1086.981999874115	94.564144	1686	0	0.101987	0.077109
1088.9870002269745	94.564144	1686	0	0.099126	0.077109
1090.9960000514984	94.564144	1686	0	0.099493	0.077109
1092.9829998016357	94.564144	1610	0	0.098969	0.077109
1094.99799990654	94.564144	1766	0	0.099834	0.077109
1096.9909999370575	94.564144	1864	0	0.096438	0.077109
1098.9809999465942	94.564144	1850	0	0.098557	0.077109
1100.9909999370575	94.564144	1848	0	0.099342	0.077109
1102.9769999980927	94.564144	1848	0	0.0989	0.077109
1104.9930000305176	94.564144	1848	0	0.102494	0.077109
1106.9829998016357	94.564144	1808	0	0.101558	0.077109
1108.9920001029968	94.564144	1784	0	0.095862	0.077109
1110.9809999465942	94.564144	1702	0	0.09646	0.077109
1112.983999967575	94.564144	1702	0	0.09806	0.077109
1114.9930000305176	94.564144	1710	0	0.093794	0.077109
1116.9880001544952	94.564144	1710	0	0.097347	0.077109
1118.9909999370575	94.564144	1710	0	0.097857	0.077109
1120.9859998226166	94.564144	1710	0	0.098532	0.077109
1122.9790000915527	94.564144	1710	0	0.095079	0.077109
1125.2320001125336	94.564144	1710	0	0.095105	0.077109
1127.2409999370575	94.564144	1742	0	0.093386	0.077109
1128.9909999370575	94.564144	1742	0	0.094641	0.077109
1131.2409999370575	94.564144	1742	0	0.094162	0.077109
1132.9900000095367	94.564144	1742	0	0.095083	0.077109
1135.2309999465942	94.564144	1552	0	0.095157	0.077109
1137.2430000305176	94.564144	1632	0	0.092916	0.077109
1139.2290000915527	94.564144	1626	0	0.096733	0.077109
1141.2350001335144	94.564144	1676	0	0.096677	0.077109
1143.2320001125336	94.564144	1676	0	0.0954	0.077109
1145.2350001335144	94.564144	1658	0	0.095736	0.077109
1147.2320001125336	94.564144	1696	0	0.097135	0.077109
1149.2350001335144	94.564144	1696	0	0.097953	0.077109
1151.2309999465942	94.564144	1696	0	0.099154	0.077109
1153.2480001449585	94.564144	1696	0	0.097897	0.077109
1155.2400000095367	94.564144	1736	0	0.097169	0.077109
1157.2419998645782	94.564144	1614	0	0.094793	0.077109
1159.2259998321533	94.564144	1628	0	0.09619	0.077109
1161.244999885559	94.564144	1658	0	0.102911	0.077109
1163.2309999465942	94.564144	1598	0	0.093102	0.077109
1165.2259998321533	94.564144	1598	0	0.096125	0.077109
1167.25200009346	94.564144	1598	0	0.096076	0.077109
1169.2469997406006	94.564144	1598	0	0.094331	0.077109
1171.2330000400543	94.564144	1556	0	0.093402	0.077109
1173.2400000095367	94.564144	4	0	0.097553	0.077109
1175.233999967575	94.564144	1676	0	0.097303	0.077109
1177.2320001125336	94.564144	1704	0	0.092519	0.077109
1179.2469997406006	94.564144	1704	0	0.100119	0.077109
1181.2249999046326	94.564144	1710	0	0.099081	0.077109
1183.2350001335144	94.564144	1710	0	0.101559	0.077109
1185.25200009346	94.564144	1710	0	0.102587	0.077109
1187.2699999809265	94.564144	4	0	0.105989	0.077109
1189.2320001125336	94.564144	1698	0	0.093818	0.077109
1191.2320001125336	94.564144	1798	0	0.100022	0.077109
1193.2350001335144	94.564144	1798	0	0.098553	0.077109
1195.2330000400543	94.564144	1798	0	0.097603	0.077109
1197.236999988556	94.564144	1798	0	0.098631	0.077109
1199.2269999980927	94.564144	1853	0	0.102005	0.077109
1201.2389998435974	94.564144	1846	0	0.09981	0.077109
1203.244999885559	94.564144	1832	0	0.097946	0.077109
1205.2360000610352	94.564144	1632	0	0.105649	0.077109
1207.2259998321533	94.564144	1614	0	0.096078	0.077109
1209.2360000610352	94.564144	1622	0	0.093571	0.077109
1211.228000164032	94.564144	1630	0	0.100059	0.077109
1213.2229998111725	94.564144	1706	0	0.096607	0.077109
1215.2309999465942	94.564144	1706	0	0.100569	0.077109
1217.2249999046326	94.564144	4	0	0.101841	0.077109
1219.2300000190735	94.564144	1770	0	0.098125	0.077109
1221.2360000610352	75.833784	1682	0	0.11467	0.077109
1223.2389998435974	88.053024	1766	0	0.103244	0.077109
1225.244999885559	101.522568	1814	0	0.088394	0.077109
1227.2269999980927	104.414536	1842	0	0.093018	0.077109
1229.3179998397827	93.750512	1880	0	0.102938	0.077109
1231.2330000400543	74.101992	1880	0	0.103305	0.077109
1233.3109998703003	3.046536	1746	0	0.099178	0.077109
1235.2320001125336	66.741016	1968	0	0.147952	0.077109
1237.2300000190735	2.713896	1984	0	0.094165	0.077109
1239.2649998664856	100.50844	1980	0	0.09413	0.077109
1241.233999967575	65.057416	2016	0	0.117208	0.077109
1243.2480001449585	110.63264	2180	0	0.090659	0.077109
1245.2419998645782	130.105336	2420	0	0.091839	0.077109
1247.2459998130798	0.091752	2136	0	0.097158	0.077109
1249.228000164032	157.455752	2612	0	0.08965	0.077109
1251.2350001335144	69.572648	2872	0	0.097527	0.077109
1253.2229998111725	162.907128	3012	0	0.111534	0.077109
1255.2309999465942	166.054648	3038	0	0.094943	0.077198
1257.2400000095367	2.420192	3093	0	0.120266	0.077198
1259.2389998435974	180.939392	3256	0	0.093492	0.077198
1261.2290000915527	0.085184	3228	0	0.094751	0.077198
1263.1840000152588	0.093496	3240	0	0.135632	0.077198
1265.233999967575	162.531592	3382	0	0.116035	0.077198
1267.228000164032	0.122512	3112	0	0.133417	0.077198
1269.2439999580383	53.594088	2760	0	0.105276	0.077198
1271.233999967575	0.111256	2760	0	0.106541	0.077198
1273.2290000915527	111.160624	2076	0	0.095029	0.077198
1275.2259998321533	80.422696	2090	0	0.103357	0.077198
1277.236999988556	59.208488	2080	0	0.087598	0.077198
1279.2480001449585	59.208488	2080	0	0.09518	0.077198
1281.2219998836517	3.202008	1892	0	0.197733	0.077198
1283.236999988556	100.476832	1716	0	0.09034	0.077198
1285.1870000362396	0.104504	1780	0	0.094431	0.077198
1287.2229998111725	43.16152	1780	0	0.105701	0.077198
1289.2419998645782	43.16152	1780	0	0.10017	0.077198
1291.2290000915527	43.16152	1780	0	0.097505	0.077198
1293.2229998111725	50.514944	4	0	0.089333	0.077198
1295.2219998836517	52.786344	1822	0	0.092554	0.077198
1297.228000164032	52.786344	1842	0	0.100369	0.077198
1299.2379999160767	52.786344	1848	0	0.104823	0.077198
1301.2419998645782	54.509416	1848	0	0.097369	0.077198
1303.2569999694824	54.509416	1848	0	0.092632	0.077198
1305.2379999160767	109.29828	1840	0	0.090383	0.077198
1307.2510001659393	109.29828	1798	0	0.099758	0.077198
1309.2330000400543	109.29828	1798	0	0.090903	0.077198
1311.2249999046326	109.29828	1786	0	0.090345	0.077198
1313.2480001449585	103.313912	2013	0	0.088719	0.077198
1315.2259998321533	103.313912	2020	0	0.09672	0.077198
1317.2419998645782	94.271016	2022	0	0.096425	0.077198
1319.2320001125336	2.880008	2326	0	0.096197	0.077198
1321.2269999980927	139.45464	2414	0	0.085799	0.077198
1323.233999967575	110.566504	2428	0	0.100724	0.077198
1325.228000164032	142.4316	2428	0	0.09578	0.077198
1327.2249999046326	164.67616	4	0	0.094243	0.077198
1329.2350001335144	0.120528	2798	0	0.093741	0.077198
1331.2389998435974	157.987608	2828	0	0.109149	0.077198
1333.233999967575	0.121968	2898	0	0.127717	0.077198
1335.2389998435974	111.31396	2898	0	0.106073	0.077198
1337.2469997406006	103.313664	2806	0	0.107983	0.077198
1339.233999967575	0.11504	2626	0	0.108315	0.077198
1341.2389998435974	95.818744	2504	0	0.09532	0.077198
1343.4830000400543	0.120992	2478	0	0.09727	0.07759
1345.4789998531342	148.735784	2478	0	0.103129	0.07759
1347.4210000038147	3.266056	2422	0	0.101729	0.07759
1349.4830000400543	67.837688	2422	0	0.108523	0.07759
1351.5120000839233	70.580392	2326	0	0.101234	0.07759
1353.4859998226166	3.851744	1884	0	0.104893	0.07759
1355.2569999694824	45.411344	1884	0	0.112546	0.07759
1357.4720001220703	86.169896	1592	0	0.10694	0.07759
1359.4960000514984	86.169896	1546	0	0.089437	0.07759
1361.4859998226166	77.327528	1528	0	0.101363	0.07759
1363.4900000095367	81.47776	1558	0	0.093529	0.07679
1365.4869997501373	92.056992	1570	0	0.089689	0.07679
1367.4869997501373	72.54468	1654	0	0.099965	0.07679
1369.476000070572	97.334432	1736	0	0.093683	0.07679
1371.3499999046326	99.1632	1736	0	0.096766	0.07679
1373.603000164032	99.1632	1736	0	0.097622	0.07679
1375.4720001220703	99.1632	1884	0	0.12112	0.07679
1377.4750001430511	100.7382	1860	0	0.114133	0.07679
1379.4800000190735	99.422456	1792	0	0.087377	0.07679
1381.529000043869	84.993288	1770	0	0.094453	0.07679
1383.4859998226166	109.458808	1944	0	0.088733	0.07679
1385.4880001544952	87.711584	1944	0	0.091219	0.07679
1387.4869997501373	0.118376	2116	0	0.094819	0.07679
1389.4789998531342	83.093648	2346	0	0.141333	0.07679
1391.4789998531342	94.559552	2024	0	0.098937	0.07679
1393.4739999771118	1.397488	2299	0	0.095282	0.07679
1395.4370000362396	3.08968	2314	0	0.102346	0.07679
1397.4830000400543	98.41632	2486	0	0.091002	0.07679
1399.5189998149872	100.388808	2516	0	0.105401	0.07679
1401.4859998226166	0.63088	2528	0	0.094984	0.07679
1403.4900000095367	66.12216	2528	0	0.1033	0.07679
1405.4750001430511	0.105544	2360	0	0.091883	0.07679
1407.4830000400543	117.442064	2360	0	0.094233	0.07679
1409.483999967575	80.636208	2420	0	0.116161	0.07679
1411.4750001430511	102.185888	2420	0	0.096628	0.07679
1413.4880001544952	93.42572	2058	0	0.102215	0.07679
1415.4920001029968	55.001328	1992	0	0.095083	0.07679
1417.481999874115	116.65708	2116	0	0.088928	0.07679
1419.412999868393	2.6778	2078	0	0.094403	0.07679
1421.4869997501373	75.2088	2078	0	0.112699	0.07679
1423.4809999465942	77.33556	1994	0	0.108871	0.07679
1425.4739999771118	125.061984	2155	0	0.090754	0.07679
1427.4869997501373	127.528176	2206	0	0.090351	0.07679
1429.4750001430511	95.079712	2394	0	0.105511	0.07679
1431.4900000095367	126.198008	2570	0	0.118695	0.07679
1433.4849998950958	109.824928	2894	0	0.103676	0.07679
1435.4859998226166	85.923592	2894	0	0.106148	0.07679
1437.4739999771118	97.623392	2894	0	0.113447	0.07679
1439.4679999351501	4.294704	2508	0	0.169526	0.07679
1441.361999988556	38.666568	1570	0	0.229849	0.07679
1443.3429999351501	6.390192	1580	0	0.097377	0.07679
1445.4720001220703	30.382424	1580	0	0.165234	0.07679
1447.473000049591	93.145096	1546	0	0.088873	0.07679
1449.4869997501373	93.145096	1608	0	0.095539	0.07679
1451.470999956131	100.463	1756	0	0.094436	0.07679
1453.4800000190735	86.96332	1794	0	0.093673	0.07679
1455.476000070572	88.82456	1780	0	0.091665	0.07679
1457.4809999465942	96.694416	1760	0	0.095845	0.07679
1459.4750001430511	96.809	1761	0	0.093421	0.07679
1461.4769999980927	98.211064	1764	0	0.088614	0.07679
1463.5230000019073	58.990872	1758	0	0.13546	0.07679
1465.489000082016	1.515952	1596	0	0.096757	0.07679
1467.4859998226166	52.556984	1634	0	0.093733	0.07679
1469.468999862671	52.556984	1634	0	0.091681	0.07679
1471.473000049591	52.556984	1628	0	0.087307	0.07679
1473.4750001430511	52.556984	1584	0	0.087955	0.07679
1475.489000082016	52.556984	1584	0	0.09118	0.07679
1477.4849998950958	101.701024	1700	0	0.090499	0.07679
1479.4859998226166	101.701024	1700	0	0.100841	0.07679
1481.4849998950958	101.701024	1704	0	0.098777	0.07679
1483.4769999980927	101.701024	1805	0	0.108507	0.07679
1485.4700000286102	101.701024	1732	0	0.09064	0.07679
1487.468999862671	102.86504	1770	0	0.098486	0.07679
1489.4750001430511	102.86504	1764	0	0.089605	0.07679
1491.4670000076294	96.661296	1718	0	0.106457	0.07679
1493.468999862671	100.73448	1750	0	0.092177	0.07679
1495.4720001220703	100.73448	1734	0	0.09259	0.07679
1497.481999874115	106.172488	1788	0	0.09136	0.07679
1499.468999862671	106.172488	1788	0	0.099364	0.07679
1501.5120000839233	106.172488	1788	0	0.092274	0.07679
1503.4920001029968	106.172488	1666	0	0.095462	0.07679
1505.4880001544952	106.172488	4	0	0.121729	0.07679
1507.4809999465942	106.172488	1812	0	0.096872	0.07679
1509.46599984169	106.172488	1812	0	0.100252	0.07679
1511.4859998226166	106.172488	1812	0	0.096087	0.07679
1513.481999874115	106.172488	1782	0	0.092257	0.07679
1515.481999874115	104.779832	1750	0	0.100018	0.07679
1517.4859998226166	104.779832	1750	0	0.107771	0.07679
1519.4720001220703	76.052776	1848	0	0.089385	0.07679
1521.5179998874664	88.057432	2378	0	0.198654	0.07679
1523.4750001430511	70.144624	2378	0	0.14894	0.07679
1525.4789998531342	55.659208	2417	0	0.119661	0.07679
1527.4670000076294	121.444264	2532	0	0.088228	0.07679
1529.476000070572	19.033488	1934	0	0.098169	0.07679
1531.4869997501373	35.696744	1934	0	0.100809	0.07679
1533.4779999256134	41.658872	1810	0	0.107618	0.07679
1535.473000049591	1.322664	666	0	0.098872	0.07679
1537.6510000228882	15.5388	666	0	0.093854	0.07679
1539.4360001087189	4.5826	672	0	0.092891	0.07679
1541.483999967575	20.1416	734	0	0.10231	0.07679
1543.4720001220703	30.409944	796	0	0.091283	0.07668
1545.473000049591	38.52876	816	0	0.097922	0.07668
1547.481999874115	52.712312	896	0	0.08943	0.07668
1549.4679999351501	43.753632	868	0	0.093451	0.07668
1551.4700000286102	46.834584	868	0	0.091877	0.07668
1553.481999874115	46.834584	4	0	0.109974	0.07668
1555.4649999141693	42.704688	1002	0	0.105229	0.07668
1557.4809999465942	42.704688	1008	0	0.095539	0.07668
1559.476000070572	42.704688	1008	0	0.104076	0.07668
1561.4769999980927	42.704688	1008	0	0.090193	0.07668
1563.46599984169	42.704688	1006	0	0.090792	0.07668
1565.4679999351501	52.960192	996	0	0.089475	0.07668
1567.481999874115	52.960192	990	0	0.088589	0.07668
1569.4649999141693	52.960192	896	0	0.091721	0.07668
1571.4619998931885	52.960192	896	0	0.089806	0.07668
1573.5579998493195	52.617584	830	0	0.097667	0.07668
1575.4670000076294	37.621336	888	0	0.118677	0.07668
1577.507000207901	52.364232	4	0	0.097486	0.07668
1579.510999917984	40.771944	954	0	0.106236	0.07668
1581.476000070572	40.771944	954	0	0.109423	0.07668
1583.4930000305176	40.771944	878	0	0.101642	0.07668
1585.5029997825623	40.771944	878	0	0.110853	0.07668
1587.7249999046326	40.771944	846	0	0.08834	0.07668
1589.728000164032	52.097656	920	0	0.087823	0.07668
1591.7249999046326	53.038776	936	0	0.088408	0.07668
1593.7300000190735	56.31108	934	0	0.09073	0.07668
1595.7310001850128	56.31108	942	0	0.089764	0.07668
1597.7239999771118	56.31108	942	0	0.089547	0.07668
1599.7819998264313	56.31108	942	0	0.09271	0.07668
1601.7170000076294	48.55984	942	0	0.095621	0.07668
1603.712000131607	48.55984	4	0	0.098152	0.07668
1605.7170000076294	53.570784	904	0	0.087774	0.07668
1607.7109999656677	53.570784	910	0	0.091044	0.07668
1609.715000152588	53.570784	910	0	0.089185	0.07668
1611.7200000286102	53.570784	898	0	0.089756	0.07668
1613.7160000801086	53.570784	898	0	0.09091	0.07668
1615.7300000190735	53.570784	898	0	0.092281	0.07668
1617.7409999370575	53.570784	884	0	0.09287	0.07668
1619.7259998321533	53.570784	884	0	0.094636	0.07668
1621.715000152588	53.570784	878	0	0.092555	0.07668
1623.718999862671	53.570784	878	0	0.090308	0.07668
1625.7320001125336	53.570784	878	0	0.114086	0.07668
1627.7259998321533	56.8662	942	0	0.092537	0.07668
1629.718999862671	56.8662	938	0	0.089697	0.07668
1631.723000049591	43.040968	954	0	0.092972	0.07668
1633.7419998645782	39.111512	892	0	0.093061	0.076555
1635.7310001850128	58.32052	944	0	0.089779	0.076459
1637.718999862671	58.2574	966	0	0.090278	0.076459
1639.7160000801086	58.2574	966	0	0.102136	0.076459
1641.728000164032	44.005432	952	0	0.101023	0.076459
1643.7219998836517	56.513832	970	0	0.089368	0.076459
1645.718999862671	56.513832	1024	0	0.089185	0.076459
1647.7360000610352	56.513832	1024	0	0.090448	0.076459
1649.718999862671	56.513832	992	0	0.090502	0.076459
1651.7249999046326	56.513832	992	0	0.093115	0.076459
1653.7249999046326	56.513832	992	0	0.093175	0.076459
1655.7409999370575	56.513832	974	0	0.099006	0.076459
1657.7300000190735	56.513832	974	0	0.104913	0.076459
1659.7300000190735	56.513832	974	0	0.092581	0.076459
1661.7170000076294	56.513832	932	0	0.102022	0.076459
1663.7300000190735	56.513832	996	0	0.125772	0.076459
1665.7419998645782	56.513832	966	0	0.099123	0.076459
1667.7219998836517	61.42608	975	0	0.089365	0.076459
1669.7200000286102	59.542928	1018	0	0.090969	0.076459
1671.7320001125336	59.542928	1016	0	0.090856	0.076459
1673.7419998645782	47.756784	1020	0	0.093234	0.076459
1675.7160000801086	47.756784	1070	0	0.091971	0.076459
1677.7160000801086	47.756784	1070	0	0.089909	0.076459
1679.7219998836517	47.756784	1072	0	0.09074	0.076459
1681.7239999771118	55.651552	1104	0	0.10032	0.076459
1683.7219998836517	44.01976	1194	0	0.174566	0.076459
1685.7139999866486	48.120432	1208	0	0.117618	0.076459
1687.7239999771118	64.498448	1158	0	0.089227	0.076459
1689.726999759674	64.766944	1284	0	0.099047	0.076459
1691.7160000801086	60.205144	1304	0	0.09258	0.076459
1693.768000125885	60.205144	1304	0	0.093632	0.076459
1695.7239999771118	60.205144	1304	0	0.093423	0.076459
1697.728000164032	68.200664	1430	0	0.099048	0.076459
1699.7290000915527	85.411504	1616	0	0.091443	0.076459
1701.7330000400543	82.836872	1680	0	0.089478	0.076459
1703.733999967575	89.101112	1766	0	0.090225	0.076459
1705.7330000400543	90.243632	1748	0	0.091163	0.076459
1707.723000049591	86.6652	1792	0	0.089692	0.076459
1709.733999967575	109.593224	1850	0	0.100266	0.076459
1711.7939999103546	109.220072	1870	0	0.087766	0.076459
1713.7200000286102	113.81004	2292	0	0.110146	0.076459
1715.7179999351501	63.480704	2292	0	0.10307	0.076459
1717.9880001544952	0.116848	2300	0	0.111929	0.076459
1719.726999759674	83.843632	2604	0	0.117386	0.076459
1721.733999967575	53.503792	2298	0	0.10262	0.076459
1723.712000131607	50.337344	2298	0	0.102446	0.076459
1725.7200000286102	79.312056	1472	0	0.093726	0.076459
1727.728000164032	71.962552	1498	0	0.092024	0.076459
1729.720999956131	94.328632	1956	0	0.112519	0.076459
1731.718999862671	89.818024	2010	0	0.097617	0.076459
