0.0	1.228496	32	2	0.06537	0.018526
0.6210000514984131	12.678936	54	5	0.030438	0.018149
0.6909999847412109	12.401296	54	0	0.036719	0.018149
0.7589998245239258	14.707952	54	0	0.035521	0.018149
0.8880000114440918	11.276144	54	0	0.041808	0.018149
0.9850001335144043	13.841752	54	28	0.033772	0.018149
1.1389999389648438	15.436328	60	0	0.030543	0.018149
1.497999906539917	19.02528	78	0	0.031612	0.018149
2.130999803543091	15.661944	108	0	0.042955	0.018149
3.884999990463257	1.480536	72	0	0.061194	0.017978
5.884999990463257	17.212376	76	0	0.032175	0.017978
7.884999990463257	3.84216	66	0	0.054303	0.017978
9.885999917984009	6.178688	46	0	0.027113	0.017978
11.884999990463257	18.473832	80	0	0.033753	0.017978
13.882999897003174	13.404976	4	0	0.037001	0.017978
15.888000011444092	15.045256	76	0	0.033019	0.017978
17.883999824523926	10.993104	116	0	0.034609	0.017978
19.88599991798401	17.417808	128	0	0.062695	0.017978
21.883999824523926	11.475792	128	0	0.112603	0.017978
23.884999990463257	1.345408	128	0	0.028624	0.017978
25.88699984550476	7.157856	56	0	0.103821	0.017978
27.882999897003174	29.772896	108	0	0.028109	0.017978
29.884999990463257	21.6808	196	0	0.02927	0.017978
31.882999897003174	16.187056	196	0	0.090291	0.017978
33.882999897003174	17.145784	102	0	0.051845	0.017978
35.88499999046326	2.911856	70	0	0.071469	0.017978
37.882999897003174	12.567672	86	0	0.036261	0.017978
39.883999824523926	26.008096	98	0	0.02925	0.017978
41.883999824523926	29.972584	132	0	0.0477	0.017978
43.883999824523926	12.630352	107	0	0.051216	0.017978
45.883999824523926	22.68072	110	0	0.037057	0.017978
47.883999824523926	24.396168	130	0	0.043982	0.017978
49.883999824523926	31.98464	142	0	0.033988	0.017978
51.88499999046326	31.02392	140	0	0.036006	0.017978
53.88599991798401	15.450104	184	0	0.072293	0.017978
55.889999866485596	19.85232	102	0	0.035442	0.017978
57.88499999046326	26.714816	116	0	0.038725	0.017978
59.88800001144409	30.313528	136	0	0.03351	0.017978
61.888999938964844	10.348544	138	0	0.051161	0.017978
63.88599991798401	12.91368	124	0	0.046299	0.017978
65.88499999046326	9.339472	120	0	0.04615	0.017978
67.88599991798401	30.152664	132	0	0.036688	0.017978
70.1399998664856	5.340776	120	0	0.041689	0.017978
72.13600015640259	12.240616	132	0	0.03935	0.017978
74.13899993896484	21.525576	162	0	0.053435	0.017978
76.13300013542175	28.766152	160	0	0.038638	0.017978
78.1399998664856	16.709584	160	0	0.07526	0.017978
80.1340000629425	18.943096	134	0	0.039209	0.017978
82.1399998664856	18.038712	134	0	0.074595	0.017978
84.13499999046326	10.440184	102	0	0.05869	0.017978
86.13499999046326	18.932992	102	0	0.040653	0.017978
88.13899993896484	14.182888	102	0	0.034196	0.017978
90.14599990844727	26.627904	112	0	0.040806	0.017978
91.9469997882843	12.818688	114	0	0.040818	0.017978
94.13499999046326	12.617992	102	0	0.057858	0.017978
96.1340000629425	25.750224	124	0	0.032084	0.017978
98.1340000629425	21.197304	138	0	0.044258	0.017978
100.13499999046326	8.195616	114	0	0.04647	0.017978
102.13600015640259	11.24868	118	0	0.045463	0.017978
104.13499999046326	7.980704	96	0	0.056612	0.017978
106.13499999046326	21.707232	98	0	0.047164	0.017978
108.13499999046326	27.112912	100	0	0.031928	0.017978
110.1399998664856	20.025712	94	0	0.037584	0.017978
112.13700008392334	15.510328	90	0	0.037166	0.017978
114.13499999046326	25.930344	98	0	0.033783	0.017978
115.93600010871887	14.709984	100	0	0.040588	0.017978
118.13800001144409	22.200352	112	0	0.03039	0.017978
120.1340000629425	8.709464	84	0	0.075811	0.017978
122.13899993896484	9.077232	84	0	0.039382	0.017978
124.13700008392334	23.294224	88	0	0.036799	0.017978
126.13899993896484	12.43852	92	0	0.051753	0.017978
128.13899993896484	31.99388	146	0	0.034605	0.017978
130.1360001564026	6.553936	146	0	0.066209	0.017978
132.15499997138977	19.985376	120	0	0.075183	0.017978
134.1449999809265	11.173976	82	0	0.045151	0.017978
136.14199995994568	12.547296	96	0	0.038388	0.017978
138.13700008392334	6.892992	122	0	0.036079	0.017978
140.14299988746643	11.961648	120	0	0.055066	0.017978
142.13499999046326	9.866192	128	0	0.051781	0.017978
144.1360001564026	21.35796	106	0	0.069444	0.017978
146.14100003242493	15.57444	80	0	0.04484	0.017978
148.14100003242493	14.20328	86	0	0.055645	0.017978
150.13700008392334	23.829392	98	0	0.034478	0.017978
152.1340000629425	28.622504	114	0	0.028721	0.017978
154.13700008392334	23.390584	118	0	0.036362	0.017978
156.13700008392334	30.233168	126	0	0.039603	0.017978
158.13700008392334	25.753656	120	0	0.057828	0.017978
160.13899993896484	21.210944	118	0	0.045141	0.017978
162.1380000114441	31.861224	110	0	0.029619	0.017978
164.15200018882751	29.252584	130	0	0.031591	0.017978
166.14100003242493	25.61476	146	0	0.033528	0.017978
168.14100003242493	19.182208	144	0	0.106263	0.017978
170.1380000114441	17.241336	112	0	0.058936	0.017978
172.13700008392334	5.532104	114	0	0.064516	0.017978
174.13899993896484	12.961072	112	0	0.052181	0.017978
176.13899993896484	23.93944	4	0	0.028736	0.017978
178.15499997138977	6.074888	106	0	0.060829	0.017978
180.1399998664856	13.912648	92	0	0.061396	0.017978
182.1380000114441	15.577552	116	0	0.037312	0.017978
184.1509997844696	15.0666	116	0	0.048159	0.017978
186.15200018882751	18.468928	118	0	0.059108	0.017978
188.14599990844727	35.28088	132	0	0.033906	0.017978
190.13700008392334	46.836752	170	0	0.033587	0.017978
192.1380000114441	39.399048	180	0	0.039316	0.017978
194.1360001564026	8.481528	182	0	0.123486	0.017978
196.13899993896484	26.660144	100	0	0.032625	0.017978
198.1380000114441	15.451408	110	0	0.03938	0.017978
200.14100003242493	25.941528	112	0	0.036949	0.017978
202.14199995994568	18.603384	112	0	0.040915	0.017978
204.14299988746643	11.223824	94	0	0.046193	0.017978
206.1380000114441	22.84196	124	0	0.02991	0.017978
208.14100003242493	73.570424	260	0	0.031451	0.017978
210.14100003242493	16.291368	260	0	0.18276	0.017978
212.14299988746643	28.462256	146	0	0.137302	0.017978
214.14299988746643	8.430352	158	0	0.04641	0.017978
216.1399998664856	23.842496	4	0	0.049332	0.017978
218.1399998664856	17.58236	116	0	0.037912	0.017978
220.13899993896484	39.514568	190	0	0.038302	0.017978
222.13899993896484	11.306264	102	0	0.055024	0.017978
224.1380000114441	12.468832	124	0	0.031454	0.017978
226.1360001564026	28.640552	152	0	0.034989	0.017978
228.1360001564026	12.66124	154	0	0.080844	0.017978
230.14199995994568	12.72756	154	0	0.102032	0.017978
232.14400005340576	16.881096	112	0	0.045623	0.017978
234.1380000114441	12.330296	98	0	0.071511	0.017978
236.13700008392334	13.588264	142	0	0.033309	0.017978
238.1380000114441	19.145368	142	0	0.068852	0.017978
240.1360001564026	32.476072	122	0	0.043334	0.017978
242.1399998664856	9.994624	122	0	0.071523	0.017978
244.14100003242493	16.598592	108	0	0.039005	0.017978
246.1399998664856	19.455696	86	0	0.053206	0.017978
248.1380000114441	20.954752	110	0	0.0352	0.017978
250.13700008392334	15.6186	110	0	0.062499	0.017978
252.13700008392334	25.819704	110	0	0.046854	0.017978
254.13700008392334	26.200848	102	0	0.042048	0.017978
256.13700008392334	26.457624	102	0	0.043543	0.017978
258.1410000324249	13.415	102	0	0.045399	0.017978
260.1399998664856	20.159832	120	0	0.047756	0.017978
262.14400005340576	14.321608	100	0	0.060628	0.017978
264.1380000114441	16.20656	118	0	0.063329	0.017978
266.1380000114441	16.707456	118	0	0.076784	0.017978
268.14400005340576	19.284528	88	0	0.047796	0.017978
270.1360001564026	15.950616	70	0	0.056146	0.017978
272.1410000324249	19.669704	82	0	0.041162	0.017978
274.13700008392334	10.930584	82	0	0.045036	0.017978
276.1399998664856	21.595016	106	0	0.03533	0.017978
278.13899993896484	27.116104	118	0	0.035362	0.017978
280.154000043869	23.520256	118	0	0.05813	0.017978
282.1380000114441	12.20088	90	0	0.047602	0.017978
284.13700008392334	19.947112	94	0	0.046475	0.017978
286.1410000324249	23.847792	94	0	0.045864	0.017978
288.14299988746643	15.46824	90	0	0.050298	0.017978
290.14299988746643	16.505688	86	0	0.044236	0.017978
292.1410000324249	23.121328	100	0	0.035456	0.017978
294.13899993896484	16.158168	98	0	0.050184	0.017978
296.13899993896484	16.742744	80	0	0.03894	0.017978
298.1380000114441	7.88176	86	0	0.062404	0.017978
300.13899993896484	5.870976	86	0	0.045152	0.017978
302.14400005340576	7.61808	86	0	0.072464	0.017978
304.14400005340576	15.291216	70	0	0.040347	0.018077
306.1419999599457	6.22012	72	0	0.047084	0.018077
308.1410000324249	23.67776	84	0	0.043472	0.018077
310.1449999809265	19.862008	90	0	0.043319	0.018077
312.1380000114441	8.497976	86	0	0.057226	0.018077
314.14599990844727	12.106576	110	0	0.043307	0.018077
316.1399998664856	20.38252	110	0	0.039809	0.018077
318.1419999599457	16.903952	110	0	0.049156	0.018077
320.14400005340576	18.551832	84	0	0.033343	0.018077
322.19799995422363	12.291672	96	0	0.035671	0.018077
324.41099977493286	33.614808	140	0	0.029734	0.018077
326.39099979400635	37.75668	194	0	0.035422	0.018077
328.39099979400635	8.930912	132	0	0.062578	0.018077
330.39200019836426	37.39384	128	0	0.033401	0.018077
332.39200019836426	15.119736	128	0	0.071607	0.018077
334.39400005340576	14.805048	128	0	0.062782	0.018077
336.39400005340576	18.6828	228	0	0.090838	0.018077
338.39400005340576	9.052616	114	0	0.081945	0.018077
340.39400005340576	21.421944	106	0	0.049569	0.018077
342.3899998664856	20.971592	106	0	0.048275	0.018077
344.393000125885	7.838992	66	0	0.111986	0.018077
346.20800018310547	16.989352	74	0	0.036096	0.018077
348.4099998474121	3.951696	78	0	0.060097	0.018077
350.39099979400635	13.523208	60	0	0.051121	0.018077
352.39599990844727	25.377024	88	0	0.0378	0.018077
354.3949999809265	28.582472	122	0	0.035632	0.018077
356.39800000190735	15.122296	122	0	0.057358	0.018077
358.39400005340576	14.103768	64	0	0.03811	0.018077
360.39599990844727	11.590256	54	0	0.033608	0.018077
362.39400005340576	8.840544	90	0	0.032931	0.018077
364.3970000743866	15.945392	90	0	0.058146	0.018077
366.39800000190735	10.733096	62	0	0.042607	0.018077
368.3899998664856	11.171568	68	0	0.044091	0.018077
370.22199988365173	17.557616	74	0	0.039254	0.018077
372.4010000228882	15.544088	74	0	0.038958	0.018077
374.39200019836426	21.241264	88	0	0.04653	0.018077
376.40399980545044	17.066776	88	0	0.052584	0.018077
378.39400005340576	9.689168	76	0	0.046323	0.018077
380.39200019836426	20.302176	110	0	0.045644	0.018077
382.39200019836426	0.830488	72	0	0.048566	0.018077
384.39800000190735	12.367744	82	0	0.06104	0.018077
386.39400005340576	22.8194	82	0	0.044481	0.018077
388.3949999809265	26.411376	122	0	0.03779	0.018077
390.393000125885	27.5654	96	0	0.04005	0.018077
392.3970000743866	16.059936	88	0	0.041503	0.018077
394.44900012016296	38.171336	146	0	0.030191	0.017602
396.3989999294281	17.659216	142	0	0.090364	0.017602
398.39099979400635	14.00896	142	0	0.116106	0.017602
400.4099998474121	13.568992	64	0	0.042293	0.017602
402.39599990844727	3.290568	68	0	0.042759	0.017602
404.39200019836426	13.07796	62	0	0.0343	0.017602
406.39599990844727	18.634848	70	0	0.031996	0.017602
408.4379999637604	10.527416	80	0	0.039159	0.017602
410.39800000190735	11.154872	80	0	0.041628	0.017602
412.4079999923706	22.98864	126	0	0.038741	0.017602
414.42599987983704	12.075088	110	0	0.055459	0.017602
416.39800000190735	16.162448	152	0	0.054933	0.017602
418.39099979400635	13.53216	126	0	0.055897	0.017602
420.46299982070923	3.646496	114	0	0.105486	0.017602
422.4170000553131	21.160984	74	0	0.043387	0.017602
424.4170000553131	7.447664	74	0	0.084007	0.017602
426.3970000743866	11.263536	120	0	0.038658	0.017602
428.4029998779297	28.435568	174	0	0.030621	0.017602
430.39599990844727	46.444192	190	0	0.03536	0.017602
432.4029998779297	22.276728	190	0	0.116058	0.017602
434.393000125885	11.508688	154	0	0.138071	0.017602
436.39200019836426	0.332776	62	0	0.048407	0.017602
438.393000125885	15.364624	84	0	0.042341	0.017602
440.4359998703003	9.67688	112	0	0.039935	0.017602
442.4599997997284	14.143728	114	0	0.056028	0.017602
444.4099998474121	15.9496	72	0	0.044325	0.017602
446.393000125885	14.383264	68	0	0.040664	0.017223
448.40000009536743	8.372176	70	0	0.045195	0.017223
450.40199995040894	1.332816	76	0	0.050039	0.017223
452.4140000343323	12.127616	62	0	0.051424	0.017223
454.41600012779236	11.162072	82	0	0.031924	0.017223
456.40000009536743	14.734656	72	0	0.052009	0.017223
458.43499994277954	5.393784	80	0	0.045601	0.017223
459.24399971961975	84.963624	924	0	0.071388	0.061349
459.4029998779297	0.274024	8	0	0.076406	0.061349
460.2149999141693	0.55524	12	5	0.084681	0.061349
460.4189999103546	7.787312	74	0	0.070263	0.017223
460.60399985313416	1.13208	22	0	0.079313	0.061349
461.1730000972748	3.004456	40	22	0.073049	0.061349
461.3699998855591	3.754416	52	0	0.073545	0.061349
461.510999917984	3.754416	52	0	0.075825	0.061349
461.71599984169006	4.22712	54	24	0.074983	0.061349
461.970999956131	4.389912	62	0	0.078608	0.061349
462.4079999923706	7.157072	46	0	0.061562	0.017223
462.9760000705719	6.939592	96	44	0.073577	0.061349
464.4010000228882	2.57248	56	0	0.072912	0.017223
466.35700011253357	3.007176	50	0	0.062539	0.017223
468.4069998264313	11.359712	46	0	0.050262	0.017223
470.4170000553131	10.05296	66	0	0.041287	0.017223
472.40199995040894	20.91048	78	0	0.066964	0.017223
474.4029998779297	2.259776	72	0	0.06797	0.017223
476.39800000190735	11.484752	76	0	0.048325	0.017223
478.3989999294281	14.308304	86	0	0.04464	0.017223
480.4069998264313	10.500704	76	0	0.047714	0.017223
482.64299988746643	21.6208	90	0	0.035578	0.017223
484.4079999923706	15.092336	84	0	0.03686	0.017223
486.4029998779297	21.782008	92	0	0.029494	0.017223
488.39800000190735	20.31676	100	0	0.03081	0.017223
490.40399980545044	14.346008	98	0	0.04979	0.017223
492.40499997138977	11.497616	106	0	0.044971	0.017223
494.40000009536743	7.244656	100	0	0.060935	0.017223
496.40499997138977	9.734952	90	0	0.053952	0.017223
498.39599990844727	12.16976	66	0	0.036555	0.017223
500.3970000743866	13.233	94	0	0.041539	0.017223
502.39599990844727	19.70476	108	0	0.033677	0.017223
504.39599990844727	24.672192	104	0	0.047181	0.017223
506.41099977493286	13.56752	84	0	0.061071	0.017223
508.3989999294281	17.748512	84	0	0.046388	0.017223
510.3970000743866	7.936824	80	0	0.059095	0.017223
512.393000125885	5.92008	76	0	0.045727	0.017223
514.3959999084473	12.787896	88	0	0.03812	0.017223
516.3980000019073	16.236464	84	0	0.037203	0.017223
518.3940000534058	13.420432	84	0	0.046181	0.017223
520.4010000228882	9.07344	96	0	0.048442	0.017223
522.3970000743866	11.049144	96	0	0.040564	0.017223
524.3940000534058	13.33816	96	0	0.059108	0.017223
526.3989999294281	13.33816	96	0	0.058189	0.017223
528.3940000534058	14.98088	94	0	0.038944	0.017223
530.3980000019073	20.101416	112	0	0.04091	0.017223
532.4039998054504	13.9948	112	0	0.064781	0.017223
534.3949999809265	23.370272	114	0	0.035375	0.017223
536.4079999923706	25.789888	150	0	0.055566	0.017223
538.4029998779297	38.376304	140	0	0.040964	0.017223
540.4010000228882	15.664064	152	0	0.035344	0.017223
542.3949999809265	20.072736	152	0	0.071687	0.017223
544.3949999809265	9.420616	156	0	0.07733	0.017223
546.3959999084473	25.861512	104	0	0.054005	0.017223
548.3949999809265	14.853912	100	0	0.054587	0.017223
550.3949999809265	11.364944	100	0	0.070753	0.017223
552.3989999294281	15.409408	128	0	0.064261	0.017223
554.393000125885	12.92996	122	0	0.096839	0.017223
556.8970000743866	20.420504	122	0	0.063345	0.017223
558.393000125885	18.878976	90	0	0.042298	0.017223
560.3949999809265	19.84332	84	0	0.049284	0.017223
562.3970000743866	12.025904	84	0	0.055132	0.017223
564.4109997749329	6.409264	82	0	0.071272	0.017223
566.3940000534058	15.658448	82	0	0.05579	0.017223
568.3959999084473	11.776672	66	0	0.03688	0.017223
570.3949999809265	15.352624	74	0	0.036771	0.017223
572.3989999294281	18.628976	70	0	0.035083	0.017223
574.4079999923706	23.577432	92	0	0.032028	0.017223
576.6459999084473	15.432984	82	0	0.033278	0.017223
578.6429998874664	12.36584	86	0	0.051867	0.017223
580.6480000019073	5.740864	84	0	0.046745	0.017223
582.6439998149872	14.935168	76	0	0.035175	0.017223
584.6459999084473	14.268528	74	0	0.057	0.017223
586.6489999294281	14.396504	86	0	0.044565	0.017223
588.6499998569489	6.867888	122	0	0.040237	0.017223
590.6489999294281	17.872792	102	0	0.050048	0.017223
592.6489999294281	22.8044	116	0	0.038539	0.017223
594.6730000972748	13.09656	94	0	0.07551	0.017223
596.6480000019073	13.269704	114	0	0.050985	0.017223
598.646999835968	25.716024	114	0	0.043088	0.017223
600.646999835968	7.02952	94	0	0.048059	0.017223
602.6480000019073	21.427384	118	0	0.052331	0.017223
604.6509997844696	10.438496	76	0	0.062527	0.017223
606.6489999294281	14.690024	76	0	0.044194	0.017223
608.6480000019073	18.919528	80	0	0.033327	0.017223
610.6509997844696	22.678728	84	0	0.035185	0.017223
611.4029998779297	65.490232	800	0	0.073503	0.061349
611.6579999923706	4.458488	800	0	0.089869	0.061349
611.7979998588562	4.458488	800	0	0.111773	0.061349
611.8919997215271	10.8062	800	0	0.088702	0.061349
612.0060000419617	17.217248	800	7	0.091433	0.061349
612.1029999256134	17.217248	800	0	0.08958	0.061349
612.1979999542236	17.217248	800	28	0.087563	0.061349
612.4029998779297	0.314104	800	0	0.090069	0.061349
612.6459999084473	18.85656	84	0	0.034183	0.017223
612.8699998855591	26.01984	800	0	0.079844	0.061349
614.6449999809265	10.119792	72	0	0.081216	0.017223
614.8669998645782	58.529064	792	0	0.081929	0.061349
616.6480000019073	13.594392	86	0	0.050867	0.017223
616.867999792099	59.575464	810	0	0.075931	0.061349
618.6789999008179	16.872632	80	0	0.03876	0.017223
618.8699998855591	73.4428	960	0	0.076789	0.061349
620.6439998149872	12.259248	76	0	0.035403	0.017223
620.9069998264313	73.4428	960	0	0.079213	0.061349
622.6449999809265	5.329272	76	0	0.045426	0.017223
622.893000125885	73.4428	962	0	0.074147	0.061349
624.6499998569489	20.013144	96	0	0.029738	0.017223
624.920000076294	73.4428	962	0	0.084533	0.061349
626.6480000019073	10.207984	108	0	0.102005	0.017223
626.9010000228882	80.820928	926	0	0.073627	0.061349
628.6499998569489	15.600904	72	0	0.039299	0.017223
628.8729999065399	80.820928	926	0	0.109887	0.061349
630.6459999084473	19.50292	80	0	0.033338	0.017223
630.8839998245239	80.820928	926	0	0.076904	0.061349
632.6489999294281	14.576232	78	0	0.086575	0.017223
632.893000125885	71.420248	1156	0	0.080997	0.061349
634.6489999294281	24.845592	92	0	0.038304	0.017223
634.8669998645782	83.863192	1156	0	0.085355	0.061349
636.6459999084473	39.716888	150	0	0.028281	0.017223
636.8960001468658	89.874544	1162	0	0.079231	0.061349
638.662999868393	15.577384	150	0	0.088923	0.017223
638.9700000286102	91.63472	1280	0	0.091436	0.061349
640.6489999294281	26.888608	106	0	0.034292	0.017223
640.8970000743866	85.299944	1254	0	0.079275	0.061349
642.654000043869	24.208144	140	0	0.034017	0.017223
642.8669998645782	97.500112	1262	0	0.106126	0.061349
644.6509997844696	14.745056	112	0	0.09786	0.017223
646.6459999084473	21.727536	78	0	0.048805	0.017223
648.646999835968	18.268464	82	0	0.033522	0.017223
650.6459999084473	6.202736	4	0	0.04781	0.017223
652.6549999713898	10.679048	100	0	0.070948	0.017223
654.646999835968	23.600408	116	0	0.053088	0.017223
656.6489999294281	9.1186	114	0	0.051188	0.017223
658.6480000019073	13.85436	112	0	0.048498	0.017223
660.6530001163483	19.255872	112	0	0.033244	0.017223
662.6519997119904	14.684144	112	0	0.046605	0.017223
664.6489999294281	22.70372	98	0	0.046045	0.017223
666.6509997844696	21.918656	84	0	0.080626	0.017223
668.646999835968	11.982608	94	0	0.044464	0.017223
670.646999835968	27.696472	108	0	0.032686	0.017223
672.6509997844696	27.560576	176	0	0.033768	0.017223
674.6459999084473	51.418624	178	0	0.035202	0.017223
676.6499998569489	15.786424	174	0	0.104368	0.017223
678.6489999294281	12.351944	110	0	0.061613	0.017223
680.6489999294281	4.25224	68	0	0.082971	0.017223
682.6480000019073	12.609448	48	0	0.032726	0.017223
684.6509997844696	12.428104	62	0	0.027732	0.017223
686.646999835968	16.261664	88	0	0.039051	0.017223
688.646999835968	27.416704	122	0	0.037579	0.017223
690.6519997119904	6.30448	122	0	0.076424	0.017223
692.6459999084473	12.308632	90	0	0.067983	0.017223
694.6489999294281	31.90288	126	0	0.033723	0.017223
696.6480000019073	25.827824	152	0	0.036501	0.017223
698.6480000019073	26.84808	152	0	0.04958	0.017223
700.6459999084473	15.375728	120	0	0.077098	0.017223
702.6489999294281	14.687976	102	0	0.053725	0.017223
704.6499998569489	21.377512	116	0	0.036466	0.017223
706.6480000019073	12.836464	100	0	0.053346	0.017223
708.6489999294281	35.286032	128	0	0.037726	0.017223
710.6530001163483	36.695488	132	0	0.044673	0.017223
712.646999835968	35.696064	132	0	0.055298	0.017223
714.6570000648499	25.8182	128	0	0.043051	0.017223
716.646999835968	14.649272	124	0	0.038488	0.017223
718.6489999294281	37.620112	154	0	0.033478	0.017223
720.6480000019073	13.798272	154	0	0.044949	0.017223
722.646999835968	1.39936	110	0	0.066131	0.017223
724.646999835968	20.677136	96	0	0.049139	0.017223
726.6499998569489	22.106256	114	0	0.036355	0.017223
728.6489999294281	2.339504	84	0	0.074617	0.017223
730.6509997844696	15.504016	120	0	0.040117	0.017223
732.6560001373291	16.3366	142	0	0.033058	0.017223
734.6499998569489	25.315848	116	0	0.03406	0.017223
736.646999835968	33.8126	142	0	0.03407	0.017223
738.6489999294281	15.164072	138	0	0.054701	0.017223
740.6579999923706	32.926264	114	0	0.040965	0.017223
742.6509997844696	30.42592	126	0	0.035304	0.017223
744.6519997119904	17.04048	104	0	0.041728	0.017223
746.6480000019073	16.966528	80	0	0.040917	0.018073
748.6589999198914	17.061056	86	0	0.03676	0.018073
750.6519997119904	30.709896	110	0	0.036006	0.018073
752.6519997119904	26.689584	132	0	0.03813	0.018073
754.6570000648499	13.34292	116	0	0.03893	0.018073
756.6530001163483	6.690184	148	0	0.058303	0.018073
758.6489999294281	21.481352	94	0	0.043119	0.018073
760.6519997119904	13.60488	144	0	0.049276	0.018073
762.6499998569489	18.007088	100	0	0.045303	0.018073
764.6530001163483	22.70844	94	0	0.045756	0.018073
766.6509997844696	21.985432	114	0	0.03187	0.018073
768.6509997844696	23.73392	146	0	0.049013	0.018073
770.6509997844696	1.577184	130	0	0.041784	0.018073
772.6499998569489	36.208896	142	0	0.036734	0.018073
774.6509997844696	27.399696	120	0	0.035421	0.018073
776.6530001163483	11.562616	82	0	0.043437	0.018073
778.654000043869	23.958648	102	0	0.042526	0.018073
780.6509997844696	20.93868	116	0	0.042757	0.018073
782.6489999294281	19.849728	130	0	0.064066	0.018073
784.6509997844696	18.431976	74	0	0.049396	0.018073
786.6499998569489	14.67872	100	0	0.030218	0.018073
788.6579999923706	25.140072	106	0	0.039035	0.018073
790.6549999713898	6.808792	112	0	0.05284	0.018073
792.6530001163483	22.088224	92	0	0.032272	0.018073
794.6519997119904	25.674088	128	0	0.031374	0.018073
796.6519997119904	45.89992	190	0	0.026457	0.018073
798.6659998893738	2.929888	86	0	0.086878	0.018073
800.6519997119904	8.011632	138	0	0.039142	0.018073
802.6640000343323	11.411712	82	0	0.061111	0.018073
804.6599998474121	27.886584	116	0	0.039122	0.018073
806.654000043869	7.844184	108	0	0.048945	0.018073
808.654000043869	11.066944	102	0	0.046879	0.018073
810.6570000648499	19.688016	128	0	0.032658	0.018073
812.6579999923706	12.737296	218	0	0.122226	0.018073
814.6519997119904	45.614152	160	0	0.037322	0.018073
816.6519997119904	11.741448	188	0	0.038997	0.018073
818.6489999294281	5.975576	188	0	0.065318	0.018073
820.654000043869	11.368016	120	0	0.096838	0.018073
822.6560001373291	22.47852	92	0	0.035799	0.018073
824.6509997844696	1.48204	90	0	0.041453	0.018073
826.6570000648499	13.912904	128	0	0.06987	0.018073
828.9010000228882	29.908008	158	0	0.047062	0.018073
830.904000043869	19.975808	110	0	0.059624	0.018073
832.9010000228882	23.15648	128	0	0.034073	0.018073
834.8999998569489	29.6934	136	0	0.042958	0.018073
836.8989999294281	12.910152	184	0	0.119827	0.018073
838.9069998264313	4.229064	130	0	0.091129	0.018073
840.704999923706	24.273392	130	0	0.033302	0.018073
842.9010000228882	0.730728	130	0	0.068283	0.018073
844.9029998779297	17.694976	108	0	0.036129	0.018073
846.904000043869	10.831224	114	0	0.042202	0.018073
848.904000043869	19.0228	110	0	0.047481	0.018073
850.9029998779297	18.66356	98	0	0.039422	0.018073
852.9029998779297	12.271616	118	0	0.033904	0.018073
854.9010000228882	34.06128	142	0	0.03726	0.018073
856.9019999504089	24.67544	142	0	0.059318	0.018073
858.9069998264313	12.919568	116	0	0.041394	0.018073
860.8999998569489	21.823392	98	0	0.038334	0.018073
862.9019999504089	17.298488	96	0	0.036686	0.018073
864.7059998512268	12.687376	92	0	0.05111	0.018073
866.9010000228882	12.005768	78	0	0.039887	0.018073
868.9159998893738	10.369648	78	0	0.038609	0.018073
870.9010000228882	12.876584	78	0	0.034755	0.018073
872.8999998569489	21.860296	100	0	0.029749	0.018073
874.9029998779297	27.627096	100	0	0.032783	0.018073
876.9029998779297	26.140888	100	0	0.032403	0.018073
878.9059998989105	31.668544	112	0	0.036362	0.018073
880.9049999713898	23.892168	112	0	0.045703	0.018073
882.9010000228882	10.138128	140	0	0.044904	0.018073
884.970999956131	16.35816	140	0	0.057006	0.018073
886.9179999828339	29.645472	130	0	0.035712	0.018073
888.907999753952	18.844408	130	0	0.048812	0.018073
890.9059998989105	18.68032	120	0	0.036454	0.018073
892.9019999504089	11.364776	122	0	0.040656	0.018073
894.9029998779297	12.70192	110	0	0.03162	0.018073
896.9120001792908	28.159896	110	0	0.041121	0.018073
898.9099998474121	12.481752	110	0	0.081094	0.018073
900.9010000228882	18.670344	102	0	0.032419	0.018073
902.9059998989105	11.444704	96	0	0.043683	0.018073
904.9069998264313	15.059168	106	0	0.034086	0.018073
906.9059998989105	23.71688	106	0	0.042225	0.018073
908.9049999713898	21.87336	102	0	0.037042	0.018073
910.9089999198914	28.826824	106	0	0.027423	0.018073
912.9059998989105	24.479192	114	0	0.038012	0.018073
914.9029998779297	15.800624	110	0	0.039456	0.018073
916.9059998989105	5.87932	88	0	0.042652	0.018073
918.9019999504089	24.515648	92	0	0.038539	0.018073
920.8999998569489	5.895296	96	0	0.039696	0.018073
922.8999998569489	12.437072	116	0	0.040082	0.018073
924.9019999504089	17.807888	118	0	0.057548	0.018073
926.9029998779297	13.960816	114	0	0.059829	0.018073
928.9019999504089	13.417576	104	0	0.050893	0.018073
930.904000043869	9.727152	104	0	0.045931	0.018073
932.9029998779297	22.786656	134	0	0.048829	0.018073
934.9089999198914	21.231536	134	0	0.053016	0.018073
936.904000043869	12.961016	118	0	0.036763	0.018073
938.9029998779297	15.195136	114	0	0.055889	0.018073
940.9219999313354	22.132072	104	0	0.045953	0.018073
942.9120001792908	28.144576	100	0	0.041884	0.018073
944.9069998264313	20.520024	102	0	0.048672	0.018073
946.9130001068115	11.25556	86	0	0.047236	0.018073
948.914999961853	14.62576	74	0	0.038	0.018073
950.9059998989105	11.536464	64	0	0.045029	0.018073
952.9069998264313	22.336848	88	0	0.033359	0.018073
954.9019999504089	22.302232	130	0	0.046564	0.018073
956.9099998474121	27.547168	110	0	0.038706	0.018073
958.9069998264313	17.629136	110	0	0.048638	0.018073
960.9049999713898	14.052584	102	0	0.035346	0.018073
962.9059998989105	6.631448	132	0	0.037667	0.018073
964.914999961853	20.403752	132	0	0.065121	0.018073
966.9019999504089	8.170016	78	0	0.131971	0.018073
968.904000043869	12.535192	78	0	0.052613	0.018073
970.9029998779297	15.071336	94	0	0.046078	0.018073
972.9029998779297	15.03608	94	0	0.066307	0.018073
974.904000043869	9.049648	78	0	0.051465	0.018295
976.9049999713898	12.793784	78	0	0.041817	0.018295
978.9120001792908	2.659288	70	0	0.052381	0.018295
980.904000043869	21.853512	88	0	0.033231	0.018295
982.9059998989105	7.71224	88	0	0.047636	0.018295
984.9049999713898	14.865992	72	0	0.040689	0.018295
986.9049999713898	20.571656	80	0	0.03418	0.018295
988.9049999713898	8.813952	88	0	0.043152	0.018295
990.907999753952	18.881344	102	0	0.055331	0.018295
992.9159998893738	14.145944	84	0	0.044375	0.018295
994.904000043869	19.939224	78	0	0.039495	0.018295
996.904000043869	14.437576	100	0	0.044988	0.018295
998.904000043869	22.383352	100	0	0.035222	0.018295
1000.9109997749329	23.140168	100	0	0.06121	0.018295
1002.9089999198914	12.770144	90	0	0.053316	0.018295
1004.9049999713898	2.231896	76	0	0.099248	0.018295
1006.9069998264313	11.343528	68	0	0.047756	0.018295
1008.9120001792908	15.430296	76	0	0.033921	0.018295
1010.9379999637604	18.968624	74	0	0.0473	0.018295
1012.9069998264313	21.095144	86	0	0.045019	0.018295
1014.9179999828339	22.519432	98	0	0.040179	0.018295
1016.907999753952	16.63208	72	0	0.051189	0.018295
1018.9019999504089	18.037784	72	0	0.034941	0.018295
1020.9069998264313	4.747072	92	0	0.031535	0.018295
1022.9049999713898	9.944848	92	0	0.076856	0.018295
1024.904000043869	12.871424	80	0	0.052921	0.018295
1026.9049999713898	11.462216	68	0	0.053338	0.018295
1028.9049999713898	14.131064	120	0	0.045636	0.018295
1030.909999847412	15.229832	80	0	0.064671	0.018295
1032.9069998264313	13.849704	78	0	0.049226	0.018295
1034.904000043869	14.188016	74	0	0.044229	0.018295
1036.9049999713898	13.791176	86	0	0.051929	0.018295
1038.9049999713898	12.617432	60	0	0.062345	0.018295
1040.9049999713898	21.119208	78	0	0.032193	0.018295
1042.9089999198914	16.32044	82	0	0.043837	0.018295
1044.907999753952	10.1808	64	0	0.034382	0.018295
1046.904000043869	12.82308	72	0	0.043568	0.018295
1048.9069998264313	16.060624	72	0	0.03406	0.018295
1050.9059998989105	27.67176	112	0	0.032662	0.018295
1052.9049999713898	16.869104	112	0	0.049444	0.018295
1054.9229998588562	12.045016	106	0	0.046279	0.018295
1056.9140000343323	24.321984	114	0	0.042313	0.018295
1058.9049999713898	9.275976	98	0	0.050644	0.018295
1060.9049999713898	18.026784	104	0	0.059351	0.018295
1062.9059998989105	19.9842	92	0	0.039402	0.018295
1064.9109997749329	22.144192	90	0	0.043774	0.018295
1066.9049999713898	26.352056	124	0	0.041253	0.018295
1068.9049999713898	18.835488	124	0	0.043896	0.018295
1070.9049999713898	17.554736	118	0	0.060135	0.018295
1072.909999847412	11.283944	104	0	0.046263	0.018295
1074.9049999713898	17.805992	104	0	0.061715	0.018295
1076.9059998989105	14.694512	92	0	0.039038	0.018295
1078.9109997749329	19.47508	110	0	0.035069	0.018295
1081.1549999713898	16.292216	116	0	0.039446	0.018295
1083.1579999923706	28.22084	126	0	0.03755	0.018295
1085.1570000648499	5.302856	126	0	0.062117	0.018295
1087.1579999923706	25.264408	120	0	0.062073	0.018295
1089.1570000648499	11.911472	120	0	0.066874	0.018295
1091.1570000648499	14.00728	92	0	0.049309	0.018295
1093.1559998989105	14.80824	112	0	0.049711	0.018295
1094.9769999980927	19.212384	72	0	0.046282	0.018295
1097.1730000972748	19.349824	90	0	0.038488	0.018091
1099.1579999923706	4.777632	68	0	0.04975	0.018091
1101.1579999923706	3.829784	80	0	0.039317	0.018091
1103.1570000648499	24.8944	86	0	0.039919	0.018091
1105.233999967575	10.116216	84	0	0.050489	0.018091
1107.1600000858307	9.957144	88	0	0.040523	0.018091
1109.1589999198914	4.27152	76	0	0.050573	0.018091
1111.2080001831055	12.545104	68	0	0.046758	0.018091
1113.1610000133514	17.155608	88	0	0.053207	0.018091
1115.162999868393	17.951008	92	0	0.047707	0.018091
1117.1570000648499	19.771184	94	0	0.05149	0.018091
1119.0019998550415	13.781864	72	0	0.047944	0.018091
1121.1600000858307	12.269896	84	0	0.054942	0.018091
1123.1679999828339	10.800392	84	0	0.051606	0.018091
1125.1639997959137	11.572776	56	0	0.034927	0.018091
1127.1730000972748	3.781152	64	0	0.052033	0.018091
1129.1589999198914	15.66476	66	0	0.042882	0.018091
1131.1579999923706	6.73444	90	0	0.050007	0.018091
1133.1570000648499	8.313704	82	0	0.052309	0.018091
1135.1570000648499	14.56252	70	0	0.049651	0.018091
1137.1600000858307	22.143656	106	0	0.032566	0.018091
1139.1589999198914	22.690216	88	0	0.047168	0.018091
1141.1600000858307	15.695144	96	0	0.059632	0.018091
1142.9700000286102	16.746648	96	0	0.03181	0.018091
1145.1559998989105	15.006696	96	0	0.043828	0.018091
1147.1619999408722	25.033976	106	0	0.041654	0.018091
1149.1589999198914	29.301368	160	0	0.04182	0.018091
1151.1570000648499	20.193568	150	0	0.07068	0.018091
1153.1570000648499	11.445672	126	0	0.053883	0.018091
1155.1570000648499	13.155952	112	0	0.058157	0.018091
1157.1579999923706	13.249808	96	0	0.052849	0.018091
1159.162999868393	14.072288	88	0	0.050435	0.018091
1161.1589999198914	10.796336	82	0	0.04557	0.018091
1163.1589999198914	11.833832	80	0	0.059739	0.018091
1165.1669998168945	20.478784	90	0	0.034641	0.018091
1167.164999961853	16.487192	78	0	0.033737	0.018091
1169.1570000648499	17.733488	96	0	0.040227	0.018091
1171.1600000858307	16.675952	110	0	0.056099	0.018091
1173.1600000858307	11.813376	86	0	0.04183	0.018091
1175.1570000648499	13.612656	84	0	0.060449	0.018091
1177.1559998989105	17.71104	84	0	0.040319	0.018091
1179.1570000648499	20.825848	88	0	0.041727	0.018091
1181.1610000133514	14.129032	82	0	0.042216	0.018091
1183.1579999923706	13.017304	82	0	0.049153	0.018091
1185.1659998893738	17.169312	96	0	0.040299	0.018091
1187.1579999923706	12.798192	100	0	0.043584	0.018091
1189.1619999408722	16.24048	86	0	0.040656	0.018091
1191.1659998893738	15.595824	90	0	0.042193	0.018091
1193.1579999923706	13.649984	90	0	0.042704	0.018091
1195.1600000858307	19.4162	90	0	0.048246	0.018091
1197.1559998989105	16.712664	82	0	0.049881	0.018091
1199.1589999198914	19.895496	112	0	0.052317	0.018091
1201.1600000858307	20.795248	122	0	0.050103	0.018091
1203.1589999198914	36.915808	144	0	0.046608	0.018091
1205.1589999198914	15.381144	150	0	0.081531	0.018091
1207.1600000858307	12.742976	74	0	0.045275	0.018091
1209.1600000858307	2.146192	68	0	0.057758	0.018091
1211.1589999198914	19.109584	82	0	0.030894	0.018091
1213.1689999103546	32.51316	114	0	0.039263	0.018091
1215.1600000858307	21.719536	118	0	0.068326	0.018091
1217.162999868393	17.818456	100	0	0.053906	0.018091
1219.1610000133514	23.97396	88	0	0.039641	0.018091
1221.1559998989105	18.953344	100	0	0.04159	0.018091
1223.1600000858307	23.190928	102	0	0.036398	0.018091
1225.1610000133514	13.182176	80	0	0.038507	0.018091
1227.1610000133514	28.460488	106	0	0.030464	0.018091
1229.1600000858307	10.502824	52	0	0.082238	0.018091
1231.162999868393	7.51564	74	0	0.03575	0.018091
1233.1600000858307	23.388504	98	0	0.030147	0.018091
1235.1600000858307	13.156048	100	0	0.075438	0.018091
1237.1679999828339	25.04664	126	0	0.037338	0.018091
1239.1589999198914	17.703592	88	0	0.055616	0.018091
1241.1589999198914	19.894056	100	0	0.050333	0.018091
1243.1600000858307	10.080552	54	0	0.034437	0.018091
1245.1699998378754	24.321368	96	0	0.031232	0.018091
1247.1610000133514	7.819032	82	0	0.073823	0.018091
1249.1610000133514	15.760312	108	0	0.038614	0.018091
1251.164999961853	29.180968	112	0	0.033808	0.018091
1253.1589999198914	25.767528	96	0	0.042315	0.018091
1255.1679999828339	16.922168	114	0	0.047	0.018091
1257.1600000858307	14.16548	110	0	0.051413	0.018091
1259.1619999408722	13.86312	88	0	0.036775	0.018091
1261.1659998893738	22.466936	88	0	0.034767	0.018091
1263.1710000038147	17.676504	96	0	0.060095	0.018091
1264.0490000247955	18.978848	1422	0	0.027195	0.024
1264.6340000629425	92.5946	1422	0	0.034704	0.024
1265.1639997959137	21.683168	114	0	0.034155	0.018091
1265.164999961853	92.5946	1418	0	0.028293	0.024
1265.6549999713898	1.654792	1354	0	0.027462	0.024
1266.1289999485016	76.396784	1354	0	0.030585	0.024
1266.6669998168945	103.02264	474	0	0.026793	0.024
1267.162999868393	16.110344	86	0	0.051535	0.018091
1267.258999824524	111.771352	514	0	0.026289	0.024
1268.3010001182556	22.537144	514	0	0.038899	0.024
1269.1149997711182	125.416928	614	0	0.028823	0.024
1269.1600000858307	15.754672	86	0	0.044914	0.018091
1271.1610000133514	16.83308	80	0	0.030432	0.018091
1273.1589999198914	20.043424	88	0	0.030883	0.018091
1275.162999868393	23.895104	112	0	0.031561	0.018091
1277.1600000858307	11.144488	68	0	0.07396	0.018091
1279.1600000858307	25.76108	92	0	0.034309	0.018091
1281.1730000972748	17.45536	104	0	0.057708	0.018091
1283.1669998168945	18.014576	68	0	0.035028	0.017961
1285.1589999198914	26.090352	90	0	0.029441	0.017961
1287.1579999923706	11.454112	90	0	0.039701	0.017961
1289.1579999923706	13.997016	90	0	0.051647	0.017961
1291.1600000858307	15.115752	64	0	0.039528	0.017961
1293.1930000782013	17.297432	62	0	0.040884	0.017961
1295.1610000133514	16.40544	88	0	0.045928	0.017961
1297.1619999408722	9.326768	68	0	0.044291	0.017961
1299.1730000972748	25.000616	98	0	0.038316	0.017961
1301.1740000247955	8.776752	96	0	0.065208	0.017961
1303.1619999408722	15.942912	90	0	0.04032	0.017961
1305.1639997959137	9.581216	120	0	0.047242	0.017961
1307.1610000133514	23.826192	86	0	0.033139	0.017961
1309.1669998168945	17.491872	102	0	0.042431	0.017961
1311.1610000133514	20.127248	92	0	0.042201	0.017961
1313.1610000133514	34.1616	122	0	0.034599	0.017961
1315.1600000858307	12.187872	122	0	0.059712	0.017961
1317.162999868393	12.970736	94	0	0.083319	0.017961
1319.1600000858307	20.436168	80	0	0.037175	0.017961
1321.1610000133514	10.158288	80	0	0.047181	0.017961
1323.1619999408722	12.071656	98	0	0.039771	0.017961
1325.1589999198914	13.994248	98	0	0.058559	0.017961
1327.1589999198914	13.994248	98	0	0.051001	0.017961
1329.1579999923706	9.827728	86	0	0.054074	0.017961
1331.1589999198914	18.11636	102	0	0.037849	0.017961
1333.1760001182556	18.11636	102	0	0.041112	0.017961
1335.4130001068115	6.914392	62	0	0.086344	0.017961
1337.4119999408722	18.030256	90	0	0.044053	0.017961
1339.4119999408722	16.434744	112	0	0.050496	0.017961
1341.4199998378754	26.003456	120	0	0.053026	0.017961
1343.4119999408722	26.028912	134	0	0.048176	0.017961
1345.425999879837	15.177504	132	0	0.060493	0.017961
1347.417000055313	19.90212	144	0	0.042609	0.017961
1349.4109997749329	4.925824	142	0	0.051011	0.017961
1351.4119999408722	24.35776	114	0	0.046095	0.017961
1353.4119999408722	16.995472	110	0	0.070169	0.017961
1355.4119999408722	17.006544	108	0	0.054293	0.017961
1357.4119999408722	12.367304	82	0	0.04455	0.017961
1359.4189999103546	15.658608	66	0	0.045017	0.017961
1361.4109997749329	18.012408	74	0	0.03893	0.017961
1363.4119999408722	7.919424	76	0	0.035761	0.017961
1365.4109997749329	17.251728	72	0	0.040828	0.017961
1367.409999847412	20.104672	110	0	0.038072	0.017961
1369.409999847412	24.006104	110	0	0.047186	0.017961
1371.4119999408722	15.170448	110	0	0.057991	0.017961
1373.409999847412	5.738496	86	0	0.061651	0.017961
1375.4109997749329	1.093296	86	0	0.042365	0.017961
1377.417000055313	10.715736	92	0	0.070496	0.017961
1379.4109997749329	18.03468	80	0	0.0412	0.017961
1381.4189999103546	22.800776	104	0	0.037682	0.017961
1383.4219999313354	14.491048	104	0	0.050713	0.017961
1385.473000049591	16.394624	82	0	0.060892	0.017961
1387.4130001068115	7.342416	82	0	0.050251	0.017961
1389.4160001277924	13.888712	90	0	0.041157	0.017961
1391.4160001277924	21.840176	90	0	0.045335	0.017961
1393.4140000343323	12.8902	92	0	0.040994	0.017961
1395.4130001068115	2.364576	108	0	0.035092	0.017961
1397.4179999828339	20.361224	108	0	0.061154	0.017961
1397.6289999485016	12.095776	60	0	0.028094	0.024
1398.0620000362396	14.283104	68	0	0.0264	0.024
1398.46599984169	14.283104	70	0	0.026851	0.024
1398.909999847412	14.283104	70	0	0.027058	0.024
1399.4130001068115	8.733976	84	0	0.056458	0.017961
1400.537999868393	23.844152	110	0	0.026625	0.024
1400.8709998130798	23.844152	110	0	0.026906	0.024
1401.1879997253418	23.844152	110	0	0.026128	0.024
1401.4160001277924	8.418232	88	0	0.053675	0.017961
1401.4700000286102	23.844152	110	0	0.026293	0.024
1402.1559998989105	26.689352	134	0	0.026771	0.024
1402.8389999866486	31.079128	144	0	0.026909	0.024
1403.414999961853	17.752392	76	0	0.043321	0.017961
1405.1719999313354	45.99148	216	113	0.026891	0.024
1405.417000055313	16.432376	76	0	0.03834	0.017961
1406.4349999427795	58.085376	264	15	0.026375	0.024
1406.7909998893738	58.085376	264	0	0.0256	0.024
1407.1139998435974	58.085376	268	0	0.025589	0.024
1407.4240000247955	11.26464	76	0	0.03774	0.017961
1407.5069999694824	58.085376	268	0	0.026204	0.024
1408.003999710083	58.085376	268	0	0.025475	0.024
1408.4609999656677	58.085376	268	0	0.026661	0.024
1408.75200009346	58.085376	268	0	0.026146	0.024
1409.162999868393	58.085376	266	0	0.025886	0.024
1409.4119999408722	24.085392	108	0	0.030529	0.017961
1411.414999961853	36.465688	136	0	0.031254	0.017961
1412.050999879837	82.278872	392	0	0.026302	0.024
1413.3200001716614	92.955448	474	0	0.02735	0.024
1413.4119999408722	21.268224	136	0	0.064045	0.017961
1414.2239999771118	99.690872	493	0	0.027735	0.024
1415.4109997749329	10.19292	80	0	0.060465	0.017961
1415.6139998435974	115.003976	558	0	0.027786	0.024
1417.4130001068115	20.569032	134	0	0.052281	0.017961
1417.6129999160767	115.003976	558	0	0.026557	0.024
1419.4119999408722	20.915752	92	0	0.035217	0.017961
1419.6170001029968	115.003976	558	0	0.026232	0.024
1421.4160001277924	13.21236	98	0	0.04605	0.017961
1421.6139998435974	143.501216	672	0	0.02693	0.024
1423.4140000343323	18.187264	80	0	0.03633	0.017961
1423.616000175476	154.856344	747	0	0.028126	0.024
1425.417000055313	31.393968	116	0	0.03333	0.017961
1425.616000175476	167.199504	908	0	0.027877	0.024
1427.414999961853	19.311448	146	0	0.071945	0.017961
1427.6129999160767	20.491936	915	0	0.027621	0.024
1429.414999961853	25.039296	106	0	0.032979	0.017961
1429.616000175476	225.2954	1034	0	0.027642	0.024
1431.4160001277924	13.481456	106	0	0.038374	0.017961
1431.6180000305176	21.712424	1032	0	0.025698	0.024
1433.417000055313	20.368256	112	0	0.036575	0.017961
1433.6129999160767	244.978848	1176	0	0.027973	0.024
1435.4189999103546	1.930536	146	0	0.14075	0.017961
1435.6139998435974	266.829912	1246	0	0.027765	0.024
1437.414999961853	19.76076	94	0	0.035968	0.017961
1437.6139998435974	19.778656	1264	0	0.028255	0.024
1439.414999961853	15.574168	104	0	0.045398	0.017961
1439.6139998435974	185.243816	1264	0	0.026309	0.024
1441.4130001068115	21.555496	96	0	0.033546	0.017961
1441.6139998435974	200.962064	1288	0	0.026221	0.024
1443.4130001068115	22.3842	118	0	0.030302	0.017961
1443.6189999580383	293.351968	1430	0	0.03257	0.024
1445.4189999103546	30.400832	138	0	0.049168	0.017961
1445.6149997711182	166.216752	1428	0	0.060529	0.024
1447.4269998073578	19.592616	136	0	0.035886	0.017961
1447.6149997711182	321.224832	1534	0	0.02625	0.024
1449.414999961853	8.769472	78	0	0.039097	0.017961
1449.6170001029968	259.650192	1514	0	0.043392	0.024
1451.4160001277924	17.217256	120	0	0.042123	0.017961
1451.6139998435974	299.887704	1606	0	0.027402	0.024
1453.4130001068115	28.739664	108	0	0.03658	0.017961
1453.6149997711182	278.224664	1630	0	0.033096	0.024
1455.414999961853	12.275704	104	0	0.044465	0.017961
1455.6119997501373	234.249184	1636	0	0.025976	0.024
1457.414999961853	16.541928	108	0	0.046069	0.017961
1457.6149997711182	268.06448	1630	0	0.04186	0.024
1459.4179999828339	17.197072	86	0	0.035967	0.017961
1459.62299990654	393.5462	1775	0	0.028148	0.024
1461.414999961853	29.77096	103	0	0.030071	0.017961
1461.6149997711182	19.991208	1800	0	0.025907	0.024
1463.4160001277924	13.688704	4	0	0.063771	0.017961
1463.6149997711182	264.026944	1800	0	0.036756	0.024
1465.4179999828339	14.350248	84	0	0.043618	0.017961
1465.6129999160767	185.958304	1800	0	0.026961	0.024
1467.4160001277924	5.604128	80	0	0.043108	0.017961
1467.6340000629425	185.958304	4	0	0.030551	0.024
1469.414999961853	9.979736	86	0	0.035193	0.017961
1469.6149997711182	185.93564	858	0	0.031932	0.024
1471.4140000343323	15.868512	112	0	0.040935	0.017961
1471.616000175476	229.149096	1086	0	0.02718	0.024
1473.4179999828339	11.790096	102	0	0.050532	0.017961
1473.6170001029968	227.509672	1082	0	0.02838	0.024
1475.4130001068115	18.195776	78	0	0.071166	0.017902
1475.6129999160767	240.639288	1139	0	0.025414	0.024
1477.414999961853	10.414496	92	0	0.03998	0.017902
1477.7300000190735	258.965352	1234	0	0.027182	0.024
1479.4140000343323	12.62096	112	0	0.047086	0.017902
1479.608999967575	283.824496	1372	0	0.026492	0.024
1481.4179999828339	22.454488	78	0	0.034932	0.017902
1481.6180000305176	242.251536	1372	0	0.037752	0.024
1483.430999994278	19.57328	90	0	0.047485	0.017902
1483.6299998760223	254.392472	1372	0	0.030878	0.024
1485.4160001277924	20.68744	80	0	0.046592	0.017902
1485.867999792099	239.653512	1372	0	0.027651	0.024
1487.4189999103546	17.166624	86	0	0.032206	0.017902
1487.864000082016	200.152424	1294	0	0.040111	0.024
1489.425999879837	15.999184	92	0	0.0358	0.017902
1489.864000082016	120.704936	1304	0	0.026623	0.024
1491.414999961853	16.860568	102	0	0.041412	0.017902
1491.8650000095367	239.599984	1300	0	0.027493	0.024
1493.4140000343323	12.382344	68	0	0.065609	0.017902
1494.082999944687	17.071232	1330	0	0.031284	0.024
1495.4179999828339	6.463264	80	0	0.040876	0.017902
1495.864000082016	310.184048	1381	0	0.027866	0.024
1497.417000055313	12.387872	84	0	0.036832	0.017902
1497.8709998130798	266.61464	1424	0	0.030737	0.024
1499.417000055313	13.899536	72	0	0.031988	0.017902
1499.8689999580383	20.673128	1412	0	0.025376	0.024
1501.4229998588562	26.5072	112	0	0.035651	0.017902
1501.8669998645782	312.094224	1459	0	0.030776	0.024
1503.4199998378754	19.60424	126	0	0.044158	0.017902
1503.7579998970032	312.094224	1538	0	0.026731	0.024
1505.414999961853	16.379248	126	0	0.066158	0.017902
1505.8659999370575	312.094224	1538	0	0.037738	0.024
1507.4179999828339	16.817848	88	0	0.062947	0.017902
1507.864000082016	312.094224	1538	0	0.027218	0.024
1509.417000055313	24.300704	92	0	0.040387	0.017902
1509.8819999694824	312.094224	1538	0	0.026174	0.024
1511.414999961853	20.066696	4	0	0.038158	0.017902
1511.869999885559	312.094224	1558	0	0.027363	0.024
1513.4199998378754	14.242656	96	0	0.044846	0.017902
1513.8659999370575	312.094224	1558	0	0.02912	0.024
1515.417000055313	6.706856	100	0	0.043041	0.017902
1515.8659999370575	312.094224	1538	0	0.036142	0.024
1517.417000055313	9.055872	80	0	0.07021	0.017902
1517.8689999580383	20.342272	96	0	0.028874	0.024
1519.4289999008179	18.816944	76	0	0.036711	0.017902
1520.2229998111725	51.097256	250	0	0.026568	0.024
1521.4160001277924	16.920992	70	0	0.037627	0.017902
1522.016000032425	71.018208	321	0	0.027169	0.024
1523.4140000343323	18.321848	82	0	0.042162	0.017902
1524.1740000247955	92.437768	454	0	0.027287	0.024
1525.4199998378754	13.133136	88	0	0.036697	0.017902
1525.867999792099	106.578304	508	0	0.026849	0.024
1527.4300000667572	19.2484	86	0	0.035656	0.017902
1527.7149999141693	19.686216	626	0	0.026881	0.024
1529.4160001277924	17.596728	120	0	0.031693	0.017902
1529.867999792099	140.11256	652	0	0.027066	0.024
1531.4189999103546	12.992208	72	0	0.026935	0.017902
1531.8689999580383	170.994848	788	0	0.028252	0.024
1533.4240000247955	13.346144	78	0	0.043365	0.017902
1535.425999879837	22.813072	90	0	0.03624	0.017902
1536.726000070572	19.780192	952	0	0.028202	0.024
1537.4189999103546	23.970728	96	0	0.038557	0.017902
1537.8269999027252	141.887016	962	0	0.027943	0.024
1539.4409999847412	22.421072	92	0	0.034706	0.017787
1539.981999874115	253.186536	1174	0	0.027579	0.024
1541.4210000038147	15.411696	76	0	0.061419	0.017787
1541.4939999580383	208.42284	1174	0	0.037152	0.024
1542.7639999389648	20.032856	1174	0	0.028124	0.024
1543.4179999828339	10.384648	74	0	0.037275	0.017787
1543.9789998531342	141.459352	1174	0	0.050344	0.024
1545.4160001277924	16.12276	78	0	0.047822	0.017787
1545.869999885559	226.477144	1146	0	0.032689	0.024
1547.414999961853	14.671792	76	0	0.03796	0.017787
1547.8689999580383	230.531496	1146	0	0.026188	0.024
1549.417000055313	23.414288	88	0	0.026973	0.017787
1549.8650000095367	214.763832	1146	0	0.028403	0.024
1551.4690001010895	9.22392	88	0	0.049813	0.017787
1551.8689999580383	18.688664	1146	0	0.028109	0.024
1553.4769999980927	14.573336	76	0	0.035718	0.017787
1553.87299990654	227.452992	1031	0	0.028557	0.024
1555.4189999103546	19.3934	76	0	0.035934	0.017787
1555.8689999580383	253.389424	1125	0	0.027197	0.024
1557.4240000247955	19.517016	88	0	0.035022	0.017787
1557.880000114441	233.790608	1160	0	0.025611	0.024
1559.4219999313354	23.919392	88	0	0.037567	0.017787
1559.869999885559	251.764392	1182	0	0.028335	0.024
1561.4160001277924	12.1452	96	0	0.037934	0.017787
1561.8869998455048	175.291192	1166	0	0.026426	0.024
1563.414999961853	19.088792	116	0	0.029048	0.017787
1563.869999885559	198.046024	1166	0	0.029142	0.024
1565.4160001277924	13.009992	116	0	0.058664	0.017787
1565.867999792099	198.046024	1184	0	0.026852	0.024
1567.4179999828339	22.139976	112	0	0.048904	0.017787
1567.8669998645782	87.84856	1184	0	0.040541	0.024
1569.4160001277924	1.528256	90	0	0.079654	0.017787
1569.869999885559	61.752688	402	0	0.031128	0.024
1571.4179999828339	13.640136	100	0	0.053215	0.017787
1571.864000082016	92.934016	440	0	0.026767	0.024
1573.4160001277924	3.170208	84	0	0.039537	0.017787
1573.8650000095367	116.135696	529	0	0.026123	0.024
1575.4240000247955	17.39788	86	0	0.047313	0.017787
1575.8029999732971	140.513496	664	0	0.026203	0.024
1577.417000055313	20.085664	80	0	0.03257	0.017787
1578.2519998550415	146.585736	700	0	0.027304	0.024
1579.4179999828339	13.10592	82	0	0.041307	0.017787
1581.0859999656677	62.654104	284	0	0.027291	0.024
1581.4199998378754	20.520616	82	0	0.043635	0.017787
1581.534999847412	62.654104	284	0	0.026299	0.024
1581.8309998512268	62.654104	284	0	0.025931	0.024
1582.537999868393	62.654104	284	0	0.026247	0.024
1582.9559998512268	62.654104	284	0	0.026426	0.024
1583.2480001449585	62.654104	284	0	0.025721	0.024
1583.417000055313	10.330744	66	0	0.035983	0.017787
1583.5869998931885	62.654104	284	0	0.026057	0.024
1584.0569999217987	62.654104	284	0	0.026278	0.024
1585.2880001068115	69.870624	364	0	0.026957	0.024
1585.4229998588562	26.830008	94	0	0.036215	0.017787
1586.5149998664856	90.752472	480	0	0.027649	0.024
1587.6710000038147	24.836456	98	0	0.034666	0.017787
1587.9769999980927	136.17452	618	0	0.025971	0.024
1589.4749999046326	14.413816	80	0	0.037583	0.017787
1589.6779999732971	155.060448	756	0	0.02742	0.024
1590.8689999580383	126.078264	810	0	0.035472	0.024
1591.672000169754	14.628584	88	0	0.043168	0.017787
1592.869999885559	152.45476	914	0	0.036133	0.024
1593.6710000038147	18.666512	88	0	0.042335	0.017787
1594.8669998645782	219.574608	1056	0	0.025803	0.024
1595.6659998893738	2.907552	106	0	0.049465	0.017787
1596.869999885559	127.017536	1048	0	0.030069	0.024
1597.664999961853	24.075848	106	0	0.048609	0.017787
1598.8709998130798	20.671448	1044	0	0.025946	0.024
1599.6669998168945	22.783144	92	0	0.035453	0.017787
1600.875	205.141536	1044	0	0.028778	0.024
1601.6659998893738	13.3594	88	0	0.04427	0.017787
1602.867999792099	246.640136	1141	0	0.027019	0.024
1603.6669998168945	16.669128	82	0	0.041846	0.017787
1604.869999885559	19.75336	1148	0	0.026203	0.024
1605.6749999523163	14.54604	96	0	0.039716	0.017787
1606.869999885559	238.046688	1148	0	0.028796	0.024
1607.776999950409	6.746688	86	0	0.051043	0.017787
1608.867999792099	238.046688	1148	0	0.025405	0.024
1609.6710000038147	10.6132	68	0	0.035579	0.017787
1610.8450000286102	212.27624	1110	0	0.037489	0.024
1611.6659998893738	19.809888	92	0	0.038638	0.017787
1612.8719999790192	243.674328	1128	0	0.027589	0.024
1613.4930000305176	13.369896	74	0	0.049223	0.017787
1614.8740000724792	287.327352	1312	0	0.028478	0.024
1615.6679997444153	19.353768	80	0	0.031106	0.017787
1616.8719999790192	223.625016	1316	0	0.04214	0.024
1617.6710000038147	15.656384	96	0	0.065525	0.017787
1618.869999885559	19.053336	1434	0	0.027951	0.024
1619.6689999103546	14.170592	86	0	0.050004	0.017787
1620.880000114441	282.190224	1434	0	0.030521	0.024
1621.6669998168945	15.512312	96	0	0.035626	0.017787
1622.8810000419617	204.7908	1424	0	0.026533	0.024
1623.6689999103546	12.492464	94	0	0.036212	0.017787
1624.8759999275208	307.06244	1500	0	0.032945	0.024
1625.6710000038147	11.599	90	0	0.043274	0.017787
1626.8709998130798	237.933568	1524	0	0.038583	0.024
1627.6679997444153	19.3982	92	0	0.044629	0.017787
1628.87299990654	237.933568	1520	0	0.025743	0.024
1629.6669998168945	20.062704	82	0	0.043236	0.017787
1630.87299990654	136.626784	1520	0	0.033023	0.024
1631.6679997444153	3.672416	94	0	0.045908	0.017787
1632.875	20.559712	820	0	0.025924	0.024
1633.6659998893738	12.700248	94	0	0.044503	0.017787
1634.8689999580383	154.122968	816	0	0.027018	0.024
1635.6659998893738	16.875064	82	0	0.039229	0.017787
1636.867999792099	154.122968	816	0	0.028228	0.024
1637.4739999771118	22.066696	94	0	0.045751	0.017787
1638.87299990654	165.557384	816	0	0.026794	0.024
1639.6710000038147	22.024776	100	0	0.037583	0.017787
1640.880000114441	163.497992	914	0	0.02725	0.024
1641.675999879837	20.02544	96	0	0.057925	0.017787
1642.8759999275208	198.134248	914	0	0.026579	0.024
1643.6679997444153	12.957504	102	0	0.038296	0.017787
1644.869999885559	198.134248	4	0	0.027497	0.024
1645.6669998168945	22.376016	106	0	0.047019	0.017787
1646.8689999580383	193.641304	917	0	0.026074	0.024
1647.6669998168945	11.23056	106	0	0.073432	0.017787
1648.875	195.733288	928	0	0.027745	0.024
1649.6669998168945	10.080752	102	0	0.116336	0.017787
1650.8740000724792	211.191056	968	0	0.026489	0.024
1651.6770000457764	13.372344	70	0	0.031651	0.017787
1652.8709998130798	227.559104	1094	0	0.028504	0.024
1653.6669998168945	15.219336	74	0	0.043116	0.017787
1654.8740000724792	228.691552	1094	0	0.027625	0.024
1655.6699998378754	10.954736	92	0	0.046827	0.017787
1656.8740000724792	238.226504	1158	0	0.029057	0.024
1657.6669998168945	18.494776	84	0	0.056406	0.017787
1658.87299990654	197.788768	1164	0	0.03718	0.024
1659.6699998378754	5.777448	78	0	0.034795	0.017787
1660.87299990654	279.327136	1176	0	0.028474	0.024
1661.6740000247955	10.194552	82	0	0.044109	0.017787
1662.87299990654	279.327136	1276	0	0.02775	0.024
1663.6679997444153	17.029216	86	0	0.033434	0.017787
1664.875	279.327136	1276	0	0.027145	0.024
1665.6669998168945	13.660296	86	0	0.047868	0.017787
1666.880000114441	19.920488	1276	0	0.027002	0.024
1667.6800000667572	10.675144	80	0	0.040877	0.017787
1668.87700009346	246.4608	1390	0	0.033587	0.024
1669.6730000972748	10.044456	76	0	0.047649	0.017787
1670.9700000286102	19.061176	1380	0	0.026508	0.024
1671.6689999103546	12.610608	78	0	0.04308	0.017787
1672.8719999790192	297.662488	1486	0	0.030154	0.024
1673.6749999523163	25.480576	114	0	0.04606	0.017787
1674.9059998989105	192.63072	1484	0	0.046505	0.024
1675.6770000457764	38.921688	142	0	0.030692	0.017787
1677.1829998493195	223.410088	1548	0	0.030275	0.024
1677.6779999732971	3.523616	90	0	0.04513	0.017787
1678.880000114441	316.761624	1568	0	0.04512	0.024
1679.6699998378754	29.15764	124	0	0.032301	0.017787
1680.87700009346	256.51132	1548	0	0.026709	0.024
1681.5840001106262	25.728336	192	0	0.037743	0.036689
1681.6689999103546	17.808816	86	0	0.040503	0.017787
1682.3559997081757	12.551896	236	0	0.041859	0.036689
1682.8740000724792	345.376864	1658	0	0.027727	0.024
1683.1579999923706	12.551896	252	0	0.050036	0.036689
1683.6730000972748	19.901832	104	0	0.030834	0.017787
1684.1949999332428	23.441584	375	0	0.048713	0.036559
1684.87700009346	277.825792	1630	0	0.043658	0.024
1684.994999885559	23.441584	414	0	0.052555	0.036559
1685.6710000038147	23.68588	148	0	0.032051	0.017787
1685.9959998130798	110.080064	770	0	0.050342	0.036559
1686.9559998512268	9.227832	1631	0	0.376113	0.024
1687.537999868393	151.614408	1292	0	0.041707	0.036559
1687.6699998378754	44.92012	230	0	0.03034	0.017379
1688.5179998874664	74.3968	1583	0	0.051495	0.036559
1688.87700009346	373.270056	1832	0	0.025853	0.024
1689.6000001430511	207.662152	2267	0	0.044944	0.036559
1689.6730000972748	21.589648	224	0	0.155301	0.017379
1690.441999912262	207.662152	2511	0	0.05164	0.036559
1690.8709998130798	373.270056	1832	0	0.027605	0.024
1691.6730000972748	17.437168	74	0	0.062103	0.017379
1692.3980000019073	5.347064	1830	0	0.052262	0.036559
1692.8759999275208	379.699224	1886	0	0.029769	0.024
1693.276999950409	59.127568	1830	0	0.054164	0.036559
1693.6699998378754	20.298328	74	0	0.036642	0.017379
1694.003999710083	59.127568	1852	0	0.038522	0.036559
1694.87700009346	379.699224	1877	0	0.029358	0.024
1695.4379999637604	43.833144	1852	0	0.042148	0.036559
1695.6710000038147	18.699504	70	0	0.034722	0.017379
1696.8740000724792	379.699224	1902	0	0.034496	0.024
1697.075999736786	53.241064	1828	0	0.050448	0.036559
1697.6710000038147	5.271048	116	0	0.042619	0.017379
1698.0369999408722	156.907928	1828	0	0.046644	0.036559
1699.125	379.699224	1902	0	0.028789	0.024
1699.5539999008179	158.99756	1828	0	0.041371	0.036559
1699.6679997444153	23.611472	116	0	0.053915	0.017379
1701.1210000514984	379.699224	1902	0	0.027208	0.024
1701.5539999008179	7.914864	1792	0	0.04545	0.036559
1701.6689999103546	2.325808	104	0	0.059019	0.017379
1703.1219999790192	379.699224	1902	0	0.040591	0.024
1703.5539999008179	99.14568	1054	0	0.043535	0.036559
1703.6770000457764	10.956848	104	0	0.06467	0.017379
1705.1269998550415	379.699224	1894	0	0.026772	0.024
1705.5549998283386	163.334424	1086	0	0.048043	0.036559
1705.6689999103546	15.000144	78	0	0.034897	0.017379
1707.12299990654	170.225216	776	0	0.046254	0.024
1707.6710000038147	14.010816	68	0	0.04519	0.017379
1707.7949998378754	40.982712	1082	0	0.050432	0.036559
1709.12299990654	155.609144	776	0	0.027178	0.024
1709.6800000667572	11.833392	74	0	0.045876	0.017379
1709.7969999313354	8.871216	1082	0	0.040214	0.036559
1711.12299990654	140.462616	776	0	0.036083	0.024
1711.6710000038147	21.78824	102	0	0.036306	0.017379
1711.7949998378754	155.666504	1082	0	0.038442	0.036559
1713.1269998550415	180.708136	829	0	0.027003	0.024
1713.675999879837	11.12604	106	0	0.087072	0.017379
1713.7949998378754	40.559568	1030	0	0.05103	0.036559
1715.125	19.231632	872	0	0.02618	0.024
1715.6909999847412	14.452288	62	0	0.041398	0.017379
1717.1219999790192	190.62872	888	0	0.027022	0.024
1717.672000169754	10.782328	72	0	0.053561	0.017379
1719.12299990654	20.670608	992	0	0.027295	0.024
1719.6699998378754	16.56776	80	0	0.043736	0.017379
1721.1559998989105	203.925992	992	0	0.029958	0.024
1721.6740000247955	23.316696	88	0	0.028131	0.017379
1723.125	157.346664	1000	0	0.027332	0.024
1723.6710000038147	7.474264	92	0	0.047089	0.017379
1725.5159997940063	19.633136	1000	0	0.025792	0.024
1725.6689999103546	9.796712	90	0	0.055136	0.017379
1727.125	235.073224	1047	0	0.028406	0.024
1727.6689999103546	14.464768	70	0	0.037338	0.017379
1729.1259999275208	127.26596	1076	0	0.027161	0.024
1729.6740000247955	11.527152	70	0	0.039349	0.017379
1731.1210000514984	290.569936	1338	0	0.027524	0.024
1731.7249999046326	21.617576	104	0	0.044874	0.017379
1733.138000011444	290.569936	1338	0	0.02722	0.024397
1733.6689999103546	11.797352	88	0	0.066987	0.017379
1735.1269998550415	160.104744	1337	0	0.033051	0.024397
1735.6740000247955	7.978768	72	0	0.0502	0.017379
1737.12299990654	151.536	1358	0	0.037319	0.024397
1737.6770000457764	12.897248	68	0	0.034966	0.017379
1739.1239998340607	20.318752	732	0	0.02676	0.024397
1739.6710000038147	13.15124	68	0	0.031289	0.017379
1741.12299990654	141.14832	730	0	0.026413	0.024397
1741.6819999217987	6.878816	78	0	0.046999	0.017379
1743.1259999275208	141.14832	730	0	0.026096	0.024397
1743.6819999217987	19.267808	78	0	0.04656	0.017379
1745.1239998340607	141.14832	730	0	0.027116	0.024397
1745.672000169754	12.17572	74	0	0.060316	0.017379
1747.1259999275208	177.760648	830	0	0.027341	0.024397
1747.6710000038147	19.451464	84	0	0.035082	0.017379
1749.125	19.774816	858	0	0.029754	0.024397
1749.6829998493195	22.9208	92	0	0.04588	0.017379
1751.1239998340607	40.181024	858	0	0.030924	0.024397
1751.6689999103546	18.483608	92	0	0.044614	0.017379
1753.1280000209808	40.181024	858	0	0.026279	0.024397
1753.6699998378754	18.321848	92	0	0.042327	0.017379
1755.12299990654	141.29924	858	0	0.027091	0.024397
1755.6699998378754	5.242264	86	0	0.052693	0.017379
1757.1269998550415	141.29924	852	0	0.027439	0.024397
1757.6679997444153	13.14096	140	0	0.049735	0.017379
1759.1269998550415	141.29924	842	0	0.028904	0.024336
1759.6699998378754	14.148376	110	0	0.060617	0.017379
1761.1239998340607	134.888584	798	0	0.035255	0.024336
1761.6710000038147	8.812192	114	0	0.047684	0.017379
1763.1280000209808	19.860344	798	0	0.027127	0.024336
1763.6710000038147	24.51156	94	0	0.035183	0.017379
1765.12299990654	143.392496	798	0	0.027995	0.024336
1765.6679997444153	5.005072	98	0	0.042703	0.017379
1767.1280000209808	143.392496	798	0	0.025157	0.024336
1767.6740000247955	10.22864	98	0	0.045246	0.017379
1769.125	143.392496	4	0	0.028875	0.024336
1769.6689999103546	10.113296	98	0	0.050566	0.017379
1771.1219999790192	143.392496	798	0	0.027032	0.024336
1771.6800000667572	18.286104	80	0	0.044394	0.017379
1773.1289999485016	143.392496	808	0	0.028895	0.024336
1773.6669998168945	18.811336	80	0	0.033803	0.017379
1775.1289999485016	143.392496	808	0	0.028656	0.024336
1775.6710000038147	15.037952	98	0	0.042773	0.017379
1777.1239998340607	143.392496	806	0	0.027282	0.024336
1777.672000169754	10.202352	84	0	0.051526	0.017379
1779.1259999275208	167.401248	804	0	0.028097	0.024336
1779.6689999103546	19.00644	92	0	0.042464	0.017379
1781.1280000209808	165.841088	816	0	0.025728	0.024336
1781.6699998378754	11.276	78	0	0.048165	0.017379
1783.1289999485016	165.841088	816	0	0.026584	0.024336
1783.6679997444153	6.408224	80	0	0.049033	0.017379
1785.1259999275208	165.841088	816	0	0.02615	0.024336
1785.672000169754	11.813	90	0	0.047417	0.017379
1787.1289999485016	197.772528	902	0	0.026657	0.024336
1787.6879999637604	11.222528	88	0	0.038776	0.017379
1789.1280000209808	197.772528	902	0	0.027534	0.024336
1789.6740000247955	14.339712	90	0	0.069763	0.017379
1791.130999803543	207.159552	972	0	0.027034	0.024336
1791.6699998378754	13.111408	94	0	0.047748	0.017379
1793.1299998760223	207.159552	972	0	0.027598	0.024336
1793.6710000038147	11.884928	92	0	0.0566	0.017379
1795.125	221.722632	1040	0	0.028359	0.024336
1795.6740000247955	6.39852	90	0	0.050783	0.017379
1797.1319997310638	19.769448	1040	0	0.025412	0.024336
1797.672000169754	23.015536	106	0	0.041983	0.017379
1799.1289999485016	218.840832	1056	0	0.028099	0.024336
1799.6699998378754	4.004872	108	0	0.052139	0.017379
1801.1319997310638	215.057104	1054	0	0.025894	0.024336
1801.672000169754	14.419752	104	0	0.049523	0.017379
1803.1280000209808	267.721664	1238	0	0.027736	0.024336
1803.6749999523163	8.967088	90	0	0.045337	0.017379
1805.1299998760223	20.520808	1388	0	0.02592	0.024336
1805.6749999523163	13.707632	78	0	0.046917	0.017379
1807.1280000209808	222.388016	1388	0	0.037921	0.024336
1807.686999797821	24.131656	96	0	0.038784	0.017379
1809.1280000209808	224.09664	1388	0	0.037132	0.024336
1809.6710000038147	15.019232	140	0	0.058938	0.017379
1811.1289999485016	271.932304	1388	0	0.026152	0.024336
1811.6770000457764	16.668392	116	0	0.04296	0.017379
1813.1299998760223	264.148216	1224	0	0.02866	0.024336
1813.6749999523163	21.293224	108	0	0.04751	0.017379
1815.1280000209808	237.12112	1208	0	0.029742	0.024336
1815.6679997444153	14.150712	106	0	0.039495	0.017379
1817.1280000209808	237.12112	1208	0	0.027778	0.024336
1817.672000169754	22.275688	122	0	0.0362	0.017379
1819.1289999485016	237.12112	1206	0	0.039663	0.024336
1819.6730000972748	25.560696	132	0	0.046884	0.017379
1821.1280000209808	237.12112	1206	0	0.025374	0.024336
1821.6699998378754	15.214648	132	0	0.084485	0.017379
1823.130999803543	237.12112	1206	0	0.02926	0.024336
1823.672000169754	21.117056	206	0	0.073451	0.017379
1825.1280000209808	20.605432	96	0	0.025263	0.024336
1825.6699998378754	11.3392	148	0	0.063857	0.017379
1827.4079999923706	30.993688	140	0	0.026444	0.024336
1827.6710000038147	10.944752	108	0	0.047006	0.017379
1829.0610001087189	36.61916	186	0	0.026514	0.024336
1829.6710000038147	24.194144	116	0	0.047273	0.017379
1831.1319997310638	53.814024	244	0	0.026422	0.024336
1831.6829998493195	21.292536	108	0	0.053649	0.017379
1833.1280000209808	71.9426	338	0	0.026841	0.024336
1833.6770000457764	24.289864	106	0	0.045946	0.017379
1835.3210000991821	74.687296	364	0	0.026183	0.024336
1835.6699998378754	22.312168	132	0	0.04549	0.017379
1837.1269998550415	103.26788	492	0	0.025394	0.024336
1837.6710000038147	27.19168	146	0	0.050999	0.017379
1839.1269998550415	110.9246	594	0	0.025874	0.024336
1839.9279999732971	32.602752	166	0	0.04012	0.017379
1841.1259999275208	132.518448	614	0	0.026846	0.024336
1841.9229998588562	24.245304	162	0	0.061425	0.017379
1843.130999803543	146.97548	670	0	0.027369	0.024336
1843.9210000038147	11.506928	120	0	0.046073	0.017379
1845.1280000209808	153.927656	762	0	0.027195	0.024336
1845.9189999103546	23.171688	120	0	0.053377	0.017379
1847.130999803543	153.927656	762	0	0.027327	0.024336
1847.920000076294	17.883704	114	0	0.053004	0.017379
1849.1280000209808	153.927656	768	0	0.027013	0.024336
1849.9219999313354	11.717968	112	0	0.046663	0.017379
1851.1419999599457	94.46648	768	0	0.026977	0.024336
1851.9229998588562	24.055832	108	0	0.048231	0.017379
1853.1299998760223	161.865448	784	0	0.027016	0.024336
1853.923999786377	17.34408	138	0	0.035424	0.017379
1855.1280000209808	172.276504	826	0	0.027448	0.024336
1855.925999879837	24.2378	148	0	0.050992	0.017379
1857.130999803543	172.276504	826	0	0.029299	0.024336
1857.9269998073578	29.417744	154	0	0.043538	0.017379
1859.1289999485016	172.276504	826	0	0.029757	0.024336
1859.9289999008179	12.742992	154	0	0.04878	0.017379
1861.1360001564026	138.0008	826	0	0.029592	0.024336
1861.9219999313354	23.731656	158	0	0.050282	0.017379
1863.1319997310638	138.0008	826	0	0.026238	0.024336
1863.9219999313354	29.374408	209	0	0.044784	0.017379
1865.1299998760223	169.097616	822	0	0.025832	0.024336
1865.923999786377	20.815016	146	0	0.043606	0.017379
1867.1509997844696	169.097616	817	0	0.027596	0.024336
1867.9279999732971	29.45484	142	0	0.043611	0.017379
1869.1280000209808	135.243184	618	0	0.036314	0.024336
1869.5079998970032	3.113832	594	0	0.092859	0.074936
1869.6740000247955	4.213944	594	15	0.086618	0.074936
1869.824000120163	4.213944	598	0	0.092398	0.074936
1869.9069998264313	4.213944	598	0	0.086025	0.074936
1869.9279999732971	3.766664	138	0	0.064307	0.017379
1869.9959998130798	4.807392	598	0	0.082946	0.074936
1870.0800001621246	4.807392	598	0	0.081494	0.074936
1870.1689999103546	6.266488	598	0	0.08046	0.074936
1870.2850000858307	13.080904	598	0	0.080578	0.074936
1871.130999803543	132.824992	658	0	0.026817	0.024336
1871.2179999351501	48.1918	642	0	0.080571	0.074725
1871.9219999313354	11.882152	118	0	0.046308	0.017379
1873.1289999485016	146.678752	660	0	0.02739	0.024336
1873.2269999980927	48.843088	680	0	0.080908	0.074725
1873.9229998588562	19.791736	120	0	0.039965	0.017379
1875.1299998760223	139.713432	674	0	0.028185	0.024336
1875.9219999313354	10.838456	116	0	0.040318	0.017379
1877.1280000209808	139.713432	666	0	0.026627	0.024336
1877.9279999732971	23.09032	130	0	0.036568	0.017379
1879.1269998550415	164.061664	776	0	0.026706	0.024336
1879.9219999313354	27.05148	120	0	0.040752	0.017379
1881.1299998760223	171.961632	784	0	0.026098	0.024336
1881.923999786377	20.632888	114	0	0.051535	0.017379
1883.1269998550415	171.961632	784	0	0.027255	0.024336
1883.9229998588562	12.61116	118	0	0.04662	0.017379
1885.1299998760223	171.961632	784	0	0.026422	0.024336
1885.9210000038147	26.406896	102	0	0.041467	0.017379
1887.1389999389648	171.961632	784	0	0.026726	0.024336
1887.9300000667572	39.461816	142	0	0.036799	0.017379
1889.130999803543	171.961632	784	0	0.02808	0.024336
1889.9219999313354	33.621328	204	0	0.043665	0.017379
1891.1269998550415	171.961632	786	0	0.028586	0.024336
1891.9249999523163	32.834952	166	0	0.039851	0.017379
1893.1269998550415	180.421872	876	0	0.03003	0.024336
1893.9229998588562	8.316288	166	0	0.070688	0.017379
1895.1280000209808	180.421872	876	0	0.027567	0.024336
1895.9229998588562	26.535168	166	0	0.064635	0.017379
1897.1330001354218	195.457392	964	0	0.026496	0.024336
1897.9429998397827	14.14168	100	0	0.044569	0.017379
1899.1319997310638	222.9742	1035	0	0.026867	0.024336
1900.0149998664856	11.643712	110	0	0.04191	0.017379
1901.1289999485016	222.9742	1048	0	0.026436	0.024336
1901.9349999427795	12.01196	108	0	0.043714	0.017379
1903.1340000629425	219.861392	1060	0	0.026963	0.024336
1903.925999879837	23.796184	134	0	0.04038	0.017379
1905.130999803543	219.861392	1060	0	0.028361	0.024336
1905.9229998588562	13.927256	134	0	0.05755	0.017379
1907.1319997310638	190.465792	1060	0	0.029686	0.024336
1908.0490000247955	4.511288	112	0	0.068137	0.017379
1909.1299998760223	190.465792	1060	0	0.042086	0.024336
1909.923999786377	21.468632	114	0	0.043874	0.017379
1911.1340000629425	190.465792	1060	0	0.030726	0.024336
1911.923999786377	23.68716	114	0	0.037024	0.017379
1913.1269998550415	190.465792	1060	0	0.036136	0.024336
1913.925999879837	20.536104	136	0	0.033465	0.017379
1915.1319997310638	190.465792	1060	0	0.028548	0.024336
1915.9219999313354	17.224688	90	0	0.035318	0.017379
1917.1330001354218	195.615216	1054	0	0.027302	0.024336
1917.9649999141693	27.782888	104	0	0.03436	0.017379
1919.1340000629425	195.615216	1054	0	0.027728	0.024336
1919.9249999523163	6.350544	104	0	0.071181	0.017379
1921.130999803543	195.615216	1054	0	0.027881	0.024336
1921.9249999523163	26.417536	104	0	0.036087	0.017379
1923.1289999485016	227.175456	1094	0	0.028388	0.024336
1923.925999879837	14.394872	118	0	0.053919	0.017379
1925.1349999904633	18.55396	1080	0	0.026514	0.024336
1925.930999994278	22.188064	118	0	0.049742	0.017379
1927.1319997310638	64.0068	1078	0	0.032534	0.024336
1927.925999879837	12.782576	118	0	0.058688	0.017379
1929.1340000629425	101.100384	1094	0	0.029528	0.024336
1930.0410001277924	6.44692	82	0	0.055884	0.017379
1931.1330001354218	18.285056	462	0	0.030093	0.024336
1932.0389997959137	13.740808	78	0	0.055874	0.017379
1933.1319997310638	109.935728	570	0	0.027496	0.024336
1933.9279999732971	24.010232	102	0	0.034167	0.017379
1935.1330001354218	132.038016	600	0	0.024813	0.024336
1935.9289999008179	34.1806	124	0	0.042983	0.017379
1937.1349999904633	142.080488	4	0	0.028324	0.024336
1937.925999879837	32.999152	154	0	0.036133	0.017379
1939.1299998760223	155.71664	768	0	0.027788	0.024336
1939.923999786377	18.79336	154	0	0.08521	0.017379
1941.1349999904633	165.686088	818	0	0.02725	0.024336
1941.9269998073578	33.953488	122	0	0.04451	0.017379
1943.1319997310638	169.84648	888	0	0.028027	0.024336
1943.9360001087189	18.972016	94	0	0.058176	0.017379
1945.3819999694824	188.281872	920	0	0.026778	0.024336
1945.941999912262	21.199216	80	0	0.056293	0.017379
1947.1319997310638	209.174456	944	0	0.026152	0.024336
1947.923999786377	27.98296	94	0	0.039782	0.017379
1949.1799998283386	189.71476	954	0	0.025161	0.024336
1949.925999879837	15.571104	94	0	0.037858	0.017379
1951.3799998760223	222.255696	1034	0	0.027689	0.024336
1951.925999879837	35.282984	122	0	0.035905	0.017379
1953.3869998455048	242.831336	1112	0	0.027344	0.024336
1953.9249999523163	17.1918	122	0	0.042705	0.017379
1955.3849999904633	19.810168	1118	0	0.02894	0.024336
1955.930999994278	16.666104	140	0	0.082127	0.017379
1957.3869998455048	249.560504	1118	0	0.028491	0.024336
1957.925999879837	19.382928	228	0	0.116415	0.017379
1959.3829998970032	248.443848	1204	0	0.027599	0.024336
1959.9279999732971	21.609912	136	0	0.054045	0.017379
1961.3840000629425	151.23824	1204	0	0.048173	0.024336
1961.923999786377	23.647224	122	0	0.054452	0.017379
1963.3810000419617	167.217992	1204	0	0.025785	0.024336
1963.925999879837	13.9392	116	0	0.087755	0.017379
1965.3810000419617	239.388672	1204	0	0.026751	0.024336
1965.9249999523163	11.691496	90	0	0.053073	0.017379
1967.3840000629425	239.388672	4	0	0.0291	0.024336
1967.9279999732971	20.466088	104	0	0.035032	0.017379
1969.3849999904633	239.388672	1208	0	0.026356	0.024336
1969.9249999523163	11.15568	106	0	0.045498	0.017379
1971.3869998455048	239.388672	1208	0	0.028572	0.024336
1971.9269998073578	20.082208	96	0	0.045016	0.017379
1973.3849999904633	252.870744	1240	0	0.028028	0.024336
1973.925999879837	19.2028	86	0	0.033023	0.017379
1975.398999929428	275.061056	1328	0	0.035245	0.024336
1975.9319999217987	22.674176	106	0	0.036794	0.017379
1977.385999917984	229.463016	1310	0	0.041883	0.024336
1977.9249999523163	33.319856	134	0	0.032457	0.017379
1979.3879997730255	18.740888	1307	0	0.029387	0.024336
1979.925999879837	18.58748	96	0	0.059154	0.017379
1981.385999917984	156.629712	1324	0	0.056509	0.024336
1981.9279999732971	25.706648	102	0	0.051473	0.017379
1983.3869998455048	277.535768	1324	0	0.026925	0.024336
1983.930999994278	12.074984	90	0	0.051349	0.017379
1985.3849999904633	155.802192	1366	0	0.052108	0.024336
1985.9269998073578	23.421032	104	0	0.039289	0.017379
1987.398999929428	245.646768	1441	0	0.026087	0.024336
1987.9389998912811	27.736792	112	0	0.03212	0.017628
1989.3849999904633	245.646768	1462	0	0.03796	0.024336
1989.9619998931885	24.587496	154	0	0.034969	0.017628
1991.3849999904633	291.282824	1484	0	0.028307	0.024336
1991.9300000667572	12.110408	154	0	0.081461	0.017628
1993.593999862671	251.994328	1592	0	0.027616	0.024336
1993.9269998073578	40.134456	146	0	0.035356	0.017628
1995.5440001487732	362.314504	1696	0	0.027347	0.024336
1995.9530000686646	26.046064	168	0	0.041497	0.017628
1997.3909997940063	235.366528	1672	0	0.028284	0.024336
1997.9389998912811	12.368944	108	0	0.056895	0.017628
1999.3869998455048	221.882744	1696	0	0.04971	0.024336
1999.9370000362396	25.68836	118	0	0.037307	0.017628
2001.3849999904633	139.693504	1649	0	0.031999	0.024336
2001.9279999732971	29.381472	136	0	0.048861	0.017628
2003.3829998970032	260.895256	1682	0	0.027005	0.024336
2003.9249999523163	22.68556	126	0	0.044446	0.017628
2005.3869998455048	260.895256	1678	0	0.039211	0.024336
2005.9349999427795	29.30392	114	0	0.058188	0.017628
2007.3840000629425	19.655848	1262	0	0.028157	0.024336
2007.9680001735687	41.68092	156	0	0.033303	0.017628
2009.3829998970032	211.552304	1262	0	0.030753	0.024336
2009.9340000152588	19.681776	156	0	0.047398	0.017628
2011.6930000782013	19.721256	1262	0	0.02754	0.024336
2011.9279999732971	28.681072	156	0	0.061537	0.017628
2013.3869998455048	102.383368	1262	0	0.028128	0.024336
2013.925999879837	30.375728	148	0	0.055077	0.017628
2015.3840000629425	214.752448	1254	0	0.031644	0.024336
2015.9279999732971	18.53968	172	0	0.063822	0.017628
2017.4049999713898	214.752448	1254	0	0.029036	0.024336
2017.9300000667572	21.211456	154	0	0.05916	0.017628
2019.3829998970032	212.443144	986	0	0.041792	0.024336
2019.930999994278	37.65492	158	0	0.035569	0.017628
2021.2929999828339	14.748144	1138	0	0.026141	0.024336
2021.9349999427795	11.178728	154	0	0.125018	0.017628
2023.3879997730255	228.361144	1158	0	0.029087	0.024336
2023.9300000667572	24.254584	118	0	0.07445	0.017628
2025.3840000629425	228.361144	4	0	0.029179	0.024336
2025.9279999732971	2.203352	116	0	0.078602	0.017628
2027.3799998760223	228.361144	1159	0	0.026001	0.024336
2027.933000087738	13.468192	108	0	0.059014	0.017628
2029.3819999694824	228.361144	1176	0	0.027331	0.024336
2029.925999879837	8.6388	106	0	0.066722	0.017628
2031.385999917984	228.361144	1176	0	0.025682	0.024336
2031.9289999008179	12.777976	108	0	0.048886	0.017628
2033.3840000629425	228.361144	1176	0	0.027641	0.024336
2033.9379999637604	11.030312	104	0	0.062135	0.017628
2035.3889999389648	228.361144	1176	0	0.025807	0.024336
2035.9360001087189	7.94992	120	0	0.063121	0.017628
2037.9409999847412	14.8854	110	0	0.052044	0.017628
2038.2960000038147	291.744624	1412	0	0.029273	0.024336
2039.954999923706	19.819592	146	0	0.0406	0.017628
2040.3120000362396	289.23412	1496	0	0.029804	0.024336
2041.9700000286102	31.808272	148	0	0.038362	0.017628
2042.186999797821	267.138128	1520	0	0.02922	0.024336
2043.4670000076294	22.589696	1496	0	0.027202	0.024336
2043.957999944687	18.890896	168	0	0.044044	0.017628
2045.3849999904633	22.938608	1492	0	0.026092	0.024336
2045.9300000667572	18.890896	168	0	0.05008	0.017628
2047.3829998970032	64.748192	1516	0	0.034333	0.024336
2047.941999912262	18.890896	166	0	0.061926	0.017628
2049.3879997730255	31.268912	450	0	0.030569	0.024336
2049.941999912262	18.890896	166	0	0.065101	0.017628
2051.3879997730255	31.268912	450	0	0.025802	0.024336
2051.927999973297	18.890896	166	0	0.052629	0.017628
2053.3879997730255	112.235976	550	0	0.027262	0.024336
2053.930999994278	15.85684	218	0	0.05714	0.017628
2055.933000087738	25.79212	148	0	0.033921	0.017628
2056.1610000133514	19.764848	695	0	0.027111	0.024336
2057.944999933243	19.751288	138	0	0.041092	0.017607
2059.2560000419617	175.037408	820	0	0.028021	0.024336
2059.9429998397827	37.452448	148	0	0.027013	0.017607
2061.4930000305176	225.612896	1038	0	0.027832	0.024359
2061.9379999637604	20.6144	94	0	0.038602	0.017607
2063.3819999694824	157.676112	1158	0	0.037209	0.024359
2063.927999973297	11.23052	118	0	0.037621	0.017607
2065.055999994278	217.904872	1238	0	0.037804	0.024359
2065.927999973297	35.872472	128	0	0.03195	0.017607
2066.0099999904633	205.883272	1238	0	0.055623	0.024359
2067.393000125885	205.883272	1238	0	0.028801	0.024359
2067.9459998607635	27.970272	126	0	0.029195	0.017607
2069.928999900818	37.359696	156	0	0.043917	0.017607
2071.926999807358	40.05584	166	0	0.031667	0.017574
2073.9379999637604	17.688032	88	0	0.062367	0.017574
2075.928999900818	18.986336	122	0	0.040312	0.017574
2076.728000164032	106.174728	980	0	0.027433	0.024359
2077.933000087738	9.600104	142	0	0.051614	0.017574
2078.2359998226166	203.33136	1096	0	0.028877	0.024359
2079.2779998779297	237.392936	1100	0	0.027266	0.024359
2079.934000015259	26.474432	210	0	0.033614	0.017574
2080.569000005722	6.908784	1158	0	0.029387	0.024359
2081.8759999275208	272.700128	1268	0	0.028678	0.024359
2081.926999807358	59.759696	236	0	0.037356	0.017574
2083.3399999141693	275.693512	1514	0	0.028649	0.024359
2083.925999879837	13.800776	342	0	0.243851	0.017574
2085.082000017166	345.204848	1600	0	0.028032	0.024359
2085.773999929428	345.204848	1622	0	0.027943	0.024359
2085.925999879837	13.800776	338	0	0.205437	0.017574
2086.246999979019	26.43584	1618	0	0.028831	0.024359
2087.3899998664856	98.764112	1618	0	0.048516	0.024359
2087.925999879837	14.417496	324	0	0.187444	0.017574
2089.398999929428	98.764112	1618	0	0.027447	0.024359
2089.930999994278	20.115952	326	0	0.115219	0.017574
2091.3879997730255	98.764112	1618	0	0.030519	0.024359
2091.925999879837	28.763584	284	0	0.080592	0.017574
2093.3879997730255	98.764112	1618	0	0.026445	0.024359
2094.186999797821	21.732712	148	0	0.079339	0.017574
2095.3849999904633	112.632344	1618	0	0.030203	0.024359
2096.1760001182556	31.494712	124	0	0.046241	0.017574
2097.3869998455048	118.300144	1618	0	0.035424	0.024359
2098.1829998493195	31.296192	120	0	0.046327	0.017574
2099.3840000629425	118.300144	1628	0	0.027731	0.024359
2100.2290000915527	28.901848	116	0	0.041099	0.017574
2101.385999917984	118.300144	1628	0	0.033864	0.024359
2102.178999900818	5.388432	114	0	0.05048	0.017574
2103.3849999904633	20.419688	96	0	0.02488	0.024359
2104.180999994278	22.851328	118	0	0.041245	0.017574
2105.3849999904633	31.16388	143	0	0.026453	0.024359
2106.177999973297	27.38244	106	0	0.034899	0.017574
2107.3849999904633	33.702048	180	0	0.026497	0.024359
2107.99599981308	22.100816	180	0	0.039774	0.017574
2109.385999917984	33.702048	180	0	0.02671	0.024359
2110.186999797821	22.100816	114	0	0.035767	0.017574
2111.4049999713898	33.702048	184	0	0.026749	0.024359
2112.177999973297	22.100816	112	0	0.039488	0.017574
2113.388999938965	51.385224	234	0	0.025391	0.024359
2114.180999994278	15.037544	124	0	0.039372	0.017574
2115.388999938965	65.001256	306	0	0.026378	0.024359
2116.180999994278	20.29596	136	0	0.047862	0.017574
2117.388999938965	90.854896	422	0	0.025596	0.024359
2118.1770000457764	19.26628	112	0	0.060738	0.017574
2119.3899998664856	94.25616	520	0	0.027029	0.024359
2120.1770000457764	20.902512	116	0	0.046439	0.017574
2121.3899998664856	94.25616	518	0	0.027613	0.024359
2122.1900000572205	5.249504	116	0	0.050387	0.017574
2123.3879997730255	108.882064	524	0	0.025848	0.024359
2124.178999900818	15.41276	116	0	0.051804	0.017574
2125.3879997730255	127.586344	654	0	0.028598	0.024359
2126.178999900818	25.114224	140	0	0.030497	0.017574
2127.388999938965	127.586344	654	0	0.025866	0.024359
2128.1760001182556	27.900104	128	0	0.037451	0.017574
2129.3899998664856	155.422192	756	0	0.026644	0.024359
2130.1799998283386	8.718104	132	0	0.042192	0.017574
2131.3920001983643	139.554368	770	0	0.027603	0.024359
2131.996999979019	21.978736	132	0	0.036953	0.017574
2133.7789998054504	193.29632	914	0	0.026969	0.024359
2134.21799993515	22.8766	120	0	0.04704	0.017574
2135.5680000782013	203.982992	952	0	0.026942	0.024359
2136.209000110626	13.327296	92	0	0.087968	0.017574
2137.3940000534058	201.511136	977	0	0.026113	0.024359
2138.082999944687	2.154016	40	4	0.159133	0.017574
2139.385999917984	233.151664	1063	0	0.027625	0.024359
2140.2219998836517	4.184536	54	0	0.031539	0.017449
2141.3940000534058	219.367128	1064	0	0.027285	0.024359
2142.178999900818	14.681312	86	0	0.030963	0.017449
2143.4089999198914	253.815784	1120	0	0.026771	0.024359
2144.177999973297	35.22236	120	0	0.032854	0.017162
2145.393000125885	253.815784	1162	0	0.027979	0.024359
2146.180999994278	17.126648	120	0	0.066849	0.017162
2147.388999938965	254.050168	1162	0	0.025387	0.024359
2148.184000015259	24.048272	122	0	0.052064	0.017162
2149.388999938965	261.825288	1198	0	0.030162	0.024359
2150.1770000457764	26.60536	120	0	0.044207	0.017162
2151.3899998664856	215.911784	1218	0	0.02584	0.024359
2152.177999973297	16.443576	102	0	0.039787	0.017162
2153.3879997730255	215.911784	4	0	0.02837	0.024359
2154.178999900818	21.462944	116	0	0.045873	0.017162
2155.3920001983643	215.911784	1207	0	0.026371	0.024359
2156.1819999217987	12.922464	98	0	0.040056	0.017162
2157.3920001983643	253.77416	1226	0	0.028584	0.024359
2158.178999900818	10.01856	90	0	0.066009	0.017162
2159.3909997940063	250.288568	1228	0	0.028063	0.024359
2160.180999994278	12.276704	78	0	0.038847	0.017162
2161.388999938965	186.950928	1228	0	0.027375	0.024359
2162.1979999542236	26.364736	96	0	0.040711	0.017162
2163.3909997940063	260.97024	1280	0	0.026994	0.024359
2164.1770000457764	20.27236	98	0	0.042879	0.017162
2165.8980000019073	229.305736	1276	0	0.026641	0.024359
2166.1819999217987	22.570768	98	0	0.035311	0.017162
2167.393000125885	231.878488	1274	0	0.027934	0.024359
2168.1799998283386	7.0612	104	0	0.041627	0.017162
2169.3920001983643	231.878488	1274	0	0.026947	0.024359
2170.1799998283386	11.795352	104	0	0.041135	0.017162
2171.3879997730255	231.878488	1274	0	0.028204	0.024359
2172.1890001296997	25.715904	118	0	0.039106	0.017162
2173.3909997940063	193.32008	884	0	0.02801	0.024359
2174.1849999427795	19.473384	128	0	0.049725	0.017162
2175.3899998664856	191.821736	884	0	0.025741	0.024359
2176.1859998703003	28.0164	152	0	0.059592	0.017162
2177.3899998664856	181.0612	880	0	0.028013	0.024359
2178.178999900818	3.208984	132	0	0.078687	0.017162
2179.3899998664856	183.261296	962	0	0.027778	0.024359
2180.035999774933	18.282336	92	0	0.051477	0.017162
2181.3920001983643	189.80212	962	0	0.028007	0.024359
2182.178999900818	16.522584	114	0	0.040463	0.017162
2183.398999929428	189.80212	978	0	0.028648	0.024359
2184.186999797821	9.197768	114	0	0.056326	0.017162
2185.3940000534058	202.166824	1140	0	0.025319	0.024359
2186.180999994278	32.539904	122	0	0.035968	0.017162
2187.3980000019073	219.243152	1222	0	0.038125	0.024359
2188.186999797821	9.963272	98	0	0.052944	0.017162
2189.3920001983643	19.82404	1276	0	0.027601	0.024359
2190.184000015259	14.31336	102	0	0.048511	0.017162
2191.3940000534058	276.495472	1372	0	0.028612	0.024359
2192.1859998703003	17.435864	140	0	0.038085	0.017162
2193.3949999809265	234.18036	1372	0	0.036314	0.024359
2194.2480001449585	11.522624	144	0	0.068062	0.017162
2195.388999938965	271.496712	1372	0	0.028073	0.024359
2196.1819999217987	13.466504	114	0	0.060806	0.017162
2197.3920001983643	143.484368	1382	0	0.026034	0.024359
2198.1819999217987	24.452192	138	0	0.061042	0.017162
2199.6419999599457	274.425856	1301	0	0.027152	0.024359
2200.1799998283386	22.67172	112	0	0.039057	0.017162
2201.6419999599457	306.359672	1434	0	0.027788	0.024359
2202.184000015259	15.687896	104	0	0.035146	0.017162
2203.5520000457764	20.226024	1434	0	0.027417	0.024359
2204.1799998283386	22.336408	124	0	0.037838	0.017162
2205.6419999599457	295.442408	1432	0	0.029516	0.024359
2206.178999900818	29.169336	126	0	0.03751	0.017162
2207.641000032425	144.199168	1432	0	0.058173	0.024359
2208.180999994278	18.48864	132	0	0.059853	0.017162
2209.6449999809265	267.68768	1432	0	0.025924	0.024359
2210.1859998703003	20.966736	130	0	0.037048	0.017162
2211.646999835968	267.68768	1432	0	0.091212	0.024359
2212.1799998283386	11.973848	58	0	0.089159	0.017162
2213.6429998874664	267.68768	1432	0	0.039589	0.024359
2214.1819999217987	10.83232	64	0	0.045353	0.017162
2215.641000032425	267.68768	1436	0	0.038205	0.024359
2216.1819999217987	11.96304	78	0	0.035083	0.017162
2217.6610000133514	267.68768	1430	0	0.029217	0.024359
2218.2080001831055	18.57108	84	0	0.036657	0.017162
2219.640000104904	18.566128	88	0	0.027882	0.024359
2220.1799998283386	12.90504	82	0	0.037711	0.017162
2221.6419999599457	31.29636	140	0	0.026573	0.024359
2222.1799998283386	23.697088	98	0	0.033465	0.017162
2223.6449999809265	36.822736	176	0	0.026473	0.024359
2224.1900000572205	20.001328	106	0	0.039085	0.017162
2225.6879999637604	49.418648	226	0	0.026517	0.024359
2226.1799998283386	16.504568	130	0	0.04208	0.017162
2227.5490000247955	63.506448	292	0	0.026085	0.024394
2228.178999900818	27.97464	214	0	0.045641	0.017162
2229.646999835968	73.085168	378	0	0.027137	0.024394
2230.1799998283386	27.256712	214	0	0.060999	0.017162
2231.434000015259	81.972896	456	0	0.027188	0.024394
2232.180999994278	11.759648	214	0	0.185044	0.017162
2233.641000032425	101.0536	484	0	0.026972	0.024394
2234.177999973297	28.377872	148	0	0.05401	0.017162
2235.6429998874664	101.0536	484	0	0.029592	0.024394
2236.1799998283386	25.446064	138	0	0.05294	0.017162
2237.6519997119904	101.0536	484	0	0.027141	0.024394
2238.180999994278	25.42668	110	0	0.043167	0.017162
2239.6449999809265	124.848688	592	0	0.027314	0.024394
2240.178999900818	16.255144	128	0	0.047444	0.017162
2241.6480000019073	135.148664	606	0	0.027886	0.024394
2242.1849999427795	12.387752	128	0	0.049903	0.017162
2243.6449999809265	135.148664	616	0	0.027915	0.024394
2244.1799998283386	30.422192	126	0	0.043096	0.017162
2245.643999814987	112.36212	696	0	0.036836	0.024394
2246.186999797821	26.442136	124	0	0.036909	0.017162
2247.641000032425	148.805512	714	0	0.027668	0.024394
2248.1819999217987	28.676752	118	0	0.036318	0.017162
2249.6429998874664	148.805512	714	0	0.027082	0.024394
2250.1799998283386	28.754696	116	0	0.031718	0.017162
2251.4629998207092	165.485712	784	0	0.027262	0.024394
2252.186999797821	12.023656	112	0	0.039207	0.017162
2253.6459999084473	165.485712	784	0	0.02708	0.024394
2254.1799998283386	19.661352	130	0	0.035514	0.017162
2255.648999929428	165.485712	786	0	0.027813	0.024394
2256.1829998493195	33.178408	126	0	0.033591	0.017162
2257.6429998874664	19.736528	794	0	0.028583	0.024387
2258.180999994278	15.94204	162	0	0.049054	0.017162
2259.6449999809265	108.057112	794	0	0.043693	0.024387
2260.180999994278	13.564256	146	0	0.041089	0.017162
2261.6530001163483	179.55596	858	0	0.026306	0.024387
2262.178999900818	32.252904	146	0	0.051974	0.017162
2263.6459999084473	179.55596	858	0	0.026404	0.024387
2264.178999900818	13.00776	124	0	0.059095	0.017162
2265.6480000019073	211.850464	925	0	0.02697	0.024387
2266.180999994278	28.215968	142	0	0.037505	0.017162
2267.6449999809265	211.850464	984	0	0.026794	0.024387
2268.1890001296997	20.022448	142	0	0.050897	0.017162
2269.646999835968	213.459128	980	0	0.02762	0.024387
2270.1849999427795	27.762464	170	0	0.039038	0.017162
2271.6459999084473	19.73424	1086	0	0.026669	0.024387
2272.1829998493195	21.338136	118	0	0.047097	0.017162
2273.6459999084473	248.154152	1136	0	0.026208	0.024387
2274.184000015259	18.842128	122	0	0.04014	0.017162
2275.6449999809265	242.124584	1152	0	0.026002	0.024387
2276.1819999217987	20.98304	112	0	0.041661	0.017162
2277.6449999809265	241.56596	1152	0	0.027702	0.024387
2278.1849999427795	11.805328	122	0	0.046359	0.017162
2279.6589999198914	234.94184	1334	0	0.035517	0.024387
2280.187999725342	22.45688	146	0	0.05806	0.017162
2281.656000137329	278.029608	1361	0	0.027205	0.024387
2282.1849999427795	28.101112	160	0	0.055177	0.017162
2283.649999856949	329.284616	1664	0	0.028341	0.024387
2284.1829998493195	26.05596	122	0	0.047663	0.017162
2285.6459999084473	303.537424	1664	0	0.027475	0.024387
2286.194000005722	13.117784	132	0	0.047166	0.017162
2288.1900000572205	12.577056	132	0	0.055622	0.017162
2289.358999967575	310.122832	1688	0	0.039027	0.024387
2290.1819999217987	25.423584	136	0	0.045065	0.017162
2291.2229998111725	257.527296	1688	0	0.028711	0.024387
2292.180999994278	5.75848	136	0	0.070564	0.017162
2292.9649999141693	338.453832	1676	0	0.029488	0.024387
2294.1900000572205	26.206456	150	0	0.048413	0.017162
2294.9509999752045	365.400832	1738	0	0.028998	0.024387
2296.0299999713898	236.518056	1732	0	0.025779	0.02437
2296.1900000572205	26.396776	138	0	0.040432	0.017162
2297.6429998874664	228.222888	1732	0	0.029713	0.02437
2298.1930000782013	31.74612	138	0	0.045867	0.017162
2299.6429998874664	19.844104	1732	0	0.027741	0.02437
2300.190999984741	31.74612	166	0	0.038365	0.017162
2301.643999814987	25.812664	1036	0	0.028957	0.02437
2302.1859998703003	31.74612	164	0	0.035244	0.017162
2303.648999929428	29.345152	1036	0	0.027225	0.02437
2304.1829998493195	31.74612	164	0	0.034842	0.017162
2305.6429998874664	17.563488	136	0	0.02566	0.02437
2306.186999797821	32.32192	134	0	0.035166	0.017162
2307.6449999809265	53.016896	264	0	0.027411	0.02437
2308.1849999427795	3.59916	134	0	0.041197	0.017162
2309.65700006485	67.336672	326	0	0.028417	0.02437
2310.190999984741	32.005784	132	0	0.04276	0.017162
2311.6459999084473	91.843736	432	0	0.027289	0.02437
2312.1859998703003	27.313096	146	0	0.036856	0.017162
2313.646999835968	103.97912	596	0	0.027657	0.02437
2314.184000015259	35.329528	146	0	0.04348	0.017162
2315.8740000724792	126.616464	630	0	0.027874	0.02437
2316.1849999427795	14.618696	132	0	0.048485	0.017162
2317.6519997119904	117.969744	806	0	0.036693	0.02437
2318.1829998493195	16.436272	148	0	0.079883	0.017162
2319.646999835968	183.229504	840	0	0.0298	0.02437
2320.197000026703	13.140816	104	0	0.056823	0.017162
2321.6770000457764	182.16148	916	0	0.027076	0.02437
2322.1799998283386	12.054904	70	0	0.032709	0.017162
2323.6210000514984	182.16148	924	0	0.026261	0.02437
2324.2000000476837	12.709976	70	0	0.060973	0.017162
2325.654000043869	193.871344	4	0	0.030511	0.02437
2326.187999725342	18.06208	66	0	0.035014	0.017162
2327.6480000019073	205.372376	1024	0	0.028267	0.02437
2328.1920001506805	6.639088	68	0	0.052565	0.017162
2329.6459999084473	205.372376	1014	0	0.026286	0.02437
2330.1819999217987	20.258784	78	0	0.052723	0.017162
2331.649999856949	205.372376	1014	0	0.027731	0.02437
2332.184000015259	15.579032	78	0	0.035502	0.017162
2333.6549999713898	20.634536	1014	0	0.027577	0.02437
2334.1829998493195	15.579032	78	0	0.046903	0.017162
2335.6480000019073	39.052376	1014	0	0.028487	0.02437
2336.6669998168945	5.244104	76	0	0.041872	0.017162
2337.6480000019073	229.915616	1050	0	0.028551	0.02437
2338.190999984741	22.301336	88	0	0.034422	0.017162
2339.654000043869	229.915616	1044	0	0.027341	0.02437
2340.1859998703003	8.794872	100	0	0.038582	0.017162
2341.6449999809265	241.222224	1053	0	0.0282	0.02437
2342.209000110626	23.863376	114	0	0.036624	0.017162
2343.6480000019073	220.509144	1336	0	0.025896	0.02437
2344.186999797821	7.362888	106	0	0.089459	0.017162
2345.648999929428	268.011376	1336	0	0.02861	0.02437
2346.1890001296997	10.51012	86	0	0.05538	0.017162
2347.565999984741	268.011376	1354	0	0.02618	0.02437
2348.4359998703003	17.034192	78	0	0.053002	0.017162
2349.6449999809265	320.281456	1449	0	0.027765	0.02437
2350.4400000572205	0.436296	112	0	0.038579	0.017162
2351.6449999809265	335.585016	1629	0	0.028106	0.02437
2352.4439997673035	9.073016	108	0	0.049055	0.017162
2353.646999835968	338.941688	1656	0	0.026947	0.02437
2354.4439997673035	13.836808	72	0	0.030767	0.017162
2355.6459999084473	338.941688	1656	0	0.027825	0.02437
2356.4359998703003	22.260088	88	0	0.038323	0.017162
2357.6740000247955	338.941688	1656	0	0.02625	0.02437
2358.4379999637604	13.823696	94	0	0.040827	0.017162
2359.6449999809265	338.941688	1656	0	0.030215	0.02437
2360.4500000476837	1.470936	66	0	0.04821	0.017162
2361.646999835968	338.941688	1656	0	0.032555	0.02437
2362.3250000476837	7.06196	66	0	0.062861	0.017162
2363.659999847412	338.941688	1710	0	0.076311	0.02437
2364.444999933243	6.3842	66	0	0.053264	0.017162
2365.649999856949	338.941688	1676	0	0.027531	0.02437
2366.4359998703003	15.995232	66	0	0.031678	0.017162
2367.6480000019073	20.509248	96	0	0.027491	0.02437
2368.4370000362396	17.142856	90	0	0.036751	0.017162
2369.649999856949	38.31532	196	0	0.026354	0.02437
2370.71799993515	18.120104	114	0	0.034346	0.017162
2371.6480000019073	51.748088	270	0	0.025881	0.02437
2372.819000005722	23.06676	124	0	0.037458	0.017162
2372.880000114441	14.224016	124	0	0.03617	0.017162
2372.9219999313354	14.224016	128	1	0.034086	0.017162
2372.979999780655	0.468336	128	0	0.033263	0.017162
2373.0240001678467	6.642176	128	0	0.032811	0.017162
2373.0629999637604	11.805928	128	0	0.032538	0.017162
2373.1159999370575	31.37676	120	0	0.032282	0.017162
2373.180999994278	31.37676	120	21	0.031991	0.017162
2373.648999929428	52.420792	358	0	0.035284	0.02437
2375.646999835968	79.497632	390	0	0.027279	0.02437
2377.6519997119904	100.678712	456	0	0.027505	0.02437
2379.6509997844696	148.892392	686	0	0.026337	0.02437
2381.646999835968	160.236296	792	0	0.026967	0.02437
2384.4370000362396	202.773136	984	0	0.026997	0.02437
2386.1819999217987	213.86456	1024	0	0.026786	0.02437
2387.649999856949	169.196192	1040	0	0.036109	0.02437
2389.648999929428	255.693688	1202	0	0.027943	0.02437
2391.6519997119904	207.91872	1208	0	0.028226	0.024364
2393.6549999713898	231.4572	1208	0	0.029026	0.024364
2395.649999856949	177.967544	1236	0	0.02787	0.024364
2397.648999929428	247.702256	1236	0	0.028726	0.024364
2399.6509997844696	181.340176	1236	0	0.04206	0.024364
2401.646999835968	20.367472	1246	0	0.027327	0.024364
2403.649999856949	252.369912	1289	0	0.030501	0.024364
2405.6509997844696	20.455752	1310	0	0.026738	0.024364
2407.649999856949	159.769992	1310	0	0.050963	0.024364
2409.648999929428	117.956168	1310	0	0.039737	0.024364
2411.6509997844696	310.523792	1365	0	0.026257	0.024364
2413.648999929428	259.586296	1424	0	0.035478	0.024364
2415.649999856949	259.586296	1418	0	0.026279	0.024364
2417.649999856949	259.586296	1418	0	0.028056	0.024364
2419.6519997119904	259.586296	1412	0	0.025662	0.024364
2421.646999835968	259.586296	1412	0	0.027596	0.024364
2423.6459999084473	259.586296	1412	0	0.02844	0.024364
2425.646999835968	20.047824	94	0	0.025731	0.024364
2427.6480000019073	24.935456	116	0	0.026705	0.024364
2429.648999929428	59.252136	274	0	0.026274	0.024364
2431.6509997844696	74.939928	354	0	0.025948	0.024364
2433.6979999542236	102.904664	492	0	0.026341	0.024364
2435.656000137329	99.358632	618	0	0.026928	0.024364
2437.648999929428	133.095896	672	0	0.028073	0.024364
2439.6530001163483	141.487008	710	0	0.026949	0.024364
2441.648999929428	174.593192	873	0	0.026761	0.024364
2443.6530001163483	190.926728	918	0	0.026708	0.024364
2445.6519997119904	212.07088	940	0	0.026892	0.024364
2447.6509997844696	248.266296	1176	0	0.027491	0.024364
2449.9069998264313	226.804472	1180	0	0.025741	0.024364
2451.907999753952	261.008456	1254	0	0.027302	0.024364
2453.8980000019073	301.306888	1378	0	0.026183	0.024364
2455.901000022888	301.306888	1378	0	0.027509	0.024364
2457.614999771118	22.449888	1218	0	0.20913	0.194586
2457.8980000019073	332.55104	4	0	0.027842	0.024364
2458.544000148773	2.497224	1218	0	0.271156	0.194586
2458.802999973297	2.67236	1218	0	0.200068	0.194586
2459.0620000362396	2.67236	1218	0	0.198773	0.194586
2459.4989998340607	3.078264	1218	0	0.196787	0.194586
2459.803999900818	6.100528	1218	0	0.201038	0.194586
2459.899999856949	332.55104	1554	0	0.02831	0.024364
2460.309000015259	6.862016	1218	0	0.204869	0.194586
2460.6480000019073	8.3798	1218	0	0.201116	0.194586
2461.9069998264313	332.55104	1554	0	0.035995	0.024364
2463.898999929428	332.55104	1554	0	0.026994	0.024364
2465.901999950409	332.55104	1554	0	0.028318	0.024364
2467.898999929428	332.55104	1548	0	0.027057	0.024364
2469.909999847412	233.88336	1288	0	0.044105	0.024364
2471.9029998779297	260.831784	1320	0	0.027667	0.024364
2473.9930000305176	249.995048	1454	0	0.02889	0.024364
2475.901000022888	259.15284	1442	0	0.030782	0.024364
2477.901999950409	193.775936	1442	0	0.026984	0.024364
2479.901000022888	221.229536	1442	0	0.039814	0.024364
2481.899999856949	332.595448	1560	0	0.026691	0.024364
2483.709000110626	332.595448	1562	0	0.029428	0.024364
2485.904000043869	230.80716	1562	0	0.032627	0.024364
2487.7229998111725	330.203232	1562	0	0.025551	0.024364
2489.9059998989105	330.203232	1562	0	0.039266	0.024364
2491.899999856949	18.39792	1592	0	0.027735	0.024364
2493.9349999427795	252.797976	1586	0	0.036907	0.024364
2495.901999950409	230.448024	1166	0	0.039312	0.024364
2497.9059998989105	283.611712	1306	0	0.029644	0.024364
2499.909999847412	241.27664	1306	0	0.026144	0.024364
2501.9029998779297	19.299352	1406	0	0.027783	0.024361
2503.901999950409	252.940504	1406	0	0.037301	0.024361
2505.901999950409	19.779424	1428	0	0.027545	0.024361
2507.9029998779297	251.951744	1428	0	0.032572	0.024361
2509.9089999198914	237.47636	1420	0	0.035074	0.024361
2511.909999847412	323.971664	1554	0	0.026348	0.024361
2513.7949998378754	288.359872	1590	0	0.046316	0.024361
2515.9059998989105	293.590064	1590	0	0.026676	0.024361
2517.9029998779297	278.544368	1544	0	0.039273	0.024361
2519.901999950409	231.232448	1544	0	0.039677	0.024361
2521.907999753952	20.334968	1486	0	0.02704	0.024361
2523.9059998989105	256.334976	1298	0	0.037264	0.024361
2525.920000076294	284.652464	1398	0	0.026664	0.024361
2527.904000043869	255.446848	1398	0	0.037017	0.024361
2529.9029998779297	294.783104	1420	0	0.029068	0.024361
2534.1849999427795	105.668816	4	0	0.077856	0.024361
2536.848000049591	271.247504	1400	0	0.028554	0.024361
2538.5199999809265	281.577616	1418	0	0.027477	0.024361
2539.9749999046326	227.511688	1360	0	0.035091	0.024361
2541.4199998378754	240.897224	1360	0	0.026683	0.024361
2542.736000061035	316.624632	1416	0	0.029377	0.024361
2543.8810000419617	284.514168	1448	0	0.031068	0.024361
2545.901999950409	252.499344	1448	0	0.036873	0.024361
2547.9049999713898	298.691984	1456	0	0.02837	0.024361
2549.9049999713898	19.797088	1448	0	0.026907	0.024361
2551.9069998264313	237.652864	1448	0	0.028576	0.024361
2553.9700000286102	278.172472	1388	0	0.025319	0.024361
2556.12299990654	291.393496	1428	0	0.027463	0.024361
2557.9029998779297	167.993368	1426	0	0.049927	0.024361
2559.9049999713898	19.885136	1426	0	0.026835	0.024361
2561.904000043869	268.21804	1426	0	0.028495	0.024361
2563.9029998779297	122.087656	1426	0	0.02588	0.024361
2565.9069998264313	206.126016	1220	0	0.036634	0.024361
2567.904000043869	206.126016	1220	0	0.037057	0.024361
2569.904000043869	20.396808	976	0	0.028934	0.024361
2571.9059998989105	237.401328	1116	0	0.027557	0.024361
2573.9189999103546	19.718968	1160	0	0.026347	0.024361
2575.9059998989105	246.061232	1144	0	0.031833	0.024361
2577.9189999103546	186.21632	1208	0	0.026843	0.024361
2579.9049999713898	251.543528	1272	0	0.029546	0.024361
2581.907999753952	284.738856	1271	0	0.027542	0.024361
2583.830999851227	220.514392	1414	0	0.025378	0.024361
2585.904000043869	234.930888	1414	0	0.027624	0.024361
2587.901000022888	19.448848	1434	0	0.027948	0.024361
2589.9059998989105	255.496816	1160	0	0.030819	0.024361
2591.9120001792908	210.563376	1160	0	0.027275	0.024361
2593.9049999713898	210.563376	1182	0	0.027267	0.024361
2595.9029998779297	213.751584	1176	0	0.027179	0.024361
2597.9089999198914	219.281336	1174	0	0.030473	0.024361
2599.907999753952	219.281336	1174	0	0.027212	0.024361
2601.9049999713898	219.281336	1172	0	0.026881	0.024361
2603.910999774933	211.31876	972	0	0.031631	0.024361
2605.9029998779297	200.911792	1000	0	0.029489	0.024361
2607.9069998264313	249.611432	1144	0	0.026042	0.024361
2609.909999847412	235.945536	1274	0	0.033764	0.024361
