0.0	182.79912	510	0	0.018926	0.014524
0.045999765396118164	103.36864	530	15	0.017531	0.014524
0.09100008010864258	103.36864	530	0	0.021297	0.014524
0.20799994468688965	215.09624	640	0	0.020759	0.014524
0.34999990463256836	117.995376	646	0	0.018818	0.014249
0.39799976348876953	209.444816	646	0	0.017585	0.014249
0.45600008964538574	228.335864	646	0	0.018142	0.014249
0.5189998149871826	240.926784	708	0	0.019729	0.014249
1.253999948501587	31.599256	694	0	0.018405	0.014249
3.25600004196167	66.31472	694	0	0.02074	0.014249
5.2709996700286865	130.578256	710	0	0.019043	0.014249
7.266999959945679	28.991296	710	0	0.020169	0.014249
9.263999938964844	218.909248	610	0	0.020509	0.014249
11.259000062942505	29.040848	598	0	0.021764	0.014249
13.2739999294281	175.080416	622	0	0.02117	0.014249
15.266999959945679	25.571736	634	0	0.021927	0.014249
17.264999866485596	231.104672	656	0	0.018026	0.014249
19.26199984550476	170.352936	656	0	0.023804	0.014249
21.27300000190735	30.832736	660	0	0.019929	0.014249
23.268999814987183	125.479072	1134	0	0.05226	0.014249
25.26099991798401	32.269448	554	0	0.018178	0.014249
27.26199984550476	101.93652	554	0	0.018826	0.014249
29.268999814987183	187.574616	566	0	0.018859	0.014249
31.276000022888184	23.881176	628	0	0.022648	0.014249
33.26199984550476	165.718744	628	0	0.019392	0.014249
35.23799991607666	189.536568	646	0	0.020464	0.014249
37.22999978065491	252.083808	706	0	0.019546	0.014249
39.24000000953674	31.995976	752	0	0.020623	0.014249
41.253000020980835	243.591064	768	0	0.017626	0.014249
44.21600008010864	281.908448	854	0	0.019405	0.014249
46.204999923706055	295.807888	860	0	0.023855	0.014249
48.24300003051758	176.379752	864	0	0.024111	0.014249
49.24999976158142	176.379752	880	0	0.021168	0.014249
52.209999799728394	321.281968	1020	0	0.017211	0.014249
54.22599983215332	104.803512	996	0	0.045694	0.014249
55.24999976158142	160.280632	996	0	0.019023	0.014249
58.204999923706055	147.9068	1020	0	0.027992	0.014249
60.20300006866455	102.529672	1020	0	0.022084	0.014249
62.25200009346008	284.89916	902	0	0.020791	0.014249
63.24399995803833	140.955752	876	0	0.01818	0.014249
66.20499992370605	262.533056	910	0	0.018128	0.014249
68.22000002861023	262.533056	910	0	0.023494	0.014249
70.24599981307983	302.005864	940	0	0.019571	0.014249
72.20899987220764	308.392672	922	0	0.020448	0.014249
74.2039999961853	29.380672	904	0	0.018865	0.014249
76.25099992752075	147.548536	905	0	0.020281	0.014249
78.21099996566772	141.31616	922	0	0.018591	0.014249
80.2039999961853	26.8982	795	0	0.023621	0.014249
82.22099995613098	224.599816	826	0	0.01868	0.014249
84.24899983406067	204.86096	856	0	0.024882	0.014249
86.21199989318848	220.469376	836	0	0.021377	0.014249
88.20699977874756	28.177	858	0	0.021341	0.014249
90.24899983406067	178.274816	836	0	0.03375	0.014249
92.22499990463257	125.127536	836	0	0.01945	0.014249
94.21299982070923	125.127536	806	0	0.018752	0.014249
96.21499967575073	190.579832	806	0	0.021257	0.014249
97.29399991035461	132.766168	376	0	0.025061	0.014249
100.2059998512268	7.605128	376	0	0.017755	0.014249
102.20899987220764	13.875936	376	0	0.017064	0.014249
104.22999978065491	23.078824	376	0	0.022825	0.014249
106.21099996566772	81.716968	268	0	0.018946	0.014249
108.2099997997284	78.798592	274	0	0.018112	0.014249
110.2279999256134	97.065488	306	0	0.016581	0.014249
112.24999976158142	83.14308	338	0	0.023638	0.014249
114.20699977874756	113.171528	364	0	0.020524	0.014249
116.2099997997284	123.344704	380	0	0.016819	0.014249
118.23099970817566	123.344704	380	0	0.016642	0.014249
120.21600008010864	126.279544	390	0	0.017274	0.014249
122.20899987220764	29.2542	388	0	0.022183	0.014249
124.22699999809265	128.655136	392	0	0.020679	0.014249
126.25399994850159	135.382632	398	0	0.017162	0.014249
128.2099997997284	136.68052	406	0	0.01654	0.014249
130.2079999446869	147.627936	443	0	0.017594	0.014249
132.23299980163574	148.47316	392	0	0.021544	0.014249
134.2299997806549	148.682056	432	0	0.016511	0.014249
136.20899987220764	147.090072	442	0	0.019787	0.014249
138.23099970817566	134.2526	442	0	0.019881	0.014249
140.25499987602234	153.354144	462	0	0.018905	0.014249
142.22000002861023	138.21496	484	0	0.018231	0.014249
144.2079999446869	181.347608	517	0	0.017628	0.014249
146.25099992752075	26.990888	526	0	0.017953	0.014249
148.20899987220764	150.542816	560	0	0.019978	0.014249
150.2079999446869	150.542816	567	0	0.018963	0.014249
152.22399997711182	192.995856	628	0	0.018466	0.014249
154.24599981307983	200.494832	628	0	0.018152	0.014249
156.21099996566772	221.410328	674	0	0.018346	0.014249
158.22199988365173	235.865352	702	0	0.019037	0.014249
160.23299980163574	183.91136	725	0	0.016553	0.014249
162.21399974822998	243.957792	754	0	0.02167	0.014249
164.21399974822998	217.47528	754	0	0.021878	0.014249
166.2350001335144	153.16392	772	0	0.036393	0.014249
168.2590000629425	174.390048	836	0	0.038786	0.014249
170.22499990463257	139.929008	796	0	0.017611	0.014249
172.2099997997284	197.821016	638	0	0.032923	0.014249
174.25600004196167	213.739864	668	0	0.018768	0.014249
176.21099996566772	212.631112	710	0	0.017946	0.014249
178.21099996566772	226.268704	742	0	0.017317	0.014249
180.22399997711182	197.623072	742	0	0.025167	0.014249
182.24399995803833	2.779064	742	0	0.049872	0.014249
184.21499967575073	26.4956	743	0	0.018743	0.014249
186.21099996566772	222.279624	754	0	0.022492	0.014249
188.25799989700317	176.676216	736	0	0.031463	0.014249
190.21199989318848	220.2088	716	0	0.032429	0.014249
192.21399974822998	178.800848	658	0	0.018502	0.014249
194.24199986457825	26.38724	638	0	0.020388	0.014249
196.25600004196167	212.001872	638	0	0.016637	0.014249
198.21399974822998	211.837848	638	0	0.019352	0.014249
200.21799993515015	10.437024	625	0	0.020063	0.014249
202.52099990844727	161.411792	646	0	0.026075	0.014249
204.22099995613098	233.274032	672	0	0.016394	0.014249
206.21099996566772	139.7806	686	0	0.021102	0.014249
207.51099967956543	29.341776	740	0	0.017241	0.014249
209.5130000114441	212.164256	710	0	0.017697	0.014249
211.51399993896484	230.132888	728	0	0.021236	0.014249
213.51600003242493	232.879328	726	0	0.016935	0.014249
215.51799988746643	168.43244	698	0	0.035096	0.014249
217.51699995994568	119.99532	754	0	0.018842	0.014249
219.51399993896484	144.967632	736	0	0.017488	0.014249
221.51399993896484	219.0296	782	0	0.022269	0.014249
223.51399993896484	65.815008	764	0	0.018709	0.014249
225.51200008392334	211.74688	838	0	0.023791	0.014249
227.51399993896484	29.440072	750	0	0.017604	0.014249
229.51500010490417	275.934424	816	0	0.019444	0.014249
231.51899981498718	24.026392	823	0	0.019505	0.014249
233.51899981498718	236.677464	922	0	0.022702	0.014249
235.51399993896484	1.799776	940	0	0.019172	0.014249
237.51399993896484	24.6596	922	0	0.019463	0.014249
239.5130000114441	257.430888	1002	0	0.02762	0.014249
241.51500010490417	28.243816	782	0	0.016844	0.014249
243.51200008392334	238.94248	810	0	0.027605	0.014249
245.5130000114441	200.586528	810	0	0.017032	0.014249
247.51399993896484	151.276264	810	0	0.023798	0.014249
249.51500010490417	184.685552	811	0	0.01668	0.014249
251.5130000114441	30.052824	828	0	0.017032	0.014249
253.51699995994568	241.512224	725	0	0.021572	0.014249
255.5130000114441	24.318712	726	0	0.01908	0.014249
257.5189998149872	239.648144	792	0	0.018259	0.014249
259.5160000324249	259.072608	818	0	0.019673	0.014249
261.51399993896484	28.017584	836	0	0.017155	0.014249
263.51399993896484	241.510312	848	0	0.020352	0.014249
265.5169999599457	245.809672	882	0	0.018165	0.014249
267.5199999809265	285.297368	896	0	0.016766	0.014249
269.5189998149872	255.399344	896	0	0.024452	0.014249
271.5189998149872	294.236376	887	0	0.02295	0.014249
273.5169999599457	283.459224	910	0	0.019438	0.014249
275.51200008392334	24.650384	925	0	0.019177	0.014249
277.5169999599457	36.618976	944	0	0.017761	0.014249
279.51399993896484	29.737216	928	0	0.016349	0.014249
281.5130000114441	42.57084	918	0	0.017456	0.014249
283.5169999599457	38.393936	132	0	0.018914	0.014249
285.51200008392334	42.873456	124	0	0.016371	0.014249
287.5169999599457	37.65432	124	0	0.015868	0.014249
289.5160000324249	37.65432	122	0	0.016175	0.014163
291.5199999809265	44.064536	132	0	0.015807	0.014163
293.5169999599457	56.673816	166	0	0.016129	0.014006
295.5160000324249	60.00088	180	0	0.016004	0.014006
297.5169999599457	60.00088	180	0	0.015927	0.014006
299.5150001049042	60.00088	180	0	0.01585	0.014006
301.5189998149872	60.00088	180	0	0.016471	0.014006
303.5169999599457	61.738008	176	0	0.015619	0.01395
305.5189998149872	80.843464	262	0	0.017624	0.01395
307.5189998149872	105.89068	354	0	0.017361	0.01395
309.51799988746643	29.697368	370	0	0.015947	0.01395
311.5189998149872	106.45064	370	0	0.016478	0.01395
313.5189998149872	32.044256	426	0	0.016612	0.01395
315.5169999599457	118.352504	512	0	0.017337	0.01395
317.5189998149872	181.481696	536	0	0.017875	0.01395
319.5169999599457	182.949968	566	0	0.016075	0.01395
321.5199999809265	164.191296	620	0	0.019298	0.01395
323.5189998149872	29.384064	648	0	0.017149	0.01395
325.5199999809265	133.007488	4	0	0.029822	0.01395
327.52099990844727	29.636928	358	0	0.01652	0.01395
329.52099990844727	135.076792	442	0	0.016726	0.01395
331.521999835968	167.956496	492	0	0.01578	0.01395
333.521999835968	28.340056	494	0	0.017424	0.01395
335.5199999809265	163.621544	520	0	0.016188	0.01395
337.52300000190735	203.853696	630	0	0.01893	0.01395
339.521999835968	150.689128	630	0	0.018295	0.01395
341.521999835968	214.291752	696	0	0.016505	0.01395
343.5189998149872	230.618416	696	0	0.018342	0.01395
345.52099990844727	94.778792	742	0	0.017514	0.01395
347.5199999809265	242.881824	768	0	0.01608	0.01395
349.77100014686584	88.57236	750	0	0.051225	0.01395
351.77100014686584	88.57236	750	0	0.017549	0.01395
353.7669997215271	174.704432	768	0	0.018354	0.01395
355.76599979400635	174.704432	768	0	0.020694	0.01395
357.76799988746643	98.816328	324	0	0.016362	0.01395
359.76999974250793	43.097592	354	0	0.047537	0.01395
361.77300000190735	58.42408	340	0	0.015865	0.01395
363.76999974250793	118.437048	346	0	0.015343	0.01395
365.55200004577637	101.233456	354	0	0.01673	0.01395
367.76999974250793	124.501864	396	0	0.016235	0.01395
369.7669997215271	131.286904	426	0	0.016716	0.01395
371.7720000743866	128.774832	440	0	0.2441	0.01395
373.76799988746643	156.84332	4	0	0.020159	0.01395
375.77300000190735	156.84332	524	0	0.019099	0.01395
377.76799988746643	183.882248	582	0	0.017978	0.01395
379.7739999294281	183.882248	582	0	0.01725	0.01395
381.7720000743866	183.882248	594	0	0.018118	0.01395
383.77100014686584	216.931432	631	0	0.016195	0.01395
385.76999974250793	245.006784	728	0	0.017701	0.01395
387.7669997215271	258.860328	722	0	0.016012	0.01395
389.76999974250793	190.997944	532	0	0.018031	0.01395
391.77100014686584	203.397992	586	0	0.018996	0.01395
393.76999974250793	203.876288	596	0	0.01713	0.01395
395.7739999294281	225.048144	652	0	0.018187	0.01395
397.79500007629395	244.92456	716	0	0.017436	0.01395
399.76799988746643	263.139528	770	0	0.016304	0.01395
401.76999974250793	143.257416	784	0	0.02059	0.01395
403.77499985694885	186.423368	784	0	0.026969	0.01395
405.7739999294281	194.637488	726	0	0.016394	0.01395
407.7739999294281	113.483448	532	0	0.016907	0.01395
409.77300000190735	134.052072	532	0	0.020766	0.01395
411.77300000190735	150.245536	532	0	0.017088	0.01395
413.76999974250793	202.107288	547	0	0.017394	0.01395
415.77499985694885	189.564296	4	0	0.016323	0.01395
417.7760000228882	231.346096	688	0	0.02475	0.01395
419.7720000743866	225.884704	702	0	0.024139	0.01395
421.7689998149872	99.196568	702	0	0.020221	0.01395
423.78799986839294	20.883824	702	0	0.017429	0.01395
425.77499985694885	255.620744	750	0	0.017028	0.01395
427.7720000743866	255.620744	750	0	0.017161	0.01395
429.7739999294281	255.620744	751	0	0.018329	0.01395
431.7720000743866	255.620744	792	0	0.019371	0.01395
433.7689998149872	255.620744	786	0	0.017627	0.01395
435.7720000743866	49.432048	152	0	0.045193	0.01395
437.7739999294281	66.380616	200	0	0.016036	0.01395
439.76999974250793	97.69344	272	0	0.017143	0.01395
441.7739999294281	87.995056	324	0	0.020145	0.01395
443.77300000190735	120.474464	366	0	0.016637	0.01395
445.7739999294281	117.901824	504	0	0.018363	0.01395
447.7739999294281	162.2398	578	0	0.017182	0.01395
449.77499985694885	162.132088	688	0	0.020162	0.01395
451.77499985694885	221.7662	688	0	0.021777	0.01395
453.77300000190735	228.325584	742	0	0.017254	0.01395
455.7720000743866	206.567832	750	0	0.017035	0.01395
457.77300000190735	29.664528	768	0	0.019044	0.01395
459.7760000228882	193.763608	786	0	0.019003	0.01395
461.7720000743866	307.298504	878	0	0.01638	0.01395
463.77100014686584	236.507064	878	0	0.023193	0.01395
465.77100014686584	299.777832	898	0	0.01852	0.01395
467.77300000190735	299.777832	898	0	0.019804	0.01395
469.77100014686584	299.777832	898	0	0.021479	0.01395
471.77300000190735	146.632904	898	0	0.016862	0.01395
473.7739999294281	57.6	442	0	0.018109	0.01395
475.77699995040894	155.84752	476	0	0.017296	0.01395
477.77300000190735	181.0926	556	0	0.016859	0.01395
479.76999974250793	177.367992	652	0	0.016694	0.01395
481.77300000190735	177.367992	652	0	0.017019	0.01395
483.79500007629395	205.89932	688	0	0.018494	0.01395
485.7739999294281	102.925456	688	0	0.017405	0.01395
487.77999997138977	237.548144	703	0	0.017068	0.01395
489.7720000743866	156.350112	746	0	0.018592	0.01395
491.7720000743866	232.389336	716	0	0.016859	0.01395
493.77300000190735	180.110208	716	0	0.025383	0.01395
495.77100014686584	75.76288	716	0	0.021526	0.01395
497.77499985694885	212.23592	680	0	0.022496	0.01395
499.7739999294281	178.268296	620	0	0.022688	0.01395
501.77499985694885	93.069848	621	0	0.019067	0.01395
503.77499985694885	180.667296	658	0	0.01714	0.01395
505.7720000743866	180.667296	658	0	0.017313	0.01395
507.7739999294281	187.64704	524	0	0.020069	0.01395
509.77300000190735	187.64704	538	0	0.015576	0.01395
511.7739999294281	187.64704	538	0	0.019438	0.01395
513.7760000228882	127.285088	538	0	0.016217	0.01395
515.7720000743866	29.382368	544	0	0.017012	0.01395
517.7760000228882	76.916744	544	0	0.017729	0.01395
519.779000043869	126.341888	544	0	0.016915	0.01395
521.7760000228882	186.739952	576	0	0.017996	0.01395
523.7749998569489	186.739952	576	0	0.018695	0.01395
525.7730000019073	186.739952	576	0	0.016642	0.01395
527.7779998779297	180.666208	576	0	0.017895	0.01395
529.7730000019073	26.52732	572	0	0.019478	0.01395
531.7939999103546	5.79888	4	0	0.016664	0.01395
533.7779998779297	191.786008	585	0	0.036905	0.01395
535.779000043869	203.133784	616	0	0.015615	0.01395
537.7769999504089	216.338568	644	0	0.016585	0.01395
539.7769999504089	254.494152	746	0	0.018048	0.01395
541.7760000228882	254.494152	746	0	0.018443	0.01395
543.7760000228882	171.92084	746	0	0.030795	0.01395
545.7769999504089	171.92084	746	0	0.033008	0.01395
547.7739999294281	171.92084	764	0	0.017469	0.01395
549.7779998779297	171.92084	764	0	0.017284	0.01395
551.7799999713898	171.92084	764	0	0.016836	0.01395
553.7809998989105	174.896544	764	0	0.024024	0.01395
555.7779998779297	85.878088	744	0	0.058599	0.01395
557.7779998779297	154.384136	750	0	0.016311	0.01395
559.7859997749329	38.799128	750	0	0.019982	0.01395
561.779000043869	80.8758	746	0	0.019943	0.01395
563.7819998264313	153.58484	744	0	0.01728	0.01395
565.7819998264313	229.563536	744	0	0.018704	0.01395
567.782999753952	26.528704	598	0	0.019527	0.01395
569.779000043869	191.165808	598	0	0.018734	0.01395
571.7809998989105	109.976704	598	0	0.018303	0.01395
573.782999753952	149.665816	4	0	0.01664	0.01395
575.7819998264313	191.1612	620	0	0.017032	0.01395
577.782999753952	191.1612	614	0	0.015953	0.01395
579.7799999713898	86.884096	614	0	0.018308	0.01395
581.7809998989105	213.40168	630	0	0.01697	0.01395
583.7769999504089	213.40168	630	0	0.016703	0.01395
585.7849998474121	213.40168	630	0	0.017823	0.01395
587.7809998989105	32.858168	640	0	0.015886	0.01395
589.7849998474121	228.6956	682	0	0.01683	0.01395
591.782999753952	264.923016	752	0	0.017496	0.01395
593.7969999313354	275.154392	846	0	0.018915	0.01395
595.7909998893738	30.247144	868	0	0.016788	0.01395
597.7849998474121	249.168352	1006	0	0.018319	0.01395
599.808000087738	57.362304	1006	0	0.024272	0.01395
602.0329999923706	27.376512	850	0	0.017602	0.01395
603.7859997749329	55.343744	868	0	0.017733	0.01395
606.0419998168945	115.499312	798	0	0.018076	0.014292
608.037999868393	176.341648	720	0	0.035021	0.014292
610.0309998989105	278.18832	792	0	0.021984	0.014292
612.0299997329712	27.392696	792	0	0.017669	0.014292
614.037999868393	257.335736	828	0	0.023425	0.014292
616.0369999408722	47.621784	810	0	0.01876	0.014292
618.0360000133514	298.354608	923	0	0.017657	0.014292
620.0339999198914	298.354608	934	0	0.017457	0.014292
622.0299997329712	154.980664	924	0	0.017627	0.014292
624.0299997329712	306.25376	956	0	0.022461	0.014292
626.0360000133514	306.25376	966	0	0.016289	0.014292
628.0309998989105	306.25376	962	0	0.020708	0.014292
630.0299997329712	306.25376	962	0	0.019558	0.014292
632.0389997959137	306.25376	962	0	0.025033	0.014292
634.039999961853	7.17364	628	0	0.020293	0.014292
636.0350000858307	192.86376	642	0	0.016798	0.014292
638.0389997959137	191.5364	732	0	0.01867	0.014292
640.0369999408722	86.78148	750	0	0.016174	0.014292
642.0339999198914	245.073368	746	0	0.01831	0.014292
644.0350000858307	275.555552	784	0	0.01992	0.014292
646.0320000648499	36.27892	682	0	0.049091	0.014292
648.0269999504089	239.438168	682	0	0.020683	0.014292
650.0360000133514	29.443472	802	0	0.017755	0.014292
652.0360000133514	277.75204	802	0	0.019385	0.014292
654.0389997959137	288.694496	838	0	0.020185	0.014292
656.0360000133514	242.31156	856	0	0.019775	0.014292
658.0339999198914	50.497448	900	0	0.017409	0.014292
660.0329999923706	63.3512	944	0	0.017433	0.014292
662.0339999198914	175.10236	922	0	0.018821	0.014292
664.0299997329712	25.605144	792	0	0.018538	0.014292
666.0350000858307	250.3272	776	0	0.017506	0.014292
668.039999961853	236.06012	776	0	0.023934	0.014292
670.0360000133514	251.45912	794	0	0.018435	0.014292
672.0350000858307	251.45912	794	0	0.022752	0.014292
674.0309998989105	29.576736	794	0	0.016917	0.014292
676.0309998989105	253.223176	782	0	0.016988	0.014292
678.0329999923706	265.823552	758	0	0.018519	0.014292
680.0289998054504	291.126704	825	0	0.019438	0.014292
682.0329999923706	300.82392	884	0	0.018658	0.014292
684.0350000858307	278.01172	862	0	0.016359	0.014292
686.0360000133514	21.589424	884	0	0.017609	0.014292
688.0320000648499	123.690288	958	0	0.019588	0.014292
690.0279998779297	107.416872	884	0	0.016988	0.014292
692.0320000648499	107.416872	884	0	0.018734	0.014292
694.0320000648499	115.820024	790	0	0.016949	0.014292
696.0369999408722	286.882928	819	0	0.018506	0.014292
698.0389997959137	29.525336	832	0	0.017676	0.014292
700.039999961853	294.64268	832	0	0.024851	0.014292
702.0339999198914	31.34276	620	0	0.015609	0.014292
704.0339999198914	191.977664	676	0	0.016855	0.014292
706.0360000133514	88.558432	676	0	0.01973	0.014292
708.0360000133514	234.299072	730	0	0.017719	0.014292
710.037999868393	234.299072	730	0	0.017852	0.014292
712.0329999923706	162.220808	758	0	0.016285	0.014292
714.0369999408722	214.663224	628	0	0.018387	0.014292
716.0369999408722	189.190664	708	0	0.018678	0.014292
718.0309998989105	189.190664	708	0	0.019861	0.014292
720.0369999408722	189.190664	708	0	0.016648	0.014292
722.0369999408722	29.160472	726	0	0.016422	0.014292
724.037999868393	240.77328	687	0	0.01903	0.014292
726.039999961853	263.935304	764	0	0.023681	0.014292
728.0409998893738	63.154536	764	0	0.041034	0.014292
730.0329999923706	262.555232	812	0	0.018537	0.014292
732.0339999198914	29.542456	830	0	0.019146	0.014292
734.0389997959137	69.070784	830	0	0.016865	0.014292
736.0329999923706	210.262776	824	0	0.017259	0.014292
738.0329999923706	230.98132	824	0	0.025638	0.01457
740.0409998893738	254.796584	713	0	0.023592	0.01457
742.037999868393	261.28376	758	0	0.018685	0.01457
744.0369999408722	235.766616	758	0	0.020469	0.01457
746.0389997959137	281.7356	826	0	0.017553	0.01457
748.0360000133514	281.7356	1048	0	0.024465	0.01457
750.0320000648499	281.7356	826	0	0.017493	0.01457
752.0329999923706	195.607416	826	0	0.02555	0.01457
754.0350000858307	264.859576	698	0	0.020253	0.01457
756.0350000858307	264.859576	792	0	0.021426	0.01457
758.037999868393	253.905416	792	0	0.018578	0.01457
760.0350000858307	217.315256	792	0	0.017294	0.01457
762.0389997959137	217.315256	792	0	0.016736	0.01457
764.0320000648499	217.315256	792	0	0.02015	0.01457
766.0320000648499	36.156856	760	0	0.017106	0.01457
768.0369999408722	71.74744	642	0	0.017046	0.01457
770.037999868393	235.687256	724	0	0.017757	0.01457
772.037999868393	273.089944	785	0	0.019357	0.01457
774.0369999408722	164.866192	806	0	0.016228	0.01457
776.039999961853	173.420976	806	0	0.016705	0.01457
778.039999961853	235.916456	4	0	0.021659	0.01457
780.037999868393	247.553104	808	0	0.017158	0.01457
782.037999868393	198.716912	736	0	0.024877	0.01457
784.0419998168945	29.443472	812	0	0.016329	0.01457
786.0419998168945	18.309448	794	0	0.020477	0.01457
788.037999868393	214.046264	797	0	0.018919	0.01457
790.0409998893738	156.003048	801	0	0.017337	0.01457
792.0360000133514	274.388336	792	0	0.0266	0.01457
794.039999961853	95.87244	792	0	0.016364	0.01457
796.0409998893738	95.87244	810	0	0.018932	0.01457
798.0409998893738	25.701976	788	0	0.018633	0.01457
800.0339999198914	149.981024	876	0	0.019423	0.01457
802.0389997959137	149.981024	754	0	0.017959	0.01457
804.037999868393	149.981024	754	0	0.017909	0.01457
806.0490000247955	285.996096	851	0	0.018405	0.01457
808.0369999408722	128.541792	840	0	0.018089	0.01457
810.0409998893738	276.796024	924	0	0.020107	0.01457
812.039999961853	163.914248	882	0	0.016841	0.01457
814.039999961853	244.321336	882	0	0.02437	0.01457
816.039999961853	273.307696	944	0	0.019862	0.01457
818.0389997959137	26.38724	944	0	0.018158	0.01457
820.0419998168945	298.389184	938	0	0.019018	0.01457
822.0409998893738	316.400352	968	0	0.01829	0.01457
824.037999868393	316.400352	980	0	0.017814	0.01457
826.0419998168945	316.400352	980	0	0.018386	0.01457
828.0419998168945	249.47072	960	0	0.017925	0.01457
830.0439999103546	324.57056	871	0	0.020089	0.01457
832.0419998168945	324.57056	1002	0	0.016759	0.01457
834.0469996929169	273.622064	4	0	0.020518	0.01457
836.0419998168945	299.340656	1044	0	0.020038	0.01457
838.0360000133514	147.083664	1023	0	0.022439	0.01457
840.0429999828339	244.017264	1024	0	0.020885	0.01457
842.0419998168945	244.017264	1013	0	0.016519	0.01457
844.0479998588562	334.102688	1012	0	0.022471	0.01457
846.0439999103546	122.12776	974	0	0.020275	0.01457
848.0439999103546	193.003232	694	0	0.02057	0.01457
850.2929999828339	217.434304	728	0	0.024269	0.01457
852.2949998378754	217.434304	738	0	0.017084	0.01457
854.0469996929169	170.382592	738	0	0.016458	0.01457
856.2929999828339	26.60764	738	0	0.017416	0.01457
858.2949998378754	26.60764	738	0	0.016605	0.01457
860.0729999542236	31.323496	720	0	0.019212	0.01457
862.2910001277924	217.218592	736	0	0.02526	0.01457
864.287999868393	257.509112	784	0	0.015926	0.01457
866.2939999103546	226.816	784	0	0.016513	0.01457
868.2969999313354	231.713416	848	0	0.02052	0.01457
870.2949998378754	23.77424	848	0	0.018776	0.01457
872.2929999828339	122.84612	848	0	0.020435	0.01457
874.2859997749329	107.836016	891	0	0.021675	0.01457
876.2939999103546	327.494416	998	0	0.017096	0.01457
878.2990000247955	0.762248	968	0	0.021032	0.01457
880.2979998588562	299.810576	997	0	0.018614	0.01457
882.2969999313354	120.99412	1088	0	0.047168	0.01457
884.2949998378754	42.644576	1089	0	0.016455	0.01457
886.2949998378754	280.641312	1116	0	0.019532	0.01457
888.289999961853	306.55888	1116	0	0.01919	0.01457
890.287999868393	193.955624	874	0	0.016491	0.01457
892.2969999313354	100.079568	896	0	0.025439	0.01457
894.287999868393	305.109744	896	0	0.016088	0.01457
896.2910001277924	305.109744	896	0	0.019214	0.01457
898.2979998588562	305.109744	896	0	0.01842	0.01457
900.2949998378754	305.245232	936	0	0.018191	0.01457
902.2999999523163	3.578504	1138	0	0.032299	0.01457
904.2889997959137	274.119672	970	0	0.018216	0.01457
906.2920000553131	267.67808	918	0	0.021206	0.014602
908.2889997959137	308.42816	968	0	0.015903	0.014602
910.2939999103546	298.682376	966	0	0.017315	0.014602
912.2939999103546	201.658776	966	0	0.017321	0.014602
914.287999868393	276.545424	966	0	0.016844	0.014602
916.2920000553131	190.129448	950	0	0.023559	0.014602
918.2910001277924	204.132552	950	0	0.016413	0.014602
920.2889997959137	288.768696	4	0	0.019195	0.014602
922.2920000553131	177.015912	1046	0	0.027373	0.014602
924.2889997959137	128.426776	892	0	0.046356	0.014602
926.2969999313354	288.80524	886	0	0.020647	0.014602
928.2999999523163	29.906464	932	0	0.01682	0.014602
930.2990000247955	277.926632	910	0	0.021082	0.014602
932.2920000553131	114.798232	906	0	0.017554	0.014602
934.2939999103546	144.736512	907	0	0.017845	0.014602
936.289999961853	313.098176	916	0	0.018468	0.014602
938.2920000553131	29.355288	938	0	0.016418	0.014602
940.2969999313354	277.034008	930	0	0.019517	0.014602
942.2949998378754	32.2042	930	0	0.01682	0.014602
944.2969999313354	104.292896	952	0	0.023923	0.014602
946.2960000038147	135.513848	1042	0	0.025208	0.015
948.2920000553131	301.863192	944	0	0.017006	0.015
950.289999961853	302.773936	948	0	0.020772	0.015
952.2939999103546	28.388992	923	0	0.017014	0.015
954.2920000553131	127.809648	942	0	0.01814	0.015
956.2889997959137	333.086256	994	0	0.017121	0.015
958.2929999828339	199.300368	994	0	0.017262	0.015
960.2929999828339	221.26504	992	0	0.018823	0.015
962.289999961853	161.591928	982	0	0.016057	0.015
964.2939999103546	161.591928	982	0	0.019338	0.015
966.2979998588562	161.591928	982	0	0.017138	0.015
968.2920000553131	161.591928	982	0	0.024965	0.015
970.3120000362396	208.41672	982	0	0.01925	0.015
972.2929999828339	208.41672	982	0	0.022704	0.015
974.2949998378754	324.160864	929	0	0.019502	0.015
976.2969999313354	137.97288	982	0	0.022129	0.015
978.2939999103546	213.339768	1004	0	0.029568	0.015
980.2990000247955	35.775168	936	0	0.016803	0.015
982.2969999313354	114.985256	937	0	0.045825	0.015
984.2939999103546	221.644744	796	0	0.029327	0.015
986.2949998378754	200.434488	797	0	0.01742	0.015
988.300999879837	176.049784	810	0	0.028532	0.015
990.2990000247955	176.049784	842	0	0.017544	0.015
992.2990000247955	186.702912	834	0	0.021064	0.015
994.2929999828339	273.865584	834	0	0.017866	0.015
996.2949998378754	128.451608	558	0	0.047371	0.015
998.2960000038147	141.21352	574	0	0.022141	0.015
1000.2969999313354	170.373392	574	0	0.019272	0.015
1002.2979998588562	107.453456	574	0	0.023164	0.015
1004.2990000247955	34.025096	586	0	0.0167	0.015
1006.300999879837	91.543064	580	0	0.046356	0.015
1008.2929999828339	197.743768	4	0	0.017272	0.015
1010.2949998378754	27.10428	649	0	0.017026	0.015
1012.2979998588562	35.691664	648	0	0.023584	0.015
1014.2990000247955	168.826336	690	0	0.016869	0.015
1016.2960000038147	138.562184	676	0	0.018731	0.015
1018.2960000038147	251.280952	716	0	0.019026	0.015
1020.2999999523163	258.468856	772	0	0.017245	0.015
1022.2960000038147	143.241288	790	0	0.019629	0.015
1024.2969999313354	274.825864	820	0	0.018972	0.015
1026.2999999523163	87.236032	802	0	0.018906	0.015
1028.2990000247955	182.394632	897	0	0.017544	0.015
1030.329999923706	118.29196	896	0	0.022829	0.015
1032.2990000247955	305.26876	925	0	0.024502	0.015
1034.2960000038147	305.26876	916	0	0.016654	0.015
1036.300999879837	221.080416	916	0	0.016739	0.015
1038.2960000038147	290.434872	916	0	0.017715	0.015
1040.2979998588562	128.340592	872	0	0.041568	0.015
1042.2979998588562	133.5064	854	0	0.056436	0.015
1044.2999999523163	205.429072	854	0	0.017726	0.015
1046.2979998588562	283.565216	868	0	0.019966	0.015
1048.3029997348785	228.598704	840	0	0.016862	0.015
1050.2999999523163	233.131568	840	0	0.023006	0.015
1052.2990000247955	29.643824	810	0	0.0172	0.015
1054.2979998588562	312.693408	839	0	0.020171	0.015
1056.3059997558594	312.693408	928	0	0.018776	0.015
1058.2999999523163	96.159376	920	0	0.017231	0.015
1060.2999999523163	96.159376	920	0	0.018988	0.015
1062.2939999103546	96.159376	920	0	0.018066	0.015
1064.3019998073578	96.159376	920	0	0.019354	0.015
1066.2999999523163	96.159376	920	0	0.017273	0.015
1068.2960000038147	165.987456	898	0	0.064831	0.015
1070.3019998073578	199.833168	934	0	0.019231	0.015
1072.3039999008179	199.833168	948	0	0.016971	0.015
1074.3019998073578	140.333368	426	0	0.019832	0.015
1076.300999879837	116.345336	412	0	0.01586	0.014993
1078.2969999313354	145.664552	446	0	0.017425	0.014993
1080.3109998703003	154.372432	454	0	0.01649	0.014517
1082.2960000038147	154.372432	459	0	0.017185	0.014517
1084.2949998378754	163.111248	472	0	0.018897	0.014517
1086.2990000247955	26.271632	472	0	0.017342	0.014517
1088.2960000038147	101.145488	464	0	0.022982	0.014236
1090.2960000038147	166.874688	466	0	0.017958	0.014236
1092.2979998588562	166.874688	456	0	0.044472	0.014236
1094.2969999313354	163.113304	476	0	0.016485	0.014236
1096.2949998378754	146.792352	477	0	0.016953	0.014236
1098.5469999313354	114.87328	484	0	0.019768	0.014236
1100.5479998588562	173.407464	520	0	0.016714	0.014236
1102.5459997653961	173.407464	520	0	0.022421	0.014236
1104.5469999313354	175.593688	525	0	0.016899	0.014236
1106.5439999103546	140.86832	528	0	0.019086	0.014236
1108.5469999313354	153.783304	528	0	0.017019	0.014236
1110.5469999313354	158.589336	528	0	0.016999	0.014236
1112.5469999313354	157.088088	512	0	0.020419	0.014236
1114.332999944687	86.562488	484	0	0.01724	0.014236
1116.5490000247955	144.126176	484	0	0.01937	0.014236
1118.5459997653961	162.087112	480	0	0.018093	0.014236
1120.5499999523163	140.919776	474	0	0.017378	0.014236
1122.5520000457764	85.422992	474	0	0.024351	0.014236
1124.5520000457764	102.376096	474	0	0.018935	0.014236
1126.550999879837	122.147864	474	0	0.016999	0.014236
1128.5469999313354	122.147864	474	0	0.046324	0.014236
1130.5499999523163	163.900456	512	0	0.01981	0.014236
1132.5469999313354	126.478832	506	0	0.022075	0.014236
1134.5449998378754	173.080616	546	0	0.01881	0.014236
1136.5469999313354	82.387928	546	0	0.023431	0.014236
1138.5469999313354	177.82456	546	56	0.018384	0.014236
1140.5469999313354	88.969272	546	0	0.027813	0.014236
1142.5459997653961	118.937912	536	0	0.025221	0.014236
1144.5469999313354	162.923968	524	0	0.017018	0.014236
1146.5490000247955	186.619	564	0	0.016061	0.014236
1148.5469999313354	191.072304	570	0	0.24207	0.014236
1150.5529999732971	151.159576	570	0	0.016517	0.014236
1152.5469999313354	160.345384	570	0	0.025152	0.014236
1154.5479998588562	168.9922	578	0	0.020339	0.014236
1156.550999879837	192.736136	578	0	0.019524	0.014236
1158.5469999313354	98.534336	578	0	0.021675	0.014236
1160.550999879837	164.312056	590	0	0.017786	0.014236
1162.550999879837	188.14428	574	0	0.017413	0.014236
1164.5469999313354	205.544608	536	0	0.018339	0.014236
1166.550999879837	205.544608	590	0	0.017401	0.014236
1168.5490000247955	191.276752	598	0	0.018535	0.014236
1170.5499999523163	167.804176	598	0	0.019187	0.014236
1172.550999879837	32.2266	598	0	0.018262	0.014236
1174.5490000247955	92.705576	598	0	0.026302	0.014236
1176.550999879837	184.225736	528	0	0.016032	0.014236
1178.5490000247955	177.629784	528	0	0.021964	0.014236
1180.5469999313354	142.64624	546	0	0.017971	0.014236
1182.5499999523163	153.430456	548	0	0.021146	0.014236
1184.550999879837	145.349584	548	0	0.018874	0.014236
1186.5520000457764	181.204544	550	0	0.017212	0.014236
1188.5499999523163	181.204544	562	0	0.024987	0.014236
1190.5520000457764	184.38016	562	0	0.017325	0.014236
1192.5499999523163	184.38016	562	0	0.168328	0.014236
1194.550999879837	184.38016	562	0	0.022243	0.014236
1196.5490000247955	184.38016	562	0	0.020387	0.014236
1198.5499999523163	184.38016	594	0	0.019492	0.014236
1200.5499999523163	90.043288	280	0	0.025289	0.014236
1202.5520000457764	111.010408	314	0	0.017418	0.014236
1204.5499999523163	111.001472	334	0	0.016806	0.014236
1206.550999879837	111.001472	344	0	0.020577	0.014236
1208.550999879837	109.770344	344	0	0.021276	0.014236
1210.5490000247955	113.337136	350	0	0.018855	0.014236
1212.5520000457764	122.750392	4	0	0.020497	0.014236
1214.5499999523163	100.507288	370	0	0.023945	0.014236
1216.550999879837	141.610704	418	0	0.018476	0.014236
1218.5499999523163	142.385568	414	0	0.020918	0.014236
1220.5529999732971	160.385032	460	0	0.027896	0.014236
1222.5529999732971	170.865336	490	0	0.017662	0.014236
1224.5499999523163	167.783872	490	0	0.019864	0.014236
1226.5490000247955	157.616416	490	0	0.022215	0.014236
1228.5490000247955	143.811296	4	0	0.019928	0.014236
1230.5529999732971	143.811296	510	0	0.018896	0.014236
1232.550999879837	172.86836	516	0	0.023135	0.014236
1234.5499999523163	154.672576	516	0	0.020956	0.014236
1236.5589997768402	163.015776	516	0	0.017415	0.014236
1238.5539999008179	163.015776	516	0	0.061917	0.014236
1240.5539999008179	130.114656	516	0	0.020392	0.014236
1242.5529999732971	142.128992	558	0	0.026171	0.014236
1244.5520000457764	29.564728	536	0	0.018754	0.014236
1246.5539999008179	95.056416	536	0	0.021059	0.014236
1248.5529999732971	123.085128	536	0	0.020969	0.014236
1250.5550000667572	176.150136	536	0	0.019419	0.014236
1252.5569999217987	176.399648	524	0	0.02003	0.014236
1254.5529999732971	178.424	522	0	0.019033	0.014236
1256.5539999008179	178.424	522	0	0.018255	0.014236
1258.5529999732971	182.07876	532	0	0.0188	0.014236
1260.5529999732971	142.260544	532	0	0.020551	0.014236
1262.550999879837	138.156304	532	0	0.019555	0.014236
1264.555999994278	175.389064	520	0	0.017515	0.014236
1266.555999994278	175.389064	522	0	0.017522	0.014236
1268.5550000667572	193.22912	560	0	0.021918	0.014236
1270.555999994278	193.22912	560	0	0.022456	0.014236
1272.5539999008179	187.396368	580	0	0.016997	0.014236
1274.555999994278	171.061976	580	0	0.019026	0.014236
1276.5569999217987	171.061976	4	0	0.018776	0.014236
1278.5529999732971	171.061976	576	0	0.020138	0.014236
1280.5550000667572	171.061976	576	0	0.02589	0.014236
1282.5550000667572	171.061976	588	0	0.019013	0.014236
1284.5529999732971	171.061976	588	0	0.018175	0.014236
1286.5539999008179	157.27624	462	0	0.018757	0.014236
1288.5569999217987	118.253128	482	0	0.021888	0.014236
1290.555999994278	118.253128	480	0	0.018761	0.014236
1292.5569999217987	152.13144	452	0	0.01902	0.014236
1294.5550000667572	159.598864	458	0	0.017864	0.014236
1296.5539999008179	158.816208	470	0	0.017683	0.014236
1298.555999994278	103.056672	470	0	0.021524	0.014236
1300.5550000667572	144.50768	470	0	0.019955	0.014236
1302.5579998493195	175.314328	498	0	0.017269	0.014236
1304.555999994278	157.800296	498	0	0.018714	0.014236
1306.5539999008179	157.800296	510	0	0.020822	0.014236
1308.561999797821	159.330368	510	0	0.01801	0.014236
1310.5599999427795	169.516168	510	0	0.018553	0.014236
1312.5579998493195	24.264304	512	0	0.02148	0.014236
1314.5569999217987	146.467824	540	0	0.021777	0.014236
1316.5599999427795	144.760488	524	0	0.01903	0.014236
1318.5539999008179	163.669232	524	0	0.018987	0.014236
1320.5550000667572	36.53344	468	0	0.016963	0.014236
1322.5579998493195	167.247192	490	0	0.016204	0.014236
1324.5550000667572	158.281352	490	0	0.021227	0.014236
1326.555999994278	170.464768	498	0	0.021367	0.014236
1328.5579998493195	170.464768	498	0	0.026215	0.014236
1330.5579998493195	170.464768	532	0	0.021	0.014236
1332.5589997768402	170.464768	532	0	0.027876	0.014236
1334.5589997768402	130.574912	413	0	0.022705	0.014236
1336.5550000667572	139.790312	410	0	0.01866	0.014236
1338.5539999008179	144.888704	416	0	0.019748	0.014236
1340.5550000667572	156.652376	454	0	0.019466	0.014236
1342.5589997768402	134.768904	454	0	0.022754	0.014236
1344.5550000667572	157.525736	474	0	0.017728	0.014236
1346.5550000667572	128.60904	520	0	0.019678	0.014236
1348.5599999427795	160.261264	520	0	0.02459	0.014236
1350.8099999427795	140.882208	468	0	0.01926	0.014236
1352.808000087738	164.252192	464	0	0.016178	0.014236
1354.808000087738	164.252192	468	0	0.025654	0.014236
1356.8059997558594	161.21272	500	0	0.016969	0.014236
1358.8090000152588	60.5344	500	0	0.036047	0.014236
1360.808000087738	165.093912	500	0	0.020449	0.014236
1362.8059997558594	181.707608	537	0	0.01768	0.014236
1364.8110001087189	201.409184	579	0	0.01854	0.014236
1366.8090000152588	186.139648	610	0	0.022325	0.014236
1368.8039999008179	87.542376	604	0	0.046826	0.014236
1370.8069996833801	207.322752	618	0	0.02075	0.014236
1372.8110001087189	125.87292	646	0	0.030816	0.014236
1374.8110001087189	200.16712	650	0	0.019498	0.014236
1376.8059997558594	166.052424	646	0	0.031256	0.014236
1378.8069996833801	231.859112	688	0	0.017542	0.014236
1380.8099999427795	143.924688	702	0	0.041665	0.014236
