0.0	4.744832	66	59	0.175348	0.018082
0.36699962615966797	8.391752	82	0	0.052788	0.018082
0.40799999237060547	8.391752	82	15	0.04257	0.018082
0.4699997901916504	1.835952	82	0	0.037123	0.018082
0.5169997215270996	4.035	80	0	0.035424	0.018082
0.5749998092651367	5.552912	80	0	0.033578	0.018082
0.6559998989105225	9.275976	54	0	0.038128	0.018082
0.7539997100830078	3.682384	54	0	0.044999	0.018082
1.6359996795654297	11.08024	90	0	0.041578	0.018082
3.631999969482422	11.613264	98	0	0.0699	0.018082
5.6529998779296875	9.752328	88	0	0.105516	0.018082
7.632999897003174	11.324544	152	0	0.051789	0.018082
9.63099980354309	7.159696	144	0	0.093413	0.018082
11.631999969482422	10.149608	100	0	0.050263	0.018082
13.639999866485596	7.916232	128	0	0.064036	0.018082
15.632999897003174	4.29868	128	0	0.342071	0.018082
17.631999969482422	5.534512	124	0	0.181197	0.018082
19.650999784469604	8.600328	132	0	0.089251	0.018082
21.63599967956543	8.855688	128	0	0.126176	0.018082
23.633999824523926	8.799448	94	0	0.149115	0.018082
25.639999866485596	8.13348	78	0	0.120005	0.018082
27.643999576568604	8.769616	68	0	0.087715	0.018082
29.633999824523926	10.525336	88	0	0.061926	0.018082
33.38499975204468	1.389536	112	0	0.377035	0.018082
35.382999658584595	0.744184	82	0	0.066332	0.018082
37.387999534606934	9.034136	112	0	0.080154	0.018082
39.39599967002869	7.413832	88	0	0.080526	0.018082
41.39799976348877	6.366776	94	0	0.133156	0.018082
43.38199973106384	7.3582	70	0	0.144577	0.018082
45.38699960708618	6.973728	128	0	0.060109	0.018082
47.39399981498718	6.553504	4	0	0.158234	0.018082
49.41199970245361	6.221512	88	0	0.065456	0.018082
51.389999866485596	5.365568	70	0	0.10952	0.018082
53.387999534606934	7.401768	108	0	0.127411	0.018082
55.38699960708618	8.227904	108	0	0.096736	0.018082
57.413999795913696	8.05296	98	0	0.114988	0.018082
59.387999534606934	6.775056	64	0	0.056331	0.018082
61.39199995994568	4.518016	74	0	0.189425	0.018082
63.41499972343445	7.500168	94	0	0.047444	0.018082
65.38499975204468	7.434816	70	0	0.098748	0.018082
67.40499973297119	7.681192	72	0	0.103003	0.018082
69.38599967956543	3.231392	70	0	0.245479	0.018082
71.38499975204468	5.601016	64	0	0.136511	0.018082
73.38699960708618	5.531104	92	0	0.064698	0.018082
75.3899998664856	5.207944	64	0	0.116451	0.018082
77.39599967002869	4.588784	70	0	0.258759	0.018082
79.38699960708618	7.851288	78	0	0.071934	0.018082
81.38699960708618	4.1112	78	0	0.167548	0.018082
83.38499975204468	7.61876	78	0	0.070887	0.018082
85.39199995994568	5.691856	78	0	0.144954	0.018082
87.43699979782104	6.012944	78	0	0.06528	0.018082
89.38599967956543	5.887936	76	0	0.102445	0.018082
91.40999984741211	5.139072	88	0	0.120255	0.018082
93.42299962043762	3.761512	106	0	0.193033	0.018082
95.37099981307983	1.791392	94	0	0.869766	0.018082
97.40299963951111	6.572872	62	0	0.062892	0.018082
99.39299988746643	6.245056	70	0	0.104701	0.018082
101.38499975204468	1.240592	68	0	0.510071	0.018082
103.38699960708618	5.093208	62	0	0.113803	0.018082
105.38699960708618	3.58036	54	0	0.130798	0.018082
107.38699960708618	1.8354	82	0	0.230111	0.018082
109.38599967956543	7.197856	82	0	0.090793	0.018082
111.38699960708618	6.827008	66	0	0.074997	0.018082
113.39799976348877	7.404232	72	0	0.073854	0.018082
115.40999984741211	2.054448	78	0	0.439775	0.018082
117.39699983596802	1.779912	82	0	0.076071	0.018082
119.40999984741211	7.234728	82	0	0.126436	0.018082
121.39599967002869	4.9662	76	0	0.095942	0.018082
123.38599967956543	2.506248	64	0	0.299859	0.018082
125.39199995994568	5.930728	72	0	0.11594	0.018082
127.39699983596802	6.805968	124	0	0.064234	0.018082
129.39999985694885	5.678688	66	0	0.182006	0.018082
131.4079999923706	6.481472	62	0	0.119043	0.018082
133.38899993896484	8.135176	82	0	0.065872	0.018082
135.3899998664856	9.46576	70	0	0.050277	0.018082
137.39499974250793	6.927528	4	0	0.055434	0.018082
139.3899998664856	4.994432	86	0	0.105345	0.018082
141.39099979400635	9.218624	86	0	0.109343	0.018082
143.38699960708618	8.432248	86	0	0.100378	0.018082
145.39199995994568	5.293768	84	0	0.058826	0.018082
147.39799976348877	8.330624	120	0	0.119317	0.018082
149.38699960708618	4.61564	70	0	0.108353	0.018082
151.38499975204468	7.161616	74	0	0.093617	0.018082
153.38599967956543	5.988408	66	0	0.101175	0.018082
155.38699960708618	9.4584	78	0	0.082065	0.018082
157.38599967956543	7.649776	86	0	0.090925	0.018082
159.38699960708618	7.527312	60	0	0.073225	0.018082
161.38699960708618	3.768584	120	0	0.117467	0.018082
163.38699960708618	10.069168	140	0	0.139667	0.018082
165.6379997730255	7.037224	130	0	0.061319	0.018082
167.63699984550476	6.906968	128	0	0.101423	0.018082
169.64499974250793	4.97396	100	0	0.154508	0.018082
171.63599967956543	8.18448	4	0	0.076429	0.018082
173.5079996585846	7.426712	60	0	0.057885	0.018082
175.6379997730255	5.259688	68	0	0.144066	0.018082
177.63699984550476	9.16216	90	0	0.064134	0.018082
179.63699984550476	6.992088	122	0	0.066124	0.018082
181.6379997730255	7.330888	110	0	0.125537	0.018082
183.6509997844696	10.282248	84	0	0.083087	0.018082
185.63899970054626	9.471632	184	0	0.102903	0.018082
187.6529998779297	7.573304	134	0	0.150761	0.018082
189.6399998664856	5.5048	114	0	0.097418	0.018082
191.63599967956543	7.141912	88	0	0.139838	0.018082
193.6459996700287	6.94916	64	0	0.056419	0.018082
195.63599967956543	7.861728	80	0	0.09647	0.018082
197.52899980545044	6.693256	124	0	0.06916	0.018082
199.64499974250793	8.81164	126	0	0.107354	0.018082
201.65999960899353	10.217744	106	0	0.08438	0.018082
203.6379997730255	10.329168	124	0	0.067242	0.018082
205.6459996700287	7.82576	98	0	0.108736	0.018634
207.73899960517883	5.32592	100	0	0.078967	0.018634
209.6399998664856	8.252776	72	0	0.098455	0.018634
211.6379997730255	8.775472	104	0	0.060625	0.018634
213.6399998664856	7.461616	88	0	0.079569	0.018634
215.6379997730255	8.80056	72	0	0.078817	0.018634
217.6419997215271	0.409144	100	0	0.049608	0.018634
219.65599989891052	5.774424	100	0	0.068832	0.018634
221.51399970054626	8.942216	56	0	0.050229	0.018634
223.6509997844696	2.717616	108	0	0.399628	0.018634
225.6529998779297	7.659392	128	0	0.09394	0.018634
227.6549997329712	7.624216	130	0	0.040207	0.018634
229.64999985694885	7.624216	60	0	0.039701	0.018634
231.64099979400635	5.731	72	0	0.059429	0.018634
233.6489999294281	7.737584	74	0	0.099166	0.018634
235.63699984550476	5.671408	98	0	0.161741	0.018634
237.64499974250793	6.529	88	0	0.132963	0.018634
239.6399998664856	8.37752	128	0	0.125643	0.018634
241.6489999294281	6.880024	90	0	0.091288	0.018634
