0.0	30.25936	448	294	0.100255	0.07015
0.17299985885620117	30.298992	430	0	0.135559	0.07015
0.27699971199035645	30.298992	432	0	0.093039	0.07015
0.39100003242492676	30.298992	432	0	0.089413	0.07015
0.5210001468658447	30.298992	432	21	0.092241	0.07015
0.7169997692108154	30.298992	432	0	0.142725	0.07015
0.9039998054504395	30.298992	432	0	0.116356	0.07015
1.1050000190734863	30.298992	432	28	0.131056	0.07015
1.2599999904632568	30.298992	432	0	0.098622	0.07015
3.2810001373291016	21.97868	390	0	0.11538	0.07015
5.2769997119903564	24.460968	370	0	0.08859	0.07015
7.287999868392944	23.200408	370	0	0.089065	0.07015
9.289000034332275	28.09548	374	0	0.082317	0.07015
11.28600001335144	23.700664	380	0	0.088336	0.07015
13.286999940872192	30.214608	384	0	0.100221	0.07015
15.273000001907349	28.9112	4	0	0.091729	0.07015
17.275999784469604	31.398376	416	0	0.090748	0.07015
19.27999997138977	27.505624	416	0	0.111697	0.07015
21.276999711990356	24.978976	442	0	0.084974	0.07015
23.28600001335144	24.978976	442	0	0.093823	0.07015
25.286999940872192	24.7292	444	0	0.111378	0.07015
27.52900004386902	27.728736	446	0	0.117247	0.07015
29.283999919891357	29.407368	440	0	0.096872	0.07015
31.530999898910522	29.738672	458	0	0.085721	0.07015
33.28499984741211	29.518384	458	0	0.103503	0.07015
35.53700017929077	29.443928	454	0	0.109415	0.07015
37.53700017929077	20.79604	454	0	0.116543	0.07015
39.52999997138977	23.100888	480	0	0.167927	0.07015
41.53399991989136	24.154192	432	0	0.083152	0.07015
43.52799987792969	27.482056	390	0	0.092901	0.07015
45.52999997138977	27.306848	412	0	0.1015	0.07015
47.55800008773804	29.12268	412	0	0.085008	0.07015
49.53399991989136	18.578248	408	0	0.160232	0.07015
51.53499984741211	29.271976	408	0	0.083618	0.07015
53.52999997138977	24.937728	398	0	0.103312	0.07015
55.53399991989136	28.354952	398	0	0.085823	0.07015
57.532999753952026	28.460224	408	0	0.086982	0.07015
59.53700017929077	28.792648	416	0	0.103235	0.07015
61.53399991989136	17.6352	416	0	0.256345	0.07015
63.545000076293945	30.73392	420	0	0.130641	0.07015
65.54099988937378	32.443888	410	0	0.101031	0.07015
67.54999995231628	23.421488	430	0	0.117962	0.07015
69.52900004386902	32.560112	430	0	0.16598	0.07015
71.53099989891052	15.421712	434	0	0.259227	0.07015
73.54099988937378	31.306576	416	0	0.105201	0.07015
75.53099989891052	9.652696	420	0	0.087454	0.07015
77.54200005531311	26.198976	452	0	0.10864	0.07015
79.53900003433228	28.926192	440	0	0.086298	0.07015
81.53700017929077	21.379368	436	0	0.139729	0.07015
83.53900003433228	28.353608	440	0	0.09579	0.07015
85.53299975395203	28.603552	436	0	0.083081	0.07015
87.53499984741211	22.954664	426	0	0.133692	0.07015
89.52600002288818	28.144576	422	0	0.084517	0.07015
91.52999997138977	16.522912	422	0	0.154233	0.07015
93.53199982643127	27.25968	390	0	0.095714	0.07015
95.53999996185303	21.585992	414	0	0.110293	0.07015
97.53299975395203	18.342248	410	0	0.209562	0.07015
99.52699995040894	18.021888	410	0	0.1224	0.07015
101.5460000038147	30.714552	412	0	0.117373	0.07015
103.52600002288818	23.190456	412	0	0.133312	0.07015
105.53399991989136	30.484488	412	0	0.097093	0.07015
107.53499984741211	26.55644	476	0	0.123336	0.07015
109.54500007629395	22.910528	444	0	0.130177	0.07015
111.53800010681152	34.576456	456	0	0.134746	0.07015
113.52999997138977	31.46488	454	0	0.092613	0.07015
115.53900003433228	23.596104	456	0	0.15093	0.07015
117.60199999809265	23.596104	456	0	0.09444	0.07015
119.5239999294281	23.596104	462	0	0.083581	0.07015
121.53499984741211	23.596104	462	0	0.082061	0.07015
123.54099988937378	0.10816	436	0	0.087401	0.07015
125.53499984741211	26.73084	442	0	0.093174	0.07015
127.53900003433228	29.470536	440	0	0.099984	0.07015
129.53999996185303	29.036944	436	0	0.123485	0.07015
131.56799983978271	30.035248	440	0	0.135714	0.07015
133.54500007629395	22.63228	442	0	0.132962	0.07015
135.54399991035461	28.707792	454	0	0.11075	0.07015
137.53599977493286	27.703816	476	0	0.096116	0.07015
139.53999996185303	29.626792	472	0	0.127632	0.07015
141.53599977493286	28.596776	444	0	0.163403	0.07015
143.5519998073578	18.48388	410	0	0.212605	0.07015
145.53599977493286	22.364848	436	0	0.113267	0.07015
147.53700017929077	26.826176	432	0	0.099505	0.07015
149.5279998779297	26.826176	432	0	0.097055	0.07015
151.53599977493286	28.741784	444	0	0.083536	0.07015
153.54099988937378	25.016208	400	0	0.113796	0.07015
155.53999996185303	25.016208	404	0	0.08762	0.07015
157.53399991989136	25.016208	404	0	0.084941	0.07015
159.53900003433228	27.299	404	0	0.102409	0.07015
161.5420000553131	30.066904	426	0	0.099863	0.07015
163.53999996185303	24.337776	464	0	0.210534	0.07015
165.52999997138977	27.257872	446	0	0.090244	0.07015
167.53099989891052	29.326536	476	0	0.104442	0.07015
169.54099988937378	24.596504	476	0	0.168428	0.07015
171.5460000038147	29.336432	474	0	0.085994	0.07015
173.52499985694885	22.015544	474	0	0.156363	0.07015
175.52699995040894	31.17516	464	0	0.086013	0.07015
177.53299975395203	25.38164	454	0	0.154142	0.07015
179.5420000553131	19.180608	454	0	0.166046	0.07015
181.53999996185303	21.25064	436	0	0.174044	0.07015
183.53399991989136	34.362128	472	0	0.132307	0.07015
185.53700017929077	24.143312	488	0	0.095651	0.07015
187.55099987983704	29.405648	484	0	0.093509	0.07015
189.53700017929077	26.490432	484	0	0.132626	0.07015
191.52600002288818	25.993088	484	0	0.119059	0.07015
193.53099989891052	19.176696	412	0	0.160759	0.07015
195.53700017929077	27.191008	418	0	0.086102	0.07015
197.54299998283386	32.94436	432	0	0.106453	0.07015
199.53999996185303	29.229808	430	0	0.090696	0.07015
201.54099988937378	15.106288	430	0	0.230548	0.07015
203.53599977493286	28.34636	440	0	0.116349	0.07015
205.53900003433228	31.394536	422	0	0.160112	0.07015
207.54099988937378	27.905448	422	0	0.130605	0.07015
209.53199982643127	19.200336	432	0	0.114498	0.07015
211.53999996185303	28.353216	430	0	0.10048	0.07015
213.53999996185303	28.355648	430	0	0.10655	0.07015
215.53700017929077	28.034208	458	0	0.149787	0.07015
217.5460000038147	29.867552	420	0	0.136636	0.07015
219.54699993133545	30.821024	444	0	0.146679	0.07015
221.53299975395203	29.187776	454	0	0.177346	0.07015
223.53199982643127	26.142336	418	0	0.150772	0.07015
225.56699991226196	30.37976	430	0	0.141432	0.07015
227.5279998779297	31.846528	432	0	0.09528	0.07015
229.53099989891052	29.283888	432	0	0.090772	0.07015
231.52900004386902	26.724144	430	0	0.106326	0.07015
233.53599977493286	27.642928	400	0	0.085795	0.07015
235.53399991989136	25.654984	426	0	0.120343	0.07015
237.54500007629395	29.41692	440	0	0.112759	0.07015
239.52999997138977	0.371048	440	0	0.181049	0.07015
241.56100010871887	16.6532	440	0	0.101461	0.07015
243.53599977493286	16.6532	460	0	0.086497	0.07015
245.54099988937378	29.24572	420	0	0.116538	0.07015
247.54399991035461	22.33512	422	0	0.107126	0.07015
249.5279998779297	3.6648	424	0	0.086525	0.07015
251.53099989891052	27.54288	416	0	0.116417	0.07015
253.5349998474121	33.787736	490	0	0.12182	0.07015
255.53900003433228	28.921112	482	0	0.170671	0.07015
257.53599977493286	17.6708	486	0	0.102739	0.07015
259.53399991989136	23.48848	462	0	0.14509	0.07015
261.5420000553131	26.90544	462	0	0.144606	0.07015
263.53399991989136	30.725152	426	0	0.157326	0.07015
265.5409998893738	28.5214	416	0	0.113671	0.07015
267.5349998474121	29.184704	420	0	0.092649	0.07015
269.53399991989136	0.275816	428	0	0.112186	0.07015
271.53599977493286	28.821272	452	0	0.11235	0.070874
273.532999753952	22.898008	472	0	0.22392	0.070874
275.5409998893738	28.519288	492	0	0.146611	0.070874
277.54500007629395	28.715264	414	0	0.089492	0.070874
279.77999997138977	0.139864	398	0	0.102531	0.070874
281.7850000858307	26.92648	406	0	0.09879	0.070874
283.80200004577637	17.687736	410	0	0.177046	0.070874
285.5409998893738	28.39636	444	0	0.124164	0.070874
287.79199981689453	9.964296	444	0	0.207239	0.070874
289.77800011634827	13.026568	460	0	0.307555	0.070874
291.79699993133545	1.34868	460	0	0.151181	0.070874
293.7829999923706	12.539064	460	0	0.269999	0.070874
295.78600001335144	28.688432	448	0	0.113503	0.070874
297.8069999217987	29.945608	448	0	0.151362	0.070874
299.7809998989105	0.211824	518	0	0.142035	0.070874
301.7889997959137	24.427032	426	0	0.127121	0.070874
303.78399991989136	32.456184	434	0	0.109284	0.070874
305.78200006484985	29.324888	434	0	0.085974	0.070874
307.8010001182556	26.39188	438	0	0.172415	0.070874
309.65000009536743	6.37244	440	0	0.184964	0.070874
311.79199981689453	27.20372	462	0	0.091347	0.070874
313.7869999408722	27.976912	468	0	0.12224	0.070874
315.7869999408722	28.729392	468	0	0.114194	0.070874
317.789999961853	28.477568	468	0	0.100454	0.070874
319.77800011634827	24.456704	468	0	0.104998	0.070874
321.78200006484985	24.456704	468	0	0.120745	0.070874
323.78200006484985	24.456704	4	0	0.130602	0.070874
325.79699993133545	24.456704	474	0	0.108957	0.070874
327.78200006484985	24.456704	474	0	0.160752	0.070874
329.7869999408722	24.456704	474	0	0.103696	0.070874
331.779000043869	24.456704	474	0	0.140323	0.070874
333.646999835968	24.456704	474	0	0.08668	0.070874
335.7759997844696	24.456704	474	0	0.094428	0.070874
337.78200006484985	24.456704	622	0	0.109297	0.070874
339.779000043869	24.456704	482	0	0.088744	0.070874
341.77999997138977	24.456704	482	0	0.234862	0.070874
343.79900002479553	24.456704	470	0	0.082326	0.070874
345.789999961853	24.456704	470	0	0.094137	0.070874
347.81900000572205	14.719368	278	0	0.223871	0.070874
349.789999961853	20.943056	288	0	0.081215	0.070874
351.7909998893738	25.757128	359	0	0.082437	0.070874
353.7770001888275	25.576736	386	0	0.082474	0.070874
355.79299998283386	27.684344	394	0	0.084904	0.070874
357.65000009536743	21.441608	394	0	0.106666	0.070874
359.79299998283386	29.678296	394	0	0.087237	0.070874
361.8380000591278	15.83856	4	0	0.175047	0.070874
363.78799986839294	21.309056	412	0	0.10509	0.070874
365.7959997653961	25.681472	402	0	0.109062	0.070874
367.78600001335144	26.732464	410	0	0.09465	0.070874
369.7999999523163	13.63512	426	0	0.187908	0.070874
371.7829999923706	10.512592	426	0	0.432612	0.070874
373.78399991989136	29.97484	412	0	0.104808	0.070874
375.79900002479553	30.024688	434	0	0.112215	0.070874
377.78600001335144	12.205336	434	0	0.16385	0.070874
379.7889997959137	30.732792	432	0	0.10806	0.070874
381.6340000629425	30.732792	432	0	0.101842	0.070874
383.77800011634827	30.732792	434	0	0.090428	0.070874
385.7829999923706	30.732792	466	0	0.083117	0.070874
387.7889997959137	25.275288	432	0	0.151807	0.070874
389.79699993133545	28.05768	456	0	0.110899	0.070874
391.77999997138977	31.454296	432	0	0.099348	0.070874
393.81199979782104	29.615816	436	0	0.10648	0.070874
395.78399991989136	28.45688	438	0	0.1212	0.070874
397.78799986839294	2.71256	438	0	0.219725	0.071544
399.789999961853	21.724384	436	0	0.214777	0.071544
401.7850000858307	27.718624	376	0	0.112747	0.071544
403.7939999103546	17.434584	434	0	0.257714	0.071544
405.67000007629395	28.495592	442	0	0.101141	0.071544
407.7909998893738	33.27852	440	0	0.12435	0.071544
409.78799986839294	22.17304	436	0	0.164112	0.071544
411.78399991989136	29.343232	438	0	0.093626	0.071544
413.7909998893738	29.452328	430	0	0.109945	0.071544
415.78200006484985	22.613104	432	0	0.087631	0.071544
417.78600001335144	14.367648	430	0	0.191158	0.071544
419.80200004577637	14.367648	448	0	0.094497	0.071544
421.7980000972748	23.933728	432	0	0.132175	0.071544
423.7980000972748	25.02828	432	0	0.173349	0.071544
425.7959997653961	24.862056	444	0	0.158141	0.071544
427.77999997138977	5.434312	444	0	0.33038	0.071544
429.79299998283386	27.163264	436	0	0.133543	0.071544
431.7869999408722	10.12876	372	0	0.389903	0.071544
433.77999997138977	33.281	417	0	0.096975	0.071544
435.77999997138977	30.278832	438	0	0.086053	0.071544
437.78200006484985	20.66572	442	0	0.125749	0.071544
439.789999961853	28.708616	432	0	0.08547	0.071544
441.7889997959137	28.914144	464	0	0.100392	0.071544
443.77999997138977	29.636672	464	0	0.196519	0.071544
445.8010001182556	4.085096	464	0	0.159164	0.071544
447.7939999103546	28.360152	464	0	0.109993	0.071544
449.7889997959137	34.016768	486	0	0.087349	0.071544
451.77999997138977	24.73464	478	0	0.141809	0.071544
453.7770001888275	29.782472	478	0	0.089777	0.071544
455.77800011634827	13.674536	478	0	0.107467	0.071544
457.80200004577637	25.47728	438	0	0.143746	0.071544
459.789999961853	21.136824	438	0	0.17706	0.071544
461.78799986839294	29.824856	394	0	0.120927	0.071244
463.7869999408722	17.038104	376	0	0.110941	0.071244
465.8109998703003	23.971208	376	0	0.101405	0.071244
467.7869999408722	30.452544	384	0	0.08497	0.071244
469.78200006484985	29.213272	384	0	0.089707	0.071244
471.78799986839294	29.213272	434	0	0.091278	0.071244
473.78200006484985	29.213272	412	0	0.080519	0.071244
475.8109998703003	29.213272	412	0	0.124118	0.071244
477.7850000858307	29.213272	412	0	0.08801	0.071244
479.7959997653961	28.325504	428	0	0.110596	0.071244
481.7850000858307	19.473368	430	0	0.214658	0.071244
483.79199981689453	27.745944	426	0	0.133462	0.071244
485.78399991989136	28.999016	430	0	0.143124	0.071244
487.7909998893738	24.643392	434	0	0.123319	0.071244
489.7889997959137	19.75924	430	0	0.215275	0.071244
491.78200006484985	29.382	436	0	0.153525	0.071244
493.79499983787537	21.78536	436	0	0.224318	0.071244
495.77999997138977	22.946008	436	0	0.15512	0.071244
497.7809998989105	30.087576	422	0	0.089014	0.071244
499.789999961853	21.50976	414	0	0.166964	0.071244
501.78399991989136	30.298424	418	0	0.084615	0.071244
503.7850000858307	27.682352	436	0	0.148518	0.071244
505.78399991989136	28.588624	446	0	0.134741	0.071244
507.79699993133545	25.215064	444	0	0.094367	0.071244
509.77800011634827	25.215064	444	0	0.085712	0.071244
511.78799986839294	25.215064	444	0	0.102647	0.071244
513.7909998893738	25.215064	444	0	0.109103	0.071244
515.7959997653961	25.215064	444	0	0.103568	0.071244
517.7829999923706	28.082264	394	0	0.098111	0.071244
519.7939999103546	23.325112	416	0	0.096963	0.071244
521.7850000858307	27.733736	416	0	0.083886	0.071244
523.789999961853	23.305104	414	0	0.106622	0.071244
525.7929999828339	30.423608	414	0	0.087516	0.071244
527.7949998378754	30.423608	418	0	0.086662	0.071244
529.789999961853	25.812544	4	0	0.105509	0.071244
532.0339999198914	25.812544	436	0	0.096268	0.071244
534.0380001068115	30.377696	434	0	0.101178	0.071244
535.7959997653961	26.204008	436	0	0.08501	0.071244
538.0339999198914	22.83856	436	0	0.153646	0.071244
539.8999998569489	21.111192	454	0	0.157562	0.071244
542.0390000343323	27.917864	464	0	0.119826	0.071244
544.0490000247955	29.342808	464	0	0.132929	0.071244
546.0359997749329	28.780464	464	0	0.091412	0.071244
548.0299999713898	26.837584	438	0	0.11783	0.071244
550.0299999713898	31.953664	452	0	0.087392	0.071244
552.0329999923706	31.727208	452	0	0.165324	0.071244
554.0410001277924	30.124232	458	0	0.148397	0.071244
556.0319998264313	28.689432	468	0	0.105339	0.071244
558.0570001602173	24.473096	464	0	0.218191	0.071244
560.0439999103546	21.012424	462	0	0.176713	0.071244
562.0339999198914	28.910176	410	0	0.121346	0.071244
563.885999917984	31.910928	418	0	0.084096	0.071244
566.0479998588562	28.22264	414	0	0.123098	0.071244
568.6609997749329	29.225888	420	0	0.099407	0.071244
570.0849997997284	25.078464	418	0	0.137351	0.071244
572.0449998378754	22.306888	632	0	0.185003	0.071244
574.5359997749329	3.19416	464	0	0.183103	0.071244
576.8669998645782	4.421752	130	0	0.157792	0.071244
578.039999961853	13.158088	174	0	0.083677	0.070885
580.0329999923706	11.267272	186	0	0.099841	0.070885
582.0329999923706	17.654336	232	0	0.08087	0.070822
584.0369997024536	16.778208	250	0	0.10994	0.070822
586.0460000038147	17.535112	300	0	0.098148	0.070822
587.8970000743866	28.969944	382	0	0.080312	0.070822
590.0429999828339	31.45252	416	0	0.108791	0.070822
592.0420000553131	20.418	4	0	0.127453	0.070822
594.0420000553131	27.236936	448	0	0.115656	0.070822
596.0380001068115	26.991008	444	0	0.127805	0.070822
598.039999961853	28.87164	434	0	0.093809	0.070822
600.0289998054504	20.903376	436	0	0.182756	0.070822
602.0309998989105	20.903376	436	0	0.087105	0.070822
604.039999961853	20.903376	436	0	0.083821	0.070822
606.0449998378754	20.903376	436	0	0.086945	0.070822
608.0329999923706	20.903376	436	0	0.093043	0.070822
610.0429999828339	22.782072	326	0	0.108042	0.070822
611.9059998989105	22.081832	330	0	0.082832	0.070822
614.039999961853	28.532792	390	0	0.07952	0.070822
616.0410001277924	30.137736	404	0	0.101211	0.070822
618.039999961853	30.585784	426	0	0.095977	0.070822
620.0420000553131	26.890872	446	0	0.144616	0.070822
622.0460000038147	26.38744	446	0	0.166807	0.070822
624.0359997749329	15.087904	412	0	0.103366	0.070822
626.0380001068115	24.454872	494	0	0.116381	0.070822
628.0439999103546	26.86568	488	0	0.196784	0.070822
630.0460000038147	25.56844	488	0	0.229258	0.070822
632.039999961853	28.538888	500	0	0.139918	0.070822
634.0390000343323	29.986824	500	0	0.19275	0.070822
635.9029998779297	29.088208	440	0	0.1167	0.070822
638.0329999923706	29.9138	4	0	0.112918	0.070822
640.0359997749329	32.520368	460	0	0.117903	0.070822
642.0429999828339	28.503472	456	0	0.087826	0.070822
644.0590000152588	19.124528	458	0	0.249613	0.070822
646.0380001068115	28.949408	454	0	0.089859	0.070822
648.0420000553131	30.670776	424	0	0.110807	0.070822
650.0349998474121	29.080208	442	0	0.110999	0.070822
652.0289998054504	30.41636	442	0	0.086616	0.070822
654.0309998989105	28.256136	442	0	0.102486	0.070822
656.0369997024536	28.886728	436	0	0.102823	0.070822
658.058000087738	33.819888	472	0	0.131927	0.070822
660.0339999198914	25.440256	472	0	0.093607	0.070822
662.0439999103546	28.905432	472	0	0.13045	0.070822
664.0299999713898	29.9184	490	0	0.125161	0.070822
666.0369997024536	31.996008	486	0	0.113589	0.070822
668.0410001277924	31.32476	550	0	0.142967	0.070822
670.0329999923706	30.308048	440	0	0.121576	0.070822
672.0339999198914	31.392904	434	0	0.155279	0.070822
674.0359997749329	29.140072	436	0	0.122861	0.070822
676.0449998378754	30.01504	434	0	0.104054	0.070822
678.039999961853	26.440056	416	0	0.140174	0.070822
680.0750000476837	8.093912	426	0	0.128222	0.070822
682.0410001277924	27.977968	428	0	0.127365	0.070822
684.0410001277924	28.618552	470	0	0.092938	0.070822
686.0420000553131	27.889984	470	0	0.103125	0.070822
688.0289998054504	27.945656	468	0	0.100826	0.070822
690.0429999828339	31.979264	468	0	0.094468	0.070822
692.0359997749329	27.380392	426	0	0.134163	0.070822
694.039999961853	29.830824	418	0	0.112186	0.070822
696.0410001277924	28.842512	418	0	0.105	0.070822
698.0289998054504	21.490904	420	0	0.112444	0.070822
700.0469999313354	29.2042	412	0	0.082297	0.070822
702.0369997024536	26.118512	412	0	0.117899	0.070822
704.0439999103546	22.183008	404	0	0.106825	0.070822
706.0319998264313	29.727304	412	0	0.094744	0.070822
708.0429999828339	27.832912	442	0	0.093605	0.070822
710.0469999313354	30.511816	442	0	0.150634	0.070822
712.0429999828339	29.348704	456	0	0.119997	0.070822
714.0479998588562	3.969216	456	0	0.191563	0.070822
716.0309998989105	33.217176	454	0	0.145697	0.070822
718.0369997024536	29.356488	454	0	0.094433	0.070822
720.0479998588562	22.648592	454	0	0.129698	0.070822
722.0349998474121	28.9466	454	0	0.11612	0.070822
724.0490000247955	23.33904	412	0	0.134402	0.070822
726.0460000038147	27.907736	435	0	0.087706	0.070822
728.0429999828339	13.189344	426	0	0.084569	0.070822
730.0420000553131	29.04636	458	0	0.125755	0.070822
732.0329999923706	29.592584	460	0	0.114046	0.070822
734.0439999103546	29.91532	458	0	0.112418	0.070822
736.0349998474121	28.811	438	0	0.113921	0.070822
738.0359997749329	29.436704	436	0	0.086155	0.070822
740.0439999103546	29.023208	450	0	0.101265	0.070822
742.0309998989105	29.119256	446	0	0.090922	0.070822
744.0349998474121	26.770224	446	0	0.136721	0.070822
746.0439999103546	29.10016	412	0	0.101075	0.070822
748.0439999103546	27.656264	408	0	0.093214	0.070822
750.0309998989105	25.293504	434	0	0.120753	0.070822
752.0319998264313	26.168304	432	0	0.133831	0.070822
754.0449998378754	20.670648	428	0	0.15289	0.070822
756.0380001068115	29.547984	426	0	0.108593	0.070822
758.0420000553131	29.547984	426	0	0.096996	0.070822
760.0429999828339	29.679936	428	0	0.090853	0.070822
762.0329999923706	27.593376	410	0	0.117067	0.070822
764.0460000038147	25.220944	446	0	0.18953	0.070822
766.0499999523163	25.220944	406	0	0.098282	0.070822
768.0439999103546	25.220944	408	0	0.086738	0.070822
770.0369997024536	25.220944	408	0	0.085142	0.070822
772.0299999713898	28.211128	404	0	0.086433	0.070822
774.0390000343323	28.211128	404	0	0.082278	0.070822
776.0349998474121	28.211128	404	0	0.089548	0.070822
778.0410001277924	28.211128	466	0	0.093861	0.070822
780.2829999923706	28.211128	426	0	0.082665	0.070822
782.039999961853	28.211128	426	0	0.117789	0.070822
784.297000169754	29.24988	402	0	0.105304	0.070822
786.2869999408722	26.8706	402	0	0.09007	0.070822
788.0549998283386	28.597736	408	0	0.091833	0.070822
790.2829999923706	18.669224	408	0	0.091799	0.070822
792.2869999408722	26.74208	410	0	0.117291	0.070822
794.2890000343323	26.230184	406	0	0.116435	0.070822
796.2829999923706	23.966288	410	0	0.090191	0.070822
798.2949998378754	29.415024	406	0	0.091641	0.070822
800.2949998378754	27.72012	414	0	0.091412	0.070822
802.2839999198914	30.969648	416	0	0.096343	0.070822
804.289999961853	29.38288	416	0	0.111708	0.070822
806.2820000648499	24.971648	418	0	0.087057	0.070822
808.2839999198914	19.334144	432	0	0.120415	0.070822
810.2929997444153	29.698888	432	0	0.084331	0.070822
812.2980000972748	30.287448	432	0	0.091548	0.070822
814.300999879837	29.961552	442	0	0.08382	0.070822
816.287999868393	22.819368	426	0	0.175471	0.070822
818.300999879837	33.640872	442	0	0.126257	0.070822
820.2980000972748	29.871216	438	0	0.130878	0.070822
822.2869999408722	28.491272	440	0	0.137353	0.070822
824.2929997444153	29.753096	438	0	0.134145	0.070822
826.2919998168945	30.745696	450	0	0.148949	0.070822
828.2939999103546	30.76912	450	0	0.092149	0.070822
830.2860000133514	21.949728	450	0	0.104879	0.070822
832.2860000133514	32.589408	472	0	0.141677	0.070822
834.2949998378754	31.151024	496	0	0.118396	0.070822
836.289999961853	28.92028	496	0	0.126989	0.070822
838.2929997444153	28.258512	480	0	0.108843	0.070822
840.305999994278	29.281976	480	0	0.113357	0.070822
842.3140001296997	29.33656	424	0	0.146512	0.070822
844.2849998474121	18.650952	440	0	0.100821	0.070822
846.2820000648499	24.93748	440	0	0.175986	0.070822
848.2820000648499	23.24328	444	0	0.112587	0.070822
850.2890000343323	23.24328	440	0	0.117999	0.070822
852.2980000972748	10.26928	420	0	0.091416	0.070822
854.2839999198914	24.092312	482	0	0.124577	0.070822
856.287999868393	29.331408	460	0	0.141072	0.070822
858.2839999198914	25.57024	470	0	0.14865	0.070822
860.2909998893738	28.640408	470	0	0.129146	0.070822
862.2959997653961	28.956152	470	0	0.096896	0.070822
864.2829999923706	28.80132	470	0	0.099699	0.070822
866.2909998893738	29.018488	482	0	0.092836	0.070822
868.2909998893738	30.33216	482	0	0.117796	0.070822
870.3029999732971	30.199896	482	0	0.119283	0.070822
872.2829999923706	26.93272	438	0	0.092507	0.070822
874.2810001373291	29.997352	438	0	0.098795	0.070822
876.2990000247955	29.997352	450	0	0.084088	0.070822
878.2869999408722	29.997352	446	0	0.085306	0.070822
880.3069999217987	29.997352	442	0	0.083396	0.070822
882.2869999408722	29.997352	442	0	0.086982	0.07201
884.2939999103546	27.327968	438	0	0.099468	0.07201
886.3089997768402	29.216224	438	0	0.085332	0.07201
888.3089997768402	31.780528	428	0	0.099294	0.07201
890.3039999008179	25.431032	456	0	0.085248	0.07201
892.3020000457764	4.212496	460	0	0.111786	0.07201
894.2929997444153	32.085056	456	0	0.1173	0.07201
896.2810001373291	28.059048	440	0	0.111646	0.07201
898.2980000972748	23.914848	436	0	0.137943	0.07201
900.2890000343323	22.838272	442	0	0.092276	0.07201
902.3029999732971	13.023528	440	0	0.120199	0.07201
904.2869999408722	30.667144	442	0	0.10564	0.07201
906.2890000343323	29.671944	406	0	0.084607	0.07201
908.289999961853	27.31108	436	0	0.094231	0.07201
910.2959997653961	27.31108	440	0	0.086554	0.07201
912.2959997653961	27.31108	440	0	0.132642	0.07201
914.2860000133514	27.31108	440	0	0.101405	0.07201
916.2909998893738	24.646144	440	0	0.114284	0.07201
918.2919998168945	19.554392	470	0	0.222095	0.07201
920.2890000343323	18.20672	462	0	0.116202	0.07201
922.2949998378754	17.936488	392	0	0.194611	0.07201
924.2949998378754	5.951616	384	0	0.089629	0.07201
926.2949998378754	16.159272	356	0	0.228206	0.07201
928.2980000972748	27.675608	394	0	0.107474	0.07201
930.2849998474121	25.834376	410	0	0.133288	0.07201
932.2860000133514	31.43832	430	0	0.132729	0.07201
934.305999994278	22.297592	458	0	0.116888	0.07201
936.289999961853	16.102976	458	0	0.130811	0.07201
938.2949998378754	29.22632	4	0	0.105528	0.07201
940.2829999923706	29.714768	426	0	0.113711	0.07201
942.2939999103546	23.961888	422	0	0.128997	0.07201
944.2949998378754	25.299504	456	0	0.095649	0.07201
946.2939999103546	26.712128	454	0	0.148992	0.07201
948.2810001373291	25.129024	468	0	0.103222	0.07201
950.2849998474121	25.614544	468	0	0.144516	0.07201
952.297000169754	28.504056	464	0	0.108159	0.07201
954.3229999542236	28.035312	418	0	0.086146	0.07201
956.2890000343323	26.87668	422	0	0.134626	0.07201
958.2999999523163	29.821432	422	0	0.08869	0.07201
960.2909998893738	21.81848	436	0	0.1575	0.07201
962.297000169754	26.276848	466	0	0.171002	0.07201
964.289999961853	28.79396	454	0	0.161452	0.07201
966.2919998168945	29.889216	458	0	0.142739	0.07201
968.2890000343323	27.502352	458	0	0.120378	0.07201
970.2990000247955	30.320008	450	0	0.123573	0.07201
972.2849998474121	27.278008	432	0	0.095425	0.07201
974.2820000648499	27.587096	430	0	0.144003	0.07201
976.2829999923706	27.587096	430	0	0.098855	0.07201
978.2820000648499	24.459496	432	0	0.087092	0.07201
980.2829999923706	27.433744	376	0	0.084315	0.07201
982.289999961853	28.286	378	0	0.081946	0.07201
984.2839999198914	27.390512	374	0	0.080251	0.07201
986.2999999523163	28.74752	448	0	0.097507	0.07201
988.2869999408722	18.151912	444	0	0.144594	0.07201
990.2939999103546	24.967568	444	0	0.147822	0.07201
992.2839999198914	28.418488	402	0	0.107298	0.07201
994.2869999408722	28.57948	414	0	0.098174	0.071555
996.297000169754	29.622152	420	0	0.098209	0.071555
998.3069999217987	27.253248	420	0	0.100723	0.071555
1000.2929997444153	28.443656	420	0	0.107568	0.071555
1002.2860000133514	21.690584	440	0	0.137846	0.071555
1004.2929997444153	30.82484	472	0	0.143857	0.071555
1006.289999961853	29.22012	430	0	0.109512	0.071555
1008.2849998474121	21.66256	458	0	0.097019	0.071555
1010.289999961853	28.630792	458	0	0.157487	0.071555
1012.2980000972748	30.972952	458	0	0.160022	0.071555
1014.2939999103546	32.337584	458	0	0.146268	0.071555
1016.287999868393	27.979416	454	0	0.117957	0.071555
1018.2919998168945	29.88952	480	0	0.153735	0.071555
1020.2939999103546	27.815984	420	0	0.112621	0.071555
1022.2890000343323	30.72684	416	0	0.143211	0.071555
1024.311999797821	28.88216	428	0	0.126357	0.071555
1026.2869999408722	30.341752	454	0	0.117804	0.071555
1028.2939999103546	35.026096	454	0	0.137733	0.071555
1030.5359997749329	35.026096	452	0	0.092939	0.071555
1032.2929997444153	35.026096	452	0	0.092248	0.071555
1034.2959997653961	31.175192	452	0	0.159157	0.071555
1036.5460000038147	26.367056	446	0	0.158136	0.071555
1038.5339999198914	27.854032	442	0	0.1126	0.071555
1040.5439999103546	7.158736	466	0	0.11418	0.071555
1042.5439999103546	30.410488	466	0	0.098105	0.071555
1044.5499999523163	27.242136	466	0	0.112509	0.071555
1046.5370001792908	20.421192	404	0	0.110032	0.071555
1048.5439999103546	30.510424	404	0	0.114444	0.071555
1050.5479998588562	29.369952	428	0	0.119977	0.071555
1052.5439999103546	32.423016	460	0	0.118337	0.071555
1054.5429999828339	26.982984	434	0	0.136062	0.071555
1056.5479998588562	27.683016	444	0	0.13912	0.071555
1058.3829998970032	28.717616	444	0	0.120965	0.071555
1060.548999786377	30.949448	444	0	0.124206	0.071555
1062.5390000343323	24.9756	414	0	0.161212	0.071555
1064.5479998588562	26.818464	414	0	0.126314	0.071555
1066.5460000038147	30.341736	514	0	0.114728	0.071555
1068.550999879837	30.341736	448	0	0.078447	0.071555
1070.5519998073578	26.077456	446	0	0.124698	0.071555
1072.5390000343323	35.611712	472	0	0.110502	0.071555
1074.542000055313	25.967056	472	0	0.140033	0.071555
1076.545000076294	28.663408	472	0	0.12554	0.071555
1078.5380001068115	27.102304	472	0	0.120927	0.071555
1080.5460000038147	22.348912	486	0	0.123174	0.071555
1082.4179999828339	30.78004	478	0	0.107859	0.071555
1084.5380001068115	29.810872	420	0	0.108254	0.071555
1086.539999961853	25.022544	446	0	0.162477	0.071555
1088.5380001068115	26.766496	434	0	0.098505	0.071555
1090.555999994278	32.4692	434	0	0.09472	0.071555
1092.539999961853	32.4692	436	0	0.086125	0.071555
1094.5439999103546	33.162416	436	0	0.107372	0.071555
1096.5409998893738	28.69376	440	0	0.138067	0.071555
1098.5569999217987	28.364512	434	0	0.103921	0.071555
1100.5380001068115	27.892952	438	0	0.121141	0.071555
1102.5339999198914	23.252856	434	0	0.088924	0.071555
1104.5469999313354	23.252856	434	0	0.086799	0.071555
1106.3869998455048	23.252856	438	0	0.081675	0.071555
1108.532999753952	23.252856	438	0	0.089081	0.071555
1110.5469999313354	23.252856	444	0	0.085889	0.071555
1112.5380001068115	23.252856	444	0	0.095157	0.071555
1114.5409998893738	23.252856	444	0	0.085696	0.071555
1116.542000055313	29.434984	426	0	0.084543	0.071555
1118.5409998893738	29.434984	424	0	0.100955	0.071555
1120.539999961853	28.569984	424	0	0.090917	0.071555
1122.545000076294	27.350832	424	0	0.119904	0.071555
1124.5429999828339	29.426056	422	0	0.107657	0.071555
1126.534999847412	27.46148	422	0	0.083135	0.071555
1128.5370001792908	29.776624	450	0	0.117084	0.071555
1130.5370001792908	28.52676	444	0	0.126095	0.071555
1132.5469999313354	27.95696	426	0	0.110234	0.071555
1134.5610001087189	28.600008	424	0	0.110629	0.071555
1136.5499999523163	27.497304	456	0	0.097857	0.071555
1138.5439999103546	30.457176	456	0	0.135273	0.071555
1140.5529999732971	29.524576	440	0	0.118585	0.071555
1142.5370001792908	26.731864	440	0	0.19065	0.071555
1144.545000076294	29.338352	592	0	0.190377	0.071555
1146.5529999732971	28.981864	480	0	0.188291	0.071555
1148.5409998893738	34.238112	478	0	0.125946	0.071555
1150.5549998283386	23.965768	478	0	0.131974	0.071555
1152.5460000038147	29.871768	416	0	0.159923	0.071555
1154.5370001792908	33.23384	422	0	0.117869	0.071555
1156.534999847412	30.372344	422	0	0.116066	0.071555
1158.5429999828339	30.013304	422	0	0.106564	0.071555
1160.542000055313	29.15012	424	0	0.084733	0.071555
1162.5479998588562	28.354	420	0	0.093545	0.071555
1164.5460000038147	28.187464	450	0	0.089531	0.071555
1166.5629999637604	33.705472	470	0	0.126693	0.071555
1168.5339999198914	30.923752	452	0	0.150169	0.071555
1170.5539999008179	30.278056	462	0	0.126944	0.071555
1172.548999786377	29.255104	462	0	0.143676	0.071555
1174.5439999103546	21.206992	460	0	0.168453	0.071555
1176.659999847412	28.275576	406	0	0.151745	0.071555
1178.4639999866486	24.963392	406	0	0.163236	0.071555
1180.534999847412	29.079496	416	0	0.10943	0.071555
1182.534999847412	29.372512	416	0	0.153697	0.071555
1184.5370001792908	29.372512	416	0	0.098743	0.071555
1186.5469999313354	29.70288	440	0	0.090668	0.071555
1188.5390000343323	31.150728	456	0	0.089372	0.071555
1190.545000076294	24.37444	458	0	0.139127	0.071555
1192.5460000038147	26.26104	454	0	0.133226	0.071555
1194.5380001068115	28.275032	452	0	0.100666	0.071555
1196.5479998588562	20.241912	438	0	0.135797	0.071555
1198.5439999103546	28.466648	438	0	0.102717	0.071555
1200.5390000343323	29.37336	436	0	0.088154	0.071555
1202.5469999313354	27.501888	444	0	0.097612	0.071555
1204.5460000038147	28.486144	450	0	0.11101	0.071555
1206.5359997749329	27.01164	452	0	0.122794	0.071555
1208.539999961853	28.551504	452	0	0.083927	0.071555
1210.550999879837	27.515296	402	0	0.119217	0.071555
1212.5469999313354	33.335568	442	0	0.084964	0.071555
1214.5409998893738	18.108048	442	0	0.155453	0.071555
1216.548999786377	28.349512	424	0	0.101373	0.071555
1218.5339999198914	26.94448	416	0	0.133399	0.071555
1220.5460000038147	26.170328	418	0	0.157528	0.071555
1222.5599999427795	28.616928	418	0	0.092293	0.071555
1224.5439999103546	30.164544	400	0	0.090795	0.071555
1226.5519998073578	29.01068	404	0	0.096268	0.071555
1228.548999786377	32.536224	428	0	0.13173	0.071555
1230.5569999217987	28.915864	434	0	0.166449	0.071555
1232.5380001068115	29.553584	434	0	0.152836	0.071555
1234.5339999198914	26.891536	436	0	0.165017	0.071555
1236.5499999523163	29.878184	450	0	0.119032	0.071555
1238.5460000038147	28.86512	460	0	0.159168	0.071555
1240.5429999828339	27.179312	458	0	0.150005	0.071555
1242.550999879837	32.13352	458	0	0.141724	0.071555
1244.5469999313354	0.54844	466	0	0.124891	0.071555
1246.5370001792908	19.357776	466	0	0.095135	0.071555
1248.5460000038147	23.429488	404	0	0.164737	0.071555
1250.539999961853	16.54548	412	0	0.134641	0.071555
1252.5429999828339	3.302408	412	0	0.181223	0.071555
1254.548999786377	18.660376	302	0	0.166595	0.071555
1256.5469999313354	23.506256	368	0	0.088671	0.071441
1258.545000076294	27.100816	414	0	0.099096	0.071441
1260.5820000171661	13.664336	418	0	0.26891	0.071441
1262.548999786377	26.410088	414	0	0.1508	0.071441
1264.539999961853	27.706024	422	0	0.155492	0.071441
1266.5359997749329	29.75796	464	0	0.111137	0.071441
1268.5409998893738	24.83512	480	0	0.212704	0.071441
1270.5719997882843	25.963248	480	0	0.140049	0.071441
1272.545000076294	29.862912	456	0	0.129054	0.071441
1274.7980000972748	24.907376	456	0	0.116762	0.071441
1276.5429999828339	29.185024	410	0	0.119196	0.071441
1278.787999868393	33.51344	428	0	0.106493	0.071441
1280.5599999427795	30.734904	450	0	0.125255	0.071441
1282.7860000133514	28.28984	470	0	0.095298	0.071441
1284.5519998073578	34.0284	482	0	0.087002	0.071441
1286.7919998168945	4.232328	482	0	0.1667	0.071441
1288.7929999828339	29.273904	432	0	0.159004	0.071441
1290.805999994278	28.43944	432	0	0.157127	0.071441
1292.7919998168945	27.680832	452	0	0.090687	0.071441
1294.7860000133514	1.731808	452	0	0.13543	0.071441
1296.7990000247955	29.196168	448	0	0.148007	0.071441
1298.8330001831055	29.196168	448	0	0.089284	0.071441
1300.8039999008179	30.16128	464	0	0.122738	0.071441
1302.7959997653961	31.825184	482	0	0.149919	0.071441
1304.7860000133514	21.47744	438	0	0.242258	0.071441
1306.7990000247955	25.46032	438	0	0.126783	0.071441
1308.7869999408722	25.533992	420	0	0.110708	0.071441
1310.8020000457764	30.250624	416	0	0.102598	0.071441
1312.7999999523163	28.42028	430	0	0.122133	0.071441
1314.789999961853	16.55664	428	0	0.265838	0.071441
1316.7860000133514	23.438264	430	0	0.154953	0.071441
1318.805999994278	26.864016	404	0	0.103907	0.071441
1320.7980000972748	15.670248	436	0	0.167191	0.071441
1322.7959997653961	28.24508	440	0	0.082192	0.071441
1324.789999961853	23.112256	446	0	0.139105	0.071441
1326.8010001182556	29.060264	476	0	0.123182	0.071441
1328.7969999313354	33.645536	476	0	0.161882	0.071441
1330.7969999313354	19.451768	476	0	0.204537	0.071441
1332.7919998168945	29.199112	476	0	0.126299	0.071441
1334.789999961853	25.8128	474	0	0.193774	0.071441
1336.7939999103546	31.945176	442	0	0.19393	0.071441
1338.787999868393	29.431872	436	0	0.162369	0.071441
1340.7980000972748	34.188984	438	0	0.114144	0.071441
1342.7889997959137	34.188984	442	0	0.085968	0.071441
1344.7969999313354	34.188984	442	0	0.091809	0.071441
1346.7949998378754	27.637952	442	0	0.090006	0.071441
1348.7869999408722	29.414192	468	0	0.091084	0.071441
1350.7949998378754	28.95836	450	0	0.093177	0.071441
1352.7869999408722	28.95836	450	0	0.088283	0.071441
1354.789999961853	28.95836	450	0	0.092849	0.071441
1356.7889997959137	28.95836	450	0	0.08848	0.071441
1358.7929999828339	28.95836	450	0	0.119973	0.071441
1360.8269999027252	28.95836	4	0	0.088768	0.071441
1362.7929999828339	28.95836	458	0	0.090469	0.071441
1364.8010001182556	28.95836	458	0	0.087701	0.071441
1366.7889997959137	28.95836	456	0	0.084487	0.071441
1368.7889997959137	28.95836	460	0	0.085508	0.071441
1370.7829999923706	28.95836	460	0	0.091742	0.071441
1372.7889997959137	28.95836	460	0	0.091704	0.071441
1374.7990000247955	28.95836	460	0	0.089517	0.071441
1376.7889997959137	28.95836	454	0	0.091679	0.071441
1378.8020000457764	28.95836	454	0	0.091043	0.071441
1380.7929999828339	21.943688	290	0	0.085623	0.071441
1382.7929999828339	18.923256	282	0	0.081398	0.071441
1384.7980000972748	21.177824	282	0	0.104926	0.071441
1386.7949998378754	18.441128	282	0	0.08358	0.071441
1388.7889997959137	20.146344	290	0	0.091689	0.071441
1390.8029999732971	22.676072	292	0	0.092137	0.071441
1392.7939999103546	19.842648	4	0	0.082545	0.071441
1394.8039999008179	14.119328	304	0	0.096746	0.071441
1396.7980000972748	22.752736	374	0	0.124023	0.071441
1398.7939999103546	27.274928	422	0	0.109132	0.071441
1400.8029999732971	29.481504	436	0	0.141879	0.071441
1402.7889997959137	30.559152	462	0	0.143116	0.071441
1404.7980000972748	25.522168	462	0	0.138084	0.071441
1406.7919998168945	31.339376	462	0	0.140268	0.071441
1408.8069999217987	29.894136	436	0	0.098594	0.071441
1410.8029999732971	30.863648	454	0	0.107621	0.071441
1412.7949998378754	25.276528	454	0	0.15787	0.071441
1414.787999868393	28.834336	454	0	0.09418	0.071441
1416.7969999313354	26.83252	456	0	0.150651	0.071441
1418.7969999313354	29.79408	456	0	0.087033	0.071441
1420.787999868393	28.847272	440	0	0.11089	0.071441
1422.7959997653961	33.786064	424	0	0.114441	0.071441
1424.7969999313354	33.786064	430	0	0.085777	0.071441
1426.7889997959137	33.786064	430	0	0.089781	0.071441
1428.7949998378754	29.490224	430	0	0.0829	0.071441
1430.7990000247955	29.490224	430	0	0.121934	0.071441
1432.8010001182556	29.490224	430	0	0.091658	0.071441
1434.7929999828339	28.7882	450	0	0.094928	0.071441
1436.7939999103546	29.7998	400	0	0.090336	0.071441
1438.8010001182556	27.771024	400	0	0.083783	0.071441
1440.7909998893738	28.499024	388	0	0.082232	0.071441
1442.7969999313354	14.978048	388	0	0.090826	0.071441
1444.7889997959137	26.668184	388	0	0.089808	0.071441
1446.7889997959137	28.172688	382	0	0.079792	0.071441
1448.819000005722	28.752048	382	0	0.081628	0.071441
1450.8020000457764	21.509624	414	0	0.126462	0.071441
1452.7919998168945	29.037272	462	0	0.101733	0.071441
1454.7949998378754	23.715808	462	0	0.129233	0.071441
1456.8020000457764	27.467408	446	0	0.132593	0.071441
1458.789999961853	25.141512	446	0	0.133029	0.071441
1460.7969999313354	28.109832	450	0	0.140363	0.071441
1462.7909998893738	28.28148	450	0	0.125879	0.071441
1464.7990000247955	18.65828	450	0	0.197326	0.071441
1466.7959997653961	23.13616	454	0	0.099626	0.071441
1468.7929999828339	28.68204	454	0	0.110065	0.071441
1470.8020000457764	26.962096	542	0	0.134927	0.071441
1472.7959997653961	19.97316	480	0	0.13027	0.071441
1474.7959997653961	27.607088	426	0	0.098171	0.071441
1476.7939999103546	16.506848	450	0	0.109071	0.071441
1478.7869999408722	16.506848	448	0	0.092194	0.071441
1480.7869999408722	16.506848	448	0	0.196261	0.071441
1482.7990000247955	16.506848	448	0	0.112628	0.071441
1484.7939999103546	16.506848	448	0	0.120286	0.071441
1486.7909998893738	16.506848	448	0	0.084052	0.071441
1488.7869999408722	16.506848	4	0	0.087607	0.071441
1490.7959997653961	16.506848	462	0	0.08397	0.071441
1492.7929999828339	28.542536	392	0	0.0911	0.071441
1494.8049998283386	26.159552	386	0	0.085826	0.071441
1496.8029999732971	26.159552	378	0	0.086678	0.071441
1498.7990000247955	26.16792	378	0	0.08266	0.071441
1500.7999999523163	26.320728	380	0	0.085531	0.071441
1502.7939999103546	14.449384	402	0	0.146072	0.071441
1504.8049998283386	30.86928	402	0	0.084914	0.071441
1506.7909998893738	28.215536	410	0	0.08763	0.071441
1508.7889997959137	0.869	416	0	0.14158	0.071441
1510.8020000457764	27.006192	464	0	0.088471	0.071441
1512.7909998893738	28.729464	464	0	0.158164	0.071441
1514.7999999523163	26.193272	440	0	0.087292	0.071441
1516.7980000972748	28.815704	422	0	0.118307	0.071441
1518.7929999828339	31.561448	422	0	0.092208	0.071441
1520.7999999523163	30.651576	424	0	0.086826	0.071441
1522.7969999313354	25.94968	438	0	0.134918	0.071441
1524.789999961853	22.773	440	0	0.087085	0.071441
1526.7999999523163	27.170416	420	0	0.108271	0.071441
1528.9070000648499	26.586136	436	0	0.101328	0.071441
1530.8039999008179	9.903056	432	0	0.108332	0.071441
1532.7990000247955	28.399064	464	0	0.120377	0.071441
1535.0429999828339	17.05404	454	0	0.154178	0.071441
1537.0460000038147	18.10512	454	0	0.16972	0.071441
1539.0469999313354	30.507232	440	0	0.093356	0.071441
1541.0369997024536	32.525984	446	0	0.127136	0.071441
1543.0490000247955	30.873696	442	0	0.112174	0.071441
1545.0519998073578	33.086784	446	0	0.125165	0.071441
1547.0499999523163	22.769744	458	0	0.137496	0.071441
1549.0469999313354	35.1784	480	0	0.090506	0.071441
1551.0449998378754	35.1784	472	0	0.097188	0.071441
1552.9300000667572	35.1784	472	0	0.08656	0.071441
1555.0449998378754	28.92664	472	0	0.102775	0.071441
1557.0730001926422	21.908328	452	0	0.171485	0.071477
1559.0479998588562	24.35216	452	0	0.193868	0.071477
1561.0529997348785	27.740664	460	0	0.130842	0.071477
1563.0439999103546	26.34256	460	0	0.098002	0.071477
1565.0539999008179	21.00736	460	0	0.24301	0.071477
1567.0490000247955	24.253072	472	0	0.142339	0.071477
1569.0490000247955	1.41052	472	0	0.1574	0.071477
1571.0479998588562	22.142328	442	0	0.207705	0.071477
1573.0490000247955	28.52836	420	0	0.115057	0.071477
1575.0490000247955	25.240232	416	0	0.121101	0.071477
1576.898999929428	27.570344	408	0	0.104586	0.071477
1579.0410001277924	31.902448	416	0	0.11741	0.071477
1581.0479998588562	22.412992	424	0	0.097356	0.071477
1583.0380001068115	13.867984	420	0	0.093195	0.071477
1585.0499999523163	13.867984	420	0	0.088947	0.071477
1587.0369997024536	13.867984	424	0	0.083474	0.071477
1589.0410001277924	27.849552	420	0	0.092812	0.071477
1591.0390000343323	23.623248	402	0	0.146547	0.071477
1593.0519998073578	32.33248	408	0	0.107276	0.071477
1595.042000055313	1.516016	442	0	0.151306	0.071477
1597.0429999828339	23.27188	440	0	0.162659	0.071477
1599.0539999008179	29.973256	444	0	0.127261	0.071477
1600.898999929428	30.495888	442	0	0.113538	0.071477
1603.0380001068115	26.41816	434	0	0.155359	0.071477
1605.0460000038147	28.84884	432	0	0.157625	0.071477
1607.0659999847412	29.874216	446	0	0.136018	0.071477
1609.0499999523163	30.873992	446	0	0.108366	0.071477
1611.050999879837	28.72024	446	0	0.084333	0.071477
1613.0439999103546	27.891	542	0	0.151866	0.071477
1615.0469999313354	35.059136	488	0	0.133655	0.071477
1617.0460000038147	28.81896	488	0	0.216075	0.071477
1619.0499999523163	31.251776	472	0	0.179761	0.071477
1621.0639998912811	24.328392	426	0	0.159727	0.071477
1623.0460000038147	29.43568	410	0	0.104446	0.071477
1624.8980000019073	27.960136	412	0	0.128943	0.071477
1627.039999961853	28.619304	426	0	0.146621	0.071477
1629.0380001068115	24.528152	424	0	0.14467	0.071477
1631.0519998073578	18.539464	428	0	0.203208	0.071477
1633.0439999103546	31.296448	522	0	0.158774	0.071477
1635.0380001068115	31.296448	484	0	0.09573	0.071477
1637.0499999523163	28.375504	484	0	0.096986	0.071477
1639.0479998588562	33.280936	484	0	0.110982	0.071477
1641.0369997024536	31.108032	474	0	0.100932	0.071477
1643.0620000362396	31.108032	474	0	0.092166	0.071477
1645.0490000247955	30.017872	440	0	0.102174	0.071477
1647.0369997024536	27.577256	438	0	0.128428	0.071477
1649.0460000038147	33.920096	456	0	0.085761	0.071477
1651.0499999523163	28.349792	460	0	0.084437	0.071477
1653.0529997348785	28.049448	468	0	0.105332	0.071477
1655.0359997749329	29.324656	464	0	0.085856	0.071477
1657.055999994278	29.604104	464	0	0.103724	0.071477
1659.0439999103546	29.40612	464	0	0.08723	0.071477
1661.0460000038147	28.337672	464	0	0.122366	0.071477
1663.039999961853	27.954368	410	0	0.109661	0.071477
1665.0479998588562	22.609872	414	0	0.134308	0.071477
1667.0469999313354	29.652704	420	0	0.085293	0.071477
1669.0519998073578	25.606696	426	0	0.099827	0.071477
1671.0380001068115	31.14832	454	0	0.164079	0.071477
1673.0390000343323	29.4592	442	0	0.118074	0.071477
1675.0549998283386	31.032688	474	0	0.132856	0.071477
1677.0380001068115	25.487904	470	0	0.14865	0.071477
1679.0439999103546	25.487904	468	0	0.099096	0.071477
1681.0429999828339	25.487904	468	0	0.094296	0.071477
1683.0490000247955	29.791872	468	0	0.097601	0.071477
1685.0439999103546	34.075352	430	0	0.104534	0.071477
1687.0390000343323	24.067584	430	0	0.13092	0.071477
1689.039999961853	4.341736	460	0	0.112766	0.071477
1691.0429999828339	28.901048	450	0	0.113806	0.071477
1693.0609998703003	28.901048	450	0	0.083804	0.071477
1695.042000055313	30.498872	406	0	0.099492	0.071477
1697.0380001068115	28.79684	408	0	0.081951	0.071477
1699.039999961853	29.271264	418	0	0.086476	0.071527
1701.0410001277924	21.028296	418	0	0.123593	0.071527
1703.0410001277924	30.29596	418	0	0.092074	0.071527
1705.0439999103546	26.680584	430	0	0.093031	0.071527
1707.0439999103546	29.181824	430	0	0.094161	0.071527
1709.0390000343323	29.577224	426	0	0.094157	0.071527
1711.0479998588562	27.969736	422	0	0.098549	0.071527
1713.050999879837	25.028784	422	0	0.111764	0.071527
1715.0650000572205	26.426264	404	0	0.114505	0.071527
1717.0449998378754	30.340296	428	0	0.082752	0.071527
1719.0380001068115	29.095488	452	0	0.091491	0.071527
1721.0410001277924	32.649104	430	0	0.084498	0.071527
1723.0390000343323	28.087832	426	0	0.090558	0.071527
1725.0380001068115	29.229992	430	0	0.089697	0.071527
1727.0369997024536	23.69488	430	0	0.083775	0.071527
1729.039999961853	23.255248	430	0	0.101111	0.071527
1731.039999961853	23.689288	430	0	0.096615	0.071527
1733.0499999523163	27.544392	438	0	0.09363	0.071527
1735.0439999103546	30.321728	446	0	0.09927	0.071527
1737.0479998588562	19.97852	456	0	0.163519	0.071527
1739.0410001277924	28.740752	476	0	0.121904	0.071527
1741.0490000247955	29.827432	450	0	0.090243	0.071527
1743.0410001277924	30.589408	450	0	0.103388	0.071527
1745.0390000343323	26.175776	450	0	0.097268	0.071527
1747.0469999313354	25.412152	408	0	0.111166	0.071527
1749.0390000343323	32.092872	410	0	0.086185	0.071527
1751.0390000343323	30.89912	424	0	0.110694	0.071527
1753.0479998588562	29.330528	424	0	0.090357	0.071527
1755.0609998703003	30.560528	426	0	0.092063	0.071527
1757.0529997348785	28.803808	446	0	0.104361	0.071527
1759.0499999523163	26.823936	446	0	0.131968	0.071527
1761.0639998912811	20.973336	446	0	0.158456	0.071527
1763.042000055313	34.027528	464	0	0.111862	0.071527
1765.039999961853	28.472264	464	0	0.092469	0.071527
1767.039999961853	26.854664	484	0	0.136712	0.071527
1769.039999961853	28.464136	478	0	0.122791	0.071527
1771.0460000038147	26.632768	442	0	0.109417	0.071527
1773.0429999828339	28.021688	442	0	0.102482	0.071527
1775.0479998588562	28.021688	442	0	0.084467	0.071527
1777.0479998588562	1.19256	76	0	0.199795	0.071527
1779.0479998588562	7.250448	136	0	0.079152	0.0707
1781.0499999523163	10.31812	158	0	0.085444	0.07039
1783.0469999313354	11.862936	204	0	0.086333	0.07039
1785.2909998893738	18.942448	244	0	0.07855	0.07039
1787.2990000247955	15.86876	260	0	0.094234	0.070388
1789.2860000133514	15.957584	268	0	0.093763	0.070388
1791.297000169754	19.91924	296	0	0.079336	0.070388
1793.2890000343323	16.576136	296	0	0.10019	0.070388
1795.3029999732971	22.0598	296	0	0.081959	0.070388
1797.2980000972748	22.534976	324	0	0.081527	0.070388
1799.2999999523163	20.1522	328	0	0.103317	0.070388
1801.2939999103546	28.522952	384	0	0.080228	0.070388
1803.2949998378754	19.651584	392	0	0.101919	0.070388
1805.3020000457764	24.359808	410	0	0.086017	0.070388
1807.170000076294	29.192464	412	0	0.109098	0.070388
1809.300999879837	29.336368	410	0	0.099227	0.070388
1811.2919998168945	24.794848	406	0	0.150591	0.070388
1813.289999961853	29.141712	402	0	0.082652	0.070388
1815.2860000133514	30.33176	402	0	0.080713	0.070388
1817.2909998893738	23.724448	406	0	0.108136	0.070388
1819.297000169754	28.78136	422	0	0.092765	0.070388
1821.2959997653961	30.241272	422	0	0.10002	0.070388
1823.287999868393	29.124104	422	0	0.095103	0.070388
1825.2919998168945	29.543704	424	0	0.085617	0.070388
1827.3129999637604	29.543704	440	0	0.088806	0.070388
1829.297000169754	29.543704	432	0	0.081541	0.070388
1831.1569998264313	29.543704	432	0	0.084614	0.070388
1833.2959997653961	29.543704	432	0	0.081779	0.070388
1835.297000169754	29.543704	432	0	0.083819	0.070388
1837.2999999523163	24.958256	396	0	0.087024	0.070388
1839.3659999370575	27.189568	404	0	0.083964	0.070388
1841.2990000247955	29.737608	404	0	0.082827	0.070388
1843.2980000972748	20.423432	408	0	0.107194	0.070388
1845.2959997653961	22.381576	408	0	0.117673	0.070388
1847.300999879837	6.119584	410	0	0.091785	0.070388
1849.2980000972748	21.487448	4	0	0.125293	0.070388
1851.3029999732971	28.72912	398	0	0.083986	0.070388
1853.2949998378754	20.211168	402	0	0.128526	0.070388
1855.170000076294	20.211168	402	0	0.093229	0.070388
1857.289999961853	30.471832	392	0	0.083182	0.070388
1859.2980000972748	30.471832	392	0	0.087926	0.070388
1861.2999999523163	30.471832	388	0	0.081514	0.070388
1863.2919998168945	30.471832	388	0	0.083284	0.070388
1865.2949998378754	26.88176	392	0	0.083137	0.070388
1867.305999994278	29.657048	392	0	0.082506	0.070388
1869.3020000457764	29.657048	392	0	0.086157	0.070388
1871.2869999408722	29.657048	392	0	0.08282	0.070388
1873.2949998378754	29.657048	410	0	0.083156	0.070388
1875.3089997768402	21.152	402	0	0.084371	0.070388
1877.3020000457764	28.82668	412	0	0.084876	0.070388
1879.1530001163483	26.466952	412	0	0.083498	0.070388
1881.2959997653961	28.841688	420	0	0.088246	0.070388
1883.2990000247955	27.420808	420	0	0.092171	0.070388
1885.2929997444153	28.315712	432	0	0.187179	0.070388
1887.3029999732971	24.879136	438	0	0.116352	0.070388
1889.289999961853	33.518368	454	0	0.090327	0.070388
1891.2949998378754	27.360856	450	0	0.102944	0.070388
1893.3029999732971	29.637872	450	0	0.115669	0.070388
1895.2909998893738	24.085232	450	0	0.169451	0.070388
1897.2939999103546	25.687488	438	0	0.144179	0.070388
1899.2949998378754	27.289472	434	0	0.09619	0.070388
1901.2980000972748	24.642632	414	0	0.136744	0.070388
1903.1710000038147	17.3536	436	0	0.117143	0.070388
1905.297000169754	6.728888	438	0	0.590797	0.070388
1907.2890000343323	30.272792	436	0	0.092819	0.070388
1909.3099999427795	20.354704	432	0	0.106557	0.070388
1911.2949998378754	30.666936	428	0	0.093152	0.070388
1913.2909998893738	31.419304	434	0	0.094505	0.070388
1915.2959997653961	29.347296	434	0	0.131234	0.070388
1917.2999999523163	30.86364	436	0	0.10827	0.070388
1919.3029999732971	29.23576	436	0	0.133353	0.070388
1921.2939999103546	28.698008	428	0	0.110725	0.070388
1923.305999994278	31.385984	432	0	0.087374	0.070388
1925.300999879837	27.196928	416	0	0.101402	0.070388
1927.2909998893738	17.710912	428	0	0.107473	0.070388
1928.3949999809265	1.512328	4	3	0.077272	0.003443
1928.7729997634888	0.705864	12	0	0.020719	0.003443
1928.8759999275208	4.199472	12	0	0.016296	0.003443
1929.2490000724792	3.106072	12	6	0.039062	0.003443
1929.2919998168945	24.216248	426	0	0.11683	0.070388
1929.8780000209808	3.316792	14	0	0.036474	0.003443
1930.3659999370575	0.85896	12	12	0.026247	0.003443
1931.095999956131	1.877128	16	0	0.039805	0.003443
1931.3309998512268	28.004888	450	0	0.087519	0.070388
1933.2980000972748	30.852824	474	0	0.085185	0.070388
1935.2949998378754	9.766816	474	0	0.577994	0.070388
1937.2949998378754	26.421568	474	0	0.086726	0.070388
1939.2980000972748	29.845312	474	0	0.095585	0.070388
1941.2890000343323	29.72924	460	0	0.091335	0.070388
1943.2980000972748	4.982832	451	0	0.094146	0.070388
1945.3039999008179	29.09152	454	0	0.094117	0.070388
1947.2949998378754	29.09676	420	0	0.087359	0.070388
1949.297000169754	24.81396	440	0	0.145604	0.070388
1951.297000169754	28.543496	434	0	0.08588	0.070388
1953.2980000972748	24.931416	432	0	0.096657	0.070388
1955.3029999732971	26.08616	406	0	0.115394	0.070388
1957.300999879837	29.559936	410	0	0.086481	0.070388
1959.297000169754	24.530992	412	0	0.079759	0.070388
1961.3039999008179	31.87572	432	0	0.089815	0.070388
1963.2980000972748	30.344352	430	0	0.095138	0.070388
1965.2990000247955	25.528472	450	0	0.160521	0.070388
1967.2999999523163	29.935632	450	0	0.119651	0.070388
1969.2919998168945	26.258336	450	0	0.190714	0.070388
1971.2990000247955	33.440816	468	0	0.112753	0.070388
1973.3050000667572	28.901856	468	0	0.109614	0.070388
1975.3069999217987	29.648192	482	0	0.09193	0.070388
1977.2909998893738	29.648192	482	0	0.092638	0.070388
1979.2980000972748	29.648192	482	0	0.102074	0.070388
1981.2890000343323	29.648192	482	0	0.085362	0.070388
1983.2909998893738	29.399056	422	0	0.092204	0.070388
1985.2919998168945	29.399056	422	0	0.081814	0.070388
1987.2939999103546	27.724384	392	0	0.085825	0.070388
1989.3079998493195	29.10996	392	0	0.09313	0.070388
1991.300999879837	20.79772	392	0	0.127557	0.070388
1993.3129999637604	27.252528	376	0	0.101903	0.070388
1995.2949998378754	23.428464	400	0	0.08494	0.070388
1997.3020000457764	25.586696	454	0	0.139968	0.070388
1999.2959997653961	28.62692	450	0	0.118555	0.070388
2001.2980000972748	33.790112	430	0	0.131567	0.070388
2003.2999999523163	9.387144	432	0	0.470924	0.070388
2005.3020000457764	28.347088	430	0	0.092245	0.070388
2007.2949998378754	25.16496	426	0	0.141478	0.070388
2009.3020000457764	32.04336	444	0	0.09206	0.070388
2011.3039999008179	19.982504	494	0	0.148953	0.070388
2013.3020000457764	19.982504	488	0	0.098807	0.070388
2015.2929997444153	28.235904	466	0	0.087233	0.070388
2017.3029999732971	25.621736	422	0	0.168874	0.070388
2019.2959997653961	26.667576	432	0	0.092108	0.070388
2021.2949998378754	20.566832	468	0	0.130571	0.070388
2023.305999994278	29.749544	462	0	0.103472	0.070388
2025.297000169754	9.16168	472	0	0.138502	0.070388
2027.297000169754	26.982864	472	0	0.144482	0.070388
2029.3069999217987	28.203168	466	0	0.127715	0.070388
2031.297000169754	27.835424	466	0	0.105745	0.070388
2033.539999961853	28.735656	428	0	0.106218	0.070388
2035.3069999217987	30.68892	424	0	0.127063	0.070388
2037.545000076294	24.644832	430	0	0.140436	0.070388
2039.550999879837	26.130512	430	0	0.161583	0.070388
2041.5479998588562	30.242312	434	0	0.109793	0.070388
2043.5460000038147	22.056512	430	0	0.090542	0.070388
2045.5469999313354	20.5044	452	0	0.173746	0.070388
2047.5390000343323	30.965544	438	0	0.085479	0.070388
2049.5719997882843	15.743	410	0	0.147293	0.070388
2051.542000055313	29.068736	422	0	0.097808	0.070388
2053.5709998607635	28.158744	420	0	0.094693	0.070388
2055.551999807358	30.143512	424	0	0.090271	0.070388
2057.5380001068115	22.58484	432	0	0.099704	0.070388
2059.545000076294	22.58484	432	0	0.092668	0.070388
2061.552999973297	30.417704	432	0	0.087198	0.070388
2063.548999786377	23.715088	432	0	0.093732	0.070388
2065.542999982834	29.468392	410	0	0.086034	0.070388
2067.550999879837	27.57504	412	0	0.083314	0.070388
2069.551999807358	25.64152	412	0	0.103459	0.070388
2071.5499999523163	18.197576	412	0	0.10542	0.070388
2073.5439999103546	14.92616	412	0	0.141769	0.070388
2075.545000076294	29.327712	412	0	0.083166	0.070388
2077.577000141144	29.327712	412	0	0.085724	0.070388
2079.542000055313	0.295848	408	0	0.142607	0.070388
2081.6059999465942	18.843592	392	0	0.125358	0.070388
2083.552999973297	24.432688	410	0	0.09023	0.070388
2085.5599999427795	31.74736	410	0	0.100608	0.070388
2087.5460000038147	26.96308	412	0	0.095656	0.071234
2089.5469999313354	19.637088	412	0	0.097343	0.071234
2091.545000076294	32.294664	412	0	0.082677	0.071234
2093.547999858856	31.268368	4	0	0.094706	0.071234
2095.542999982834	29.080712	490	0	0.086781	0.071234
2097.551999807358	30.052368	458	0	0.108155	0.071234
2099.542999982834	31.79368	462	0	0.103674	0.071234
2101.5460000038147	28.942728	464	0	0.089888	0.071234
2103.553999900818	20.498552	462	0	0.173901	0.071234
2105.551999807358	22.792024	464	0	0.099555	0.071234
2107.545000076294	29.799776	436	0	0.113158	0.071234
2109.5439999103546	30.158416	442	0	0.135661	0.071234
2111.552999973297	14.11344	440	0	0.170718	0.071234
2113.545000076294	27.77324	448	0	0.109965	0.071234
2115.5469999313354	25.939192	438	0	0.116718	0.071234
2117.547999858856	29.162424	442	0	0.09815	0.071234
2119.550999879837	29.162424	442	0	0.083087	0.071234
2121.559000015259	29.246392	438	0	0.096144	0.071234
2123.555999994278	29.772184	436	0	0.101484	0.071234
2125.542000055313	29.772184	436	0	0.090994	0.071234
2127.5499999523163	29.622424	472	0	0.103439	0.071234
2129.552999973297	18.176416	456	0	0.087266	0.071234
2131.5439999103546	29.7816	420	0	0.106319	0.071234
2133.545000076294	28.279488	440	0	0.095306	0.071234
2135.540999889374	26.848224	438	0	0.125115	0.071234
2137.542000055313	29.25868	438	0	0.092894	0.071234
2139.5469999313354	31.330624	454	0	0.089246	0.071234
2141.551999807358	28.543248	484	0	0.112114	0.071234
2143.5549998283386	30.819736	468	0	0.10679	0.071234
2145.542999982834	30.5788	468	0	0.111016	0.071234
2147.550999879837	18.598392	468	0	0.173182	0.071234
2149.5460000038147	2.391592	468	0	0.24386	0.071234
2151.542999982834	28.083056	412	0	0.127569	0.071234
2153.5390000343323	30.624288	414	0	0.080682	0.071234
2155.553999900818	30.624288	414	0	0.092454	0.071234
2157.551999807358	30.624288	414	0	0.094436	0.071234
2159.5620000362396	26.266144	414	0	0.088044	0.071234
2161.542999982834	24.389048	406	0	0.115705	0.071234
2163.5460000038147	29.916128	406	0	0.089379	0.071234
2165.5499999523163	29.916128	412	0	0.084331	0.071234
2167.539999961853	25.50656	412	0	0.083691	0.071234
2169.5460000038147	29.9396	402	0	0.084662	0.071234
2171.5499999523163	25.762272	402	0	0.107136	0.071234
2173.540999889374	29.02948	402	0	0.102247	0.071234
2175.540999889374	28.542168	400	0	0.087361	0.071234
2177.5439999103546	28.447088	398	0	0.082968	0.071234
2179.542000055313	27.803136	398	0	0.095456	0.071234
2181.547999858856	25.097	400	0	0.10481	0.071234
2183.564999818802	30.86252	404	0	0.084794	0.071234
2185.542999982834	30.982536	410	0	0.081493	0.071234
2187.5549998283386	30.982536	400	0	0.084459	0.071234
2189.548999786377	28.041352	400	0	0.083144	0.071234
2191.5879998207092	28.39668	398	0	0.085834	0.071234
2193.553999900818	23.189512	398	0	0.125077	0.071234
2195.545000076294	28.781504	428	0	0.095754	0.071234
2197.5499999523163	16.939224	428	0	0.090632	0.071234
2199.550999879837	18.382832	444	0	0.224329	0.071234
2201.559000015259	18.382832	430	0	0.081293	0.071234
2203.548999786377	28.52728	434	0	0.099537	0.071234
2205.5460000038147	30.059	400	0	0.104342	0.071234
2207.547999858856	21.89908	418	0	0.08854	0.071234
2209.547999858856	29.231704	418	0	0.110675	0.071234
2211.550999879837	31.329984	464	0	0.097478	0.071234
2213.542999982834	28.94176	432	0	0.094958	0.071234
2215.553999900818	27.973048	440	0	0.087028	0.071234
2217.548999786377	26.473576	444	0	0.147519	0.071234
2219.550999879837	26.95052	440	0	0.090296	0.071234
2221.552999973297	26.786472	432	0	0.092595	0.071741
2223.545000076294	25.751424	416	0	0.105721	0.071741
2225.553999900818	30.012904	418	0	0.118192	0.071741
2227.5460000038147	21.693408	414	0	0.135225	0.071741
2229.5460000038147	28.577544	416	0	0.117904	0.071741
2231.547999858856	30.123264	416	0	0.087458	0.071741
2233.5499999523163	22.558296	428	0	0.1077	0.071741
2235.545000076294	26.067808	428	0	0.085872	0.071741
2237.5999999046326	28.60072	426	0	0.10869	0.071741
2239.5499999523163	30.19128	424	0	0.089091	0.071741
2241.5469999313354	26.640984	424	0	0.123832	0.071741
2243.547999858856	29.114528	410	0	0.08422	0.071741
2245.5439999103546	24.556216	414	0	0.087704	0.071741
2247.553999900818	21.915328	412	0	0.109855	0.071741
2249.539999961853	27.839392	402	0	0.081395	0.071741
2251.551999807358	29.044976	406	0	0.084043	0.071741
2253.559000015259	16.11904	406	0	0.170866	0.071741
2255.548999786377	26.152576	406	0	0.097139	0.071741
2257.542999982834	30.339608	406	0	0.089903	0.071741
2259.5549998283386	25.512928	420	0	0.083966	0.071741
2261.548999786377	17.31744	418	0	0.183323	0.071741
2263.545000076294	28.728288	418	0	0.085387	0.071741
2265.558000087738	14.939832	4	0	0.178641	0.071741
2267.542999982834	30.451432	444	0	0.097409	0.071741
2269.553999900818	29.00236	428	0	0.082736	0.071741
2271.551999807358	27.747112	428	0	0.095829	0.071741
2273.551999807358	26.956488	426	0	0.085364	0.071741
2275.5549998283386	30.157088	426	0	0.09277	0.071741
2277.5469999313354	28.79948	426	0	0.089237	0.071741
2279.547999858856	25.03488	426	0	0.096053	0.071741
2281.548999786377	27.07844	426	0	0.091316	0.071741
2283.548999786377	27.07844	440	0	0.088754	0.071741
2285.553999900818	27.07844	440	0	0.091883	0.071741
2287.8049998283386	27.07844	440	0	0.085393	0.071741
2289.7999999523163	27.07844	432	0	0.086633	0.071741
2291.819000005722	30.415416	424	0	0.109588	0.071741
2293.838000059128	14.713016	420	0	0.209758	0.071741
2295.795999765396	27.771896	420	0	0.122182	0.071741
2297.8010001182556	24.636208	424	0	0.089281	0.071741
2299.7939999103546	28.980368	4	0	0.096648	0.071741
2301.646999835968	29.098496	416	0	0.07993	0.071741
2303.792999982834	29.098496	406	0	0.082599	0.071741
2305.7990000247955	29.098496	406	0	0.085602	0.071741
2307.7999999523163	29.098496	406	0	0.081705	0.071741
2309.8049998283386	29.098496	406	0	0.081738	0.071741
2311.7949998378754	29.098496	406	0	0.083191	0.071741
2313.8010001182556	29.098496	422	0	0.085744	0.071741
2315.792999982834	29.098496	422	0	0.08702	0.071741
2317.8109998703003	29.098496	416	0	0.08594	0.071741
2319.803999900818	29.098496	416	0	0.083117	0.071741
2321.8020000457764	23.911216	334	0	0.08257	0.071741
2323.792999982834	20.936712	334	0	0.099442	0.071741
2325.660999774933	24.351504	334	0	0.087899	0.071741
2327.792999982834	19.866608	334	0	0.117398	0.071741
2329.838000059128	23.086296	330	0	0.082636	0.071741
2331.8069999217987	24.140488	332	0	0.084547	0.071741
2333.7990000247955	22.13156	344	0	0.085502	0.071741
2335.795999765396	26.036304	344	0	0.079563	0.072258
2337.7999999523163	27.276008	374	0	0.088069	0.072258
2339.7969999313354	19.44564	370	0	0.141288	0.072258
2341.8020000457764	28.689448	378	0	0.079735	0.072258
2343.795999765396	18.900104	392	0	0.083979	0.072258
2345.795999765396	28.768128	404	0	0.083191	0.072258
2347.802999973297	26.40212	406	0	0.081273	0.072258
2349.6579999923706	26.40212	406	0	0.084377	0.072258
2351.792999982834	28.584	406	0	0.097545	0.072258
2353.802999973297	24.155784	408	0	0.102671	0.072258
2355.802999973297	24.817672	408	0	0.084337	0.072258
2357.8049998283386	25.470536	4	0	0.109441	0.072258
2359.7969999313354	30.793672	402	0	0.080892	0.072258
2361.8049998283386	19.495952	406	0	0.121205	0.072258
2363.805999994278	25.431136	402	0	0.11936	0.072258
2365.8010001182556	20.217776	398	0	0.120689	0.072258
2367.7949998378754	23.518112	400	0	0.129965	0.072258
2369.795999765396	14.808896	396	0	0.095073	0.072258
2371.7949998378754	14.808896	396	0	0.08147	0.072258
2373.6490001678467	14.808896	396	0	0.080156	0.072258
2375.8049998283386	14.808896	396	0	0.079813	0.072258
2377.7949998378754	25.361472	396	0	0.093338	0.072258
2379.8330001831055	21.122096	346	0	0.082784	0.072258
2381.805999994278	24.905192	346	0	0.085708	0.072258
2383.8010001182556	15.122232	346	0	0.086038	0.072258
2385.7990000247955	26.071736	358	0	0.082885	0.072258
2387.7969999313354	26.907792	374	0	0.081963	0.072258
2389.7949998378754	22.55532	366	0	0.085369	0.072258
2391.803999900818	28.236768	421	0	0.11029	0.072258
2393.7939999103546	31.177648	424	0	0.081917	0.072258
2395.7949998378754	30.023576	426	0	0.102678	0.072258
2397.8170001506805	30.023576	426	0	0.084901	0.072258
2399.798000097275	23.931216	430	0	0.079791	0.072258
2401.8049998283386	23.66916	436	0	0.168483	0.072258
2403.805999994278	18.648544	444	0	0.171986	0.07194
2405.802999973297	29.519224	444	0	0.136942	0.07194
2407.8020000457764	25.193952	428	0	0.112211	0.07194
2409.798000097275	28.302592	398	0	0.151995	0.07194
2411.7969999313354	29.16732	424	0	0.101701	0.07194
2413.8049998283386	28.788048	426	0	0.081037	0.07194
2415.795999765396	24.55792	426	0	0.119139	0.07194
2417.7999999523163	29.326312	416	0	0.086039	0.07194
2419.8010001182556	30.361216	416	0	0.08855	0.07194
2421.7949998378754	30.257568	414	0	0.094027	0.07194
2423.7990000247955	29.624928	414	0	0.091077	0.07194
2425.805999994278	29.6706	458	0	0.088128	0.07194
2427.8049998283386	31.67364	420	0	0.080461	0.07194
2429.7990000247955	29.081584	428	0	0.094888	0.07194
2431.7999999523163	23.173152	428	0	0.099986	0.07194
2433.8020000457764	25.193496	430	0	0.137792	0.07194
2435.7990000247955	25.552968	428	0	0.103263	0.07194
2437.803999900818	24.637768	410	0	0.140822	0.07194
2439.8020000457764	24.681864	424	0	0.115314	0.07194
2441.792999982834	26.469424	422	0	0.092598	0.07194
2443.7949998378754	26.971928	424	0	0.095486	0.07194
2445.7999999523163	27.041208	420	0	0.080152	0.07194
2447.819000005722	20.172336	418	0	0.146018	0.07194
2449.7999999523163	6.33868	418	0	0.093345	0.07194
2451.809000015259	24.134368	418	0	0.086716	0.07194
2453.7939999103546	30.113544	418	0	0.091461	0.07194
2455.802999973297	18.585456	418	0	0.09947	0.07194
2457.7949998378754	32.030584	432	0	0.084674	0.07194
2459.805999994278	25.357184	434	0	0.11583	0.07194
2461.803999900818	4.045096	432	0	0.135006	0.07194
2463.7969999313354	26.174224	432	0	0.101028	0.07194
2465.8020000457764	28.260696	434	0	0.089893	0.07194
2467.803999900818	25.726872	492	0	0.110409	0.07194
2469.805999994278	29.88436	422	0	0.093143	0.07194
2471.7999999523163	29.480576	418	0	0.092417	0.07194
2473.8020000457764	28.371488	430	0	0.130086	0.07194
2475.798000097275	30.712304	426	0	0.090274	0.07194
2477.802999973297	30.0052	430	0	0.115753	0.07194
2479.7990000247955	30.481896	412	0	0.089955	0.07194
2481.8049998283386	28.433168	442	0	0.119127	0.07194
2483.8259999752045	33.422592	454	0	0.091758	0.07194
2485.7999999523163	29.806296	456	0	0.117648	0.07194
2487.802999973297	31.013552	426	0	0.10709	0.07194
2489.7949998378754	24.552264	432	0	0.096862	0.07194
2491.803999900818	29.98648	430	0	0.103581	0.07194
2493.812999725342	29.98648	426	0	0.093747	0.071932
2495.8010001182556	24.629256	414	0	0.142077	0.071932
2497.795999765396	30.106344	428	0	0.150454	0.071932
2499.7990000247955	30.69388	444	0	0.182898	0.071932
2501.8010001182556	25.845808	446	0	0.16481	0.071932
2503.792999982834	28.351064	468	0	0.087909	0.071932
2505.798000097275	30.343536	468	0	0.112104	0.071932
2507.7990000247955	30.25016	468	0	0.115614	0.071932
2509.798000097275	22.038328	436	0	0.2151	0.071932
2511.8099999427795	34.617936	460	0	0.11514	0.071932
2513.8049998283386	23.071136	456	0	0.106476	0.071932
2515.8079998493195	30.153648	454	0	0.110198	0.071932
2517.7990000247955	16.394536	438	0	0.156984	0.071932
2519.8109998703003	26.697776	424	0	0.094689	0.071932
2521.8109998703003	30.672008	426	0	0.125366	0.071932
2523.798000097275	28.091504	460	0	0.120166	0.071932
2525.795999765396	30.076896	448	0	0.152136	0.071748
2527.7969999313354	19.530272	448	0	0.177723	0.071748
2529.8069999217987	29.101176	432	0	0.113559	0.071748
2531.8069999217987	24.415152	418	0	0.133562	0.071748
2533.8150000572205	28.955128	416	0	0.107258	0.071748
2536.0490000247955	28.861032	420	0	0.115096	0.071748
2538.059000015259	29.802488	424	0	0.102896	0.071748
2539.8049998283386	23.469408	420	0	0.133035	0.071748
2542.074000120163	30.668472	422	0	0.085685	0.071748
2544.0499999523163	23.49	424	0	0.12181	0.071748
2546.051999807358	25.178232	436	0	0.109206	0.071748
2548.0460000038147	29.290448	428	0	0.082714	0.071748
2550.0490000247955	28.960848	426	0	0.101685	0.071748
2552.0570001602173	20.819632	414	0	0.09959	0.071748
2554.0469999313354	32.104936	432	0	0.094361	0.071748
2555.90700006485	30.847656	432	0	0.082357	0.071748
2558.0549998283386	25.783912	432	0	0.097178	0.071748
2560.0529997348785	27.066256	432	0	0.093582	0.071748
2562.058000087738	25.066712	430	0	0.088066	0.071748
2564.0490000247955	25.293672	420	0	0.106792	0.071748
2566.0460000038147	27.267344	464	0	0.086702	0.071748
2568.0629999637604	29.423536	464	0	0.153825	0.071748
2570.0490000247955	22.808416	464	0	0.223445	0.071748
2572.0609998703003	31.489888	428	0	0.121618	0.071748
2574.0499999523163	23.604384	438	0	0.135025	0.071748
2576.051999807358	6.443656	432	0	0.087302	0.071748
2578.055999994278	30.842432	436	0	0.106949	0.071748
2579.9079999923706	30.433024	440	0	0.088698	0.071748
2582.051999807358	29.589376	440	0	0.091634	0.071748
2584.051999807358	28.0958	440	0	0.094228	0.071748
2586.042000055313	30.020096	436	0	0.11663	0.071748
2588.042999982834	29.331808	426	0	0.100913	0.071748
2590.0609998703003	25.277832	424	0	0.098682	0.071748
2592.0499999523163	31.233432	418	0	0.096557	0.071748
2594.076999902725	24.280464	416	0	0.110356	0.071748
2596.0810000896454	29.383488	412	0	0.08556	0.071748
2598.0599999427795	28.02472	412	0	0.095601	0.071748
2600.0449998378754	24.786552	414	0	0.085453	0.071748
2602.0449998378754	24.052928	412	0	0.107302	0.071748
2603.915999889374	26.101184	412	0	0.092795	0.071748
2606.0549998283386	27.364816	404	0	0.099527	0.071748
2608.055999994278	27.642848	396	0	0.099153	0.071748
2610.053999900818	28.086528	434	0	0.119539	0.071748
2612.059000015259	24.948992	430	0	0.1189	0.071748
2614.0629999637604	29.124592	430	0	0.111909	0.071748
2616.0549998283386	28.8976	432	0	0.131639	0.071748
2618.0490000247955	29.334448	468	0	0.114262	0.071748
2620.0570001602173	28.241224	448	0	0.112774	0.071748
2622.047999858856	27.864968	450	0	0.136191	0.071748
2624.0460000038147	19.388448	450	0	0.150277	0.071748
2626.0599999427795	33.675016	450	0	0.124277	0.071748
2627.9079999923706	14.812064	442	0	0.128975	0.071748
2630.059000015259	1.213336	4	0	0.126297	0.071748
2632.055999994278	33.573392	464	0	0.131747	0.071748
2634.058000087738	22.854216	464	0	0.100705	0.071748
2636.0620000362396	29.466792	464	0	0.194451	0.071748
2638.051999807358	29.992856	452	0	0.127988	0.071748
2640.058000087738	20.91688	410	0	0.132229	0.071748
2642.0529997348785	29.425304	440	0	0.09045	0.071748
2644.0609998703003	29.737704	432	0	0.090052	0.071748
2646.0599999427795	25.565224	432	0	0.189317	0.071748
2648.0499999523163	22.131288	442	0	0.089338	0.071748
2650.053999900818	20.364088	442	0	0.103335	0.071748
2652.059000015259	29.47932	438	0	0.093375	0.071748
2654.0469999313354	26.334368	438	0	0.140819	0.071748
2656.0599999427795	23.454456	400	0	0.134447	0.071748
2658.0599999427795	29.63096	416	0	0.086085	0.071748
2660.055999994278	18.848312	416	0	0.135056	0.071748
2662.055999994278	27.88708	414	0	0.085566	0.071748
2664.047999858856	29.88608	434	0	0.082723	0.071748
2666.047999858856	28.613152	438	0	0.156551	0.071748
2668.0439999103546	5.370776	436	0	0.111064	0.071748
2670.0439999103546	25.432048	436	0	0.098528	0.071748
2672.0549998283386	29.081272	438	0	0.08601	0.071748
2674.055999994278	29.60932	426	0	0.10258	0.071748
2676.0460000038147	29.681056	428	0	0.112337	0.071748
2678.0499999523163	23.480808	420	0	0.112003	0.071748
2680.0499999523163	31.256512	428	0	0.133146	0.071748
2682.079999923706	10.551672	428	1	0.34904	0.071748
2684.0460000038147	2.816568	192	0	0.258366	0.071748
2686.047999858856	4.61232	132	0	0.095213	0.071748
2688.0439999103546	11.470808	154	0	0.078768	0.070652
2690.0529997348785	14.48076	196	0	0.08367	0.070652
2692.059000015259	17.581232	246	0	0.082136	0.070652
2694.0629999637604	19.651136	260	0	0.080342	0.070652
2696.0460000038147	23.16604	296	0	0.08101	0.070652
2698.0460000038147	21.791464	4	0	0.154059	0.070652
2700.0499999523163	23.789024	304	0	0.106237	0.070652
2702.0460000038147	19.998496	304	0	0.108846	0.070652
2704.051999807358	23.347664	328	0	0.079505	0.070652
2706.0549998283386	19.996336	348	0	0.080064	0.070652
2708.0469999313354	26.42848	348	0	0.10072	0.070652
2710.055999994278	24.027016	348	0	0.087183	0.070652
2712.058000087738	25.686744	412	0	0.087294	0.070652
2714.0449998378754	31.795648	478	0	0.12286	0.070652
2716.0529997348785	32.935264	428	0	0.126656	0.070652
2718.053999900818	29.316448	430	0	0.114576	0.070652
2720.053999900818	26.994472	468	0	0.096762	0.070652
2722.0549998283386	21.419008	468	0	0.141882	0.070652
2724.0609998703003	29.277848	468	0	0.097701	0.070652
2726.0529997348785	34.887432	466	0	0.136099	0.070652
2728.055999994278	35.961976	454	0	0.124417	0.070652
2730.0490000247955	4.991576	454	0	0.127378	0.070652
2732.0460000038147	14.151888	444	0	0.337056	0.070652
2734.0460000038147	28.707632	444	0	0.144574	0.070652
2736.0609998703003	28.860368	432	0	0.110357	0.070652
2738.047999858856	32.735784	468	0	0.12483	0.070652
2740.051999807358	17.801696	466	0	0.151032	0.070652
2742.0780000686646	32.10712	462	0	0.112468	0.070652
2744.051999807358	30.246944	466	0	0.101546	0.070652
2746.047999858856	24.477848	430	0	0.136872	0.070652
2748.0449998378754	30.37172	430	0	0.084973	0.070652
2750.059000015259	28.147552	430	0	0.090686	0.070652
2752.0490000247955	29.317024	428	0	0.099559	0.070652
2754.0529997348785	27.594544	442	0	0.091528	0.070652
2756.0469999313354	29.947752	468	0	0.118992	0.070652
2758.0549998283386	23.577352	470	0	0.100254	0.070652
2760.058000087738	28.074656	478	0	0.153345	0.070652
2762.0599999427795	23.015408	478	0	0.198198	0.070652
2764.0629999637604	3.830872	426	0	0.128768	0.070652
2766.0719997882843	30.863688	438	0	0.112768	0.070652
2768.0499999523163	26.724416	460	0	0.110789	0.070652
2770.0469999313354	30.028592	456	0	0.159863	0.070652
2772.0499999523163	25.149496	456	0	0.135618	0.070652
2774.0570001602173	24.891928	426	0	0.126795	0.070652
2776.058000087738	29.813968	428	0	0.125205	0.070652
2778.0609998703003	27.553712	431	0	0.118607	0.070652
2780.2990000247955	32.39404	514	0	0.130608	0.070652
2782.051999807358	23.481888	460	0	0.125168	0.070652
2784.298000097275	31.690208	460	0	0.109985	0.070652
2786.305999994278	17.680816	448	0	0.273338	0.070652
2788.3079998493195	30.742744	454	0	0.150833	0.070652
2790.300999879837	32.77884	454	0	0.126854	0.070652
2792.3069999217987	26.29608	454	0	0.097277	0.070652
2794.3079998493195	28.390584	458	0	0.096549	0.070652
2796.3109998703003	27.946496	428	0	0.091912	0.070652
2798.2999999523163	30.123904	424	0	0.090352	0.070652
2800.303999900818	29.108064	438	0	0.101017	0.070652
2802.2990000247955	21.783552	440	0	0.102871	0.070652
2804.311999797821	21.783552	4	0	0.084566	0.070652
2806.2999999523163	21.783552	470	0	0.100298	0.070652
2808.305999994278	21.783552	472	0	0.094332	0.070652
2810.305000066757	21.783552	472	0	0.09392	0.070652
2812.303999900818	6.296224	394	0	0.09883	0.070652
2814.2949998378754	27.265824	366	0	0.07837	0.070652
2816.300999879837	26.12508	388	0	0.084568	0.070652
2818.2990000247955	26.925856	388	0	0.092622	0.070652
2820.2999999523163	24.35396	412	0	0.098057	0.070652
2822.303999900818	27.75288	414	0	0.092587	0.070652
2824.305000066757	31.744928	414	0	0.087586	0.070652
2826.3109998703003	28.56688	432	0	0.086263	0.070652
2828.298000097275	31.01656	426	0	0.104731	0.070652
2830.302999973297	24.427104	468	0	0.094485	0.070652
2832.305000066757	32.722216	468	0	0.159464	0.070652
2834.327999830246	34.412984	468	0	0.149892	0.070652
2836.3099999427795	31.77384	440	0	0.113667	0.070652
2838.300999879837	27.691856	440	0	0.127553	0.070652
2840.2999999523163	30.962832	440	0	0.098111	0.070652
2842.2990000247955	27.784552	418	0	0.122785	0.070652
2844.3689999580383	22.648448	418	0	0.096185	0.070652
2846.295999765396	31.029952	418	0	0.137892	0.070652
2848.300999879837	31.503704	426	0	0.130682	0.070652
2850.2999999523163	23.962224	428	0	0.092597	0.070652
2852.3099999427795	23.962224	612	0	0.126556	0.070652
2854.2990000247955	23.962224	466	0	0.09868	0.070652
2856.3519999980927	23.962224	460	0	0.089686	0.070652
2858.2990000247955	23.962224	460	0	0.089707	0.070652
2860.3020000457764	4.99112	332	0	0.090026	0.070652
2862.297000169754	13.259104	332	0	0.22432	0.070652
2864.315999984741	14.524944	326	0	0.080001	0.070652
2866.298000097275	14.916592	326	0	0.085206	0.070652
2868.3079998493195	23.169016	326	0	0.084834	0.070652
2870.305999994278	16.285856	324	0	0.135154	0.070652
2872.303999900818	24.55388	362	0	0.083656	0.070652
2874.2939999103546	27.386032	362	0	0.083873	0.070652
2876.3099999427795	25.797896	358	0	0.080641	0.070652
2878.2949998378754	27.5506	368	0	0.081051	0.070652
2880.30899977684	28.092264	386	0	0.081837	0.070652
2882.311999797821	29.288208	382	0	0.088945	0.070652
2884.3099999427795	6.079312	382	0	0.096696	0.070652
2886.305000066757	20.804288	4	0	0.123692	0.070652
2888.2939999103546	29.370768	412	0	0.084076	0.070652
2890.298000097275	29.8638	388	0	0.081323	0.070652
2892.3099999427795	29.485328	388	0	0.08071	0.070652
2894.2990000247955	29.485328	388	0	0.087888	0.070652
2896.305000066757	29.426352	390	0	0.082207	0.070652
2898.3020000457764	27.3026	386	0	0.081466	0.070652
2900.302999973297	28.202352	386	0	0.086129	0.070652
2902.319999933243	18.398616	382	0	0.09733	0.070652
2904.305000066757	26.598488	382	0	0.082123	0.070652
2906.30899977684	29.526168	380	0	0.081507	0.070652
2908.3079998493195	29.105696	386	0	0.083733	0.070652
2910.30899977684	29.1752	386	0	0.083463	0.070652
2912.3069999217987	26.233832	390	0	0.085449	0.070652
2914.3129999637604	28.767472	386	0	0.079179	0.070652
2916.302999973297	26.426752	426	0	0.081995	0.070652
2918.3020000457764	28.926136	430	0	0.145475	0.070652
2920.3109998703003	23.031024	410	0	0.141778	0.070652
2922.302999973297	23.38324	404	0	0.129497	0.070652
2924.30899977684	27.165328	420	0	0.145707	0.070652
2926.3140001296997	30.667816	424	0	0.097309	0.070652
2928.2949998378754	9.552336	424	0	0.469717	0.070652
2930.3069999217987	24.34416	426	0	0.09302	0.070652
2932.300999879837	26.353992	428	0	0.137752	0.070652
2934.2949998378754	18.771976	424	0	0.209766	0.070652
2936.3099999427795	31.16124	416	0	0.080428	0.070652
2938.297000169754	25.81128	416	0	0.087588	0.070652
2940.3329997062683	24.961872	418	0	0.104691	0.070652
2942.30899977684	24.961872	418	0	0.099296	0.070652
2944.2990000247955	28.174568	410	0	0.084635	0.070652
2946.3109998703003	31.312712	422	0	0.094752	0.070652
2948.3239998817444	29.10684	420	0	0.10211	0.070652
2950.3020000457764	27.551264	422	0	0.084548	0.070652
2952.3079998493195	22.942336	414	0	0.12007	0.070652
2954.30899977684	31.612992	424	0	0.10362	0.070652
2956.305999994278	21.590368	430	0	0.130887	0.070652
2958.3020000457764	29.042816	432	0	0.109574	0.070652
2960.302999973297	27.689408	432	0	0.123822	0.070652
2962.300999879837	30.268696	442	0	0.118482	0.070652
2964.300999879837	29.605328	442	0	0.086609	0.070652
2966.303999900818	30.69428	448	0	0.111432	0.070652
2968.3069999217987	27.377976	492	0	0.112312	0.070652
2970.30899977684	5.775592	494	0	0.117916	0.070652
2972.2990000247955	30.342568	492	0	0.118291	0.070652
2974.300999879837	30.952384	494	0	0.114499	0.070652
2976.295999765396	20.268616	442	0	0.192657	0.070652
2978.303999900818	24.050792	440	0	0.104551	0.070652
2980.3109998703003	22.032808	440	0	0.167447	0.070652
2982.3099999427795	19.05404	430	0	0.188553	0.070652
2984.30899977684	23.662384	428	0	0.115524	0.070652
2986.315999984741	6.31724	428	0	0.196645	0.070652
2988.302999973297	28.839504	430	0	0.107336	0.071626
2990.3069999217987	30.194752	440	0	0.146057	0.071626
2992.322000026703	28.697576	442	0	0.129235	0.071626
2994.298000097275	23.250888	458	0	0.1502	0.071626
2996.305000066757	29.937824	516	0	0.101108	0.071626
2998.302999973297	29.937824	470	0	0.105069	0.071626
3000.3099999427795	29.460552	470	0	0.118383	0.071626
3002.30899977684	32.907992	438	0	0.139277	0.071626
3004.3079998493195	33.727768	448	0	0.128445	0.071626
3006.305000066757	19.233536	444	0	0.191813	0.071626
3008.311999797821	25.641704	488	0	0.146392	0.071626
3010.3099999427795	29.703496	488	0	0.165246	0.071626
3012.3099999427795	23.412472	492	0	0.100399	0.071626
3014.3109998703003	32.360736	430	0	0.106619	0.071626
3016.3099999427795	25.541272	426	0	0.177302	0.071626
3018.298000097275	6.55484	430	0	0.096864	0.071626
3020.3079998493195	17.48804	430	0	0.141268	0.071626
3022.3109998703003	25.437312	420	0	0.094658	0.071626
3024.3099999427795	27.227912	418	0	0.086657	0.071626
3026.315999984741	29.434952	418	0	0.099631	0.071626
3028.305999994278	27.2874	416	0	0.13387	0.071626
3030.3099999427795	23.938032	428	0	0.132449	0.071626
3032.305000066757	27.336208	424	0	0.101499	0.071626
3034.5629999637604	28.01336	426	0	0.108188	0.071626
3036.553999900818	26.7902	436	0	0.091834	0.071626
3038.3229999542236	29.3978	432	0	0.108814	0.071626
3040.553999900818	23.920656	434	0	0.148808	0.071626
3042.561000108719	0.156808	435	0	0.151089	0.071626
3044.577000141144	30.544816	462	0	0.113137	0.071626
3046.547999858856	21.391736	462	0	0.17373	0.071626
3048.547999858856	24.529856	462	0	0.134622	0.071626
3050.4219999313354	21.466256	448	0	0.163355	0.071626
3052.553999900818	27.758112	424	0	0.084617	0.071626
3054.547999858856	28.284784	424	0	0.115348	0.071626
3056.564999818802	31.92796	424	0	0.110054	0.071626
3058.552999973297	26.521384	408	0	0.11616	0.071626
3060.561000108719	20.457536	408	0	0.132497	0.071626
3062.5599999427795	25.282752	384	0	0.186699	0.071626
3064.5569999217987	30.71392	412	0	0.122986	0.071626
3066.558000087738	0.568576	432	0	0.223397	0.071626
3068.5549998283386	26.61156	4	0	0.094685	0.071626
3070.553999900818	19.7264	476	0	0.190923	0.071626
3072.564999818802	30.776	468	0	0.118088	0.071626
3074.404999732971	29.449056	448	0	0.137574	0.071626
3076.555999994278	19.490496	420	0	0.106925	0.071626
3078.547999858856	26.136872	436	0	0.111375	0.071626
3080.5569999217987	25.127616	436	0	0.08861	0.071626
3082.5629999637604	23.658176	432	0	0.12396	0.071626
3084.547999858856	4.954568	406	0	0.116913	0.071626
3086.545000076294	28.650952	434	0	0.094355	0.071626
3088.552999973297	28.13616	434	0	0.0972	0.071626
3090.550999879837	34.417064	460	0	0.137465	0.071626
3092.552999973297	30.855384	460	0	0.107725	0.071626
3094.559000015259	30.855384	462	0	0.087835	0.071626
3096.5599999427795	30.855384	462	0	0.084215	0.071626
3098.417000055313	30.855384	462	0	0.086888	0.071626
3100.545000076294	30.855384	460	0	0.10369	0.071626
3102.5599999427795	30.855384	460	0	0.081372	0.071626
3104.548999786377	30.855384	456	0	0.081812	0.071626
3106.558000087738	30.855384	456	0	0.083431	0.071626
3108.558000087738	30.855384	456	0	0.086729	0.071626
3110.5620000362396	30.855384	456	0	0.083243	0.071626
3112.555999994278	30.855384	456	0	0.091283	0.071626
3114.551999807358	30.855384	456	0	0.083581	0.071626
3116.565999984741	30.855384	456	0	0.085913	0.071626
3118.558000087738	30.855384	456	0	0.085244	0.071626
3120.552999973297	30.855384	456	0	0.092058	0.071626
3122.4039998054504	30.855384	466	0	0.081936	0.071626
3124.5549998283386	30.855384	466	0	0.106861	0.071626
3126.5549998283386	30.855384	466	0	0.106162	0.071626
3128.5569999217987	30.855384	464	0	0.091612	0.071626
3130.5469999313354	30.855384	464	0	0.086959	0.071626
3132.550999879837	30.855384	464	0	0.084305	0.071626
3134.5499999523163	30.855384	464	0	0.088783	0.071626
3136.553999900818	30.855384	464	0	0.085682	0.071626
3138.569000005722	30.855384	456	0	0.10115	0.071626
3140.547999858856	30.855384	456	0	0.083329	0.071626
3142.5549998283386	30.855384	456	0	0.083388	0.071626
3144.558000087738	30.855384	456	0	0.103815	0.071626
3146.550999879837	30.855384	456	0	0.084181	0.071626
3148.559000015259	30.855384	4	0	0.087307	0.071626
3150.5569999217987	30.855384	464	0	0.081481	0.071626
3152.551999807358	30.855384	464	0	0.084276	0.071626
3154.550999879837	30.855384	464	0	0.082083	0.071626
3156.5549998283386	30.855384	458	0	0.084851	0.071626
3158.552999973297	28.679136	418	0	0.110071	0.071626
3160.558000087738	28.679136	408	0	0.081473	0.071626
3162.5499999523163	28.679136	408	0	0.086931	0.071626
3164.561000108719	28.679136	408	0	0.086157	0.071626
3166.5499999523163	28.679136	412	0	0.080282	0.071626
3168.563999891281	30.393672	412	0	0.08324	0.071626
3170.5599999427795	31.501888	428	0	0.090232	0.071626
3172.553999900818	18.188872	414	0	0.141512	0.071626
3174.555999994278	31.082672	420	0	0.091906	0.071626
3176.5620000362396	27.85196	422	0	0.084531	0.071755
3178.5549998283386	27.85196	416	0	0.08087	0.071755
3180.552999973297	30.27912	416	0	0.08435	0.071755
3182.551999807358	23.424648	416	0	0.112966	0.071755
3184.548999786377	23.424648	412	0	0.096314	0.071755
3186.558000087738	28.111328	406	0	0.113184	0.071755
3188.550999879837	26.853104	430	0	0.119813	0.071755
3190.552999973297	32.929384	448	0	0.09264	0.071755
3192.555999994278	30.15284	428	0	0.088523	0.071755
3194.561000108719	30.15284	428	0	0.081115	0.071755
3196.551999807358	23.731392	428	0	0.10364	0.071755
3198.5599999427795	29.698304	426	0	0.105915	0.071755
3200.566999912262	30.869464	412	0	0.088901	0.071755
3202.5599999427795	27.10568	448	0	0.122496	0.071755
3204.547999858856	28.252512	426	0	0.082738	0.071755
3206.559000015259	27.908064	426	0	0.095153	0.071755
3208.559000015259	30.621768	416	0	0.092945	0.071755
3210.5469999313354	3.178352	412	0	0.161596	0.071755
3212.5620000362396	25.295128	416	0	0.112619	0.071755
3214.547999858856	13.048512	424	0	0.080785	0.071755
3216.548999786377	30.752688	428	0	0.123581	0.071755
3218.5569999217987	26.460624	424	0	0.084629	0.071755
3220.5719997882843	19.71532	424	0	0.145377	0.071755
3222.552999973297	32.43232	434	0	0.117375	0.071755
3224.555999994278	31.218544	434	0	0.091933	0.071755
3226.5620000362396	30.147648	424	0	0.106287	0.071755
3228.558000087738	27.448824	424	0	0.098683	0.071755
3230.555999994278	29.97796	430	0	0.109712	0.071755
3232.547999858856	27.56328	430	0	0.101616	0.071755
3234.564999818802	22.805936	430	0	0.09467	0.071755
3236.564999818802	22.805936	448	0	0.084105	0.071755
3238.550999879837	22.805936	448	0	0.083176	0.071755
3240.558000087738	22.805936	448	0	0.084541	0.071755
3242.5599999427795	22.805936	448	0	0.082094	0.071755
3244.555999994278	22.805936	448	0	0.087643	0.071755
3246.559000015259	27.178144	363	0	0.101086	0.071755
3248.5629999637604	27.178144	378	0	0.096721	0.071755
3250.551999807358	25.480608	394	0	0.084026	0.071755
3252.553999900818	25.480608	394	0	0.083726	0.071755
3254.5569999217987	25.480608	394	0	0.080522	0.071755
3256.5620000362396	25.480608	394	0	0.08475	0.071755
3258.5569999217987	25.480608	392	0	0.084691	0.071755
3260.5569999217987	25.480608	392	0	0.083725	0.071755
3262.559000015259	25.480608	392	0	0.081936	0.071755
3264.566999912262	25.480608	392	0	0.081332	0.071755
3266.5499999523163	25.480608	392	0	0.082743	0.071755
3268.5599999427795	25.480608	392	0	0.083904	0.071755
3270.5629999637604	25.480608	416	0	0.115708	0.071755
3272.5620000362396	28.763864	428	0	0.088509	0.071755
3274.58899974823	28.738976	430	0	0.105266	0.071755
3276.564999818802	32.478432	444	0	0.089428	0.071755
3278.8010001182556	29.64724	444	0	0.135644	0.071755
3280.563999891281	33.077536	426	0	0.137191	0.071755
3282.565999984741	23.927304	422	0	0.172171	0.071755
3284.8049998283386	21.08828	466	0	0.18213	0.071755
3286.809000015259	24.207664	430	0	0.15708	0.071755
3288.811999797821	25.055104	440	0	0.113594	0.071755
3290.8079998493195	28.644728	440	0	0.125279	0.071755
3292.8150000572205	25.272472	452	0	0.158194	0.071755
3294.8239998817444	25.675536	466	0	0.187781	0.071755
3296.805999994278	28.834208	466	0	0.129237	0.071755
3298.803999900818	20.893992	412	0	0.127381	0.071755
3300.8150000572205	29.105248	434	0	0.095578	0.071755
3302.7999999523163	34.601768	436	0	0.113483	0.071755
3304.798000097275	23.464168	458	0	0.087545	0.071755
3306.802999973297	28.894328	458	0	0.115064	0.071755
3308.8079998493195	27.643208	462	0	0.103261	0.071755
3310.803999900818	28.842344	466	0	0.088121	0.071755
3312.809000015259	32.2324	466	0	0.107241	0.071755
3314.811999797821	25.079064	474	0	0.096222	0.071755
3316.8099999427795	31.23668	472	0	0.104704	0.071755
3318.7990000247955	29.847752	446	0	0.120449	0.071755
3320.8010001182556	25.372232	426	0	0.094643	0.071755
3322.8099999427795	30.241344	428	0	0.093086	0.071755
3324.8049998283386	31.638664	444	0	0.091962	0.071755
3326.803999900818	27.902904	444	0	0.100235	0.071755
3328.8109998703003	27.902904	4	0	0.096657	0.071755
3330.811999797821	29.561872	454	0	0.101835	0.071755
3332.8079998493195	20.456008	458	0	0.144945	0.071755
3334.7990000247955	26.883272	420	0	0.090131	0.071755
3336.8140001296997	32.085576	428	0	0.091511	0.071755
3338.805999994278	27.27816	428	0	0.117318	0.071755
3340.8099999427795	25.397184	430	0	0.112676	0.071755
3342.805999994278	26.218704	428	0	0.20677	0.071755
3344.822000026703	22.997832	4	0	0.092452	0.071755
3346.8109998703003	27.32676	436	0	0.110152	0.071755
3348.7990000247955	27.32676	440	0	0.083095	0.071755
3350.805999994278	27.32676	440	0	0.082573	0.071755
3352.805999994278	29.121696	426	0	0.11746	0.071755
3354.8109998703003	1.976168	436	0	0.126069	0.071755
3356.8109998703003	27.507088	434	0	0.146659	0.071755
3358.8099999427795	15.237736	408	0	0.156334	0.072044
3360.8150000572205	26.482552	426	0	0.152381	0.072044
3362.8209998607635	30.162568	428	0	0.102242	0.072044
3364.809000015259	11.879816	426	0	0.214432	0.072044
3366.809000015259	25.831896	404	0	0.116779	0.072044
3368.815999984741	28.922352	420	0	0.096873	0.072044
3370.8099999427795	23.887416	420	0	0.161226	0.072044
3372.812999725342	32.900504	434	0	0.088582	0.072044
3374.8099999427795	32.370288	456	0	0.142708	0.072044
3376.8140001296997	27.978184	452	0	0.128059	0.072044
3378.803999900818	29.015392	452	0	0.117276	0.072044
3380.8099999427795	30.196968	440	0	0.100435	0.072044
3382.8180000782013	25.624592	444	0	0.094547	0.072044
3384.8099999427795	26.334008	430	0	0.136325	0.072044
3386.8109998703003	24.011352	426	0	0.085528	0.072044
3388.803999900818	32.714064	438	0	0.099783	0.072044
3390.8109998703003	24.03568	438	0	0.088799	0.072044
3392.809000015259	29.332664	438	0	0.084026	0.072044
3394.8099999427795	28.007496	438	0	0.106709	0.072044
3396.7969999313354	20.090736	438	0	0.09816	0.072044
3398.802999973297	28.213896	412	0	0.105626	0.072044
3400.8069999217987	17.803576	410	0	0.138591	0.072044
3402.8079998493195	28.590864	476	0	0.099191	0.072044
3404.812999725342	29.454632	476	0	0.096442	0.072044
3406.819999933243	21.59832	476	0	0.089283	0.072044
3408.8010001182556	29.99728	476	0	0.100984	0.072044
3410.809000015259	34.125264	476	0	0.085244	0.072044
3412.8049998283386	29.096608	476	0	0.100195	0.072044
3414.8069999217987	29.096608	476	0	0.090725	0.072044
3416.811999797821	29.096608	472	0	0.091307	0.072044
3418.815999984741	29.096608	472	0	0.087388	0.072044
3420.8099999427795	28.73308	440	0	0.084902	0.072044
3422.7990000247955	30.39484	436	0	0.094725	0.072044
3424.803999900818	24.001448	440	0	0.132702	0.072044
3426.802999973297	10.844912	436	0	0.318573	0.072044
3428.803999900818	30.089104	440	0	0.09568	0.072044
3430.8150000572205	28.943152	430	0	0.107338	0.072044
3432.809000015259	28.943152	430	0	0.08646	0.072044
3434.8140001296997	28.943152	434	0	0.106981	0.072044
3436.802999973297	28.943152	434	0	0.088789	0.072044
3438.811999797821	28.943152	434	0	0.083228	0.072044
3440.8109998703003	31.17092	414	0	0.104997	0.072044
3442.812999725342	30.45044	454	0	0.110438	0.072044
3444.809000015259	31.00052	410	0	0.090505	0.072044
3446.8140001296997	29.266976	410	0	0.107824	0.072044
3448.812999725342	16.505488	404	0	0.264742	0.072044
3450.815999984741	29.21844	418	0	0.113589	0.072044
3452.8020000457764	24.151208	414	0	0.117926	0.072044
3454.805999994278	30.045376	414	0	0.093817	0.071449
3456.8079998493195	29.138032	410	0	0.094509	0.071449
3458.8140001296997	28.864936	422	0	0.087571	0.071449
3460.8369998931885	30.50592	420	0	0.09978	0.071449
3462.809000015259	25.706696	432	0	0.086497	0.071449
3464.805999994278	20.526304	446	0	0.0918	0.071449
3466.8099999427795	29.13908	444	0	0.117972	0.071449
3468.8010001182556	27.783544	444	0	0.083452	0.071449
3470.8079998493195	18.893008	430	0	0.246262	0.071449
3472.8209998607635	29.596552	426	0	0.145642	0.071449
3474.822000026703	32.104456	442	0	0.167927	0.071449
3476.809000015259	0.136496	410	0	0.110724	0.071449
3478.809000015259	26.259408	442	0	0.144582	0.071449
3480.8109998703003	28.625048	448	0	0.164341	0.071449
3482.812999725342	24.418672	406	0	0.130566	0.071449
3484.8049998283386	29.530744	438	0	0.110983	0.071165
3486.8079998493195	23.04544	438	0	0.149588	0.071165
3488.8010001182556	18.571744	438	0	0.267123	0.071165
3490.809000015259	30.676232	442	0	0.129381	0.071165
3492.8049998283386	32.027128	442	0	0.133547	0.071165
3494.815999984741	26.869144	440	0	0.124614	0.071165
3496.827999830246	32.01096	436	0	0.120733	0.071165
3498.8150000572205	25.24088	430	0	0.129056	0.071165
3500.803999900818	26.54212	472	0	0.108528	0.071165
3502.8079998493195	28.101624	474	0	0.094332	0.071165
3504.803999900818	25.065176	474	0	0.157586	0.071165
3506.827999830246	28.044136	492	0	0.087282	0.071165
3508.8010001182556	20.857896	442	0	0.216809	0.071165
3510.826999902725	22.251608	418	0	0.176382	0.071165
3512.8099999427795	24.93932	404	0	0.159861	0.071165
3514.819999933243	23.947096	412	0	0.101663	0.071165
3516.811999797821	25.701608	420	0	0.093236	0.071165
3518.805999994278	26.632048	418	0	0.115275	0.071165
3521.114000082016	28.141112	438	0	0.086404	0.071165
3522.811999797821	5.148088	430	0	0.093961	0.071165
3524.8079998493195	26.411264	390	0	0.10358	0.071165
3526.8140001296997	22.409408	430	0	0.079391	0.071165
3528.819000005722	29.981944	436	0	0.138199	0.071165
3530.811999797821	23.98904	432	0	0.121083	0.071165
3532.811999797821	24.616312	432	0	0.143071	0.071165
3534.8140001296997	26.992136	396	0	0.119081	0.071165
3537.0599999427795	29.097056	412	0	0.08779	0.071165
3539.063999891281	26.375024	410	0	0.131777	0.071165
3541.0620000362396	30.33228	410	0	0.083978	0.071165
3543.058000087738	25.313288	412	0	0.106132	0.071165
3544.90700006485	29.618824	410	0	0.086995	0.071165
3547.0570001602173	25.539352	434	0	0.090763	0.071165
3549.0529997348785	29.847104	420	0	0.090956	0.071165
3551.058000087738	31.232128	430	0	0.092974	0.071165
3553.0609998703003	28.975496	430	0	0.090087	0.071165
3555.0679998397827	26.469344	426	0	0.087745	0.071165
3557.058000087738	32.832128	428	0	0.094513	0.071165
3559.053999900818	30.174376	440	0	0.0863	0.071165
3561.0609998703003	29.443768	434	0	0.118174	0.071165
3563.0750000476837	27.520144	416	0	0.100231	0.071165
3565.058000087738	26.176448	418	0	0.095806	0.071165
3567.065999984741	29.5132	422	0	0.116754	0.071165
3568.9260001182556	23.822912	420	0	0.103249	0.071165
3571.053999900818	19.702744	422	0	0.128151	0.071165
3573.0549998283386	30.619272	416	0	0.096619	0.071165
3575.059000015259	24.593344	416	0	0.09242	0.071165
3577.063999891281	25.488848	438	0	0.082497	0.071165
3579.053999900818	26.623936	434	0	0.105103	0.071165
3581.0529997348785	30.486696	434	0	0.092369	0.071165
3583.053999900818	26.889248	430	0	0.148329	0.071165
3585.051999807358	32.891424	438	0	0.111952	0.071165
3587.059000015259	28.309696	434	0	0.10588	0.071165
3589.0629999637604	27.181472	434	0	0.105477	0.071165
3591.059000015259	29.171568	432	0	0.093184	0.071165
3592.923999786377	33.929224	438	0	0.09531	0.071165
3595.055999994278	27.988576	434	0	0.095071	0.071165
3597.0609998703003	25.305296	434	0	0.132714	0.071165
3599.066999912262	29.373592	438	0	0.08558	0.071165
3601.050999879837	27.46392	462	0	0.113893	0.071165
3603.053999900818	27.75704	464	0	0.080982	0.071165
3605.076999902725	26.72124	464	0	0.107161	0.071165
3607.065999984741	32.371016	454	0	0.101193	0.071165
3609.050999879837	31.229032	450	0	0.106397	0.071165
3611.051999807358	27.319976	432	0	0.122384	0.071165
3613.0609998703003	27.936504	460	0	0.095885	0.071165
3615.0609998703003	27.135768	460	0	0.136829	0.071165
3616.9210000038147	27.069008	460	0	0.100869	0.071165
3619.055999994278	27.123768	420	0	0.125	0.071165
3621.074000120163	21.174264	416	0	0.111955	0.071165
3623.055999994278	32.681464	424	0	0.084899	0.071165
3625.0620000362396	29.848136	452	0	0.106195	0.071165
3627.0549998283386	27.97796	452	0	0.091716	0.071165
3629.058000087738	33.106008	451	0	0.1149	0.071165
3631.0620000362396	27.84744	452	0	0.106707	0.071165
3633.0499999523163	23.745752	452	0	0.125414	0.071165
3635.055999994278	29.327184	450	0	0.107391	0.071165
3637.0609998703003	16.830912	450	0	0.145333	0.071165
3639.058000087738	29.278576	424	0	0.105914	0.071165
3641.0499999523163	27.7104	418	0	0.081052	0.071165
3643.0599999427795	32.134736	422	0	0.098478	0.071165
