0.0	1.423928	1050	0	0.052825	0.017938
-80616.2570002079	0.336696	14	0	0.136446	0.06938
-80615.88100004196	13.764304	171	0	0.06881	0.067417
-80615.70500016212	14.87224	264	12	0.069523	0.067417
-80615.46899986267	16.396816	482	0	0.070056	0.067417
-80615.27199983597	21.789536	538	1	0.074496	0.067417
-80614.95199990273	7.072352	484	0	0.071246	0.067417
-80614.5119998455	7.433784	416	0	0.068707	0.067407
-80614.09999990463	30.09096	420	0	0.069458	0.067407
-80613.75099992752	3.92896	420	0	0.071077	0.067407
-80611.97099995613	11.744136	394	0	0.069965	0.067407
-80609.74799990654	13.657976	398	0	0.07104	0.067407
-80607.7349998951	7.220328	394	0	0.069427	0.067407
-80605.7349998951	10.177464	388	0	0.070153	0.067407
-80603.73900008202	7.385696	392	0	0.071271	0.067407
-80601.73399996758	2.251504	402	0	0.071113	0.067407
-80599.73599982262	18.137992	402	0	0.072675	0.067407
-80597.74699997902	7.28336	400	0	0.068833	0.067407
-80595.73599982262	28.771304	406	0	0.069201	0.067407
-80593.73599982262	2.302096	408	0	0.070324	0.067407
-80591.74000000954	28.523392	4	0	0.069797	0.067407
-80589.73900008202	28.523392	392	0	0.069039	0.067407
-80587.73599982262	7.900152	406	0	0.069858	0.067359
-80585.73700022697	1.129288	400	0	0.07175	0.067327
-80583.74899983406	14.325424	416	0	0.069205	0.067327
-80581.74699997902	11.199928	404	0	0.069572	0.067327
-80579.74000000954	15.9198	396	0	0.0689	0.067327
-80577.73700022697	7.2254	386	0	0.069101	0.067237
-80575.73599982262	11.65788	386	0	0.06857	0.067237
-80573.74099993706	24.286472	388	0	0.068906	0.067237
-80571.73900008202	0.226816	388	0	0.073455	0.067237
-80569.742000103	17.031056	396	0	0.069223	0.067237
-80567.73599982262	11.857344	386	0	0.069261	0.067237
-80565.7460000515	29.43648	390	0	0.06871	0.067237
-80563.7460000515	28.47588	412	0	0.069512	0.067237
-80561.74099993706	29.23932	404	0	0.068779	0.067237
-80559.74699997902	7.384824	408	0	0.069377	0.067237
-80557.74099993706	11.614568	392	0	0.071613	0.067237
-80555.74500012398	17.560024	462	0	0.071604	0.067237
-80553.73599982262	27.911016	408	0	0.071071	0.067237
-80551.7460000515	0.353	416	0	0.072603	0.067237
-80549.73599982262	11.280536	402	0	0.071091	0.067237
-80547.74300003052	3.894456	392	0	0.071606	0.067237
-80545.73399996758	21.40892	392	0	0.069093	0.067237
-80543.74699997902	0.027176	392	0	0.06937	0.067237
-80541.73599982262	5.16952	382	0	0.069721	0.067237
-80539.67999982834	7.242328	382	0	0.06927	0.067237
-80537.74000000954	5.4648	4	0	0.072265	0.067237
-80535.74099993706	25.99148	382	0	0.068595	0.067237
-80533.74000000954	9.267608	386	0	0.068957	0.067237
-80531.73199987411	2.66608	408	0	0.072718	0.067237
-80529.742000103	11.914552	410	0	0.068935	0.067237
-80527.73299980164	0.13228	387	0	0.071219	0.067237
-80525.7380001545	25.22584	390	0	0.069936	0.067237
-80523.73700022697	30.043056	4	0	0.070995	0.067237
-80521.742000103	18.161544	386	0	0.068368	0.067127
-80519.73599982262	24.16932	398	0	0.070516	0.067127
-80517.73700022697	10.604048	398	0	0.070122	0.067127
-80515.7380001545	21.658312	392	0	0.070645	0.067127
-80513.73700022697	12.858776	386	0	0.068375	0.067127
-80511.73900008202	13.154848	390	0	0.069168	0.067127
-80509.7460000515	13.154848	390	0	0.068908	0.067127
-80507.7380001545	13.154848	388	0	0.068841	0.067127
-80505.73399996758	6.986448	390	0	0.068675	0.067127
-80503.74500012398	29.415544	420	0	0.069434	0.067127
-80501.74300003052	29.27572	400	0	0.069565	0.067127
-80499.74000000954	3.41952	430	0	0.070955	0.067127
-80497.73599982262	29.26312	412	0	0.068705	0.067127
-80495.74699997902	1.966832	412	0	0.070301	0.067127
-80493.74399995804	23.96336	406	0	0.070304	0.067127
-80491.73700022697	7.20016	412	0	0.069731	0.067127
-80489.7380001545	12.873952	412	0	0.071708	0.067127
-80487.74300003052	15.343616	408	0	0.070016	0.067127
-80485.74099993706	22.265288	416	0	0.068874	0.067127
-80483.73399996758	15.828752	404	0	0.07073	0.067127
-80481.742000103	28.690976	418	0	0.069062	0.067127
-80479.6369998455	6.062464	396	0	0.073286	0.067127
-80477.49399995804	7.08236	532	0	0.12607	0.067127
-80475.49499988556	2.665	386	0	0.072273	0.067127
-80473.65199995041	7.187528	386	0	0.069551	0.067127
-80471.49399995804	17.424016	386	0	0.070169	0.067127
-80469.48900008202	17.833616	404	0	0.069256	0.067127
-80467.48600006104	29.364656	432	0	0.069528	0.067127
-80465.49399995804	24.513592	432	0	0.070204	0.067127
-80463.48200011253	30.183056	386	0	0.069168	0.067127
-80461.49700021744	30.004904	386	0	0.068682	0.067127
-80459.48300004005	27.780304	394	0	0.068692	0.067127
-80457.48900008202	3.261528	398	0	0.070024	0.067127
-80455.49000000954	25.764944	398	0	0.068364	0.067127
-80453.48699998856	16.321464	396	0	0.069394	0.067127
-80451.49000000954	6.309504	380	0	0.069096	0.067127
-80449.64800000191	7.312296	380	0	0.069701	0.067127
-80447.48300004005	26.035064	380	0	0.069541	0.067127
-80445.49199986458	28.606944	382	0	0.069084	0.067127
-80443.49099993706	7.203616	382	0	0.069131	0.067127
-80441.48399996758	15.06784	378	0	0.068698	0.067127
-80439.48200011253	15.089624	384	0	0.069343	0.067127
-80437.48300004005	21.546912	384	0	0.070658	0.067127
-80435.48399996758	5.181392	396	0	0.07201	0.067127
-80433.48699998856	26.223688	418	0	0.069573	0.067127
-80431.48100018501	16.281736	388	0	0.069156	0.067127
-80429.49199986458	21.51948	400	0	0.069263	0.067127
-80427.49199986458	2.29972	400	0	0.070376	0.067127
-80425.64199995995	7.268112	386	0	0.069029	0.067127
-80423.4849998951	7.568816	398	0	0.070172	0.067127
-80421.49000000954	18.40256	416	0	0.071044	0.067127
-80419.48699998856	14.205488	400	0	0.06936	0.067127
-80417.4849998951	28.029984	390	0	0.069289	0.067127
-80415.49199986458	21.034216	392	0	0.069524	0.067127
-80413.48900008202	29.5018	4	0	0.07043	0.067127
-80411.49599981308	11.874848	400	0	0.072354	0.067127
-80409.48900008202	12.26972	396	0	0.069317	0.067127
-80407.4849998951	22.261056	430	0	0.069044	0.067127
-80405.48900008202	22.65844	432	0	0.069822	0.067127
-80403.48799991608	21.413248	388	0	0.068967	0.067127
-80401.64900016785	25.24204	384	0	0.068767	0.067127
-80399.49199986458	10.280176	386	0	0.068519	0.067127
-80397.49499988556	13.608816	400	0	0.070151	0.067127
-80395.48799991608	7.212464	396	0	0.06911	0.067127
-80393.48699998856	13.915136	394	0	0.069024	0.067127
-80391.48799991608	9.04592	382	0	0.069654	0.067127
-80389.48600006104	19.136616	388	0	0.068865	0.067127
-80387.48600006104	12.349104	394	0	0.071281	0.067127
-80385.47399997711	7.05036	390	0	0.069089	0.067127
-80383.48100018501	24.316536	390	0	0.070547	0.067127
-80381.49099993706	7.227136	390	0	0.069061	0.067127
-80379.48399996758	21.59732	406	0	0.071117	0.067127
-80377.49399995804	7.192856	400	0	0.069286	0.067127
-80375.4929997921	20.218976	4	0	0.068356	0.067127
-80373.49599981308	22.50452	380	0	0.06978	0.067127
-80371.47599983215	30.075216	388	0	0.06931	0.067127
-80369.48399996758	29.612336	410	0	0.069191	0.067127
-80367.48100018501	29.670336	398	0	0.069739	0.067127
-80365.48200011253	11.919392	398	0	0.06858	0.067127
-80363.49399995804	11.991784	398	0	0.06927	0.067127
-80361.48200011253	22.241296	398	0	0.068845	0.067127
-80359.48300004005	25.82788	388	0	0.068366	0.067127
-80357.48399996758	12.614432	400	0	0.069122	0.067127
-80355.48799991608	29.673016	398	0	0.068933	0.067127
-80353.49599981308	23.210904	406	0	0.069348	0.067127
-80351.48200011253	11.363016	396	0	0.070426	0.067127
-80349.49599981308	22.380384	392	0	0.068668	0.067127
-80347.48200011253	7.202048	392	0	0.069138	0.067127
-80345.48100018501	29.717952	408	0	0.06892	0.067127
-80343.48300004005	7.193184	422	0	0.069726	0.067127
-80341.49000000954	17.249824	398	0	0.070057	0.067127
-80339.4929997921	29.650224	392	0	0.068641	0.067127
-80337.48600006104	0.986528	386	0	0.069347	0.067127
-80335.48900008202	9.19108	390	0	0.068664	0.067127
-80333.48200011253	14.894632	390	0	0.068886	0.067127
-80331.48000001907	1.825848	400	0	0.070561	0.067127
-80329.49499988556	28.623296	400	0	0.069637	0.067127
-80327.48300004005	6.720288	394	0	0.07214	0.067127
-80325.49499988556	26.1848	400	0	0.069332	0.067127
-80323.49199986458	29.494944	402	0	0.069543	0.067127
-80321.48699998856	10.995088	398	0	0.069313	0.067127
-80319.48300004005	29.8422	388	0	0.069657	0.067127
-80317.48300004005	29.732704	388	0	0.069399	0.067127
-80315.48100018501	30.076528	396	0	0.070455	0.067127
-80313.48300004005	29.855296	396	0	0.068656	0.067127
-80311.49199986458	12.898784	4	0	0.069966	0.067127
-80309.49499988556	21.427472	384	0	0.069799	0.067127
-80307.49000000954	15.72672	380	0	0.067952	0.067127
-80305.4929997921	25.55552	390	0	0.069498	0.067127
-80303.48600006104	0.931648	390	0	0.071501	0.067127
-80301.48300004005	26.210336	384	0	0.0702	0.067127
-80299.4929997921	7.262528	382	0	0.069191	0.067127
-80297.48799991608	4.08868	386	0	0.069995	0.067127
-80295.4929997921	7.13944	392	0	0.072316	0.067127
-80293.49000000954	21.683264	4	0	0.069413	0.067127
-80291.49000000954	1.019464	392	0	0.069891	0.067127
-80289.48799991608	30.736384	390	0	0.0688	0.067127
-80287.48900008202	25.655744	386	0	0.070006	0.067127
-80285.49599981308	29.547344	386	0	0.069567	0.067127
-80283.4849998951	2.363352	388	0	0.070721	0.067127
-80281.48300004005	19.41208	386	0	0.069152	0.067127
-80279.48699998856	4.287568	384	0	0.071185	0.067127
-80277.48900008202	3.619056	402	0	0.070415	0.067127
-80275.4849998951	15.717544	402	0	0.069923	0.067127
-80273.49599981308	17.239952	386	0	0.070405	0.067127
-80271.48300004005	28.666296	398	0	0.071818	0.067127
-80269.48200011253	7.902568	398	0	0.070623	0.067043
-80267.4929997921	17.649144	412	0	0.06929	0.067043
-80265.49199986458	10.398976	402	0	0.070987	0.067043
-80263.49000000954	5.070248	426	0	0.071211	0.067043
-80261.49399995804	7.19072	422	0	0.07009	0.067043
-80259.49099993706	8.296568	412	0	0.070515	0.067043
-80257.48900008202	25.068752	400	0	0.070943	0.067043
-80255.48399996758	0.298232	400	0	0.069769	0.067043
-80253.49499988556	4.864016	392	0	0.071044	0.067043
-80251.47699975967	7.834776	376	0	0.069173	0.067043
-80249.48399996758	1.90716	418	0	0.070896	0.067043
-80247.4849998951	14.606912	414	0	0.070155	0.067043
-80245.48000001907	7.281704	398	0	0.070911	0.067043
-80243.49099993706	25.31236	400	0	0.069851	0.067043
-80241.48600006104	25.707624	422	0	0.068991	0.067043
-80239.48900008202	15.640648	420	0	0.070915	0.067043
-80237.49000000954	7.737856	420	0	0.069998	0.067043
-80235.48699998856	14.42436	398	0	0.068484	0.067043
-80233.48200011253	9.24316	420	0	0.069185	0.067043
-80231.48399996758	29.404512	420	0	0.07019	0.067043
-80229.47800016403	29.60368	396	0	0.068865	0.067043
-80227.24100017548	9.379176	396	0	0.069288	0.067043
-80225.23599982262	15.938632	390	0	0.069227	0.067043
-80223.23900008202	7.214824	396	0	0.06942	0.067043
-80221.2380001545	30.306432	398	0	0.068877	0.067043
-80219.23000001907	5.112	412	0	0.06956	0.067043
-80217.23699975014	7.02848	412	0	0.069318	0.067043
-80215.22799992561	19.016712	380	0	0.068706	0.067043
-80213.24000000954	9.234056	404	0	0.070028	0.067043
-80211.23300004005	18.450744	402	0	0.068755	0.067043
-80209.23699975014	7.167352	388	0	0.069928	0.067043
-80207.1930000782	15.98216	392	0	0.070197	0.067043
-80205.2309999466	15.57852	392	0	0.070922	0.067043
-80203.23699975014	9.52428	398	0	0.069221	0.067043
-80201.23699975014	11.340568	404	0	0.071448	0.067043
-80199.23300004005	7.193752	390	0	0.070296	0.067043
-80197.24000000954	9.272512	386	0	0.070543	0.067043
-80195.22799992561	0.334016	382	0	0.116952	0.067043
-80193.23000001907	0.12988	414	0	0.073509	0.067043
-80191.2380001545	24.794112	408	0	0.069228	0.067043
-80189.2349998951	13.023688	399	0	0.070595	0.067043
-80187.23599982262	4.134832	402	0	0.072889	0.067043
-80185.24300003052	12.159096	402	0	0.069093	0.067043
-80183.23699975014	4.802248	392	0	0.069456	0.067043
-80181.23699975014	11.33504	388	0	0.069036	0.067043
-80179.2309999466	1.294088	388	0	0.069083	0.067043
-80177.22799992561	4.05496	400	0	0.072377	0.067043
-80175.23199987411	7.203328	400	0	0.070134	0.067043
-80173.23399996758	17.129824	396	0	0.068369	0.067043
-80171.24399995804	23.475312	390	0	0.07027	0.067043
-80169.24300003052	0.443328	426	0	0.070174	0.067043
-80167.24399995804	29.260392	396	0	0.070684	0.067043
-80165.242000103	27.690128	434	0	0.070503	0.067043
-80163.23599982262	2.446944	408	0	0.072116	0.067043
-80161.23699975014	19.719104	390	0	0.069146	0.067043
-80159.23300004005	2.66548	388	0	0.070597	0.067043
-80157.23699975014	0.1358	386	0	0.070321	0.067043
-80155.23599982262	21.093608	384	0	0.068675	0.067043
-80153.2309999466	22.85536	388	0	0.069555	0.067043
-80151.23399996758	30.075216	386	0	0.069442	0.067043
-80149.23199987411	7.862464	382	0	0.070521	0.067043
-80147.2309999466	0.150992	386	0	0.06982	0.067043
-80145.22899985313	15.165928	388	0	0.068909	0.067043
-80143.242000103	10.273328	394	0	0.071893	0.067043
-80141.2349998951	30.0	396	0	0.070411	0.067043
-80138.92900013924	15.377656	416	0	0.068745	0.067043
-80137.22899985313	6.759648	416	0	0.070035	0.067043
-80135.23900008202	2.022912	396	0	0.068982	0.067043
-80133.242000103	29.692776	396	0	0.068851	0.067043
-80131.24499988556	15.404	396	0	0.068874	0.067043
-80129.2380001545	9.181904	396	0	0.070787	0.067043
-80127.23699975014	8.69612	398	0	0.068973	0.067043
-80125.24100017548	6.391072	396	0	0.070436	0.067043
-80123.22899985313	28.934344	390	0	0.068653	0.067043
-80121.23900008202	29.974192	398	0	0.069317	0.067043
-80119.23000001907	12.948656	400	0	0.069685	0.067043
-80117.24499988556	28.687888	388	0	0.070592	0.067043
-80115.22899985313	13.469712	410	0	0.070038	0.067043
-80113.24399995804	7.159136	410	0	0.069254	0.067043
-80111.2309999466	29.830504	386	0	0.068765	0.067043
-80109.242000103	13.201376	380	0	0.069717	0.067043
-80107.242000103	28.929312	390	0	0.070907	0.067043
-80105.23599982262	0.305512	390	0	0.069551	0.067043
-80103.23599982262	13.546936	390	0	0.069446	0.067043
-80101.23000001907	15.421632	396	0	0.069976	0.067043
-80099.23199987411	24.287848	386	0	0.070682	0.067043
-80097.23000001907	29.786152	402	0	0.069109	0.067043
-80095.23199987411	28.803312	400	0	0.068718	0.067043
-80093.23699975014	7.073704	390	0	0.070268	0.067043
-80091.24300003052	6.044952	424	0	0.070552	0.067043
-80089.23399996758	29.331056	440	0	0.069938	0.067043
-80087.242000103	26.172576	442	0	0.070013	0.067043
-80085.242000103	18.476832	390	0	0.070794	0.067043
-80083.23599982262	16.587776	394	0	0.069341	0.067043
-80081.2380001545	3.515904	392	0	0.069833	0.067043
-80079.23699975014	8.936488	404	0	0.069824	0.067043
-80077.24000000954	29.313856	406	0	0.069543	0.067043
-80075.2380001545	11.24612	384	0	0.070975	0.067043
-80073.22899985313	22.297744	398	0	0.071519	0.067043
-80071.23300004005	1.051688	404	0	0.072698	0.067043
-80069.23699975014	17.38964	396	0	0.069405	0.067043
-80067.2309999466	29.96932	396	0	0.068675	0.067043
-80065.22699999809	27.387864	404	0	0.069656	0.067043
-80063.24000000954	21.5856	412	0	0.070898	0.067043
-80061.23399996758	28.339456	410	0	0.069931	0.067043
-80059.23699975014	7.290576	398	0	0.06924	0.067043
-80057.23300004005	22.016672	400	0	0.069837	0.067043
-80055.23599982262	16.73752	404	0	0.068881	0.067043
-80053.24399995804	21.632032	396	0	0.06956	0.067043
-80051.23699975014	18.854152	406	0	0.070684	0.067043
-80049.23300004005	30.023536	406	0	0.069401	0.067043
-80047.22500014305	26.044384	410	0	0.070008	0.067043
-80045.22899985313	29.843816	412	0	0.069739	0.067043
-80043.22899985313	23.36368	392	0	0.070581	0.067043
-80041.2309999466	15.074568	398	0	0.069467	0.067043
-80039.22699999809	28.257928	398	0	0.068968	0.067043
-80037.23000001907	3.613384	400	0	0.070522	0.067043
-80035.22899985313	30.028752	406	0	0.069326	0.067043
-80033.23399996758	0.620144	404	0	0.069849	0.067043
-80031.23000001907	7.190392	404	0	0.069734	0.067043
-80029.24399995804	4.571032	382	0	0.070405	0.067043
-80027.2349998951	7.3926	388	0	0.069396	0.067043
-80025.23699975014	26.474	386	0	0.070142	0.067043
-80023.23300004005	10.912024	386	0	0.069164	0.067043
-80021.23199987411	28.4006	392	0	0.069898	0.067043
-80019.24000000954	28.4006	392	0	0.069927	0.067043
-80017.2309999466	7.21804	392	0	0.069033	0.067043
-80015.23199987411	0.15904	384	0	0.074726	0.067043
-80013.24100017548	0.785944	386	0	0.069921	0.067043
-80011.24100017548	3.119392	390	0	0.069251	0.067043
-80009.24100017548	15.128392	404	0	0.070181	0.067043
-80007.23900008202	7.23708	406	0	0.069343	0.067043
-80005.23599982262	21.20932	398	0	0.071992	0.067043
-80003.242000103	10.566504	386	0	0.071037	0.067043
-80001.23399996758	24.141992	404	0	0.068809	0.067043
-79999.2309999466	28.170528	404	0	0.07012	0.067043
-79997.22799992561	17.108712	388	0	0.069216	0.067043
-79995.2309999466	8.314248	392	0	0.071001	0.067043
-79993.23399996758	25.223072	390	0	0.069326	0.067043
-79991.23699975014	18.830704	390	0	0.070117	0.067043
-79989.2380001545	28.896752	390	0	0.06958	0.067043
-79987.22300004959	13.907184	390	0	0.06959	0.067043
-79985.23399996758	11.634976	388	0	0.07129	0.067043
-79983.2309999466	16.153448	388	0	0.069718	0.067043
-79981.23300004005	28.972824	394	0	0.069863	0.067043
-79979.2309999466	29.218984	406	0	0.068669	0.067043
-79977.22799992561	2.835808	390	0	0.071234	0.067043
-79975.22799992561	9.741192	390	0	0.070226	0.067043
-79972.98200011253	29.716696	384	0	0.06883	0.067043
-79970.99099993706	30.403392	414	0	0.069123	0.067043
-79968.98600006104	24.752312	396	0	0.069331	0.067158
-79966.9809999466	19.200744	390	0	0.069076	0.067158
-79964.98799991608	25.81568	392	0	0.07064	0.067158
-79962.98000001907	23.925728	398	0	0.069783	0.067158
-79960.99199986458	23.925728	400	0	0.068963	0.067158
-79958.98799991608	23.925728	400	0	0.069288	0.067158
-79956.98200011253	8.880272	398	0	0.070484	0.067158
-79955.13599991798	26.13352	398	0	0.069427	0.067158
-79952.9889998436	1.846672	394	0	0.072987	0.067158
-79950.99000000954	20.971072	406	0	0.073071	0.067158
-79948.99000000954	0.159224	406	0	0.069167	0.067158
-79946.97599983215	30.197968	390	0	0.068857	0.067158
-79944.98699998856	6.973824	388	0	0.071196	0.067158
-79942.98200011253	2.305472	394	0	0.073195	0.067158
-79940.98500013351	18.187056	394	0	0.071525	0.067158
-79938.9809999466	29.924144	404	0	0.069381	0.067158
-79936.97900009155	6.368384	548	0	0.072806	0.067158
-79934.97900009155	8.79844	388	0	0.069881	0.067158
-79932.98200011253	2.097344	390	0	0.069768	0.067158
-79931.12800002098	11.670216	398	0	0.070333	0.067158
-79928.99000000954	3.96948	388	0	0.07103	0.067158
-79926.98000001907	16.627776	388	0	0.069088	0.067158
-79924.9889998436	19.721464	388	0	0.069649	0.067158
-79922.98600006104	17.572848	532	0	0.07127	0.067158
-79920.98699998856	7.189576	396	0	0.069429	0.067158
-79918.99000000954	16.490056	412	0	0.070455	0.067158
-79916.99000000954	26.305952	412	0	0.070479	0.067158
-79914.98600006104	22.949256	408	0	0.070004	0.067158
-79912.97900009155	15.568584	408	0	0.069816	0.067158
-79910.98799991608	10.190072	386	0	0.071266	0.067158
-79908.98600006104	25.687336	392	0	0.068399	0.067158
-79907.14700007439	7.57668	394	0	0.070463	0.067158
-79904.97499990463	8.92136	392	0	0.071624	0.067158
-79902.98300004005	0.243888	400	0	0.072448	0.067158
-79900.98799991608	11.853648	400	0	0.069948	0.067158
-79898.97399997711	8.973672	394	0	0.06906	0.067158
-79896.97700023651	28.851712	394	0	0.068871	0.067158
-79894.98399996758	5.8108	388	0	0.070712	0.067158
-79892.99099993706	1.763608	404	0	0.071792	0.067158
-79890.97599983215	13.643664	416	0	0.069157	0.067158
-79888.98300004005	20.491224	416	0	0.070805	0.067158
-79886.98000001907	30.47208	384	0	0.070039	0.067158
-79884.98399996758	3.530272	396	0	0.069972	0.067158
-79882.98000001907	11.690176	410	0	0.06915	0.067158
-79880.98200011253	20.073336	398	0	0.0701	0.067158
-79878.9889998436	16.995368	394	0	0.070136	0.067158
-79876.98200011253	28.578616	430	0	0.069995	0.067158
-79874.97900009155	28.578616	430	0	0.083748	0.067158
-79872.99000000954	28.578616	430	0	0.071143	0.067158
-79870.97499990463	4.141104	400	0	0.071493	0.067158
-79868.98600006104	3.909056	402	0	0.071625	0.067158
-79866.97000002861	28.995248	408	0	0.068939	0.067158
-79864.99099993706	2.646816	408	0	0.070711	0.067158
-79862.98500013351	13.3604	390	0	0.070248	0.067158
-79860.98399996758	2.140712	410	0	0.072553	0.067158
-79858.99099993706	17.351872	398	0	0.069767	0.067158
-79856.98399996758	17.351872	398	0	0.069443	0.067158
-79854.97800016403	17.351872	398	0	0.070407	0.067158
-79852.98200011253	15.790504	394	0	0.069562	0.067158
-79850.99000000954	12.15296	426	0	0.070992	0.067158
-79848.98600006104	29.974624	422	0	0.069222	0.067158
-79846.97399997711	0.280128	394	0	0.071027	0.067158
-79844.99099993706	12.571576	390	0	0.06898	0.067158
-79842.9889998436	25.931272	386	0	0.069446	0.067158
-79840.97900009155	20.115136	402	0	0.070565	0.067158
-79838.98500013351	7.27948	400	0	0.069783	0.067169
-79836.9809999466	15.934512	390	0	0.06863	0.067169
-79834.98200011253	21.786072	394	0	0.070135	0.067169
-79832.9809999466	25.69364	394	0	0.069182	0.067169
-79830.98600006104	0.229072	430	0	0.073011	0.067169
-79828.97599983215	7.188504	416	0	0.069347	0.067169
-79826.98799991608	29.631568	4	0	0.072422	0.067169
-79824.98200011253	6.827688	396	0	0.068895	0.067169
-79822.99099993706	4.818712	396	0	0.07062	0.067169
-79820.9809999466	8.973032	388	0	0.069826	0.067169
-79818.98699998856	2.854968	390	0	0.069072	0.067169
-79816.99099993706	28.487408	386	0	0.068368	0.067169
-79814.97700023651	14.215216	386	0	0.069621	0.067169
-79812.99199986458	29.775512	386	0	0.068681	0.067169
-79810.97599983215	7.459776	392	0	0.069107	0.067169
-79808.98699998856	29.218904	392	0	0.068789	0.067169
-79806.98500013351	9.855728	402	0	0.069536	0.067169
-79804.98799991608	14.339792	402	0	0.068887	0.067169
-79802.97499990463	14.339792	402	0	0.069016	0.067169
-79800.9809999466	19.574424	406	0	0.070804	0.067169
-79798.97599983215	3.639792	394	0	0.074975	0.067169
-79796.98000001907	1.769456	396	0	0.074447	0.067169
-79794.97900009155	6.612312	426	0	0.07324	0.067169
-79792.98200011253	16.89008	396	0	0.06919	0.067169
-79790.97900009155	15.659896	420	0	0.070015	0.067169
-79788.98500013351	6.1678	392	0	0.073047	0.067169
-79786.98399996758	16.543616	408	0	0.069988	0.067169
-79784.98600006104	15.571776	402	0	0.074367	0.067169
-79782.97499990463	20.920768	390	0	0.069188	0.067169
-79780.98399996758	11.219656	416	0	0.069757	0.067169
-79778.97399997711	27.089048	396	0	0.07097	0.067169
-79776.99099993706	27.089048	398	0	0.069361	0.067169
-79774.97499990463	27.089048	398	0	0.068883	0.067169
-79772.98600006104	14.4442	530	0	0.070396	0.067169
-79770.98699998856	19.253568	530	0	0.069975	0.067169
-79768.98699998856	7.056544	394	0	0.069436	0.067169
-79766.98399996758	7.214984	396	0	0.070034	0.067169
-79764.97800016403	6.914032	396	0	0.068387	0.067169
-79762.98600006104	30.010968	388	0	0.06957	0.067169
-79760.9889998436	18.298288	392	0	0.069789	0.067169
-79758.97700023651	2.743816	390	0	0.070279	0.067169
-79756.97900009155	12.012976	382	0	0.069873	0.067169
-79754.97700023651	13.608272	406	0	0.068643	0.067169
-79752.98699998856	15.449312	404	0	0.069036	0.067169
-79750.97800016403	14.033936	384	0	0.070125	0.067169
-79748.99000000954	13.288	390	0	0.070411	0.067169
-79746.98399996758	0.908744	406	0	0.07121	0.067169
-79744.98300004005	20.31172	406	0	0.069632	0.067031
-79742.98399996758	7.34272	408	0	0.069321	0.067031
-79740.9889998436	2.78904	394	0	0.071933	0.067031
-79738.98399996758	13.348568	392	0	0.069716	0.067031
-79736.97599983215	1.150584	396	0	0.071342	0.067031
-79734.98600006104	5.02032	396	0	0.071277	0.067031
-79732.98699998856	30.058512	392	0	0.068787	0.067031
-79730.98600006104	16.556112	402	0	0.069261	0.067031
-79728.73299980164	25.529864	390	0	0.069254	0.067031
-79726.97700023651	30.256872	388	0	0.068345	0.067031
-79724.89199995995	29.99564	402	0	0.070013	0.067031
-79722.72799992561	3.490936	402	0	0.070445	0.067031
-79720.7380001545	24.874416	400	0	0.069162	0.067031
-79718.73399996758	7.261704	396	0	0.070297	0.067031
-79716.73700022697	11.241136	396	0	0.069914	0.067031
-79714.72900009155	18.008168	418	0	0.071777	0.067031
-79712.73900008202	23.38624	418	0	0.069169	0.067031
-79710.73399996758	24.468976	416	0	0.070862	0.067031
-79708.73599982262	17.106528	404	0	0.068607	0.067031
-79706.73299980164	3.333568	396	0	0.070563	0.067031
-79704.73299980164	28.861464	396	0	0.069434	0.067031
-79702.72300004959	22.092344	428	0	0.069027	0.067031
-79700.8860001564	29.789048	432	0	0.069852	0.067031
-79698.7309999466	20.870664	432	0	0.068737	0.067031
-79696.72499990463	27.930904	416	0	0.068332	0.067031
-79694.73700022697	7.188504	396	0	0.068956	0.067031
-79692.72600007057	20.950824	386	0	0.069082	0.067031
-79690.73900008202	17.906696	394	0	0.069065	0.067031
-79688.72699999809	6.00676	394	0	0.069253	0.067031
-79686.7349998951	16.382896	410	0	0.070405	0.067031
-79684.72600007057	21.263808	392	0	0.069322	0.067031
-79682.72900009155	25.559544	392	0	0.070194	0.067031
-79680.73900008202	7.214328	390	0	0.068764	0.067031
-79678.73000001907	8.122288	388	0	0.069537	0.067031
-79676.88499975204	8.122288	388	0	0.069415	0.067031
-79674.73299980164	9.330328	388	0	0.069266	0.067031
-79672.72699999809	30.460288	390	0	0.069334	0.067031
-79670.72799992561	23.299016	400	0	0.069421	0.067031
-79668.73399996758	23.76684	390	0	0.070145	0.067031
-79666.72699999809	7.208144	394	0	0.069269	0.067031
-79664.73199987411	1.898712	408	0	0.070241	0.067031
-79662.72900009155	22.23856	432	0	0.068762	0.067031
-79660.73000001907	29.626944	4	0	0.068774	0.067031
-79658.73000001907	24.576224	420	0	0.068592	0.067031
-79656.7349998951	7.222928	420	0	0.069714	0.067031
-79654.73299980164	27.788544	404	0	0.06931	0.067031
-79652.89299988747	7.199752	398	0	0.069375	0.067031
-79650.72699999809	2.057136	392	0	0.069943	0.067031
-79648.73900008202	30.11128	380	0	0.070783	0.067031
-79646.72600007057	24.905584	388	0	0.068968	0.067031
-79644.73900008202	26.887032	388	0	0.070028	0.067031
-79642.72499990463	26.705672	404	0	0.070128	0.067031
-79640.73299980164	2.086	402	0	0.074331	0.067031
-79638.72699999809	11.9578	402	0	0.069226	0.067031
-79636.72699999809	11.326344	394	0	0.071939	0.067031
-79634.72600007057	21.774136	408	0	0.069871	0.067031
-79632.73199987411	28.636424	406	0	0.069734	0.067031
-79630.7309999466	24.487432	406	0	0.068531	0.067031
-79628.73900008202	24.487432	384	0	0.068992	0.067031
-79626.7309999466	25.688368	400	0	0.069766	0.067031
-79624.73199987411	4.143872	414	0	0.071941	0.067031
-79622.72600007057	25.86028	406	0	0.070822	0.067031
-79620.73700022697	22.234136	402	0	0.068833	0.067031
-79618.72200012207	7.302568	408	0	0.069076	0.067031
-79616.72799992561	26.31512	400	0	0.070393	0.067031
-79614.7380001545	14.914944	384	0	0.070653	0.067031
-79612.7349998951	13.950952	412	0	0.069365	0.067031
-79610.7309999466	10.260096	412	0	0.068849	0.067031
-79608.73700022697	20.794656	432	0	0.069133	0.067031
-79606.73599982262	25.117976	412	0	0.07168	0.067031
-79604.73299980164	16.960224	410	0	0.069449	0.067031
-79602.73299980164	6.728536	408	0	0.072017	0.067031
-79600.72799992561	1.544024	390	0	0.070572	0.067031
-79598.73700022697	7.2254	392	0	0.069942	0.067031
-79596.7380001545	15.359816	390	0	0.069946	0.067031
-79594.7349998951	7.223496	394	0	0.069362	0.067031
-79592.73399996758	19.179736	394	0	0.069807	0.067031
-79590.73199987411	24.68308	404	0	0.069237	0.067031
-79588.72499990463	17.005256	404	0	0.06928	0.067031
-79586.73199987411	10.690416	4	0	0.071543	0.067031
-79584.7309999466	25.021552	382	0	0.069437	0.067031
-79582.7349998951	29.55028	382	0	0.069052	0.067031
-79580.72600007057	7.173384	382	0	0.070556	0.067031
-79578.72900009155	9.792304	406	0	0.071165	0.067031
-79576.7309999466	2.180728	406	0	0.070906	0.067031
-79574.7349998951	1.152016	383	0	0.071995	0.067031
-79572.73299980164	29.876	394	0	0.068741	0.067031
-79570.7309999466	12.67948	394	0	0.069706	0.067031
-79568.7349998951	25.82368	384	0	0.068922	0.067031
-79566.73000001907	17.503344	388	0	0.069749	0.067031
-79564.72600007057	29.212664	406	0	0.069016	0.067031
-79562.73700022697	10.551032	408	0	0.072295	0.067031
-79560.7309999466	30.24252	398	0	0.068621	0.067031
-79558.73700022697	29.55516	390	0	0.068961	0.067031
-79556.72799992561	14.919928	390	0	0.06922	0.067031
-79554.72699999809	2.405448	412	0	0.071861	0.067031
-79552.72900009155	25.509232	402	0	0.068808	0.067031
-79550.72300004959	30.014744	400	0	0.069588	0.067031
-79548.73299980164	14.311576	418	0	0.06889	0.067031
-79546.72499990463	7.269264	386	0	0.070887	0.067031
-79544.72600007057	25.93548	390	0	0.070389	0.067031
-79542.72300004959	25.93548	392	0	0.069046	0.067031
-79540.73599982262	25.93548	390	0	0.069787	0.067031
-79538.72699999809	11.205952	396	0	0.07101	0.067031
-79536.72699999809	7.17444	402	0	0.069372	0.067031
-79534.71800017357	23.187696	408	0	0.068483	0.067031
-79532.73700022697	7.243576	392	0	0.069017	0.067031
-79530.72699999809	26.04236	394	0	0.06884	0.067031
-79528.73399996758	4.07184	394	0	0.07151	0.067031
-79526.7309999466	28.989944	408	0	0.068958	0.067031
-79524.73700022697	0.140168	430	0	0.100126	0.067031
-79522.72399997711	7.222504	430	0	0.069193	0.067031
-79520.72600007057	28.906064	404	0	0.06909	0.067031
-79518.73000001907	0.14772	394	0	0.070277	0.067031
-79516.72799992561	28.72316	384	0	0.069341	0.067031
-79514.73399996758	14.155312	384	0	0.069575	0.067031
-79512.70799994469	7.197944	406	0	0.069767	0.067031
-79510.7349998951	20.834416	400	0	0.070612	0.067031
-79508.73700022697	7.20584	418	0	0.069261	0.067031
-79506.7009999752	30.381056	388	0	0.071969	0.067031
-79504.73399996758	1.079992	416	0	0.071086	0.067031
-79502.7349998951	7.173464	418	0	0.069462	0.067031
-79500.72300004959	4.45936	402	0	0.071144	0.067031
-79498.73399996758	11.632288	400	0	0.069495	0.067031
-79496.72100019455	1.475768	388	0	0.070763	0.067031
-79494.73000001907	10.33884	414	0	0.071225	0.067031
-79492.72799992561	1.47956	412	0	0.069113	0.067031
-79490.7349998951	25.071448	396	0	0.071279	0.067031
-79488.72600007057	17.030488	392	0	0.069502	0.067031
-79486.72200012207	10.532616	388	0	0.069323	0.067031
-79484.72399997711	10.163968	414	0	0.070775	0.067031
-79482.63800001144	23.796968	436	0	0.070979	0.067031
-79480.72600007057	5.195048	432	0	0.077634	0.067031
-79478.47699975967	6.997152	432	0	0.071197	0.067031
-79476.73000001907	28.453512	404	0	0.070392	0.067031
-79474.47000002861	7.169472	396	0	0.069976	0.067031
-79472.71699976921	8.955984	404	0	0.072101	0.067031
-79470.48799991608	15.235128	406	0	0.068745	0.067031
-79468.48200011253	18.015592	406	0	0.070359	0.067031
-79466.48100018501	29.34376	406	0	0.068983	0.067031
-79464.4849998951	7.17428	382	0	0.069224	0.067031
-79462.47399997711	25.98048	390	0	0.070771	0.067031
-79460.48600006104	29.106096	386	0	0.069036	0.067031
-79458.47300004959	3.07644	384	0	0.070598	0.067031
-79456.47599983215	0.454808	386	0	0.07018	0.067031
-79454.48300004005	22.081512	388	0	0.069281	0.067031
-79452.48300004005	5.18484	388	0	0.071757	0.067031
-79450.47599983215	8.923624	400	0	0.070688	0.067031
-79448.48399996758	12.334216	406	0	0.06913	0.067031
-79446.48100018501	3.735496	388	0	0.072622	0.067031
-79444.47599983215	13.46152	396	0	0.069615	0.0672
-79442.47300004959	25.216704	398	0	0.0708	0.0672
-79440.48300004005	19.035736	390	0	0.070024	0.0672
-79438.48200011253	6.37576	424	0	0.070562	0.0672
-79436.48000001907	28.928888	510	0	0.069369	0.0672
-79434.47699975967	6.786576	410	0	0.071185	0.0672
-79432.48699998856	21.062488	402	0	0.069023	0.0672
-79430.47099995613	18.091224	416	0	0.069459	0.0672
-79428.48600006104	19.427808	412	0	0.072032	0.0672
-79426.47900009155	16.128136	394	0	0.068941	0.0672
-79424.47099995613	0.752544	386	0	0.069773	0.0672
-79422.47300004959	7.348384	386	0	0.070941	0.0672
-79420.48200011253	9.257144	382	0	0.069532	0.0672
-79418.47599983215	28.64036	382	0	0.070556	0.0672
-79416.47399997711	7.205752	388	0	0.069964	0.0672
-79414.47699975967	26.54304	392	0	0.069858	0.0672
-79412.48399996758	26.085552	392	0	0.070087	0.0672
-79410.48699998856	9.887288	402	0	0.070228	0.0672
-79408.48000001907	9.887288	402	0	0.071051	0.0672
-79406.47399997711	29.790336	392	0	0.069135	0.0672
-79404.47800016403	17.21492	390	0	0.068931	0.0672
-79402.48399996758	10.058704	390	0	0.068822	0.0672
-79400.47900009155	30.068888	406	0	0.069031	0.0672
-79398.47300004959	30.068888	406	0	0.069073	0.0672
-79396.48200011253	21.449632	406	0	0.069879	0.0672
-79394.47199988365	12.493816	398	0	0.070644	0.0672
-79392.48000001907	18.61716	392	0	0.069108	0.0672
-79390.47599983215	18.579448	384	0	0.068517	0.0672
-79388.48399996758	7.23236	376	0	0.068575	0.0672
-79386.47699975967	2.410432	377	0	0.069495	0.0672
-79384.48200011253	29.036968	404	0	0.069576	0.0672
-79382.48300004005	29.888096	402	0	0.069936	0.0672
-79380.48399996758	16.775728	402	0	0.073251	0.0672
-79378.47199988365	16.310472	404	0	0.069061	0.0672
-79376.47099995613	0.145312	410	0	0.071368	0.0672
-79374.47399997711	11.121976	420	0	0.071662	0.0672
-79372.4849998951	1.501704	420	0	0.070033	0.0672
-79370.48200011253	9.706272	418	0	0.069583	0.0672
-79368.48300004005	7.163848	414	0	0.070357	0.0672
-79366.47699975967	27.302688	414	0	0.072545	0.0672
-79364.47300004959	25.932704	402	0	0.068979	0.0672
-79362.48200011253	25.893808	384	0	0.070456	0.0672
-79360.47699975967	13.809808	394	0	0.071	0.0672
-79358.48200011253	10.318888	404	0	0.069443	0.0672
-79356.48200011253	1.903152	418	0	0.075098	0.0672
-79354.47199988365	12.865792	422	0	0.069928	0.0672
-79352.48100018501	25.88248	430	0	0.068822	0.0672
-79350.47699975967	20.751048	392	0	0.070346	0.0672
-79348.47000002861	9.529952	422	0	0.072073	0.0672
-79346.48200011253	19.315512	4	0	0.069671	0.0672
-79344.48100018501	7.28336	406	0	0.069325	0.0672
-79342.48200011253	18.941056	398	0	0.071471	0.0672
-79340.47399997711	9.890128	420	0	0.069574	0.0672
-79338.47800016403	12.504064	420	0	0.068644	0.0672
-79336.47199988365	26.882336	402	0	0.069886	0.0672
-79334.47399997711	8.252392	396	0	0.070949	0.0672
-79332.4849998951	25.726136	420	0	0.069256	0.0672
-79330.47399997711	12.381256	424	0	0.070377	0.0672
-79328.47099995613	12.381256	420	0	0.069131	0.0672
-79326.48100018501	12.381256	420	0	0.070908	0.0672
-79324.47599983215	28.921056	426	0	0.069191	0.0672
-79322.48000001907	29.819688	428	0	0.068535	0.0672
-79320.47000002861	29.819688	428	0	0.071397	0.0672
-79318.47099995613	23.634768	408	0	0.06895	0.0672
-79316.47599983215	13.36016	428	0	0.070806	0.0672
-79314.47599983215	2.138264	410	0	0.073771	0.0672
-79312.47499990463	26.856472	394	0	0.068487	0.0672
-79310.48100018501	26.856472	390	0	0.070119	0.0672
-79308.47699975967	26.856472	390	0	0.068915	0.0672
-79306.47300004959	25.508808	390	0	0.07007	0.0672
-79304.47800016403	25.508808	390	0	0.069945	0.0672
-79302.48000001907	1.044984	396	0	0.071098	0.0672
-79300.47099995613	27.41932	398	0	0.072187	0.0672
-79298.48100018501	8.914608	412	0	0.071072	0.0672
-79296.47399997711	7.260472	412	0	0.070947	0.0672
-79294.48200011253	19.750544	390	0	0.068659	0.0672
-79292.47800016403	13.9482	392	0	0.069366	0.0672
-79290.47300004959	4.43468	392	0	0.070644	0.0672
-79288.47199988365	29.422344	4	0	0.071217	0.0672
-79286.48100018501	18.919584	424	0	0.068995	0.0672
-79284.47900009155	17.374608	424	0	0.069163	0.0672
-79282.48000001907	23.549	420	0	0.069657	0.0672
-79280.47499990463	20.155832	382	0	0.069697	0.0672
-79278.47599983215	20.155832	382	0	0.069808	0.0672
-79276.48100018501	20.155832	382	0	0.068557	0.0672
-79274.38700008392	20.155832	380	0	0.069118	0.0672
-79272.47699975967	25.347408	408	0	0.070944	0.0672
-79270.46899986267	4.120872	464	0	0.113247	0.067225
-79268.47199988365	23.28928	490	0	0.069215	0.067225
-79266.47199988365	23.28928	490	0	0.069244	0.067225
-79264.47499990463	6.100608	406	0	0.073736	0.067225
-79262.47300004959	21.709728	394	0	0.06897	0.067225
-79260.47099995613	5.71228	394	0	0.072142	0.067225
-79258.47199988365	29.924576	392	0	0.069459	0.067225
-79256.47699975967	24.46424	406	0	0.068582	0.067225
-79254.46899986267	24.46424	406	0	0.068923	0.067225
-79252.47199988365	19.373048	404	0	0.069921	0.067225
-79250.47800016403	14.482008	398	0	0.07025	0.067225
-79248.48100018501	11.427592	396	0	0.069459	0.067225
-79246.47599983215	12.770232	394	0	0.06869	0.067225
-79244.48300004005	28.637184	396	0	0.070517	0.067225
-79242.47599983215	22.194584	376	0	0.072714	0.067225
-79240.47900009155	15.749616	398	0	0.071014	0.067225
-79238.46899986267	1.282032	394	0	0.069802	0.067225
-79236.47099995613	20.680096	388	0	0.069542	0.067225
-79234.48100018501	21.041144	412	0	0.069067	0.067225
-79232.47300004959	28.206848	398	0	0.069672	0.067225
-79230.47199988365	29.28744	400	0	0.06927	0.067225
-79228.47000002861	17.05824	392	0	0.068484	0.067225
-79226.46899986267	28.441032	4	0	0.070002	0.067225
-79224.47000002861	7.235344	388	0	0.06879	0.067225
-79222.22399997711	14.989064	402	0	0.069697	0.067225
-79220.22300004959	7.27808	402	0	0.069772	0.067225
-79218.22600007057	4.827344	402	0	0.070033	0.067225
-79216.22000002861	27.01188	402	0	0.070287	0.067225
-79214.21900010109	7.046856	392	0	0.068698	0.067225
-79212.22300004959	14.533064	392	0	0.069978	0.067225
-79210.23300004005	29.377416	386	0	0.069395	0.067225
-79208.2309999466	15.336296	382	0	0.06962	0.067225
-79206.37299990654	13.28976	384	0	0.069143	0.067225
-79204.23300004005	3.687688	384	0	0.070522	0.067225
-79202.23399996758	30.080008	400	0	0.069622	0.067225
-79200.22699999809	7.11504	400	0	0.069935	0.067225
-79198.22600007057	6.740616	4	0	0.070649	0.067225
-79196.23199987411	26.201	394	0	0.069862	0.067225
-79194.21900010109	26.28568	400	0	0.069036	0.067225
-79192.21700000763	14.12796	394	0	0.070057	0.067225
-79190.22300004959	11.616104	388	0	0.068941	0.067225
-79188.22399997711	21.37516	390	0	0.070425	0.066991
-79186.22300004959	12.067864	396	0	0.069488	0.066991
-79184.22200012207	29.8782	396	0	0.068645	0.066991
-79182.31999993324	29.98216	404	0	0.06943	0.066991
-79180.22699999809	0.707712	404	0	0.070752	0.066991
-79178.21900010109	1.865808	396	0	0.070331	0.066991
-79176.23199987411	7.22408	380	0	0.069116	0.066991
-79174.22200012207	14.924568	390	0	0.06987	0.066991
-79172.22600007057	7.237336	390	0	0.070124	0.066991
-79170.22099995613	22.224736	388	0	0.069697	0.066991
-79168.22899985313	7.902568	388	0	0.070338	0.066991
-79166.22099995613	8.138792	392	0	0.068804	0.066991
-79164.21900010109	23.203096	406	0	0.071058	0.066991
-79162.2309999466	7.213912	396	0	0.06968	0.066991
-79160.22000002861	29.681704	390	0	0.068877	0.066991
-79158.38800001144	7.199424	494	0	0.080094	0.066991
-79156.23300004005	2.699296	496	0	0.070711	0.066991
-79154.22300004959	16.377088	386	0	0.071053	0.066991
-79152.22699999809	19.25496	384	0	0.068407	0.066991
-79150.23199987411	29.302552	392	0	0.069449	0.066991
-79148.23199987411	24.044048	394	0	0.069662	0.066991
-79146.22699999809	21.647928	392	0	0.069771	0.066991
-79144.23000001907	28.856488	402	0	0.069043	0.066991
-79142.2309999466	28.49512	398	0	0.068648	0.066991
-79140.22200012207	21.200016	400	0	0.069886	0.066991
-79138.23300004005	18.538968	418	0	0.06974	0.066991
-79136.22899985313	29.782536	4	0	0.071102	0.066991
-79134.23399996758	26.613256	390	0	0.068998	0.066991
-79132.22899985313	12.228408	388	0	0.068708	0.066991
-79130.22500014305	26.293216	386	0	0.069521	0.066991
-79128.22300004959	21.9104	388	0	0.069083	0.066991
-79126.22600007057	21.9104	386	0	0.068754	0.066991
-79124.17700004578	28.924208	404	0	0.069096	0.066991
-79122.23199987411	29.734712	424	0	0.068674	0.066991
-79120.22899985313	6.278232	380	0	0.070515	0.066991
-79118.22500014305	0.483592	392	0	0.069741	0.066991
-79116.21700000763	2.830256	386	0	0.068847	0.066991
-79114.21700000763	29.844088	390	0	0.068989	0.066991
-79112.22600007057	24.109376	398	0	0.069833	0.066991
-79110.2309999466	25.370496	396	0	0.069951	0.066991
-79108.22799992561	14.975	406	0	0.069645	0.066991
-79106.22099995613	2.640712	406	0	0.072445	0.066991
-79104.22600007057	30.328808	384	0	0.069394	0.066991
-79102.22200012207	30.328808	382	0	0.069642	0.066991
-79100.22799992561	7.198432	388	0	0.069216	0.066991
-79098.21900010109	10.37228	388	0	0.071333	0.066991
-79096.22600007057	4.698688	394	0	0.071728	0.066991
-79094.22099995613	11.418672	440	0	0.069737	0.066991
-79092.22699999809	6.3904	388	0	0.071778	0.066991
-79090.22600007057	22.393776	406	0	0.068846	0.066991
-79088.22899985313	29.791216	428	0	0.068794	0.066991
-79086.22300004959	26.087304	418	0	0.071137	0.066991
-79084.23000001907	23.83156	416	0	0.06876	0.066991
-79082.22899985313	1.506336	414	0	0.071341	0.066991
-79080.22000002861	8.350728	402	0	0.069648	0.066991
-79078.22500014305	5.003208	392	0	0.070145	0.066991
-79076.21800017357	15.616712	402	0	0.068858	0.066991
-79074.23000001907	17.005168	402	0	0.069304	0.066991
-79072.23399996758	20.87668	394	0	0.069045	0.066991
-79070.22899985313	3.799968	394	0	0.069366	0.066991
-79068.21900010109	26.07076	394	0	0.07048	0.066991
-79066.21900010109	26.07076	388	0	0.069987	0.066991
-79064.22000002861	22.96232	398	0	0.068882	0.066991
-79062.22399997711	17.260056	398	0	0.069405	0.066991
-79060.22300004959	29.503464	402	0	0.069354	0.066991
-79058.22899985313	23.85764	402	0	0.069832	0.066991
-79056.22200012207	7.204928	384	0	0.069579	0.066991
-79054.22600007057	11.222424	384	0	0.068701	0.066991
-79052.22200012207	28.75176	382	0	0.068958	0.066991
-79050.22899985313	28.75176	382	0	0.069071	0.066991
-79048.22300004959	13.238584	388	0	0.070534	0.066991
-79046.22399997711	29.731928	392	0	0.069975	0.066991
-79044.22699999809	1.030344	392	0	0.07014	0.066991
-79042.2309999466	29.680392	382	0	0.068041	0.066991
-79040.22899985313	29.680392	382	0	0.069335	0.066991
-79038.22899985313	7.20016	406	0	0.070016	0.066991
-79036.22699999809	14.677488	406	0	0.069196	0.066991
-79034.21599984169	14.677488	406	0	0.068857	0.066991
-79032.22000002861	29.239608	388	0	0.06921	0.066991
-79030.22000002861	22.908248	392	0	0.070453	0.066991
-79028.22799992561	22.908248	392	0	0.069375	0.066991
-79026.22200012207	2.875576	382	0	0.069794	0.066991
-79024.22300004959	19.49632	384	0	0.069578	0.066991
-79022.23000001907	26.977888	382	0	0.069697	0.066991
-79020.21800017357	26.977888	382	0	0.069448	0.066991
-79018.22600007057	24.595816	394	0	0.069252	0.066991
-79016.22399997711	29.808304	390	0	0.068953	0.066991
-79014.22899985313	29.808304	390	0	0.071108	0.066991
-79012.22099995613	29.808304	390	0	0.06951	0.066991
-79010.22799992561	29.808304	390	0	0.069275	0.066991
-79008.21800017357	29.808304	384	0	0.069095	0.066991
-79006.22899985313	7.78384	382	0	0.069045	0.066991
-79004.22600007057	12.761672	382	0	0.069838	0.066991
-79002.21900010109	13.021496	394	0	0.070752	0.066991
-79000.22200012207	0.635176	402	0	0.071559	0.066991
-78998.22699999809	9.732016	394	0	0.070333	0.066991
-78996.23000001907	29.628616	394	0	0.068681	0.066991
-78994.22000002861	30.131008	412	0	0.071162	0.066991
-78992.22899985313	28.758408	404	0	0.070936	0.066991
-78990.21900010109	7.140656	410	0	0.069478	0.066991
-78988.21900010109	3.261072	398	0	0.070484	0.066991
-78986.22399997711	3.7884	410	0	0.072288	0.066991
-78984.22300004959	0.156488	444	0	0.070903	0.066991
-78982.22500014305	14.462896	406	0	0.071348	0.066991
-78980.21599984169	18.19384	404	0	0.069566	0.066991
-78977.98200011253	8.43004	396	0	0.072352	0.066991
-78976.12700009346	13.695152	396	0	0.071197	0.066991
-78973.96600008011	14.709256	396	0	0.068451	0.066991
-78972.21800017357	4.722104	388	0	0.070734	0.066991
-78969.97700023651	12.462216	408	0	0.069066	0.066991
-78967.97700023651	1.858768	394	0	0.071276	0.066991
-78965.9809999466	29.920544	390	0	0.071398	0.066991
-78963.97299981117	23.21676	392	0	0.071348	0.066991
-78961.96900010109	7.95704	390	0	0.071481	0.066991
-78959.97800016403	30.572352	386	0	0.069011	0.066991
-78957.97499990463	5.401256	384	0	0.069685	0.066991
-78955.98000001907	8.534504	392	0	0.069673	0.066991
-78953.97099995613	8.188968	388	0	0.070052	0.066991
-78952.13400006294	26.341032	392	0	0.070235	0.066991
-78949.96700000763	3.01176	394	0	0.071476	0.066991
-78947.97299981117	19.551216	394	0	0.069046	0.066991
-78945.96700000763	22.88368	388	0	0.071136	0.066991
-78943.97499990463	29.445936	392	0	0.068431	0.066991
-78941.96700000763	29.722664	388	0	0.071112	0.066991
-78939.96900010109	27.530936	406	0	0.06914	0.066991
-78937.96900010109	11.886432	406	0	0.069882	0.066991
-78935.97900009155	16.575688	390	0	0.068799	0.066991
-78933.97000002861	17.497384	400	0	0.069079	0.066991
-78931.96900010109	7.178608	398	0	0.070177	0.066991
-78929.96799993515	6.647104	400	0	0.071151	0.066991
-78928.13400006294	12.735824	402	0	0.069425	0.066991
-78925.96600008011	30.237184	4	0	0.071651	0.066991
-78923.97800016403	27.518888	410	0	0.070513	0.066991
-78921.97800016403	21.396872	414	0	0.069004	0.066991
-78919.97499990463	11.700616	402	0	0.070109	0.066991
-78917.96600008011	19.842792	394	0	0.070528	0.066991
-78915.97000002861	14.430856	388	0	0.068756	0.066991
-78913.97900009155	23.925728	390	0	0.068641	0.066991
-78911.97000002861	15.236608	392	0	0.069011	0.066991
-78909.97800016403	14.797184	394	0	0.071717	0.066991
-78907.96600008011	7.217648	382	0	0.070006	0.066879
-78905.97000002861	18.882984	422	0	0.072342	0.066879
-78904.12900018692	7.181792	420	0	0.069799	0.066879
-78901.97399997711	29.478688	406	0	0.068561	0.066879
-78899.96700000763	21.557384	394	0	0.068948	0.066879
-78897.98000001907	0.728384	412	0	0.077921	0.066879
-78895.97700023651	27.792376	408	0	0.068572	0.066879
-78893.96700000763	7.202792	394	0	0.071236	0.066879
-78891.97499990463	23.63448	392	0	0.071461	0.066879
-78889.97499990463	28.618728	396	0	0.071555	0.066879
-78887.96799993515	9.505256	402	0	0.069619	0.066879
-78885.96600008011	0.119584	416	0	0.073005	0.066879
-78883.9809999466	7.189328	394	0	0.069797	0.066879
-78881.97399997711	7.022016	402	0	0.071627	0.066879
-78879.96900010109	18.990704	400	0	0.069632	0.066879
-78877.97800016403	3.367248	416	0	0.071569	0.066879
-78875.96499991417	26.154064	396	0	0.071341	0.066879
-78873.97399997711	25.966072	418	0	0.070341	0.066879
-78871.97499990463	26.264048	418	0	0.068711	0.066879
-78869.97000002861	22.997856	392	0	0.07113	0.066879
-78867.97700023651	24.387296	398	0	0.07069	0.066879
-78865.9809999466	5.602056	410	0	0.070705	0.066879
-78863.97099995613	13.986672	398	0	0.070942	0.066879
-78861.97299981117	6.299472	414	0	0.071786	0.066879
-78859.96900010109	27.61148	414	0	0.069853	0.066879
-78857.97199988365	18.723744	400	0	0.072038	0.066879
-78855.97700023651	29.765368	390	0	0.070322	0.066879
-78853.97700023651	5.796184	422	0	0.068494	0.066879
-78851.97000002861	9.091456	398	0	0.069563	0.066879
-78849.97299981117	27.136912	418	0	0.07048	0.066879
-78847.96900010109	3.369088	410	0	0.071881	0.066879
-78845.97900009155	23.212192	400	0	0.06938	0.066879
-78843.97399997711	26.006592	426	0	0.069297	0.066879
-78841.97800016403	15.136136	398	0	0.069482	0.066879
-78839.97900009155	3.179136	396	0	0.069958	0.066879
-78837.43099999428	19.349696	396	0	0.070261	0.066879
-78835.96799993515	18.175416	394	0	0.069367	0.066879
-78833.97299981117	17.666168	394	0	0.070033	0.066879
-78831.96799993515	7.011264	388	0	0.071835	0.066879
-78829.96799993515	0.98404	388	0	0.071332	0.066879
-78827.97599983215	17.74536	386	0	0.069178	0.066879
-78825.97599983215	17.28136	390	0	0.069898	0.066879
-78823.96900010109	29.027112	404	0	0.068941	0.066879
-78821.97399997711	12.428608	404	0	0.068711	0.066879
-78819.96799993515	15.020336	416	0	0.070159	0.066879
-78817.96900010109	19.371512	406	0	0.071593	0.066879
-78815.97000002861	7.540664	406	0	0.069764	0.066879
-78813.96700000763	6.846872	408	0	0.071858	0.066879
-78811.97900009155	11.907768	384	0	0.070408	0.066879
-78809.97700023651	13.776344	396	0	0.0707	0.066879
-78807.97700023651	7.203448	416	0	0.069581	0.066879
-78805.94099998474	20.603296	420	0	0.071165	0.066879
-78803.96399998665	13.049312	398	0	0.07081	0.066879
-78801.97499990463	26.548856	400	0	0.068508	0.066879
-78799.97599983215	26.548856	400	0	0.068852	0.066879
-78797.96799993515	26.548856	400	0	0.069781	0.066879
-78795.97900009155	11.153416	396	0	0.070971	0.066879
-78793.97000002861	1.876696	398	0	0.07244	0.066879
-78791.97399997711	29.988664	402	0	0.068521	0.066879
-78789.97399997711	23.711832	406	0	0.070908	0.066879
-78787.97000002861	7.217632	390	0	0.06956	0.066879
-78785.96600008011	29.310736	484	0	0.068981	0.066879
-78783.96900010109	15.957192	386	0	0.069946	0.066879
-78781.98000001907	13.182056	398	0	0.07055	0.066879
-78779.97000002861	4.997192	388	0	0.069936	0.066879
-78777.97599983215	11.033264	388	0	0.069156	0.066879
-78775.97599983215	28.596344	386	0	0.068683	0.066879
-78773.96799993515	29.777352	424	0	0.069463	0.066879
-78771.97199988365	4.807744	390	0	0.070685	0.066879
-78769.97099995613	29.459048	406	0	0.068685	0.066879
-78767.96700000763	4.16892	402	0	0.069236	0.066879
-78765.97299981117	15.154232	402	0	0.068156	0.066879
-78763.97000002861	15.154232	390	0	0.068933	0.066879
-78761.96900010109	21.574424	416	0	0.070249	0.066879
-78759.96799993515	7.201064	416	0	0.069828	0.066879
-78757.97499990463	15.072512	394	0	0.070229	0.066879
-78755.97299981117	0.40548	392	0	0.071546	0.066879
-78753.97000002861	10.16664	398	0	0.06945	0.066879
-78751.97900009155	3.370928	398	0	0.070833	0.066879
-78749.97700023651	7.095744	398	0	0.06895	0.066879
-78747.96499991417	27.747504	406	0	0.068821	0.066879
-78745.97599983215	11.972704	390	0	0.071745	0.066879
-78743.96700000763	21.45996	410	0	0.069736	0.066879
-78741.97800016403	18.42088	428	0	0.068987	0.066879
-78739.96499991417	7.154096	400	0	0.069814	0.066879
-78737.97000002861	11.914216	388	0	0.070409	0.066879
-78735.96499991417	11.914216	388	0	0.069337	0.066879
-78733.97399997711	28.723224	394	0	0.068632	0.066879
-78731.96600008011	23.536352	422	0	0.069039	0.066879
-78729.72600007057	30.043296	424	0	0.069214	0.066879
-78727.72399997711	10.062608	426	0	0.070119	0.066879
-78725.96499991417	7.323632	392	0	0.069161	0.066879
-78723.95799994469	10.104976	386	0	0.072294	0.066879
-78721.72000002861	7.817216	386	0	0.069867	0.066879
-78719.71800017357	26.979152	390	0	0.069219	0.066879
-78717.72900009155	28.215016	390	0	0.069819	0.066879
-78715.72900009155	7.231944	396	0	0.068611	0.066879
-78713.72499990463	0.974872	398	0	0.073731	0.066879
-78711.72000002861	7.207072	398	0	0.070722	0.066879
-78709.72900009155	26.502592	402	0	0.068477	0.066879
-78707.71499991417	26.502592	402	0	0.069707	0.066879
-78705.72699999809	6.920112	402	0	0.071218	0.066879
-78703.72600007057	26.548304	404	0	0.069642	0.066879
-78701.71499991417	18.819448	396	0	0.071286	0.066879
-78699.71199989319	9.997376	400	0	0.068452	0.066879
-78697.72799992561	21.806992	414	0	0.070679	0.066879
-78695.71900010109	29.059376	400	0	0.06919	0.066879
-78693.72000002861	2.655232	430	0	0.071341	0.066879
-78691.71800017357	29.554904	410	0	0.069547	0.066879
-78689.72399997711	2.824232	394	0	0.072392	0.066879
-78687.71599984169	26.458592	406	0	0.06925	0.066879
-78685.72100019455	26.458592	406	0	0.06865	0.066879
-78683.71399998665	9.205408	416	0	0.075083	0.066879
-78681.72100019455	14.317736	418	0	0.069463	0.066879
-78679.71599984169	7.43516	396	0	0.06838	0.066879
-78677.72100019455	10.100784	400	0	0.068953	0.066879
-78675.71599984169	25.634976	426	0	0.069587	0.066879
-78673.71900010109	25.5	388	0	0.068574	0.066879
-78671.72399997711	8.83712	392	0	0.069609	0.066879
-78669.71800017357	1.777728	430	0	0.070664	0.066879
-78667.71499991417	8.412568	524	0	0.076925	0.066879
-78665.72000002861	16.32744	388	0	0.07128	0.066879
-78663.72799992561	26.164336	404	0	0.069303	0.066879
-78661.72900009155	10.42228	410	0	0.070669	0.066879
-78659.72699999809	21.520696	410	0	0.070518	0.066879
-78657.72200012207	26.114024	406	0	0.069654	0.066879
-78655.71699976921	2.414096	396	0	0.070639	0.066879
-78653.72300004959	18.25052	390	0	0.06886	0.066879
-78651.72799992561	15.045872	388	0	0.07069	0.066879
-78649.71800017357	16.632672	390	0	0.070936	0.066879
-78647.72699999809	15.951168	386	0	0.069217	0.066879
-78645.71499991417	3.984568	386	0	0.069911	0.066879
-78643.71900010109	24.019928	398	0	0.068942	0.066879
-78641.71599984169	14.94328	398	0	0.068583	0.066879
-78639.72200012207	7.1682	384	0	0.06941	0.066879
-78637.71699976921	5.420856	382	0	0.070068	0.066879
-78635.71699976921	2.219688	398	0	0.072791	0.066879
-78633.72399997711	9.998736	386	0	0.069248	0.066879
-78631.71699976921	12.682048	388	0	0.068667	0.066879
-78629.72300004959	7.264912	388	0	0.069264	0.066879
-78627.72499990463	22.551224	388	0	0.069373	0.066879
-78625.71699976921	14.069184	388	0	0.070125	0.066879
-78623.72300004959	21.385008	402	0	0.069471	0.066879
-78621.72200012207	0.875048	402	0	0.070405	0.066879
-78619.72399997711	13.250048	396	0	0.070726	0.066879
-78617.72799992561	27.793376	396	0	0.068816	0.066879
-78615.72100019455	21.567528	396	0	0.070093	0.066879
-78613.71900010109	19.629968	4	0	0.06898	0.066879
-78611.72300004959	29.559232	386	0	0.069141	0.066879
-78609.72100019455	22.114384	402	0	0.069191	0.066879
-78607.72600007057	30.129984	400	0	0.068795	0.067009
-78605.72000002861	26.357672	400	0	0.069548	0.067009
-78603.72399997711	17.430832	394	0	0.071187	0.067009
-78601.71499991417	20.972232	394	0	0.069049	0.067009
-78599.72100019455	25.344176	410	0	0.069111	0.067009
-78597.72200012207	20.278024	410	0	0.069987	0.067009
-78595.72499990463	14.557656	384	0	0.069269	0.067009
-78593.72399997711	9.534688	384	0	0.069425	0.067009
-78591.71399998665	27.860488	408	0	0.069081	0.067009
-78589.71599984169	27.094656	408	0	0.071396	0.067009
-78587.72100019455	30.216408	4	0	0.069626	0.067009
-78585.72799992561	20.587264	384	0	0.069119	0.067009
-78583.72300004959	4.703368	412	0	0.071511	0.067009
-78581.71399998665	28.28684	394	0	0.072054	0.067009
-78579.71499991417	18.063768	390	0	0.068668	0.067009
-78577.72699999809	27.531424	400	0	0.069926	0.067009
-78575.72100019455	27.499576	412	0	0.069168	0.067009
-78573.72300004959	24.552768	420	0	0.07049	0.067009
-78571.72200012207	22.764424	392	0	0.068726	0.066959
-78569.72100019455	29.536664	408	0	0.068638	0.066959
-78567.71699976921	11.789552	438	0	0.072212	0.066959
-78565.71300005913	25.611536	392	0	0.070304	0.066959
-78563.72600007057	22.605504	394	0	0.069923	0.066959
-78561.72600007057	27.338936	394	0	0.070368	0.066959
-78559.72000002861	25.080168	394	0	0.070798	0.066959
-78557.72799992561	25.080168	420	0	0.091316	0.066959
-78555.71699976921	25.080168	420	0	0.068602	0.066959
-78553.72600007057	5.993	410	0	0.072321	0.066959
-78551.71599984169	11.401936	400	0	0.073611	0.066959
-78549.71699976921	11.375416	420	0	0.073882	0.066959
-78547.71300005913	29.46276	394	0	0.069512	0.066959
-78545.72200012207	17.09732	394	0	0.069778	0.066959
-78543.71599984169	7.23004	392	0	0.069028	0.066959
-78541.72399997711	29.53244	4	0	0.069673	0.066959
-78539.72000002861	24.635112	396	0	0.070575	0.066959
-78537.71800017357	29.67232	430	0	0.068479	0.066959
-78535.72399997711	1.188648	414	0	0.06963	0.066959
-78533.71900010109	24.020192	392	0	0.069814	0.066959
-78531.71900010109	26.694824	404	0	0.068696	0.066959
-78529.71599984169	28.872344	386	0	0.072944	0.066959
-78527.72300004959	4.938128	388	0	0.070535	0.066959
-78525.70899987221	2.03684	396	0	0.071906	0.066959
-78523.71800017357	7.202048	402	0	0.069044	0.066959
-78521.71800017357	14.085304	390	0	0.070732	0.066959
-78519.72200012207	29.134696	386	0	0.070891	0.066959
-78517.72499990463	11.874216	388	0	0.070477	0.066959
-78515.71499991417	5.730104	394	0	0.071165	0.066959
-78513.72600007057	19.643056	390	0	0.070092	0.066959
-78511.72200012207	28.254304	404	0	0.069056	0.066959
-78509.72600007057	1.12792	406	0	0.159651	0.066959
-78507.71699976921	18.279256	404	0	0.069968	0.066959
-78505.72399997711	13.584864	402	0	0.071135	0.066959
-78503.72600007057	29.333552	382	0	0.070991	0.066959
-78501.71699976921	11.168448	388	0	0.06863	0.066959
-78499.71399998665	7.215072	388	0	0.069231	0.066959
-78497.71399998665	11.256016	390	0	0.070194	0.066959
-78495.72000002861	7.232528	410	0	0.068923	0.066959
-78493.71300005913	4.040024	410	0	0.070426	0.066959
-78491.72699999809	15.961728	406	0	0.072162	0.066959
-78489.71499991417	10.166208	526	0	0.071752	0.066959
-78487.72100019455	3.200336	528	0	0.07064	0.066959
-78485.71800017357	7.316624	390	0	0.070519	0.066959
-78483.72200012207	6.523992	398	0	0.071378	0.066959
-78481.71599984169	3.03196	420	0	0.071586	0.066959
-78479.71300005913	2.720424	420	0	0.069974	0.066959
-78477.46899986267	2.172008	394	0	0.071078	0.066959
-78475.71000003815	21.129304	390	0	0.069565	0.066959
-78473.46799993515	5.067064	382	0	0.070749	0.066959
-78471.47599983215	29.842632	402	0	0.069233	0.066959
-78469.46600008011	11.291824	392	0	0.070239	0.066959
-78467.46600008011	3.893008	392	0	0.070749	0.066959
-78465.47199988365	8.67372	398	0	0.069054	0.066959
-78463.46899986267	28.882048	398	0	0.069576	0.066959
-78461.46799993515	26.627664	392	0	0.070214	0.066959
-78459.46099996567	29.600176	4	0	0.070592	0.066959
-78457.62700009346	29.600176	384	0	0.068747	0.066959
-78455.46399998665	29.600176	384	0	0.06949	0.066959
-78453.47300004959	29.600176	382	0	0.068709	0.066959
-78451.46799993515	7.221432	384	0	0.069503	0.066959
-78449.46399998665	27.712536	394	0	0.06911	0.066959
-78447.46899986267	29.919408	396	0	0.070923	0.066959
-78445.46700000763	1.313144	394	0	0.070198	0.066959
-78443.47399997711	0.136056	390	0	0.070657	0.066959
-78441.45900011063	11.30544	402	0	0.069906	0.066959
-78439.47599983215	20.618208	398	0	0.070598	0.066959
-78437.47599983215	25.048544	404	0	0.071473	0.066959
-78435.47000002861	12.31472	436	0	0.069199	0.066959
-78433.63000011444	7.144456	416	0	0.069836	0.066959
-78431.46300005913	12.935584	388	0	0.0709	0.066959
-78429.47300004959	1.762216	406	0	0.07083	0.066959
-78427.45900011063	30.392208	406	0	0.069922	0.066959
-78425.46000003815	28.233256	404	0	0.068504	0.066959
-78423.47300004959	21.036032	392	0	0.068726	0.066959
-78421.46500015259	4.630096	410	0	0.070251	0.066959
-78419.46799993515	28.84728	410	0	0.069151	0.066959
-78417.46500015259	29.118264	410	0	0.068509	0.066959
-78415.46700000763	0.912352	396	0	0.07109	0.066959
-78413.47199988365	7.23576	384	0	0.069201	0.066959
-78411.47000002861	4.108744	392	0	0.070361	0.066959
-78409.62399983406	28.068936	392	0	0.0689	0.066959
-78407.4620001316	28.9134	392	0	0.068915	0.066959
-78405.47300004959	1.694144	390	0	0.071797	0.066959
-78403.47000002861	25.83852	414	0	0.069907	0.066959
-78401.46799993515	28.504768	416	0	0.068927	0.066959
-78398.92499995232	7.228048	394	0	0.069567	0.066959
-78397.46399998665	17.557048	406	0	0.070517	0.066959
-78395.46899986267	4.175344	402	0	0.069524	0.066959
-78393.46799993515	29.7154	402	0	0.069514	0.066959
-78391.47300004959	28.486992	390	0	0.068868	0.066959
-78389.47000002861	7.313208	388	0	0.068624	0.066959
-78387.47000002861	29.6146	376	0	0.068308	0.066959
-78385.47199988365	7.301576	382	0	0.068772	0.066959
-78383.47399997711	29.78652	416	0	0.068691	0.066959
-78381.46700000763	0.903032	414	0	0.070335	0.066959
-78379.47000002861	7.20276	414	0	0.069824	0.066959
-78377.47399997711	1.624312	388	0	0.070049	0.066959
-78375.47399997711	28.179528	382	0	0.069125	0.066959
-78373.46600008011	20.079544	380	0	0.068931	0.066959
-78371.46500015259	28.734944	380	0	0.068859	0.066959
-78369.47000002861	2.970496	382	0	0.070938	0.066959
-78367.47699975967	21.698632	544	0	0.070731	0.066959
-78365.46500015259	18.182608	546	0	0.069183	0.066959
-78363.46799993515	17.537304	382	0	0.069558	0.066959
-78361.4620001316	8.92284	398	0	0.069082	0.066959
-78359.47099995613	2.350408	398	0	0.069301	0.066959
-78357.47300004959	3.887224	408	0	0.070999	0.066959
-78355.46500015259	7.214328	408	0	0.069939	0.066959
-78353.46300005913	0.253408	384	0	0.07178	0.066959
-78351.46000003815	12.309128	406	0	0.071083	0.066959
-78349.47000002861	25.796584	406	0	0.0692	0.066959
-78347.4620001316	24.884888	406	0	0.071348	0.066959
-78345.46300005913	4.794152	402	0	0.07077	0.066959
-78343.46399998665	14.5072	402	0	0.07018	0.066959
-78341.46099996567	29.511648	394	0	0.070231	0.066959
-78339.47099995613	3.488328	430	0	0.071167	0.066959
-78337.46799993515	26.362656	428	0	0.069243	0.066959
-78335.47000002861	20.15868	394	0	0.069971	0.066959
-78333.46799993515	2.378736	394	0	0.07196	0.066959
-78331.47199988365	13.596256	408	0	0.069414	0.066959
-78329.46700000763	15.769368	390	0	0.070063	0.066959
-78327.47099995613	8.503872	386	0	0.068841	0.066959
-78325.46600008011	7.66236	386	0	0.070352	0.066959
-78323.46500015259	6.733928	386	0	0.069198	0.066959
-78321.46799993515	19.164752	384	0	0.068416	0.066959
-78319.46799993515	11.273424	402	0	0.07018	0.066959
-78317.46700000763	7.178032	404	0	0.069854	0.066959
-78315.46600008011	29.15392	408	0	0.071167	0.066959
-78313.47199988365	29.933104	412	0	0.069998	0.066959
-78311.47199988365	22.89344	424	0	0.071064	0.066959
-78309.47399997711	11.408256	416	0	0.070549	0.066959
-78307.46399998665	7.235512	388	0	0.069981	0.066959
-78305.46300005913	26.346376	390	0	0.068738	0.066959
-78303.47300004959	11.720016	390	0	0.070937	0.066959
-78301.47000002861	15.232984	388	0	0.07101	0.066959
-78299.46799993515	20.4214	384	0	0.069673	0.066959
-78297.46500015259	19.903736	384	0	0.069917	0.066959
-78295.46000003815	29.768024	388	0	0.069236	0.066959
-78293.46500015259	11.173792	388	0	0.06976	0.066959
-78291.46600008011	10.480032	532	0	0.069245	0.066959
-78289.46099996567	13.557576	530	0	0.069915	0.066959
-78287.45799994469	11.631424	530	0	0.069506	0.066959
-78285.47499990463	13.327872	388	0	0.070689	0.066959
-78283.46600008011	30.554136	402	0	0.069124	0.066959
-78281.47399997711	7.954232	416	0	0.070229	0.066959
-78279.47399997711	7.185232	414	0	0.070617	0.066959
-78277.46799993515	3.381632	388	0	0.069247	0.066959
-78275.46099996567	20.97248	412	0	0.071332	0.066959
-78273.46799993515	21.022872	412	0	0.069631	0.066959
-78271.46300005913	6.729608	404	0	0.070642	0.067154
-78269.46600008011	28.585992	400	0	0.070145	0.067154
-78267.47000002861	29.420224	398	0	0.068696	0.067154
-78265.46099996567	7.205424	392	0	0.069198	0.067154
-78263.47499990463	23.565304	414	0	0.072231	0.067154
-78261.46099996567	22.122496	416	0	0.068792	0.067154
-78259.4620001316	20.392312	414	0	0.069749	0.067154
-78257.46700000763	11.686568	414	0	0.070571	0.067154
-78255.45799994469	13.410448	398	0	0.069134	0.067154
-78253.4620001316	29.111592	392	0	0.070157	0.067154
-78251.47300004959	26.915576	396	0	0.069517	0.067154
-78249.47199988365	0.775056	424	0	0.070528	0.067154
-78247.46500015259	0.975952	392	0	0.070334	0.067154
-78245.46500015259	7.21984	398	0	0.069065	0.067154
-78243.47000002861	29.934488	398	0	0.068802	0.067154
-78241.47099995613	27.47004	410	0	0.068851	0.067154
-78239.47099995613	1.833896	396	0	0.074119	0.067154
-78237.46899986267	18.301152	396	0	0.070007	0.067154
-78235.46799993515	12.02804	392	0	0.069625	0.067154
-78233.46799993515	28.868336	390	0	0.071353	0.067154
-78231.47199988365	10.984736	386	0	0.070217	0.067154
-78229.46500015259	2.228528	550	0	0.0715	0.067154
-78227.22000002861	0.284	394	0	0.070527	0.067154
-78225.45799994469	26.874448	394	0	0.069161	0.067154
-78223.21800017357	29.919072	4	0	0.070859	0.067154
-78221.22300004959	27.014072	392	0	0.069926	0.067154
-78219.22000002861	25.22856	440	0	0.06928	0.067154
-78217.22200012207	20.798776	438	0	0.069667	0.067154
-78215.21800017357	10.467344	390	0	0.069544	0.067154
-78213.21700000763	30.213584	522	0	0.069819	0.067154
-78211.20900011063	29.266816	4	0	0.069002	0.067154
-78209.21800017357	24.381064	528	0	0.070648	0.067154
-78207.20799994469	16.65384	398	0	0.068983	0.067154
-78205.21499991417	19.717776	388	0	0.069572	0.067154
-78203.21499991417	27.930704	414	0	0.070137	0.067154
-78201.22300004959	23.503128	416	0	0.069531	0.067154
-78199.22099995613	27.173712	388	0	0.068489	0.067154
-78197.21299982071	7.204216	386	0	0.070365	0.067154
-78195.21000003815	1.15576	398	0	0.070822	0.067154
-78193.22000002861	7.224632	400	0	0.069376	0.067154
-78191.21399998665	29.703448	402	0	0.069172	0.067154
-78189.21399998665	12.609984	4	0	0.069183	0.067154
-78187.22200012207	13.27716	400	0	0.069427	0.067154
-78185.22300004959	14.074704	390	0	0.070419	0.067154
-78183.22300004959	20.2636	394	0	0.069953	0.067154
-78181.20600008965	5.885872	390	0	0.070207	0.067154
-78179.21900010109	24.870992	392	0	0.068888	0.067154
-78177.22000002861	1.86308	394	0	0.069572	0.067154
-78175.21099996567	26.150376	392	0	0.068886	0.067154
-78173.22300004959	24.95904	392	0	0.069422	0.067154
-78171.21399998665	25.566488	386	0	0.069986	0.067154
-78169.21299982071	18.961536	386	0	0.069616	0.067154
-78167.21599984169	16.786112	386	0	0.069374	0.067154
-78165.21299982071	17.867696	4	0	0.070267	0.067154
-78163.20900011063	27.903336	384	0	0.072399	0.067154
-78161.21700000763	29.170496	394	0	0.068724	0.067154
-78159.21199989319	7.14948	394	0	0.07157	0.067154
-78157.20900011063	12.429888	410	0	0.070592	0.067154
-78155.21800017357	10.662472	410	0	0.069987	0.067154
-78153.20900011063	26.21564	392	0	0.068211	0.067154
-78151.21499991417	26.21564	392	0	0.069729	0.067154
-78149.22000002861	24.012576	414	0	0.07004	0.067154
-78147.21499991417	3.3526	396	0	0.072201	0.067154
-78145.22099995613	27.689112	406	0	0.070059	0.067154
-78143.22099995613	21.11192	408	0	0.069436	0.067154
-78141.20700001717	3.606048	384	0	0.069967	0.067154
-78139.22099995613	18.362968	396	0	0.069064	0.067154
-78137.21800017357	0.635808	394	0	0.071409	0.067154
-78135.21700000763	13.271896	402	0	0.06991	0.067154
-78133.21599984169	8.499744	392	0	0.070211	0.067154
-78131.21399998665	15.151248	392	0	0.069105	0.067154
-78129.21499991417	0.344528	392	0	0.074659	0.067154
-78127.21000003815	29.5464	386	0	0.068836	0.067154
-78125.21900010109	19.6556	394	0	0.069692	0.067154
-78123.20900011063	19.6556	394	0	0.069082	0.067154
-78121.22200012207	7.121704	390	0	0.069891	0.067154
-78119.21900010109	21.054688	392	0	0.072525	0.067154
-78117.22000002861	0.469472	394	0	0.069892	0.067154
-78115.22099995613	30.210256	394	0	0.070837	0.067154
-78113.22000002861	24.736488	394	0	0.068646	0.067154
-78111.22099995613	7.098576	392	0	0.070406	0.067154
-78109.21599984169	6.156648	398	0	0.072663	0.067154
-78107.21099996567	11.664488	386	0	0.071074	0.067154
-78105.21299982071	4.584792	402	0	0.072099	0.067154
-78103.21399998665	27.031704	398	0	0.069648	0.067154
-78101.21199989319	20.77576	388	0	0.069	0.067154
-78099.22200012207	12.834048	386	0	0.068383	0.06718
-78097.22099995613	7.164904	388	0	0.070189	0.06718
-78095.20900011063	15.487448	388	0	0.069803	0.06718
-78093.20799994469	25.483944	396	0	0.07005	0.06718
-78091.21299982071	29.871688	398	0	0.069674	0.06718
-78089.21099996567	27.679608	394	0	0.070345	0.06718
-78087.21900010109	7.189816	394	0	0.071273	0.06718
-78085.22099995613	3.592776	392	0	0.071749	0.06718
-78083.20900011063	29.433144	394	0	0.068937	0.06718
-78081.20900011063	13.603992	394	0	0.069458	0.06718
-78079.21700000763	13.603992	4	0	0.069719	0.06718
-78077.16700005531	29.584	388	0	0.070416	0.06718
-78075.21000003815	10.04104	396	0	0.069505	0.06718
-78073.21599984169	13.2992	396	0	0.069634	0.06718
-78071.21099996567	13.705608	396	0	0.069521	0.06718
-78069.21399998665	13.705608	396	0	0.069233	0.06718
-78067.17499995232	13.705608	388	0	0.06942	0.06718
-78065.20799994469	13.705608	436	0	0.069147	0.06718
-78063.22000002861	13.705608	434	0	0.070357	0.06718
-78061.20700001717	13.705608	434	0	0.069068	0.06718
-78059.20900011063	13.705608	434	0	0.069964	0.06718
-78057.21399998665	22.901368	426	0	0.069834	0.06718
-78055.21599984169	2.831896	410	0	0.069935	0.06718
-78053.21800017357	28.331928	388	0	0.069733	0.06718
-78051.20900011063	24.415384	386	0	0.070293	0.06718
-78049.21599984169	29.28852	396	0	0.069254	0.06718
-78047.21599984169	0.650304	404	0	0.071526	0.06718
-78045.20900011063	23.436328	404	0	0.068307	0.06718
-78043.21900010109	3.906184	420	0	0.068818	0.06718
-78041.21700000763	17.813704	406	0	0.070432	0.06718
-78039.21399998665	11.327	402	0	0.069847	0.06718
-78037.21399998665	30.035568	384	0	0.069401	0.06718
-78035.21399998665	7.805928	399	0	0.069123	0.06718
-78033.21800017357	0.572808	404	0	0.070613	0.06718
-78031.21700000763	3.629776	400	0	0.069219	0.06718
-78029.20700001717	0.02964	390	0	0.068816	0.06718
-78027.22000002861	23.88124	402	0	0.070635	0.06718
-78025.21199989319	21.031312	404	0	0.0702	0.06718
-78023.20700001717	3.32048	412	0	0.071267	0.06718
-78021.21099996567	27.891	394	0	0.068978	0.06718
-78019.20799994469	4.198648	412	0	0.070036	0.06718
-78017.21499991417	5.778912	410	0	0.07308	0.06718
-78015.22099995613	7.200568	400	0	0.069604	0.06718
-78013.20100021362	0.844864	410	0	0.07394	0.06718
-78011.21099996567	27.037032	412	0	0.068626	0.06718
-78009.20799994469	2.502312	396	0	0.07561	0.06718
-78007.21299982071	16.758016	428	0	0.06868	0.06718
-78005.22000002861	8.80048	394	0	0.069217	0.06718
-78003.21099996567	29.60264	392	0	0.068555	0.06718
-78001.22300004959	26.86476	388	0	0.069603	0.06718
-77999.22000002861	26.86476	388	0	0.069387	0.06718
-77997.21000003815	4.17328	506	0	0.242494	0.06718
-77995.21000003815	15.763384	506	0	0.070363	0.06718
-77993.21700000763	2.792216	504	0	0.069916	0.06718
-77991.21700000763	13.264064	396	0	0.069463	0.06718
-77989.20900011063	29.63484	394	0	0.069009	0.06718
-77987.21800017357	4.330448	392	0	0.069634	0.06718
-77985.21199989319	29.779696	392	0	0.068387	0.06718
-77983.21599984169	12.87892	384	0	0.068605	0.067196
-77980.96700000763	12.87892	384	0	0.070874	0.067196
-77978.96900010109	21.59028	382	0	0.068708	0.067196
-77977.21399998665	21.59028	384	0	0.070026	0.067196
-77974.96300005913	29.63908	386	0	0.068984	0.067196
-77972.96399998665	29.63908	390	0	0.068751	0.067196
-77970.95799994469	29.654928	398	0	0.069547	0.067196
-77968.95799994469	17.99536	394	0	0.070007	0.066935
