0.0	12.880824	435	0	0.098239	0.08189
0.8269999027252197	12.880824	496	1	0.118296	0.08189
1.0760002136230469	9.185064	496	0	0.189155	0.08189
1.2660000324249268	22.295928	368	15	0.099273	0.08189
1.444000244140625	13.340392	372	0	0.104965	0.08189
1.5960001945495605	13.340392	372	0	0.091891	0.08189
1.9090001583099365	21.497096	418	7	0.09502	0.08189
2.189000129699707	23.393552	418	0	0.099518	0.08189
2.5139999389648438	23.754264	420	26	0.105692	0.08189
4.300000190734863	22.349192	412	0	0.125188	0.08189
6.287999868392944	23.459056	410	0	0.098322	0.08189
8.29099988937378	21.746592	460	0	0.096344	0.08189
10.294000148773193	8.53444	478	0	0.099348	0.08189
12.294000148773193	22.830112	484	0	0.107313	0.08189
14.315000057220459	25.76276	504	0	0.130616	0.08189
16.305999994277954	22.247232	506	0	0.143108	0.08189
18.318000078201294	22.216128	528	0	0.120882	0.08189
20.329999923706055	24.920168	524	0	0.142804	0.08189
22.341000080108643	5.997968	476	0	0.152278	0.08189
24.33300018310547	19.901664	514	0	0.094395	0.08189
26.35700011253357	5.749408	532	0	0.216579	0.08189
28.356000185012817	21.286912	485	0	0.127654	0.08189
30.358999967575073	24.36344	502	0	0.118002	0.08189
32.365999937057495	21.95192	452	0	0.137882	0.08189
34.365999937057495	22.886024	442	0	0.111645	0.08189
36.37100005149841	23.85252	434	0	0.100404	0.08189
38.382999897003174	16.584576	506	0	0.138909	0.08189
40.37899994850159	23.824824	506	0	0.108395	0.08189
42.38700008392334	23.015768	510	0	0.112657	0.08189
44.3989999294281	18.257072	488	0	0.196946	0.08189
46.40299987792969	23.559384	460	0	0.134142	0.08189
48.4040002822876	22.030504	456	0	0.125172	0.08189
50.42199993133545	24.42468	482	0	0.114707	0.08189
52.4229998588562	23.783056	562	0	0.102353	0.08189
54.301000118255615	21.483024	544	0	0.108036	0.08189
56.42700004577637	19.34804	472	0	0.148161	0.08189
58.43999981880188	25.618264	482	0	0.102017	0.08189
60.44700002670288	23.17424	448	0	0.105807	0.08189
62.4520001411438	21.551304	450	0	0.119549	0.08189
64.45899987220764	23.541952	458	0	0.107771	0.08189
66.4670000076294	23.45876	478	0	0.129755	0.08189
68.4670000076294	20.817848	4	0	0.145933	0.08189
70.4779999256134	22.4814	518	0	0.143883	0.08189
72.48100018501282	24.121936	508	0	0.113603	0.08189
74.49599981307983	22.824552	502	0	0.103754	0.08189
76.49599981307983	23.468304	496	0	0.102893	0.08189
78.42000007629395	24.24568	464	0	0.098199	0.08189
80.50100016593933	24.24568	464	0	0.17035	0.08189
82.51700019836426	23.961432	472	0	0.107835	0.08189
84.5149998664856	23.102368	466	0	0.120351	0.08189
86.52100014686584	17.998304	464	0	0.099657	0.08189
88.38399982452393	23.095184	460	0	0.111053	0.08189
90.38600015640259	24.47776	490	0	0.111549	0.08189
92.39000010490417	23.464128	516	0	0.115815	0.08189
94.3989999294281	24.535104	516	0	0.124353	0.08189
96.3970000743866	23.918192	516	0	0.112769	0.08189
98.39999985694885	22.773128	488	0	0.103412	0.08189
100.4040002822876	21.581128	474	0	0.10427	0.08189
102.4040002822876	22.203888	468	0	0.112483	0.08189
104.4210000038147	23.239472	450	0	0.116471	0.08189
106.41100001335144	22.527888	454	0	0.101709	0.08189
108.41100001335144	21.552752	486	0	0.101793	0.08189
110.41499996185303	23.169416	486	0	0.116542	0.08189
112.41499996185303	23.044264	486	0	0.107793	0.08189
114.41799998283386	22.24084	498	0	0.114529	0.08189
116.41899991035461	21.412672	426	0	0.130469	0.08189
118.4280002117157	4.331584	488	0	0.097316	0.08189
120.43400001525879	0.021608	500	0	0.122281	0.08189
122.42400002479553	24.820736	478	0	0.093941	0.08189
124.4280002117157	23.994	468	0	0.107244	0.08189
126.43400001525879	25.29104	468	0	0.11178	0.08189
128.4319999217987	21.441288	478	0	0.137046	0.08189
130.4319999217987	21.447104	464	0	0.11072	0.08189
132.4410002231598	3.712544	490	0	0.116886	0.08189
134.43999981880188	19.577856	464	0	0.143627	0.08189
136.43999981880188	21.687184	506	0	0.109662	0.08189
138.44400024414062	21.63448	570	0	0.15177	0.08189
140.44400024414062	23.931024	570	0	0.158553	0.08189
142.45899987220764	23.462152	572	0	0.15845	0.08189
144.44900012016296	23.863296	484	0	0.137918	0.08189
146.4520001411438	24.16356	442	0	0.136892	0.08189
148.46000027656555	23.220728	498	0	0.125932	0.08189
150.4579999446869	25.267944	510	0	0.15313	0.08189
152.4579999446869	22.935672	518	0	0.125769	0.08189
154.46000027656555	23.080328	514	0	0.120546	0.08189
156.4650001525879	20.020336	512	0	0.109371	0.08189
158.47099995613098	22.264664	508	0	0.126139	0.08189
160.47699999809265	21.637984	476	0	0.118902	0.08189
162.4670000076294	22.482928	456	0	0.108284	0.08189
164.48100018501282	23.231992	468	0	0.1094	0.08189
166.47900009155273	20.535728	484	0	0.123837	0.08189
168.4760000705719	26.332104	496	0	0.107894	0.08189
170.47699999809265	8.987256	474	0	0.100524	0.08189
172.49200010299683	23.101216	526	0	0.116427	0.08189
174.48400020599365	23.399768	524	0	0.143416	0.08189
176.48100018501282	1.838168	514	0	0.147531	0.08189
178.48400020599365	9.22992	514	0	0.118426	0.08189
180.48400020599365	9.22992	484	0	0.107466	0.08189
182.49000000953674	26.368096	472	0	0.115842	0.08189
184.49300003051758	23.183792	456	0	0.11024	0.08189
186.49000000953674	22.628296	468	0	0.109939	0.08189
188.49000000953674	22.5876	462	0	0.131595	0.08189
190.50600004196167	6.279312	426	0	0.108181	0.08189
192.49599981307983	25.617712	456	0	0.100282	0.08189
194.50600004196167	23.15764	456	0	0.098666	0.08189
196.50200009346008	23.04588	456	0	0.117346	0.08189
198.50500011444092	23.738648	452	0	0.110067	0.08189
200.50500011444092	22.232064	476	0	0.118128	0.08189
202.50800013542175	21.80544	470	0	0.106317	0.08189
204.50999999046326	26.01092	480	0	0.100913	0.08189
206.51199984550476	23.975416	464	0	0.104179	0.08189
208.51199984550476	21.937512	454	0	0.108819	0.08189
210.5160002708435	22.502672	454	0	0.117022	0.08189
212.5279998779297	21.645024	434	0	0.113699	0.08189
214.5199999809265	23.717888	438	0	0.109135	0.082798
216.5199999809265	23.34852	458	0	0.102845	0.082798
218.53400015830994	22.147432	436	0	0.110118	0.082798
220.52699995040894	23.937832	432	0	0.110761	0.082798
222.52699995040894	22.41344	496	0	0.112002	0.082798
224.5279998779297	23.024856	496	0	0.100195	0.082798
226.52900004386902	24.41796	496	0	0.099722	0.082798
228.53200006484985	24.509504	496	0	0.097986	0.082798
230.53700017929077	23.060384	4	0	0.102562	0.082798
232.53700017929077	22.567672	454	0	0.104273	0.082798
234.5659999847412	24.62136	470	0	0.114667	0.082798
236.54399991035461	22.836912	468	0	0.104196	0.082798
238.54500007629395	23.660536	462	0	0.107728	0.082798
240.54500007629395	23.139504	452	0	0.156666	0.082798
242.55700016021729	23.821192	446	0	0.095405	0.082798
244.55800008773804	25.501968	446	0	0.098641	0.082798
246.56100010871887	22.988096	416	0	0.102949	0.082798
248.55400013923645	23.407248	458	0	0.104041	0.082798
250.55600023269653	24.361592	458	0	0.096611	0.082798
252.56100010871887	25.362376	476	0	0.099835	0.082798
254.56200003623962	25.362376	474	0	0.098143	0.082798
256.5640001296997	24.44044	468	0	0.102714	0.082798
258.5659999847412	24.584608	468	0	0.108687	0.082798
260.56699991226196	24.346824	462	0	0.102819	0.082798
262.57099986076355	25.335976	484	0	0.112533	0.082798
264.57099986076355	21.701872	484	0	0.104786	0.082798
266.5770001411438	23.762248	484	0	0.100429	0.082798
268.5829999446869	23.702928	484	0	0.109322	0.082798
270.5789999961853	23.061912	444	0	0.101123	0.082798
272.5770001411438	23.141064	452	0	0.141941	0.082798
274.58200001716614	22.083544	458	0	0.131455	0.082798
276.5880000591278	23.884872	444	0	0.141157	0.082798
278.5859999656677	23.532704	442	0	0.117403	0.082798
280.60599994659424	0.952744	490	0	0.137067	0.082798
282.5900001525879	23.386216	490	0	0.138911	0.082798
284.5920000076294	23.047768	494	0	0.125285	0.082798
286.59800004959106	23.087832	460	0	0.116814	0.082798
288.5989999771118	22.038712	460	0	0.125899	0.082798
290.60799980163574	22.232544	458	0	0.137148	0.082798
292.6029999256134	23.054112	454	0	0.156312	0.082798
294.6029999256134	22.425096	450	0	0.140863	0.082798
296.6180000305176	22.271816	446	0	0.129662	0.082798
298.606999874115	23.036824	446	0	0.104968	0.082798
300.60900020599365	23.05296	460	0	0.097656	0.082798
302.61300015449524	25.528864	460	0	0.098953	0.082798
304.61100006103516	28.23808	570	0	0.120005	0.082798
306.61500000953674	22.977552	582	0	0.101761	0.082798
308.614000082016	22.977552	582	0	0.107503	0.082798
310.62199997901917	21.115064	476	0	0.12858	0.082798
312.62599992752075	23.799608	454	0	0.15661	0.082798
314.625	22.423232	444	0	0.121839	0.082798
316.63100004196167	19.696008	4	0	0.134598	0.082798
318.62599992752075	21.86388	494	0	0.129263	0.082798
320.63300013542175	22.860024	494	0	0.131255	0.082798
322.64299988746643	22.008752	494	0	0.125048	0.082798
324.63499999046326	22.92472	490	0	0.133797	0.082798
326.6340000629425	21.844248	452	0	0.125307	0.082798
328.6340000629425	23.858808	444	0	0.115868	0.082798
330.63700008392334	22.197936	442	0	0.110075	0.082798
332.64299988746643	23.017472	452	0	0.111302	0.082798
334.64299988746643	24.241208	428	0	0.102582	0.082798
336.6470000743866	22.821896	440	0	0.130704	0.082798
338.65899991989136	24.532576	440	0	0.107507	0.082798
340.67000007629395	19.31628	460	0	0.246854	0.082798
342.65000009536743	23.18268	442	0	0.174669	0.082798
344.65899991989136	24.797752	430	0	0.110224	0.082798
346.6559998989105	22.4932	428	0	0.123827	0.082798
348.6559998989105	23.501904	428	0	0.130992	0.082798
350.6650002002716	23.558096	430	0	0.13134	0.082798
352.66800022125244	24.049496	434	0	0.113182	0.082798
354.66800022125244	22.196376	476	0	0.114541	0.082798
356.67199993133545	22.371024	474	0	0.125352	0.082798
358.67700004577637	23.208328	446	0	0.140139	0.082798
360.6710000038147	23.44264	446	0	0.108491	0.082798
362.6710000038147	21.352488	452	0	0.105261	0.082798
364.67700004577637	23.543096	452	0	0.113306	0.082798
366.6879999637604	23.475544	444	0	0.103555	0.082798
368.68099999427795	25.42532	484	0	0.143856	0.082798
370.69000005722046	22.982072	484	0	0.102526	0.082798
372.6879999637604	22.950824	484	0	0.110409	0.082798
374.6870000362396	23.99768	538	0	0.116158	0.082798
376.6870000362396	24.098768	512	0	0.096172	0.082798
378.6890001296997	23.05992	512	0	0.117964	0.082798
380.69799995422363	22.573296	434	0	0.128738	0.082798
382.69599986076355	12.631472	470	0	0.143186	0.082798
384.6970000267029	21.814608	472	0	0.150299	0.082798
386.6989998817444	21.744992	472	0	0.125156	0.082798
388.72300004959106	23.247616	500	0	0.116005	0.082798
390.7020001411438	22.921424	500	0	0.143117	0.082798
392.70300006866455	22.72392	488	0	0.145036	0.082798
394.70300006866455	23.599328	508	0	0.127946	0.082798
396.70700001716614	21.034816	508	0	0.140671	0.082798
398.7130000591278	22.55372	464	0	0.133886	0.082798
400.71399998664856	23.20052	474	0	0.101953	0.082798
402.7130000591278	22.373232	474	0	0.133787	0.082798
404.7220001220703	23.591456	453	0	0.131894	0.082798
406.7149999141693	23.498224	472	0	0.119715	0.082798
408.7260000705719	20.452808	482	0	0.0999	0.082798
410.72100019454956	22.526832	482	0	0.103551	0.082798
412.72300004959106	21.665832	476	0	0.136098	0.082798
414.73099994659424	23.488728	454	0	0.120533	0.082798
416.7339999675751	21.937448	480	0	0.176858	0.082798
418.73099994659424	18.591576	462	0	0.166121	0.082798
420.7359998226166	21.641584	454	0	0.100596	0.082798
422.7330000400543	23.677864	436	0	0.108625	0.082798
424.7330000400543	21.31676	436	0	0.108176	0.082798
426.7369999885559	23.480256	434	0	0.095886	0.082798
428.7410001754761	24.752376	502	0	0.114039	0.082798
430.7480001449585	24.621024	494	0	0.118127	0.082798
432.75	20.887856	500	0	0.105204	0.082798
434.74699997901917	22.499416	438	0	0.103044	0.082798
436.74900007247925	23.317456	438	0	0.110034	0.082798
438.74900007247925	21.728672	430	0	0.106835	0.082798
440.7539999485016	21.546864	452	0	0.114696	0.082798
442.75499987602234	2.55456	440	0	0.111927	0.082798
444.7539999485016	25.098544	470	0	0.106776	0.082798
446.77099990844727	23.370408	470	0	0.108916	0.082798
448.75999999046326	24.156488	468	0	0.097526	0.082798
450.7640001773834	24.787304	468	0	0.111304	0.082798
452.7720000743866	24.446664	468	0	0.117364	0.082798
454.76799988746643	22.100104	460	0	0.142741	0.082798
456.77800011634827	22.91592	510	0	0.18108	0.082798
458.76900005340576	23.260896	468	0	0.139828	0.082798
460.77800011634827	24.659832	478	0	0.153636	0.082798
462.78600001335144	23.51516	508	0	0.146369	0.082798
464.7810001373291	23.751968	486	0	0.176584	0.082798
466.78200006484985	23.411248	486	0	0.118628	0.082798
468.7829999923706	23.293616	458	0	0.116346	0.082798
470.7850000858307	22.71532	458	0	0.120857	0.082798
472.7850000858307	24.21476	446	0	0.104141	0.082798
474.78600001335144	23.53732	460	0	0.109622	0.082798
476.789999961853	23.525	461	0	0.109095	0.082798
478.79199981689453	23.743568	416	0	0.110623	0.082798
480.79900002479553	24.125896	436	0	0.09788	0.082798
482.80200004577637	25.566376	436	0	0.094008	0.082798
484.797000169754	23.211632	438	0	0.099512	0.082798
486.79900002479553	24.454832	452	0	0.105158	0.082798
488.8029999732971	22.47256	457	0	0.12755	0.082798
490.8010001182556	25.470128	458	0	0.114152	0.08315
492.8050000667572	24.195704	444	0	0.104227	0.08315
494.80999994277954	22.66948	444	0	0.09952	0.08315
496.8120002746582	23.29472	434	0	0.098215	0.08315
498.81500005722046	23.984096	458	0	0.106742	0.08315
500.81900000572205	23.247144	484	0	0.132735	0.08315
502.8180000782013	23.8928	474	0	0.132135	0.08315
504.8180000782013	23.513384	474	0	0.13548	0.08315
506.8289999961853	24.947736	458	0	0.110776	0.08315
509.45700001716614	23.671584	444	0	0.133589	0.08315
512.2030000686646	8.404328	442	1	0.113664	0.08315
512.8280000686646	14.706296	442	0	0.095571	0.08315
514.829999923706	14.706296	456	0	0.093789	0.08315
516.8440001010895	14.706296	462	0	0.109244	0.08315
518.8340001106262	14.706296	438	0	0.097982	0.08315
520.8380000591278	14.706296	428	0	0.093017	0.08315
522.835000038147	14.706296	428	0	0.095576	0.08315
524.8420000076294	14.706296	428	0	0.093385	0.08315
526.8479998111725	14.706296	436	0	0.095781	0.082395
528.8429999351501	14.706296	436	0	0.094583	0.082395
530.8520002365112	14.706296	436	0	0.095973	0.082395
532.8469998836517	14.706296	436	0	0.094641	0.082395
534.8500001430511	14.706296	436	0	0.096108	0.082395
536.8510000705719	14.706296	4	0	0.098872	0.082395
538.8520002365112	14.706296	488	0	0.1026	0.082395
540.8589999675751	14.706296	474	0	0.099648	0.082395
542.8610000610352	14.706296	474	0	0.096673	0.082395
544.8610000610352	14.706296	474	0	0.094043	0.082395
546.8639998435974	23.484088	466	0	0.109432	0.082395
548.8710000514984	23.672744	432	0	0.105433	0.082395
550.8710000514984	22.132032	448	0	0.095397	0.082395
552.8700001239777	24.341192	454	0	0.098241	0.082395
554.875	23.26968	442	0	0.098996	0.082395
556.8799998760223	15.689056	432	0	0.10287	0.082395
558.875	22.425072	432	0	0.101549	0.082395
560.8780000209808	22.71752	432	0	0.104623	0.082395
562.8780000209808	23.577624	436	0	0.113977	0.082395
564.8840000629425	24.00476	450	0	0.117972	0.082395
566.8849999904633	22.156568	494	0	0.113874	0.082395
568.8870000839233	22.852944	494	0	0.107993	0.082395
570.8870000839233	25.022944	484	0	0.135281	0.082395
572.8920001983643	21.739496	462	0	0.12507	0.082395
574.8970000743866	24.120592	462	0	0.142343	0.082395
576.8959999084473	23.509944	444	0	0.124486	0.082395
578.8959999084473	23.112608	458	0	0.163403	0.082395
580.9000000953674	21.988192	456	0	0.146785	0.082395
582.9019999504089	21.362968	454	0	0.112629	0.082395
584.9019999504089	22.652056	448	0	0.177104	0.082395
586.9119999408722	23.405128	442	0	0.127409	0.082395
588.9090001583099	24.079872	448	0	0.10873	0.082395
590.9080002307892	24.17644	428	0	0.094609	0.082395
592.9110000133514	22.358688	434	0	0.101142	0.082395
594.9279999732971	23.842208	472	0	0.107158	0.082395
596.914999961853	22.443656	470	0	0.116686	0.082395
598.9210000038147	22.371224	448	0	0.126839	0.082395
600.9219999313354	23.478288	450	0	0.118693	0.082395
602.9240002632141	22.572504	490	0	0.114841	0.082395
604.9290001392365	22.927352	486	0	0.119027	0.082395
606.9400000572205	22.277904	486	0	0.127758	0.082395
608.9290001392365	21.46876	548	0	0.138842	0.082395
610.9500000476837	23.80284	506	0	0.148307	0.082395
612.9359998703003	23.27628	492	0	0.178162	0.082395
614.9389998912811	23.016728	474	0	0.221184	0.082395
616.944000005722	23.406968	486	0	0.118046	0.082395
618.944000005722	22.472472	468	0	0.129651	0.082395
620.944000005722	22.303048	472	0	0.179499	0.082395
622.949000120163	22.303056	454	0	0.129724	0.082395
624.954999923706	23.048416	434	0	0.139092	0.082395
626.9530000686646	22.709384	434	0	0.121758	0.082395
628.9599997997284	21.506568	444	0	0.129281	0.082395
630.9589998722076	23.083192	474	0	0.143096	0.082395
632.9610002040863	23.786592	478	0	0.149853	0.082395
634.9670000076294	5.337016	478	0	0.099112	0.082395
636.9779999256134	26.560464	496	0	0.106951	0.082395
638.9720001220703	24.101496	496	0	0.112866	0.082395
640.9759998321533	22.769336	454	0	0.104094	0.082395
643.0479998588562	20.865888	454	0	0.117389	0.082395
644.9930000305176	21.11016	450	0	0.158319	0.082395
647.0380001068115	19.73424	442	0	0.119666	0.082395
649.0069999694824	22.660672	490	0	0.135117	0.082395
651.0	8.884344	504	0	0.224636	0.082395
653.1130001544952	20.47608	530	0	0.197237	0.082395
655.0020000934601	12.007496	480	0	0.118943	0.082395
656.9960000514984	23.448832	456	0	0.203021	0.082395
659.0639998912811	20.540672	476	0	0.217028	0.082395
661.0730001926422	14.456328	490	0	0.310461	0.082395
663.1870000362396	22.759152	490	0	0.147058	0.082395
665.1860001087189	22.019512	520	0	0.139138	0.082395
667.0149998664856	22.755088	486	0	0.144092	0.082395
669.0230000019073	22.755088	480	0	0.111992	0.082395
671.010999917984	22.613496	478	0	0.11604	0.082395
673.010999917984	22.243856	464	0	0.115926	0.082395
675.0130000114441	22.243856	432	0	0.096929	0.082395
677.0139999389648	22.243856	432	0	0.096392	0.082395
679.0200002193451	22.493608	434	0	0.099494	0.082395
681.0170001983643	18.36832	456	0	0.122126	0.082395
683.0250000953674	23.98272	454	0	0.099732	0.082395
685.0789999961853	22.181888	450	0	0.099626	0.082395
687.0250000953674	0.23164	450	0	0.09486	0.082395
689.0269999504089	22.791352	432	0	0.103422	0.082395
691.03600025177	25.750624	450	0	0.095426	0.082395
693.0319998264313	25.750624	450	0	0.098493	0.082395
695.0340001583099	25.750624	4	0	0.094698	0.082395
697.039999961853	25.750624	464	0	0.093671	0.082395
699.0410001277924	23.048656	466	0	0.104473	0.082395
701.039999961853	21.49844	450	0	0.118594	0.082395
703.0440001487732	22.327752	448	0	0.111076	0.082395
705.0460000038147	21.260368	440	0	0.127809	0.082395
707.0469999313354	23.742824	442	0	0.112206	0.082395
709.0590000152588	19.126024	476	0	0.155302	0.082395
711.0550000667572	23.14724	476	0	0.116054	0.082395
713.0530002117157	22.19812	436	0	0.100147	0.082395
715.058000087738	23.224216	432	0	0.115923	0.082395
717.0629999637604	16.049744	446	0	0.098899	0.082395
719.0600001811981	24.423264	464	0	0.110684	0.082395
721.0639998912811	24.60144	446	0	0.102843	0.082395
723.0680000782013	23.079496	476	0	0.133996	0.082395
725.0639998912811	23.134536	476	0	0.12897	0.082395
727.0680000782013	23.72504	476	0	0.093855	0.082395
729.0770001411438	23.204208	476	0	0.125427	0.082395
731.074000120163	11.783152	480	0	0.100008	0.082395
733.0770001411438	23.180136	446	0	0.112153	0.082395
735.0780000686646	23.406936	458	0	0.114784	0.082395
737.0780000686646	22.043584	458	0	0.105547	0.082395
739.0780000686646	23.249272	458	0	0.117411	0.082395
741.0859999656677	22.71436	458	0	0.104007	0.082395
743.092000246048	23.404472	418	0	0.100956	0.082395
745.0930001735687	22.839704	428	0	0.117244	0.082395
747.0970001220703	24.259936	430	0	0.10367	0.082395
749.0940001010895	23.753448	430	0	0.121165	0.082395
751.0970001220703	23.705096	448	0	0.103486	0.082395
753.0930001735687	11.84488	452	0	0.171173	0.082395
755.0970001220703	22.72696	452	0	0.114289	0.082395
757.0989999771118	25.81896	446	0	0.105328	0.082395
759.1039998531342	23.376008	446	0	0.111141	0.082395
761.106999874115	23.261624	446	0	0.105699	0.082395
763.1039998531342	21.09684	444	0	0.10944	0.082395
765.1050000190735	23.843064	446	0	0.110908	0.082395
767.1110000610352	26.22316	474	0	0.129705	0.082395
769.1110000610352	22.834904	474	0	0.132066	0.082395
771.1130001544952	20.501064	472	0	0.129061	0.082395
773.1150000095367	22.253496	472	0	0.116536	0.082395
775.1170001029968	23.502456	450	0	0.123464	0.082395
777.1240000724792	23.50388	452	0	0.115652	0.082395
779.1310000419617	23.283408	450	0	0.114901	0.082395
781.1219999790192	24.348792	442	0	0.134974	0.082395
783.1429998874664	22.931336	446	0	0.123736	0.082395
785.132000207901	24.3588	442	0	0.116282	0.082395
787.1310000419617	22.08192	442	0	0.115256	0.082395
789.1310000419617	21.050664	420	0	0.118891	0.082395
791.1380000114441	18.117784	436	0	0.097092	0.082395
793.135999917984	22.567	504	0	0.117265	0.082395
795.1400001049042	21.787528	502	0	0.14437	0.082395
797.1389999389648	25.072512	488	0	0.11815	0.082395
799.1549999713898	21.222768	448	0	0.10473	0.082395
801.1460001468658	19.839776	446	0	0.110557	0.082395
803.1500000953674	22.601616	422	0	0.109014	0.082395
805.1480002403259	22.820456	434	0	0.111241	0.082395
807.1579999923706	21.76392	434	0	0.107656	0.082395
809.1490001678467	23.897784	448	0	0.107268	0.082395
811.1789999008179	21.46372	448	0	0.110162	0.082395
813.1549999713898	22.296088	426	0	0.104914	0.082395
815.1579999923706	22.058624	466	0	0.117649	0.082395
817.1710000038147	21.268704	466	0	0.104497	0.082395
819.1650002002716	21.70048	460	0	0.136182	0.082395
821.1670000553131	22.157752	446	0	0.109808	0.082395
823.170000076294	24.514672	430	0	0.095064	0.082395
825.1670000553131	24.092368	430	0	0.098866	0.082395
827.1710000038147	26.653928	446	0	0.101172	0.083114
829.172000169754	19.595992	458	0	0.137031	0.083114
831.1870000362396	23.6002	476	0	0.1096	0.083114
833.1789999008179	22.482824	476	0	0.102928	0.083114
835.1779999732971	17.17832	476	0	0.112188	0.083114
837.188000202179	24.925224	454	0	0.103189	0.083114
839.183000087738	23.125032	438	0	0.101768	0.083114
841.1820001602173	22.641808	438	0	0.107626	0.083114
843.210000038147	22.953488	442	0	0.107234	0.083114
845.1860001087189	2.19076	452	0	0.124207	0.083114
847.1979999542236	21.101944	476	0	0.093028	0.083114
849.1970000267029	20.709792	454	0	0.102573	0.083114
851.2159998416901	25.120936	466	0	0.118064	0.083114
853.1960000991821	22.73712	488	0	0.11336	0.083114
855.1989998817444	22.024672	488	0	0.110775	0.083114
857.1999998092651	21.938352	490	0	0.104013	0.083114
859.2040002346039	24.185192	456	0	0.12152	0.083114
861.2079999446869	23.160096	572	0	0.125742	0.083114
863.2040002346039	23.469752	518	0	0.155073	0.083114
865.2070000171661	23.839568	518	0	0.104705	0.083114
867.2090001106262	23.727624	484	0	0.113358	0.083114
869.2159998416901	24.142624	484	0	0.109517	0.083114
871.2220001220703	23.809096	464	0	0.106607	0.083114
873.2260000705719	22.736184	464	0	0.122467	0.083114
875.2230000495911	20.702224	450	0	0.113556	0.083114
877.2210001945496	22.733376	466	0	0.110189	0.083114
879.2220001220703	23.884296	466	0	0.099265	0.083114
881.2239999771118	22.214128	472	0	0.101124	0.083114
883.2260000705719	22.427968	472	0	0.116449	0.083114
885.231999874115	22.185616	452	0	0.100066	0.083114
887.2369999885559	23.772608	450	0	0.132184	0.083114
889.2339999675751	22.374872	464	0	0.100589	0.083114
891.2420001029968	22.491392	470	0	0.109253	0.083114
893.2420001029968	22.106864	451	0	0.105361	0.083114
895.2420001029968	21.243752	518	0	0.102852	0.083114
897.2469999790192	28.520584	554	0	0.112313	0.083114
899.2440001964569	23.349192	554	0	0.110769	0.083114
901.2460000514984	22.45776	518	0	0.123058	0.083114
903.2530000209808	23.392568	518	0	0.107667	0.083114
905.2559998035431	23.392568	554	0	0.10786	0.083114
907.2520000934601	22.535224	482	0	0.134213	0.083114
909.2559998035431	23.552208	458	0	0.116381	0.083114
911.2760002613068	23.339344	454	0	0.163334	0.083114
913.2630000114441	20.1824	464	0	0.20027	0.083114
915.2620000839233	16.696024	522	0	0.374114	0.083114
917.2690000534058	23.129784	446	0	0.202316	0.083114
919.271999835968	23.547048	450	0	0.166256	0.083114
921.271999835968	21.331808	450	0	0.143121	0.083114
923.268000125885	23.482784	436	0	0.11711	0.083114
925.271999835968	23.160304	424	0	0.136619	0.083114
927.2730000019073	21.372224	424	0	0.123069	0.083114
929.2780001163483	22.940032	478	0	0.112823	0.083114
931.2780001163483	24.036744	494	0	0.153702	0.083114
933.2810001373291	21.720648	480	0	0.153164	0.083114
935.2799999713898	22.401712	460	0	0.192573	0.083114
937.279000043869	24.012704	466	0	0.118044	0.083114
939.2840001583099	13.056936	466	0	0.120837	0.083114
941.2840001583099	23.074208	484	0	0.138199	0.083114
943.2869999408722	20.29756	474	0	0.113064	0.083114
945.3000001907349	8.73964	508	0	0.114684	0.083114
947.297000169754	24.017	522	0	0.126503	0.083114
949.2930002212524	21.946168	522	0	0.179247	0.083114
951.2980000972748	22.6604	480	0	0.13072	0.083114
953.2980000972748	24.835368	492	0	0.108697	0.083114
955.3029999732971	23.730664	470	0	0.109222	0.083114
957.3039999008179	24.17684	458	0	0.121464	0.083385
959.3090000152588	22.255872	432	0	0.123476	0.083385
961.3109998703003	23.593968	450	0	0.13149	0.083385
963.3250000476837	22.908	478	0	0.123889	0.083385
965.3259999752045	21.79768	466	0	0.126416	0.083385
967.3180000782013	22.455984	486	0	0.106511	0.083385
969.319000005722	23.452048	486	0	0.115185	0.083385
971.3220000267029	21.087848	444	0	0.123401	0.083385
973.324000120163	21.650168	432	0	0.111456	0.083385
975.324000120163	21.356096	460	0	0.116771	0.083385
977.324000120163	25.524096	468	0	0.098057	0.083385
979.327999830246	1.997888	464	0	0.099639	0.083385
981.3510000705719	22.555008	452	0	0.11214	0.083385
983.3340001106262	26.39532	470	0	0.107577	0.083385
985.3519999980927	23.77932	464	0	0.107244	0.083385
987.3380000591278	23.252464	462	0	0.128885	0.083385
989.337000131607	24.398952	452	0	0.115387	0.083385
991.3420000076294	21.632032	452	0	0.104318	0.083385
993.3429999351501	23.094256	480	0	0.117451	0.083385
995.3450000286102	25.002632	480	0	0.101331	0.083385
997.3480002880096	22.589424	4	0	0.104965	0.083385
999.3510000705719	23.449192	506	0	0.112372	0.083385
1001.3519999980927	23.867024	502	0	0.103607	0.083385
1003.3540000915527	22.868544	502	0	0.128768	0.083385
1005.3780000209808	23.061312	488	0	0.151043	0.083385
1007.364000082016	24.416872	494	0	0.11824	0.083385
1009.3599998950958	24.416872	492	0	0.10504	0.083385
1011.3629999160767	23.977504	492	0	0.104818	0.083385
1013.3650000095367	23.213712	532	0	0.128626	0.083385
1015.3619999885559	22.89888	536	0	0.112087	0.083385
1017.364000082016	0.099928	503	0	0.092993	0.083385
1019.3710000514984	24.217232	4	0	0.107261	0.083385
1021.3700001239777	22.887944	494	0	0.129987	0.083385
1023.3780000209808	21.551432	494	0	0.102223	0.083385
1025.3849999904633	24.559632	468	0	0.097034	0.083385
1027.3789999485016	22.565368	468	0	0.110216	0.083385
1029.3829998970032	21.625504	464	0	0.108701	0.083385
1031.3870000839233	22.554376	478	0	0.131638	0.083385
1033.3960001468658	21.4974	478	0	0.109052	0.083385
1035.3999998569489	14.268632	436	0	0.220483	0.083385
1037.3960001468658	22.224368	426	0	0.132718	0.083385
1039.401999950409	3.77228	508	0	0.146293	0.083385
1041.3980000019073	24.578184	548	0	0.112441	0.083385
1043.4079999923706	27.98612	552	0	0.1042	0.083385
1045.40900015831	23.183952	548	0	0.113794	0.083385
1047.4140000343323	23.127864	544	0	0.105803	0.083385
1049.4189999103546	21.545184	500	0	0.107123	0.083385
1051.4210000038147	23.10756	504	0	0.117034	0.083385
1053.4349999427795	23.732592	436	0	0.11134	0.083385
1055.4440002441406	22.3304	461	0	0.097528	0.083385
1057.4470000267029	24.723848	524	0	0.09606	0.083385
1059.4509999752045	25.5634	522	0	0.115347	0.083385
1061.4589998722076	23.756808	466	0	0.104984	0.083385
1063.4570000171661	23.756808	466	0	0.096714	0.083385
1065.4559998512268	23.756808	466	0	0.093577	0.083385
1067.4630000591278	23.756808	426	0	0.097309	0.083385
1069.476000070572	25.821376	448	0	0.101467	0.083385
1071.4930000305176	25.821376	448	0	0.10201	0.083385
1073.4779999256134	25.821376	448	0	0.093962	0.083385
1075.486999988556	15.591952	440	0	0.10507	0.082964
1077.4790000915527	22.478264	450	0	0.112371	0.082964
1079.4830000400543	22.478264	450	0	0.100039	0.082964
1081.489000082016	22.478264	450	0	0.096173	0.082964
1083.505000114441	23.65288	450	0	0.104709	0.082964
1085.4900000095367	24.236448	446	0	0.105478	0.082964
1087.4980001449585	25.684888	448	0	0.096883	0.082964
1089.4980001449585	24.20124	450	0	0.10644	0.082964
1091.4980001449585	22.38544	450	0	0.114027	0.082964
1093.510999917984	22.10448	452	0	0.107049	0.082964
1095.4990000724792	22.10448	643	0	0.153654	0.082964
1097.505000114441	22.10448	526	0	0.098898	0.082964
1099.510999917984	22.10856	526	0	0.11261	0.082964
1101.5119998455048	22.971856	460	0	0.105612	0.082964
1103.5149998664856	21.923144	460	0	0.10407	0.082964
1105.5220000743866	23.809944	454	0	0.111756	0.082964
1107.5260000228882	22.726536	458	0	0.128084	0.082964
1112.2460000514984	12.928296	494	0	0.103613	0.082964
1112.7460000514984	19.1648	494	6	0.245674	0.082964
1113.5360000133514	23.075112	436	0	0.120681	0.082964
1115.5380001068115	23.869088	490	0	0.133117	0.082964
1117.5400002002716	23.897608	484	0	0.122956	0.082964
1119.542000055313	24.044456	482	0	0.12591	0.082964
1121.5439999103546	24.204784	444	0	0.119477	0.082964
1123.5429999828339	23.040968	442	0	0.136302	0.082964
1125.5490000247955	22.449048	462	0	0.103015	0.082964
1127.5530002117157	22.449048	462	0	0.099102	0.082964
1129.558000087738	22.449048	462	0	0.097024	0.082964
1131.5490000247955	22.449048	462	0	0.108331	0.082964
1133.550999879837	22.823336	462	0	0.104316	0.082964
1135.5499999523163	22.823336	478	0	0.100749	0.082964
1137.5540001392365	22.823336	474	0	0.096307	0.082964
1139.566999912262	22.823336	474	0	0.096987	0.082964
1141.5640001296997	25.402776	434	0	0.100817	0.082964
1143.5620000362396	28.713072	473	0	0.117002	0.082964
1145.5620000362396	28.713072	488	0	0.099659	0.082964
1147.5629999637604	23.256176	490	0	0.134679	0.082964
1149.5679998397827	23.256176	478	0	0.101584	0.082964
1151.5770001411438	23.256176	4	0	0.09988	0.082964
1153.574000120163	23.256176	514	0	0.109157	0.082964
1155.5859999656677	23.304144	464	0	0.122973	0.082964
1157.5770001411438	24.000144	510	0	0.145779	0.082964
1159.5770001411438	24.636416	504	0	0.099566	0.082964
1161.5810000896454	22.867904	504	0	0.107596	0.082964
1163.5810000896454	22.270328	426	0	0.110038	0.082964
1165.5930001735687	11.6018	427	0	0.09939	0.082964
1167.5859999656677	25.548896	502	0	0.103915	0.082964
1169.5970001220703	24.179464	500	0	0.101793	0.082964
1171.590000152588	22.728912	448	0	0.114676	0.082964
1173.5960001945496	10.0306	448	0	0.094862	0.082964
1175.5930001735687	25.941224	478	0	0.102853	0.082964
1177.5960001945496	24.371152	478	0	0.100683	0.082964
1179.598000049591	25.790528	478	0	0.107278	0.082964
1181.6029999256134	25.790528	4	0	0.104408	0.082964
1183.6029999256134	22.164624	462	0	0.099635	0.082964
1185.6050000190735	22.164624	460	0	0.097823	0.082964
1187.6110000610352	20.72132	448	0	0.111382	0.082964
1189.606999874115	25.776312	454	0	0.1048	0.082964
1191.6210000514984	24.01032	450	0	0.097148	0.082964
