0.0	67.609136	1112	0	0.08709	0.077739
0.18400001525878906	1.326904	1112	0	0.08668	0.077739
0.3320000171661377	27.60924	1078	0	0.085684	0.075999
0.5520000457763672	66.549776	1106	0	0.085558	0.075999
0.9570000171661377	69.674816	1204	0	0.086139	0.075722
1.3259999752044678	81.56576	1290	0	0.086282	0.075028
1.6929998397827148	70.421256	1362	0	0.09433	0.075028
2.1040000915527344	69.562808	1402	0	0.191096	0.075028
2.3229997158050537	98.413448	1484	0	0.090623	0.075028
3.496999979019165	92.910264	1584	0	0.086157	0.075028
5.495000123977661	102.574712	1636	0	0.084423	0.075028
7.496000051498413	105.483752	1642	0	0.086082	0.075028
9.497999906539917	110.88928	1788	0	0.088793	0.075028
11.497999906539917	120.87952	1858	0	0.087405	0.075028
13.498999834060669	3.08508	2492	0	0.085889	0.075028
15.497999906539917	163.683808	2674	0	0.088221	0.075028
17.424999952316284	4.37352	2878	0	0.088163	0.075028
19.49399995803833	189.478296	2994	0	0.089739	0.075028
21.493000030517578	149.874952	3010	0	0.090183	0.075028
23.49500012397766	5.799064	3010	0	0.092063	0.075028
25.49399995803833	125.435712	3044	0	0.088044	0.075028
27.49399995803833	3.1836	2102	0	0.086174	0.075028
29.490999698638916	110.86344	2024	0	0.086024	0.075028
31.496000051498413	87.674264	2024	0	0.088279	0.075028
33.49500012397766	72.191568	1916	0	0.086232	0.075028
35.49600005149841	134.013224	2172	0	0.087299	0.075028
37.49500012397766	5.640512	2266	0	0.086897	0.075028
39.49500012397766	144.341888	2362	0	0.0883	0.075028
41.418999910354614	5.315128	2762	0	0.087555	0.075028
43.496999979019165	173.307392	2828	0	0.090448	0.075028
45.50099992752075	188.57732	2932	0	0.090213	0.075028
47.49399995803833	2.706392	3042	0	0.095675	0.075028
49.49300003051758	142.588584	3042	0	0.088477	0.075028
51.49600005149841	3.022296	2908	0	0.088747	0.075028
53.496999979019165	114.33956	2222	0	0.087685	0.075028
55.49399995803833	136.809488	2213	0	0.089312	0.075028
57.490999698638916	3.903784	2208	0	0.087172	0.075028
59.492000102996826	60.203456	2174	0	0.088852	0.075028
61.49300003051758	4.519144	2156	0	0.086634	0.075028
63.49399995803833	86.669208	1350	0	0.08703	0.075028
65.33999991416931	90.340272	1400	0	0.084856	0.075028
67.49200010299683	88.951376	1428	0	0.084281	0.075028
69.49399995803833	91.682536	1510	0	0.085724	0.075028
71.49200010299683	91.682536	1476	0	0.086135	0.075028
73.49600005149841	91.682536	1484	0	0.08477	0.075028
75.49200010299683	98.575488	1634	0	0.085625	0.075028
77.49399995803833	98.575488	1664	0	0.0848	0.075028
79.49600005149841	98.575488	1664	0	0.085566	0.075028
81.50300002098083	96.949544	1872	0	0.086579	0.075028
83.49300003051758	96.949544	1872	0	0.087417	0.075028
85.49399995803833	96.949544	1872	0	0.086213	0.075028
87.49699997901917	121.277744	4	0	0.086467	0.075028
89.49300003051758	121.277744	1910	0	0.086828	0.075028
91.49699997901917	126.959304	1940	0	0.087126	0.075028
93.49600005149841	124.070392	2070	0	0.087414	0.075028
95.49799990653992	4.479928	2192	0	0.08817	0.075028
97.49600005149841	150.065288	2367	0	0.088812	0.075028
99.49899983406067	1.757216	2464	0	0.089275	0.075028
101.49500012397766	166.838832	2537	0	0.089428	0.075028
103.49500012397766	174.801208	2906	0	0.090635	0.075028
105.49300003051758	169.901816	2910	0	0.089353	0.075028
107.49399995803833	154.268528	2910	0	0.089422	0.075028
109.49399995803833	2.95468	2992	0	0.088006	0.075028
111.49699997901917	189.646608	3030	0	0.088493	0.075028
113.41199994087219	3.479504	3109	0	0.089549	0.075028
115.49200010299683	172.571672	3170	0	0.091587	0.075028
117.50699973106384	181.128952	3170	0	0.089809	0.075028
119.49600005149841	3.207352	3200	0	0.086519	0.075028
121.49300003051758	189.180944	3036	0	0.091883	0.075028
123.49300003051758	3.365056	2950	0	0.088954	0.075028
125.49300003051758	178.886864	2950	0	0.091448	0.075028
127.49300003051758	188.559632	2972	0	0.087216	0.075028
129.49500012397766	160.029968	4	0	0.110891	0.075028
131.49099969863892	160.029968	2972	0	0.091166	0.075028
133.49399995803833	3.04528	3152	0	0.091558	0.075028
135.48999977111816	191.485752	3169	0	0.092058	0.075028
137.4170000553131	4.161072	3094	0	0.087672	0.075028
139.49099969863892	150.275008	3144	0	0.089075	0.075028
141.49500012397766	159.814936	3144	0	0.087235	0.075028
143.4960000514984	3.256088	3244	0	0.087837	0.075028
145.49399995803833	167.592024	3244	0	0.090494	0.075028
147.49200010299683	3.274496	3176	0	0.088108	0.075028
149.4960000514984	150.028784	4	0	0.087282	0.075028
151.4960000514984	150.028784	3229	0	0.089084	0.075028
153.49300003051758	167.719248	2790	0	0.088458	0.075028
155.4960000514984	115.241096	2790	0	0.088128	0.075028
157.49399995803833	4.304472	2802	0	0.088853	0.075028
159.49200010299683	86.268896	2824	0	0.088007	0.075028
161.50300002098083	3.279664	2856	0	0.086382	0.075028
163.4960000514984	176.591288	3046	0	0.089969	0.075028
165.49699997901917	179.606768	3046	0	0.097127	0.075028
167.49500012397766	2.987608	3122	0	0.090394	0.075028
169.49699997901917	179.315488	3122	0	0.089895	0.075028
171.49799990653992	3.407232	3144	0	0.086615	0.075028
173.49699997901917	217.267552	3522	0	0.090103	0.075028
175.49699997901917	213.192904	3522	0	0.093336	0.075028
177.49399995803833	32.495256	3523	0	0.092628	0.075028
179.49699997901917	204.37732	3790	0	0.090647	0.075028
181.49300003051758	3.322192	3842	0	0.087948	0.075028
183.49200010299683	234.10128	4012	0	0.091255	0.075028
185.4960000514984	3.256008	3892	0	0.107817	0.075028
187.49099969863892	234.791552	3898	0	0.09067	0.075028
189.49099969863892	113.865416	3798	0	0.089059	0.075028
191.49300003051758	3.428504	3694	0	0.091478	0.075028
193.49200010299683	15.231192	3678	0	0.097878	0.075028
195.49500012397766	3.271704	3234	0	0.090663	0.075028
197.4960000514984	188.440384	3272	0	0.113482	0.075028
199.49899983406067	225.993568	4	0	0.089655	0.075028
201.49699997901917	223.387304	3711	0	0.091009	0.075028
203.49899983406067	241.503752	3852	0	0.097052	0.075028
205.4960000514984	3.47032	4436	0	0.092191	0.075028
207.49099969863892	244.151568	4472	0	0.097565	0.075028
209.49699997901917	2.962416	4314	0	0.093597	0.075028
211.49399995803833	54.603592	4314	0	0.091774	0.075028
213.49399995803833	150.76728	4086	0	0.092894	0.075028
215.49500012397766	3.317984	3540	0	0.089984	0.075028
217.49300003051758	208.10028	3566	0	0.089164	0.075028
219.49099969863892	172.463536	3320	0	0.09049	0.075028
221.49099969863892	100.834912	3320	0	0.093055	0.075028
223.49300003051758	165.543512	3316	0	0.09311	0.075028
225.74399995803833	148.436768	3286	0	0.087889	0.075028
227.74899983406067	126.460584	2694	0	0.097539	0.075028
229.74599981307983	3.546704	2694	0	0.087486	0.075028
231.7409999370575	82.04744	2474	0	0.092334	0.075028
233.74399995803833	5.53804	2172	0	0.088097	0.075028
235.74399995803833	129.07856	2154	0	0.087919	0.075028
237.74199986457825	90.374304	2144	0	0.093124	0.075028
239.74899983406067	4.21508	2144	0	0.089484	0.075028
241.74899983406067	105.055912	2250	0	0.109325	0.075028
243.7409999370575	4.41728	2100	0	0.095728	0.075028
245.74399995803833	98.631288	4	0	0.086632	0.075028
247.7469997406006	131.07136	2140	0	0.088836	0.075028
249.74599981307983	134.365736	2540	0	0.088623	0.075028
251.74499988555908	128.97876	2558	0	0.105273	0.075028
253.74000000953674	4.236824	2562	0	0.087829	0.075028
255.74199986457825	53.93548	2562	0	0.088886	0.075028
257.7499997615814	3.668	2490	0	0.087843	0.075028
259.7389998435974	121.73696	4	0	0.088659	0.075028
261.74000000953674	121.73696	1912	0	0.088469	0.075028
263.7409999370575	4.640704	1906	0	0.090301	0.075028
265.74199986457825	97.03768	1874	0	0.084785	0.075028
267.7430000305176	3.9948	1494	0	0.112201	0.075028
269.74399995803833	96.82928	1533	0	0.087095	0.075028
271.7409999370575	108.634824	1782	0	0.089916	0.075028
273.7449998855591	113.331264	1925	0	0.0869	0.075028
275.7430000305176	130.200072	2222	0	0.087404	0.075028
277.74599981307983	3.39396	2458	0	0.09241	0.075028
279.74199986457825	156.131384	2491	0	0.088481	0.075028
281.7520000934601	2.877224	2456	0	0.090518	0.075028
283.74199986457825	158.827904	2498	0	0.088673	0.075028
285.74599981307983	112.95204	2498	0	0.086795	0.075028
287.74399995803833	3.06736	2654	0	0.110162	0.075028
289.7469997406006	147.349232	2618	0	0.096387	0.075028
291.74899983406067	3.999448	2486	0	0.086581	0.075028
293.74000000953674	112.215312	2544	0	0.089949	0.075028
295.7409999370575	1.160992	2544	0	0.08983	0.075028
297.74399995803833	89.124496	2544	0	0.088991	0.075028
299.7409999370575	51.317856	1900	0	0.087351	0.075028
301.7499997615814	5.39168	1390	0	0.087453	0.075028
303.7389998435974	83.808608	4	0	0.095139	0.078336
305.74199986457825	83.808608	1324	0	0.088572	0.078336
307.7430000305176	83.808608	1300	0	0.088146	0.078336
309.7430000305176	83.808608	1280	0	0.085156	0.078336
311.74199986457825	83.808608	1268	0	0.085934	0.078336
313.7409999370575	83.808608	1270	0	0.086708	0.078336
315.74199986457825	83.808608	1320	0	0.091536	0.078336
317.74199986457825	83.808608	1322	0	0.087333	0.078336
319.7409999370575	83.808608	4	0	0.087654	0.078336
321.73799991607666	83.808608	1340	0	0.086059	0.078336
323.7430000305176	83.808608	1340	0	0.08556	0.078336
325.74199986457825	83.808608	1338	0	0.086797	0.078336
327.74199986457825	83.808608	1328	0	0.085485	0.078336
329.74199986457825	72.890224	1164	0	0.099693	0.078336
331.74199986457825	79.286112	1290	0	0.085696	0.077777
333.7479999065399	79.286112	1290	0	0.091002	0.077777
335.74199986457825	79.286112	1290	0	0.088005	0.077777
337.7430000305176	79.286112	1252	0	0.086199	0.077777
339.74199986457825	79.286112	1258	0	0.086107	0.077777
341.7430000305176	79.286112	4	0	0.090878	0.077777
343.74000000953674	80.373944	1302	0	0.08617	0.077697
345.74399995803833	84.787256	1326	0	0.086924	0.077697
347.74000000953674	84.787256	1326	0	0.086371	0.077697
349.74899983406067	84.787256	1332	0	0.08869	0.077697
351.74399995803833	84.787256	1332	0	0.087434	0.077697
353.7479999065399	84.787256	1383	0	0.087381	0.077697
355.7449998855591	94.041864	1398	0	0.08616	0.077445
357.74599981307983	92.17892	1426	0	0.097807	0.077445
359.7469997406006	90.986104	1496	0	0.088576	0.077445
361.75300002098083	92.878784	1794	0	0.103913	0.077445
363.77899980545044	92.878784	1788	0	0.109397	0.077445
365.74599981307983	92.878784	1788	0	0.089882	0.077445
367.74000000953674	90.483456	1870	0	0.086795	0.077445
369.74399995803833	96.165936	1916	0	0.087492	0.077445
371.74199986457825	95.14212	1576	0	0.091206	0.077445
373.7449998855591	95.14212	1536	0	0.087107	0.077445
375.7430000305176	107.771168	1712	0	0.085115	0.077445
377.74199986457825	116.697136	1760	0	0.089969	0.077445
379.74399995803833	116.697136	1762	0	0.090098	0.077445
381.74000000953674	109.306104	1836	0	0.086711	0.077445
383.7430000305176	8.377144	1834	0	0.08602	0.077445
385.74399995803833	10.448592	1834	0	0.08682	0.077445
387.7430000305176	3.707728	2122	0	0.090118	0.077445
389.7430000305176	147.151176	2308	0	0.091625	0.077445
391.74399995803833	142.132776	2324	0	0.086551	0.077445
393.75100016593933	144.880896	2380	0	0.088815	0.077445
395.74199986457825	20.917368	2492	0	0.089018	0.077445
397.7409999370575	5.297424	2446	0	0.086073	0.077445
399.7430000305176	137.363312	2392	0	0.087947	0.077445
401.74399995803833	3.523928	2332	0	0.090603	0.077445
403.7430000305176	143.095056	2332	0	0.088072	0.077445
405.7449998855591	143.095056	2322	0	0.087815	0.077445
407.74399995803833	3.43084	2360	0	0.08776	0.077445
409.7430000305176	74.492168	2360	0	0.090119	0.077445
411.7430000305176	3.60668	2344	0	0.087825	0.077445
413.74000000953674	100.835896	2326	0	0.087265	0.077445
415.7430000305176	74.775416	4	0	0.087827	0.077445
417.7430000305176	101.10484	1674	0	0.090483	0.077445
419.7430000305176	117.935904	1830	0	0.089006	0.077445
421.74199986457825	4.584408	1884	0	0.08757	0.077445
423.7409999370575	120.96456	1935	0	0.086271	0.077445
425.7569999694824	3.128424	2100	0	0.087453	0.077445
427.7449998855591	128.471064	2400	0	0.104507	0.077445
429.74199986457825	141.259576	2504	0	0.087317	0.077445
431.7449998855591	3.169176	2504	0	0.090257	0.077445
433.74399995803833	132.938296	2258	0	0.088242	0.077445
435.74899983406067	146.554208	2360	0	0.093091	0.077445
437.7479999065399	134.578144	2260	0	0.087863	0.077445
439.7449998855591	143.796712	2334	0	0.088916	0.077445
441.74199986457825	146.247248	2405	0	0.0894	0.077445
443.7430000305176	157.582872	2478	0	0.089246	0.077445
445.7469997406006	3.571824	2630	0	0.087027	0.077445
447.7430000305176	142.915408	2630	0	0.091556	0.077445
449.7409999370575	4.312464	2496	0	0.087452	0.077445
451.74199986457825	141.977088	4	0	0.088416	0.077445
453.74199986457825	141.977088	2570	0	0.088705	0.077445
455.74199986457825	4.732824	2444	0	0.088199	0.077445
457.7409999370575	127.417704	2394	0	0.086302	0.077445
459.7430000305176	1.748456	2394	0	0.085172	0.077445
461.7409999370575	132.814856	2334	0	0.092682	0.077445
463.7409999370575	156.435032	2290	0	0.087983	0.077445
465.74199986457825	146.934608	2372	0	0.097009	0.077445
467.7449998855591	153.662576	2380	0	0.088389	0.077445
469.7409999370575	2.964464	2476	0	0.092749	0.077445
471.7409999370575	155.774936	2476	0	0.088257	0.077445
473.7449998855591	144.868624	2536	0	0.088138	0.077445
475.9910001754761	140.424864	2440	0	0.088289	0.077445
477.9949998855591	150.062032	2480	0	0.087372	0.077445
480.00299978256226	155.382296	2581	0	0.091023	0.077445
481.9910001754761	152.139072	2624	0	0.09165	0.077445
483.9920001029968	5.612056	2769	0	0.08899	0.077445
485.9910001754761	148.918848	2788	0	0.087413	0.077445
487.9249999523163	2.5348	2788	0	0.090704	0.077445
489.9910001754761	184.303312	2956	0	0.090347	0.077445
491.9920001029968	161.136288	3100	0	0.093794	0.077445
493.99900007247925	2.984456	3066	0	0.089249	0.077445
495.99399995803833	88.944776	3066	0	0.092363	0.077445
497.99900007247925	5.695488	2600	0	0.088973	0.077445
499.9930000305176	153.52744	2788	0	0.100181	0.077445
501.9930000305176	172.984576	2906	0	0.088823	0.077445
503.99399995803833	136.839432	4	0	0.090197	0.077445
505.9979999065399	136.839432	3010	0	0.103738	0.077445
507.9949998855591	3.283008	3018	0	0.091074	0.077445
509.9930000305176	146.139872	2944	0	0.094736	0.077445
511.9229998588562	4.959168	2728	0	0.089598	0.077445
513.9939999580383	162.186704	2728	0	0.088461	0.077445
515.9920001029968	155.683944	2798	0	0.091712	0.077445
517.9990000724792	3.239976	2880	0	0.093054	0.077445
519.9930000305176	142.119984	4	0	0.091132	0.077445
521.9920001029968	3.793392	2844	0	0.090947	0.077445
523.9930000305176	142.387512	2390	0	0.086807	0.077445
525.9899997711182	139.38784	2206	0	0.089514	0.077445
527.9930000305176	145.55588	2254	0	0.089101	0.077445
529.9939999580383	131.158088	2206	0	0.088709	0.077445
531.9939999580383	3.594208	2214	0	0.087558	0.077445
533.9920001029968	143.890784	4	0	0.089671	0.077445
535.9159998893738	3.490008	2298	0	0.089444	0.077445
538.0009999275208	145.1498	2478	0	0.090033	0.077445
539.9910001754761	165.04752	2580	0	0.087536	0.077445
541.9910001754761	4.695288	2528	0	0.086328	0.077445
543.9899997711182	162.794128	2534	0	0.089514	0.077445
545.9920001029968	3.859576	2642	0	0.091294	0.077445
547.9910001754761	143.71228	2642	0	0.087963	0.077445
549.9899997711182	133.539448	2650	0	0.08943	0.077445
551.9910001754761	4.94524	2822	0	0.108152	0.077445
553.9930000305176	159.425752	2756	0	0.091027	0.077445
555.9920001029968	3.274808	2670	0	0.088767	0.077445
558.0029997825623	156.929944	2488	0	0.090828	0.077445
559.925999879837	3.270992	2560	0	0.091515	0.077445
562.0009999275208	171.431768	3148	0	0.102744	0.077445
563.9899997711182	138.290496	3148	0	0.092607	0.077445
565.9930000305176	3.2146	3149	0	0.091225	0.077445
567.9889998435974	64.102504	3230	0	0.091806	0.077445
569.9899997711182	3.202312	1112	0	0.0901	0.077445
571.9949998855591	31.887808	1096	0	0.089494	0.077445
574.0079998970032	71.09192	1218	0	0.088536	0.077445
575.9920001029968	84.166224	1364	0	0.088624	0.077445
577.9910001754761	87.800008	1333	0	0.087085	0.077445
579.9960000514984	96.062816	1488	0	0.085487	0.077445
581.9930000305176	96.99488	1640	0	0.087806	0.077445
583.9920001029968	108.028656	1816	0	0.087017	0.077445
585.9920001029968	121.688008	2242	0	0.087749	0.077445
587.9899997711182	148.328016	2348	0	0.090576	0.077445
589.9939999580383	4.24232	2425	0	0.089331	0.077445
591.9910001754761	158.753304	2481	0	0.091777	0.077445
593.9939999580383	3.871432	2496	0	0.089657	0.077445
595.9920001029968	166.304056	4	0	0.09051	0.077445
597.9910001754761	170.256096	2760	0	0.088869	0.077445
600.0	145.631112	2612	0	0.08786	0.077445
602.0	142.628504	2612	0	0.088799	0.077445
603.9920001029968	4.461712	2584	0	0.090453	0.077445
605.9910001754761	155.197096	2584	0	0.090318	0.077445
607.941999912262	3.228264	2584	0	0.089579	0.077445
609.9879999160767	153.762624	2564	0	0.091416	0.077445
611.9889998435974	96.022432	2420	0	0.09522	0.077445
613.9930000305176	4.828912	2376	0	0.088961	0.077445
615.9879999160767	144.130128	2376	0	0.086719	0.077445
617.9889998435974	3.6364	2220	0	0.094179	0.077445
619.9910001754761	108.610264	2152	0	0.089435	0.077445
621.9949998855591	84.870648	2152	0	0.091506	0.077445
623.9960000514984	79.671256	2128	0	0.086912	0.077445
625.9879999160767	100.0464	1734	0	0.090384	0.077445
627.9930000305176	4.79928	1894	0	0.087272	0.077445
629.4289999008179	45.916456	426	242	0.06201	0.010503
629.9920001029968	124.958928	2182	0	0.085823	0.077445
630.2459998130798	48.548048	358	0	0.062466	0.010503
630.378999710083	36.852592	354	0	0.039078	0.010503
630.5920000076294	4.7784	350	0	0.049498	0.010503
631.912999868393	5.1946	2264	0	0.088382	0.077445
633.9920001029968	134.343704	2328	0	0.087878	0.077445
635.9949998855591	150.302504	2482	0	0.088797	0.077445
637.9930000305176	3.895744	2584	0	0.087311	0.077445
639.9910001754761	140.653664	2678	0	0.091285	0.077445
641.9920001029968	1.578288	2740	0	0.089025	0.077445
643.9910001754761	103.170424	4	0	0.088578	0.077445
645.9889998435974	103.170424	2810	0	0.092366	0.077445
647.9920001029968	102.0368	2540	0	0.086819	0.077445
649.9979999065399	150.426128	2326	0	0.088644	0.077445
651.9930000305176	2.887664	2504	0	0.090003	0.077445
653.9910001754761	171.999624	2641	0	0.087887	0.077445
655.9920001029968	3.311632	2658	0	0.089588	0.078957
657.9899997711182	171.250048	2717	0	0.091282	0.078957
659.9910001754761	170.823768	2814	0	0.088086	0.078957
661.9910001754761	3.281968	2908	0	0.091125	0.078957
663.9939999580383	151.383384	3018	0	0.092174	0.078957
666.0029997825623	2.960216	2956	0	0.087191	0.078957
667.9889998435974	158.37924	2620	0	0.088882	0.078957
669.9939999580383	146.723808	2544	0	0.098703	0.078957
671.9910001754761	148.966544	2607	0	0.08988	0.078957
673.9930000305176	96.854832	2564	0	0.090175	0.078957
675.9910001754761	3.909448	2734	0	0.088404	0.078957
677.9939999580383	148.435336	2804	0	0.114599	0.078957
679.9910001754761	4.54212	2804	0	0.087408	0.078957
682.0150001049042	93.72364	2804	0	0.088493	0.078957
683.9930000305176	144.043096	4	0	0.090126	0.078957
685.9920001029968	4.08044	2476	0	0.086917	0.078957
687.9939999580383	164.336824	2656	0	0.089099	0.078957
689.9969999790192	3.328384	2962	0	0.086683	0.078957
691.9910001754761	181.645624	3146	0	0.089989	0.078957
693.9899997711182	115.24888	3158	0	0.093494	0.078957
695.9969999790192	166.376008	3158	0	0.087852	0.078957
697.9969999790192	119.367208	3204	0	0.087236	0.078957
699.9939999580383	3.191328	2596	0	0.086539	0.078898
701.9910001754761	99.806496	2596	0	0.088413	0.078898
703.9899997711182	5.337328	1876	0	0.100126	0.078898
705.9930000305176	116.93492	1965	0	0.088468	0.078898
707.9920001029968	126.129136	2096	0	0.088094	0.078898
709.9910001754761	127.391744	2014	0	0.085694	0.077837
712.0019998550415	135.623616	2028	0	0.086052	0.077837
713.9879999160767	3.164168	2028	0	0.087757	0.077837
715.9910001754761	138.18584	2136	0	0.08535	0.077837
717.9969999790192	135.050944	2182	0	0.087993	0.077823
719.9869997501373	140.90968	2267	0	0.088249	0.077823
721.9960000514984	143.020976	2274	0	0.088317	0.077823
724.242999792099	4.50144	2230	0	0.089705	0.077823
726.2400000095367	147.043944	2299	0	0.089124	0.077823
728.2400000095367	3.670728	2552	0	0.087122	0.077823
730.2419998645782	162.801264	2618	0	0.088502	0.077823
732.2459998130798	124.249048	2670	0	0.117605	0.077823
734.2409999370575	143.243136	2684	0	0.089137	0.077823
736.2419998645782	164.184128	2822	0	0.089638	0.077823
738.2619998455048	4.869704	2822	0	0.113277	0.077823
740.2579998970032	153.086864	2822	0	0.093574	0.077823
742.199000120163	2.77632	2724	0	0.093785	0.077823
744.2929999828339	97.638528	4	0	0.195204	0.077823
746.2520000934601	140.244464	2514	0	0.092696	0.077823
748.2449998855591	4.775976	2488	0	0.08906	0.077823
750.2439999580383	140.405608	2530	0	0.090174	0.077823
752.2520000934601	3.56072	2492	0	0.087761	0.077823
754.2419998645782	139.699808	2482	0	0.096951	0.077823
756.242999792099	152.578208	2410	0	0.090309	0.077823
758.2439999580383	147.05356	2410	0	0.088823	0.077823
760.2419998645782	141.842352	2612	0	0.099325	0.077823
762.2419998645782	4.664424	2612	0	0.08949	0.077823
764.2409999370575	151.498856	2648	0	0.090575	0.077823
766.1640000343323	5.421608	2546	0	0.089189	0.077823
768.2409999370575	152.165144	2524	0	0.088806	0.077823
770.2409999370575	154.596992	2524	0	0.090827	0.077823
772.2419998645782	5.245976	2608	0	0.093103	0.077823
774.242999792099	153.549816	2718	0	0.090607	0.077823
776.2479999065399	4.082816	2700	0	0.090808	0.077823
778.2409999370575	167.07616	2729	0	0.089811	0.077823
780.2419998645782	166.900856	2786	0	0.090334	0.077823
782.2419998645782	171.820856	2722	0	0.090139	0.077823
784.2560000419617	97.7502	2722	0	0.156458	0.077823
786.2409999370575	161.210392	2716	0	0.089736	0.077823
788.2379999160767	161.168928	2828	0	0.090641	0.077823
790.1709997653961	4.33508	2670	0	0.088472	0.077823
792.2419998645782	169.288872	2671	0	0.088786	0.077823
794.2439999580383	107.813792	2632	0	0.141502	0.077823
796.2400000095367	3.607656	2584	0	0.109195	0.077823
798.2409999370575	120.949416	2584	0	0.099262	0.077823
800.2400000095367	156.872896	2574	0	0.087599	0.077823
802.2479999065399	156.362064	2588	0	0.086373	0.077823
804.2479999065399	125.310832	2674	0	0.109155	0.077823
806.239000082016	169.827856	2910	0	0.087789	0.077823
808.2439999580383	169.13448	2910	0	0.090568	0.077823
810.2459998130798	3.569792	3156	0	0.089996	0.077823
812.2409999370575	187.335264	3080	0	0.090379	0.077823
814.1659998893738	4.689488	3080	0	0.089984	0.077823
816.2439999580383	151.19248	3074	0	0.08908	0.077823
818.2400000095367	145.146696	3080	0	0.09055	0.077823
820.2419998645782	4.43868	3126	0	0.08889	0.077823
822.2479999065399	195.91552	3236	0	0.089593	0.077823
824.242999792099	3.86192	3082	0	0.095153	0.077823
826.2400000095367	99.103488	3094	0	0.092239	0.077823
828.2469999790192	180.927992	3118	0	0.091374	0.077823
830.242999792099	162.857848	3194	0	0.104514	0.077823
832.2469999790192	174.595096	2878	0	0.093833	0.077823
834.2400000095367	3.298536	2906	0	0.088506	0.077823
836.2419998645782	182.006632	2906	0	0.090839	0.077823
838.1619999408722	3.1586	2956	0	0.086714	0.077823
840.2400000095367	164.230592	2980	0	0.090237	0.077823
842.2419998645782	118.761456	2980	0	0.090466	0.077823
844.2409999370575	3.07692	2980	0	0.089585	0.077823
846.2520000934601	154.813008	2644	0	0.089857	0.077823
848.2409999370575	4.705712	2514	0	0.087945	0.077823
850.239000082016	132.142888	2514	0	0.088187	0.077823
852.239000082016	88.810232	2298	0	0.08928	0.077823
854.2400000095367	150.851552	4	0	0.095503	0.077823
856.2409999370575	145.98956	2538	0	0.090237	0.077823
858.239000082016	3.742512	2566	0	0.088009	0.077823
860.2479999065399	141.663904	2564	0	0.088626	0.077823
862.1840000152588	2.708504	2694	0	0.091672	0.077823
864.2419998645782	152.265416	2694	0	0.111486	0.077823
866.2419998645782	153.99568	2694	0	0.090651	0.077823
868.242999792099	4.640864	2726	0	0.086753	0.077823
870.242999792099	145.533944	2488	0	0.090615	0.077823
872.242999792099	3.374896	2672	0	0.087947	0.077823
874.2409999370575	176.674376	2740	0	0.089149	0.077823
876.239000082016	155.466416	2776	0	0.086608	0.077823
878.2400000095367	146.319552	2814	0	0.089435	0.077823
880.242999792099	128.147672	3026	0	0.109565	0.077823
882.2439999580383	3.3146	2594	0	0.103334	0.077823
884.2409999370575	115.723368	2594	0	0.10477	0.077823
886.2409999370575	140.252032	2232	0	0.088756	0.077823
888.2409999370575	143.403424	2464	0	0.092319	0.077823
890.2419998645782	150.748896	2516	0	0.089153	0.077823
892.242999792099	3.688912	2512	0	0.110132	0.077823
894.242999792099	149.902992	2558	0	0.090744	0.077823
896.2459998130798	165.586032	2644	0	0.087837	0.077823
898.2449998855591	71.65324	2644	0	0.089503	0.077823
900.2360000610352	54.585736	2538	0	0.088966	0.077823
902.2400000095367	3.328808	2538	0	0.087027	0.077823
904.2400000095367	71.682056	1160	0	0.088649	0.077823
906.2419998645782	66.368112	1160	0	0.088063	0.077823
908.2400000095367	66.871736	1156	0	0.085971	0.077823
910.2419998645782	66.871736	1154	0	0.086765	0.077823
912.239000082016	66.871736	1154	0	0.086278	0.077823
914.2379999160767	66.871736	1118	0	0.087702	0.077823
916.2379999160767	67.779504	1126	0	0.085346	0.077823
918.2349998950958	67.779504	1126	0	0.084657	0.077823
920.2379999160767	67.779504	1114	0	0.08717	0.077823
922.239000082016	63.46844	1124	0	0.08722	0.077823
924.2400000095367	75.806288	1154	0	0.086093	0.077823
926.2469999790192	75.806288	1156	0	0.084442	0.077823
928.2419998645782	71.892888	1344	0	0.086015	0.077823
930.2400000095367	89.46032	1388	0	0.085346	0.077823
932.2469999790192	93.273112	1580	0	0.088346	0.077823
934.2400000095367	91.029288	1610	0	0.086659	0.077823
936.2479999065399	98.442264	1636	0	0.086223	0.077823
938.2409999370575	112.122072	1822	0	0.086994	0.077823
940.2469999790192	113.664688	1836	0	0.086879	0.077823
942.2379999160767	124.898152	1998	0	0.090907	0.077823
944.2479999065399	5.306792	2012	0	0.086284	0.077823
946.2409999370575	128.68072	2122	0	0.085727	0.077823
948.2379999160767	116.071088	4	0	0.086556	0.077823
950.2449998855591	116.071088	2148	0	0.091633	0.077823
952.2400000095367	132.622904	2226	0	0.086382	0.077823
954.2459998130798	4.971352	2230	0	0.087388	0.077823
956.2360000610352	109.593928	2186	0	0.089181	0.077823
958.239000082016	4.656456	2186	0	0.087092	0.077823
960.2360000610352	50.738848	2008	0	0.087431	0.077823
962.2339999675751	29.6916	1648	0	0.088451	0.077823
964.2589998245239	29.6916	1652	0	0.086592	0.077823
966.2449998855591	32.993776	1698	0	0.091242	0.077823
968.2779998779297	32.993776	1698	0	0.092074	0.077823
970.2369999885559	32.993776	4	0	0.114705	0.077823
972.2379999160767	36.490032	1740	0	0.088683	0.077823
974.2379999160767	36.490032	1724	0	0.08734	0.077823
976.4889998435974	36.490032	1724	0	0.092828	0.077823
978.4879999160767	36.490032	1704	0	0.086119	0.077823
980.4939999580383	36.490032	1704	0	0.086061	0.077823
982.4899997711182	37.580552	1704	0	0.086698	0.077823
984.4889998435974	37.580552	1734	0	0.087015	0.077823
986.4899997711182	37.580552	1686	0	0.087337	0.077823
988.4889998435974	4.816776	1734	0	0.086766	0.077823
990.4899997711182	99.99236	1936	0	0.087852	0.077823
992.4920001029968	99.99236	1936	0	0.086648	0.077823
994.4889998435974	127.13232	2042	0	0.087315	0.077823
996.4899997711182	126.205144	2116	0	0.101781	0.077823
998.4969999790192	146.198064	2270	0	0.088354	0.077823
1000.4869999885559	159.948184	2435	0	0.088492	0.077823
1002.4960000514984	3.932328	2454	0	0.087265	0.077823
1004.4909996986389	158.192744	2547	0	0.089587	0.077823
1006.4930000305176	3.199488	2682	0	0.092112	0.077823
1008.4869999885559	172.246648	2904	0	0.090467	0.077823
1010.4879999160767	98.158736	2946	0	0.094437	0.077823
1012.4899997711182	3.550688	2946	0	0.08805	0.077823
1014.4920001029968	94.215536	2946	0	0.088752	0.077823
1016.4899997711182	3.289208	2078	0	0.08806	0.077823
1018.4909996986389	133.975424	2250	0	0.089286	0.078065
1020.4879999160767	140.37896	2219	0	0.098394	0.078065
1022.4909996986389	149.122	2398	0	0.088621	0.078065
1024.4899997711182	151.901448	2394	0	0.089502	0.078065
1026.4889998435974	3.707368	2406	0	0.086093	0.078065
1026.9179999828339	94.861568	622	601	0.069195	0.06421
1027.146999835968	94.681296	1094	15	0.069475	0.06421
1027.361999988556	94.718872	1110	0	0.068822	0.06421
1027.6529998779297	53.88676	1104	0	0.065347	0.06421
1027.9649999141693	31.174064	1110	0	0.068485	0.06421
1028.2409999370575	37.117368	1107	0	0.068538	0.06421
1028.391000032425	94.46184	1110	1	0.06643	0.06421
1028.4899997711182	72.592504	2428	0	0.089607	0.078065
1028.5339999198914	94.65464	1098	0	0.067368	0.06421
1028.7799999713898	11.713272	1106	0	0.068928	0.06421
1030.3270001411438	95.038944	1106	0	0.069369	0.06421
1030.4950001239777	3.33112	1594	0	0.090855	0.078065
1032.3270001411438	12.992592	1108	0	0.068753	0.06421
1032.490999698639	102.657048	1792	0	0.087825	0.078065
1034.3250000476837	54.9528	1118	0	0.066795	0.06421
1034.490999698639	106.623896	1802	0	0.088302	0.077632
1036.3280000686646	56.431024	1110	0	0.065637	0.06421
1036.4889998435974	111.062416	1864	0	0.087408	0.077632
1038.490999698639	124.67092	2082	0	0.089379	0.077632
1040.4920001029968	2.872152	2132	0	0.087643	0.077632
1042.4889998435974	135.426528	2186	0	0.089261	0.077632
1044.4879999160767	138.462664	2196	0	0.088028	0.077632
1046.4889998435974	147.860184	2509	0	0.089783	0.077632
1048.4899997711182	161.805216	2482	0	0.087552	0.077632
1050.4899997711182	3.28524	2670	0	0.087958	0.077632
1052.4939999580383	175.938864	2737	0	0.093738	0.077632
1054.490999698639	5.392768	2770	0	0.088679	0.077632
1056.4889998435974	157.7476	2770	0	0.088409	0.077632
1056.9249999523163	94.966216	647	634	0.068692	0.063838
1057.1280000209808	94.92332	1110	15	0.068394	0.063838
1057.4139997959137	29.575344	1108	0	0.068829	0.063838
1057.7009999752045	81.66252	1097	0	0.066043	0.063838
1058.0499999523163	6.760056	1112	0	0.069152	0.063838
1058.3090000152588	93.661536	1120	0	0.067017	0.063838
1058.4939999580383	163.278832	2860	0	0.08754	0.077632
1058.595999956131	36.749176	1126	0	0.068494	0.063838
1058.8589997291565	66.730112	1104	0	0.065441	0.063838
1059.069000005722	94.51808	1114	0	0.068825	0.063838
1060.3739998340607	94.23888	1122	0	0.069268	0.063838
1060.4930000305176	4.783736	2694	0	0.088941	0.077224
1062.375	15.426856	1116	0	0.068961	0.063838
1062.486999988556	135.752296	2680	0	0.093303	0.077224
1064.3769998550415	1.448272	1084	0	0.069809	0.063838
1064.4899997711182	3.428512	2568	0	0.093456	0.077224
1066.3759999275208	93.971768	1092	0	0.066703	0.063838
1066.4879999160767	145.726184	2250	0	0.086953	0.077224
1068.375	93.98068	1092	0	0.069033	0.063838
1068.4969999790192	140.225008	2258	0	0.08873	0.077224
1070.380000114441	93.98068	1098	0	0.06692	0.063838
1070.4879999160767	132.613536	4	0	0.086713	0.077224
1072.378999710083	15.422528	1092	0	0.067027	0.063838
1072.4899997711182	132.613536	2362	0	0.088742	0.077224
1074.3769998550415	92.714552	1144	0	0.068234	0.063838
1074.4879999160767	4.54288	2232	0	0.087869	0.077224
1076.3769998550415	68.119848	1142	0	0.065739	0.063838
1076.490999698639	143.034608	2318	0	0.086941	0.077224
1078.375	3.646472	1096	0	0.068952	0.063838
1078.4960000514984	3.862736	2472	0	0.088249	0.077224
1080.3759999275208	17.504008	1100	0	0.069606	0.063838
1080.4899997711182	164.139584	2538	0	0.088605	0.077224
1082.3759999275208	94.304512	1108	0	0.066618	0.063838
1082.490999698639	141.435456	2538	0	0.088333	0.077224
1084.3769998550415	23.955312	1106	0	0.068998	0.063838
1084.490999698639	4.791296	2662	0	0.088312	0.077224
1086.375	94.36416	1106	0	0.069205	0.063838
1086.4879999160767	144.792288	2662	0	0.092648	0.077224
1088.3769998550415	94.22184	1110	0	0.069363	0.063838
1088.4889998435974	4.846472	2462	0	0.088781	0.077224
1090.3759999275208	12.16988	1110	0	0.069096	0.063838
1090.486999988556	126.123504	2462	0	0.087327	0.077224
1092.3769998550415	91.286744	1106	0	0.067365	0.063838
1092.4920001029968	108.553216	2200	0	0.089254	0.077224
1094.3769998550415	94.9354	1100	0	0.068	0.063838
1094.4899997711182	123.406096	2216	0	0.08517	0.077224
1096.3759999275208	11.667648	1102	0	0.070897	0.063838
1096.4879999160767	116.312528	1952	0	0.09097	0.077224
1098.3769998550415	94.580344	1102	0	0.069204	0.063838
1098.490999698639	4.460016	1908	0	0.087415	0.077224
1100.3779997825623	89.771352	1100	0	0.066955	0.063838
1100.4920001029968	128.411864	2000	0	0.089019	0.077224
1102.3769998550415	0.532488	1110	0	0.069282	0.063838
1102.4889998435974	3.409296	2404	0	0.08891	0.077224
1104.3759999275208	21.721192	1072	0	0.069414	0.063838
1104.4889998435974	153.305304	2474	0	0.087548	0.077224
1106.375	94.629824	1108	0	0.066867	0.063838
1106.486999988556	144.772256	2492	0	0.089182	0.077224
1108.3779997825623	43.552136	1098	0	0.065804	0.063838
1108.4879999160767	3.595848	2444	0	0.089488	0.077224
1110.3769998550415	93.640424	1106	0	0.066104	0.063838
1110.490999698639	140.791072	2512	0	0.089313	0.077224
1112.3769998550415	9.251344	1108	0	0.06925	0.063838
1112.490999698639	3.108696	2494	0	0.089254	0.077224
1114.3769998550415	93.963216	1108	0	0.068627	0.063838
1114.4889998435974	148.728984	2448	0	0.093228	0.077224
1116.3769998550415	94.018992	1112	0	0.069333	0.063838
1116.4969999790192	141.895168	2448	0	0.090099	0.077224
1118.380000114441	25.908208	1106	0	0.068844	0.063838
1118.4889998435974	136.509256	2448	0	0.089444	0.077224
1120.3769998550415	67.966448	1100	0	0.067263	0.063838
1120.486999988556	166.611048	2477	0	0.088058	0.077224
1122.3779997825623	56.634088	1088	0	0.065538	0.063838
1122.4889998435974	3.418752	2692	0	0.089443	0.077224
1124.3779997825623	94.306848	1088	0	0.065862	0.063838
1124.4889998435974	185.666088	4	0	0.089022	0.077224
1126.3769998550415	12.359784	1086	0	0.068725	0.063838
1126.4879999160767	3.558648	3050	0	0.088901	0.077224
1128.3779997825623	94.584304	1090	0	0.069669	0.063838
1128.490999698639	188.376096	3000	0	0.088661	0.077224
1130.3759999275208	14.412632	1090	0	0.066766	0.063838
1130.4899997711182	159.574256	3000	0	0.088371	0.077224
1132.375	94.512608	1088	0	0.068894	0.063838
1132.486999988556	2.971032	2930	0	0.106447	0.077224
1134.3769998550415	13.91028	1090	0	0.069336	0.063838
1134.486999988556	141.68556	2930	0	0.089517	0.077224
1136.3759999275208	92.037584	4	0	0.06582	0.063838
1136.490999698639	3.145632	2524	0	0.088582	0.077224
1138.3759999275208	94.379256	1092	0	0.066256	0.063838
1138.490999698639	129.947552	2180	0	0.088588	0.077224
1140.375	94.268344	1096	0	0.068632	0.063838
1140.4889998435974	131.946024	2180	0	0.088903	0.077224
1142.3769998550415	17.000928	1088	0	0.069305	0.063838
1142.4899997711182	143.4686	4	0	0.088341	0.077224
1144.3759999275208	93.97308	1096	0	0.066772	0.063838
1144.4879999160767	22.333832	2248	0	0.090425	0.077224
1146.3779997825623	25.866856	1090	0	0.069105	0.063838
1146.4889998435974	2.8592	2164	0	0.087756	0.077224
1148.378999710083	94.102912	1092	0	0.0689	0.063838
1148.4889998435974	134.459944	2172	0	0.089343	0.077224
1150.3769998550415	3.007936	1096	0	0.068676	0.063838
1150.4899997711182	5.378888	2170	0	0.085898	0.077224
1152.3769998550415	7.7896	1097	0	0.068977	0.063838
1152.4889998435974	133.03724	2212	0	0.091055	0.077224
1154.3759999275208	21.371272	4	0	0.066871	0.063838
1154.4899997711182	137.296072	2212	0	0.090557	0.077224
1156.3779997825623	19.044224	1094	0	0.068977	0.063838
1156.4879999160767	132.151248	2264	0	0.087217	0.077224
1158.3779997825623	92.90424	1088	0	0.065873	0.063838
1158.486999988556	133.43136	2264	0	0.088074	0.077224
1160.380000114441	93.352936	1094	0	0.067639	0.063838
1160.4889998435974	3.878616	2234	0	0.088246	0.077224
1162.3759999275208	26.112456	1092	0	0.069365	0.063838
1162.4889998435974	141.124008	2166	0	0.087746	0.077224
1164.3769998550415	94.478584	1090	0	0.069138	0.063838
1164.4889998435974	133.322672	2166	0	0.088377	0.077224
1166.3769998550415	2.888272	1086	0	0.068762	0.063838
1166.4879999160767	139.290864	2515	0	0.093596	0.077224
1168.378999710083	94.3438	1088	0	0.066229	0.063838
1168.4879999160767	147.22528	2590	0	0.089757	0.077224
1170.3769998550415	94.453344	1092	0	0.069235	0.063838
1170.4939999580383	4.243648	2754	0	0.087048	0.077224
1172.378999710083	30.748016	1088	0	0.06801	0.063838
1172.4920001029968	152.471912	2809	0	0.087269	0.077224
1174.3769998550415	48.485792	1092	0	0.06857	0.063838
1174.490999698639	2.009864	2578	0	0.088553	0.077224
1176.3769998550415	30.69192	1088	0	0.069052	0.063838
1176.490999698639	155.946888	2564	0	0.090438	0.077224
1178.3759999275208	94.460096	1092	0	0.066708	0.063838
1178.4879999160767	150.501952	2596	0	0.093107	0.077224
1180.3769998550415	18.56348	1092	0	0.069479	0.063838
1180.4889998435974	1.793144	2592	0	0.091192	0.077224
1182.3759999275208	95.166416	1098	0	0.068249	0.063838
1182.4859998226166	149.404144	2592	0	0.088041	0.077224
1184.3779997825623	6.68388	1096	0	0.068972	0.063838
1184.4879999160767	4.915112	2382	0	0.102224	0.077224
1186.450999736786	93.787432	1096	0	0.066626	0.063838
1186.4879999160767	145.965008	4	0	0.09058	0.077224
1188.4859998226166	145.965008	2328	0	0.094824	0.077224
1189.378999710083	94.376744	1094	0	0.069145	0.063838
1190.4879999160767	139.092128	2340	0	0.089269	0.077224
1191.378999710083	35.73244	1087	0	0.066561	0.063838
1192.4889998435974	152.308968	2444	0	0.087477	0.077224
1193.3779997825623	90.315432	1090	0	0.070264	0.063838
1194.4879999160767	3.525544	2731	0	0.088825	0.077224
1195.3779997825623	11.794568	1090	0	0.069136	0.063838
1196.4519999027252	94.219232	4	0	0.0669	0.063838
1196.4859998226166	116.6162	2738	0	0.116348	0.077224
1198.4889998435974	120.453152	2764	0	0.085213	0.077224
1199.3759999275208	94.093808	1092	0	0.068956	0.063838
1200.4899997711182	141.683192	2618	0	0.08903	0.077224
1201.3759999275208	92.978992	1180	0	0.065797	0.063838
1202.4889998435974	134.147904	2216	0	0.086709	0.077224
1203.3769998550415	9.297368	1174	0	0.069335	0.063838
1204.4899997711182	3.637128	2136	0	0.093226	0.077224
1205.3769998550415	93.108792	1174	0	0.067427	0.063838
1206.4950001239777	91.537096	2136	0	0.090961	0.077224
1207.3779997825623	94.498376	1096	0	0.06647	0.063838
1208.486999988556	5.655	1582	0	0.086497	0.077224
1209.3779997825623	43.631576	1089	0	0.065694	0.063838
1210.4519999027252	93.87208	1094	0	0.066394	0.063838
1210.486999988556	105.50608	1738	0	0.086025	0.077224
1212.486999988556	105.50608	1722	0	0.087131	0.077224
1213.3779997825623	94.344344	1094	0	0.068105	0.063838
1214.4889998435974	105.50608	1784	0	0.089095	0.077224
1215.3779997825623	13.79004	1092	0	0.069104	0.063838
1216.4889998435974	108.870048	1858	0	0.088834	0.077224
1217.3769998550415	94.315784	1092	0	0.069318	0.063838
1218.486999988556	4.010664	2010	0	0.088022	0.077224
1219.3779997825623	8.237672	1090	0	0.068973	0.063838
1220.452999830246	27.000408	1120	0	0.066639	0.063838
1220.4899997711182	129.01224	2134	0	0.09096	0.077224
1222.4889998435974	3.785752	2281	0	0.087007	0.077224
1223.3779997825623	29.138288	1112	0	0.06951	0.063838
1224.4889998435974	141.69356	2253	0	0.086784	0.077224
1225.3769998550415	93.664648	1098	0	0.066221	0.063838
1226.7400000095367	136.033264	2304	0	0.08811	0.077224
1227.3759999275208	92.32736	1104	0	0.068327	0.063838
1228.7400000095367	114.859544	2304	0	0.087555	0.077224
1229.3779997825623	18.512992	1090	0	0.068732	0.063838
1230.7400000095367	149.112048	2304	0	0.089089	0.077224
1231.3779997825623	94.45016	1090	0	0.06952	0.063838
1232.7400000095367	3.183464	2506	0	0.088806	0.077224
1233.3759999275208	11.580368	1088	0	0.068903	0.063838
1234.450999736786	94.614424	1090	0	0.066235	0.063838
1234.7389998435974	160.242192	2644	0	0.090607	0.077224
1236.6619999408722	3.233264	2554	0	0.088891	0.077224
1237.3779997825623	31.955304	1101	0	0.068572	0.063838
1238.7389998435974	145.676704	2554	0	0.091278	0.077224
1239.378999710083	94.348992	1104	0	0.069335	0.063838
1240.7379999160767	147.403376	2534	0	0.089762	0.077224
1241.3779997825623	19.806648	1092	0	0.068928	0.063838
1242.7400000095367	3.131752	2610	0	0.090836	0.077224
1243.3779997825623	29.634488	1095	0	0.067911	0.063838
1244.4519999027252	41.475096	4	0	0.066236	0.063838
1244.7379999160767	171.138952	2696	0	0.089902	0.077224
1246.7379999160767	3.387584	2708	0	0.088319	0.077224
1247.3779997825623	27.903608	1091	0	0.067795	0.063838
1248.7389998435974	163.028576	2802	0	0.088422	0.077224
1249.3779997825623	94.951056	1092	0	0.06898	0.063838
1250.736999988556	158.511256	2760	0	0.087659	0.077224
1251.378999710083	94.74468	1098	0	0.067752	0.063838
1252.7389998435974	92.810736	2758	0	0.089355	0.077224
1253.380000114441	19.943952	1102	0	0.068908	0.063838
1254.7409999370575	129.747128	2608	0	0.103942	0.077224
1255.3779997825623	29.848264	1108	0	0.069284	0.063838
1256.7400000095367	5.432552	2546	0	0.096626	0.077224
1257.378999710083	25.829728	1108	0	0.068979	0.063838
1258.7439999580383	148.906136	2486	0	0.087278	0.077224
1259.3769998550415	8.931152	1112	0	0.066867	0.063838
1260.657999753952	3.425136	2468	0	0.086134	0.077224
1261.380000114441	29.171944	1106	0	0.068124	0.063838
1262.7360000610352	152.664992	2488	0	0.088258	0.077224
1263.3769998550415	88.990168	1096	0	0.069227	0.063838
1264.7389998435974	159.184552	2568	0	0.089094	0.077224
1265.378999710083	11.9572	1100	0	0.068925	0.063838
1266.7400000095367	4.930232	2668	0	0.091645	0.077224
1267.3869998455048	94.910008	1100	0	0.069661	0.063838
1268.7379999160767	153.804192	4	0	0.087858	0.077224
1269.378999710083	8.982224	1104	0	0.066812	0.063838
1270.7379999160767	2.05044	2854	0	0.086629	0.077224
1271.3779997825623	92.213328	1104	0	0.065744	0.063838
1272.7379999160767	154.972864	2762	0	0.089027	0.077224
1273.3810000419617	20.547832	1104	0	0.069189	0.063838
1274.736999988556	130.680216	2762	0	0.088927	0.077224
1275.378999710083	93.736144	1116	0	0.068033	0.063838
1276.7409999370575	5.035704	2586	0	0.095848	0.077224
1277.380000114441	5.491688	1106	0	0.069572	0.063838
1278.7360000610352	157.661304	2538	0	0.089231	0.077224
1279.378999710083	55.53312	1102	0	0.068499	0.063838
1280.7360000610352	5.494136	2658	0	0.088998	0.077224
1281.380000114441	61.991088	1099	0	0.065746	0.063838
1282.7469997406006	172.60224	4	0	0.090549	0.077224
1283.3769998550415	92.329896	1100	0	0.065831	0.063838
1284.6569998264313	5.894696	2764	0	0.08712	0.077224
1285.378999710083	18.541312	1100	0	0.069214	0.063838
1286.7389998435974	114.8714	2804	0	0.089822	0.077224
1287.3779997825623	91.737576	1092	0	0.065748	0.063838
1288.7360000610352	140.349832	2742	0	0.08752	0.077224
1289.3769998550415	94.106728	1102	0	0.066714	0.063838
1290.7379999160767	5.30276	2228	0	0.088939	0.077224
1291.3769998550415	8.410656	1094	0	0.06876	0.063838
1292.736999988556	114.738456	2228	0	0.088039	0.077224
1293.3779997825623	92.56984	1094	0	0.065675	0.063838
1294.7400000095367	4.5864	2062	0	0.087841	0.077224
1295.3769998550415	92.56984	1096	0	0.067007	0.063838
1296.7400000095367	68.886792	1980	0	0.087207	0.077224
1297.3759999275208	93.671648	1102	0	0.066384	0.063838
1298.7419998645782	75.947712	4	0	0.089259	0.077224
1299.3769998550415	94.699432	1104	0	0.066548	0.063838
1300.736999988556	75.947712	1826	0	0.099152	0.077224
1301.3779997825623	94.42476	1098	0	0.066944	0.063838
1302.7409999370575	75.947712	1764	0	0.085557	0.077224
1303.378999710083	93.97992	1098	0	0.066673	0.063838
1304.7379999160767	1.728376	1196	0	0.089492	0.077224
1305.380000114441	18.201624	1094	0	0.068587	0.063838
1306.7409999370575	84.055784	1371	0	0.087863	0.077224
1307.3819999694824	93.294128	1092	0	0.065884	0.063838
1308.5920000076294	74.404224	1330	0	0.087027	0.077224
1309.380000114441	94.280864	1096	0	0.069521	0.063838
1310.7389998435974	42.885496	1461	0	0.093231	0.077224
1311.3779997825623	50.495504	1096	0	0.06939	0.063838
1312.7409999370575	85.9498	1540	0	0.087362	0.076816
1313.3779997825623	34.494872	1094	0	0.068505	0.063838
1314.7400000095367	88.879712	1690	0	0.086469	0.076816
1315.378999710083	15.206528	1090	0	0.068814	0.063838
1316.7430000305176	80.786648	1600	0	0.106256	0.076816
1317.3779997825623	92.13888	1094	0	0.065804	0.063838
1318.7379999160767	93.880184	1792	0	0.097014	0.076816
1319.3779997825623	8.306736	1088	0	0.069598	0.063838
1320.7389998435974	94.561912	1792	0	0.09427	0.076816
1321.3769998550415	91.909712	1078	0	0.065747	0.063838
1322.736999988556	110.0768	1876	0	0.086316	0.076816
1323.3769998550415	2.141248	1088	0	0.068895	0.063838
1324.7400000095367	118.401904	2100	0	0.089143	0.076816
1325.3779997825623	94.139512	1094	0	0.067768	0.063838
1326.7389998435974	131.123528	2061	0	0.089207	0.076816
1327.3810000419617	82.786344	1090	0	0.066006	0.063838
1328.7389998435974	4.61368	2164	0	0.088932	0.076816
1329.378999710083	94.040448	1090	0	0.066481	0.063838
1330.7439999580383	151.383552	2310	0	0.089126	0.076816
1331.378999710083	94.290272	1090	0	0.066562	0.063838
1332.6589999198914	3.674152	2348	0	0.087272	0.076816
1333.380000114441	34.057104	1085	0	0.066335	0.063838
1334.736999988556	159.8678	2598	0	0.08726	0.076816
1335.380000114441	93.844792	1086	0	0.066286	0.063838
1336.7400000095367	164.442016	2660	0	0.088288	0.076816
1337.3779997825623	5.1838	1100	0	0.069474	0.063838
1338.7400000095367	4.749896	2674	0	0.088681	0.076816
1339.380000114441	91.582688	1092	0	0.065885	0.063838
1340.7389998435974	163.870568	2680	0	0.091376	0.076816
1341.378999710083	27.349168	1090	0	0.066337	0.063838
1342.7379999160767	2.959768	3032	0	0.10065	0.076816
1343.378999710083	94.933016	1092	0	0.068929	0.063838
1344.7400000095367	166.474664	4	0	0.091496	0.076816
1345.378999710083	21.696168	1092	0	0.069094	0.063838
1346.7389998435974	166.474664	3110	0	0.088821	0.076816
1347.3779997825623	94.03412	1092	0	0.065904	0.063838
1348.7400000095367	166.474664	2734	0	0.08949	0.076816
1349.378999710083	95.386832	1094	0	0.066334	0.063838
1350.7430000305176	161.858072	2762	0	0.087949	0.076816
1351.378999710083	0.17848	1102	0	0.066995	0.063838
1352.7389998435974	4.027488	2762	0	0.08991	0.076816
1353.3779997825623	95.263616	1110	0	0.069256	0.063838
1354.7400000095367	161.50096	2588	0	0.090259	0.076816
1355.3779997825623	20.440896	1108	0	0.066924	0.063838
1356.6630001068115	5.2718	2580	0	0.088798	0.076816
1357.380000114441	94.230312	1112	0	0.068573	0.064226
1358.7360000610352	134.183696	2500	0	0.088866	0.076816
1359.3769998550415	0.031824	1114	0	0.069371	0.064226
1360.7379999160767	131.828976	4	0	0.102601	0.076816
1361.3779997825623	94.266896	1096	0	0.067137	0.064226
1362.7350001335144	5.157	2494	0	0.08817	0.076816
1363.3769998550415	12.027064	1088	0	0.069402	0.064226
1364.7350001335144	151.042784	2314	0	0.091585	0.076816
1365.3759999275208	94.483752	1088	0	0.066906	0.064226
1366.736999988556	2.773744	2320	0	0.087382	0.076816
1367.3779997825623	22.86012	1088	0	0.069071	0.064226
1368.736999988556	148.937008	2302	0	0.086952	0.076816
1369.3779997825623	94.685792	1088	0	0.069281	0.064226
1370.736999988556	146.124416	2302	0	0.087706	0.076816
1371.3779997825623	2.671664	1088	0	0.068655	0.064226
1372.7400000095367	5.549416	2352	0	0.088334	0.076816
1373.3779997825623	94.624864	1092	0	0.067893	0.064226
1374.736999988556	85.571576	2352	0	0.088548	0.076816
1375.378999710083	7.233152	1092	0	0.068952	0.064226
1376.7400000095367	3.582208	2380	0	0.087478	0.076816
1377.378999710083	94.66968	1100	0	0.069257	0.064226
1378.7330000400543	132.935592	4	0	0.096927	0.076816
1379.3779997825623	94.087264	1106	0	0.066713	0.064226
1380.6600000858307	5.47188	2376	0	0.088683	0.076816
1381.378999710083	20.128592	1090	0	0.069045	0.064197
1382.736999988556	151.610008	2480	0	0.089699	0.076816
1383.378999710083	93.239176	1088	0	0.065706	0.064197
1384.736999988556	145.016488	2546	0	0.088485	0.076816
1385.3810000419617	94.409288	1088	0	0.067359	0.064197
1386.7379999160767	5.176656	2526	0	0.08883	0.076816
1387.380000114441	31.17048	1082	0	0.066269	0.064197
1388.7439999580383	170.460936	2554	0	0.089073	0.076816
1389.380000114441	8.950688	1118	0	0.067038	0.064197
1390.7389998435974	2.843456	2801	0	0.09223	0.076816
1391.3769998550415	42.146648	1108	0	0.065882	0.064197
1392.736999988556	158.992304	2802	0	0.089417	0.076816
1393.3869998455048	94.19756	1118	0	0.06988	0.064197
1394.7400000095367	146.662104	2880	0	0.089269	0.076816
1395.378999710083	8.723304	1104	0	0.068921	0.064197
1396.7419998645782	0.123712	2868	0	0.088494	0.076816
1397.375	93.075432	1104	0	0.065985	0.064197
1398.7439999580383	171.888864	2778	0	0.086788	0.076816
1399.3779997825623	23.427712	1107	0	0.069585	0.064197
1400.7379999160767	5.682816	2778	0	0.088433	0.076816
1401.3810000419617	94.63416	1106	0	0.068501	0.064197
1402.736999988556	137.083	2712	0	0.089702	0.076816
1403.375	93.993416	1112	0	0.06677	0.064197
1404.7379999160767	3.10876	2664	0	0.086209	0.076816
1405.3810000419617	40.135064	1102	0	0.065847	0.064197
1406.7360000610352	159.595136	2587	0	0.088411	0.076816
1407.3779997825623	84.044592	1104	0	0.066495	0.064197
1408.7379999160767	172.894512	2612	0	0.088609	0.076816
1409.3769998550415	93.958944	1106	0	0.069651	0.064197
1410.7350001335144	3.877344	2612	0	0.088685	0.076816
1411.378999710083	20.733624	1104	0	0.068988	0.064197
1412.736999988556	141.780272	4	0	0.090431	0.076816
1413.3779997825623	94.799784	1104	0	0.066045	0.064197
1414.7379999160767	4.844944	2662	0	0.087381	0.076816
1415.378999710083	25.788184	1108	0	0.068991	0.064197
1416.7379999160767	140.584816	2216	0	0.089112	0.076816
1417.378999710083	32.135848	1106	0	0.06929	0.064197
1418.7459998130798	138.300608	2216	0	0.087507	0.076816
1419.3779997825623	92.851816	1112	0	0.067124	0.064197
1420.744999885559	138.012504	2216	0	0.088706	0.076816
1421.378999710083	42.974896	1098	0	0.066025	0.064197
1422.7400000095367	138.924216	2254	0	0.09121	0.076816
1423.380000114441	93.37916	1094	0	0.065648	0.064197
1424.7389998435974	3.839848	2314	0	0.086355	0.076816
1425.3769998550415	0.889736	1090	0	0.069291	0.064197
1426.744999885559	135.28072	2314	0	0.090103	0.076816
1427.3779997825623	94.005696	1096	0	0.066738	0.064197
1428.7360000610352	3.81832	2348	0	0.087972	0.076816
1429.3769998550415	94.22876	1096	0	0.068539	0.064197
1430.7400000095367	79.176664	2348	0	0.085772	0.076816
1431.3769998550415	94.22876	1096	0	0.066343	0.064197
1432.7409999370575	79.176664	2348	0	0.086471	0.076816
1433.380000114441	29.342848	1102	0	0.06944	0.064197
1434.736999988556	146.109776	2192	0	0.086461	0.076816
1435.378999710083	92.409536	1098	0	0.065655	0.064197
1436.7379999160767	144.19596	2260	0	0.088449	0.076816
1437.3810000419617	92.42808	1104	0	0.065774	0.064197
1438.7389998435974	3.91728	2270	0	0.088532	0.076816
1439.3810000419617	21.670712	1119	0	0.068593	0.064197
1440.7389998435974	147.44196	2280	0	0.088124	0.076816
1441.378999710083	95.0484	1118	0	0.069798	0.064197
1442.7400000095367	151.054208	2355	0	0.089144	0.076816
1443.380000114441	9.30924	1090	0	0.0686	0.064197
1444.7360000610352	152.636944	2456	0	0.0892	0.076816
1445.388000011444	93.940552	1092	0	0.067438	0.064197
1446.736999988556	156.87604	2506	0	0.090643	0.076816
1447.380000114441	9.138016	1090	0	0.069478	0.064197
1448.7400000095367	3.869928	2506	0	0.089576	0.076816
1449.3810000419617	94.207824	1096	0	0.065703	0.064197
1450.7419998645782	166.96068	2509	0	0.088674	0.076816
1451.378999710083	59.053424	1086	0	0.065706	0.064197
1452.7379999160767	3.42344	2560	0	0.088724	0.076816
1453.380000114441	93.836152	1090	0	0.069095	0.064197
1454.7439999580383	155.335288	4	0	0.088262	0.076816
1455.3810000419617	17.051608	1087	0	0.069425	0.064197
1456.7379999160767	154.511832	2670	0	0.096468	0.076816
1457.378999710083	93.84644	1094	0	0.06856	0.064197
1458.7350001335144	4.78736	2589	0	0.086725	0.076816
1459.378999710083	19.2204	1094	0	0.069159	0.064197
1460.7389998435974	113.384592	2572	0	0.089446	0.076816
1461.380000114441	94.35508	1098	0	0.065909	0.064197
1462.7379999160767	1.811224	2522	0	0.089456	0.076816
1463.378999710083	94.183808	1106	0	0.067892	0.064197
1464.736999988556	129.829496	2482	0	0.087687	0.076816
1465.380000114441	93.243696	1106	0	0.06916	0.064197
1466.7400000095367	90.18804	2032	0	0.088958	0.076816
1467.3759999275208	20.5174	1100	0	0.068809	0.064197
1468.7539999485016	125.942488	2080	0	0.087558	0.076816
1469.3769998550415	93.420216	1100	0	0.065899	0.064197
1470.736999988556	140.23504	2122	0	0.089312	0.076816
1471.3779997825623	8.592872	1106	0	0.06687	0.064197
1472.7409999370575	2.73576	2098	0	0.095442	0.076816
1473.380000114441	13.917288	1111	0	0.070341	0.064197
1474.736999988556	141.707368	2174	0	0.088167	0.076816
1475.378999710083	92.584608	1098	0	0.06571	0.064197
1476.983999967575	4.143552	2252	0	0.086072	0.076816
1477.378999710083	14.835024	1102	0	0.068534	0.064197
1478.9869997501373	135.239008	2344	0	0.088565	0.076816
1479.380000114441	92.62448	1102	0	0.065884	0.064197
1480.9849998950958	147.52964	2355	0	0.090178	0.076816
1481.3769998550415	94.927648	1108	0	0.067848	0.064197
1482.9930000305176	84.811808	2440	0	0.100378	0.076816
1483.380000114441	15.861768	1096	0	0.069096	0.064197
1484.9879999160767	133.188032	2558	0	0.089855	0.076816
1485.378999710083	93.008776	1096	0	0.065646	0.064197
1486.9879999160767	3.023424	2562	0	0.087764	0.076816
1487.380000114441	94.81712	1100	0	0.067314	0.064197
1488.9879999160767	152.929824	2476	0	0.091598	0.076816
1489.3810000419617	9.805144	1106	0	0.069192	0.064197
1490.9920001029968	148.524472	2476	0	0.092042	0.076816
1491.3779997825623	93.202816	1106	0	0.065832	0.064197
1492.9879999160767	154.658728	2598	0	0.096069	0.076816
1493.378999710083	93.202816	1112	0	0.066071	0.064197
1494.9930000305176	34.159944	2598	0	0.091643	0.076816
1495.3810000419617	35.46384	1090	0	0.066411	0.064197
1496.994999885559	4.579248	2680	0	0.087321	0.076816
1497.3819999694824	93.17388	1092	0	0.069718	0.064197
1498.9879999160767	165.771072	2732	0	0.090027	0.076816
1499.3769998550415	87.812952	1088	0	0.066223	0.064197
1500.9879999160767	4.625632	3192	0	0.088617	0.076816
1501.378999710083	87.812952	1088	0	0.066043	0.064197
1502.9879999160767	31.486384	3192	0	0.088523	0.076816
1503.3819999694824	5.634	1082	0	0.069375	0.064197
1504.9930000305176	197.177952	3238	0	0.088173	0.076816
1505.3810000419617	8.217544	1084	0	0.068754	0.064197
1506.9899997711182	211.374904	3294	0	0.090227	0.076816
1507.378999710083	93.236824	1094	0	0.065868	0.064197
1508.9889998435974	0.116776	3356	0	0.094563	0.076816
1509.378999710083	27.88296	1092	0	0.066054	0.064197
1510.9869997501373	4.211184	2954	0	0.091859	0.076816
1511.380000114441	84.478328	1094	0	0.067164	0.064197
1512.9879999160767	175.68624	3100	0	0.090797	0.076816
1513.380000114441	57.266592	1089	0	0.065655	0.064197
1514.9879999160767	166.002568	3100	0	0.093938	0.076816
1515.3819999694824	93.997168	1090	0	0.068049	0.064197
1516.9889998435974	186.358296	3066	0	0.088236	0.076816
1517.3779997825623	94.629624	1088	0	0.067859	0.064197
1518.9859998226166	199.848368	3242	0	0.093049	0.076816
1519.3810000419617	94.407896	1088	0	0.066357	0.064197
1520.9939999580383	2.896376	3252	0	0.088422	0.076816
1521.380000114441	94.487256	1090	0	0.067604	0.064197
1522.9869997501373	200.310504	3225	0	0.109128	0.076816
1523.3819999694824	94.92508	1090	0	0.066951	0.064197
1524.9889998435974	4.0364	3230	0	0.089751	0.076816
1525.3810000419617	94.3714	1090	0	0.068227	0.064197
1526.9879999160767	192.530696	3194	0	0.092184	0.076816
1527.378999710083	41.811344	1090	0	0.067903	0.064197
1528.9869997501373	213.733936	3584	0	0.098079	0.076816
1529.3819999694824	52.513592	1090	0	0.068603	0.064197
1530.9899997711182	202.468552	3584	0	0.090155	0.076816
1531.3810000419617	90.585512	1090	0	0.067028	0.064197
1532.9869997501373	204.48668	3596	0	0.090655	0.076816
1533.3810000419617	38.442216	1104	0	0.066757	0.064197
1534.9849998950958	186.36056	3651	0	0.08931	0.076816
1535.378999710083	59.277728	1099	0	0.065664	0.064197
1536.9869997501373	153.57624	3516	0	0.097461	0.076816
1537.380000114441	94.217752	1104	0	0.06964	0.064197
1538.9859998226166	172.949256	3500	0	0.100348	0.076816
1539.380000114441	4.136216	1104	0	0.068951	0.064197
1540.9869997501373	152.69176	3324	0	0.092268	0.076816
1541.380000114441	13.234928	1128	0	0.124637	0.064197
1542.983999967575	192.755408	3324	0	0.092078	0.076816
1543.3849999904633	82.963568	1106	0	0.067484	0.064197
1544.9869997501373	4.851144	3138	0	0.090569	0.076816
1545.378999710083	64.316216	1108	0	0.068977	0.064197
1546.9869997501373	172.752872	3138	0	0.093907	0.076816
1547.3759999275208	8.967552	1090	0	0.066922	0.064197
1548.983999967575	3.19296	3114	0	0.08726	0.076816
1549.3810000419617	93.77572	1090	0	0.066245	0.064197
1550.9899997711182	122.14672	3122	0	0.087753	0.076816
1551.3810000419617	4.640712	1088	0	0.068967	0.064197
1552.9869997501373	158.313664	2656	0	0.088526	0.076816
1553.3779997825623	94.503032	1094	0	0.068689	0.064197
1554.9869997501373	5.380536	2448	0	0.088411	0.076816
1555.3810000419617	94.952432	1104	0	0.069241	0.064197
1556.9879999160767	132.5062	2448	0	0.097656	0.076816
1557.380000114441	23.123696	1098	0	0.066887	0.064197
1558.9920001029968	1.868072	2368	0	0.087756	0.076816
1559.378999710083	94.479976	1096	0	0.066464	0.064197
1560.9889998435974	157.1818	2576	0	0.091722	0.076816
1561.3779997825623	22.8304	1090	0	0.069057	0.064197
1562.9869997501373	150.677072	4	0	0.089902	0.076816
1563.3779997825623	94.61944	1090	0	0.068774	0.064197
1564.9899997711182	150.677072	2654	0	0.088896	0.076816
1565.378999710083	92.68864	1096	0	0.065759	0.064197
1566.9869997501373	134.267088	2654	0	0.089661	0.076816
1567.380000114441	0.174736	1088	0	0.066848	0.064197
1568.9879999160767	3.356624	2482	0	0.087216	0.076816
1569.3819999694824	93.353288	1088	0	0.066039	0.064197
1571.0179998874664	102.521936	2678	0	0.099743	0.076816
1571.380000114441	93.353288	1094	0	0.065713	0.064197
1572.9920001029968	3.105584	2310	0	0.089213	0.076816
1573.380000114441	21.20028	1094	0	0.069265	0.064197
1574.994999885559	91.860672	2614	0	0.12751	0.076816
1575.3779997825623	94.797384	1100	0	0.068986	0.064197
1576.9849998950958	137.286368	2458	0	0.088748	0.076816
1577.378999710083	90.476952	1108	0	0.069261	0.064197
1578.9899997711182	3.814912	2258	0	0.087916	0.076816
1579.3810000419617	21.219736	1102	0	0.069036	0.064197
1580.9869997501373	139.710056	2258	0	0.088054	0.076816
1581.378999710083	93.646616	1100	0	0.066018	0.064197
1582.983999967575	3.655752	2200	0	0.087208	0.076816
1583.380000114441	20.323888	1105	0	0.069364	0.064197
1584.9899997711182	146.360672	2210	0	0.087872	0.076816
1585.3810000419617	93.998656	1106	0	0.06962	0.064197
1586.9879999160767	111.440296	2372	0	0.100133	0.076816
1587.380000114441	16.509072	1106	0	0.069047	0.064197
1588.9889998435974	130.576024	2372	0	0.094314	0.076816
1589.3810000419617	93.856048	1110	0	0.06714	0.064197
1590.9830000400543	137.959416	2372	0	0.093247	0.076816
1591.3810000419617	93.81252	1106	0	0.065612	0.064197
1592.9849998950958	145.710056	2484	0	0.088139	0.076816
1593.3810000419617	27.598104	1098	0	0.069154	0.064197
1594.9960000514984	147.875312	2502	0	0.087782	0.076816
1595.3819999694824	94.439312	1100	0	0.066896	0.064197
1596.9889998435974	3.753248	2378	0	0.088227	0.076816
1597.380000114441	74.519008	1100	0	0.066064	0.064197
1598.9849998950958	163.202272	2549	0	0.089753	0.076816
1599.3810000419617	94.892864	1090	0	0.068181	0.064197
1600.9859998226166	151.613176	2584	0	0.089416	0.076816
1601.378999710083	5.052056	1088	0	0.069249	0.064197
1602.9869997501373	4.841688	2566	0	0.089766	0.076816
1603.378999710083	94.929184	1088	0	0.069806	0.064197
1604.994999885559	162.552832	2566	0	0.090017	0.076816
1605.380000114441	93.689384	1092	0	0.066239	0.064197
1606.9939999580383	154.166392	2658	0	0.08759	0.076816
1607.3810000419617	93.90196	1090	0	0.066242	0.064197
1608.9869997501373	73.433592	2590	0	0.090105	0.076816
1609.3819999694824	15.064336	1109	0	0.068863	0.064197
1610.9920001029968	172.005432	2678	0	0.09099	0.076816
1611.3819999694824	94.314704	1118	0	0.069627	0.064197
1612.9889998435974	138.537664	2760	0	0.115682	0.078211
1613.3810000419617	94.7114	1104	0	0.069478	0.064197
1614.9889998435974	182.95196	3160	0	0.092037	0.078211
1615.378999710083	0.891872	1110	0	0.069926	0.064197
1616.9859998226166	4.314736	3160	0	0.096959	0.078211
1617.3830001354218	36.025088	1099	0	0.065894	0.064197
1618.991000175476	181.821968	3086	0	0.092615	0.078211
1619.3779997825623	94.397104	1106	0	0.066345	0.064197
1620.9849998950958	2.326768	3206	0	0.094749	0.078211
1621.3830001354218	94.397104	1106	0	0.066117	0.064197
1622.9879999160767	1.99676	3206	0	0.092222	0.078211
1623.3779997825623	84.369424	1100	0	0.066178	0.064197
1624.9849998950958	193.549024	3150	0	0.095661	0.078211
1625.3810000419617	93.99924	1096	0	0.068704	0.064197
1626.9879999160767	126.70484	3150	0	0.090121	0.078211
1627.3810000419617	94.694304	1108	0	0.067122	0.064197
1628.9849998950958	158.495992	3086	0	0.089668	0.078211
1629.3819999694824	10.147056	1165	0	0.069828	0.064197
1630.9849998950958	3.620536	3086	0	0.089534	0.078211
1631.3819999694824	94.469168	1252	0	0.067626	0.064197
1632.9879999160767	133.622056	2500	0	0.090787	0.078211
1633.3840000629425	21.65636	1250	0	0.069205	0.064197
1634.9859998226166	170.135848	2686	0	0.087612	0.078211
1635.380000114441	93.445704	1102	0	0.065734	0.064197
1636.991000175476	156.528	2648	0	0.089738	0.078211
1637.380000114441	93.907688	1110	0	0.068672	0.064197
1638.9869997501373	142.4594	4	0	0.088069	0.078211
1639.378999710083	0.177544	1102	0	0.066249	0.064197
1640.9960000514984	3.2714	2714	0	0.088062	0.078211
1641.378999710083	28.798808	1102	0	0.067987	0.064197
1642.9859998226166	128.70968	2654	0	0.088389	0.078211
1643.3779997825623	45.260256	1108	0	0.065983	0.064197
1644.9869997501373	3.318688	2654	0	0.086302	0.078211
1645.3779997825623	45.260256	1108	0	0.066262	0.064197
1646.9859998226166	26.45584	2654	0	0.089537	0.078211
1647.380000114441	45.260256	1114	0	0.065964	0.064197
1648.9849998950958	14.16624	1922	0	0.086979	0.078211
1649.378999710083	45.260256	1112	0	0.065995	0.064197
1650.9849998950958	3.204608	916	0	0.090019	0.078211
1651.380000114441	45.260256	1112	0	0.066239	0.064197
1652.9849998950958	17.964624	916	0	0.086129	0.078211
1653.3810000419617	45.260256	1112	0	0.065935	0.064197
1654.9849998950958	19.062008	900	0	0.083508	0.077389
1655.3810000419617	45.260256	1112	0	0.065964	0.064197
1656.983999967575	27.603144	900	0	0.085889	0.077389
1657.3759999275208	45.260256	1112	0	0.066256	0.064197
1658.983999967575	28.606592	858	0	0.085366	0.077389
1659.3779997825623	45.260256	1112	0	0.066933	0.064197
1660.9809999465942	28.606592	858	0	0.087099	0.077389
1661.380000114441	45.260256	1112	0	0.065831	0.064197
1662.9830000400543	28.606592	858	0	0.086385	0.077389
1663.378999710083	45.260256	1104	0	0.06597	0.064197
1664.9879999160767	28.606592	884	0	0.085071	0.077389
1665.3769998550415	45.260256	1104	0	0.066078	0.064197
1666.9830000400543	28.606592	910	0	0.086255	0.077389
1667.380000114441	45.260256	1104	0	0.066033	0.064197
1668.981999874115	28.606592	928	0	0.089533	0.077389
1669.3779997825623	45.260256	1094	0	0.066687	0.064197
1670.981999874115	28.606592	924	0	0.086455	0.077389
1671.380000114441	45.260256	1094	0	0.066265	0.064197
1672.9849998950958	28.606592	904	0	0.08354	0.077389
1673.3769998550415	45.260256	1094	0	0.066571	0.064197
1674.9849998950958	28.606592	904	0	0.084405	0.077389
1675.3810000419617	45.260256	1094	0	0.06687	0.064197
1676.9859998226166	28.606592	904	0	0.086566	0.077389
1677.378999710083	45.260256	1094	0	0.066013	0.064197
1678.9849998950958	28.606592	904	0	0.085159	0.077389
1679.378999710083	45.260256	1094	0	0.066237	0.064197
1680.9899997711182	28.606592	872	0	0.085447	0.077389
1681.378999710083	45.260256	1094	0	0.066602	0.064197
1682.9869997501373	28.606592	4	0	0.085499	0.077389
1683.3810000419617	47.747008	1094	0	0.067099	0.064254
1684.9830000400543	52.33052	914	0	0.087358	0.077389
1685.378999710083	47.747008	4	0	0.066851	0.064254
1686.9859998226166	52.33052	914	0	0.085275	0.077389
1687.378999710083	94.347648	1098	0	0.066174	0.064254
1688.9899997711182	63.543968	1026	0	0.084851	0.077389
1689.380000114441	94.347648	1104	0	0.066211	0.064254
1690.9849998950958	63.543968	1026	0	0.085105	0.077389
1691.380000114441	94.79612	1112	0	0.066658	0.064254
1692.983999967575	62.964224	1010	0	0.086021	0.0757
1693.3819999694824	94.79612	1108	0	0.065995	0.064254
1694.9859998226166	62.964224	1010	0	0.086452	0.0757
1695.3810000419617	94.79612	1108	0	0.065611	0.064254
1696.9859998226166	62.964224	1010	0	0.086655	0.0757
1697.378999710083	9.304248	1108	0	0.066351	0.064254
1698.9859998226166	72.1384	1028	0	0.087469	0.0757
1699.378999710083	0.53372	1090	0	0.069292	0.064254
1700.9849998950958	73.869096	1053	0	0.086062	0.0757
1701.380000114441	33.902528	1094	0	0.065621	0.064254
1702.9849998950958	73.869096	1116	0	0.086536	0.0757
1703.380000114441	33.902528	1102	0	0.065846	0.064254
1704.9889998435974	73.869096	1118	0	0.085675	0.0757
1705.380000114441	41.54624	1102	0	0.065737	0.064254
1706.9859998226166	73.869096	1090	0	0.08561	0.0757
1707.3810000419617	41.54624	1102	0	0.066108	0.064254
1708.9849998950958	73.869096	1090	0	0.085423	0.0757
1709.378999710083	41.54624	1102	0	0.065785	0.064254
1710.9849998950958	73.869096	1080	0	0.08471	0.0757
1711.3819999694824	41.54624	1102	0	0.065825	0.064254
1712.9859998226166	73.869096	1078	0	0.084159	0.0757
1713.3830001354218	13.987808	1100	0	0.06944	0.064254
1714.9849998950958	57.675784	1188	0	0.086852	0.0757
1715.380000114441	91.839416	1092	0	0.065694	0.064254
1716.9869997501373	73.424336	1188	0	0.085546	0.0757
1717.380000114441	93.198408	1084	0	0.066888	0.064254
1718.9830000400543	77.431776	1220	0	0.086104	0.0757
1719.378999710083	93.198408	1084	0	0.065684	0.064254
1720.9859998226166	77.431776	1330	0	0.092284	0.0757
1721.380000114441	93.198408	1084	0	0.066312	0.064254
1722.9930000305176	77.431776	1292	0	0.086886	0.0757
1723.380000114441	93.198408	1084	0	0.065791	0.064254
1724.9830000400543	77.431776	1292	0	0.088825	0.0757
1725.3739998340607	93.198408	1084	0	0.065685	0.064234
1727.2360000610352	77.431776	1290	0	0.086363	0.0757
1727.380000114441	93.198408	1084	0	0.06609	0.064234
1729.2360000610352	77.431776	1290	0	0.085563	0.0757
1729.378999710083	93.198408	1092	0	0.066097	0.064234
1731.077999830246	77.431776	1286	0	0.085098	0.0757
1731.3819999694824	93.198408	1092	0	0.065831	0.064234
1733.2409999370575	77.431776	1286	0	0.085049	0.0757
1733.3830001354218	93.198408	1092	0	0.06581	0.064234
1735.2379999160767	77.431776	1208	0	0.08673	0.0757
1735.380000114441	94.204336	1104	0	0.067158	0.064234
1737.2360000610352	82.06984	1240	0	0.085618	0.0757
1737.3810000419617	19.751872	1098	0	0.069048	0.064234
1739.2360000610352	93.172424	1441	0	0.087369	0.0757
1739.3810000419617	93.33724	1102	0	0.066214	0.064234
1741.2330000400543	101.333272	1546	0	0.085639	0.0757
1741.3779997825623	22.16836	1104	0	0.069197	0.064234
1743.2330000400543	102.195912	1612	0	0.086862	0.0757
1743.378999710083	93.860656	1106	0	0.067734	0.064234
1745.233999967575	92.171344	1628	0	0.087852	0.0757
1745.378999710083	94.826424	1106	0	0.067901	0.064234
1747.2330000400543	92.171344	1646	0	0.088679	0.0757
1747.380000114441	9.810352	1106	0	0.068753	0.064234
1749.233999967575	92.171344	1646	0	0.087758	0.0757
1749.380000114441	26.67184	1102	0	0.066589	0.064234
1751.2459998130798	97.408688	1852	0	0.088	0.0757
1751.3810000419617	87.508224	1090	0	0.066876	0.064234
1753.236999988556	112.289008	1930	0	0.087808	0.0757
1753.380000114441	94.917008	1090	0	0.069649	0.064234
1755.079999923706	7.06836	2026	0	0.085222	0.0757
1755.3819999694824	7.844888	1090	0	0.069182	0.064234
1757.2349998950958	131.252048	2085	0	0.086698	0.0757
1757.380000114441	5.688536	798	0	0.066501	0.064234
1759.2330000400543	138.257752	2172	0	0.088331	0.0757
1759.378999710083	91.058672	1068	0	0.067461	0.064207
1761.236999988556	5.57112	2342	0	0.087397	0.0757
1761.380000114441	16.730856	1100	0	0.068933	0.064207
1763.2349998950958	129.156704	2328	0	0.092174	0.0757
1763.380000114441	94.105144	1102	0	0.066669	0.064207
1765.2349998950958	2.067048	2294	0	0.087658	0.0757
1765.3810000419617	66.61952	1085	0	0.06577	0.064207
1767.2379999160767	156.806416	2490	0	0.089179	0.0757
1767.3840000629425	44.376504	1088	0	0.068847	0.064207
1769.2360000610352	169.282488	2718	0	0.088052	0.0757
1769.3810000419617	94.261272	1112	0	0.067612	0.064207
1771.236999988556	174.382424	2863	0	0.090266	0.0757
1771.3810000419617	79.015232	1100	0	0.066177	0.064207
1773.2349998950958	183.77876	2926	0	0.090696	0.0757
1773.380000114441	94.625288	1100	0	0.066677	0.064207
1775.2360000610352	3.29708	2926	0	0.086973	0.0757
1775.380000114441	0.180984	1100	0	0.06933	0.064207
1777.2409999370575	147.18588	2926	0	0.088553	0.0757
1777.380000114441	92.294904	1092	0	0.066022	0.064207
1779.1699998378754	3.309584	2570	0	0.089471	0.0757
1779.3819999694824	94.248352	1096	0	0.065811	0.064207
1781.2360000610352	160.619712	2618	0	0.091511	0.0757
1781.380000114441	15.522896	1090	0	0.070028	0.064207
1783.2360000610352	144.364968	2618	0	0.094416	0.0757
1783.3810000419617	93.367128	1091	0	0.066031	0.064207
1785.233999967575	3.376888	2618	0	0.086631	0.0757
1785.378999710083	31.540376	1088	0	0.068948	0.064207
1787.233999967575	163.232248	2656	0	0.089107	0.0757
1787.3810000419617	93.18916	1090	0	0.065975	0.064207
1789.233999967575	3.584776	2556	0	0.087636	0.0757
1789.3819999694824	92.74212	1096	0	0.066108	0.064207
1791.236999988556	126.376696	2556	0	0.087741	0.0757
1791.380000114441	22.22596	1096	0	0.069335	0.064207
1793.236999988556	120.624032	2534	0	0.088723	0.0757
1793.3819999694824	92.622032	1094	0	0.06578	0.064207
1795.2459998130798	100.348456	2654	0	0.089411	0.0757
1795.3810000419617	93.93144	1104	0	0.065824	0.064207
1797.2400000095367	159.956888	2524	0	0.092813	0.0757
1797.3810000419617	81.9256	1102	0	0.065795	0.064207
1799.2349998950958	3.30188	2810	0	0.089139	0.0757
1799.3830001354218	92.905312	1102	0	0.066161	0.064207
1801.2379999160767	174.722368	2872	0	0.089045	0.0757
1801.3819999694824	94.098168	1098	0	0.067294	0.064207
1803.157999753952	4.147768	2832	0	0.102667	0.0757
1803.3840000629425	94.193544	1106	0	0.067101	0.064207
1805.236999988556	144.217896	2926	0	0.105949	0.0757
1805.3819999694824	92.213328	1100	0	0.065855	0.064177
1807.2379999160767	72.691968	2926	0	0.107305	0.0757
1807.378999710083	93.105024	1104	0	0.067087	0.064177
1809.2320001125336	3.264808	2818	0	0.089961	0.0757
1809.3810000419617	93.105024	1104	0	0.065744	0.064177
1811.2349998950958	15.830792	2764	0	0.092081	0.0757
1811.380000114441	39.226664	1090	0	0.06678	0.064177
1813.233999967575	1.540624	2646	0	0.089061	0.0757
1813.3849999904633	43.596776	1090	0	0.065636	0.064177
1815.2379999160767	52.371264	2646	0	0.102973	0.0757
1815.3840000629425	92.655384	1088	0	0.067084	0.064177
1817.2349998950958	157.972192	2658	0	0.107738	0.0757
1817.3830001354218	93.945776	1094	0	0.065615	0.064177
1819.236999988556	166.754736	2598	0	0.089563	0.0757
1819.3849999904633	93.215008	1098	0	0.065718	0.064177
1821.2360000610352	157.334856	2662	0	0.093489	0.0757
1821.3810000419617	94.572104	1112	0	0.066192	0.064177
1823.236999988556	3.97792	2674	0	0.08704	0.0757
1823.3819999694824	93.454048	1106	0	0.065694	0.064177
1825.2459998130798	136.898816	2700	0	0.09204	0.0757
1825.3810000419617	94.98672	1100	0	0.066621	0.064177
1827.15900015831	5.544872	2701	0	0.087506	0.0757
1827.380000114441	87.47052	1098	0	0.066748	0.064177
1829.2349998950958	181.398312	2709	0	0.090242	0.0757
1829.3810000419617	93.20596	1098	0	0.06797	0.064177
1831.2360000610352	89.613088	2864	0	0.089149	0.0757
1831.3810000419617	94.365256	1104	0	0.066427	0.064177
1833.236999988556	5.51672	2864	0	0.088722	0.0757
1833.380000114441	10.803696	1102	0	0.068843	0.064177
1835.2349998950958	95.421856	2864	0	0.091045	0.0757
1835.380000114441	94.345432	1104	0	0.066076	0.064177
1837.2360000610352	3.396944	2018	0	0.087972	0.0757
1837.3810000419617	92.913488	1106	0	0.065973	0.064177
1839.2349998950958	69.084968	2018	0	0.088949	0.0757
1839.3810000419617	92.913488	1106	0	0.065877	0.064177
1841.2379999160767	47.968704	1512	0	0.088667	0.0757
1841.3819999694824	92.913488	1106	0	0.066546	0.064177
1843.2349998950958	47.968704	1530	0	0.086364	0.0757
1843.3819999694824	92.913488	1106	0	0.06644	0.064177
1845.2379999160767	47.968704	1530	0	0.08843	0.0757
1845.385999917984	20.642616	1100	0	0.066982	0.064177
1847.239000082016	99.803344	1664	0	0.088015	0.0757
1847.3810000419617	40.521624	4	0	0.066584	0.064177
1849.236999988556	99.803344	1664	0	0.087544	0.0757
1849.3810000419617	43.005424	1094	0	0.066032	0.064177
1851.2400000095367	99.803344	1574	0	0.088568	0.0757
1851.380000114441	94.675008	1098	0	0.065904	0.064177
1853.2349998950958	99.803344	4	0	0.086395	0.0757
1853.388000011444	94.675008	1098	0	0.066909	0.064177
1855.236999988556	99.803344	1614	0	0.086176	0.0757
1855.3810000419617	94.675008	1098	0	0.066065	0.064177
1857.233999967575	99.803344	1614	0	0.087263	0.0757
1857.3810000419617	10.69992	1090	0	0.068959	0.064177
1859.2400000095367	101.192928	1628	0	0.087571	0.0757
1859.3819999694824	92.945232	1088	0	0.066041	0.064177
1861.24799990654	101.192928	1628	0	0.085776	0.0757
1861.3819999694824	92.945232	1088	0	0.06586	0.064177
1863.2360000610352	101.192928	1628	0	0.088535	0.0757
1863.3810000419617	92.800896	1094	0	0.066197	0.064177
1865.233999967575	101.192928	4	0	0.087666	0.0757
1865.380000114441	9.1876	1094	0	0.068135	0.064177
1867.233999967575	101.192928	1664	0	0.0858	0.0757
1867.3810000419617	34.038104	1094	0	0.065686	0.064177
1869.2330000400543	101.192928	1664	0	0.087073	0.0757
1869.3840000629425	34.038104	1104	0	0.065871	0.064177
1871.2349998950958	101.192928	1664	0	0.087454	0.0757
1871.378999710083	23.886544	1111	0	0.069396	0.064177
1873.2330000400543	113.128072	1823	0	0.085867	0.0757
1873.380000114441	23.886544	1114	0	0.065792	0.064177
1875.167000055313	3.346352	1816	0	0.087132	0.0757
1875.378999710083	92.087048	1112	0	0.065719	0.064177
1877.233999967575	101.775984	1816	0	0.087925	0.0757
1877.3810000419617	92.087048	1112	0	0.065747	0.064177
1879.2349998950958	50.016168	1732	0	0.08856	0.0757
1879.3810000419617	92.087048	1118	0	0.065774	0.064177
1881.2409999370575	3.95708	1548	0	0.088295	0.0757
1881.3810000419617	92.087048	1108	0	0.065957	0.064177
1883.2360000610352	32.817464	1548	0	0.086531	0.0757
1883.3810000419617	92.087048	1108	0	0.065739	0.064177
1885.2379999160767	32.817464	1534	0	0.086478	0.0757
1885.3810000419617	92.087048	4	0	0.066009	0.064177
1887.239000082016	35.81364	1532	0	0.086997	0.0757
1887.380000114441	92.087048	1108	0	0.065694	0.064177
1889.2360000610352	35.81364	1532	0	0.088051	0.0757
1889.3810000419617	2.492184	1092	0	0.06885	0.064177
1891.236999988556	84.033776	1556	0	0.084852	0.0757
1891.3810000419617	93.84764	1094	0	0.068054	0.064177
1893.2330000400543	109.016976	1684	0	0.085771	0.0757
1893.3810000419617	93.637416	1106	0	0.066402	0.064177
1895.2360000610352	109.016976	1694	0	0.087699	0.0757
1895.3819999694824	21.729912	1102	0	0.069333	0.064177
1897.2400000095367	117.825416	1788	0	0.089868	0.0757
1897.3849999904633	3.780824	1110	0	0.069089	0.064177
1899.2379999160767	107.627224	1938	0	0.087798	0.0757
1899.3810000419617	93.992328	1108	0	0.067527	0.064177
1901.233999967575	124.16708	2022	0	0.086932	0.0757
1901.3819999694824	93.992328	1108	0	0.066494	0.064177
1903.233999967575	124.16708	2030	0	0.087969	0.0757
1903.3810000419617	93.995144	1114	0	0.066563	0.064177
1905.2349998950958	4.36108	2116	0	0.086899	0.0757
1905.3819999694824	1.24704	1096	0	0.068805	0.064177
1907.2409999370575	88.834928	2098	0	0.088495	0.0757
1907.3819999694824	94.013616	1106	0	0.066531	0.064177
1909.236999988556	3.897136	1852	0	0.086072	0.0757
1909.3810000419617	94.194904	1102	0	0.066061	0.064177
1911.242999792099	68.679696	1844	0	0.091354	0.0757
1911.3830001354218	3.805912	1098	0	0.06868	0.064177
1913.239000082016	68.679696	1844	0	0.088408	0.0757
1913.3819999694824	94.490888	1098	0	0.067956	0.064177
1915.233999967575	68.679696	1844	0	0.087583	0.0757
1915.3810000419617	94.155512	1112	0	0.06942	0.064177
1917.2349998950958	0.628632	1928	0	0.093088	0.0757
1917.3810000419617	8.95468	1106	0	0.066745	0.064177
1919.233999967575	54.016392	1983	0	0.088363	0.0757
1919.3830001354218	94.01192	1112	0	0.067275	0.064177
1921.2409999370575	54.016392	1976	0	0.086394	0.0757
1921.3819999694824	32.077592	1106	0	0.068197	0.064177
1923.2330000400543	4.578336	2322	0	0.089828	0.0757
1923.3810000419617	46.935552	1104	0	0.066839	0.064177
1925.233999967575	55.119968	2322	0	0.089907	0.0757
1925.380000114441	46.935552	1104	0	0.066155	0.064177
1927.2360000610352	18.821816	2322	0	0.087961	0.0757
1927.3810000419617	46.935552	1104	0	0.06611	0.064177
1929.2320001125336	3.200176	2104	0	0.087925	0.0757
1929.3779997825623	46.935552	1110	0	0.066234	0.064177
1931.233999967575	30.292304	4	0	0.092101	0.0757
1931.380000114441	46.935552	1110	0	0.065781	0.064177
1933.2379999160767	30.292304	990	0	0.086752	0.0757
1933.3819999694824	46.935552	4	0	0.066561	0.064177
1935.2330000400543	30.292304	960	0	0.084611	0.0757
1935.3810000419617	46.935552	1106	0	0.066605	0.064177
1937.2349998950958	30.292304	960	0	0.087526	0.0757
1937.380000114441	95.357568	1100	0	0.06742	0.064177
1939.2330000400543	68.797464	1018	0	0.087768	0.0757
1939.3810000419617	95.357568	1098	0	0.066321	0.064177
1941.233999967575	68.797464	1054	0	0.085477	0.0757
1941.3810000419617	14.35876	1088	0	0.067033	0.064177
1943.233999967575	70.066208	1134	0	0.08564	0.0757
1943.380000114441	94.231056	1088	0	0.067399	0.064177
1945.2349998950958	72.61568	1158	0	0.086539	0.0757
1945.3830001354218	87.771656	1106	0	0.071911	0.064177
1947.233999967575	71.92548	1278	0	0.087767	0.0757
1947.378999710083	14.583088	1100	0	0.069516	0.064177
1949.2320001125336	84.3942	1252	0	0.085593	0.0757
1949.3819999694824	31.325624	1100	0	0.066764	0.064177
1951.2330000400543	84.3942	1252	0	0.085866	0.0757
1951.380000114441	31.325624	1104	0	0.065906	0.064177
1953.233999967575	84.3942	1310	0	0.085119	0.0757
1953.3819999694824	34.730824	1108	0	0.067046	0.064177
1955.2349998950958	84.3942	1314	0	0.084944	0.0757
1955.3819999694824	8.961672	1090	0	0.066649	0.064177
1957.233999967575	92.955688	1400	0	0.085111	0.0757
1957.3810000419617	93.497848	1092	0	0.067594	0.064177
1959.2320001125336	86.730776	1400	0	0.088303	0.0757
1959.3830001354218	93.497848	1094	0	0.066703	0.064177
1961.2360000610352	86.730776	1400	0	0.087677	0.0757
1961.380000114441	5.69044	1094	0	0.069239	0.064177
1963.229999780655	95.423104	1448	0	0.085185	0.0757
1963.3810000419617	48.181536	1094	0	0.067601	0.064177
1965.2320001125336	95.423104	1448	0	0.086861	0.0757
1965.3819999694824	48.181536	1120	0	0.066063	0.064177
1967.233999967575	95.423104	1482	0	0.086939	0.0757
1967.3819999694824	48.181536	1120	0	0.066527	0.064177
1969.2309999465942	95.423104	1482	0	0.086181	0.0757
1969.3840000629425	9.100736	1114	0	0.06934	0.064177
1971.2309999465942	91.498976	1562	0	0.086381	0.0757
1971.3849999904633	94.383144	1114	0	0.068847	0.064177
1973.229999780655	104.864368	1744	0	0.088463	0.0757
1973.3830001354218	94.383144	1096	0	0.067047	0.064177
1975.236999988556	69.866336	1708	0	0.087709	0.0757
1975.3840000629425	84.566664	1096	0	0.066204	0.064177
1977.3819999694824	93.937248	4	0	0.066469	0.064177
1977.481999874115	4.293704	1666	0	0.085285	0.0757
1979.3819999694824	92.950784	1092	0	0.065869	0.064177
1979.4879999160767	66.767944	1672	0	0.087955	0.0757
1981.3830001354218	92.950784	1092	0	0.066668	0.064177
1981.4829998016357	3.317272	1094	0	0.093254	0.0757
1983.3849999904633	13.829232	1086	0	0.069311	0.064177
1983.4829998016357	26.549632	1078	0	0.088379	0.0757
1985.3320000171661	78.695312	1214	0	0.085042	0.0757
1985.385999917984	84.114112	1098	0	0.068525	0.064177
1987.3819999694824	94.317072	1104	0	0.067846	0.064177
1987.4849998950958	84.88812	1270	0	0.085675	0.0757
1989.380000114441	8.97344	1098	0	0.066694	0.064177
1989.4849998950958	69.873552	1464	0	0.086571	0.0757
1991.3840000629425	95.093864	1104	0	0.067448	0.064177
1991.483999967575	69.873552	1476	0	0.096286	0.0757
1993.3840000629425	24.975416	1106	0	0.068788	0.064177
1993.4899997711182	97.366384	1482	0	0.086184	0.07667
1995.3810000419617	42.69344	1112	0	0.0688	0.064177
1995.4859998226166	90.467464	1538	0	0.084522	0.07667
1997.3819999694824	8.21956	1112	0	0.06889	0.064177
1997.4829998016357	97.914696	1736	0	0.088161	0.07667
1999.3830001354218	29.44816	4	0	0.066658	0.064177
1999.483999967575	97.914696	1736	0	0.086783	0.07667
2001.3810000419617	46.544704	1118	0	0.065899	0.064177
2001.481999874115	97.914696	1736	0	0.086597	0.07667
2003.3819999694824	10.198568	1104	0	0.06705	0.064177
2003.4829998016357	97.914696	1736	0	0.087864	0.07667
2005.3889999389648	94.146448	1110	0	0.066258	0.064177
2005.4859998226166	4.17612	1702	0	0.089617	0.07667
2007.380000114441	3.737488	1104	0	0.068786	0.064177
2007.4809999465942	111.417504	1767	0	0.087221	0.07667
2009.388000011444	94.217464	1102	0	0.065743	0.064177
2009.4089999198914	3.095104	1880	0	0.085778	0.07667
2011.3849999904633	93.417264	1108	0	0.065895	0.064177
2011.4829998016357	73.177816	1868	0	0.08641	0.07667
2013.3889999389648	89.399152	1102	0	0.066515	0.064177
2013.4849998950958	117.162816	1926	0	0.087203	0.07667
2015.3819999694824	78.768136	1102	0	0.067614	0.064177
2015.4879999160767	4.53048	2232	0	0.087064	0.07667
2017.3819999694824	92.816216	1102	0	0.065685	0.064177
2017.4829998016357	143.7168	2346	0	0.088189	0.07667
2019.385999917984	22.66056	1096	0	0.068577	0.064177
2019.483999967575	3.375208	2690	0	0.088738	0.07667
2021.3840000629425	93.035952	1086	0	0.065485	0.064177
2021.4859998226166	133.02904	2690	0	0.088581	0.07667
2023.3830001354218	83.940152	1086	0	0.065956	0.064172
2023.486999988556	180.01688	3144	0	0.092354	0.07667
2025.385999917984	68.210008	1087	0	0.068379	0.064172
2025.4859998226166	192.185368	3118	0	0.088836	0.07667
2027.385999917984	63.26688	1102	0	0.0656	0.064172
2027.4899997711182	191.540896	3192	0	0.089589	0.07667
2029.3840000629425	93.477456	1104	0	0.067331	0.064172
2029.4859998226166	4.851448	3110	0	0.087793	0.07667
2031.3819999694824	0.714776	1104	0	0.069622	0.064172
2031.4960000514984	165.395888	3110	0	0.086789	0.07667
2033.3819999694824	91.955992	1092	0	0.066299	0.064172
2033.401999950409	5.302816	3046	0	0.091154	0.07667
2035.3819999694824	91.68864	1108	0	0.06634	0.064172
2035.4800000190735	87.275224	2614	0	0.090513	0.07667
2037.3819999694824	92.087752	1102	0	0.066008	0.064172
2037.481999874115	74.1486	2614	0	0.089716	0.07667
2039.3840000629425	91.615424	1090	0	0.066104	0.064172
2039.4829998016357	3.071824	1696	0	0.09395	0.07667
2041.380000114441	91.615424	1090	0	0.078101	0.064172
2041.4829998016357	42.33744	1634	0	0.087779	0.07667
2043.3810000419617	91.615424	1084	0	0.065824	0.064172
2043.4829998016357	15.90632	1454	0	0.086273	0.07667
2045.3819999694824	91.615424	1082	0	0.06558	0.064172
2045.481999874115	35.341928	1452	0	0.084853	0.07667
2047.385999917984	0.174448	1080	0	0.066873	0.064172
2047.4829998016357	35.341928	1362	0	0.086797	0.07667
2049.3849999904633	94.200632	1104	0	0.066354	0.064172
2049.484999895096	80.827456	1402	0	0.088482	0.07667
2051.3849999904633	93.139664	1102	0	0.065659	0.064172
2051.4829998016357	79.2328	1570	0	0.085978	0.07667
2053.3819999694824	37.270072	1097	0	0.068513	0.064172
2053.4939999580383	93.55324	1588	0	0.087005	0.07667
2055.3819999694824	46.985392	4	0	0.066654	0.064172
2055.483999967575	98.7124	1886	0	0.086975	0.07667
2057.3280000686646	98.7124	1886	0	0.087401	0.07667
2057.3840000629425	92.365712	1100	0	0.065792	0.064172
2059.3840000629425	84.700304	1090	0	0.065636	0.064172
2059.486999988556	124.15284	1886	0	0.090276	0.07667
2061.385999917984	93.543168	1094	0	0.067492	0.064172
2061.4829998016357	142.183064	2220	0	0.085815	0.07667
2063.388999938965	93.783752	1090	0	0.065788	0.064172
2063.4879999160767	3.931536	2642	0	0.088704	0.07667
2065.3840000629425	93.889536	1096	0	0.066466	0.064172
2065.483999967575	168.699464	2648	0	0.090351	0.07667
2067.3849999904633	29.368864	1128	0	0.06861	0.064172
2067.483999967575	3.995888	2660	0	0.089986	0.07667
2069.3840000629425	93.262032	1096	0	0.0677	0.064172
2069.484999895096	168.959568	2964	0	0.088033	0.07667
2071.3830001354218	33.363352	1090	0	0.065888	0.064172
2071.486999988556	185.745264	3018	0	0.089452	0.07667
2073.3819999694824	94.227632	1090	0	0.065644	0.064172
2073.483999967575	3.299264	2982	0	0.092554	0.07667
2075.3830001354218	92.107208	1096	0	0.066634	0.064172
2075.4809999465942	134.837424	2982	0	0.087633	0.07667
2077.3830001354218	15.554392	1080	0	0.068916	0.064172
2077.4879999160767	3.895032	2996	0	0.089156	0.07667
2079.385999917984	91.261112	1076	0	0.065662	0.064046
2079.4859998226166	43.732848	2424	0	0.091803	0.07667
2081.3849999904633	87.925744	1086	0	0.066107	0.064046
2081.401999950409	3.296288	2320	0	0.086966	0.07667
2083.3869998455048	94.328464	1092	0	0.065857	0.064046
2083.4859998226166	171.405976	4	0	0.090471	0.07667
2085.3810000419617	94.558008	1094	0	0.066019	0.064046
2085.4859998226166	162.57096	2716	0	0.086772	0.07667
2087.3840000629425	94.558008	1094	0	0.065614	0.064046
2087.4809999465942	180.758024	2800	0	0.088136	0.07667
2089.3840000629425	93.152936	1100	0	0.065687	0.064046
2089.4829998016357	25.611136	2772	0	0.08861	0.07667
2091.3869998455048	94.327952	1094	0	0.065958	0.064046
2091.4809999465942	3.381896	2740	0	0.087906	0.07667
2093.385999917984	12.090032	1104	0	0.068813	0.064046
2093.483999967575	188.46376	3072	0	0.090355	0.07667
2095.385999917984	95.134176	1106	0	0.068017	0.064046
2095.483999967575	8.418344	3342	0	0.091163	0.07667
2097.3840000629425	94.743616	1102	0	0.0691	0.064046
2097.4859998226166	206.100912	3454	0	0.090807	0.07667
2099.3819999694824	94.302184	1116	0	0.066858	0.064046
2099.481999874115	208.885304	4	0	0.091432	0.07667
2101.3849999904633	94.035104	1116	0	0.068832	0.064046
2101.4800000190735	4.177104	3832	0	0.090175	0.07667
2103.3830001354218	79.895432	1094	0	0.065818	0.064046
2103.490999698639	81.992352	3538	0	0.091075	0.07667
2105.3830001354218	94.200552	1102	0	0.066789	0.064046
2105.4299998283386	4.220144	3282	0	0.093393	0.07667
2107.3830001354218	92.897176	1100	0	0.065826	0.064046
2107.486999988556	187.200688	3282	0	0.09628	0.07667
2109.3830001354218	92.897176	1108	0	0.066025	0.064046
2109.483999967575	187.200688	3220	0	0.087933	0.07667
2111.3819999694824	93.530608	1106	0	0.066821	0.064046
2111.4829998016357	3.322424	3156	0	0.087589	0.07667
2113.3840000629425	93.530608	1106	0	0.066282	0.064046
2113.4829998016357	75.993264	2854	0	0.090187	0.07667
2115.3819999694824	93.984936	1106	0	0.066849	0.064046
2115.486999988556	3.767488	1298	0	0.08894	0.07667
2117.3830001354218	93.690296	1098	0	0.067703	0.064046
2117.4829998016357	72.118424	1284	0	0.085967	0.07667
2119.3819999694824	93.690296	1098	0	0.066135	0.064046
2119.4879999160767	69.881504	1284	0	0.087607	0.07667
2121.3830001354218	93.690296	4	0	0.066452	0.064046
2121.4829998016357	69.881504	4	0	0.086313	0.07667
2123.3810000419617	93.690296	1102	0	0.066025	0.064046
2123.4809999465942	69.881504	1142	0	0.088279	0.07667
2125.3830001354218	25.002576	1104	0	0.069047	0.064046
2125.484999895096	69.881504	1148	0	0.085158	0.07667
2127.3819999694824	44.986088	1102	0	0.068248	0.064046
2127.4800000190735	74.225712	1394	0	0.087142	0.07667
2129.3819999694824	94.895744	1110	0	0.06875	0.064046
2129.484999895096	74.225712	1394	0	0.0855	0.07667
2131.3840000629425	17.690736	1092	0	0.06941	0.064046
2131.4859998226166	90.24056	1418	0	0.085241	0.07667
2133.3819999694824	94.668496	1094	0	0.066684	0.064046
2133.483999967575	53.602184	1420	0	0.084938	0.07667
2135.3819999694824	37.895056	1092	0	0.06581	0.064046
2135.483999967575	95.926488	1584	0	0.086377	0.07667
2137.3830001354218	94.891672	1098	0	0.06971	0.064046
2137.4829998016357	106.579824	1772	0	0.086929	0.07667
2139.3819999694824	94.625336	1104	0	0.068736	0.064046
2139.4859998226166	3.890776	1806	0	0.085184	0.07667
2141.3810000419617	94.625336	1112	0	0.066921	0.064046
2141.486999988556	117.7526	1848	0	0.087121	0.07667
2143.3840000629425	13.800424	1106	0	0.066606	0.064046
2143.481999874115	42.778304	1842	0	0.085389	0.077001
2145.4829998016357	102.0866	1842	0	0.092522	0.077001
2146.3810000419617	48.457784	1106	0	0.067728	0.064046
2147.481999874115	70.810376	4	0	0.088117	0.077001
2148.3830001354218	48.457784	1112	0	0.06622	0.064046
2149.4809999465942	70.810376	1840	0	0.086143	0.077001
2150.3819999694824	2.849736	1088	0	0.068625	0.064046
2151.457000017166	46.782616	1088	0	0.0664	0.064046
2151.481999874115	70.810376	1868	0	0.087759	0.077001
2153.4829998016357	70.810376	1878	0	0.085464	0.077001
2154.3830001354218	46.782616	1092	0	0.06574	0.064046
2155.4809999465942	52.902688	1584	0	0.088682	0.077001
2156.3819999694824	8.062976	1086	0	0.068672	0.064046
2157.483999967575	52.902688	1584	0	0.087698	0.077001
2158.3840000629425	8.695648	1088	0	0.067584	0.064046
2159.481999874115	52.902688	1538	0	0.086583	0.077001
2160.3849999904633	94.318696	1096	0	0.067781	0.064046
2161.460000038147	58.41456	1094	0	0.066023	0.064046
2161.4859998226166	94.888912	1452	0	0.085774	0.077001
2163.484999895096	78.328456	1514	0	0.095708	0.077001
2164.3819999694824	94.38872	1094	0	0.067628	0.064046
2165.4889998435974	105.07716	1712	0	0.085936	0.077001
2166.3849999904633	93.91688	1090	0	0.068311	0.064046
2167.484999895096	108.154136	1682	0	0.085752	0.077001
2168.3840000629425	82.61012	1090	0	0.066148	0.064046
2169.4829998016357	98.179	1690	0	0.085634	0.077001
2170.3819999694824	94.650176	1088	0	0.069299	0.064046
2171.483999967575	112.636952	1751	0	0.085859	0.077001
2172.380000114441	94.650176	1088	0	0.065976	0.064046
2173.5	48.457408	1814	0	0.087442	0.077001
2174.3849999904633	94.650176	1094	0	0.06597	0.064046
2175.457999944687	9.028304	1112	0	0.066957	0.064046
2175.5190000534058	48.457408	1822	0	0.096233	0.077001
2177.4370000362396	2.35008	2054	0	0.111084	0.077001
2178.3819999694824	94.974512	1112	0	0.068475	0.064046
2179.4790000915527	82.429016	2026	0	0.107756	0.077001
2180.3819999694824	94.974512	1114	0	0.066359	0.064046
2181.483999967575	36.593632	1776	0	0.089938	0.077001
2182.3840000629425	94.974512	1120	0	0.066367	0.064046
2183.4829998016357	36.593632	1776	0	0.088215	0.077001
2184.3819999694824	15.548544	1112	0	0.068919	0.064046
2185.4550001621246	90.779744	1106	0	0.06658	0.064046
2185.481999874115	101.98784	1605	0	0.086475	0.077001
2187.4779999256134	101.98784	1608	0	0.088178	0.077001
2188.3810000419617	7.66472	1104	0	0.068075	0.064046
2189.4809999465942	101.98784	1608	0	0.087101	0.077001
2190.3830001354218	41.84596	1104	0	0.066653	0.064046
2191.484999895096	101.98784	1608	0	0.086185	0.077001
2191.5830001831055	20.726808	1122	0	0.069287	0.064046
2193.481999874115	108.294792	1748	0	0.090167	0.077001
2194.226999759674	68.358696	1112	390	0.065975	0.064046
2194.414999961853	0.178624	36	15	0.066804	0.064046
2195.484999895096	108.294792	1718	0	0.085929	0.077001
2197.4829998016357	111.770944	1794	0	0.08836	0.077001
2199.484999895096	110.031968	1800	0	0.087314	0.077001
2201.4829998016357	4.49352	1828	0	0.087903	0.077001
2203.484999895096	118.897344	1918	0	0.089487	0.077001
2205.4879999160767	84.98776	4	0	0.087291	0.077001
2207.4790000915527	3.8666	2484	0	0.084878	0.077001
2209.483999967575	54.247792	2484	0	0.08623	0.07751
2211.4829998016357	3.25388	2556	0	0.093521	0.07751
2213.4829998016357	99.427248	2368	0	0.08732	0.07751
2215.4829998016357	78.105392	2376	0	0.087552	0.07751
2217.4809999465942	76.304992	4	0	0.088065	0.07751
2219.484999895096	76.304992	2406	0	0.086882	0.07751
2221.483999967575	3.686648	2266	0	0.090441	0.07751
2223.484999895096	155.972192	2424	0	0.088733	0.07751
2225.483999967575	3.95972	2520	0	0.091267	0.07751
2227.7320001125336	165.268272	2868	0	0.091076	0.07751
2229.7320001125336	136.1658	2772	0	0.088285	0.076138
2231.729999780655	3.057136	2486	0	0.089157	0.076138
2233.7379999160767	65.048968	2516	0	0.091733	0.076138
2235.736000061035	2.801848	1290	0	0.087298	0.076138
2237.7309997081757	71.072664	1298	0	0.089299	0.076138
2239.729999780655	76.734272	4	0	0.087817	0.076138
2241.728999853134	6.777808	1280	0	0.086324	0.076138
2243.7309997081757	29.076312	1280	0	0.087589	0.076138
2245.733999967575	34.632088	1234	0	0.085234	0.076138
2247.729999780655	75.592688	1326	0	0.095237	0.076138
2249.7330000400543	75.592688	1326	0	0.089072	0.076138
2251.733999967575	75.592688	1326	0	0.086355	0.076138
2253.7309997081757	82.00536	1374	0	0.085476	0.076138
2255.7309997081757	95.08512	1508	0	0.087461	0.076138
2257.7309997081757	102.872448	1606	0	0.087309	0.076138
2259.7309997081757	104.377008	1662	0	0.087186	0.076138
2261.7330000400543	104.377008	1694	0	0.085485	0.076138
2263.7389998435974	104.377008	1688	0	0.085603	0.076138
2265.729999780655	104.377008	1688	0	0.089549	0.076138
2267.729999780655	104.377008	1688	0	0.086648	0.076138
2269.7469997406006	104.377008	1688	0	0.085922	0.076138
2271.7330000400543	104.377008	1688	0	0.086032	0.076138
2273.7330000400543	104.377008	1688	0	0.085388	0.076138
2275.736000061035	104.377008	4	0	0.086853	0.076138
2277.7330000400543	100.60016	1714	0	0.089683	0.076138
2279.728999853134	100.60016	1712	0	0.086891	0.076138
2281.729999780655	100.60016	1712	0	0.08751	0.076138
2283.7320001125336	100.60016	1718	0	0.086347	0.076138
2285.7279999256134	108.513728	1740	0	0.088135	0.076138
2287.729999780655	19.5508	1678	0	0.086882	0.076138
2289.733999967575	45.265448	4	0	0.085901	0.076138
2291.733999967575	52.199336	1662	0	0.086711	0.076138
2293.7350001335144	52.199336	1680	0	0.0872	0.076138
2295.7400000095367	8.44044	1680	0	0.08627	0.076138
2297.736000061035	56.710272	946	0	0.085898	0.076138
2299.7320001125336	58.484312	1042	0	0.084028	0.076138
2301.729999780655	59.001024	1042	0	0.086422	0.076138
2303.7350001335144	64.623136	988	0	0.08389	0.076138
2305.7330000400543	63.151024	1198	0	0.085243	0.076138
2307.7320001125336	83.382896	1250	0	0.085703	0.076138
2309.729999780655	83.382896	1250	0	0.085954	0.076138
2311.7320001125336	83.382896	1298	0	0.085292	0.076138
2313.7320001125336	83.382896	1298	0	0.085855	0.076138
2315.729999780655	83.382896	1298	0	0.085848	0.076138
2317.7330000400543	90.18212	1368	0	0.085583	0.076138
2319.7320001125336	97.809952	1564	0	0.086235	0.076138
2321.7330000400543	101.896624	1604	0	0.087239	0.076138
2323.729999780655	98.899232	1690	0	0.085368	0.076138
2325.733999967575	98.899232	1690	0	0.088528	0.076138
2327.7320001125336	4.265744	1924	0	0.086736	0.076138
2329.7320001125336	119.712176	1982	0	0.090486	0.076138
2331.733999967575	3.215152	2072	0	0.086468	0.076138
2333.7320001125336	121.8338	2060	0	0.08819	0.076138
2335.7320001125336	54.0878	2060	0	0.089241	0.076138
2337.729999780655	58.47388	2060	0	0.088445	0.076138
2339.7320001125336	47.967416	2090	0	0.08913	0.076138
2341.7309997081757	4.612736	1916	0	0.087157	0.076138
2343.7309997081757	74.896808	1686	0	0.09403	0.076138
2345.729999780655	74.896808	1686	0	0.08927	0.076138
2347.728999853134	74.896808	1642	0	0.089229	0.076138
2349.7309997081757	74.896808	1642	0	0.087372	0.076138
2351.7320001125336	74.896808	1658	0	0.085355	0.076138
2353.7309997081757	74.896808	1658	0	0.089798	0.076138
2355.736000061035	105.519584	1622	0	0.084633	0.076138
2357.728999853134	105.519584	1622	0	0.086295	0.076138
2359.7309997081757	105.519584	1622	0	0.086845	0.076138
2361.728999853134	105.519584	1622	0	0.08708	0.076138
2363.7320001125336	105.519584	1622	0	0.087577	0.076138
2365.736999988556	105.519584	1677	0	0.088232	0.076138
2367.729999780655	105.519584	1674	0	0.086278	0.076138
2369.7439999580383	3.853976	1818	0	0.087719	0.076138
2371.7309997081757	120.685192	2008	0	0.087259	0.076138
2373.7309997081757	120.685192	2008	0	0.085748	0.076138
2375.736999988556	117.284672	2076	0	0.095319	0.076138
2377.7320001125336	134.904248	2162	0	0.086962	0.076138
2379.733999967575	144.782992	2352	0	0.091642	0.076138
2381.736999988556	148.98088	2384	0	0.086947	0.076138
2383.736999988556	0.142296	2385	0	0.086903	0.076138
2385.7330000400543	145.20964	2428	0	0.08772	0.076138
2387.729999780655	137.004896	2428	0	0.087998	0.076138
2389.736999988556	4.133592	2402	0	0.089639	0.076138
2391.7350001335144	143.790584	2348	0	0.089174	0.076138
2393.7330000400543	1.967648	2372	0	0.092137	0.076138
2395.7330000400543	152.696312	2432	0	0.089913	0.076138
2397.729999780655	165.594136	2502	0	0.089681	0.076138
2399.733999967575	167.572384	2689	0	0.088384	0.076138
2401.736999988556	168.85888	2797	0	0.089614	0.076138
2403.7330000400543	1.864576	2784	0	0.088818	0.076138
