0.0	31.583728	252	0	0.04102	0.009167
2.000999927520752	35.064064	244	0	0.033125	0.009167
4.006999969482422	18.52132	170	0	0.03353	0.009167
6.009000062942505	57.533536	274	0	0.038772	0.009167
8.001999855041504	46.45556	298	0	0.054242	0.009167
10.003999710083008	11.56472	300	0	0.029137	0.009167
12.002999782562256	38.248008	268	0	0.049267	0.009167
14.003999710083008	13.901712	352	0	0.128835	0.009167
16.002999782562256	40.440008	342	0	0.062765	0.009167
18.003999710083008	38.83092	316	0	0.041506	0.009167
20.005000114440918	42.264472	310	0	0.048048	0.009167
22.001999855041504	54.894096	296	0	0.049785	0.009167
24.001999855041504	34.275224	292	0	0.056377	0.009167
26.003999710083008	41.29768	324	0	0.051739	0.009167
28.002999782562256	31.317536	416	0	0.077913	0.009167
30.0	4.199568	374	0	0.111118	0.009167
32.00600004196167	39.901584	198	0	0.023172	0.009167
34.00399971008301	16.22252	234	0	0.03314	0.009167
36.00099992752075	49.712928	226	0	0.040786	0.009167
40.251999855041504	18.338784	238	0	0.031435	0.009167
42.25099992752075	51.441368	244	0	0.02563	0.009167
44.251999855041504	25.36944	216	0	0.045178	0.009167
46.253000020980835	28.007584	288	0	0.031104	0.009167
48.25699996948242	0.22912	320	0	0.110474	0.009167
50.251999855041504	1.794808	346	0	0.025528	0.009167
52.251999855041504	56.959752	346	0	0.049748	0.009167
54.25099992752075	41.546952	318	0	0.04795	0.009167
56.25600004196167	31.39364	286	0	0.052741	0.009167
58.251999855041504	38.257944	294	0	0.077816	0.009167
60.26099991798401	34.9448	418	0	0.045075	0.009167
62.253000020980835	46.648008	368	0	0.080235	0.009167
64.31900000572205	30.5494	368	0	0.050031	0.009167
66.50600004196167	33.836376	288	0	0.076515	0.009167
68.50500011444092	43.008256	308	0	0.050419	0.009167
70.25399994850159	58.746544	370	0	0.048642	0.009167
72.25499987602234	58.07036	370	0	0.042134	0.009167
74.25399994850159	33.55836	374	0	0.051459	0.009167
76.25699996948242	32.024552	322	0	0.067456	0.009167
78.25099992752075	51.353096	342	0	0.07252	0.009167
80.25099992752075	58.26448	346	0	0.051725	0.009167
82.2519998550415	54.774152	348	0	0.040498	0.009167
84.2519998550415	61.7226	344	0	0.039153	0.009167
86.5019998550415	46.571792	340	0	0.05782	0.009167
88.2999997138977	20.546288	286	0	0.052252	0.009167
90.49999976158142	53.627456	317	0	0.043677	0.009167
92.50600004196167	59.411864	344	0	0.049704	0.009167
94.5019998550415	43.98188	292	0	0.048861	0.009167
96.50299978256226	35.397008	290	0	0.062625	0.009167
98.50299978256226	45.19768	282	0	0.03638	0.009167
100.5019998550415	31.681784	332	0	0.067121	0.009167
102.51300001144409	44.960384	374	0	0.051207	0.009167
104.50099992752075	36.29208	460	0	0.086794	0.009167
106.50299978256226	49.868864	460	0	0.057093	0.009167
108.5019998550415	61.503088	477	0	0.042609	0.009167
110.49999976158142	49.76976	308	0	0.060703	0.009167
112.31900000572205	58.726632	316	0	0.039534	0.009167
114.50299978256226	45.757968	296	0	0.054226	0.009167
116.50299978256226	46.957848	334	0	0.027942	0.009167
118.50400018692017	38.68516	334	0	0.050014	0.009167
120.50500011444092	40.393784	300	0	0.05178	0.009167
122.50299978256226	54.750248	300	0	0.04029	0.009167
124.5019998550415	35.001896	314	0	0.041942	0.010054
126.50400018692017	50.651504	4	0	0.052303	0.010054
128.50600004196167	51.611112	374	0	0.059932	0.010054
130.5090000629425	61.856624	338	0	0.055797	0.010054
132.50600004196167	39.768392	343	0	0.06925	0.010054
134.5130000114441	58.687528	280	0	0.057481	0.010054
136.3090000152588	17.727816	272	0	0.035604	0.010054
138.5019998550415	41.414592	288	0	0.045354	0.010054
140.50099992752075	29.120576	362	0	0.049193	0.010054
142.5019998550415	48.949704	370	0	0.052688	0.010054
144.50099992752075	68.322416	376	0	0.065976	0.010054
146.50500011444092	51.934456	294	0	0.044707	0.010054
148.50299978256226	57.262088	294	0	0.05242	0.010054
150.5019998550415	38.27328	4	0	0.094138	0.010054
152.50299978256226	33.296744	306	0	0.07652	0.010054
154.50099992752075	51.759072	338	0	0.058641	0.010054
156.50299978256226	24.424256	404	0	0.032228	0.010054
158.50500011444092	48.502736	350	0	0.068455	0.010054
160.50699996948242	52.637032	344	0	0.048725	0.010054
162.50400018692017	10.074984	340	0	0.023358	0.010054
164.50299978256226	41.161216	334	0	0.089092	0.010054
166.51399993896484	26.284128	386	0	0.044519	0.010054
168.5019998550415	50.780912	424	0	0.046305	0.010054
170.50999999046326	58.098504	330	0	0.039505	0.010054
172.50400018692017	48.632496	378	0	0.042183	0.010054
174.50500011444092	37.27632	244	0	0.081132	0.010054
176.50400018692017	41.226624	246	0	0.062087	0.010054
178.50500011444092	50.648896	290	0	0.038527	0.010054
180.51599979400635	23.108992	340	0	0.038584	0.010054
182.50400018692017	46.153088	340	0	0.075001	0.010054
184.51200008392334	37.121592	286	0	0.040841	0.010054
186.50600004196167	28.074784	306	0	0.04932	0.010054
188.50600004196167	51.02872	320	0	0.045298	0.010054
190.50299978256226	55.069408	322	0	0.040951	0.010054
192.50400018692017	50.18552	276	0	0.04685	0.010054
194.50299978256226	38.831	333	0	0.039641	0.010054
196.5130000114441	42.111696	218	0	0.039004	0.010054
198.5130000114441	39.242392	308	0	0.054448	0.010054
200.50099992752075	49.738392	308	0	0.041751	0.010054
202.50099992752075	56.752896	292	0	0.054503	0.010054
204.50299978256226	50.136176	236	0	0.037016	0.010054
206.5019998550415	30.142136	278	0	0.04609	0.010054
208.5019998550415	37.88884	336	0	0.067396	0.010054
210.49999976158142	37.636816	330	0	0.066869	0.010054
212.50299978256226	37.636816	330	0	0.057518	0.010054
214.50299978256226	37.636816	336	0	0.049128	0.010054
216.5019998550415	37.636816	266	0	0.042444	0.010054
218.50299978256226	37.636816	302	0	0.032205	0.010054
220.50699996948242	48.501744	326	0	0.031716	0.010054
222.5019998550415	55.807728	324	0	0.046978	0.010999
224.50099992752075	50.969968	294	0	0.060786	0.010999
226.50299978256226	54.953744	364	0	0.040836	0.010999
228.510999917984	0.283216	304	0	0.028307	0.010999
230.51399993896484	50.25036	304	0	0.050438	0.010999
232.50400018692017	61.47412	264	0	0.039053	0.010999
234.5019998550415	40.599064	258	0	0.053342	0.010999
236.50799989700317	30.63816	258	0	0.05307	0.010999
238.50299978256226	52.217448	278	0	0.030988	0.010999
240.5019998550415	50.749912	278	0	0.043769	0.010999
242.50299978256226	46.818344	211	0	0.053471	0.010999
244.50099992752075	38.079712	332	0	0.041653	0.010999
246.50600004196167	30.08704	364	0	0.121619	0.010999
248.50099992752075	30.720464	402	0	0.076586	0.010999
250.50099992752075	45.056328	420	0	0.057845	0.010999
252.5019998550415	46.093752	398	0	0.041947	0.010999
254.5019998550415	52.877376	334	0	0.054141	0.010999
256.5019998550415	64.902624	326	0	0.04953	0.010999
258.5019998550415	68.934952	334	0	0.041471	0.010999
260.5019998550415	47.2826	300	0	0.046987	0.010999
262.5130000114441	44.087344	292	0	0.061016	0.010999
264.50400018692017	50.752952	298	0	0.049415	0.010999
266.50099992752075	31.212208	302	0	0.04047	0.010999
268.50099992752075	31.212208	302	0	0.033587	0.010999
270.50099992752075	49.228944	334	0	0.03814	0.010999
272.50299978256226	4.444016	338	0	0.060483	0.010999
274.50400018692017	20.119144	418	0	0.050113	0.010999
276.5019998550415	0.32604	410	0	0.021733	0.010999
278.5019998550415	40.397552	302	0	0.081579	0.010999
280.5069999694824	39.04628	320	0	0.036479	0.010999
282.50099992752075	52.328592	314	0	0.043101	0.010999
284.50299978256226	63.027752	350	0	0.042373	0.010999
286.50400018692017	46.571384	288	0	0.02967	0.010999
288.50299978256226	45.943672	314	0	0.034262	0.010999
290.50299978256226	55.640648	306	0	0.025238	0.010999
292.5130000114441	35.453184	306	0	0.023622	0.010999
294.5130000114441	39.965352	204	0	0.02694	0.010999
296.5019998550415	4.3912	268	0	0.027672	0.010999
298.50099992752075	27.78452	268	0	0.057584	0.010999
300.5069999694824	5.352288	68	0	0.023464	0.010999
302.50400018692017	26.575264	96	0	0.021	0.010107
304.4999997615814	22.514064	120	0	0.024128	0.010107
306.5019998550415	14.548888	132	0	0.028385	0.010107
308.50299978256226	32.90084	216	0	0.024938	0.010107
310.50400018692017	39.077992	280	0	0.023302	0.010107
312.51200008392334	36.055048	4	0	0.039437	0.010107
314.7559998035431	49.156768	406	0	0.060214	0.010107
316.50400018692017	33.6298	412	0	0.118087	0.010107
318.5050001144409	56.415584	314	0	0.049925	0.00977
320.50400018692017	53.651184	384	0	0.056664	0.00977
322.50299978256226	29.277384	354	0	0.062102	0.00977
324.5050001144409	22.840648	360	0	0.063829	0.00977
326.52699995040894	54.391664	360	0	0.047029	0.00977
328.5019998550415	44.237384	353	0	0.043458	0.00977
330.5019998550415	30.511896	280	0	0.061147	0.00977
332.5090000629425	47.671928	280	0	0.044948	0.00977
334.5189998149872	30.834688	270	0	0.02807	0.00977
336.75300002098083	50.616384	296	0	0.031128	0.00977
338.7520000934601	23.362912	298	0	0.057289	0.00977
340.75300002098083	55.71224	278	0	0.047086	0.00977
342.7569999694824	26.909096	326	0	0.072074	0.00977
344.75499987602234	19.894096	378	0	0.167083	0.00977
346.7539999485016	32.051648	313	0	0.063761	0.00977
348.7539999485016	39.210576	296	0	0.036525	0.00977
350.75499987602234	50.675368	282	0	0.030348	0.00977
352.75499987602234	28.307568	252	0	0.081045	0.00977
354.75300002098083	53.255296	308	0	0.032323	0.00977
356.75300002098083	52.875504	308	0	0.041617	0.00977
358.7569999694824	42.8462	302	0	0.030325	0.00977
360.7520000934601	32.916016	284	0	0.077694	0.00977
362.7520000934601	53.395104	272	0	0.044474	0.00977
364.7520000934601	40.867664	256	0	0.039826	0.00977
366.75499987602234	35.326392	296	0	0.05118	0.00977
368.75499987602234	59.486616	296	0	0.05554	0.00977
370.7520000934601	31.674696	284	0	0.049994	0.00977
372.75300002098083	59.556008	286	0	0.047781	0.00977
374.75499987602234	51.718672	302	0	0.059573	0.00977
376.75300002098083	28.600312	270	0	0.068017	0.00977
378.7520000934601	44.322	364	0	0.038379	0.00977
380.7520000934601	46.833144	334	0	0.047354	0.00977
382.75099992752075	41.804848	334	0	0.042724	0.00977
384.75499987602234	31.15344	330	0	0.094697	0.00977
386.7559998035431	57.851392	256	0	0.031605	0.00977
388.7559998035431	31.927688	263	0	0.052822	0.00977
390.760999917984	45.234664	272	0	0.061212	0.00977
392.7539999485016	31.136208	258	0	0.072191	0.00977
394.7520000934601	8.159432	336	0	0.027032	0.00977
396.75499987602234	39.636424	405	0	0.04152	0.00977
398.7589998245239	44.346728	356	0	0.045217	0.00977
400.7539999485016	47.16088	286	0	0.049492	0.00977
402.7539999485016	60.701704	292	0	0.046733	0.00977
404.75499987602234	56.187744	270	0	0.045484	0.00977
406.7539999485016	54.598312	316	0	0.042328	0.00977
408.7579998970032	44.376264	316	0	0.0675	0.00977
410.75499987602234	45.582976	266	0	0.037964	0.00977
412.7579998970032	28.175968	326	0	0.080811	0.00977
414.7539999485016	43.780096	412	0	0.042654	0.00977
416.75099992752075	53.79004	388	0	0.098613	0.00977
418.7539999485016	59.885816	364	0	0.066975	0.00977
420.75300002098083	43.558288	370	0	0.03885	0.00977
422.75300002098083	42.171768	300	0	0.073912	0.00977
424.7539999485016	47.906584	272	0	0.045754	0.00977
426.7579998970032	36.563112	272	0	0.068417	0.00977
428.75300002098083	32.775528	309	0	0.059755	0.00977
430.75300002098083	17.356416	254	0	0.058656	0.00977
432.7559998035431	52.173544	280	0	0.05069	0.00977
434.7520000934601	47.616904	342	0	0.045839	0.00977
436.75300002098083	45.841216	366	0	0.0522	0.00977
438.7539999485016	41.296288	344	0	0.086205	0.00977
440.7539999485016	1.035672	255	0	0.033469	0.00977
442.7539999485016	39.032264	274	0	0.081939	0.00977
444.75300002098083	36.967368	316	0	0.05889	0.00977
446.7520000934601	20.994816	352	0	0.065039	0.00977
448.7539999485016	50.069088	310	0	0.050436	0.00977
450.7539999485016	48.11544	278	0	0.043004	0.00977
452.75999999046326	53.378432	262	0	0.047056	0.00977
454.75499987602234	29.628112	296	0	0.037096	0.00977
456.75499987602234	34.42536	306	0	0.061087	0.00977
458.76199984550476	23.762528	306	0	0.039161	0.00977
460.7539999485016	51.967728	282	0	0.051134	0.00977
462.76199984550476	41.815048	292	0	0.073583	0.00977
464.7569999694824	17.69896	318	0	0.205729	0.00977
466.75300002098083	48.608312	342	0	0.039548	0.00977
468.75300002098083	52.229128	288	0	0.047462	0.00977
470.7539999485016	50.030496	302	0	0.054478	0.00977
472.7539999485016	28.087936	314	0	0.057723	0.00977
474.7520000934601	45.266128	304	0	0.064807	0.00977
476.75300002098083	24.860656	332	0	0.051046	0.00977
478.7539999485016	38.50568	424	0	0.047593	0.00977
480.7520000934601	34.786528	383	0	0.108114	0.00977
482.75099992752075	28.260064	272	0	0.04565	0.00977
484.7589998245239	34.73544	314	0	0.06413	0.00977
486.7539999485016	39.931056	300	0	0.02469	0.00977
488.75099992752075	39.925328	256	0	0.035106	0.00977
490.75099992752075	40.54768	256	0	0.033404	0.00977
492.75300002098083	51.12892	268	0	0.036774	0.00977
494.7520000934601	0.78432	244	0	0.037379	0.00977
496.7539999485016	40.365424	212	0	0.038288	0.00977
498.75099992752075	35.692672	292	0	0.06497	0.00977
500.75099992752075	47.932496	324	0	0.051126	0.00977
502.7520000934601	10.588664	330	0	0.084277	0.00977
504.768000125885	50.00208	234	0	0.040315	0.00977
506.75300002098083	27.36368	314	0	0.045278	0.00977
508.7569999694824	23.006496	314	0	0.077346	0.00977
510.7539999485016	44.689312	280	0	0.049912	0.00977
512.7520000934601	29.76576	238	0	0.068633	0.00977
514.7559998035431	64.038912	282	0	0.037793	0.00977
516.7549998760223	48.90028	334	0	0.031764	0.00977
518.7569999694824	52.831536	310	0	0.048271	0.00977
520.7530000209808	56.688192	322	0	0.039778	0.00977
522.7559998035431	50.756864	290	0	0.037831	0.00977
524.7530000209808	35.98628	292	0	0.047568	0.00977
526.7509999275208	48.4536	298	0	0.045365	0.00977
528.7539999485016	55.617608	300	0	0.053667	0.00977
530.7589998245239	21.07956	288	0	0.02968	0.00977
532.7520000934601	51.533136	326	0	0.032228	0.00977
534.7520000934601	54.330616	258	0	0.047892	0.00977
536.7579998970032	48.23272	250	0	0.055196	0.00977
538.7549998760223	43.824568	270	0	0.045144	0.00977
540.7539999485016	48.103712	236	0	0.056943	0.00977
542.7579998970032	38.980624	190	0	0.03174	0.00977
544.7589998245239	12.689896	192	0	0.031693	0.00977
546.7539999485016	31.377552	228	0	0.030611	0.00977
548.7520000934601	36.013824	224	0	0.033087	0.00977
550.7539999485016	52.544488	302	0	0.035681	0.00977
552.7520000934601	40.862872	318	0	0.052754	0.00977
554.7530000209808	47.028672	322	0	0.032288	0.00977
556.7539999485016	50.102872	280	0	0.049102	0.00977
558.811999797821	36.966024	278	0	0.055308	0.00977
560.7559998035431	27.553704	292	0	0.064546	0.00977
562.7530000209808	26.349064	376	0	0.099052	0.00977
564.7509999275208	13.2582	220	0	0.038439	0.00977
566.7559998035431	46.1036	256	0	0.035825	0.00977
568.7559998035431	47.852112	248	0	0.038668	0.00977
570.7549998760223	29.895936	245	0	0.048575	0.00977
572.7699999809265	18.767216	296	0	0.106237	0.00977
574.7579998970032	41.781568	248	0	0.049088	0.00977
576.7549998760223	28.94152	412	0	0.150316	0.00977
578.7530000209808	36.589856	228	0	0.06311	0.00977
580.7549998760223	40.329304	228	0	0.020204	0.00977
582.7569999694824	41.903968	234	0	0.051913	0.00977
585.003999710083	31.308536	234	0	0.058534	0.00977
587.0069999694824	11.554208	194	0	0.072549	0.00977
589.0050001144409	45.035592	368	0	0.040216	0.00977
591.0050001144409	50.60384	360	0	0.070722	0.00977
593.0009999275208	47.021528	354	0	0.036758	0.00977
595.0099999904633	52.007112	288	0	0.051521	0.00977
597.0029997825623	42.170064	354	0	0.054046	0.00977
599.0080001354218	40.708008	354	0	0.043759	0.00977
601.0029997825623	27.120832	322	0	0.090342	0.00977
603.0080001354218	21.05972	292	0	0.123874	0.00977
605.0009999275208	16.81856	276	0	0.131071	0.00977
606.8519997596741	10.524472	200	0	0.054022	0.00977
609.0069999694824	16.718112	198	0	0.065222	0.00977
611.0080001354218	27.061952	174	0	0.033772	0.00977
613.010999917984	29.298272	182	0	0.032362	0.00977
615.003999710083	17.71784	182	0	0.079884	0.00977
617.0050001144409	19.1356	294	0	0.030983	0.00977
619.0050001144409	23.536408	294	0	0.066391	0.010497
621.0019998550415	36.86508	286	0	0.052996	0.010497
623.0009999275208	12.732328	272	0	0.043329	0.010497
625.0029997825623	30.431632	273	0	0.041693	0.010497
627.0069999694824	18.566624	168	0	0.045492	0.010497
629.0050001144409	34.081112	232	0	0.054198	0.010497
631.0060000419617	50.692336	278	0	0.035525	0.010497
633.0060000419617	25.027648	278	0	0.10133	0.010497
635.0119998455048	45.735072	280	0	0.041146	0.010497
637.0099999904633	35.483096	292	0	0.043625	0.010497
639.0090000629425	53.97996	278	0	0.04056	0.010497
641.0069999694824	54.54448	278	0	0.041328	0.010497
643.0060000419617	18.15388	268	0	0.153622	0.010497
645.003999710083	23.21592	278	0	0.067137	0.010497
647.0069999694824	20.882216	252	0	0.10742	0.009195
649.0029997825623	33.08408	282	0	0.064976	0.009195
651.0119998455048	46.329968	272	0	0.055441	0.009195
653.003999710083	30.271776	256	0	0.083644	0.009195
655.0050001144409	44.944312	208	0	0.025503	0.009195
657.0060000419617	15.25188	176	0	0.059725	0.009195
659.0119998455048	18.140344	166	0	0.067742	0.009195
661.0060000419617	16.12292	204	0	0.135644	0.009195
663.0050001144409	10.802728	158	0	0.109602	0.009195
665.0019998550415	26.209536	212	0	0.040354	0.009195
667.0090000629425	31.4256	184	0	0.060262	0.009195
669.0050001144409	29.84468	226	0	0.037494	0.009195
671.0080001354218	40.674272	270	0	0.063586	0.009195
673.003999710083	38.339616	334	0	0.043051	0.009195
675.0139999389648	37.357376	262	0	0.076685	0.009195
677.010999917984	4.992384	164	0	0.053415	0.009195
680.010999917984	15.604744	148	0	0.088689	0.009195
682.6219999790192	17.131984	84	0	0.058657	0.009195
683.0769999027252	15.717344	114	0	0.04282	0.009195
685.0069999694824	23.998456	196	0	0.034673	0.009195
687.010999917984	13.232736	116	0	0.064878	0.009195
689.0069999694824	20.040088	224	0	0.063694	0.009195
691.0080001354218	12.708096	363	0	0.067167	0.009195
693.0029997825623	19.5214	280	0	0.154183	0.009195
695.0069999694824	15.806048	276	0	0.037186	0.009195
697.0019998550415	26.531176	276	0	0.070172	0.009195
699.0090000629425	49.57812	356	0	0.036282	0.009195
701.0019998550415	42.456928	332	0	0.038597	0.009195
703.0	29.73712	336	0	0.043253	0.009195
705.0009999275208	50.399816	334	0	0.031895	0.009195
707.0060000419617	17.782592	290	0	0.048479	0.009195
709.0069999694824	12.057456	346	0	0.0401	0.009195
711.0060000419617	40.135312	346	0	0.038007	0.009195
713.0009999275208	28.134096	314	0	0.064678	0.009195
715.003999710083	23.400344	238	0	0.042079	0.009195
717.0250000953674	41.066328	310	0	0.040006	0.009195
719.0019998550415	36.544072	318	0	0.073569	0.009195
721.003999710083	52.56236	318	0	0.056236	0.009195
723.0050001144409	34.752552	292	0	0.056666	0.009195
725.0019998550415	35.15516	286	0	0.057124	0.009195
727.003999710083	19.735888	202	0	0.029532	0.009195
729.0029997825623	43.759	290	0	0.06361	0.009195
731.0080001354218	47.869816	220	0	0.040242	0.009195
733.0019998550415	47.869816	214	0	0.033155	0.009195
735.0019998550415	47.869816	214	0	0.029678	0.009195
737.0019998550415	47.869816	250	0	0.026638	0.009195
739.0029997825623	47.869816	250	0	0.025382	0.009195
741.003999710083	39.563696	218	0	0.036479	0.009195
743.003999710083	32.948536	222	0	0.032673	0.009195
745.0139999389648	46.714296	220	0	0.041524	0.009195
747.0069999694824	38.062616	288	0	0.051234	0.009195
749.0060000419617	51.628576	317	0	0.052251	0.009195
751.0060000419617	55.154512	316	0	0.049611	0.009195
753.0009999275208	12.356712	144	0	0.069579	0.009195
755.0009999275208	27.4282	162	0	0.019592	0.009195
757.0009999275208	17.578144	168	0	0.024366	0.009195
759.0080001354218	20.10868	159	0	0.02727	0.009195
761.0090000629425	45.531864	195	0	0.041791	0.009195
763.0119998455048	25.055888	256	0	0.052873	0.009195
765.1949999332428	60.671904	260	0	0.043399	0.009195
767.0080001354218	32.469816	340	0	0.076672	0.009195
769.0019998550415	52.584656	240	0	0.034387	0.009195
771.0160000324249	55.753976	266	0	0.045398	0.009195
773.0050001144409	13.137296	266	0	0.165515	0.009195
775.0069999694824	23.878264	254	0	0.089741	0.009195
777.0019998550415	54.347992	286	0	0.039291	0.009195
779.0019998550415	30.135168	286	0	0.039517	0.009195
781.0160000324249	66.356392	270	0	0.031986	0.009195
783.003999710083	29.463592	266	0	0.036497	0.009195
785.0019998550415	7.456536	272	0	0.070355	0.009195
787.0060000419617	7.979048	266	0	0.088086	0.009195
789.003999710083	44.448488	210	0	0.061455	0.009195
791.0099999904633	42.153848	290	0	0.046702	0.009195
793.0060000419617	31.307792	290	0	0.106156	0.009195
795.0119998455048	43.61604	310	0	0.045605	0.009195
797.0069999694824	21.272672	292	0	0.044817	0.009195
799.0069999694824	34.900792	354	0	0.060259	0.009195
801.0060000419617	52.208096	260	0	0.048911	0.009195
803.0069999694824	36.03692	308	0	0.056992	0.009195
805.0029997825623	50.934248	354	0	0.047889	0.009195
807.2640001773834	42.8574	350	0	0.051761	0.009195
809.0060000419617	41.021304	314	0	0.047785	0.009195
811.0139999389648	25.878304	296	0	0.068604	0.009195
813.0009999275208	27.65748	268	0	0.071297	0.009195
815.0050001144409	33.530424	218	0	0.061776	0.009195
817.0009999275208	47.295928	252	0	0.043488	0.009195
819.003999710083	19.39476	266	0	0.05859	0.009195
821.0130000114441	37.416392	336	0	0.061689	0.009195
823.0090000629425	28.494664	332	0	0.091228	0.009195
825.0019998550415	28.494664	333	0	0.072501	0.009195
827.0130000114441	24.735984	312	0	0.137107	0.009195
829.0019998550415	24.929696	282	0	0.080761	0.009195
831.003999710083	15.176768	258	0	0.161164	0.009195
833.0069999694824	24.399472	162	0	0.040142	0.009195
835.2519998550415	28.897144	318	0	0.089842	0.009195
837.0519998073578	21.309936	246	0	0.096683	0.009195
839.2509999275208	19.831792	196	0	0.066668	0.009195
841.2519998550415	16.031768	186	0	0.056134	0.009195
843.2589998245239	32.097344	182	0	0.043198	0.009195
845.2549998760223	21.907776	200	0	0.025173	0.009195
847.2530000209808	30.847976	232	0	0.028012	0.009195
849.2530000209808	48.934768	232	0	0.035375	0.009195
851.2539999485016	34.716456	272	0	0.039605	0.009195
853.2549998760223	6.45848	346	0	0.228663	0.009195
855.2549998760223	14.684528	286	0	0.036191	0.009195
857.260999917984	20.884904	298	0	0.043902	0.009195
859.2579998970032	15.629192	404	0	0.106962	0.009195
861.0749998092651	22.418624	258	0	0.09883	0.009195
863.2519998550415	42.173224	248	0	0.050668	0.009195
865.2589998245239	50.970144	262	0	0.044278	0.009195
867.2519998550415	39.187472	170	0	0.034168	0.009195
869.2530000209808	44.967304	272	0	0.035975	0.009195
871.2549998760223	60.150784	330	0	0.0389	0.009195
873.2519998550415	42.3586	344	0	0.076222	0.009195
875.2539999485016	37.050224	280	0	0.080487	0.009195
877.2530000209808	47.963112	280	0	0.057302	0.009195
879.2530000209808	38.655568	296	0	0.061439	0.009195
881.2539999485016	45.583504	282	0	0.04151	0.009195
883.2519998550415	28.016136	336	0	0.044478	0.009195
885.0519998073578	51.383328	348	0	0.065697	0.009195
887.2509999275208	32.407176	314	0	0.066335	0.009195
889.2519998550415	38.754552	314	0	0.078819	0.009195
891.2530000209808	24.128456	298	0	0.052498	0.009195
893.2530000209808	54.215288	288	0	0.035129	0.009195
895.2530000209808	43.736952	264	0	0.032049	0.009195
897.2519998550415	55.413208	232	0	0.047446	0.009195
899.2549998760223	34.14616	286	0	0.050285	0.009195
901.2549998760223	6.766808	283	0	0.050359	0.009195
903.2560000419617	37.977688	4	0	0.065029	0.009195
905.2560000419617	21.010056	298	0	0.03475	0.009195
907.2530000209808	28.856352	246	0	0.034744	0.009195
909.2530000209808	47.421912	228	0	0.049185	0.009195
911.2560000419617	45.419184	270	0	0.050814	0.009195
913.2560000419617	39.973504	282	0	0.039559	0.009195
915.2539999485016	36.307784	341	0	0.052393	0.009195
917.2530000209808	9.083832	332	0	0.084401	0.009195
919.2519998550415	31.622264	186	0	0.049843	0.009195
921.2509999275208	49.3186	266	0	0.029246	0.009195
923.2509999275208	39.61448	264	0	0.066323	0.009195
925.2519998550415	46.268192	314	0	0.05165	0.009195
927.2509999275208	15.140992	316	0	0.047694	0.009195
929.2579998970032	24.828528	214	0	0.063391	0.009195
931.25	29.75476	228	0	0.050524	0.009195
933.2579998970032	24.431448	278	0	0.037697	0.009195
935.2519998550415	48.905776	240	0	0.025744	0.009195
937.2539999485016	56.53144	278	0	0.039162	0.009195
939.2530000209808	44.978672	256	0	0.053452	0.009195
941.2519998550415	26.326808	304	0	0.095309	0.009195
943.2519998550415	32.054992	284	0	0.065254	0.009195
