0.0	8.97092	304	0	0.241438	0.096993
0.28100013732910156	6.006968	304	0	0.136386	0.096993
0.6370000839233398	8.905864	304	8	0.170834	0.096993
1.5130000114440918	9.147408	304	0	0.360227	0.096993
2.51200008392334	10.455552	288	0	0.231846	0.096993
3.7830002307891846	10.331392	346	9	0.123097	0.096993
4.667999982833862	8.043416	326	0	0.354839	0.096993
5.362000226974487	11.78292	316	7	0.204318	0.096993
6.052000045776367	13.850304	346	0	0.12355	0.096993
6.792999982833862	12.018768	348	0	0.209286	0.096993
7.877000093460083	10.104248	320	0	0.284872	0.096993
9.032000064849854	9.570544	362	0	0.217528	0.096993
9.871999979019165	10.40112	362	33	0.30315	0.096993
11.674000263214111	10.71752	362	0	0.340484	0.096993
13.684999942779541	9.510176	294	0	0.186452	0.096993
15.703999996185303	10.3524	302	0	0.300542	0.096993
17.706000328063965	12.41312	354	0	0.16813	0.096993
19.704999923706055	10.41084	398	0	0.338138	0.096993
21.713000059127808	11.56764	384	0	0.369039	0.096993
23.683000087738037	8.683248	306	0	0.28081	0.096993
25.73200011253357	11.446992	352	0	0.326149	0.096993
27.74400019645691	11.136816	370	0	0.291776	0.096993
29.746000289916992	10.206512	368	0	0.311823	0.096993
33.68599987030029	8.061792	262	0	0.295335	0.096993
37.573999881744385	9.642312	272	0	0.267727	0.097423
39.401000022888184	9.193568	266	0	0.308433	0.097423
40.51400017738342	9.794344	264	9	0.187423	0.097423
41.65000033378601	10.31816	264	0	0.244755	0.097423
42.12599992752075	9.339832	264	0	0.170704	0.097423
43.801000118255615	9.339832	264	0	0.110864	0.097423
45.82000017166138	9.339832	242	0	0.118107	0.097423
47.812000036239624	10.592888	250	0	0.112366	0.097423
49.824000120162964	7.157568	254	0	0.374735	0.097423
51.83200001716614	8.824456	254	0	0.175638	0.097423
53.83400011062622	12.480016	324	0	0.144009	0.097423
55.84100008010864	10.373424	340	0	0.181118	0.097423
57.85199999809265	10.663856	358	0	0.128738	0.097423
59.86199998855591	12.637528	366	0	0.145263	0.097423
61.78800010681152	14.440856	332	0	0.11517	0.097423
63.86800003051758	14.280384	320	0	0.153242	0.097423
65.8840000629425	12.065744	338	0	0.221737	0.097423
67.88800001144409	10.897968	338	0	0.116867	0.097423
69.90899991989136	13.336648	352	0	0.140719	0.097423
71.91200017929077	12.704848	314	0	0.119427	0.097423
73.66199994087219	12.928488	322	0	0.129145	0.097423
75.68200016021729	12.296096	336	0	0.186603	0.097423
77.68200016021729	12.073328	336	0	0.194119	0.097423
79.7039999961853	13.890384	346	0	0.179759	0.097423
81.70499992370605	11.515344	350	0	0.130633	0.097423
83.7039999961853	11.306096	379	0	0.206014	0.097423
85.71200013160706	10.214576	380	0	0.374472	0.097423
87.72200012207031	12.73828	352	0	0.189934	0.097423
89.7240002155304	11.783528	398	0	0.209101	0.097423
91.73200011253357	11.755408	398	0	0.241065	0.097423
93.74500012397766	11.755408	400	0	0.149153	0.097423
95.76300024986267	10.974264	434	0	0.136865	0.097423
97.74600028991699	10.02464	428	0	0.468322	0.097423
99.75999999046326	10.02464	394	0	0.146344	0.097423
101.7739999294281	10.02464	394	0	0.120673	0.097423
103.78200006484985	9.308832	332	0	0.285199	0.097423
105.7940001487732	9.308832	332	0	0.128205	0.097423
107.79299998283386	11.898592	338	0	0.19363	0.097423
109.81399989128113	11.736496	362	0	0.211968	0.097423
111.82999992370605	12.582584	374	0	0.297068	0.097423
113.82000017166138	13.222912	398	0	0.206715	0.097423
115.83299994468689	13.231128	358	0	0.121069	0.097423
117.83200001716614	12.934088	416	0	0.194768	0.097423
119.84599995613098	10.825744	418	0	0.128378	0.097423
121.8510000705719	10.825744	418	0	0.139968	0.097423
123.86300015449524	10.825744	418	0	0.132657	0.097423
125.8730001449585	13.289528	360	0	0.156251	0.097423
127.88300013542175	13.379896	370	0	0.23369	0.097423
129.88100004196167	10.988408	370	0	0.180376	0.097423
131.90199995040894	10.937984	352	0	0.327062	0.097423
133.82200002670288	11.412256	406	0	0.118619	0.097423
135.90300011634827	13.33792	392	0	0.256156	0.097423
137.91100025177002	12.371984	392	0	0.270739	0.097423
139.9210000038147	3.877464	352	0	0.163206	0.097423
141.93200016021729	15.875048	374	0	0.121669	0.097423
143.93300008773804	11.023736	404	0	0.131957	0.097423
145.9430000782013	11.145144	420	0	0.223501	0.097423
147.9520001411438	14.161712	388	0	0.234814	0.097423
149.96200013160706	13.064256	334	0	0.300557	0.097443
151.96200013160706	12.71132	334	0	0.189887	0.097443
153.98400020599365	11.484272	322	0	0.112059	0.097443
155.9830002784729	12.758072	310	0	0.115185	0.097443
157.92700004577637	9.641104	322	0	0.135296	0.097443
159.99300003051758	6.331384	322	0	0.486038	0.097443
162.0090000629425	5.45844	298	0	0.44328	0.097443
164.0130000114441	7.255664	250	0	0.154548	0.097443
166.02100014686584	12.885376	320	0	0.121683	0.097443
168.0310001373291	13.585328	328	0	0.116322	0.097443
170.0310001373291	15.148112	336	0	0.12526	0.097443
172.04300022125244	11.747512	336	0	0.246053	0.097443
174.05200004577637	9.774048	336	0	0.271169	0.097443
176.06300020217896	8.390224	4	0	0.267183	0.097443
178.07200002670288	13.017232	344	0	0.119515	0.097443
180.08100008964539	12.6916	344	0	0.127825	0.097443
182.00200033187866	13.063152	352	0	0.12101	0.097443
184.09299993515015	13.693928	338	0	0.204081	0.097443
186.10300016403198	12.067248	350	0	0.172042	0.097443
188.1119999885559	10.223144	334	0	0.119067	0.097443
190.11299991607666	12.288224	382	0	0.162548	0.097443
192.1230001449585	13.51452	402	0	0.118372	0.097443
194.1340000629425	10.612	354	0	0.172427	0.097443
196.13700008392334	12.117856	364	0	0.156593	0.097443
198.15200018882751	14.398944	358	0	0.177388	0.097443
200.1560001373291	13.370544	390	0	0.149896	0.097443
202.16200017929077	13.929936	390	0	0.126604	0.097443
204.17300009727478	11.046848	366	0	0.223156	0.097443
206.10899996757507	15.669776	394	0	0.134301	0.097443
208.1890001296997	9.98312	394	0	0.299493	0.097443
210.19700002670288	10.404824	362	0	0.282886	0.097443
212.21200013160706	11.300568	388	0	0.223234	0.097443
213.9630000591278	16.042944	390	0	0.121816	0.097443
216.22300004959106	11.152424	344	0	0.124288	0.097443
218.22900009155273	14.35808	356	0	0.160077	0.097443
219.98099994659424	14.6478	402	0	0.161176	0.097443
221.99300003051758	11.655464	402	0	0.216669	0.097443
224.00099992752075	8.73216	402	0	0.29593	0.097443
226.01200008392334	9.241024	368	0	0.124062	0.097443
228.0110001564026	13.26524	348	0	0.188159	0.097443
230.0220000743866	12.619752	346	0	0.150591	0.097443
232.03200006484985	13.228768	316	0	0.125055	0.097443
234.0329999923706	12.391848	316	0	0.159549	0.097443
236.04100012779236	12.417144	322	0	0.127869	0.097443
238.05100011825562	13.76136	318	0	0.123973	0.097734
240.06100010871887	12.746864	322	0	0.119236	0.097734
242.0699999332428	11.74476	332	0	0.208981	0.097734
244.34300017356873	13.409688	342	0	0.129762	0.097734
246.08200025558472	14.492608	352	0	0.147521	0.097734
248.09299993515015	12.401432	368	0	0.198989	0.097734
250.10300016403198	14.230096	354	0	0.118226	0.097265
252.11100006103516	14.350576	362	0	0.208678	0.097265
254.05200004577637	13.414408	362	0	0.126034	0.097265
256.1210000514984	13.661024	350	0	0.237357	0.097265
258.13100028038025	11.2052	350	0	0.21524	0.097265
260.143000125885	12.155872	396	0	0.135561	0.097265
262.14800000190735	10.0278	362	0	0.200265	0.097265
264.1600000858307	10.18532	346	0	0.115201	0.097265
266.1710002422333	13.93648	346	0	0.18276	0.097265
268.18099999427795	8.969032	344	0	0.333974	0.097265
270.1840000152588	11.904808	334	0	0.169995	0.097265
272.19200015068054	13.551032	350	0	0.136574	0.097265
274.20099997520447	13.179032	368	0	0.11674	0.097265
276.21200013160706	11.941552	384	0	0.154949	0.097265
278.1730000972748	13.477936	362	0	0.127142	0.097004
280.22300004959106	10.4208	362	0	0.295957	0.097004
282.23200011253357	13.652624	352	0	0.185016	0.097004
284.2440001964569	11.866224	372	0	0.165409	0.097004
286.2520000934601	15.002024	388	0	0.176316	0.097004
288.26300024986267	17.541104	424	0	0.132474	0.097004
290.27300000190735	12.614576	408	0	0.156555	0.097004
292.27300000190735	11.39428	408	0	0.226102	0.097004
294.29500007629395	11.99616	394	0	0.282032	0.097004
296.2920000553131	9.123344	386	0	0.304316	0.097004
298.05200004577637	13.624776	350	0	0.126343	0.097004
300.3120000362396	15.12404	4	0	0.121984	0.097004
302.32100009918213	13.039808	342	0	0.147378	0.097004
304.0720000267029	11.750264	342	0	0.251948	0.097004
306.0810000896454	15.448776	366	0	0.12536	0.097004
308.0920000076294	12.102816	374	0	0.120003	0.097004
310.09800028800964	14.756088	386	0	0.142173	0.097004
312.10199999809265	13.806888	372	0	0.130897	0.097004
314.1119999885559	13.748752	362	0	0.135117	0.097004
316.13100028038025	14.3066	362	0	0.16648	0.097004
318.13300013542175	15.18116	372	0	0.153648	0.097004
320.13300013542175	10.979304	388	0	0.241722	0.097004
322.15300011634827	14.249328	394	0	0.116327	0.097004
324.16100001335144	12.507792	452	0	0.157454	0.097004
326.16100001335144	13.699568	398	0	0.111128	0.097004
328.1730000972748	12.067752	408	0	0.171589	0.097004
330.1819999217987	15.516184	416	0	0.1156	0.097004
332.1910002231598	13.98568	416	0	0.131871	0.097004
334.1930000782013	10.0084	416	0	0.186808	0.097004
336.20099997520447	15.460912	422	0	0.129456	0.097004
338.21200013160706	13.803536	440	0	0.169844	0.097004
340.2409999370575	14.339856	492	0	0.196804	0.097004
342.2310001850128	14.825776	438	0	0.184	0.097004
344.24300026893616	13.83936	438	0	0.156024	0.097004
346.25100016593933	16.921304	406	0	0.119676	0.097004
348.25300002098083	14.825616	414	0	0.199764	0.097004
350.26300024986267	16.932216	418	0	0.117452	0.097004
352.27300000190735	18.458696	494	0	0.182707	0.097004
354.2920000553131	14.66564	504	0	0.167353	0.097004
356.2810001373291	14.605696	504	0	0.20717	0.097004
358.29800033569336	10.985488	504	0	0.275797	0.097004
360.30200004577637	18.211472	416	0	0.135689	0.097004
362.3110001087189	13.574944	448	0	0.217599	0.097004
364.3129999637604	11.561328	448	0	0.242796	0.097004
366.3230001926422	14.343456	478	0	0.207687	0.097004
368.3310000896454	14.801056	460	0	0.171561	0.097004
370.3420000076294	13.925312	414	0	0.129855	0.097004
372.36300015449524	9.3444	400	0	0.251479	0.097004
374.3560001850128	14.099776	444	0	0.130206	0.097004
376.36100006103516	15.592016	454	0	0.191781	0.097004
378.1230001449585	14.579824	464	0	0.185879	0.097004
380.3800001144409	5.092808	432	0	0.118239	0.097004
382.38100004196167	16.060816	432	0	0.161325	0.097004
384.1419999599457	13.499432	430	0	0.126062	0.097004
386.1520001888275	16.255824	438	0	0.159258	0.097004
388.4130001068115	12.095576	416	0	0.291718	0.097004
390.16200017929077	12.016032	416	0	0.203664	0.097004
392.172000169754	15.676552	410	0	0.154663	0.097004
394.1819999217987	12.964256	410	0	0.149199	0.097004
396.18099999427795	14.08096	440	0	0.171403	0.097004
398.19000005722046	13.312096	466	0	0.141363	0.097004
400.2020001411438	16.010104	466	0	0.153053	0.097004
402.21200013160706	12.88728	436	0	0.214226	0.097004
404.2420003414154	15.320768	444	0	0.121957	0.097004
406.2240002155304	14.656152	444	0	0.172619	0.097004
408.23799991607666	16.399952	470	0	0.124728	0.097004
410.24300026893616	15.867952	512	0	0.275876	0.097004
412.2539999485016	13.299184	498	0	0.291656	0.097004
414.26300024986267	13.837	498	0	0.402443	0.097004
416.260999917984	15.998072	440	0	0.247233	0.097004
418.2920000553131	12.420624	402	0	0.132288	0.097004
420.28200030326843	13.472576	398	0	0.200977	0.097004
422.29100012779236	15.399528	400	0	0.14791	0.097004
424.3010001182556	16.138456	424	0	0.149001	0.097004
426.3129999637604	13.386552	420	0	0.17986	0.097004
428.32200026512146	14.740472	420	0	0.152287	0.097004
430.32200026512146	8.465376	490	0	0.37993	0.097004
432.3329999446869	8.722072	456	0	0.143797	0.097004
434.3440001010895	12.469168	456	0	0.13518	0.097004
436.3510000705719	14.173008	392	0	0.206559	0.097004
438.3540003299713	14.758672	400	0	0.145449	0.097004
440.36300015449524	11.92452	392	0	0.278565	0.097004
442.3750002384186	10.736144	392	0	0.134245	0.097004
444.3819999694824	14.19268	408	0	0.162073	0.097004
446.3819999694824	14.345536	408	0	0.117839	0.097004
448.39200019836426	12.91832	420	0	0.11941	0.097004
450.4010000228882	15.28328	402	0	0.134255	0.097004
452.41200017929077	15.927256	420	0	0.19927	0.097004
454.4210000038147	13.781704	420	0	0.187814	0.097004
456.43100023269653	13.917576	410	0	0.125921	0.097004
458.43300008773804	14.157056	460	0	0.189167	0.097004
460.3470001220703	16.107656	474	0	0.112427	0.097004
462.44200015068054	6.517176	474	0	0.659168	0.097004
464.45300006866455	10.316936	424	0	0.307745	0.097004
466.47100019454956	12.087408	434	0	0.120134	0.097004
468.2409999370575	14.428224	444	0	0.162259	0.097004
470.2330000400543	14.90076	444	0	0.127064	0.097004
472.2420003414154	15.6378	430	0	0.126829	0.097004
474.2420003414154	16.56984	426	0	0.14469	0.097004
476.2539999485016	11.580872	398	0	0.118501	0.097004
478.26200008392334	13.138344	380	0	0.182929	0.097004
480.27100014686584	15.628424	394	0	0.116088	0.097004
482.29100012779236	13.71732	394	0	0.190814	0.097004
484.2810001373291	16.369832	394	0	0.140754	0.097004
486.2920000553131	16.96384	394	0	0.183174	0.097004
488.3030002117157	15.298088	452	0	0.15827	0.097004
490.30200004577637	12.1948	444	0	0.131525	0.097004
492.3620002269745	12.563728	444	0	0.185093	0.097004
494.32100009918213	15.81948	436	0	0.128037	0.097004
496.3329999446869	12.723704	440	0	0.205272	0.097004
498.3400001525879	18.057712	466	0	0.138986	0.097004
500.34100008010864	14.8716	446	0	0.16723	0.097004
502.35199999809265	16.391456	446	0	0.154048	0.097004
504.36300015449524	13.579456	470	0	0.120078	0.097004
506.37199997901917	11.332344	450	0	0.2161	0.097004
508.38300013542175	15.992072	450	0	0.153239	0.097004
510.38100004196167	12.429768	462	0	0.225083	0.097004
512.3920001983643	13.708208	462	0	0.180567	0.097004
514.4010000228882	15.38636	366	0	0.1257	0.097004
516.4030001163483	14.230376	382	0	0.145839	0.097004
518.4160001277924	14.306024	408	0	0.121895	0.097004
520.4210000038147	12.050752	422	0	0.190758	0.097004
522.433000087738	15.34716	412	0	0.140189	0.097004
524.433000087738	15.333088	412	0	0.176963	0.097004
526.4409999847412	12.635064	434	0	0.234287	0.097004
528.451000213623	14.888208	382	0	0.108109	0.097004
530.4619998931885	13.84712	382	0	0.218934	0.097004
532.4100003242493	11.899824	400	0	0.130039	0.097004
534.4830002784729	14.872504	400	0	0.153542	0.097004
536.4950001239777	11.3198	362	0	0.223648	0.097004
538.4920001029968	10.508008	362	0	0.116018	0.097004
540.5030002593994	9.550296	356	0	0.271347	0.097004
542.6510002613068	12.813096	350	0	0.13742	0.097004
544.5120000839233	13.737088	354	0	0.153074	0.097004
546.5230002403259	15.959288	360	0	0.14079	0.097004
548.5320000648499	10.795576	356	0	0.198732	0.097004
550.2939999103546	8.920744	360	0	0.306308	0.097004
552.5430002212524	10.849736	384	0	0.12963	0.097004
554.5520000457764	8.510536	352	0	0.348172	0.097004
556.3129999637604	10.556256	324	0	0.218559	0.097004
558.3210000991821	12.005352	4	0	0.20134	0.097004
560.3300001621246	13.454312	372	0	0.145723	0.097004
562.3410000801086	12.21616	364	0	0.120011	0.097004
564.3529999256134	12.899688	362	0	0.12538	0.097004
566.3519999980927	12.345384	360	0	0.125475	0.097004
568.3620002269745	9.549544	360	0	0.235027	0.097004
570.3710000514984	9.14596	346	0	0.213396	0.097004
572.3730001449585	10.045368	308	0	0.258134	0.097004
574.3810000419617	10.318544	288	0	0.163522	0.097004
576.3970000743866	8.810448	288	0	0.121434	0.097004
578.4010000228882	9.901464	290	0	0.153012	0.098195
580.3430001735687	13.143032	294	0	0.118064	0.098195
582.4130001068115	8.539968	282	0	0.328834	0.098195
584.4310002326965	9.003032	288	0	0.30637	0.098195
586.4320001602173	9.37168	262	0	0.186537	0.098195
588.4420001506805	10.593664	294	0	0.126419	0.098195
590.4539999961853	12.264992	318	0	0.117689	0.098195
592.3940002918243	8.388656	336	0	0.253214	0.098195
594.4720001220703	11.06328	370	0	0.26699	0.098195
596.4800000190735	14.978824	378	0	0.268259	0.098195
598.4820001125336	10.618832	406	0	0.216152	0.098195
600.4930000305176	13.320352	394	0	0.128317	0.098195
602.5009999275208	10.92772	351	0	0.319792	0.098195
604.4310002326965	13.097568	362	0	0.130319	0.098195
606.5120000839233	13.151256	394	0	0.164321	0.098195
608.5199999809265	8.766424	374	0	0.353951	0.097877
610.5310001373291	9.78752	374	0	0.124128	0.097877
612.5420000553131	12.718544	360	0	0.173164	0.097877
614.5420000553131	11.103656	348	0	0.159155	0.097877
616.5529999732971	11.047224	336	0	0.211981	0.097877
618.5620002746582	8.539496	350	0	0.404765	0.097877
620.5720000267029	11.070568	340	0	0.297186	0.097877
622.5840001106262	11.892864	328	0	0.175433	0.097877
624.5910000801086	10.714456	334	0	0.339739	0.097877
626.5929999351501	13.233312	320	0	0.209486	0.097877
628.5339999198914	10.70856	334	0	0.128895	0.097877
630.6129999160767	11.959392	314	0	0.260739	0.097877
632.6219999790192	12.35176	432	0	0.28002	0.097877
634.6340003013611	11.678632	360	0	0.345883	0.097877
636.3810000419617	10.674064	318	0	0.306531	0.097877
638.3920001983643	8.09068	312	0	0.132698	0.097877
640.6560001373291	10.156392	308	0	0.304898	0.097877
644.125	9.21692	348	0	0.345592	0.097877
646.8320000171661	8.612856	280	0	0.297714	0.097877
648.0640001296997	8.132856	280	0	0.274642	0.097877
649.2760000228882	9.43124	312	26	0.284414	0.097877
650.4449999332428	10.231904	286	0	0.21904	0.097877
652.4420001506805	9.495768	286	0	0.118454	0.097877
654.451000213623	7.228024	278	0	0.365047	0.097877
656.4630000591278	10.165768	304	0	0.178683	0.097877
658.4730000495911	11.216192	326	0	0.294747	0.097877
660.4830002784729	11.13292	326	0	0.309729	0.097877
662.4930000305176	9.952768	322	0	0.131469	0.097877
664.5040001869202	11.313024	334	0	0.204215	0.097877
666.5030002593994	9.262688	310	0	0.302752	0.097877
668.5130000114441	10.86888	330	0	0.33616	0.097877
670.5110001564026	9.95144	292	0	0.316676	0.097877
672.5310001373291	5.514632	292	0	0.122827	0.097877
674.5300002098083	10.33632	276	0	0.178135	0.097877
676.4449999332428	11.291712	264	0	0.111481	0.097877
678.5520000457764	11.834528	320	0	0.114891	0.097877
680.5520000457764	11.288408	322	0	0.115434	0.097877
682.563000202179	12.059976	334	0	0.13448	0.097877
684.5720000267029	7.827448	302	0	0.241285	0.097877
686.5720000267029	7.827448	302	0	0.11538	0.097877
688.5830001831055	10.947592	332	0	0.187112	0.097877
690.5920000076294	11.026848	318	0	0.285614	0.097877
692.5929999351501	11.761984	390	0	0.151923	0.097877
694.6100001335144	10.545696	390	0	0.280238	0.097877
696.6129999160767	12.306544	398	0	0.130865	0.097877
698.6420001983643	11.053784	398	0	0.192799	0.097877
700.632000207901	12.658616	362	0	0.124676	0.097877
702.6360001564026	7.08332	362	0	0.347366	0.097877
704.6480000019073	8.801376	346	0	0.391221	0.097877
706.650000333786	9.967792	346	0	0.255762	0.097877
708.6610000133514	9.967792	346	0	0.134133	0.097877
710.6740002632141	10.24576	364	0	0.116854	0.097877
712.6960000991821	12.229304	360	0	0.198534	0.097877
714.6820001602173	8.981272	332	0	0.265914	0.097877
716.6890001296997	9.410608	328	0	0.372995	0.097877
718.7039999961853	12.871664	338	0	0.164813	0.097877
720.7130000591278	2.522408	364	0	0.221237	0.097877
722.4619998931885	10.222544	364	0	0.335813	0.097877
724.7250001430511	9.131872	340	0	0.135956	0.097877
726.7320001125336	10.458272	294	0	0.289656	0.097877
728.4920001029968	10.960224	294	0	0.142514	0.097877
730.5160000324249	10.164792	294	0	0.124385	0.097877
732.5019998550415	10.411872	280	0	0.192775	0.097877
734.5140001773834	3.72852	306	0	0.121938	0.097877
736.5210001468658	10.415456	310	0	0.200174	0.097877
738.5329999923706	10.32472	314	0	0.190213	0.097877
740.5320000648499	9.938056	302	0	0.287021	0.097877
742.5520000457764	10.11716	338	0	0.181183	0.097877
744.5610001087189	9.959632	336	0	0.128344	0.097877
746.5620002746582	11.503504	312	0	0.189209	0.097877
748.5729999542236	10.958168	336	0	0.125721	0.097877
750.5840001106262	12.02088	302	0	0.175992	0.097877
752.5929999351501	12.206512	310	0	0.261983	0.097877
754.6040000915527	9.792048	310	0	0.293031	0.097877
756.6129999160767	9.59636	298	0	0.26224	0.097877
758.6230001449585	11.156408	280	0	0.123943	0.097877
760.6330001354218	12.33272	310	0	0.139818	0.097877
762.6410000324249	10.507912	310	0	0.202165	0.097877
764.6420001983643	10.507912	308	0	0.141838	0.097877
766.654000043869	12.76848	336	0	0.16308	0.097877
768.6640000343323	9.50304	354	0	0.306146	0.097877
770.6630001068115	11.713264	356	0	0.254972	0.097877
772.6730000972748	10.336816	366	0	0.112125	0.097877
774.683000087738	11.68464	368	0	0.322894	0.097877
776.699000120163	11.544536	368	0	0.323595	0.097877
778.6930000782013	10.658832	336	0	0.334346	0.097877
780.7019999027252	13.229832	334	0	0.126798	0.097877
782.704999923706	13.039568	330	0	0.128421	0.097877
784.7130000591278	14.1288	366	0	0.210263	0.097877
786.7220001220703	10.982832	372	0	0.179219	0.097877
788.7339999675751	9.872736	360	0	0.335067	0.097877
790.7419998645782	10.3988	364	0	0.312963	0.097607
792.7540001869202	11.744192	376	0	0.125752	0.097607
794.7620003223419	11.780944	332	0	0.263895	0.097607
796.7739999294281	11.137144	366	0	0.132744	0.097607
798.7730000019073	10.757368	384	0	0.37904	0.097607
800.7830002307892	9.887104	358	0	0.289432	0.097607
802.7920000553131	8.702832	346	0	0.420865	0.097607
804.7929999828339	12.231144	314	0	0.128316	0.097607
806.5529999732971	14.601712	328	0	0.122777	0.097607
808.563000202179	13.268	336	0	0.177124	0.097607
810.5729999542236	10.90692	340	0	0.225776	0.097607
812.5830001831055	12.71052	349	0	0.241285	0.097607
814.5810000896454	11.644952	304	0	0.16419	0.097607
816.5929999351501	9.532744	322	0	0.143073	0.097607
818.603000164032	13.807872	342	0	0.131737	0.097607
820.6129999160767	10.356544	344	0	0.113413	0.097607
822.6230001449585	13.48456	344	0	0.133069	0.097607
