0.0	0.838248	37	0	0.192957	0.189656
0.5750000476837158	1.026056	46	19	0.19234	0.189656
2.383000135421753	3.029304	132	0	0.192191	0.189656
4.186000108718872	0.385576	197	0	0.261887	0.189656
5.483000040054321	6.01616	244	26	0.199781	0.189656
6.42300009727478	7.210032	308	0	0.192534	0.189656
8.424000024795532	7.694968	316	0	0.191472	0.189656
10.439000129699707	7.969264	362	0	0.201569	0.189656
12.42300009727478	2.232552	390	0	0.211835	0.189656
14.42300009727478	11.30192	510	0	0.196857	0.189656
16.438000202178955	14.885056	635	0	0.20282	0.189656
18.42799997329712	21.590664	916	0	0.204733	0.189656
20.426000118255615	23.509144	946	0	0.191675	0.189656
22.426000118255615	23.897952	960	0	0.192647	0.189656
24.426000118255615	25.312816	944	0	0.197426	0.189656
26.437000036239624	25.82088	991	0	0.19494	0.189656
28.42900013923645	29.246496	1115	0	0.198735	0.189656
30.424999952316284	31.864512	1198	0	0.196633	0.189629
32.43499994277954	3.027968	1196	0	0.192113	0.189629
34.424999952316284	33.580936	1244	0	0.193414	0.189629
36.42700004577637	2.97268	1268	0	0.193609	0.189629
38.426000118255615	14.826304	1268	0	0.193239	0.189629
40.424999952316284	14.826304	1268	0	0.199066	0.189629
42.424999952316284	24.676952	1266	0	0.197739	0.189629
44.43599987030029	35.022064	1286	0	0.193782	0.189629
46.43499994277954	16.410312	1396	0	0.200756	0.189629
48.42400002479553	16.410312	1576	0	0.204593	0.189629
50.43400001525879	16.410312	1576	0	0.197533	0.189629
52.42400002479553	22.92832	1576	0	0.198886	0.189629
54.421000242233276	22.92832	1578	0	0.195108	0.189629
56.424999952316284	22.92832	1582	0	0.195952	0.189629
58.42900013923645	45.553432	1742	0	0.2021	0.189629
60.43499994277954	30.46536	1872	0	0.193895	0.189629
62.424999952316284	24.78268	2054	0	0.211214	0.189629
64.42600011825562	24.78268	2054	0	0.215816	0.189629
66.5479998588562	24.78268	1892	0	0.200661	0.189629
68.42400002479553	24.78268	1892	0	0.211402	0.189629
70.42799997329712	24.78268	1948	0	0.202165	0.189629
72.43700003623962	24.78268	1904	0	0.203653	0.189629
74.4319999217987	24.78268	1834	0	0.200262	0.189629
76.43700003623962	51.173432	2258	0	0.258553	0.189629
78.42799997329712	37.195384	2398	0	0.297506	0.189629
80.42799997329712	0.05752	2300	0	0.195563	0.189629
82.42700004577637	4.005304	2312	0	0.205586	0.189629
84.37800002098083	0.166648	1938	0	0.203151	0.189629
86.42499995231628	0.17716	1068	0	0.20204	0.189629
88.42700004577637	26.378896	1130	0	0.21573	0.189629
90.43400001525879	20.30908	1129	0	0.209741	0.189629
92.44099998474121	32.73764	1337	0	0.209167	0.189629
94.42799997329712	32.05048	1440	0	0.201558	0.189629
96.4319999217987	28.857232	1444	0	0.242195	0.189629
98.42499995231628	28.857232	1444	0	0.198651	0.189629
100.43400001525879	28.857232	1474	0	0.220549	0.189629
102.42499995231628	28.857232	1466	0	0.240073	0.189629
104.4319999217987	28.857232	1446	0	0.198289	0.189629
106.4300000667572	28.857232	1520	0	0.306004	0.189629
108.44000005722046	28.857232	1520	0	0.206503	0.189629
110.42700004577637	28.857232	1520	0	0.208511	0.189629
112.4319999217987	28.857232	1520	0	0.208358	0.189629
114.43800020217896	3.158832	1552	0	0.213136	0.189629
116.43700003623962	36.525696	1652	0	0.240264	0.189629
118.42799997329712	41.902752	1712	0	0.193872	0.189629
120.43800020217896	43.769312	1679	0	0.217966	0.189629
122.42900013923645	44.7908	1862	0	0.194878	0.189629
124.43700003623962	44.7908	1926	0	0.212552	0.189629
126.43400001525879	48.73672	1941	0	0.197655	0.189629
128.42700004577637	49.332496	2004	0	0.211507	0.189629
130.4390001296997	49.339656	2136	0	0.2041	0.189629
132.43299984931946	6.182224	2188	0	0.199306	0.189629
134.43299984931946	23.057728	2208	0	0.244422	0.189629
136.42600011825562	51.667184	2248	0	0.232907	0.189629
138.4340000152588	51.867688	2332	0	0.213688	0.189629
140.42400002479553	51.459344	2360	0	0.197569	0.189629
142.4359998703003	51.459344	2360	0	0.266181	0.189629
144.42799997329712	51.459344	2366	0	0.194158	0.189629
146.42799997329712	51.459344	2322	0	0.217153	0.189629
148.42799997329712	51.459344	2322	0	0.210193	0.189629
150.42499995231628	51.459344	2322	0	0.206441	0.189629
152.42499995231628	51.802648	2134	0	0.195559	0.189629
154.4390001296997	5.766176	2130	0	0.196025	0.189629
156.4300000667572	13.784336	2136	0	0.2044	0.189629
158.43499994277954	14.614952	2114	0	0.203117	0.189629
160.4300000667572	17.87084	2114	0	0.197247	0.189629
162.42900013923645	52.79472	4	0	0.224504	0.189629
164.43499994277954	52.79472	2306	0	0.219109	0.189629
166.43099999427795	52.79472	2170	0	0.194244	0.189629
168.4359998703003	52.79472	2248	0	0.212938	0.189629
170.4319999217987	52.79472	2246	0	0.198346	0.189629
172.4359998703003	52.79472	2246	0	0.207087	0.189629
174.42200016975403	54.024432	2246	0	0.219141	0.189629
176.4390001296997	0.027672	2084	0	0.201543	0.189629
178.4319999217987	29.766616	2043	0	0.232457	0.189629
180.42700004577637	46.508072	2106	0	0.195354	0.189629
182.44799995422363	46.04012	2107	0	0.218263	0.189629
184.42700004577637	30.62488	2237	0	0.220262	0.189629
186.43800020217896	33.820352	2292	0	0.231725	0.189629
188.42799997329712	33.820352	2238	0	0.22831	0.189629
190.4359998703003	33.820352	2295	0	0.213404	0.189629
192.4340000152588	33.820352	2242	0	0.209514	0.189629
194.43299984931946	33.820352	2280	0	0.225751	0.189629
196.43099999427795	48.77036	1958	0	0.307511	0.189629
198.4319999217987	48.77036	1984	0	0.230908	0.189629
200.42499995231628	14.738432	1984	0	0.203523	0.189629
202.4359998703003	14.738432	4	0	0.213601	0.189629
204.42900013923645	14.738432	1988	0	0.199364	0.189629
206.4390001296997	14.738432	1756	0	0.204239	0.189629
208.42600011825562	14.738432	1846	0	0.207386	0.189629
210.4300000667572	22.842488	1904	0	0.203951	0.189629
212.43700003623962	22.842488	1904	0	0.226056	0.189629
214.4319999217987	22.842488	1902	0	0.195613	0.189629
216.4359998703003	13.914536	604	0	0.196765	0.189629
218.45300006866455	14.144056	616	0	0.191647	0.189629
220.43700003623962	15.019816	658	0	0.197483	0.189629
222.68500018119812	16.343656	686	0	0.196744	0.189629
224.68600010871887	10.34152	626	0	0.232193	0.189629
226.6800000667572	16.615496	730	0	0.197916	0.189629
228.68700003623962	2.81852	722	0	0.195626	0.189629
230.68600010871887	17.104064	722	0	0.196142	0.189629
232.6800000667572	17.130136	722	0	0.202694	0.189629
234.68700003623962	20.541968	798	0	0.192407	0.189629
236.67599987983704	13.962912	799	0	0.193447	0.189629
238.68099999427795	22.450736	854	0	0.193059	0.189629
240.67400002479553	21.89844	876	0	0.198221	0.189629
242.65199995040894	22.962016	892	0	0.191302	0.189629
244.68700003623962	22.681312	1058	0	0.195543	0.189629
246.68500018119812	14.804712	1060	0	0.195173	0.189629
248.68500018119812	14.804712	1088	0	0.194693	0.189629
250.67400002479553	14.804712	1088	0	0.205464	0.189629
252.68799996376038	26.265136	1064	0	0.194042	0.189629
254.68099999427795	26.265136	1062	0	0.19325	0.189629
256.6879999637604	26.265136	1164	0	0.19998	0.189629
258.6779999732971	26.265136	1164	0	0.193145	0.189629
260.6779999732971	26.265136	1164	0	0.195589	0.189629
262.6860001087189	26.265136	1164	0	0.208213	0.189629
264.6779999732971	26.265136	4	0	0.196107	0.189629
266.65899991989136	26.265136	1084	0	0.209292	0.189629
268.67900013923645	26.265136	1082	0	0.200098	0.189629
270.68300008773804	34.678152	1311	0	0.204658	0.189629
272.6879999637604	34.07092	1392	0	0.20862	0.189629
274.67700004577637	34.07092	1392	0	0.208313	0.189629
276.6800000667572	13.183392	1392	0	0.202246	0.189629
278.6800000667572	14.101552	1396	0	0.223122	0.189629
280.6879999637604	14.101552	1396	0	0.196202	0.189629
282.6860001087189	14.185736	612	0	0.20374	0.189629
284.68099999427795	15.626096	673	0	0.192771	0.189629
286.67900013923645	17.74408	748	0	0.195672	0.189629
288.68099999427795	17.74408	748	0	0.193084	0.189629
290.6710000038147	17.74408	664	0	0.193706	0.189629
292.6879999637604	18.370048	688	0	0.201873	0.189629
294.67700004577637	4.325136	699	0	0.19453	0.189629
296.6850001811981	19.162616	734	0	0.200417	0.189629
298.6870000362396	21.831864	806	0	0.19525	0.189629
300.6779999732971	18.411296	863	0	0.193019	0.189629
302.6870000362396	22.600344	964	0	0.201257	0.189629
304.67400002479553	22.677208	984	0	0.194904	0.189629
306.6870000362396	25.772544	931	0	0.195129	0.189629
308.6870000362396	26.19692	963	0	0.194889	0.189629
310.6870000362396	26.813608	988	0	0.199764	0.189629
312.67900013923645	26.813608	988	0	0.196813	0.189629
314.6630001068115	25.660744	974	0	0.193017	0.189629
316.6889998912811	24.203464	1278	0	0.199986	0.189629
318.6820001602173	34.076216	1306	0	0.199384	0.189629
320.6879999637604	22.973056	1330	0	0.193665	0.189629
322.6870000362396	22.973056	1330	0	0.19538	0.189629
324.6889998912811	22.973056	1302	0	0.200655	0.189629
326.68300008773804	22.973056	1302	0	0.199487	0.189629
328.6729998588562	22.973056	1306	0	0.19986	0.189629
330.67900013923645	22.973056	1306	0	0.194928	0.18967
332.6850001811981	22.973056	1244	0	0.193836	0.18967
334.68300008773804	22.973056	1244	0	0.194935	0.18967
336.6879999637604	22.973056	1244	0	0.1953	0.18967
338.643000125885	22.973056	1246	0	0.193724	0.18967
340.68099999427795	30.767232	1604	0	0.198272	0.18967
342.6840000152588	42.79112	1650	0	0.193588	0.18967
344.6879999637604	42.79112	1706	0	0.20257	0.18967
346.6749999523163	0.027144	1776	0	0.203925	0.18967
348.6840000152588	22.190152	1832	0	0.209776	0.18967
350.68300008773804	23.382176	1832	0	0.20457	0.18967
352.6879999637604	23.382176	1842	0	0.227841	0.18967
354.68300008773804	0.058864	1822	0	0.209692	0.18967
356.6909999847412	47.283632	2006	0	0.201445	0.18967
358.7000000476837	57.32088	2292	0	0.209791	0.18967
360.6930000782013	57.32088	2292	0	0.233862	0.18967
362.6800000667572	57.32088	33	4	0.195671	0.18967
364.6840000152588	11.188912	2200	0	0.205053	0.18967
366.6749999523163	11.188912	2200	0	0.206165	0.18967
368.6870000362396	11.689184	2198	0	0.20007	0.18967
370.6820001602173	11.689184	2112	0	0.225409	0.18967
372.68300008773804	1.516752	168	0	0.19412	0.18967
374.6840000152588	4.078464	188	0	0.192497	0.18967
376.6909999847412	6.266424	266	0	0.19509	0.18967
378.6779999732971	6.971912	286	0	0.197115	0.189617
380.7350001335144	7.197208	332	0	0.193518	0.189617
382.6800000667572	7.918224	426	0	0.201882	0.189617
384.6800000667572	11.29024	469	0	0.202971	0.189617
386.6860001087189	13.166768	502	0	0.200055	0.189617
388.67900013923645	4.552608	572	0	0.301715	0.189617
390.68099999427795	6.12892	574	0	0.196512	0.189617
392.6840000152588	6.389288	562	0	0.194507	0.189617
394.68300008773804	17.727704	654	0	0.192719	0.189617
396.6889998912811	18.738224	914	0	0.194335	0.189617
398.6850001811981	26.327416	991	0	0.193455	0.189617
400.69199991226196	24.82948	1062	0	0.21055	0.189617
402.6800000667572	28.156904	1080	0	0.193782	0.189617
404.68099999427795	26.9468	1054	0	0.195506	0.189617
406.6879999637604	4.820736	1056	0	0.197496	0.189617
408.6820001602173	31.571168	1160	0	0.196301	0.189617
410.6710000038147	30.4032	1334	0	0.192815	0.189617
412.69400000572205	29.943432	1380	0	0.214865	0.189617
414.6820001602173	0.050872	1742	0	0.199495	0.189617
416.6840000152588	38.700392	1746	0	0.204508	0.189617
418.6850001811981	38.700392	1498	0	0.209868	0.189617
420.70499992370605	38.700392	1516	0	0.199877	0.189617
422.6850001811981	37.33092	1504	0	0.203484	0.189617
424.6930000782013	42.79912	1606	0	0.218087	0.189617
426.69000005722046	44.054704	1636	0	0.202106	0.189617
428.6860001087189	44.054704	1632	0	0.199679	0.189617
430.67700004577637	45.609056	1698	0	0.194909	0.189617
432.6909999847412	45.038744	1940	0	0.192748	0.189617
434.69199991226196	52.347464	1980	0	0.198304	0.189617
436.69199991226196	53.974904	2040	0	0.194188	0.189617
438.6909999847412	56.643128	2204	0	0.195885	0.189617
440.68099999427795	56.643128	2290	0	0.342949	0.189617
442.67900013923645	21.884184	2286	0	0.206647	0.189617
444.68300008773804	14.014816	2290	0	0.199745	0.189617
446.67900013923645	26.783896	2144	0	0.200021	0.189617
448.6909999847412	26.783896	2146	0	0.205387	0.189617
450.6879999637604	0.058592	980	0	0.200662	0.189617
452.6909999847412	22.800408	1008	0	0.197152	0.189617
454.6909999847412	21.771488	1008	0	0.194153	0.189617
456.6850001811981	26.699328	1049	0	0.194653	0.189617
458.73400020599365	27.245984	30	1	0.276744	0.189617
460.70700001716614	0.047976	1035	0	0.196469	0.189617
462.69400000572205	9.465736	1092	0	0.19376	0.189617
464.93499994277954	9.873544	1114	0	0.198948	0.189617
466.9410002231598	10.363376	1114	0	0.287544	0.189617
468.9319999217987	11.802296	1076	0	0.193587	0.189617
470.94000005722046	11.802296	1076	0	0.197403	0.189617
472.6909999847412	11.802296	1076	0	0.198709	0.189617
474.94600009918213	11.802296	4	0	0.196732	0.189617
476.92700004577637	11.802296	1048	0	0.19171	0.189617
478.94200015068054	20.511408	1000	0	0.198805	0.189617
480.93099999427795	20.511408	1000	0	0.199284	0.189617
482.9300000667572	20.511408	972	0	0.207426	0.189617
484.93699979782104	20.511408	972	0	0.197069	0.189617
486.9319999217987	20.511408	972	0	0.192753	0.189617
488.94200015068054	20.511408	948	0	0.194158	0.189617
490.9300000667572	20.511408	4	0	0.198379	0.189617
492.9359998703003	20.511408	992	0	0.198304	0.189617
494.9319999217987	20.511408	992	0	0.199419	0.189617
496.9159998893738	20.511408	992	0	0.201837	0.189617
498.9340000152588	20.511408	992	0	0.19588	0.189617
500.93800020217896	20.511408	992	0	0.202218	0.189617
502.9430000782013	20.511408	994	0	0.194707	0.189617
504.93099999427795	20.511408	996	0	0.198369	0.189617
506.9359998703003	20.511408	994	0	0.195592	0.189617
508.94000005722046	20.511408	994	0	0.211538	0.189617
510.9340000152588	20.511408	992	0	0.19575	0.189617
512.9300000667572	20.511408	992	0	0.200755	0.189617
514.933000087738	20.511408	992	0	0.192831	0.189617
516.938000202179	20.511408	990	0	0.19626	0.189617
518.9300000667572	16.979968	730	0	0.321218	0.189617
520.9119999408722	17.686576	874	0	0.194517	0.189617
522.9420001506805	20.220768	874	0	0.191377	0.189617
524.933000087738	19.750048	762	0	0.19561	0.189617
526.9400000572205	16.540584	904	0	0.201186	0.189617
528.9289999008179	22.532928	916	0	0.20232	0.189617
530.7590000629425	23.141096	994	0	0.281598	0.189617
532.9340000152588	1.10656	1084	0	0.282851	0.189617
534.930999994278	0.732384	1111	0	0.265788	0.189617
536.9300000667572	0.05644	904	0	0.209259	0.189617
538.9430000782013	8.274584	912	0	0.205726	0.189617
540.9300000667572	8.57988	912	0	0.196349	0.189617
542.9420001506805	8.57988	912	0	0.199167	0.189617
544.9140000343323	8.57988	912	0	0.199057	0.189617
546.930999994278	23.145832	991	0	0.203347	0.189617
548.9390001296997	29.718736	1126	0	0.207325	0.189617
550.933000087738	28.791888	1130	0	0.210916	0.189617
552.9300000667572	3.392848	1130	0	0.209938	0.189617
554.9319999217987	30.620456	1202	0	0.203249	0.189617
556.9349999427795	1.260432	1286	0	0.196844	0.189617
558.930999994278	15.388768	1284	0	0.208553	0.189617
560.936999797821	15.388768	1284	0	0.193659	0.189617
562.9430000782013	15.388768	1284	0	0.208615	0.189617
564.9410002231598	15.388768	1284	0	0.196606	0.189617
566.9430000782013	15.388768	1284	0	0.199899	0.189617
568.9070000648499	15.388768	1236	0	0.196776	0.189617
570.9410002231598	2.61012	120	0	0.206849	0.189617
572.9410002231598	2.534544	122	0	0.206613	0.189617
574.933000087738	3.608368	162	0	0.195434	0.189617
576.933000087738	4.220016	192	0	0.196257	0.189617
578.933000087738	4.536952	182	0	0.198901	0.189617
580.933000087738	5.146312	204	0	0.194634	0.189617
582.9449999332428	5.494928	250	0	0.195947	0.189617
584.9300000667572	6.552792	254	0	0.195755	0.189617
586.9319999217987	7.975624	320	0	0.196833	0.189617
588.9430000782013	8.633664	334	0	0.196268	0.189617
590.936999797821	8.922136	350	0	0.193024	0.189617
592.9289999008179	9.166216	354	11	0.192616	0.189617
594.9359998703003	10.001184	430	0	0.193165	0.189617
596.9400000572205	12.706976	646	0	0.201474	0.189617
598.9359998703003	15.729	704	0	0.202128	0.189617
600.9390001296997	19.31852	714	0	0.19541	0.189617
602.9390001296997	19.361824	888	0	0.1976	0.189617
604.9349999427795	22.540216	888	0	0.212617	0.189617
606.933000087738	22.540216	998	0	0.271411	0.189617
608.9420001506805	22.540216	998	0	0.19354	0.189617
610.9319999217987	23.414896	998	0	0.196801	0.189617
612.9319999217987	23.414896	998	0	0.193182	0.189617
614.9349999427795	23.414896	920	0	0.193465	0.189617
616.904000043869	20.154992	1012	0	0.19509	0.189617
618.9340000152588	9.810624	998	0	0.192305	0.189617
620.9349999427795	15.745272	998	0	0.192051	0.189617
622.9449999332428	15.745272	1002	0	0.195087	0.189617
624.949000120163	25.463608	1000	0	0.196993	0.189617
626.933000087738	26.004408	1030	0	0.194019	0.189617
628.9420001506805	26.004408	1030	0	0.195504	0.189617
630.9319999217987	26.004408	1030	0	0.196276	0.189617
632.9420001506805	26.584888	1030	0	0.195486	0.189617
634.9400000572205	26.584888	4	0	0.196385	0.189617
636.9319999217987	26.584888	1028	0	0.196765	0.189617
638.933000087738	26.584888	1028	0	0.195321	0.189617
640.9030001163483	26.584888	1064	0	0.192458	0.189617
642.9319999217987	26.584888	1064	0	0.197042	0.189617
644.9359998703003	29.360928	1117	0	0.206791	0.189617
646.9460000991821	31.820168	1213	0	0.200035	0.189617
648.9349999427795	27.510976	1362	0	0.354344	0.189617
650.933000087738	30.995848	1472	0	0.195625	0.189617
652.938000202179	30.65236	1320	0	0.211315	0.189617
654.9319999217987	30.65236	4	0	0.196098	0.189617
656.930999994278	30.65236	1324	0	0.199233	0.189617
658.9340000152588	30.65236	1322	0	0.198379	0.189617
660.9430000782013	30.65236	1286	0	0.205242	0.189617
662.9359998703003	30.65236	1286	0	0.202983	0.189617
664.9110000133514	29.391152	1462	0	0.195763	0.189617
666.9410002231598	36.741288	1576	0	0.20824	0.189617
668.9340000152588	35.1452	1686	0	0.200101	0.189617
670.944000005722	39.417256	1686	0	0.198218	0.189617
672.9349999427795	23.60812	1687	0	0.22374	0.189617
674.9410002231598	23.60812	1766	0	0.227082	0.189617
676.9359998703003	23.60812	1742	0	0.203563	0.189617
678.944000005722	43.01224	1780	0	0.237652	0.189617
680.9400000572205	43.01224	1740	0	0.202366	0.18962
683.0540001392365	43.71924	1794	0	0.200129	0.18962
684.9479999542236	36.41292	1872	0	0.204983	0.18962
686.9449999332428	45.683696	1926	0	0.197116	0.18962
688.9110000133514	49.486616	2174	0	0.193724	0.18962
690.960000038147	39.661104	2174	0	0.202005	0.18962
692.936999797821	40.320096	2334	0	0.198228	0.18962
694.9340000152588	54.988432	2242	0	0.197756	0.18962
696.9470000267029	54.988432	2248	0	0.196512	0.18962
698.9449999332428	54.988432	2248	0	0.195457	0.18962
700.938000202179	50.492344	2390	0	0.233461	0.18962
702.9460000991821	53.96148	2402	0	0.241354	0.18962
704.9449999332428	12.220168	2397	0	0.20967	0.18962
706.9390001296997	44.36036	2440	0	0.19729	0.18962
708.9400000572205	45.5308	2434	0	0.260674	0.18962
710.9349999427795	54.297576	2438	0	0.203186	0.18962
712.9410002231598	42.275952	2430	0	0.205277	0.18962
714.9519999027252	42.275952	2434	0	0.250456	0.18962
716.9470000267029	60.128904	2608	0	0.223574	0.18962
719.1879999637604	59.662896	2632	0	0.195968	0.18962
720.9460000991821	56.910488	2630	0	0.208404	0.18962
723.1929998397827	53.685152	2632	0	0.208046	0.18962
725.199000120163	45.543992	2588	0	0.205868	0.18962
727.2009999752045	12.815664	2600	0	0.216668	0.18962
729.199000120163	61.42184	2555	0	0.261183	0.18962
731.1870000362396	44.541888	2628	0	0.32202	0.18962
733.1970002651215	62.680184	2712	0	0.201108	0.18962
735.1870000362396	53.013584	2728	0	0.200093	0.18962
737.1800000667572	59.772424	2728	0	0.207467	0.18962
739.191999912262	59.772424	2728	0	0.21212	0.18962
741.194000005722	59.772424	2608	0	0.202275	0.18962
743.1870000362396	59.772424	2616	0	0.203507	0.18962
745.1840000152588	59.772424	2614	0	0.23382	0.18962
747.1849999427795	59.772424	2392	0	0.200093	0.18962
749.1890001296997	59.772424	2467	0	0.212756	0.18962
751.1870000362396	59.772424	2468	0	0.250451	0.18962
753.1860001087189	59.772424	2468	0	0.215827	0.18962
755.1849999427795	59.772424	2468	0	0.202842	0.18962
757.1800000667572	59.772424	2536	0	0.22761	0.18962
759.1900000572205	59.772424	2501	0	0.209912	0.18962
761.1879999637604	59.772424	2552	0	0.233182	0.18962
763.1870000362396	0.022888	2296	0	0.267995	0.18962
765.1949999332428	53.072632	2310	0	0.227049	0.18962
767.1959998607635	0.043464	2304	0	0.251705	0.18962
769.1849999427795	21.875832	2304	0	0.213907	0.18962
771.191999912262	21.875832	2304	0	0.224845	0.18962
773.1949999332428	21.875832	2304	0	0.195814	0.18962
775.1879999637604	22.99504	2304	0	0.21309	0.18962
777.2000000476837	22.99504	2304	0	0.198817	0.18962
779.1849999427795	22.99504	2304	0	0.200872	0.18962
781.1959998607635	22.99504	1994	0	0.2034	0.18962
783.1849999427795	22.99504	1994	0	0.197543	0.18962
785.1949999332428	22.99504	1994	0	0.206726	0.18962
787.1860001087189	22.99504	1952	0	0.205279	0.18962
789.1820001602173	22.99504	2029	0	0.209713	0.18962
791.1879999637604	22.99504	2030	0	0.226541	0.18962
793.1870000362396	24.281888	1004	0	0.194177	0.18962
795.1970002651215	3.59672	994	0	0.193374	0.18962
797.1840000152588	22.74508	902	0	0.198694	0.18962
799.1810002326965	22.74508	902	0	0.202019	0.18962
801.194000005722	22.74508	902	0	0.197905	0.18962
803.1860001087189	22.74508	878	0	0.191562	0.18962
805.1980001926422	22.74508	878	0	0.199094	0.18962
807.1860001087189	22.74508	878	0	0.196879	0.18962
809.194000005722	22.74508	888	0	0.195975	0.18962
811.1959998607635	22.74508	884	0	0.194134	0.18962
813.1860001087189	24.794072	872	0	0.199872	0.18962
815.1959998607635	24.901	960	0	0.196429	0.18962
817.194000005722	25.31576	971	0	0.194999	0.18962
819.1849999427795	23.476288	974	0	0.196248	0.18962
821.1980001926422	23.476288	974	0	0.199657	0.18962
823.1890001296997	22.816216	4	0	0.232299	0.18962
825.1970002651215	26.374032	986	0	0.19492	0.18962
827.1849999427795	19.770312	994	0	0.203574	0.18962
829.1959998607635	23.579672	994	0	0.212036	0.18962
831.1820001602173	4.899544	1030	0	0.193734	0.18962
833.1810002326965	5.433928	1030	0	0.1941	0.18962
835.1879999637604	5.610048	1030	0	0.19856	0.18962
837.194000005722	25.361808	1028	0	0.20087	0.18962
839.1959998607635	0.056792	980	0	0.253384	0.18962
841.2000000476837	3.690752	1053	0	0.200085	0.18962
843.2119998931885	21.101144	1078	0	0.24221	0.18962
845.1929998397827	25.338264	1078	0	0.193392	0.18962
847.1849999427795	25.338264	4	0	0.213134	0.18962
849.1890001296997	25.338264	976	0	0.193985	0.18962
851.1909999847412	25.338264	976	0	0.211705	0.18962
853.1959998607635	25.338264	976	0	0.199638	0.18962
855.1900000572205	25.338264	976	0	0.193806	0.18962
857.2000000476837	19.734648	966	0	0.193977	0.18962
859.1900000572205	29.344664	1210	0	0.216027	0.18962
861.1890001296997	21.045912	1210	0	0.209606	0.18962
863.191999912262	30.831544	1210	0	0.208144	0.18962
865.2000000476837	33.47336	1320	0	0.194113	0.18962
867.1980001926422	27.551664	1640	0	0.196079	0.18962
869.2000000476837	35.039704	1656	0	0.218891	0.18962
871.1860001087189	41.07656	1722	0	0.205159	0.18962
873.1970002651215	39.916792	1688	0	0.200616	0.18962
875.1890001296997	39.916792	1804	0	0.244316	0.18962
877.1900000572205	39.17316	1836	0	0.213468	0.18962
879.199000120163	37.35068	1855	0	0.195702	0.18962
881.1980001926422	39.694624	1928	0	0.19942	0.18962
883.1959998607635	30.818896	2138	0	0.207024	0.18962
885.2030000686646	13.807288	2135	0	0.209179	0.18962
887.1900000572205	53.52696	2320	0	0.198586	0.18962
889.191999912262	32.11988	2124	0	0.211278	0.18962
891.1929998397827	32.11988	2168	0	0.19293	0.189667
893.1860001087189	32.11988	2168	0	0.197071	0.189667
895.1959998607635	32.11988	2014	0	0.200686	0.189667
897.1870000362396	32.11988	2078	0	0.219276	0.189667
899.1870000362396	32.11988	2018	0	0.20313	0.189676
901.1970002651215	32.11988	2022	0	0.204982	0.189676
903.1959998607635	32.11988	2022	0	0.203096	0.189676
905.1879999637604	55.3038	2188	0	0.195476	0.189676
907.2130000591278	38.384112	2189	0	0.233973	0.189676
909.1959998607635	55.818848	2494	0	0.198532	0.189676
911.2000000476837	24.312056	2494	0	0.276831	0.189676
913.1900000572205	39.783824	2244	0	0.28516	0.189676
915.2000000476837	2.934464	2242	0	0.21156	0.189676
917.1900000572205	9.267576	2238	0	0.212983	0.189676
