0.0	10.666664	62	0	0.060221	0.015657
0.0709996223449707	13.132296	62	3	0.035926	0.015657
0.11799979209899902	11.146904	62	0	0.031038	0.015657
0.18499994277954102	11.319984	62	0	0.027762	0.015657
0.29600000381469727	11.916992	56	0	0.03009	0.015657
0.44099974632263184	10.432008	62	0	0.032427	0.015657
0.6469995975494385	11.94628	62	11	0.045275	0.015657
0.8559999465942383	11.68712	60	0	0.043194	0.015657
1.5449998378753662	11.389512	60	0	0.051739	0.015657
3.553999662399292	12.683992	68	0	0.055147	0.015657
5.384999752044678	11.080176	72	0	0.039876	0.015657
7.562999725341797	12.251064	64	0	0.054092	0.015657
9.565999746322632	10.233544	64	0	0.054288	0.015657
11.568999767303467	11.861904	60	0	0.035674	0.015657
13.573999881744385	11.100928	64	0	0.053447	0.015657
15.578999757766724	12.2164	62	0	0.039592	0.015657
17.585999727249146	11.002864	66	0	0.054384	0.015657
19.586999654769897	11.852656	66	0	0.055444	0.015657
21.592000007629395	10.214856	62	0	0.061155	0.015657
23.595999717712402	10.419344	56	0	0.0586	0.015657
25.60699963569641	12.549952	60	0	0.03254	0.015657
27.625999689102173	11.585152	62	0	0.054795	0.015657
29.441999673843384	10.893616	58	0	0.029658	0.015657
31.625999689102173	11.511496	64	0	0.051352	0.015657
33.632999897003174	10.066688	64	0	0.057873	0.015657
35.387999534606934	10.24976	58	0	0.031583	0.015657
37.394999742507935	11.949936	62	0	0.053017	0.015657
39.39799976348877	11.728776	60	0	0.035926	0.015657
41.39799976348877	11.843832	60	0	0.048698	0.015657
43.40399956703186	10.54724	68	0	0.052363	0.015657
45.41699981689453	10.52412	60	0	0.058073	0.015657
47.418999671936035	9.041088	66	0	0.051266	0.015657
49.418999671936035	12.539984	66	0	0.041591	0.015657
51.42799973487854	10.944704	60	0	0.054665	0.015657
53.43499970436096	12.290936	60	0	0.054988	0.015657
55.435999631881714	10.684016	60	0	0.057183	0.015657
57.43999981880188	10.144136	58	0	0.05499	0.015657
59.448999881744385	12.31644	64	0	0.032853	0.015657
61.45199966430664	11.742944	62	0	0.055126	0.015657
63.45899963378906	10.136312	58	0	0.032383	0.015657
65.4619996547699	11.585032	60	0	0.045137	0.015657
67.46499991416931	10.851832	64	0	0.060831	0.015657
69.47499966621399	8.291896	74	0	0.053378	0.015657
71.47899961471558	10.790704	62	0	0.058642	0.015657
73.4839997291565	9.023104	60	0	0.035012	0.015657
75.48799991607666	11.125536	58	0	0.051168	0.015657
77.4949996471405	10.96932	62	0	0.032083	0.015657
79.5019998550415	11.548136	62	0	0.059053	0.015657
81.50899982452393	12.06376	58	0	0.049318	0.015657
83.5169997215271	11.43268	108	0	0.031486	0.015657
85.52099990844727	10.633488	58	0	0.051742	0.015657
87.52699971199036	11.934472	62	0	0.033722	0.015657
89.53299975395203	11.621304	62	0	0.055662	0.015657
91.54199981689453	12.2304	64	0	0.057136	0.015657
93.54699969291687	11.300944	60	0	0.063208	0.015657
95.55499958992004	11.75496	64	0	0.051744	0.015657
97.5609998703003	11.300848	66	0	0.033451	0.015657
99.5629997253418	11.47172	66	0	0.060457	0.015657
101.56899976730347	10.697624	60	0	0.03627	0.015657
103.0719997882843	58.307592	954	0	0.071859	0.061131
103.19999980926514	5.658024	954	0	0.070168	0.061131
103.26899981498718	5.658024	954	15	0.068626	0.061131
103.39799976348877	7.295104	856	0	0.067184	0.061131
103.47399973869324	11.717808	856	4	0.065868	0.061131
103.5809998512268	13.90172	62	0	0.044009	0.015657
103.60699963569641	16.175592	856	0	0.066609	0.061131
103.7059998512268	22.618512	856	28	0.067034	0.061131
103.83399987220764	36.939496	978	0	0.071546	0.061131
104.40399956703186	36.939496	978	0	0.080884	0.061131
105.58199977874756	11.0842	62	0	0.050985	0.015657
106.41899967193604	36.939496	978	0	0.066735	0.061131
107.5869996547699	10.83376	60	0	0.034947	0.015657
109.59099960327148	10.46888	58	0	0.054079	0.015657
111.59699988365173	10.194536	64	0	0.03799	0.015657
113.60199975967407	10.212216	60	0	0.059553	0.015657
115.60099983215332	12.380328	62	0	0.05508	0.015657
117.60499978065491	9.86564	66	0	0.058791	0.015657
119.61099982261658	11.559256	60	0	0.055777	0.015657
121.61899971961975	11.233592	58	0	0.032044	0.015657
123.62099981307983	11.453224	58	0	0.054569	0.015657
125.45199966430664	10.202992	60	0	0.035948	0.015657
127.63299989700317	11.664992	58	0	0.05302	0.015657
129.63699984550476	11.260808	58	0	0.050978	0.015657
131.64299964904785	11.708656	58	0	0.034164	0.015657
133.64999985694885	12.132432	56	0	0.04346	0.015657
135.6509997844696	12.15336	58	0	0.033939	0.015657
137.6549997329712	11.314336	62	0	0.056213	0.015657
139.66099977493286	11.597616	64	0	0.059564	0.015657
141.66699981689453	10.781232	66	0	0.060767	0.015657
143.66999983787537	10.759352	64	0	0.055142	0.015657
145.6729998588562	11.251696	62	0	0.035863	0.015657
147.68099975585938	10.40256	60	0	0.058608	0.015657
149.51499962806702	10.383336	62	0	0.035316	0.015657
151.68899989128113	10.758776	62	0	0.058704	0.015657
153.69199967384338	11.034616	62	0	0.061033	0.015657
155.7039999961853	11.04772	60	0	0.032491	0.015657
157.70899987220764	10.211344	68	0	0.06435	0.015657
159.71199989318848	13.158824	58	0	0.037272	0.015657
161.71499967575073	10.28608	60	0	0.046377	0.015657
163.72299981117249	11.614336	60	0	0.047369	0.015657
165.7319996356964	11.165832	62	0	0.060467	0.015657
167.73599982261658	10.987328	62	0	0.056281	0.015657
169.74899983406067	11.11104	62	0	0.035825	0.015657
171.7469997406006	12.016816	58	0	0.054172	0.015657
173.75299978256226	9.227912	60	0	0.03906	0.015657
175.75499963760376	9.409712	62	0	0.050357	0.015657
177.7669997215271	12.029336	58	0	0.046109	0.015657
179.76999974250793	10.2604	60	0	0.053062	0.015657
181.7759997844696	10.782608	64	0	0.054811	0.015657
183.7849998474121	9.02956	62	0	0.034797	0.015657
185.7849998474121	11.751456	56	0	0.057224	0.015657
187.54199981689453	12.209416	58	0	0.052887	0.015657
189.54899978637695	11.734872	58	0	0.053221	0.015657
191.5569999217987	10.855536	60	0	0.05148	0.015657
193.5589997768402	10.347472	60	0	0.030544	0.015657
195.56499981880188	11.42724	60	0	0.043444	0.015657
197.56999969482422	10.118408	60	0	0.033564	0.015657
199.57999968528748	10.400672	62	0	0.055871	0.015657
201.58199977874756	11.733992	60	0	0.057303	0.015657
203.58799958229065	11.7802	62	0	0.055236	0.015657
205.59699988365173	11.55148	64	0	0.056229	0.015657
207.60199975967407	11.666072	60	0	0.034122	0.015657
209.60299968719482	11.272136	60	0	0.057803	0.015657
211.61699986457825	11.429376	60	0	0.051571	0.015657
213.62599968910217	10.917464	64	0	0.060609	0.015657
215.63599967956543	11.715648	62	0	0.058039	0.015657
217.64099979400635	10.30572	58	0	0.034005	0.015657
219.6489999294281	10.642256	62	0	0.053267	0.015657
221.6489999294281	10.762584	60	0	0.033208	0.015657
223.65799975395203	11.07192	60	0	0.057167	0.015657
225.66099977493286	11.641368	60	0	0.051652	0.015657
227.66599988937378	10.402936	60	0	0.035658	0.015657
229.66899991035461	11.143896	70	0	0.062886	0.015657
231.67799973487854	10.2692	60	0	0.034708	0.015657
233.68499994277954	11.855424	64	0	0.053407	0.015657
235.69199967384338	10.643512	62	0	0.061639	0.015657
237.69399976730347	11.2	64	0	0.061195	0.015657
239.69999957084656	11.409992	60	0	0.058071	0.015657
241.7029995918274	10.185112	60	0	0.03381	0.015657
243.7039999961853	10.675936	60	0	0.05041	0.015657
245.71499967575073	12.234896	58	0	0.03439	0.015657
247.72299981117249	11.345376	62	0	0.058807	0.015657
249.7279999256134	12.053008	60	0	0.055987	0.015657
251.73499965667725	9.66448	60	0	0.035885	0.015657
253.73799967765808	11.957464	60	0	0.054572	0.015657
255.74899983406067	11.103936	70	0	0.038099	0.015657
257.7559995651245	10.049048	70	0	0.05072	0.015657
259.76399970054626	11.034632	60	0	0.044112	0.015657
261.76199984550476	10.848024	60	0	0.027064	0.015657
263.76799988746643	11.235688	66	0	0.055134	0.015657
265.7759997844696	11.268112	64	0	0.03483	0.015657
267.7809998989105	12.748992	66	0	0.054861	0.015657
269.782999753952	9.989432	84	0	0.048013	0.015943
270.9249999523163	62.040056	452	235	0.046982	0.028302
270.9769997596741	65.87184	508	0	0.041982	0.028302
271.0169997215271	65.87184	508	0	0.039361	0.028302
271.0669996738434	65.87184	508	1	0.039144	0.028302
271.1329998970032	33.093736	508	0	0.038716	0.028302
271.1949996948242	33.093736	508	28	0.038584	0.028302
271.2709996700287	54.049048	498	0	0.046156	0.028302
271.3529999256134	54.600696	448	15	0.046203	0.028302
271.78999972343445	10.893864	60	0	0.054316	0.015943
272.2889997959137	48.091936	430	0	0.062981	0.028302
273.7999999523163	11.857352	64	0	0.04947	0.015943
274.27899980545044	60.958448	454	0	0.044659	0.028302
275.8019998073578	11.61116	78	0	0.056214	0.015943
276.2819998264313	57.546088	464	0	0.037889	0.028302
277.8039996623993	11.06248	86	0	0.057926	0.015943
278.2889997959137	56.834008	472	0	0.044495	0.028302
279.8109996318817	11.6348	78	0	0.037625	0.015943
280.27899980545044	65.459464	436	0	0.038893	0.028302
281.8159999847412	10.770376	60	0	0.059738	0.015943
282.30099987983704	66.221232	510	0	0.040553	0.028302
283.83200001716614	10.622968	64	0	0.063016	0.015943
284.28799986839294	58.27512	516	0	0.055919	0.028302
285.83200001716614	12.069456	66	0	0.06176	0.015943
286.2889997959137	59.33012	510	0	0.045191	0.028302
287.83399987220764	11.812088	62	0	0.058629	0.015943
289.27899980545044	68.833408	470	0	0.041482	0.028302
289.84699964523315	9.857376	58	0	0.035656	0.015808
291.2960000038147	55.40336	587	0	0.055274	0.028302
291.8459997177124	12.239248	58	0	0.053458	0.015808
293.282999753952	48.98356	572	0	0.084187	0.028302
293.8519997596741	10.813168	58	0	0.033996	0.015808
295.2839996814728	65.016672	578	0	0.061174	0.028302
295.85799980163574	10.258264	58	0	0.05452	0.015808
297.2949995994568	27.832936	498	0	0.159513	0.028302
297.86499977111816	11.725176	60	0	0.070358	0.015808
299.2809998989105	70.755688	570	0	0.055048	0.028302
301.28599977493286	63.374296	568	0	0.04778	0.028302
303.282999753952	59.602056	540	0	0.040121	0.028302
305.2839996814728	55.472584	482	0	0.042418	0.028302
307.2839996814728	69.247104	500	0	0.056302	0.028302
309.282999753952	58.060848	500	0	0.043983	0.028302
311.2809998989105	61.937392	507	0	0.055873	0.028302
313.3109996318817	43.627096	522	0	0.050691	0.028302
315.2909996509552	43.627096	498	0	0.03977	0.028302
317.2909996509552	45.256896	418	0	0.071374	0.028302
319.282999753952	47.228608	490	0	0.037265	0.028302
321.54499983787537	54.631824	520	0	0.046856	0.028302
323.2889997959137	43.4268	490	0	0.041314	0.028302
325.2929997444153	63.681024	470	0	0.062267	0.028302
327.2909996509552	32.396968	488	0	0.148198	0.028302
329.29399967193604	32.396968	488	0	0.056299	0.028302
331.2929997444153	50.100504	480	0	0.058012	0.028302
333.2849998474121	58.307616	478	0	0.046926	0.028302
335.29399967193604	67.888032	698	0	0.058832	0.028302
337.28799986839294	77.781032	694	0	0.04943	0.028302
339.28599977493286	68.312336	614	0	0.061847	0.028302
341.5389997959137	79.988136	624	0	0.059079	0.028302
343.53099966049194	72.360312	618	0	0.047076	0.028302
345.2869997024536	56.882816	608	0	0.055702	0.028302
347.28599977493286	72.922968	582	0	0.045274	0.028302
349.2869997024536	49.173232	576	0	0.058261	0.028302
351.5409998893738	76.843728	566	0	0.046618	0.028302
353.5279998779297	73.696584	610	0	0.047938	0.028302
355.27999997138977	57.401144	610	0	0.059806	0.028302
357.2949995994568	25.671512	601	0	0.197834	0.028302
359.2869997024536	79.365792	604	0	0.051765	0.028302
361.2819998264313	70.306304	582	0	0.055015	0.028302
363.54499983787537	70.306304	582	0	0.04649	0.028302
365.2809998989105	70.812	554	0	0.052338	0.028302
367.2929997444153	75.364424	584	0	0.04529	0.028302
369.2929997444153	78.503728	584	0	0.05277	0.028302
371.2909996509552	69.614288	560	0	0.04585	0.028302
373.55099964141846	74.044736	580	0	0.056528	0.028302
375.53799986839294	53.011872	586	0	0.06047	0.028302
377.28999972343445	75.616232	578	0	0.041765	0.028302
379.2889997959137	79.784624	589	0	0.051401	0.028302
381.28799986839294	69.719776	600	0	0.057244	0.028302
383.53799986839294	62.863032	600	0	0.043791	0.028302
385.53600001335144	62.863032	600	0	0.052634	0.028302
387.282999753952	62.863032	630	0	0.046163	0.028302
389.282999753952	45.385472	586	0	0.111057	0.028302
391.28599977493286	70.852008	546	0	0.055813	0.028302
393.53799986839294	64.584592	542	0	0.066175	0.028302
395.5339996814728	51.342848	520	0	0.056172	0.028302
397.2929997444153	10.612752	506	0	0.059442	0.028302
399.29199957847595	56.815472	502	0	0.049915	0.028302
401.2849998474121	56.17952	510	0	0.045493	0.028302
403.5429997444153	74.819336	556	0	0.053728	0.028302
405.28999972343445	73.297448	546	0	0.048944	0.028302
407.2909996509552	72.97888	552	0	0.053344	0.028302
409.2869997024536	70.73744	552	0	0.041384	0.028302
411.282999753952	69.884608	506	0	0.039278	0.028302
413.5389997959137	72.72316	547	0	0.051966	0.028302
415.5439999103546	86.722376	600	0	0.046803	0.028302
417.2849998474121	70.383712	758	0	0.079789	0.028302
419.27899980545044	49.581864	764	0	0.062769	0.028302
421.54699969291687	55.536704	764	0	0.046283	0.028302
423.53799986839294	88.15212	604	0	0.039372	0.028302
425.28799986839294	84.352176	632	0	0.040817	0.028302
427.27899980545044	74.974776	624	0	0.06669	0.028302
429.2869997024536	80.228064	750	0	0.043461	0.028302
431.53999972343445	80.217912	744	0	0.041807	0.028302
433.5429997444153	83.428568	694	0	0.05515	0.028302
435.5389997959137	90.853952	684	0	0.050085	0.028302
437.2869997024536	91.820872	722	0	0.048739	0.028302
439.2889997959137	80.479328	722	0	0.039443	0.028302
441.5339996814728	86.5492	728	0	0.052253	0.028302
443.5299997329712	73.550744	728	0	0.047574	0.028302
445.55099964141846	93.958384	720	0	0.045199	0.028302
447.28599977493286	82.58212	706	0	0.061124	0.028302
449.29199957847595	36.040312	752	0	0.07387	0.028302
451.54199981689453	93.44196	746	0	0.049186	0.028302
453.53600001335144	79.170112	746	0	0.043704	0.028302
455.532999753952	80.476528	676	0	0.076147	0.028302
457.5319995880127	87.663336	700	0	0.047454	0.028302
459.28599977493286	52.424632	694	0	0.05327	0.028302
461.54199981689453	89.771256	723	0	0.082389	0.028302
463.5319995880127	65.837832	644	0	0.049115	0.028302
465.5429997444153	77.345312	644	0	0.05497	0.028302
467.2849998474121	93.40876	656	0	0.041214	0.028302
469.29199957847595	74.201696	656	0	0.051483	0.028302
471.5369999408722	74.201696	656	0	0.052112	0.028302
473.5339996814728	82.501272	662	0	0.044542	0.028302
475.5429997444153	82.501272	718	0	0.052161	0.028302
477.5409998893738	58.09744	628	0	0.047059	0.028302
479.54699969291687	72.665856	586	0	0.04618	0.028302
481.2889997959137	78.604896	588	0	0.042894	0.028302
483.53499960899353	63.181224	568	0	0.049019	0.028302
485.5319995880127	67.16152	570	0	0.043818	0.028302
487.53600001335144	82.003448	606	0	0.037828	0.028302
489.2909996509552	59.506008	600	0	0.049138	0.028302
491.532999753952	74.850792	600	0	0.045259	0.028302
493.5339996814728	16.90492	592	0	0.046126	0.028302
495.52899980545044	39.860304	753	0	0.054859	0.028302
497.5299997329712	59.056296	708	0	0.042636	0.028302
499.28799986839294	66.021304	493	0	0.035953	0.028302
501.38599967956543	79.473328	542	0	0.052208	0.028302
503.53600001335144	58.988024	528	0	0.053637	0.028302
505.532999753952	63.19884	530	0	0.054394	0.028302
507.2819998264313	72.585632	536	0	0.038513	0.028302
509.5409998893738	41.041432	546	0	0.075552	0.028302
511.5409998893738	67.511816	530	0	0.040502	0.028302
513.5319995880127	68.071872	536	0	0.039149	0.028302
515.5409998893738	74.875568	538	0	0.042427	0.028302
517.5389997959137	77.572224	538	0	0.040526	0.028302
519.5319995880127	83.911032	574	0	0.041686	0.028302
521.570999622345	78.963776	580	0	0.041123	0.028302
523.5389997959137	44.221848	626	0	0.067081	0.028302
525.532999753952	74.40128	604	0	0.039487	0.028302
527.2799999713898	78.53684	592	0	0.043995	0.028302
529.530999660492	75.768456	571	0	0.046722	0.028302
531.5349996089935	76.450904	580	0	0.040448	0.028302
533.5439999103546	58.41476	580	0	0.053634	0.028302
535.5449998378754	67.817408	572	0	0.045396	0.028302
537.5319995880127	63.197968	574	0	0.053883	0.028302
539.532999753952	63.197968	566	0	0.057715	0.028302
541.530999660492	63.197968	598	0	0.043722	0.028302
543.5339996814728	72.128656	578	0	0.042936	0.028302
545.7839999198914	72.128656	578	0	0.050976	0.028302
547.537999868393	50.002752	578	0	0.052396	0.028302
549.5369999408722	50.002752	598	0	0.046769	0.028302
551.5449998378754	50.002752	598	0	0.045265	0.028302
553.5339996814728	50.002752	598	0	0.063597	0.031192
555.5319995880127	76.910536	570	0	0.040728	0.031192
557.291999578476	56.255264	566	0	0.057225	0.031192
559.5349996089935	57.264048	554	0	0.042894	0.031192
561.5289998054504	71.215552	548	0	0.056436	0.031192
563.5449998378754	60.979256	572	0	0.057255	0.031192
565.5349996089935	57.22116	449	0	0.053998	0.031192
567.7799997329712	58.466648	492	0	0.039691	0.031192
569.5349996089935	46.212976	524	0	0.048864	0.031192
571.5459997653961	77.755584	542	0	0.038323	0.031192
573.530999660492	61.361496	548	0	0.045217	0.031192
575.5369999408722	53.024048	518	0	0.059232	0.031192
577.7849998474121	51.26084	534	0	0.059183	0.031192
579.5369999408722	78.662584	558	0	0.037005	0.031192
581.5519998073578	78.664912	554	0	0.047379	0.031192
583.537999868393	61.085296	548	0	0.047659	0.031192
585.5339996814728	82.962016	554	0	0.040324	0.031192
587.7929997444153	82.962016	558	0	0.053444	0.031192
589.5419998168945	48.38824	4	0	0.055054	0.031192
591.5459997653961	48.38824	554	0	0.064067	0.031192
593.5339996814728	56.537736	544	0	0.04848	0.031192
595.5499997138977	75.774744	580	0	0.060552	0.031192
597.7909996509552	53.900208	536	0	0.040699	0.031192
599.7929997444153	56.716752	542	0	0.039237	0.031192
601.5299997329712	73.476552	542	0	0.043568	0.031192
603.5289998054504	71.093552	520	0	0.036432	0.031192
605.530999660492	71.093552	544	0	0.04714	0.031192
607.5360000133514	68.828136	530	0	0.039682	0.031192
609.7869997024536	60.243264	534	0	0.051026	0.031192
611.5349996089935	57.266128	548	0	0.043347	0.031192
613.5459997653961	53.997936	534	0	0.039539	0.031119
615.5409998893738	77.5548	622	0	0.04252	0.031119
617.5399997234344	55.644008	622	0	0.047797	0.031119
619.7849998474121	77.580576	586	0	0.046566	0.031119
621.7909996509552	72.266904	596	0	0.047885	0.031119
623.5369999408722	62.863104	614	0	0.062523	0.031119
625.5419998168945	68.8756	584	0	0.064812	0.031119
627.5399997234344	57.067168	982	0	0.040096	0.030769
629.5369999408722	69.582624	980	0	0.052784	0.030769
631.7909996509552	68.47636	994	0	0.054802	0.030769
634.0509996414185	61.82516	614	0	0.041354	0.030769
635.5389997959137	61.82516	614	0	0.041208	0.030769
637.5409998893738	61.82516	588	0	0.056168	0.030769
639.5389997959137	82.053272	654	0	0.042754	0.030769
641.7889997959137	70.94472	618	0	0.04272	0.030769
643.7879996299744	83.930112	604	0	0.039614	0.030769
645.537999868393	76.194832	596	0	0.040938	0.030769
647.5349996089935	63.244256	596	0	0.054902	0.030769
649.7969999313354	76.307936	608	0	0.050282	0.030769
651.7959995269775	72.7408	692	0	0.047179	0.030769
653.5319995880127	74.910952	686	0	0.041601	0.030769
655.5459997653961	84.986232	682	0	0.041885	0.030769
657.532999753952	77.983232	674	0	0.054472	0.030769
659.5439999103546	83.929392	742	0	0.061235	0.030769
661.7839999198914	95.146496	766	0	0.056135	0.030769
663.7849998474121	72.624432	788	0	0.05528	0.030769
665.5409998893738	87.084992	722	0	0.049647	0.030769
667.5399997234344	79.665168	718	0	0.066166	0.030769
669.7879996299744	66.755528	718	0	0.061932	0.030769
671.793999671936	93.0952	638	0	0.047566	0.030769
673.782999753952	70.250072	660	0	0.05509	0.030769
675.5349996089935	82.554752	644	0	0.041509	0.030769
677.5439999103546	85.318592	644	0	0.038598	0.030769
679.7899997234344	85.318592	644	0	0.041297	0.030769
681.7899997234344	85.318592	702	0	0.045118	0.030769
683.7919998168945	69.843176	612	0	0.051526	0.030769
685.5539996623993	65.132016	606	0	0.058204	0.030769
687.5399997234344	74.501712	598	0	0.043376	0.030769
689.7929997444153	64.62352	794	0	0.049208	0.030769
691.7869997024536	66.930552	802	0	0.039114	0.030769
693.7929997444153	45.676784	558	0	0.057424	0.030769
695.5439999103546	68.578584	552	0	0.068376	0.030769
697.537999868393	68.578584	552	0	0.060018	0.030769
699.5339996814728	75.215344	520	0	0.038423	0.030769
701.7919998168945	63.971536	564	0	0.039873	0.030769
703.7849998474121	62.93284	560	0	0.042616	0.030769
705.7809998989105	61.877552	554	0	0.054513	0.030769
707.5399997234344	61.877552	526	0	0.054098	0.030769
709.5449998378754	61.877552	526	0	0.040654	0.030769
711.7879996299744	61.877552	532	0	0.044588	0.030769
713.7899997234344	61.877552	532	0	0.040539	0.030769
715.5349996089935	61.877552	542	0	0.042255	0.030769
717.5409998893738	60.233904	510	0	0.051591	0.030769
719.7809998989105	49.160168	460	0	0.05678	0.030769
721.7869997024536	49.027416	460	0	0.043696	0.030769
723.7959995269775	59.935304	436	0	0.037094	0.030769
725.793999671936	59.935304	442	0	0.045969	0.030769
727.5360000133514	54.047344	444	0	0.04122	0.030769
729.5349996089935	56.644032	444	0	0.04299	0.030769
731.7839999198914	47.203048	444	0	0.050747	0.030769
733.7969999313354	58.278784	431	0	0.050215	0.030769
735.5349996089935	48.00164	452	0	0.047364	0.030769
737.5349996089935	56.335864	448	0	0.039735	0.030769
739.793999671936	56.892352	466	0	0.038006	0.030769
741.782999753952	54.578104	430	0	0.036846	0.030769
743.7889997959137	50.284232	428	0	0.042836	0.030769
745.7899997234344	64.673304	439	0	0.0391	0.030769
747.798999786377	61.039976	436	0	0.036213	0.030769
749.7949995994568	65.922648	447	0	0.038124	0.030769
751.7919998168945	65.922648	450	0	0.039225	0.030769
753.7919998168945	56.03536	492	0	0.036898	0.030769
755.7899997234344	52.385272	492	0	0.045262	0.030769
757.5369999408722	52.385272	494	0	0.042703	0.030769
759.7889997959137	52.385272	494	0	0.039648	0.030769
761.7889997959137	64.268744	492	0	0.037646	0.030769
763.793999671936	66.67344	490	0	0.041133	0.030769
765.7859997749329	75.61532	532	0	0.03867	0.030769
767.532999753952	80.249664	540	0	0.040278	0.030769
769.7869997024536	80.249664	520	0	0.037789	0.029826
771.7869997024536	85.292192	592	0	0.047191	0.029826
773.7899997234344	84.464856	626	0	0.039724	0.029826
775.7899997234344	75.221632	626	0	0.052018	0.029826
777.7879996299744	44.413024	632	0	0.106405	0.029826
779.5399997234344	64.595176	684	0	0.050929	0.029826
781.7859997749329	70.479928	664	0	0.0447	0.029826
783.7869997024536	87.31196	646	0	0.037722	0.029826
785.7979998588562	75.248768	732	0	0.045464	0.029826
787.7919998168945	82.887464	728	0	0.044515	0.029826
789.5429997444153	66.36508	724	0	0.041586	0.029826
791.7899997234344	65.341328	718	0	0.055834	0.029826
793.7869997024536	55.568832	584	0	0.066281	0.029826
795.7919998168945	77.899856	586	0	0.038466	0.029826
797.7899997234344	60.249496	572	0	0.063813	0.029826
799.798999786377	49.966864	572	0	0.059737	0.029826
801.7979998588562	58.59984	572	0	0.067215	0.029826
803.7919998168945	53.708072	572	0	0.053624	0.029826
805.7839999198914	61.260144	514	0	0.054433	0.029826
807.7969999313354	55.152272	488	0	0.042845	0.029826
809.7949995994568	53.105424	480	0	0.051691	0.029826
811.7969999313354	61.90624	486	0	0.051566	0.029826
813.7859997749329	53.0288	480	0	0.03993	0.029826
815.7919998168945	60.823896	486	0	0.042308	0.029826
818.0339996814728	57.7794	484	0	0.047301	0.029826
819.7889997959137	68.103992	486	0	0.037017	0.029826
821.7929997444153	45.916376	490	0	0.049174	0.029826
823.7969999313354	52.443592	520	0	0.041407	0.029826
825.8049998283386	68.865872	520	0	0.040803	0.029826
827.7849998474121	63.879632	532	0	0.043454	0.029826
829.7869997024536	70.098688	536	0	0.041551	0.029826
831.7889997959137	67.583592	500	0	0.041378	0.029826
833.7919998168945	59.16788	506	0	0.053282	0.029826
835.7859997749329	61.84808	572	0	0.0459	0.029826
837.8079998493195	52.089256	570	0	0.052244	0.029826
840.037999868393	52.089256	552	0	0.044862	0.029826
841.7909996509552	67.209536	522	0	0.043482	0.029826
843.782999753952	63.164064	502	0	0.04025	0.029826
845.7929997444153	63.164064	506	0	0.047137	0.029826
847.7859997749329	63.164064	488	0	0.037611	0.029826
850.043999671936	60.257488	468	0	0.04418	0.029826
851.7929997444153	60.257488	468	0	0.044203	0.029826
853.7899997234344	57.825648	478	0	0.041338	0.029826
855.782999753952	57.825648	478	0	0.037276	0.029826
858.0409998893738	57.825648	478	0	0.039641	0.029826
859.7909996509552	57.825648	478	0	0.043765	0.029826
861.7929997444153	57.696552	454	0	0.040467	0.029826
863.7889997959137	66.823712	504	0	0.041737	0.029826
866.0429997444153	66.823712	506	0	0.062665	0.029826
867.7849998474121	65.79972	540	0	0.039132	0.029826
870.032999753952	78.723096	550	0	0.05688	0.029826
