0.0	14.98248	188	0	0.081869	0.003034
0.8750002384185791	1.738472	114	4	0.12046	0.003034
1.1140000820159912	14.28996	116	0	0.068741	0.003034
1.3910002708435059	4.941536	158	0	0.032696	0.003034
1.9070000648498535	23.344256	132	0	0.034541	0.003034
2.5970001220703125	6.876	154	0	0.069805	0.003034
3.2990002632141113	7.519464	184	0	0.047726	0.003034
4.150000333786011	3.443816	238	0	0.118665	0.003034
5.210000038146973	0.411192	234	0	0.334868	0.003034
5.580000162124634	17.242872	188	0	0.067173	0.003034
7.180000066757202	11.879648	168	0	0.042583	0.003034
9.076000213623047	10.22288	168	0	0.127229	0.003034
11.056999921798706	4.863104	188	0	0.178142	0.003034
13.058000087738037	17.732736	204	0	0.044255	0.003034
15.061000108718872	7.910488	92	0	0.022442	0.003034
17.06500005722046	6.436568	116	0	0.0288	0.003034
19.562000036239624	3.147992	82	0	0.071389	0.003034
21.563000202178955	30.527216	102	0	0.054374	0.003034
23.576000213623047	13.560064	130	0	0.06915	0.003034
25.579000234603882	5.543344	192	0	0.07219	0.003034
27.556999921798706	25.735288	346	0	0.074622	0.003034
29.562000036239624	16.057584	388	0	0.095486	0.003034
31.559000253677368	11.809608	316	0	0.035627	0.003034
33.56100010871887	12.443984	266	0	0.074529	0.003034
35.56400012969971	8.735392	236	0	0.048528	0.003034
37.56000018119812	10.713696	282	0	0.080482	0.003034
39.562000036239624	9.168696	256	0	0.161779	0.003034
41.57800006866455	22.865624	224	0	0.032583	0.003034
43.558000326156616	17.629064	260	0	0.0245	0.003034
45.5550000667572	15.217568	254	0	0.149519	0.003034
47.55900025367737	10.050648	184	0	0.056399	0.003034
49.563000202178955	29.688696	149	0	0.040681	0.003034
51.55900025367737	13.685856	142	0	0.100537	0.003034
53.558000326156616	7.948304	176	0	0.054606	0.003034
55.556999921798706	4.23836	140	0	0.149745	0.003034
57.555999994277954	20.81784	134	0	0.040877	0.003034
59.57100009918213	14.048992	134	0	0.056474	0.003034
61.558000326156616	11.5894	142	0	0.059694	0.003034
63.55900025367737	16.632536	152	0	0.083216	0.003034
65.55800032615662	19.63908	128	0	0.115211	0.003034
67.55599999427795	11.700328	140	0	0.046256	0.003034
69.5640001296997	19.252952	200	0	0.043045	0.003034
71.55800032615662	13.547224	226	0	0.06525	0.003034
73.56300020217896	25.478016	228	0	0.048413	0.003034
75.55900025367737	3.503832	252	0	0.23492	0.003034
77.56100010871887	21.962536	128	0	0.043536	0.003034
79.5640001296997	7.075568	172	0	0.077115	0.003034
81.56200003623962	1.766328	172	0	0.278873	0.003034
83.56500005722046	19.742224	130	0	0.060475	0.003034
85.56100010871887	0.117904	156	0	0.201106	0.003034
87.56300020217896	22.073712	164	0	0.054247	0.003034
89.57200002670288	8.098952	162	0	0.050451	0.003034
91.55599999427795	29.85568	204	0	0.028258	0.003034
93.56300020217896	22.72436	209	0	0.058114	0.003034
95.52600026130676	2.237104	214	0	0.308274	0.003034
97.56100010871887	12.81336	4	0	0.106038	0.003034
99.58899998664856	13.126576	318	0	0.023411	0.003034
101.55900025367737	6.18872	318	0	0.185086	0.003034
103.57600021362305	21.776584	234	0	0.036076	0.003034
105.5550000667572	15.090832	218	0	0.086649	0.003034
107.55800032615662	13.4304	210	0	0.050658	0.003034
109.5640001296997	1.198208	140	0	0.090726	0.003034
111.56100010871887	2.198392	136	0	0.158299	0.003034
113.55800032615662	16.260544	62	0	0.023299	0.003034
115.5569999217987	6.76416	88	0	0.050653	0.003034
117.56700015068054	26.653968	118	0	0.019156	0.003034
119.55800032615662	30.440432	128	0	0.03031	0.003034
121.5569999217987	4.571584	156	0	0.060099	0.003034
123.55800032615662	8.299208	168	0	0.022133	0.003034
125.55599999427795	18.931936	168	0	0.093337	0.003034
127.5569999217987	10.10176	148	0	0.046206	0.003034
129.55800032615662	17.519768	56	0	0.036944	0.003034
131.55900025367737	16.620472	76	0	0.043789	0.003034
133.5550000667572	24.350816	104	0	0.018048	0.003034
135.56000018119812	4.107976	144	0	0.037496	0.003034
137.55800032615662	10.0958	142	0	0.027867	0.003034
139.56700015068054	8.559176	162	0	0.074705	0.003034
141.56200003623962	21.693408	50	0	0.007067	0.003034
143.55800032615662	20.604016	164	0	0.033429	0.003034
145.55900025367737	14.342112	188	0	0.051993	0.003034
147.55599999427795	18.45748	108	0	0.082739	0.003034
149.56500005722046	16.136264	122	0	0.053609	0.003034
151.55800032615662	20.73288	92	0	0.021791	0.003172
153.5920000076294	32.725048	196	0	0.036819	0.003172
155.55599999427795	6.71032	228	0	0.062705	0.003172
157.55900025367737	12.181864	248	0	0.18767	0.003172
159.5660002231598	12.125824	198	0	0.08599	0.003172
161.55800032615662	33.415896	162	0	0.041254	0.003172
163.56300020217896	13.780416	152	0	0.06029	0.003172
165.57600021362305	3.774048	74	0	0.10494	0.003172
167.55800032615662	5.166336	58	0	0.10144	0.003172
170.69799995422363	15.218768	60	0	0.015268	0.003172
172.25699996948242	7.540472	78	0	0.019861	0.003172
173.82100009918213	19.923416	120	0	0.0412	0.003172
175.8140001296997	6.700816	84	0	0.064359	0.003172
177.8140001296997	17.565232	94	0	0.029498	0.003172
179.81200003623962	11.011288	124	0	0.079949	0.003172
181.81200003623962	6.838032	126	0	0.052774	0.003172
183.81700015068054	15.960728	88	0	0.024525	0.003172
185.81100010871887	24.297936	169	0	0.04116	0.003172
187.80999994277954	10.703176	174	0	0.042107	0.003172
189.77300000190735	0.744608	188	0	0.109723	0.003172
191.81700015068054	7.51004	238	0	0.12684	0.003172
193.80800008773804	18.466	218	0	0.097995	0.003172
195.81700015068054	13.144816	224	0	0.121421	0.003172
197.8180000782013	13.104736	224	0	0.150192	0.003172
199.8090000152588	4.45076	242	0	0.156165	0.003172
201.80700016021729	18.088496	220	0	0.110221	0.003172
203.80700016021729	15.984512	280	0	0.051111	0.003172
205.8710000514984	3.22432	218	0	0.38576	0.003172
207.81700015068054	21.12188	224	0	0.049195	0.003172
209.80700016021729	29.42464	228	0	0.011879	0.003172
211.82100009918213	3.933088	224	0	0.103307	0.003172
213.80800008773804	16.8084	244	0	0.022506	0.003172
215.80600023269653	26.938824	92	0	0.026835	0.003172
217.83000016212463	11.768144	116	0	0.067772	0.003172
219.8140001296997	8.478792	127	0	0.041527	0.003172
221.80800008773804	8.407872	140	0	0.070316	0.003172
223.8050000667572	13.08568	146	0	0.018267	0.003172
225.8180000782013	13.28588	54	0	0.011637	0.003077
227.80700016021729	11.243808	76	0	0.025436	0.003077
229.80800008773804	10.633536	92	0	0.036345	0.003077
231.80800008773804	26.864064	182	0	0.042171	0.003077
233.80800008773804	31.703096	204	0	0.025721	0.003077
235.80600023269653	4.713688	88	0	0.012842	0.003077
237.80999994277954	32.084328	142	0	0.010474	0.003077
239.83399987220764	15.436736	168	0	0.040433	0.003077
241.80800008773804	28.27836	180	0	0.077052	0.003077
243.80700016021729	44.528136	209	0	0.019767	0.003077
245.80700016021729	6.707048	70	0	0.057981	0.003
247.80600023269653	10.40716	120	0	0.032873	0.003
249.80800008773804	11.646776	190	0	0.02406	0.003
251.80700016021729	5.414576	190	0	0.089308	0.003
253.8180000782013	10.561648	172	0	0.052304	0.003
255.80600023269653	4.638608	145	0	0.076618	0.003
257.80800008773804	27.732816	140	0	0.02966	0.003
259.8090000152588	19.048864	126	0	0.035184	0.003
261.80600023269653	14.29688	186	0	0.060867	0.003
263.8070001602173	10.28064	248	0	0.163966	0.003
265.80999994277954	8.176416	320	0	0.21234	0.003
267.82800006866455	12.680872	216	0	0.026316	0.003
269.80999994277954	14.230392	594	0	0.335739	0.003
271.8090000152588	7.399096	292	0	0.05791	0.003
273.80600023269653	20.321744	256	0	0.090965	0.003
275.8110001087189	0.600368	292	0	0.413038	0.003
277.80800008773804	12.83564	246	0	0.094538	0.003
279.80600023269653	10.25736	232	0	0.043957	0.003
281.8230001926422	16.339064	196	0	0.041474	0.003
283.80999994277954	26.718592	4	0	0.006233	0.003
285.80800008773804	23.320928	96	0	0.019274	0.003
287.8050000667572	23.590456	138	0	0.065875	0.003
289.8190002441406	22.70996	158	0	0.042122	0.003
291.8070001602173	15.935872	230	0	0.138421	0.003
293.8050000667572	18.895208	296	0	0.038281	0.003
295.82200026512146	26.326392	212	0	0.043882	0.003
298.05900025367737	16.123704	200	0	0.106167	0.003
300.07100009918213	13.754968	222	0	0.12185	0.003
302.05599999427795	13.059376	268	0	0.03834	0.003
304.0569999217987	22.551616	256	0	0.122878	0.003
306.0569999217987	2.276416	224	0	0.289936	0.003
308.05900025367737	16.07892	244	0	0.05925	0.003
310.56300020217896	15.12812	222	0	0.130796	0.003
312.0600001811981	14.92172	244	0	0.118478	0.003
314.05800008773804	16.119072	132	0	0.086842	0.003
316.05800008773804	6.705712	158	0	0.026489	0.003
318.0640001296997	9.062576	226	0	0.053032	0.003
320.05800008773804	1.010976	250	0	0.233953	0.003
322.0600001811981	8.964568	172	0	0.075243	0.003
324.0550000667572	25.372168	160	0	0.025259	0.003
326.05800008773804	8.282392	138	0	0.081683	0.003
328.0569999217987	17.968784	204	0	0.095908	0.003
330.05599999427795	10.045424	150	0	0.021055	0.003
332.06900000572205	8.529728	154	0	0.070483	0.003
334.0620002746582	27.601744	126	0	0.014537	0.003
336.05800008773804	16.27028	100	0	0.05617	0.003
338.0569999217987	16.805568	120	0	0.041723	0.003
340.07100009918213	17.17068	114	0	0.038156	0.003
342.0640001296997	19.280472	244	0	0.069581	0.003
344.05900025367737	24.328232	188	0	0.029167	0.003
346.0610001087189	22.66824	208	0	0.072855	0.003
348.05800008773804	23.214928	168	0	0.080082	0.003
350.57600021362305	8.977288	212	0	0.212317	0.003
352.52500009536743	28.781904	186	0	0.060172	0.003
354.0550000667572	6.849792	234	0	0.231076	0.003
356.06300020217896	2.02356	232	0	0.606113	0.003
358.0550000667572	13.347104	104	0	0.019265	0.003
360.05900025367737	26.567696	86	0	0.02783	0.003
362.0620002746582	24.859536	138	0	0.018948	0.003
364.0550000667572	17.76348	162	0	0.085635	0.003
366.05599999427795	1.237856	186	0	0.330203	0.003
368.05800008773804	14.756256	212	0	0.027797	0.003
370.05900025367737	11.797232	134	0	0.143982	0.003
372.05599999427795	16.869032	156	0	0.044009	0.003
374.0600001811981	1.911408	196	0	0.093045	0.003
376.0610001087189	1.213424	140	0	0.298969	0.003
378.05900025367737	23.675608	170	0	0.035195	0.003
380.0610001087189	16.405584	218	0	0.09157	0.003
382.05800008773804	15.829776	92	0	0.028962	0.003
384.0680000782013	31.872504	174	0	0.025579	0.003
386.0600001811981	8.317624	154	0	0.1277	0.003
388.05599999427795	9.528584	166	0	0.075928	0.003
390.0600001811981	13.988536	168	0	0.06282	0.003
392.0600001811981	23.038728	202	0	0.032313	0.003
394.05599999427795	27.70448	174	0	0.0176	0.003
396.0569999217987	11.299152	204	0	0.091138	0.003
398.0569999217987	17.180616	260	0	0.096177	0.003
400.0610001087189	25.898344	258	0	0.099291	0.003
402.0569999217987	28.937448	262	0	0.065818	0.003
404.0550000667572	11.029408	274	0	0.076896	0.003
406.05599999427795	5.767864	160	0	0.120825	0.003
408.0569999217987	15.29548	74	0	0.023764	0.003
410.0600001811981	17.517208	194	0	0.082179	0.003
412.05800008773804	14.743248	246	0	0.156417	0.003
414.06500005722046	10.51396	268	0	0.092893	0.003
416.06300020217896	16.102592	162	0	0.087029	0.003
418.0600001811981	10.455344	196	0	0.051068	0.003
420.0620002746582	14.01984	248	0	0.082652	0.003
422.05599999427795	10.70248	230	0	0.159342	0.003
424.05599999427795	11.88468	238	0	0.079144	0.003
426.05599999427795	2.340152	248	0	0.325275	0.003
428.0569999217987	7.019968	180	0	0.234281	0.003
430.0600001811981	1.099416	238	0	0.151355	0.003
432.0600001811981	15.757456	232	0	0.1277	0.003
434.0600001811981	22.282832	218	0	0.040301	0.003
436.06700015068054	17.22432	206	0	0.040886	0.003
438.0550000667572	30.234256	248	0	0.023777	0.003
440.0739998817444	2.05528	272	0	0.212585	0.003
442.05599999427795	9.504208	266	0	0.324748	0.003
444.0640001296997	16.75988	264	0	0.051141	0.003
446.07800030708313	23.227752	292	0	0.063646	0.003
448.0610001087189	22.438656	290	0	0.144169	0.003
450.0950002670288	19.296688	220	0	0.043931	0.003
452.0569999217987	8.995864	132	0	0.157295	0.003
454.0600001811981	19.23972	146	0	0.038464	0.003
456.05599999427795	11.755488	194	0	0.0986	0.003
458.05900025367737	9.654216	136	0	0.114112	0.003
460.05599999427795	19.742528	78	0	0.020728	0.003
462.0569999217987	21.353296	124	0	0.024854	0.003
464.0620002746582	28.801864	144	0	0.020685	0.003
466.0620002746582	16.115904	182	0	0.030708	0.003
468.0750000476837	16.091808	182	0	0.066898	0.003
470.0569999217987	7.032336	114	0	0.021554	0.003
472.05599999427795	18.086256	212	0	0.037105	0.003
474.05800008773804	15.560656	248	0	0.056693	0.003
476.05800008773804	6.391696	232	0	0.018187	0.003
478.05800008773804	30.42192	250	0	0.012684	0.003
480.06300020217896	21.214088	188	0	0.126511	0.003
482.0600001811981	11.91628	300	0	0.198674	0.003
484.05800008773804	11.77592	242	0	0.173382	0.003
486.0620002746582	1.627408	158	0	0.50827	0.003
488.06500005722046	8.686416	220	0	0.071747	0.003
490.0569999217987	20.148808	116	0	0.091311	0.003
492.0569999217987	19.36644	154	0	0.015669	0.003
494.0569999217987	8.367568	208	0	0.026302	0.003
496.05800008773804	0.766936	218	0	0.145718	0.003
498.0569999217987	25.459168	216	0	0.013703	0.003
500.07600021362305	24.066848	208	0	0.081756	0.003
502.05900025367737	12.24892	170	0	0.051478	0.003
504.0620002746582	21.810896	126	0	0.05286	0.003
506.0550000667572	16.196448	136	0	0.038666	0.003
508.0550000667572	28.863968	136	0	0.023863	0.003
510.05900025367737	19.709328	118	0	0.056717	0.003
512.058000087738	17.626592	126	0	0.045975	0.003
514.058000087738	13.63576	126	0	0.073461	0.003
516.055999994278	25.090224	110	0	0.017475	0.003
518.058000087738	12.901904	138	0	0.074185	0.003
520.0659999847412	18.539944	142	0	0.078608	0.003
522.055999994278	16.303456	162	0	0.029822	0.003
524.0569999217987	14.934232	142	0	0.044591	0.003
526.058000087738	9.873536	164	0	0.042474	0.003
528.0590002536774	6.213104	76	0	0.040687	0.003
530.058000087738	10.976032	164	0	0.037194	0.003
532.0600001811981	15.226288	188	0	0.073067	0.003
534.0590002536774	35.304592	202	0	0.024954	0.003
536.055999994278	16.49356	266	0	0.137915	0.003
538.058000087738	12.262544	122	0	0.035018	0.003
540.058000087738	23.57084	192	0	0.023853	0.003
542.0569999217987	23.022152	232	0	0.022601	0.003
544.058000087738	40.028024	248	0	0.048177	0.003
546.0600001811981	5.382456	248	0	0.193118	0.003
548.305999994278	15.047272	228	0	0.082056	0.003117
550.308000087738	4.407504	154	0	0.131252	0.003117
552.3050000667572	25.816096	180	0	0.047834	0.003117
554.3070001602173	16.108648	182	0	0.070848	0.003117
556.305999994278	13.310496	136	0	0.072027	0.003117
558.305999994278	14.488704	110	0	0.055577	0.003117
560.3100001811981	4.438752	156	0	0.06832	0.003117
562.308000087738	15.77984	170	0	0.045269	0.003117
564.1310002803802	11.13616	160	0	0.075065	0.003117
566.3100001811981	2.10124	172	0	0.085592	0.003117
568.3090000152588	7.173736	188	0	0.045475	0.003117
570.305999994278	0.46112	234	0	0.061164	0.003117
572.3070001602173	19.858656	102	0	0.037468	0.002861
574.3070001602173	7.519528	130	0	0.065077	0.002861
576.3129999637604	39.227624	152	0	0.041849	0.002861
578.308000087738	4.610616	170	0	0.108238	0.002861
580.3100001811981	25.061216	172	0	0.043498	0.002861
582.305999994278	15.062568	4	0	0.096342	0.002861
584.3070001602173	22.18124	162	0	0.017694	0.002861
586.3070001602173	11.017456	120	0	0.052944	0.002861
588.1010000705719	20.795296	138	0	0.025429	0.002861
590.3090000152588	22.620096	100	0	0.040152	0.002861
592.308000087738	17.257624	142	0	0.049441	0.002861
594.3090000152588	23.742048	152	0	0.01859	0.002861
596.3340001106262	3.014176	191	0	0.226692	0.002861
598.3090000152588	25.026712	172	0	0.032169	0.002861
600.3090000152588	0.954824	190	0	0.060399	0.002861
602.3120000362396	18.682824	214	0	0.061296	0.002861
604.3129999637604	2.223488	258	0	0.088952	0.002861
606.3200001716614	11.429048	258	0	0.22904	0.002861
608.308000087738	11.607936	218	0	0.095267	0.002861
610.3100001811981	14.45472	80	0	0.028949	0.002861
612.3070001602173	16.03248	164	0	0.054174	0.002861
614.3090000152588	15.535912	130	0	0.066993	0.002861
616.308000087738	2.934464	130	0	0.186321	0.002861
618.3070001602173	7.244208	164	0	0.058199	0.002861
620.3070001602173	14.533944	104	0	0.051106	0.002861
622.305999994278	30.102568	154	0	0.022291	0.002861
624.3110001087189	12.986576	178	0	0.047023	0.002861
626.5490000247955	16.308696	246	0	0.118006	0.002861
628.1840000152588	24.06796	272	0	0.037963	0.002861
630.3090000152588	13.984832	196	0	0.110707	0.002861
632.305999994278	20.303448	212	0	0.023866	0.002861
634.3070001602173	25.934144	206	0	0.066443	0.002861
636.1580002307892	8.006376	80	0	0.127985	0.002861
638.3090000152588	9.004832	108	0	0.060375	0.002861
640.305999994278	7.569496	122	0	0.031166	0.002861
642.3090000152588	16.50244	144	0	0.01886	0.002861
644.3110001087189	16.50244	144	0	0.025025	0.002861
646.3070001602173	24.348928	118	0	0.067741	0.002861
648.3090000152588	15.094992	124	0	0.047646	0.002861
650.308000087738	17.837944	124	0	0.062913	0.002861
652.3070001602173	6.060808	182	0	0.039264	0.002861
654.308000087738	18.05464	206	0	0.093847	0.002861
656.3090000152588	16.524672	222	0	0.037849	0.002861
658.308000087738	13.916432	222	0	0.105731	0.002861
660.190000295639	12.973384	136	0	0.091784	0.002861
662.3070001602173	6.977896	51	0	0.016924	0.002861
664.3090000152588	12.836576	128	0	0.050047	0.002861
666.308000087738	4.71588	108	0	0.191496	0.002861
668.1859998703003	21.636704	214	0	0.026072	0.002861
670.4650001525879	1.146952	262	0	0.414125	0.002861
672.2530000209808	12.783656	110	0	0.048104	0.002861
674.3100001811981	14.364696	150	0	0.075644	0.002861
676.3110001087189	2.604192	142	0	0.281893	0.002861
