0.0	2.819408	54	0	0.164674	0.013452
2.2649998664855957	2.506816	62	0	0.089375	0.013452
3.875999927520752	2.347944	68	0	0.212658	0.013452
7.17300009727478	3.770376	92	0	0.041969	0.013452
8.075999975204468	24.429848	126	0	0.028902	0.013452
8.50600004196167	32.503592	260	0	0.035717	0.013452
8.850000143051147	37.9146	266	0	0.032579	0.013452
8.936999797821045	33.231304	264	0	0.030008	0.013452
9.279000043869019	26.989296	248	0	0.044677	0.013452
10.639999866485596	24.75416	246	0	0.057112	0.013452
12.618000030517578	32.59828	218	0	0.0475	0.013452
14.618000030517578	14.364752	332	0	0.0484	0.013452
16.616999864578247	3.53152	332	0	0.118966	0.013452
18.621999979019165	36.34048	180	0	0.049785	0.013452
20.638999938964844	14.832752	198	0	0.032525	0.013452
22.616999864578247	0.200936	198	0	0.303481	0.013452
24.618000030517578	13.99156	288	0	0.058429	0.013452
26.621000051498413	26.293496	288	0	0.028741	0.013452
28.627000093460083	21.43068	202	0	0.034818	0.013452
30.618000030517578	25.973776	212	0	0.030453	0.013452
32.61500000953674	3.556248	212	0	0.396885	0.013452
34.61899995803833	30.141432	236	0	0.035525	0.013452
36.62499976158142	30.961704	230	0	0.028259	0.013452
38.62100005149841	15.491096	204	0	0.054866	0.013452
40.62700009346008	15.53216	220	0	0.041477	0.013452
42.61999988555908	2.4744	219	0	0.662033	0.013452
44.61699986457825	11.058416	356	0	0.275013	0.013452
46.62499976158142	22.577984	356	0	0.125793	0.013452
48.61999988555908	19.849704	302	0	0.049891	0.013452
50.64099979400635	15.35708	204	0	0.0427	0.013452
52.621999979019165	1.622896	200	0	0.435353	0.013452
54.61800003051758	23.852776	174	0	0.065634	0.013452
56.62499976158142	31.882568	162	0	0.02787	0.013452
58.61899995803833	37.822216	164	0	0.023056	0.013452
60.62100005149841	7.890736	205	0	0.074202	0.013452
62.62299990653992	0.983048	207	0	0.261268	0.013452
64.61999988555908	19.286576	236	0	0.105441	0.013452
66.61899995803833	46.36064	208	0	0.030824	0.013452
68.62399983406067	20.802552	220	0	0.079529	0.013452
70.62399983406067	2.95068	286	0	0.087919	0.013452
72.62299990653992	24.08112	292	0	0.074683	0.013452
74.62299990653992	34.364104	424	0	0.073635	0.013452
76.62199997901917	39.968656	168	0	0.02806	0.013452
78.61999988555908	46.00336	240	0	0.025225	0.013452
80.61999988555908	22.6012	234	0	0.046506	0.013452
82.61699986457825	3.375128	238	0	0.290474	0.013452
84.83999991416931	2.222928	238	0	0.405153	0.013452
87.07299995422363	6.7994	84	0	0.495181	0.013452
88.61699986457825	8.127824	110	0	0.042356	0.013452
90.62199997901917	24.545104	184	0	0.035192	0.013452
92.61500000953674	0.23824	236	0	0.156154	0.013452
94.61800003051758	8.485512	224	0	0.232636	0.013452
96.61899995803833	22.2486	210	0	0.056222	0.013452
98.61899995803833	16.14136	188	0	0.103706	0.013452
100.62399983406067	35.6248	212	0	0.031525	0.013452
102.62399983406067	18.295912	310	0	0.097313	0.013452
104.6159999370575	3.44752	370	0	0.115135	0.013452
106.87199997901917	0.556864	239	0	0.091436	0.013452
108.87100005149841	32.279424	238	0	0.104308	0.013452
110.63800001144409	22.799976	224	0	0.083319	0.013452
112.8140001296997	1.742568	222	0	0.700992	0.013452
115.48799991607666	3.312448	4	0	0.316272	0.013452
119.14100003242493	4.387264	62	36	0.106824	0.013452
122.8199999332428	3.170304	66	0	0.208846	0.013452
125.56599998474121	2.91624	4	0	0.192066	0.013452
128.7960000038147	3.731152	72	0	0.087985	0.013452
131.59899997711182	1.19252	62	0	0.37551	0.013452
132.41699981689453	5.239352	62	0	0.027606	0.013452
132.92600011825562	11.762392	124	0	0.029691	0.013452
133.8809998035431	28.457248	298	0	0.033559	0.013452
134.43799996376038	30.831112	232	0	0.079109	0.013452
134.87400007247925	24.20716	234	0	0.085254	0.013452
136.86800003051758	7.382632	310	0	0.054366	0.013452
138.8789999485016	23.170984	264	0	0.105737	0.013452
140.9119999408722	26.600152	196	0	0.053251	0.013452
142.87700009346008	8.863208	202	0	0.205987	0.013452
144.86499977111816	23.386192	266	0	0.067254	0.013452
146.87000012397766	35.37476	238	0	0.026347	0.013452
148.8710000514984	25.24864	238	0	0.088249	0.013452
150.875	35.222352	228	0	0.039276	0.013452
152.8659999370575	14.322392	246	0	0.11368	0.013452
154.8710000514984	37.131792	414	0	0.035661	0.013452
156.87299990653992	32.169088	1094	0	0.180578	0.013452
158.875	31.315672	471	0	0.133831	0.013452
160.87400007247925	25.268112	486	0	0.16873	0.013452
162.8639998435974	0.196784	405	0	0.474492	0.013452
164.8659999370575	22.071544	408	0	0.094659	0.013452
166.86800003051758	14.604064	284	0	0.279504	0.013452
168.8690001964569	31.1704	210	0	0.045162	0.013452
170.87800002098083	33.607512	216	0	0.033212	0.013452
172.8690001964569	16.148016	210	0	0.098305	0.013452
174.93300008773804	32.331736	246	0	0.045657	0.013452
176.9029998779297	36.665016	228	0	0.067064	0.013452
178.86800003051758	5.136568	268	0	0.028385	0.013452
180.875	9.302976	358	0	0.029851	0.013452
183.85599994659424	2.605088	340	0	1.298794	0.013452
187.8710000514984	1.196544	192	12	0.882534	0.013452
191.93799996376038	2.024224	82	0	0.149577	0.013452
192.90399980545044	4.731896	124	0	0.064468	0.013452
193.57099986076355	10.759936	140	0	0.04838	0.013452
194.05800008773804	31.677712	248	0	0.033971	0.013452
194.88199996948242	24.40016	270	0	0.092223	0.013452
196.86800003051758	45.393024	276	0	0.05135	0.013452
198.87199997901917	19.160288	442	0	0.085301	0.013452
200.8710000514984	45.44932	552	0	0.081282	0.013452
202.89000010490417	13.408048	460	0	0.157954	0.013452
204.875	30.603528	500	0	0.098186	0.013452
206.88499999046326	30.47916	332	0	0.075548	0.013452
208.87000012397766	23.71968	312	0	0.087872	0.013452
210.9029998779297	22.402256	328	0	0.150818	0.013452
212.87299990653992	1.178552	312	0	0.538378	0.013452
214.875	19.333336	232	0	0.059244	0.013452
216.88199996948242	31.518912	288	0	0.041846	0.013452
218.8989999294281	40.195816	284	0	0.055689	0.013452
220.86699986457825	37.092816	292	0	0.069522	0.013452
222.89699983596802	8.366696	288	0	0.179036	0.013452
224.88299989700317	23.528296	270	0	0.070591	0.013452
226.87000012397766	44.094104	288	0	0.047626	0.013452
228.86699986457825	39.09984	874	0	0.110216	0.013452
230.8949999809265	46.839992	330	0	0.051837	0.013452
232.8710000514984	31.032952	468	0	0.168512	0.013452
234.88299989700317	38.413856	606	0	0.051682	0.013452
236.8659999370575	37.926144	616	0	0.096297	0.013452
238.87700009346008	35.8686	288	0	0.065673	0.013452
240.8690001964569	36.305248	222	0	0.046749	0.013452
242.88299989700317	12.42516	218	0	0.201381	0.013452
244.87000012397766	32.46308	226	0	0.048775	0.013452
246.87299990653992	22.837792	226	0	0.107787	0.013452
248.91899991035461	31.620064	388	0	0.052817	0.013452
250.89100003242493	32.139224	274	0	0.096593	0.013452
252.8789999485016	6.443224	282	0	0.272417	0.013452
254.88299989700317	36.268704	278	0	0.084005	0.013452
256.8710000514984	23.43824	240	0	0.088664	0.013452
258.9010000228882	14.148624	142	0	0.066667	0.013452
260.914999961853	14.74712	190	0	0.031954	0.013452
262.8900001049042	29.857848	224	0	0.097858	0.013452
264.86499977111816	27.86488	288	0	0.042712	0.013452
266.87199997901917	35.740528	288	0	0.083207	0.013452
268.9010000228882	36.7422	276	0	0.035747	0.013452
270.87400007247925	29.273352	208	0	0.040296	0.013452
273.19000005722046	3.748432	56	0	0.212421	0.013452
274.9359998703003	7.442056	78	0	0.030255	0.013452
276.9010000228882	30.68212	150	0	0.027668	0.013452
278.8819999694824	9.604624	264	0	0.071911	0.013533
280.90199995040894	41.615408	274	0	0.056839	0.013533
282.8710000514984	15.65352	334	0	0.191201	0.013533
284.87199997901917	12.258736	332	0	0.03002	0.013533
286.92899990081787	43.99088	226	0	0.045682	0.013533
288.8659999370575	37.278664	230	0	0.045473	0.013533
290.87000012397766	24.23016	266	0	0.063965	0.013533
292.8949999809265	26.591736	266	0	0.106967	0.013533
294.8690001964569	23.479536	200	0	0.110759	0.013533
296.8880000114441	22.335856	286	0	0.058127	0.013533
298.875	25.698008	240	0	0.061269	0.013533
300.8839998245239	33.545672	220	0	0.074373	0.013533
302.86499977111816	14.561904	224	0	0.14135	0.013533
304.8949999809265	35.543464	246	0	0.067502	0.013533
306.9159998893738	37.79932	598	0	0.096616	0.013533
308.8919999599457	29.683048	238	0	0.036659	0.013533
310.893000125885	2.589032	238	0	0.066285	0.013533
312.87800002098083	26.387912	224	0	0.04928	0.013533
314.8829998970032	8.718024	248	0	0.03489	0.013533
316.8680000305176	47.737416	282	0	0.058635	0.013533
318.8690001964569	31.404368	288	0	0.058755	0.013533
320.95899987220764	29.348176	280	0	0.057493	0.013533
322.8690001964569	2.186424	280	0	0.231366	0.013533
324.8690001964569	21.126568	190	0	0.028258	0.013533
326.91100001335144	34.777376	228	0	0.067867	0.013533
328.8809998035431	17.576952	228	0	0.166733	0.013533
330.896999835968	46.354416	248	0	0.04841	0.013533
332.9650001525879	34.173632	254	0	0.050336	0.013533
334.8919999599457	34.967128	200	0	0.035213	0.013533
336.86100006103516	13.546096	224	0	0.034755	0.013533
338.87000012397766	32.512728	212	0	0.041942	0.013533
340.8729999065399	31.879848	251	0	0.040308	0.013533
342.8680000305176	12.028296	268	0	0.269859	0.013533
345.11500000953674	48.551552	294	0	0.055346	0.013533
347.1180000305176	29.919672	216	0	0.058066	0.013533
348.8680000305176	31.930528	182	0	0.053789	0.013533
350.8789999485016	23.723464	196	0	0.06267	0.013533
353.12599992752075	16.527936	198	0	0.13537	0.013533
355.12399983406067	16.95016	180	0	0.094881	0.013533
357.12199997901917	32.663752	210	0	0.039201	0.013533
359.1199998855591	18.634944	188	0	0.083887	0.013533
361.11899995803833	21.294848	208	0	0.052528	0.013533
363.11899995803833	22.389912	190	0	0.080926	0.013533
365.1170001029968	25.705832	200	0	0.054776	0.013533
367.11899995803833	23.653904	224	0	0.084755	0.013533
369.1180000305176	34.885264	260	0	0.08985	0.013533
371.12199997901917	32.131744	272	0	0.045073	0.013533
373.125	22.551904	246	0	0.10977	0.013533
374.99700021743774	14.7328	234	0	0.063605	0.013533
377.1270000934601	32.15544	292	0	0.052759	0.013533
379.125	32.956544	276	0	0.066687	0.013533
381.13699984550476	32.43656	338	0	0.063545	0.013533
383.1159999370575	38.886408	332	0	0.086224	0.013533
385.11899995803833	30.006704	198	0	0.046106	0.013533
387.12099981307983	17.767048	238	0	0.059235	0.013533
389.13100004196167	29.78044	356	0	0.065926	0.013533
391.1380000114441	25.170848	222	0	0.103467	0.013533
393.12199997901917	17.347144	256	0	0.104924	0.013533
395.12099981307983	16.814544	378	0	0.152778	0.013533
397.12599992752075	32.315144	374	0	0.085802	0.013533
399.0279998779297	32.130032	274	0	0.07449	0.013533
401.1180000305176	15.771744	344	0	0.111327	0.013533
403.12800002098083	17.705808	348	0	0.276372	0.013533
405.12199997901917	18.936304	256	0	0.089594	0.013533
407.1170001029968	17.210424	194	0	0.08099	0.013533
409.11899995803833	16.4444	180	0	0.065522	0.013533
411.13100004196167	51.102248	262	0	0.041041	0.013533
413.1180000305176	18.245408	298	0	0.130835	0.013533
415.1229999065399	34.189456	298	0	0.082495	0.013533
417.1229999065399	14.538832	298	0	0.071597	0.013533
419.11899995803833	29.844128	184	0	0.082434	0.013533
421.12099981307983	46.128704	222	0	0.047151	0.013533
422.96200013160706	31.528336	240	0	0.059371	0.013533
425.114000082016	23.3542	318	0	0.058409	0.013533
427.11899995803833	2.418112	187	0	0.216681	0.013533
429.125	31.754712	170	0	0.048868	0.013533
431.1180000305176	35.52456	222	0	0.027162	0.013533
433.1199998855591	14.893568	222	0	0.0797	0.013533
435.1159999370575	22.983736	256	0	0.150588	0.013533
437.12599992752075	27.946496	244	0	0.075111	0.013533
439.125	29.44468	296	0	0.114409	0.013533
441.1229999065399	40.06384	294	0	0.063771	0.013533
443.1159999370575	2.620536	296	0	0.217983	0.013533
445.12099981307983	10.177936	366	0	0.120057	0.013533
447.0260000228882	24.753328	352	0	0.065173	0.013533
449.1229999065399	28.794456	258	0	0.105431	0.013533
451.125	31.208424	246	0	0.052505	0.013533
453.12399983406067	30.241104	286	0	0.073108	0.013533
455.12199997901917	29.681872	254	0	0.034662	0.013533
457.12399983406067	34.167912	246	0	0.043105	0.013533
459.1199998855591	17.83436	216	0	0.103276	0.013533
461.12199997901917	41.525312	222	0	0.055541	0.013533
463.1170001029968	27.65356	286	0	0.053248	0.013533
465.1229999065399	44.416344	286	0	0.058001	0.013533
467.11500000953674	36.236704	256	0	0.036791	0.013533
469.135999917984	42.632256	284	0	0.038305	0.013533
471.00300002098083	32.7804	242	0	0.068452	0.013533
473.1289999485016	43.578824	266	0	0.034645	0.013533
475.12099981307983	35.319592	266	0	0.07082	0.013533
477.1180000305176	34.956168	236	0	0.049526	0.013533
479.11899995803833	28.89308	234	0	0.078763	0.013533
481.12800002098083	21.596168	162	0	0.030903	0.013533
483.1170001029968	21.596168	160	0	0.025815	0.013533
485.1170001029968	13.489616	148	0	0.033404	0.013533
487.1159999370575	43.611752	276	0	0.031783	0.013533
489.1229999065399	23.260384	288	0	0.028329	0.013533
491.11899995803833	36.068024	264	0	0.02865	0.013533
493.11899995803833	35.721264	261	0	0.035713	0.013533
495.12399983406067	24.223744	296	0	0.02763	0.014
497.12099981307983	40.305288	232	0	0.03637	0.014
499.11899995803833	40.305288	230	0	0.028021	0.014
501.12599992752075	26.373736	230	0	0.04165	0.014
503.11500000953674	31.370104	242	0	0.076626	0.014
505.11899995803833	46.431104	244	0	0.03085	0.014
507.1229999065399	42.112528	230	0	0.058322	0.014
509.1180000305176	30.723976	234	0	0.040189	0.014
511.1439998149872	36.972392	216	0	0.027829	0.014
513.1229999065399	11.902864	338	0	0.257998	0.014
515.1229999065399	38.447256	342	0	0.064695	0.014
517.1180000305176	41.071024	286	0	0.050863	0.014
519.0569999217987	38.234176	284	0	0.0705	0.014
521.1219999790192	37.918536	272	0	0.04957	0.014
523.1159999370575	17.252272	272	0	0.207291	0.014
525.1460001468658	23.529168	212	0	0.051702	0.014
527.1219999790192	22.174368	216	0	0.044375	0.014
529.1209998130798	27.168	214	0	0.050715	0.014
531.1239998340607	23.951096	212	0	0.062449	0.014
533.1209998130798	9.652904	202	0	0.277083	0.014
535.1170001029968	23.814656	192	0	0.075527	0.014
537.1150000095367	34.453168	166	0	0.023831	0.014
539.1199998855591	26.667512	178	0	0.037563	0.014
541.1219999790192	48.00568	214	0	0.024947	0.014
543.1199998855591	11.67604	208	0	0.195457	0.014
545.1110000610352	28.4406	238	0	0.077256	0.014
547.1209998130798	3.59196	124	0	0.334058	0.013357
549.1259999275208	12.723384	190	0	0.112352	0.013357
551.1170001029968	24.274432	276	0	0.098829	0.013357
553.1199998855591	28.822488	256	0	0.042294	0.013357
555.1199998855591	28.977576	196	0	0.04196	0.013357
557.1199998855591	12.831408	4	0	0.133352	0.013357
559.1280000209808	16.652088	188	0	0.053346	0.013357
561.1270000934601	35.915704	238	0	0.060237	0.013357
563.1270000934601	17.115944	222	0	0.077308	0.013357
565.1280000209808	36.607456	238	0	0.056071	0.013357
567.462000131607	2.50888	4	33	0.478369	0.013357
571.6840000152588	3.017912	58	0	0.234861	0.013357
574.058000087738	4.891888	66	0	0.070764	0.013357
575.2060000896454	34.91864	194	0	0.043345	0.013357
575.2980000972748	44.077464	202	0	0.030346	0.013357
577.5659999847412	3.75784	338	1	0.914791	0.013357
579.1199998855591	3.514376	254	0	0.79046	0.013357
581.1280000209808	4.049888	222	0	0.528456	0.013357
583.1259999275208	4.98056	156	0	0.279755	0.013357
585.1159999370575	34.608152	190	0	0.037872	0.013357
587.1189999580383	2.497104	294	0	0.378599	0.013357
589.1219999790192	0.22492	282	0	0.061077	0.013357
591.1170001029968	17.531752	222	0	0.071843	0.013357
593.1199998855591	30.073984	354	0	0.102239	0.013357
595.1219999790192	29.391688	362	0	0.059369	0.013357
597.3689999580383	34.029288	194	0	0.065744	0.013357
599.1180000305176	48.573352	226	0	0.033079	0.013357
601.1189999580383	31.001864	230	0	0.029328	0.013357
603.3689999580383	6.040472	238	0	0.174979	0.013357
605.1159999370575	25.060872	366	0	0.062677	0.013357
607.1259999275208	40.566264	394	0	0.044923	0.013357
609.3669998645782	25.079896	294	0	0.048581	0.013357
611.1229999065399	41.04556	378	0	0.040829	0.013357
613.3700001239777	58.327608	466	0	0.042991	0.013357
615.3719999790192	46.369168	466	0	0.061629	0.013357
617.3659999370575	1.154544	328	0	0.382782	0.013357
619.3639998435974	15.326408	336	0	0.128566	0.013357
621.3740000724792	3.365104	280	0	0.122533	0.013357
623.3669998645782	20.81596	194	0	0.068324	0.013357
625.3719999790192	49.939312	231	0	0.036693	0.013357
627.3669998645782	3.207016	232	0	0.839562	0.013357
629.3710000514984	8.8202	214	0	0.230694	0.013357
631.3860001564026	4.46556	370	0	0.099766	0.013357
633.3689999580383	10.346536	405	0	0.109537	0.013357
635.3639998435974	20.498288	408	0	0.249399	0.013357
637.3650000095367	4.499504	412	0	0.258128	0.013357
639.3689999580383	18.04512	378	0	0.132318	0.013357
641.3819999694824	27.933576	354	0	0.099527	0.013357
643.3680000305176	19.83364	344	0	0.140813	0.013357
645.3669998645782	43.665528	234	0	0.048642	0.013357
647.375	3.577024	290	0	0.244506	0.013357
649.3719999790192	22.459376	290	0	0.062682	0.013357
651.3829998970032	31.765488	302	0	0.089575	0.013357
653.3710000514984	22.595336	292	0	0.098898	0.013357
655.3780000209808	15.295056	268	0	0.128045	0.013357
657.2249999046326	3.485592	300	0	0.773201	0.013357
659.3689999580383	29.835584	370	0	0.039173	0.013357
661.3689999580383	39.542112	338	0	0.047025	0.013357
663.3700001239777	36.261688	276	0	0.047691	0.013357
665.3669998645782	16.40704	288	0	0.115631	0.013357
667.3710000514984	0.645408	272	0	0.434401	0.013357
669.3689999580383	31.752464	400	0	0.090385	0.013357
671.3849997520447	15.264408	336	0	0.17665	0.013357
673.3700001239777	30.24644	254	0	0.078144	0.013357
675.3789999485016	39.995128	272	0	0.044602	0.013357
679.2489998340607	3.688432	308	0	0.736442	0.013357
682.5999999046326	3.825952	296	0	0.175424	0.013357
682.7679998874664	3.825952	296	0	0.12344	0.013357
683.3659999370575	4.714128	296	0	0.112332	0.013357
685.3700001239777	8.941944	160	0	0.101601	0.013357
687.9869999885559	3.453456	174	0	0.567125	0.013357
689.3689999580383	3.583752	174	0	0.555506	0.013357
692.893000125885	3.585024	54	0	0.165709	0.013357
694.7529997825623	3.879984	54	17	0.075564	0.013357
695.3700001239777	1.559	54	0	0.084348	0.013357
697.3700001239777	8.903552	64	0	0.028654	0.013357
699.3769998550415	25.096944	218	0	0.048836	0.013357
701.3870000839233	24.770784	316	0	0.055864	0.013357
703.3959999084473	17.735272	256	0	0.090692	0.013357
705.3680000305176	26.93344	202	0	0.058854	0.013357
707.3680000305176	1.958016	230	0	0.097597	0.013357
710.5490000247955	13.550928	288	0	0.039072	0.013357
713.7330000400543	4.53108	284	0	0.517473	0.013357
714.5659999847412	41.568216	374	0	0.062999	0.013357
716.2050001621246	20.922944	296	0	0.098453	0.013357
717.8729999065399	56.256016	394	0	0.042469	0.013357
719.912999868393	33.568096	801	0	0.131773	0.013357
721.8710000514984	33.568096	816	0	0.093602	0.013357
723.9179999828339	25.37092	374	0	0.052151	0.013357
725.9559998512268	25.37092	374	0	0.037812	0.013357
727.8839998245239	5.5044	254	0	0.406782	0.013357
729.9559998512268	35.054152	270	0	0.068839	0.013357
731.9029998779297	0.08524	312	0	0.069456	0.013357
734.1549999713898	27.581776	354	0	0.082202	0.013357
735.9010000228882	51.35308	258	0	0.036917	0.013357
737.9159998893738	9.342448	256	0	0.16965	0.013357
739.8669998645782	36.9284	276	0	0.067464	0.013357
741.9420001506805	45.524504	262	0	0.042422	0.013357
744.1180000305176	34.284816	296	0	0.071064	0.013357
745.9430000782013	17.185184	364	0	0.059054	0.013357
748.1670000553131	0.837536	316	0	0.164729	0.013357
750.0	9.634464	204	0	0.026382	0.013357
751.8669998645782	33.794616	254	0	0.050914	0.013357
753.9230000972748	25.10472	254	0	0.03628	0.013357
755.9779999256134	25.10472	258	0	0.026114	0.013357
757.9090001583099	8.720968	396	0	0.139819	0.013357
760.1389999389648	30.945928	214	0	0.047953	0.013357
762.1180000305176	32.336144	260	0	0.070159	0.013357
764.135999917984	31.264352	260	0	0.079996	0.013357
766.1229999065399	28.084912	244	0	0.055766	0.013357
768.1219999790192	9.857056	244	0	0.132825	0.013357
770.1170001029968	19.498696	258	0	0.036977	0.013357
772.1150000095367	37.527496	216	0	0.034038	0.013357
773.9460000991821	49.525632	226	0	0.029457	0.013357
776.1199998855591	41.932712	222	0	0.033923	0.013357
778.1119999885559	6.833168	284	0	0.289528	0.013357
780.1159999370575	16.952976	306	0	0.089265	0.013357
782.1199998855591	30.62048	390	0	0.075171	0.013357
784.1380000114441	30.960128	320	0	0.041126	0.013357
786.1259999275208	46.382376	220	0	0.028988	0.013357
788.1349999904633	8.058472	252	0	0.186296	0.013357
790.1490001678467	35.248928	252	0	0.079702	0.013357
792.1470000743866	35.92892	248	0	0.060602	0.013357
794.1500000953674	46.9374	286	0	0.041235	0.013357
796.1399998664856	30.07988	170	0	0.038274	0.013357
798.1399998664856	6.87968	170	0	0.139576	0.013357
800.1330001354218	15.89936	170	0	0.095155	0.013357
802.1369998455048	32.398024	176	0	0.055559	0.013357
804.1150000095367	27.64424	168	0	0.028781	0.013357
806.1209998130798	35.261976	170	0	0.027067	0.013357
808.1150000095367	10.71352	236	0	0.093255	0.013357
810.1389999389648	36.320536	168	0	0.038445	0.013357
812.114000082016	36.3912	222	0	0.031228	0.013357
814.1419999599457	12.929224	276	0	0.041247	0.013357
816.1389999389648	33.754696	276	0	0.045891	0.013357
818.1449997425079	11.389544	264	0	0.163677	0.013357
820.1419999599457	24.82952	262	0	0.082986	0.013357
822.1389999389648	44.05444	245	0	0.045424	0.013357
824.1429998874664	32.077944	300	0	0.056792	0.013357
826.1300001144409	38.148552	292	0	0.051652	0.013357
828.135999917984	9.127104	294	0	0.139529	0.013357
830.1449997425079	29.559848	292	0	0.075829	0.013357
832.1159999370575	31.746304	280	0	0.065208	0.013357
834.1199998855591	13.1448	268	0	0.081209	0.013357
836.1229999065399	31.458312	152	0	0.030453	0.013357
838.1110000610352	12.472	212	0	0.028496	0.013357
840.1189999580383	11.720048	182	0	0.026219	0.013357
842.1189999580383	3.10904	140	0	0.124811	0.013357
844.1180000305176	19.563296	146	0	0.026984	0.013357
846.0659999847412	0.397904	209	0	0.086125	0.014146
848.1219999790192	6.288336	198	0	0.20269	0.014146
850.1199998855591	30.165616	174	0	0.027774	0.014146
852.114000082016	33.280656	192	0	0.02839	0.014146
854.1170001029968	32.377136	198	0	0.036033	0.014146
856.1209998130798	18.35816	200	0	0.054042	0.014146
858.1150000095367	48.11672	230	0	0.028383	0.014146
860.1150000095367	28.67792	290	0	0.058873	0.014146
862.1280000209808	17.040856	300	0	0.10771	0.014146
864.1349999904633	12.424736	300	0	0.10965	0.014146
866.1300001144409	42.825232	266	0	0.037313	0.014146
868.1159999370575	8.618152	266	0	0.15971	0.014146
870.1209998130798	18.516488	266	0	0.063766	0.014146
872.1159999370575	1.800952	210	0	0.059619	0.014146
874.1159999370575	18.997416	226	0	0.055434	0.014146
876.1289999485016	29.598856	180	0	0.028539	0.013724
878.1189999580383	6.967328	102	0	0.199626	0.013724
880.1170001029968	13.474512	64	0	0.021105	0.013724
882.114000082016	27.562376	102	0	0.02069	0.013724
884.1119999885559	10.539872	204	0	0.035527	0.013724
886.1150000095367	25.080696	188	0	0.035083	0.013724
888.1219999790192	12.444256	369	0	0.248653	0.013724
890.1199998855591	27.889984	254	0	0.034439	0.013724
892.1189999580383	16.200192	176	0	0.035327	0.013724
894.1170001029968	28.031208	194	0	0.051333	0.013724
896.1280000209808	31.235328	304	0	0.053724	0.013724
898.1159999370575	13.994192	304	0	0.216358	0.013724
900.1170001029968	34.944192	308	0	0.080996	0.013724
902.1150000095367	18.273728	170	0	0.02972	0.013724
904.1150000095367	38.742472	190	0	0.036759	0.013724
906.1219999790192	18.66292	194	0	0.039228	0.013724
908.1150000095367	6.308992	261	0	0.157234	0.013724
910.1189999580383	19.028808	264	0	0.117128	0.013724
912.1150000095367	22.603216	114	0	0.028918	0.013724
914.1180000305176	19.681368	140	0	0.022409	0.013724
916.1270000934601	29.042816	140	0	0.02429	0.013724
918.1219999790192	14.201232	156	0	0.138137	0.013724
920.1150000095367	28.931952	180	0	0.066672	0.013724
922.1189999580383	31.927008	180	0	0.041054	0.013724
924.1180000305176	16.447152	184	0	0.029507	0.013724
926.125	34.682632	306	0	0.053442	0.013724
928.1189999580383	11.513424	288	0	0.195003	0.013724
930.1159999370575	21.639776	288	0	0.062884	0.013724
932.1189999580383	31.134856	220	0	0.033252	0.013724
934.1219999790192	21.782896	220	0	0.100416	0.013724
936.125	19.666176	222	0	0.044058	0.013724
938.1189999580383	18.817408	192	0	0.108065	0.013724
940.1259999275208	35.27748	202	0	0.053896	0.013724
942.1150000095367	42.072024	280	0	0.037117	0.013724
944.1159999370575	43.371736	312	0	0.036497	0.013724
946.1280000209808	33.353584	312	0	0.07038	0.013724
948.1549999713898	4.756224	314	0	0.417378	0.013724
950.1209998130798	44.079904	282	0	0.070539	0.013724
952.1159999370575	30.779872	306	0	0.079371	0.013724
954.1170001029968	28.168352	234	0	0.057421	0.013724
956.1300001144409	32.072552	198	0	0.032845	0.013724
958.1180000305176	7.550496	229	0	0.117485	0.013724
960.1189999580383	26.663312	248	0	0.075937	0.013724
962.1199998855591	26.174056	266	0	0.118099	0.013724
964.1150000095367	13.230264	572	0	0.299297	0.013724
966.106999874115	0.230448	326	0	0.118695	0.013724
968.1150000095367	6.918112	244	0	0.367943	0.013724
970.1159999370575	17.965464	222	0	0.14944	0.013724
972.1189999580383	2.05032	198	0	0.168485	0.013724
974.1209998130798	5.817544	294	0	0.073177	0.013724
976.1310000419617	28.394104	248	0	0.035475	0.013724
978.1209998130798	12.819664	247	0	0.211888	0.013724
980.1150000095367	28.029664	182	0	0.054013	0.013724
982.1150000095367	39.167856	204	0	0.032552	0.013724
984.1199998855591	24.562752	182	0	0.040572	0.013724
986.1349999904633	18.790816	226	0	0.035378	0.013724
988.114000082016	6.6738	226	0	0.309753	0.013724
990.1229999065399	9.058728	180	0	0.151514	0.013724
992.1150000095367	18.606296	172	0	0.05291	0.013724
994.1219999790192	18.07048	180	0	0.024908	0.013724
996.3730001449585	27.395024	186	0	0.031985	0.013724
998.3669998645782	26.345072	186	0	0.058762	0.013724
1000.1159999370575	27.829768	148	0	0.022753	0.013724
1002.1189999580383	36.941248	168	0	0.024307	0.013724
1004.3810000419617	16.971832	235	0	0.101067	0.013724
1006.1349999904633	24.814216	346	0	0.068599	0.013724
1008.3700001239777	14.295384	350	0	0.179193	0.013724
1010.3659999370575	33.79144	190	0	0.036314	0.013724
1012.3689999580383	22.845944	202	0	0.03391	0.013724
1014.3689999580383	37.12144	242	0	0.031773	0.013724
1016.3780000209808	26.491168	246	0	0.048142	0.013724
1018.3669998645782	27.858296	242	0	0.094104	0.013724
1020.3689999580383	53.608944	220	0	0.031868	0.013724
1022.3710000514984	37.417632	218	0	0.033405	0.013724
1024.3730001449585	14.552424	214	0	0.033942	0.013724
1026.4029998779297	37.773216	246	0	0.027935	0.013724
1028.3659999370575	23.251536	232	0	0.08503	0.013724
1030.3680000305176	22.93736	224	0	0.042135	0.013724
1032.3639998435974	26.253976	224	0	0.049373	0.013724
1034.3639998435974	40.399528	242	0	0.046902	0.013724
1036.3730001449585	34.192048	152	0	0.025526	0.013724
1038.3639998435974	26.84196	158	0	0.045316	0.013724
1040.3689999580383	31.06204	158	0	0.038848	0.013724
1042.3680000305176	28.750272	209	0	0.048575	0.013724
1044.3740000724792	21.181264	214	0	0.034554	0.013724
1046.375	30.992304	206	0	0.031649	0.013724
1048.3719999790192	17.844672	248	0	0.051768	0.013724
1050.3629999160767	19.08068	206	0	0.030483	0.013724
1052.3639998435974	34.480712	180	0	0.025664	0.013724
1054.3700001239777	26.630408	226	0	0.043436	0.013724
1056.3789999485016	47.733872	238	0	0.047161	0.013724
1058.3659999370575	42.318112	242	0	0.034196	0.013724
1060.3639998435974	39.380272	226	0	0.05551	0.013724
1062.3659999370575	34.441408	226	0	0.035926	0.013724
1064.3650000095367	36.92464	228	0	0.035948	0.013724
1066.3719999790192	22.346496	184	0	0.038298	0.013724
1068.3659999370575	27.07596	218	0	0.038771	0.013724
1070.3659999370575	25.1272	262	0	0.044286	0.013724
1072.3659999370575	0.463248	251	0	0.048625	0.013724
1074.3730001449585	48.394368	230	0	0.032549	0.013724
1076.3710000514984	29.09028	228	0	0.041888	0.013724
1078.3669998645782	27.446856	250	0	0.048954	0.013724
1080.3680000305176	27.446856	252	0	0.045108	0.013724
1082.3700001239777	1.188712	232	0	0.118619	0.013724
1084.3740000724792	46.023256	208	0	0.044003	0.013724
1086.375	34.111024	238	0	0.065938	0.013724
1088.3680000305176	36.519888	249	0	0.060527	0.013724
1090.3680000305176	37.603728	370	0	0.051554	0.013724
1092.3669998645782	1.16104	384	0	0.06124	0.013724
1094.3700001239777	20.814656	384	0	0.059049	0.013724
1096.375	48.5716	384	0	0.032631	0.013724
1098.3669998645782	21.244688	218	0	0.077755	0.013724
1100.3710000514984	33.953928	178	0	0.031066	0.013724
1102.3680000305176	25.462584	128	0	0.027663	0.013724
1104.3650000095367	23.501064	128	0	0.024865	0.013724
1106.3940000534058	26.604024	192	0	0.034199	0.013724
1108.3689999580383	9.168024	192	0	0.170711	0.013724
1110.3680000305176	12.52876	245	0	0.074043	0.013724
1112.3650000095367	13.801624	206	0	0.099844	0.013724
1114.3650000095367	1.982648	204	0	0.088314	0.013724
1116.375	20.753384	114	0	0.028172	0.013724
1118.3639998435974	19.2938	128	0	0.022624	0.013724
1120.3680000305176	31.278336	142	0	0.022261	0.013724
1122.3680000305176	25.818392	176	0	0.046185	0.013724
1124.3719999790192	36.052128	192	0	0.041411	0.013724
1126.3799998760223	16.032144	190	0	0.045677	0.013724
1128.3659999370575	36.019064	226	0	0.05071	0.013724
1130.3650000095367	37.90908	248	0	0.02487	0.013724
1132.3639998435974	30.401	250	0	0.033469	0.013724
1134.3650000095367	28.210944	186	0	0.02523	0.013724
1136.3780000209808	45.892504	210	0	0.026908	0.013724
1138.3710000514984	43.184512	214	0	0.045593	0.013724
1140.3689999580383	37.828008	212	0	0.03165	0.013724
1142.3669998645782	28.269504	216	0	0.04692	0.013724
1144.361999988556	40.632464	312	0	0.035587	0.013724
1146.3780000209808	42.904888	330	0	0.030778	0.013724
1148.3639998435974	32.243904	282	0	0.096144	0.013724
1150.3700001239777	48.99304	282	0	0.046047	0.013724
1152.3680000305176	35.495312	246	0	0.050262	0.013724
1154.3639998435974	38.374488	242	0	0.038605	0.013724
1156.3730001449585	35.983472	244	0	0.030909	0.013724
1158.3669998645782	30.110176	272	0	0.050139	0.013724
1160.3719999790192	38.34272	268	0	0.042315	0.013724
1162.3669998645782	40.604544	290	0	0.041064	0.013724
1164.3659999370575	45.953856	250	0	0.028174	0.013724
1166.3810000419617	36.733072	254	0	0.050792	0.013724
1168.3730001449585	25.531896	266	0	0.058521	0.013724
1170.3669998645782	27.89548	266	0	0.071455	0.013724
1172.3689999580383	12.769152	354	0	0.067779	0.013724
1174.3719999790192	26.3148	4	0	0.141182	0.013724
1176.3780000209808	8.961264	362	0	0.071736	0.013892
1178.3650000095367	25.170312	366	0	0.06473	0.013892
1180.3659999370575	22.255256	228	0	0.071155	0.013892
1182.3700001239777	25.81148	240	0	0.048954	0.013892
1184.3700001239777	17.195008	240	0	0.070677	0.013892
1186.3780000209808	30.725296	240	0	0.063678	0.013892
1188.3740000724792	9.677288	252	0	0.23974	0.013892
1190.3710000514984	18.250992	286	0	0.048133	0.013892
1192.3689999580383	5.676848	294	0	0.198068	0.013892
1194.3710000514984	21.521592	192	0	0.057541	0.013892
1196.3789999485016	32.111192	192	0	0.04471	0.013892
1198.3680000305176	23.389152	192	0	0.079216	0.013892
1200.3689999580383	26.0564	188	0	0.049456	0.013892
1202.3639998435974	22.747872	188	0	0.098036	0.013892
1204.3719999790192	38.056576	220	0	0.051217	0.013892
1206.3659999370575	31.113472	222	0	0.044618	0.013892
1208.3650000095367	19.031296	238	0	0.045296	0.013892
1210.3689999580383	16.506416	242	0	0.07204	0.013892
1212.3740000724792	21.797112	234	0	0.051132	0.013892
1214.3669998645782	30.111768	194	0	0.058425	0.013892
1216.3669998645782	37.112192	190	0	0.037516	0.013892
1218.3639998435974	21.349496	244	0	0.040954	0.013892
1220.3669998645782	43.75912	274	0	0.052681	0.013892
1222.3719999790192	2.661968	192	0	0.517305	0.013892
1224.3689999580383	19.933064	214	0	0.091311	0.013892
1226.4050002098083	20.400024	206	0	0.06376	0.013892
1228.3680000305176	14.4462	196	0	0.071333	0.013892
1230.3710000514984	35.191384	232	0	0.03504	0.013892
1232.3689999580383	6.609544	328	0	0.050986	0.013892
1234.3710000514984	22.40364	328	0	0.083807	0.013892
1236.3810000419617	17.125248	292	0	0.112588	0.013892
1238.3659999370575	30.547224	292	0	0.07508	0.013892
1240.3659999370575	29.349096	248	0	0.050545	0.013892
1242.3870000839233	4.598056	240	0	0.152374	0.013892
1244.375	6.318056	260	0	0.283296	0.013892
1246.3719999790192	26.663664	498	0	0.109456	0.013892
1248.3680000305176	29.279776	498	0	0.095673	0.013892
1250.6249997615814	23.383848	252	0	0.09031	0.013892
1252.6349999904633	2.401344	174	0	1.007307	0.013892
1254.6679999828339	8.983976	158	0	0.166727	0.013892
1257.1170001029968	0.731384	104	0	1.467331	0.013892
1258.6219999790192	11.632352	140	0	0.083541	0.013892
1260.62700009346	9.058792	104	0	0.054798	0.013892
1262.6210000514984	10.697128	192	0	0.077011	0.013892
1264.619999885559	19.475072	224	0	0.057746	0.013892
1266.619999885559	4.43628	232	0	0.064809	0.013892
1268.4370000362396	16.815072	238	0	0.052615	0.013892
1270.659999847412	20.384632	340	0	0.061603	0.013892
1272.6690001487732	6.208744	340	0	0.621962	0.013892
1274.6219999790192	14.098632	340	0	0.215927	0.013892
1276.6480000019073	21.094752	296	0	0.059749	0.013892
1278.6189999580383	4.470192	296	0	0.050908	0.013892
1280.6180000305176	18.383512	226	0	0.061286	0.013892
1282.6219999790192	3.368656	168	0	1.324209	0.013892
1284.6180000305176	38.236784	296	0	0.158433	0.013892
1286.6239998340607	22.554312	322	0	0.051343	0.013892
1288.6239998340607	22.554312	322	0	0.166931	0.013892
1290.6219999790192	11.7948	322	0	0.113303	0.013892
1292.4329998493195	12.81048	224	0	0.247236	0.013892
1294.62299990654	21.19192	218	0	0.075458	0.013892
1296.619999885559	9.401624	324	0	0.249548	0.013892
1298.619999885559	0.969776	308	0	0.150568	0.013892
1300.6249997615814	2.040752	308	0	0.12078	0.013892
1302.6280000209808	10.810552	254	0	0.392935	0.013892
1304.6180000305176	3.476224	254	0	0.868966	0.013892
1306.6210000514984	6.389552	216	0	0.147566	0.013892
1308.6389999389648	12.844704	258	0	0.033565	0.013774
1310.6370000839233	27.531784	138	0	0.041874	0.013774
1312.6480000019073	3.434872	180	0	0.430085	0.013774
1314.619999885559	10.195624	180	0	0.149098	0.013774
1316.4639999866486	11.9276	140	0	0.067127	0.013774
1318.6180000305176	21.333328	94	0	0.02938	0.013774
1320.6219999790192	21.759856	164	0	0.045035	0.013774
1322.6189999580383	1.421688	204	0	0.601206	0.013774
1324.619999885559	24.798544	204	0	0.088699	0.013774
1326.6180000305176	24.798544	204	0	0.203373	0.013774
1328.6219999790192	10.607536	180	0	0.0901	0.013774
1330.6259999275208	10.421152	198	0	0.042624	0.013774
1332.6210000514984	1.823368	148	0	0.532406	0.013774
1334.6219999790192	8.858464	215	0	0.203077	0.013774
1336.619999885559	22.762648	312	0	0.064262	0.013774
1338.6210000514984	22.35596	224	0	0.065965	0.013774
1340.6809997558594	29.5212	222	0	0.041107	0.013774
1343.2469999790192	5.152392	340	0	0.241018	0.013774
1344.5689997673035	33.81664	410	0	0.198465	0.013774
1346.6219999790192	11.443104	414	0	0.3024	0.013774
1348.619999885559	12.288984	286	0	0.189659	0.013774
1350.6239998340607	16.251632	286	0	0.176405	0.013774
1352.6169998645782	15.061984	286	0	0.185254	0.013774
1354.6180000305176	4.857152	234	0	0.259719	0.013774
1356.6210000514984	14.538064	232	0	0.092001	0.013774
1358.6169998645782	4.909112	4	0	0.381526	0.013774
1360.6169998645782	12.78972	162	0	0.079372	0.013774
1362.6029999256134	8.108488	176	0	0.089088	0.013774
1364.6169998645782	15.389928	204	0	0.027325	0.013774
1366.6180000305176	19.22596	116	0	0.024526	0.013774
1368.6159999370575	20.788184	194	0	0.041348	0.013774
1370.62299990654	12.340344	198	0	0.050343	0.013774
1372.6210000514984	25.839704	298	0	0.098939	0.013774
1374.62299990654	19.92556	314	0	0.044897	0.013774
1376.619999885559	18.503288	312	0	0.090031	0.013774
1378.6169998645782	11.778032	234	0	0.214838	0.013774
1380.630000114441	26.154064	328	0	0.112734	0.013774
1382.6559998989105	22.636936	260	0	0.103113	0.013774
1384.62700009346	15.043768	312	0	0.175885	0.013774
1388.4509999752045	3.636152	168	0	0.533149	0.013774
1389.144999742508	4.398304	76	0	0.30271	0.013774
1390.6239998340607	5.50276	76	0	0.14284	0.013774
1392.590000152588	2.458944	86	0	0.428783	0.013774
1394.6290001869202	10.361112	118	0	0.058126	0.013774
1396.6169998645782	0.348168	120	0	0.07838	0.013774
1398.6189999580383	20.900096	102	0	0.021608	0.013323
1400.614000082016	11.983584	90	0	0.028399	0.013323
1402.6169998645782	1.115488	96	0	0.595361	0.013323
1404.6189999580383	22.354472	170	0	0.044241	0.013323
1406.619999885559	8.307856	330	0	0.068903	0.013323
1408.6150000095367	11.25148	330	0	0.087512	0.013323
1410.6189999580383	11.25148	386	0	0.072374	0.013323
1412.6159999370575	10.259416	264	0	0.766261	0.013323
1414.6189999580383	20.732152	266	0	0.112958	0.013323
1417.159999847412	1.595144	164	0	0.882141	0.013323
1418.7539999485016	5.310368	218	0	0.290071	0.013323
1420.6210000514984	13.949792	210	0	0.056184	0.013323
1422.8500001430511	14.389904	242	0	0.094763	0.013323
1425.2489998340607	3.8634	266	0	0.852756	0.013323
1427.5999999046326	21.296488	276	0	0.093159	0.013323
1428.9349999427795	2.373768	400	0	0.162269	0.013323
1430.6210000514984	24.064808	418	0	0.07525	0.013323
1432.9219999313354	15.484088	418	0	0.219298	0.013323
1434.6169998645782	19.227608	296	0	0.151734	0.013323
1436.6169998645782	15.40248	266	0	0.043811	0.013323
1438.619999885559	30.326424	266	0	0.037735	0.013323
1440.6500000953674	27.214896	282	0	0.082437	0.013323
1444.0009999275208	4.3324	282	0	0.584754	0.013323
1444.5859999656677	9.477424	312	0	0.202001	0.013323
1446.619999885559	25.493608	316	0	0.104619	0.013323
1448.6189999580383	17.451152	320	0	0.207368	0.013323
1450.6460001468658	17.451152	320	0	0.156312	0.013323
1453.414999961853	9.676448	146	0	0.107451	0.013323
1454.6779999732971	7.350936	352	0	0.202073	0.013323
1457.9599997997284	15.164048	284	0	0.03094	0.013323
1459.2530000209808	25.244592	360	0	0.127778	0.013323
1460.6409997940063	0.1602	410	0	0.1027	0.013323
1462.6219999790192	4.7174	408	0	1.384783	0.013323
1465.683000087738	12.070368	248	0	0.172483	0.013323
1467.4879999160767	18.747928	246	0	0.09385	0.013323
1468.6210000514984	11.814672	258	0	0.101636	0.013323
1470.6210000514984	14.380656	270	0	0.045734	0.013323
1472.6219999790192	3.698512	186	0	0.306413	0.013323
1474.6219999790192	27.836448	298	0	0.072289	0.013323
1476.6409997940063	20.205824	330	0	0.156287	0.013323
1478.6159999370575	11.886656	274	0	0.222777	0.013323
1480.662999868393	20.399104	180	0	0.066982	0.013323
1482.6319999694824	1.89376	180	0	0.48167	0.013323
1484.62299990654	10.344368	234	0	0.092762	0.013323
1486.6319999694824	10.563384	238	0	0.035822	0.013323
1488.6159999370575	10.054976	238	0	0.114437	0.013323
1490.6249997615814	18.227816	154	0	0.030037	0.013323
1492.6189999580383	1.62176	226	0	0.677592	0.013323
1494.6189999580383	17.8192	146	0	0.078296	0.013323
1496.6150000095367	19.029432	142	0	0.043374	0.013323
1498.6579999923706	1.84312	282	0	0.256494	0.013323
1500.6470000743866	18.127592	282	0	0.169998	0.013323
1502.8669998645782	14.984696	222	0	0.123705	0.013323
