0.0	214.792832	420	0	0.017301	0.008173
0.05200004577636719	61.202248	420	7	0.022128	0.008173
0.09999990463256836	157.599096	406	0	0.020881	0.008173
0.1770000457763672	142.832112	406	0	0.019238	0.008173
0.26799988746643066	197.38172	344	0	0.019064	0.008173
0.3660001754760742	129.961248	382	0	0.01828	0.008173
0.4570002555847168	136.689	398	0	0.014088	0.008173
0.5489997863769531	190.893128	434	0	0.016599	0.008173
1.2699999809265137	157.802472	448	0	0.022324	0.008173
3.2829999923706055	171.540608	434	0	0.020991	0.008173
5.283999919891357	92.995912	408	0	0.045561	0.008173
7.260999917984009	158.380312	416	0	0.019624	0.008173
9.266999959945679	5.140448	438	0	0.022141	0.008173
11.259999990463257	33.93448	490	0	0.018917	0.008173
13.268999814987183	141.43052	410	0	0.01626	0.008173
15.263000011444092	157.860176	410	0	0.015388	0.008173
17.266000032424927	13.46976	464	0	0.017635	0.008173
19.263999938964844	132.774264	446	0	0.023816	0.008173
21.263999938964844	139.755904	446	0	0.022506	0.008173
23.26699995994568	229.771128	4	0	0.017766	0.008173
25.263000011444092	229.771128	462	0	0.016782	0.008173
27.272000074386597	160.670256	430	0	0.016595	0.008173
29.26200008392334	206.7588	430	0	0.020066	0.008173
31.272000074386597	24.79776	444	0	0.030044	0.008173
33.271000146865845	222.965616	420	0	0.021588	0.008173
35.26899981498718	2.158576	420	0	0.03087	0.008173
37.26300001144409	128.142888	404	0	0.023311	0.008173
39.3439998626709	128.142888	404	0	0.029627	0.008173
41.26200008392334	1.55756	240	0	0.028524	0.008173
43.26600003242493	79.676944	4	0	0.02287	0.008173
45.259000062942505	102.807616	200	0	0.016832	0.008173
47.276999950408936	88.390672	216	0	0.016947	0.008173
49.269999980926514	52.134672	216	0	0.024044	0.008173
51.27300024032593	92.271552	256	0	0.016401	0.008173
53.25999999046326	117.046288	256	0	0.016008	0.008173
55.263999938964844	2.410944	266	0	0.018705	0.008173
57.26200008392334	74.506312	252	0	0.016522	0.008173
59.26799988746643	6.325152	262	0	0.037927	0.008173
61.26600003242493	132.6568	262	0	0.020562	0.008173
63.26600003242493	121.203072	262	0	0.01737	0.008173
65.2720000743866	25.801144	264	0	0.02592	0.008173
67.26200008392334	131.447016	318	0	0.01618	0.008173
69.25999999046326	2.978848	318	0	0.020737	0.008173
71.26099991798401	119.149712	312	0	0.015968	0.008173
73.26600003242493	203.244128	418	0	0.014942	0.008173
75.26999998092651	173.466632	418	0	0.021566	0.008173
77.26399993896484	77.766048	416	0	0.0218	0.008173
79.26200008392334	1.6922	560	0	0.021126	0.008173
81.26500010490417	105.024032	576	0	0.061736	0.008173
83.26500010490417	2.380104	560	0	0.029909	0.008173
85.2720000743866	50.399536	418	0	0.022515	0.008173
87.26399993896484	132.380064	418	0	0.018044	0.008173
89.26099991798401	23.332384	398	0	0.024841	0.008173
91.27100014686584	194.719184	358	0	0.018435	0.008173
93.26099991798401	26.84588	434	0	0.018956	0.008173
95.26500010490417	215.978688	434	0	0.016134	0.008173
97.25999999046326	202.429224	450	0	0.023663	0.008173
99.26399993896484	138.404048	450	0	0.021772	0.008173
101.257000207901	129.555192	575	0	0.041403	0.008173
103.27600002288818	53.432208	268	0	0.028578	0.008173
105.27699995040894	49.265024	180	0	0.025548	0.008173
107.26200008392334	67.409912	174	0	0.019631	0.008173
109.25999999046326	63.138648	194	0	0.017921	0.008173
111.26799988746643	72.562576	222	0	0.017218	0.008173
113.26500010490417	93.334728	234	0	0.01574	0.008173
115.26300001144409	86.868568	226	0	0.016985	0.008173
117.26899981498718	2.019608	328	0	0.018433	0.008173
119.26099991798401	169.214928	322	0	0.01447	0.008173
121.26899981498718	108.4582	322	0	0.015019	0.008173
123.25999999046326	121.778072	344	0	0.018314	0.008173
125.26699995994568	209.42404	372	0	0.017974	0.008173
127.51199984550476	2.247568	414	0	0.017055	0.008173
129.26699995994568	200.585648	398	0	0.014427	0.008173
131.51600003242493	2.822096	460	0	0.023407	0.008173
133.51500010490417	206.663392	442	0	0.020319	0.008173
135.51699995994568	152.9414	462	0	0.022234	0.008173
137.51199984550476	133.566976	462	0	0.034522	0.008173
139.52300000190735	207.4006	4	0	0.01991	0.008173
141.51199984550476	13.949368	744	0	0.028938	0.008173
143.52100014686584	261.439152	726	0	0.032131	0.008173
145.30099987983704	26.377224	712	0	0.040722	0.008173
147.50999999046326	165.983664	610	0	0.023367	0.008173
149.51300024986267	180.591528	610	0	0.036272	0.008173
151.510999917984	10.460064	494	0	0.024175	0.008173
153.5199999809265	221.832784	474	0	0.017426	0.008173
155.51400017738342	5.690752	478	0	0.020883	0.008173
157.50799989700317	166.31412	492	0	0.021308	0.008173
159.51400017738342	172.031696	492	0	0.023566	0.008173
161.51699995994568	101.52456	446	0	0.048891	0.008173
163.51300024986267	146.009136	498	0	0.035509	0.008173
165.50899982452393	14.1998	398	0	0.030912	0.008173
167.53700017929077	104.016896	398	0	0.02847	0.008173
169.31000018119812	1.951888	398	0	0.027595	0.008173
171.51199984550476	68.345328	358	0	0.023395	0.008173
173.51199984550476	82.898496	298	0	0.020784	0.008173
175.52499985694885	15.619224	312	0	0.01781	0.008173
177.510999917984	129.548592	284	0	0.017733	0.008158
179.51199984550476	20.48452	312	0	0.017096	0.008158
181.50899982452393	114.865576	370	0	0.016068	0.008158
183.510999917984	163.92188	356	0	0.015083	0.008158
185.51300024986267	156.446576	366	0	0.021117	0.008158
187.510999917984	130.407056	573	0	0.035773	0.008158
189.50799989700317	2.184416	442	0	0.02882	0.008158
191.50899982452393	196.3062	422	0	0.016254	0.008158
193.51300024986267	3.387128	446	0	0.019376	0.008158
195.50799989700317	116.29688	446	0	0.019088	0.008158
197.518000125885	182.857136	464	0	0.018138	0.008158
199.50699996948242	23.020008	322	0	0.019871	0.008158
201.50899982452393	154.878232	310	0	0.017823	0.008158
203.50899982452393	18.12832	322	0	0.026728	0.008158
205.5220000743866	136.849976	312	0	0.020758	0.008158
207.50600004196167	79.776376	312	0	0.0187	0.008158
209.5199999809265	20.597632	274	0	0.022203	0.008158
211.51300024986267	97.765712	248	0	0.019024	0.008158
213.50600004196167	7.518008	298	0	0.019205	0.008158
215.55400013923645	99.745568	290	0	0.016592	0.008158
217.52300000190735	20.865016	343	0	0.018549	0.008158
219.51300024986267	145.305912	336	0	0.016565	0.008158
221.51500010490417	199.424584	370	0	0.015512	0.008158
223.51199984550476	81.386416	444	0	0.020247	0.008158
225.50799989700317	170.821464	418	0	0.018227	0.008158
227.50799989700317	35.640584	418	0	0.019688	0.008158
229.51199984550476	136.385568	414	0	0.01887	0.008158
231.50699996948242	82.387968	414	0	0.018602	0.008158
233.50799989700317	151.407472	414	0	0.01744	0.008158
235.50799989700317	102.908384	306	0	0.02017	0.008158
237.51500010490417	1.64756	332	0	0.025701	0.008158
239.5039999485016	75.75276	298	0	0.021916	0.008158
241.51699995994568	36.621352	276	0	0.0204	0.008158
243.51400017738342	121.175328	232	0	0.015419	0.008158
245.510999917984	79.837024	270	0	0.014786	0.008158
247.50899982452393	3.272544	300	0	0.01654	0.008158
249.50600004196167	121.347768	304	0	0.015445	0.008158
251.50500011444092	3.155328	316	0	0.017316	0.008158
253.51699995994568	116.348312	334	0	0.023238	0.008158
255.5039999485016	216.542272	418	0	0.017148	0.008158
257.5160000324249	2.854432	418	0	0.021759	0.008158
259.50600004196167	33.798864	418	0	0.022195	0.008158
261.50600004196167	2.303776	418	0	0.027817	0.008158
263.5079998970032	111.204088	216	0	0.023339	0.008158
265.5260000228882	33.730128	210	0	0.020073	0.008158
267.5089998245239	94.52636	210	0	0.018535	0.008158
269.5050001144409	128.445408	230	0	0.017318	0.008158
271.5150001049042	127.319264	230	0	0.019658	0.008158
273.5199999809265	115.150328	282	0	0.015823	0.008158
275.52699995040894	2.015216	290	0	0.019619	0.008158
277.51199984550476	81.223368	300	0	0.018312	0.008158
279.5050001144409	146.6528	464	0	0.024884	0.008158
281.5039999485016	85.899912	462	0	0.027963	0.008158
283.5150001049042	118.214896	286	0	0.024007	0.008158
285.50099992752075	8.742088	274	0	0.019798	0.008158
287.5079998970032	108.642432	236	0	0.017052	0.008158
289.5069999694824	77.42816	236	0	0.027161	0.008158
291.5069999694824	101.055296	276	0	0.019907	0.008158
293.50600004196167	103.040024	266	0	0.021273	0.008158
295.50600004196167	36.521632	280	0	0.018503	0.008158
297.5150001049042	128.704296	4	0	0.020287	0.008158
299.5140001773834	37.397896	396	0	0.023793	0.008158
301.5310001373291	124.856632	302	0	0.018172	0.008158
303.5050001144409	72.08432	250	0	0.019919	0.008158
305.50999999046326	19.070552	276	0	0.019624	0.008158
307.5169999599457	133.447368	256	0	0.018892	0.008158
309.50600004196167	124.623632	258	0	0.016454	0.008158
311.50999999046326	119.932944	258	0	0.029475	0.008158
313.5020000934601	24.418784	310	0	0.019987	0.008158
315.5089998245239	118.605408	302	0	0.017249	0.008158
317.5039999485016	68.83688	302	0	0.018921	0.008158
319.50300002098083	3.135464	306	0	0.017567	0.008158
321.5050001144409	108.64872	302	0	0.017868	0.008158
323.5020000934601	2.220432	296	0	0.018936	0.008158
325.50300002098083	56.755672	308	0	0.01805	0.008158
327.5039999485016	2.83904	370	0	0.018821	0.008158
329.5169999599457	66.840656	370	0	0.017769	0.008158
331.50600004196167	32.99512	148	0	0.024413	0.008158
333.50300002098083	53.421992	130	0	0.017364	0.008158
335.5079998970032	52.262576	132	0	0.016331	0.008158
337.5079998970032	39.913544	120	0	0.018017	0.008158
339.51199984550476	24.0818	120	0	0.020569	0.008158
341.50300002098083	64.468232	120	0	0.017608	0.008158
343.50600004196167	27.667184	134	0	0.01744	0.008158
345.5079998970032	52.556728	140	0	0.019996	0.008158
347.50600004196167	70.143256	168	0	0.017028	0.008158
349.50600004196167	70.143256	168	0	0.017489	0.008158
351.5039999485016	63.012968	164	0	0.01666	0.008158
353.5169999599457	73.409376	164	0	0.016717	0.008158
355.5020000934601	73.409376	162	0	0.016533	0.008158
357.50099992752075	73.409376	164	0	0.020617	0.008158
359.5089998245239	73.409376	164	0	0.020013	0.008158
361.50999999046326	73.409376	164	0	0.023991	0.008158
363.5050001144409	73.409376	164	0	0.023041	0.008158
365.5169999599457	73.409376	164	0	0.021095	0.008158
367.5020000934601	73.409376	158	0	0.019843	0.008158
369.5089998245239	73.409376	156	0	0.020715	0.008158
371.510999917984	35.117288	146	0	0.019904	0.008158
373.5039999485016	35.117288	146	0	0.0208	0.008158
375.50999999046326	35.117288	146	0	0.020152	0.008158
377.5050001144409	39.725928	140	0	0.02249	0.008158
379.75400018692017	39.725928	140	0	0.02073	0.008158
381.75999999046326	46.45132	140	0	0.018029	0.008158
383.510999917984	46.45132	140	0	0.019115	0.008158
385.5199999809265	46.45132	144	0	0.019738	0.008158
387.7660000324249	46.45132	144	0	0.018583	0.008158
389.7479999065399	36.315528	140	0	0.024313	0.008158
391.7630000114441	62.710368	168	0	0.021458	0.008158
393.7569999694824	44.736776	176	0	0.022586	0.008158
395.7530002593994	53.928832	182	0	0.01671	0.008158
397.7590000629425	66.73852	170	0	0.014322	0.008158
399.5510001182556	98.281472	206	0	0.021199	0.008158
401.75099992752075	98.281472	212	0	0.01999	0.008158
403.75600004196167	59.988728	212	0	0.017245	0.008158
405.75999999046326	24.673904	212	0	0.017688	0.008158
407.7550001144409	59.089296	110	0	0.016312	0.008158
409.75099992752075	59.089296	122	0	0.015612	0.008158
411.7530002593994	59.089296	122	0	0.015625	0.008158
413.75400018692017	37.098096	114	0	0.017562	0.008158
415.75	37.098096	114	0	0.016298	0.008158
417.75800013542175	37.098096	114	0	0.020454	0.008158
419.75099992752075	31.263216	114	0	0.020117	0.008158
421.75800013542175	31.263216	108	0	0.018823	0.008158
423.75800013542175	32.602592	108	0	0.017375	0.008158
425.7660000324249	35.2842	108	0	0.017188	0.008158
427.75	35.2842	108	0	0.016474	0.008158
429.7550001144409	35.2842	108	0	0.016645	0.008158
431.75	35.2842	124	0	0.016079	0.008158
433.75400018692017	35.2842	108	0	0.016981	0.008158
435.7610001564026	35.531824	78	0	0.018219	0.008158
437.7519998550415	26.62988	86	0	0.02049	0.008158
439.75099992752075	43.419248	100	0	0.021497	0.008158
441.7519998550415	52.180176	100	0	0.020839	0.008158
443.75800013542175	54.732	104	0	0.019046	0.008158
445.7519998550415	39.580864	110	0	0.01895	0.008158
447.7530002593994	22.742096	110	0	0.032279	0.008158
449.7519998550415	37.676112	94	0	0.022923	0.008158
451.7649998664856	34.715456	124	0	0.018384	0.008158
453.7550001144409	24.780968	124	0	0.031975	0.008158
455.75800013542175	41.83164	128	0	0.023564	0.008158
457.75	49.412456	126	0	0.017068	0.008158
459.75	52.1606	150	0	0.015295	0.008158
461.8049998283386	79.475616	156	0	0.0173	0.008158
463.75600004196167	62.375384	150	0	0.016762	0.008158
465.7519998550415	46.158376	150	0	0.016611	0.008158
467.7530002593994	71.882024	160	0	0.01618	0.008158
469.7669999599457	66.665312	234	0	0.025957	0.008158
471.7649998664856	82.40396	152	0	0.017279	0.008158
473.75	72.091272	166	0	0.016286	0.008158
475.7530002593994	42.312552	160	0	0.01851	0.008158
477.7569999694824	49.356464	160	0	0.020828	0.008161
479.75400018692017	16.196168	160	0	0.027763	0.008161
481.76900005340576	68.582656	170	0	0.019915	0.008161
483.7550001144409	26.515896	294	0	0.024585	0.008161
485.75400018692017	41.092584	254	0	0.022721	0.008161
487.7479999065399	43.484648	174	0	0.021456	0.008161
489.75600004196167	43.484648	180	0	0.020162	0.008161
491.75400018692017	49.33528	174	0	0.019735	0.008161
493.75099992752075	71.205184	182	0	0.017898	0.008161
495.75800013542175	50.327224	190	0	0.021588	0.008161
497.75600004196167	78.63812	202	0	0.020162	0.008161
499.75099992752075	49.223792	202	0	0.020651	0.008161
501.75099992752075	81.585224	222	0	0.02012	0.008161
503.74500012397766	81.585224	216	0	0.021461	0.008161
505.75	114.24656	224	0	0.020479	0.008161
507.75400018692017	75.293888	210	0	0.018007	0.008161
509.7590000629425	92.635248	204	0	0.016989	0.008161
511.7590000629425	100.226576	204	0	0.017264	0.008161
513.7550001144409	54.033728	210	0	0.019704	0.008161
515.7530002593994	42.230504	196	0	0.020798	0.008161
517.75	98.11624	220	0	0.037337	0.008161
519.7560000419617	73.020672	220	0	0.021837	0.008161
521.7489998340607	95.769696	212	0	0.017883	0.008161
523.7690000534058	79.449464	258	0	0.018105	0.008161
525.7540001869202	60.077792	246	0	0.017162	0.008161
527.7599999904633	80.749856	246	0	0.020658	0.008161
529.7569999694824	6.077912	256	0	0.019975	0.008161
531.7550001144409	115.101288	212	0	0.019758	0.008161
533.7469999790192	86.435584	212	0	0.016933	0.008161
535.7489998340607	55.817064	274	0	0.022273	0.008161
537.7610001564026	117.47064	332	0	0.023328	0.008161
539.7469999790192	110.531632	320	0	0.024301	0.008161
541.7580001354218	117.617096	294	0	0.020531	0.008161
543.75	1.038456	286	0	0.029561	0.008161
545.7660000324249	52.46644	294	0	0.032733	0.008161
547.7469999790192	49.604768	286	0	0.030862	0.008161
549.7479999065399	9.897792	146	0	0.031541	0.008161
551.7519998550415	52.101944	132	0	0.019814	0.008161
553.7599999904633	41.22008	138	0	0.019536	0.008161
555.7740001678467	62.985736	136	0	0.015915	0.008161
557.7489998340607	68.49272	136	0	0.018967	0.008161
559.7590000629425	37.057816	142	0	0.021968	0.008161
561.7489998340607	80.11988	178	0	0.020166	0.008161
563.7489998340607	58.786184	178	0	0.020353	0.008161
565.75	58.175256	196	0	0.018672	0.008161
567.7489998340607	47.191336	182	0	0.018527	0.008161
569.75	36.334984	188	0	0.033371	0.008161
571.7560000419617	31.294312	150	0	0.025971	0.008161
573.7599999904633	67.449384	160	0	0.021345	0.008161
575.7530002593994	83.686904	166	0	0.017877	0.008161
577.7560000419617	45.571	190	0	0.017705	0.008161
579.7469999790192	72.2278	216	0	0.01794	0.008161
581.7479999065399	44.624616	226	0	0.022011	0.008161
583.7530002593994	89.535472	248	0	0.018627	0.008161
585.7560000419617	32.868232	256	0	0.026409	0.008161
587.7469999790192	81.273144	218	0	0.021312	0.008161
589.7569999694824	80.52224	212	0	0.020202	0.008161
591.7550001144409	33.792744	254	0	0.018795	0.008161
593.7489998340607	59.898616	254	0	0.025211	0.008161
595.7489998340607	68.679032	292	0	0.0237	0.008161
597.7760000228882	25.199344	292	0	0.027655	0.008161
599.7450001239777	97.802888	292	0	0.020956	0.008161
601.7550001144409	3.09236	248	0	0.021022	0.008161
603.7550001144409	71.402168	258	0	0.023952	0.008161
605.7540001869202	121.91104	270	0	0.018585	0.008161
607.7550001144409	18.436416	270	0	0.022969	0.008161
609.7509999275208	26.328264	473	0	0.033914	0.008161
611.7460000514984	3.146536	330	0	0.02744	0.008161
613.7469999790192	86.38164	160	0	0.022424	0.008161
615.7639999389648	56.829728	166	0	0.024235	0.008161
617.7580001354218	67.41588	160	0	0.028442	0.008161
619.7550001144409	40.163144	166	0	0.033138	0.008161
621.7599999904633	40.334608	134	0	0.024655	0.008161
623.7469999790192	64.283224	176	0	0.029831	0.008161
